THIS RUN IS USING general
Fri 18 Oct 2024 02:33:00 AM UTC
num_nodes: 24 ntasks: 24 cpus_per_task:
Line 63 replaced with: OutputFile='/hppfs/scratch/01/di35poq/haiti-rupture-outputs/dynamic-rupture-outputs/regional-only/jobid_4043332'
Job log complete.
Starting SeisSol...
Fri Oct 18 04:33:01, Info:  Using the parameter file parameters.par 
Fri Oct 18 04:33:01, Info:  Reading SeisSol parameter file... 
Fri Oct 18 04:33:01, Info:  In your parameter file, you have specified a non-positive interval for "checkpointinterval" . This mechanism is deprecated and may be removed in a future version of SeisSol. Consider disabling the whole module by setting "checkpoint" to 0 instead by adding "checkpoint = 0" to the "output" section of your parameter file instead. 
Fri Oct 18 04:33:01, Info:  The field "printintervalcriterion" is no longer in use. You may safely remove it from your parameters file. 
Fri Oct 18 04:33:01, Info:  Disabling the wavefield output by setting "outputformat = 10" is deprecated and may be removed in a future version of SeisSol. Consider using the parameter "wavefieldoutput" instead. To disable wavefield output, add "wavefieldoutput = 0" to the "output" section of your parameters file. 
Fri Oct 18 04:33:01, Info:  The field "printintervalcriterion" is no longer in use. You may safely remove it from your parameters file. 
Fri Oct 18 04:33:01, Info:  The field "pickdttype" is no longer in use. You may safely remove it from your parameters file. 
Fri Oct 18 04:33:01, Info:  The field "faultoutputflag" is no longer in use. You may safely remove it from your parameters file. 
Fri Oct 18 04:33:01, Info:  The field "boundaries" is no longer in use. You may safely remove it from your parameters file. 
Fri Oct 18 04:33:01, Info:  SeisSol parameter file read successfully. 
Fri Oct 18 04:33:01, Info:  Model information: 
Fri Oct 18 04:33:01, Info:  Elastic model: yes 
Fri Oct 18 04:33:01, Info:  Viscoelastic model: no 
Fri Oct 18 04:33:01, Info:  Anelastic model: no 
Fri Oct 18 04:33:01, Info:  Poroelastic model: no 
Fri Oct 18 04:33:01, Info:  Anisotropic model: no 
Fri Oct 18 04:33:01, Info:  Plasticity: no 
Fri Oct 18 04:33:01, Info:  Welcome to SeisSol 
Fri Oct 18 04:33:01, Info:  Copyright (c) 2012 - 2024  SeisSol Group 
Fri Oct 18 04:33:01, Info:  Version: v1.1.4-148-g60aedc8c (dirty) 
Fri Oct 18 04:33:01, Info:  Built on: Jun 17 2024 21:03:35 
Fri Oct 18 04:33:01, Info:  Last commit: 60aedc8c2ae0a5d9e5a46cc3a40e4eaf1c047225 at 2024-06-06T12:54:08+00:00 
Fri Oct 18 04:33:01, Info:  Compiled with HOST_ARCH = skx 
Fri Oct 18 04:33:01, Info:  Running on (rank=0): "i05r05c05s06" 
Fri Oct 18 04:33:01, Info:  Using MPI with #ranks: 24 
Fri Oct 18 04:33:01, Info:  Node-wide (shared memory) MPI with #ranks/node: 1 
Fri Oct 18 04:33:01, Info:  Using asynchronous MPI routines. 
Fri Oct 18 04:33:01, Info:  Using OMP with #threads/rank: 94 
Fri Oct 18 04:33:01, Info:  OpenMP worker affinity (this process): "0123456789|0123456789|0123456789|0123456789|0123456-89|0123456789|0123456789|0123456789|0123456789|01234-" 
Fri Oct 18 04:33:01, Info:  OpenMP worker affinity (this node)   : "0123456789|0123456789|0123456789|0123456789|0123456-89|0123456789|0123456789|0123456789|0123456789|01234-" 
Fri Oct 18 04:33:01, Info:  Using a communication thread for advancing MPI communication. 
Fri Oct 18 04:33:01, Info:  Communication thread affinity        : "----------|----------|----------|----------|-------7--|----------|----------|----------|----------|-----5" 
Fri Oct 18 04:33:01, Info:  The stack size ulimit is 2097152 [kiB] ( = 2.0000 GiB ). 
Fri Oct 18 04:33:01, Info:  Begin init mesh. 
Fri Oct 18 04:33:01, Info:  Mesh file: "/dss/dsshome1/01/di35poq/mesh/mesh_v07/Haiti_v07_lowres" 
Fri Oct 18 04:33:01, Info:  Running mini SeisSol to determine node weights. 
Fri Oct 18 04:33:01, Info:  miniSeisSol configured with 50000 elements and 10 repeats per process 
Fri Oct 18 04:33:01, Info:  Node weights: mean = 41.3828  std = 0.443609  min = 40.5352  median = 41.613  max = 42.0029 
Fri Oct 18 04:33:01, Info:  Reading PUML mesh 
Fri Oct 18 04:33:01, Info:  Inferring boundary format. 
Fri Oct 18 04:33:01, Info:  Boundary format not given in PUML file; inferring from array shape. 
Fri Oct 18 04:33:01, Info:  Using boundary format: i32 (4xi8) 
Fri Oct 18 04:33:01, Info:  Found 2685422 cells 
Fri Oct 18 04:33:01, Info:  Found 477078 vertices 
Fri Oct 18 04:33:03, Info:  Computing LTS weights. 
Fri Oct 18 04:33:05, Info:  Limiting number of clusters to 2147483646 
Fri Oct 18 04:33:05, Info:  Computing LTS weights. Done.  (108213 reductions.)
Fri Oct 18 04:33:05, Info:  Using the Parmetis partition library and strategy. 
Fri Oct 18 04:33:07, Info:  PUML mesh read in: 5.4039 s (min: 5.2754 s, max: 5.5412 s)
Fri Oct 18 04:33:07, Info:  The mesh has been read. Starting post processing. 
Fri Oct 18 04:33:07, Info:  Extracting fault information. 
Fri Oct 18 04:33:07, Info:  Exchanging ghostlayer metadata. 
Fri Oct 18 04:33:08, Info:  Mesh initialized in: 7.0077 s (min: 7.0074 s, max: 7.0082 s)
Fri Oct 18 04:33:08, Info:  End init mesh. 
Fri Oct 18 04:33:08, Info:  Begin init model. 
Fri Oct 18 04:33:08, Info:  Initialize LTS. 
Fri Oct 18 04:33:08, Info:  Deriving clusters ids for min. time step width / multiRate: 0.000213316 / 2 
Fri Oct 18 04:33:08, Info:  Due to wiggle factor of 1 the minimum timestep size is reduced to 0.000213316 
Fri Oct 18 04:33:08, Info:  Number of elements in time clusters: 
Fri Oct 18 04:33:08, Info:  0: 2088 
Fri Oct 18 04:33:08, Info:  1: 265401 
Fri Oct 18 04:33:08, Info:  2: 1618976 
Fri Oct 18 04:33:08, Info:  3: 538212 
Fri Oct 18 04:33:08, Info:  4: 147352 
Fri Oct 18 04:33:08, Info:  5: 35652 
Fri Oct 18 04:33:08, Info:  6: 11329 
Fri Oct 18 04:33:08, Info:  7: 18592 
Fri Oct 18 04:33:08, Info:  8: 47781 
Fri Oct 18 04:33:08, Info:  9: 39 
Fri Oct 18 04:33:08, Info:  maximum theoretical speedup (compared to GTS): 6.4313 per cell LTS, 4.34786 with the used clustering. 
Fri Oct 18 04:33:08, Info:  Number of elements in dynamic rupture time clusters: 
Fri Oct 18 04:33:08, Info:  0 (dr): 618 
Fri Oct 18 04:33:08, Info:  1 (dr): 78875 
Fri Oct 18 04:33:08, Info:  2 (dr): 310173 
Fri Oct 18 04:33:08, Info:  3 (dr): 2510 
Fri Oct 18 04:33:08, Info:  4 (dr): 0 
Fri Oct 18 04:33:08, Info:  5 (dr): 0 
Fri Oct 18 04:33:08, Info:  6 (dr): 0 
Fri Oct 18 04:33:08, Info:  7 (dr): 0 
Fri Oct 18 04:33:08, Info:  8 (dr): 0 
Fri Oct 18 04:33:08, Info:  9 (dr): 0 
Fri Oct 18 04:33:08, Info:  Initialize Friction Model 
Fri Oct 18 04:33:09, Info:  Initialize cell material parameters. 
Fri Oct 18 04:33:10, Info:  Initialize Memory layout. 
Fri Oct 18 04:33:11, Info:  Initialize cell-local matrices. 
Fri Oct 18 04:33:11, Info:  Initializing Fault, using a quadrature rule with  25  points. 
Fri Oct 18 04:35:19, Info:  Model initialized in: 2 min 10.6047 s (min: 2 min 10.6033 s, max: 2 min 10.6087 s)
Fri Oct 18 04:35:19, Info:  End init model. 
Fri Oct 18 04:35:19, Info:  Setting initial conditions. 
Fri Oct 18 04:35:19, Info:  Using initial condition "Zero" . 
Fri Oct 18 04:35:19, Info:  Reading source. 
Fri Oct 18 04:35:19, Info:  No source term specified. 
Fri Oct 18 04:35:19, Info:  Setting up boundary conditions. 
Fri Oct 18 04:35:19, Info:  Begin init output. 
Fri Oct 18 04:35:19, Info:  Initializing free surface integrator. 
Fri Oct 18 04:35:19, Info:  Initializing free surface integrator. Done. 
Fri Oct 18 04:35:19, Info:  Enabling 2D fault output 
Fri Oct 18 04:35:19, Info:  Initializing Fault output. Number of sub-triangles: 4 
Fri Oct 18 04:35:19, Info:  Initializing XDMF fault output. 
Fri Oct 18 04:35:19, Info:  Fault writer thread affinity: "----------|----------|----------|----------|-------7--|----------|----------|----------|----------|-----5" 
Fri Oct 18 04:35:19, Info:  Initializing XDMF fault output. Done. 
Fri Oct 18 04:35:19, Info:  Initializing free surface output. 
Fri Oct 18 04:35:19, Info:  Free surface writer thread affinity: "----------|----------|----------|----------|-------7--|----------|----------|----------|----------|-----5" 
Fri Oct 18 04:35:19, Info:  Initializing free surface output. Done. 
Fri Oct 18 04:35:19, Info:  No record points read. 
Fri Oct 18 04:35:19, Info:  Finding meshIds for receivers... 
Fri Oct 18 04:35:19, Info:  Cleaning possible double occurring receivers for MPI... 
Fri Oct 18 04:35:19, Info:  Mapping receivers to LTS cells... 
Fri Oct 18 04:35:19, Info:  Initializing energy output. 
Fri Oct 18 04:35:19, Info:  End init output. 
Fri Oct 18 04:35:19, Info:  Finishing initialization... 
Fri Oct 18 04:35:19, Info:  Starting simulation. 
Fri Oct 18 04:35:19, Info:  Writing faultoutput at time 0.
Fri Oct 18 04:35:19, Info:  Writing faultoutput at time 0. Done.
Fri Oct 18 04:35:19, Info:  Writing free surface at time 0.
Fri Oct 18 04:35:19, Info:  Writing free surface at time 0. Done.
Fri Oct 18 04:35:19, Info:  Writing energy output at time 0 
Fri Oct 18 04:35:19, Info:  Total momentum (X, Y, Z): 0  , 0  , 0 
Fri Oct 18 04:35:19, Info:  Writing energy output at time 0 Done. 
Fri Oct 18 04:35:19, Info:  Time spent for initial IO: 35.2268 ms (min: 27.5281 ms, max: 46.4936 ms)
Fri Oct 18 04:35:38, Info:  Writing faultoutput at time 0.5.
Fri Oct 18 04:35:38, Info:  Writing faultoutput at time 0.5. Done.
Fri Oct 18 04:35:38, Info:  Writing energy output at time 0.5 
Fri Oct 18 04:35:38, Info:  Elastic energy (total, % kinematic, % potential):  7.79463e+12  , 30.2448  , 69.7552 
Fri Oct 18 04:35:38, Info:  Total momentum (X, Y, Z): -0.0381367  , 0.000943745  , 0.0205898 
Fri Oct 18 04:35:38, Info:  Frictional work (total, % static, % radiated):  7.8295e+12  , 69.826  , 30.174 
Fri Oct 18 04:35:38, Info:  Seismic moment (without plasticity): 4.28961e+16  Mw: 5.01828 
Fri Oct 18 04:35:38, Info:  Writing energy output at time 0.5 Done. 
Fri Oct 18 04:35:38, Info:  Time spent this phase (total): 18.9245 s (min: 18.8991 s, max: 18.9401 s)
Fri Oct 18 04:35:38, Info:  Time spent this phase (compute): 18.8893 s (min: 18.8676 s, max: 18.9107 s)
Fri Oct 18 04:35:38, Info:  Time spent this phase (IO): 32.1849 ms (min: 26.1177 ms, max: 49.1721 ms)
Fri Oct 18 04:35:38, Info:  Performance since the start: 13.3047 TFLOP/s (rank 0: 552.3968 GFLOP/s , average over ranks: 554.3618 GFLOP/s ) 
Fri Oct 18 04:35:38, Info:  Performance since last sync point: 13.3047 TFLOP/s (rank 0: 552.3968 GFLOP/s , average over ranks: 554.3618 GFLOP/s ) 
Fri Oct 18 04:35:57, Info:  Writing faultoutput at time 1.
Fri Oct 18 04:35:57, Info:  Writing faultoutput at time 1. Done.
Fri Oct 18 04:35:57, Info:  Writing free surface at time 1.
Fri Oct 18 04:35:57, Info:  Writing free surface at time 1. Done.
Fri Oct 18 04:35:57, Info:  Wrote receivers in 2.96e-07 seconds. 
Fri Oct 18 04:35:57, Info:  Writing energy output at time 1 
Fri Oct 18 04:35:57, Info:  Elastic energy (total, % kinematic, % potential):  1.28838e+14  , 35.0395  , 64.9605 
Fri Oct 18 04:35:57, Info:  Total momentum (X, Y, Z): 1.35417  , -0.239539  , 1.23855 
Fri Oct 18 04:35:57, Info:  Frictional work (total, % static, % radiated):  1.30743e+14  , 59.6405  , 40.3595 
Fri Oct 18 04:35:57, Info:  Seismic moment (without plasticity): 5.61921e+17  Mw: 5.76312 
Fri Oct 18 04:35:57, Info:  Writing energy output at time 1 Done. 
Fri Oct 18 04:35:57, Info:  Time spent this phase (total): 18.5671 s (min: 18.5470 s, max: 18.5783 s)
Fri Oct 18 04:35:57, Info:  Time spent this phase (compute): 18.5669 s (min: 18.5469 s, max: 18.5782 s)
Fri Oct 18 04:35:57, Info:  Time spent this phase (IO): 35.7088 ms (min: 26.3401 ms, max: 71.7725 ms)
Fri Oct 18 04:35:57, Info:  Performance since the start: 13.4315 TFLOP/s (rank 0: 557.7231 GFLOP/s , average over ranks: 559.6462 GFLOP/s ) 
Fri Oct 18 04:35:57, Info:  Performance since last sync point: 13.5608 TFLOP/s (rank 0: 563.1531 GFLOP/s , average over ranks: 565.0327 GFLOP/s ) 
Fri Oct 18 04:35:57, Info:  Ignoring duplicate synchronisation point at time 1 ; the last sync point was at  1 
Fri Oct 18 04:35:57, Info:  Ignoring duplicate synchronisation point at time 1 ; the last sync point was at  1 
Fri Oct 18 04:35:57, Info:  Ignoring duplicate synchronisation point at time 1 ; the last sync point was at  1 
Fri Oct 18 04:35:57, Info:  Ignoring duplicate synchronisation point at time 1 ; the last sync point was at  1 
Fri Oct 18 04:35:57, Info:  Simulation time (total): 37.4918 s (min: 37.4723 s, max: 37.5193 s)
Fri Oct 18 04:35:57, Info:  Simulation time (compute): 37.3884 s (min: 37.3510 s, max: 37.4207 s)
Fri Oct 18 04:35:57, Info:  Simulation time (IO): 102.9786 ms (min: 79.8691 ms, max: 163.4444 ms)
Fri Oct 18 04:35:57, Info:  Time spent in compute kernels: mean = 34.884  std = 0.926003  min = 32.3651  median = 34.8404  max = 36.3528 
Fri Oct 18 04:35:57, Info:  Load imbalance: 4.04051 % 
Fri Oct 18 04:35:57, Info:  Regression analysis of compute kernels: 
Fri Oct 18 04:35:57, Info:  "computeLocalIntegration" (total time): 249.544 s ( = 4 min 9.5444 s ) 
Fri Oct 18 04:35:57, Info:  "computeLocalIntegration" ( constant ): 2.21667e-05 (sample size: 387900 , standard error: 3.41808e-11 ) 
Fri Oct 18 04:35:57, Info:  "computeLocalIntegration" ( per element ): 8.31306e-08 (sample size: 387900 , standard error: 3.41808e-11 ) 
Fri Oct 18 04:35:57, Info:  "computeNeighboringIntegration" (total time): 313.123 s ( = 5 min 13.1231 s ) 
Fri Oct 18 04:35:57, Info:  "computeNeighboringIntegration" ( constant ): 0.000108716 (sample size: 387900 , standard error: 3.18785e-11 ) 
Fri Oct 18 04:35:57, Info:  "computeNeighboringIntegration" ( per element ): 9.34832e-08 (sample size: 387900 , standard error: 3.18785e-11 ) 
Fri Oct 18 04:35:57, Info:  "computeDynamicRupture" (total time): 274.548 s ( = 4 min 34.5476 s ) 
Fri Oct 18 04:35:57, Info:  "computeDynamicRupture" ( constant ): 7.13231e-05 (sample size: 299446 , standard error: 2.12254e-10 ) 
Fri Oct 18 04:35:57, Info:  "computeDynamicRupture" ( per element ): 4.58036e-07 (sample size: 299446 , standard error: 2.12254e-10 ) 
Fri Oct 18 04:35:57, Info:  "computePointSources" (total time): 0 s ( = 0.0000 s ) 
Fri Oct 18 04:35:57, Info:  "computePointSources" ( constant ): -nan (sample size: 0 , standard error: -nan ) 
Fri Oct 18 04:35:57, Info:  "computePointSources" ( per element ): -nan (sample size: 0 , standard error: -nan ) 
Fri Oct 18 04:35:57, Info:  Total time spent in compute kernels: 837.215 s ( = 13 min 57.2151 s ) 
Fri Oct 18 04:35:57, Info:  Total calculated HW-FLOP:  503.5682 TFLOP 
Fri Oct 18 04:35:57, Info:  Total calculated NZ-FLOP:  201.3084 TFLOP 
Fri Oct 18 04:35:57, Info:  Total calculated HW-FLOP/s:  13.4216 TFLOP/s 
Fri Oct 18 04:35:57, Info:  Total calculated NZ-FLOP/s:  5.3655 TFLOP/s 
Fri Oct 18 04:35:57, Info:  WP calculated HW-FLOP:  417.2185 TFLOP 
Fri Oct 18 04:35:57, Info:  WP calculated NZ-FLOP:  137.1038 TFLOP 
Fri Oct 18 04:35:57, Info:  DR calculated HW-FLOP:  86.3497 TFLOP 
Fri Oct 18 04:35:57, Info:  DR calculated NZ-FLOP:  64.2046 TFLOP 
Fri Oct 18 04:35:57, Info:  PL calculated HW-FLOP:  0.0000 FLOP 
Fri Oct 18 04:35:57, Info:  PL calculated NZ-FLOP:  0.0000 FLOP 
Fri Oct 18 04:35:57, Info:  Time spent in simulation: 37.5201 s (min: 37.5199 s, max: 37.5243 s)
Fri Oct 18 04:35:57, Info:  Simulation done. 
Fri Oct 18 04:35:57, Info:  Closing IO. 
Fri Oct 18 04:35:58, Info:  Time fault writer backend: 353.2294 ms (min: 194.0245 ms, max: 3.0741 s)
Fri Oct 18 04:35:58, Info:  Time fault writer frontend: 2.2402 ms (min: 1.9009 ms, max: 2.5930 ms)
Fri Oct 18 04:35:58, Info:  Time free surface writer backend: 116.0616 ms (min: 70.1830 µs, max: 1.3976 s)
Fri Oct 18 04:35:58, Info:  Time free surface writer frontend: 612.9110 µs (min: 35.7540 µs, max: 3.9000 ms)
Fri Oct 18 04:35:58, Info:  SeisSol done. Goodbye. 
SeisSol complete.
/hppfs/scratch/01/di35poq/haiti-rupture-outputs/dynamic-rupture-outputs/regional-only/jobid_4043332 ~/haiti-rupture-inputs/dynamic-rupture/regional-only/automated-runs/shmax_nu_suite/job_SHmax_70.0_nu_0.5
Writing hdf5 output with compression enabled (compression_level=4). 
Use --compression=0 if you want to speed-up data extraction.
u1: 0it [00:00, ?it/s]u1: 1it [00:00, 165.57it/s]
u2: 0it [00:00, ?it/s]u2: 1it [00:00, 10.59it/s]
u3: 0it [00:00, ?it/s]u3: 1it [00:00, 174.36it/s]
done writing output_jobid_4043332_extracted-surface.h5
done writing output_jobid_4043332_extracted-surface.xdmf
full path: /hppfs/scratch/01/di35poq/haiti-rupture-outputs/dynamic-rupture-outputs/regional-only/jobid_4043332/output_jobid_4043332_extracted-surface.xdmf
Working on JobID: 4043332
No matching file found for jobid 4043332. Assigning output-fault.xdmf instead
/hppfs/scratch/01/di35poq/haiti-rupture-outputs/dynamic-rupture-outputs/regional-only/jobid_4043332/output-fault.xdmf
warning: Mw computed over 0-85s (avoiding contribution of small residual moment after rupture)
jobid_4043332 moment magnitude: 5.763116841843534 (M0 = 5.6192e+17)
Finished writing /hppfs/scratch/01/di35poq/haiti-rupture-outputs/dynamic-rupture-outputs/regional-only/jobid_4043332/moment_rate_mainshock.png
Looking for output-fault.xdmf
mu_s: 0.6
mu_d: 0.2
done writing /hppfs/scratch/01/di35poq/haiti-rupture-outputs/dynamic-rupture-outputs/regional-only/jobid_4043332/output_jobid_4043332_extracted-fault.xdmf
full path: /hppfs/scratch/01/di35poq/haiti-rupture-outputs/dynamic-rupture-outputs/regional-only/jobid_4043332/output_jobid_4043332_extracted-fault.xdmf
done writing /hppfs/scratch/01/di35poq/haiti-rupture-outputs/dynamic-rupture-outputs/regional-only/jobid_4043332/output_jobid_4043332_extracted-fault.h5
Job ID set as: 4043332
mu_s: 0.6
mu_d: 0.2
~/haiti-rupture-inputs/dynamic-rupture/regional-only/automated-runs/shmax_nu_suite/job_SHmax_70.0_nu_0.5
