Wed 04 Sep 2024 06:43:09 PM UTC
num_nodes: 16 ntasks: 16 cpus_per_task:
Line 63 replaced with: OutputFile='/hppfs/scratch/01/di35poq/haiti-rupture-outputs/dynamic-rupture-outputs/combined_FL33-regional/jobid_3879036'
Job log complete.
Starting SeisSol...
Wed Sep 04 20:43:10, Info:  Using the parameter file parameters.par 
Wed Sep 04 20:43:10, Info:  Reading SeisSol parameter file... 
Wed Sep 04 20:43:10, Info:  In your parameter file, you have specified a non-positive interval for "checkpointinterval" . This mechanism is deprecated and may be removed in a future version of SeisSol. Consider disabling the whole module by setting "checkpoint" to 0 instead by adding "checkpoint = 0" to the "output" section of your parameter file instead. 
Wed Sep 04 20:43:10, Info:  The field "printintervalcriterion" is no longer in use. You may safely remove it from your parameters file. 
Wed Sep 04 20:43:10, Info:  Disabling the wavefield output by setting "outputformat = 10" is deprecated and may be removed in a future version of SeisSol. Consider using the parameter "wavefieldoutput" instead. To disable wavefield output, add "wavefieldoutput = 0" to the "output" section of your parameters file. 
Wed Sep 04 20:43:10, Info:  The field "printintervalcriterion" is no longer in use. You may safely remove it from your parameters file. 
Wed Sep 04 20:43:10, Info:  The field "pickdttype" is no longer in use. You may safely remove it from your parameters file. 
Wed Sep 04 20:43:10, Info:  The field "faultoutputflag" is no longer in use. You may safely remove it from your parameters file. 
Wed Sep 04 20:43:10, Info:  The field "boundaries" is no longer in use. You may safely remove it from your parameters file. 
Wed Sep 04 20:43:10, Info:  SeisSol parameter file read successfully. 
Wed Sep 04 20:43:10, Info:  Model information: 
Wed Sep 04 20:43:10, Info:  Elastic model: yes 
Wed Sep 04 20:43:10, Info:  Viscoelastic model: no 
Wed Sep 04 20:43:10, Info:  Anelastic model: no 
Wed Sep 04 20:43:10, Info:  Poroelastic model: no 
Wed Sep 04 20:43:10, Info:  Anisotropic model: no 
Wed Sep 04 20:43:10, Info:  Plasticity: no 
Wed Sep 04 20:43:10, Info:  Welcome to SeisSol 
Wed Sep 04 20:43:10, Info:  Copyright (c) 2012 - 2024  SeisSol Group 
Wed Sep 04 20:43:10, Info:  Version: v1.1.4-148-g60aedc8c (dirty) 
Wed Sep 04 20:43:10, Info:  Built on: Jun 17 2024 21:03:35 
Wed Sep 04 20:43:10, Info:  Last commit: 60aedc8c2ae0a5d9e5a46cc3a40e4eaf1c047225 at 2024-06-06T12:54:08+00:00 
Wed Sep 04 20:43:10, Info:  Compiled with HOST_ARCH = skx 
Wed Sep 04 20:43:10, Info:  Running on (rank=0): "i01r01c03s01" 
Wed Sep 04 20:43:10, Info:  Using MPI with #ranks: 16 
Wed Sep 04 20:43:10, Info:  Node-wide (shared memory) MPI with #ranks/node: 1 
Wed Sep 04 20:43:10, Info:  Using asynchronous MPI routines. 
Wed Sep 04 20:43:10, Info:  Using OMP with #threads/rank: 94 
Wed Sep 04 20:43:10, Info:  OpenMP worker affinity (this process): "0123456789|0123456789|0123456789|0123456789|0123456-89|0123456789|0123456789|0123456789|0123456789|01234-" 
Wed Sep 04 20:43:10, Info:  OpenMP worker affinity (this node)   : "0123456789|0123456789|0123456789|0123456789|0123456-89|0123456789|0123456789|0123456789|0123456789|01234-" 
Wed Sep 04 20:43:10, Info:  Using a communication thread for advancing MPI communication. 
Wed Sep 04 20:43:10, Info:  Communication thread affinity        : "----------|----------|----------|----------|-------7--|----------|----------|----------|----------|-----5" 
Wed Sep 04 20:43:10, Info:  The stack size ulimit is 2097152 [kiB] ( = 2.0000 GiB ). 
Wed Sep 04 20:43:10, Info:  Begin init mesh. 
Wed Sep 04 20:43:10, Info:  Mesh file: "/dss/dsshome1/01/di35poq/mesh/mesh_v07/Haiti_v07_lowres" 
Wed Sep 04 20:43:10, Info:  Running mini SeisSol to determine node weights. 
Wed Sep 04 20:43:10, Info:  miniSeisSol configured with 50000 elements and 10 repeats per process 
Wed Sep 04 20:43:10, Info:  Node weights: mean = 41.3451  std = 0.684115  min = 39.2907  median = 41.4319  max = 41.9971 
Wed Sep 04 20:43:10, Info:  Reading PUML mesh 
Wed Sep 04 20:43:10, Info:  Inferring boundary format. 
Wed Sep 04 20:43:10, Info:  Boundary format not given in PUML file; inferring from array shape. 
Wed Sep 04 20:43:10, Info:  Using boundary format: i32 (4xi8) 
Wed Sep 04 20:43:10, Info:  Found 2685422 cells 
Wed Sep 04 20:43:10, Info:  Found 477078 vertices 
Wed Sep 04 20:43:12, Info:  Computing LTS weights. 
Wed Sep 04 20:43:14, Info:  Limiting number of clusters to 2147483646 
Wed Sep 04 20:43:14, Info:  Computing LTS weights. Done.  (108216 reductions.)
Wed Sep 04 20:43:14, Info:  Using the Parmetis partition library and strategy. 
Wed Sep 04 20:43:18, Info:  PUML mesh read in: 7.6784 s (min: 7.5963 s, max: 7.8187 s)
Wed Sep 04 20:43:18, Info:  The mesh has been read. Starting post processing. 
Wed Sep 04 20:43:18, Info:  Extracting fault information. 
Wed Sep 04 20:43:18, Info:  Exchanging ghostlayer metadata. 
Wed Sep 04 20:43:20, Info:  Mesh initialized in: 9.7296 s (min: 9.7291 s, max: 9.7300 s)
Wed Sep 04 20:43:20, Info:  End init mesh. 
Wed Sep 04 20:43:20, Info:  Begin init model. 
Wed Sep 04 20:43:20, Info:  Initialize LTS. 
Wed Sep 04 20:43:20, Info:  Deriving clusters ids for min. time step width / multiRate: 0.000213316 / 2 
Wed Sep 04 20:43:20, Info:  Due to wiggle factor of 1 the minimum timestep size is reduced to 0.000213316 
Wed Sep 04 20:43:20, Info:  Number of elements in time clusters: 
Wed Sep 04 20:43:20, Info:  0: 2088 
Wed Sep 04 20:43:20, Info:  1: 265401 
Wed Sep 04 20:43:20, Info:  2: 1618976 
Wed Sep 04 20:43:20, Info:  3: 538212 
Wed Sep 04 20:43:20, Info:  4: 147352 
Wed Sep 04 20:43:20, Info:  5: 35652 
Wed Sep 04 20:43:20, Info:  6: 11329 
Wed Sep 04 20:43:20, Info:  7: 18592 
Wed Sep 04 20:43:20, Info:  8: 47781 
Wed Sep 04 20:43:20, Info:  9: 39 
Wed Sep 04 20:43:20, Info:  maximum theoretical speedup (compared to GTS): 6.4313 per cell LTS, 4.34786 with the used clustering. 
Wed Sep 04 20:43:20, Info:  Number of elements in dynamic rupture time clusters: 
Wed Sep 04 20:43:20, Info:  0 (dr): 619 
Wed Sep 04 20:43:20, Info:  1 (dr): 78818 
Wed Sep 04 20:43:20, Info:  2 (dr): 309932 
Wed Sep 04 20:43:20, Info:  3 (dr): 2509 
Wed Sep 04 20:43:20, Info:  4 (dr): 0 
Wed Sep 04 20:43:20, Info:  5 (dr): 0 
Wed Sep 04 20:43:20, Info:  6 (dr): 0 
Wed Sep 04 20:43:20, Info:  7 (dr): 0 
Wed Sep 04 20:43:20, Info:  8 (dr): 0 
Wed Sep 04 20:43:20, Info:  9 (dr): 0 
Wed Sep 04 20:43:20, Info:  Initialize Friction Model 
Wed Sep 04 20:43:24, Info:  Initialize cell material parameters. 
Wed Sep 04 20:43:25, Info:  Initialize Memory layout. 
Wed Sep 04 20:43:26, Info:  Initialize cell-local matrices. 
Wed Sep 04 20:43:26, Info:  Initializing Fault, using a quadrature rule with  25  points. 
Wed Sep 04 20:46:27, Info:  Model initialized in: 3 min 7.7053 s (min: 3 min 7.7029 s, max: 3 min 7.7082 s)
Wed Sep 04 20:46:27, Info:  End init model. 
Wed Sep 04 20:46:27, Info:  Setting initial conditions. 
Wed Sep 04 20:46:27, Info:  Using initial condition "Zero" . 
Wed Sep 04 20:46:27, Info:  Reading source. 
Wed Sep 04 20:46:27, Info:  No source term specified. 
Wed Sep 04 20:46:27, Info:  Setting up boundary conditions. 
Wed Sep 04 20:46:27, Info:  Begin init output. 
Wed Sep 04 20:46:27, Info:  Initializing free surface integrator. 
Wed Sep 04 20:46:27, Info:  Initializing free surface integrator. Done. 
Wed Sep 04 20:46:27, Info:  Enabling 2D fault output 
Wed Sep 04 20:46:27, Info:  Initializing Fault output. Number of sub-triangles: 4 
Wed Sep 04 20:46:27, Info:  Initializing XDMF fault output. 
Wed Sep 04 20:46:27, Info:  Fault writer thread affinity: "----------|----------|----------|----------|-------7--|----------|----------|----------|----------|-----5" 
Wed Sep 04 20:46:28, Info:  Initializing XDMF fault output. Done. 
Wed Sep 04 20:46:28, Info:  Initializing free surface output. 
Wed Sep 04 20:46:28, Info:  Free surface writer thread affinity: "----------|----------|----------|----------|-------7--|----------|----------|----------|----------|-----5" 
Wed Sep 04 20:46:28, Info:  No record points read. 
Wed Sep 04 20:46:28, Info:  Finding meshIds for receivers... 
Wed Sep 04 20:46:28, Info:  Cleaning possible double occurring receivers for MPI... 
Wed Sep 04 20:46:28, Info:  Mapping receivers to LTS cells... 
Wed Sep 04 20:46:28, Info:  Initializing energy output. 
Wed Sep 04 20:46:28, Info:  End init output. 
Wed Sep 04 20:46:28, Info:  Initializing free surface output. Done. 
Wed Sep 04 20:46:28, Info:  Finishing initialization... 
Wed Sep 04 20:46:28, Info:  Starting simulation. 
Wed Sep 04 20:46:28, Info:  Writing faultoutput at time 0.
Wed Sep 04 20:46:28, Info:  Writing faultoutput at time 0. Done.
Wed Sep 04 20:46:28, Info:  Writing free surface at time 0.
Wed Sep 04 20:46:28, Info:  Writing free surface at time 0. Done.
Wed Sep 04 20:46:28, Info:  Writing energy output at time 0 
Wed Sep 04 20:46:28, Info:  Total momentum (X, Y, Z): 0  , 0  , 0 
Wed Sep 04 20:46:28, Info:  Writing energy output at time 0 Done. 
Wed Sep 04 20:46:28, Info:  Time spent for initial IO: 54.3745 ms (min: 42.5620 ms, max: 67.4665 ms)
Wed Sep 04 20:46:54, Info:  Writing faultoutput at time 0.5.
Wed Sep 04 20:46:54, Info:  Writing faultoutput at time 0.5. Done.
Wed Sep 04 20:46:54, Info:  Writing energy output at time 0.5 
Wed Sep 04 20:46:54, Info:  Elastic energy (total, % kinematic, % potential):  3.53517e+11  , 25.0077  , 74.9923 
Wed Sep 04 20:46:54, Info:  Total momentum (X, Y, Z): -0.00635529  , 0.00285339  , 0.00343323 
Wed Sep 04 20:46:54, Info:  Frictional work (total, % static, % radiated):  3.57593e+11  , 72.9487  , 27.0513 
Wed Sep 04 20:46:54, Info:  Seismic moment (without plasticity): 8.45716e+15  Mw: 4.54815 
Wed Sep 04 20:46:54, Info:  Writing energy output at time 0.5 Done. 
Wed Sep 04 20:46:54, Info:  Time spent this phase (total): 26.6898 s (min: 26.6481 s, max: 26.7309 s)
Wed Sep 04 20:46:54, Info:  Time spent this phase (compute): 26.6355 s (min: 26.5984 s, max: 26.6706 s)
Wed Sep 04 20:46:54, Info:  Time spent this phase (IO): 55.8391 ms (min: 40.6284 ms, max: 109.8355 ms)
Wed Sep 04 20:46:54, Info:  Performance since the start: 9.4297 TFLOP/s (rank 0: 558.2509 GFLOP/s , average over ranks: 589.3537 GFLOP/s ) 
Wed Sep 04 20:46:54, Info:  Performance since last sync point: 9.4297 TFLOP/s (rank 0: 558.2509 GFLOP/s , average over ranks: 589.3537 GFLOP/s ) 
Wed Sep 04 20:47:21, Info:  Writing faultoutput at time 1.
Wed Sep 04 20:47:21, Info:  Writing faultoutput at time 1. Done.
Wed Sep 04 20:47:21, Info:  Writing free surface at time 1.
Wed Sep 04 20:47:21, Info:  Writing free surface at time 1. Done.
Wed Sep 04 20:47:21, Info:  Writing energy output at time 1 
Wed Sep 04 20:47:21, Info:  Elastic energy (total, % kinematic, % potential):  2.7108e+12  , 23.9671  , 76.0329 
Wed Sep 04 20:47:21, Info:  Total momentum (X, Y, Z): 0.19043  , 0.259766  , -0.0598145 
Wed Sep 04 20:47:21, Info:  Frictional work (total, % static, % radiated):  2.80264e+12  , 72.344  , 27.656 
Wed Sep 04 20:47:21, Info:  Seismic moment (without plasticity): 6.33196e+16  Mw: 5.13103 
Wed Sep 04 20:47:21, Info:  Writing energy output at time 1 Done. 
Wed Sep 04 20:47:21, Info:  Time spent this phase (total): 26.4220 s (min: 26.3814 s, max: 26.4545 s)
Wed Sep 04 20:47:21, Info:  Time spent this phase (compute): 26.4219 s (min: 26.3812 s, max: 26.4543 s)
Wed Sep 04 20:47:21, Info:  Time spent this phase (IO): 53.7097 ms (min: 40.7657 ms, max: 82.5705 ms)
Wed Sep 04 20:47:21, Info:  Performance since the start: 9.4772 TFLOP/s (rank 0: 561.7216 GFLOP/s , average over ranks: 592.3253 GFLOP/s ) 
Wed Sep 04 20:47:21, Info:  Performance since last sync point: 9.5252 TFLOP/s (rank 0: 565.2358 GFLOP/s , average over ranks: 595.3279 GFLOP/s ) 
Wed Sep 04 20:47:47, Info:  Writing faultoutput at time 1.5.
Wed Sep 04 20:47:47, Info:  Writing faultoutput at time 1.5. Done.
Wed Sep 04 20:47:47, Info:  Writing energy output at time 1.5 
Wed Sep 04 20:47:47, Info:  Elastic energy (total, % kinematic, % potential):  8.20292e+12  , 22.6833  , 77.3167 
Wed Sep 04 20:47:47, Info:  Total momentum (X, Y, Z): 0.013092  , -0.182617  , -0.00146484 
Wed Sep 04 20:47:47, Info:  Frictional work (total, % static, % radiated):  8.4969e+12  , 73.3698  , 26.6302 
Wed Sep 04 20:47:47, Info:  Seismic moment (without plasticity): 1.97763e+17  Mw: 5.46076 
Wed Sep 04 20:47:47, Info:  Writing energy output at time 1.5 Done. 
Wed Sep 04 20:47:47, Info:  Time spent this phase (total): 26.3923 s (min: 26.3770 s, max: 26.4077 s)
Wed Sep 04 20:47:47, Info:  Time spent this phase (compute): 26.3922 s (min: 26.3769 s, max: 26.4076 s)
Wed Sep 04 20:47:47, Info:  Time spent this phase (IO): 49.6493 ms (min: 39.3408 ms, max: 76.8504 ms)
Wed Sep 04 20:47:47, Info:  Performance since the start: 9.4967 TFLOP/s (rank 0: 562.9791 GFLOP/s , average over ranks: 593.5442 GFLOP/s ) 
Wed Sep 04 20:47:47, Info:  Performance since last sync point: 9.5360 TFLOP/s (rank 0: 565.5110 GFLOP/s , average over ranks: 595.9973 GFLOP/s ) 
Wed Sep 04 20:48:14, Info:  Writing faultoutput at time 2.
Wed Sep 04 20:48:14, Info:  Writing faultoutput at time 2. Done.
Wed Sep 04 20:48:14, Info:  Writing free surface at time 2.
Wed Sep 04 20:48:14, Info:  Writing free surface at time 2. Done.
Wed Sep 04 20:48:14, Info:  Writing energy output at time 2 
Wed Sep 04 20:48:14, Info:  Elastic energy (total, % kinematic, % potential):  1.68197e+13  , 20.728  , 79.272 
Wed Sep 04 20:48:14, Info:  Total momentum (X, Y, Z): 0.12915  , -0.226562  , 0.204102 
Wed Sep 04 20:48:14, Info:  Frictional work (total, % static, % radiated):  1.74324e+13  , 74.6354  , 25.3646 
Wed Sep 04 20:48:14, Info:  Seismic moment (without plasticity): 4.22083e+17  Mw: 5.68027 
Wed Sep 04 20:48:14, Info:  Writing energy output at time 2 Done. 
Wed Sep 04 20:48:14, Info:  Time spent this phase (total): 26.5562 s (min: 26.5401 s, max: 26.5675 s)
Wed Sep 04 20:48:14, Info:  Time spent this phase (compute): 26.5562 s (min: 26.5400 s, max: 26.5674 s)
Wed Sep 04 20:48:14, Info:  Time spent this phase (IO): 53.8149 ms (min: 40.7489 ms, max: 80.9491 ms)
Wed Sep 04 20:48:14, Info:  Performance since the start: 9.4918 TFLOP/s (rank 0: 562.6837 GFLOP/s , average over ranks: 593.2370 GFLOP/s ) 
Wed Sep 04 20:48:14, Info:  Performance since last sync point: 9.4771 TFLOP/s (rank 0: 561.7993 GFLOP/s , average over ranks: 592.3173 GFLOP/s ) 
Wed Sep 04 20:48:40, Info:  Writing faultoutput at time 2.5.
Wed Sep 04 20:48:40, Info:  Writing faultoutput at time 2.5. Done.
Wed Sep 04 20:48:40, Info:  Writing energy output at time 2.5 
Wed Sep 04 20:48:40, Info:  Elastic energy (total, % kinematic, % potential):  2.71066e+13  , 17.7781  , 82.2219 
Wed Sep 04 20:48:40, Info:  Total momentum (X, Y, Z): -5.42773  , -2.44922  , 3.32227 
Wed Sep 04 20:48:40, Info:  Frictional work (total, % static, % radiated):  2.80193e+13  , 76.315  , 23.685 
Wed Sep 04 20:48:40, Info:  Seismic moment (without plasticity): 7.11543e+17  Mw: 5.83147 
Wed Sep 04 20:48:40, Info:  Writing energy output at time 2.5 Done. 
Wed Sep 04 20:48:40, Info:  Time spent this phase (total): 26.5181 s (min: 26.5039 s, max: 26.5221 s)
Wed Sep 04 20:48:40, Info:  Time spent this phase (compute): 26.5180 s (min: 26.5038 s, max: 26.5221 s)
Wed Sep 04 20:48:40, Info:  Time spent this phase (IO): 50.5968 ms (min: 40.7063 ms, max: 80.3501 ms)
Wed Sep 04 20:48:40, Info:  Performance since the start: 9.4916 TFLOP/s (rank 0: 562.7141 GFLOP/s , average over ranks: 593.2236 GFLOP/s ) 
Wed Sep 04 20:48:40, Info:  Performance since last sync point: 9.4907 TFLOP/s (rank 0: 562.8358 GFLOP/s , average over ranks: 593.1702 GFLOP/s ) 
Wed Sep 04 20:49:07, Info:  Writing faultoutput at time 3.
Wed Sep 04 20:49:07, Info:  Writing faultoutput at time 3. Done.
Wed Sep 04 20:49:07, Info:  Writing free surface at time 3.
Wed Sep 04 20:49:07, Info:  Writing free surface at time 3. Done.
Wed Sep 04 20:49:07, Info:  Writing energy output at time 3 
Wed Sep 04 20:49:07, Info:  Elastic energy (total, % kinematic, % potential):  3.68641e+13  , 14.2232  , 85.7768 
Wed Sep 04 20:49:07, Info:  Total momentum (X, Y, Z): -14.9824  , -4.83594  , 10.0801 
Wed Sep 04 20:49:07, Info:  Frictional work (total, % static, % radiated):  3.79898e+13  , 77.6128  , 22.3872 
Wed Sep 04 20:49:07, Info:  Seismic moment (without plasticity): 1.00475e+18  Mw: 5.93137 
Wed Sep 04 20:49:07, Info:  Writing energy output at time 3 Done. 
Wed Sep 04 20:49:07, Info:  Time spent this phase (total): 26.4186 s (min: 26.4032 s, max: 26.4462 s)
Wed Sep 04 20:49:07, Info:  Time spent this phase (compute): 26.4185 s (min: 26.4031 s, max: 26.4461 s)
Wed Sep 04 20:49:07, Info:  Time spent this phase (IO): 53.4464 ms (min: 39.5102 ms, max: 75.3321 ms)
Wed Sep 04 20:49:07, Info:  Performance since the start: 9.4974 TFLOP/s (rank 0: 563.0421 GFLOP/s , average over ranks: 593.5860 GFLOP/s ) 
Wed Sep 04 20:49:07, Info:  Performance since last sync point: 9.5265 TFLOP/s (rank 0: 564.6880 GFLOP/s , average over ranks: 595.4047 GFLOP/s ) 
Wed Sep 04 20:49:33, Info:  Writing faultoutput at time 3.5.
Wed Sep 04 20:49:33, Info:  Writing faultoutput at time 3.5. Done.
Wed Sep 04 20:49:33, Info:  Writing energy output at time 3.5 
Wed Sep 04 20:49:33, Info:  Elastic energy (total, % kinematic, % potential):  4.48161e+13  , 11.3697  , 88.6303 
Wed Sep 04 20:49:33, Info:  Total momentum (X, Y, Z): -26.6758  , -7.71875  , 18.9062 
Wed Sep 04 20:49:33, Info:  Frictional work (total, % static, % radiated):  4.60478e+13  , 78.6672  , 21.3328 
Wed Sep 04 20:49:33, Info:  Seismic moment (without plasticity): 1.2531e+18  Mw: 5.99532 
Wed Sep 04 20:49:33, Info:  Writing energy output at time 3.5 Done. 
Wed Sep 04 20:49:33, Info:  Time spent this phase (total): 26.2357 s (min: 26.1965 s, max: 26.2948 s)
Wed Sep 04 20:49:33, Info:  Time spent this phase (compute): 26.2357 s (min: 26.1964 s, max: 26.2948 s)
Wed Sep 04 20:49:33, Info:  Time spent this phase (IO): 53.6615 ms (min: 40.6426 ms, max: 87.0643 ms)
Wed Sep 04 20:49:33, Info:  Performance since the start: 9.5109 TFLOP/s (rank 0: 563.8475 GFLOP/s , average over ranks: 594.4305 GFLOP/s ) 
Wed Sep 04 20:49:33, Info:  Performance since last sync point: 9.5928 TFLOP/s (rank 0: 568.7285 GFLOP/s , average over ranks: 599.5491 GFLOP/s ) 
Wed Sep 04 20:49:59, Info:  Writing faultoutput at time 4.
Wed Sep 04 20:49:59, Info:  Writing faultoutput at time 4. Done.
Wed Sep 04 20:49:59, Info:  Writing free surface at time 4.
Wed Sep 04 20:49:59, Info:  Writing free surface at time 4. Done.
Wed Sep 04 20:49:59, Info:  Writing energy output at time 4 
Wed Sep 04 20:49:59, Info:  Elastic energy (total, % kinematic, % potential):  5.07564e+13  , 9.71031  , 90.2897 
Wed Sep 04 20:49:59, Info:  Total momentum (X, Y, Z): -38.2969  , -8.53125  , 29.2656 
Wed Sep 04 20:49:59, Info:  Frictional work (total, % static, % radiated):  5.20689e+13  , 80.2843  , 19.7157 
Wed Sep 04 20:49:59, Info:  Seismic moment (without plasticity): 1.45979e+18  Mw: 6.03953 
Wed Sep 04 20:49:59, Info:  Writing energy output at time 4 Done. 
Wed Sep 04 20:49:59, Info:  Time spent this phase (total): 26.3028 s (min: 26.2879 s, max: 26.3163 s)
Wed Sep 04 20:49:59, Info:  Time spent this phase (compute): 26.3027 s (min: 26.2878 s, max: 26.3163 s)
Wed Sep 04 20:49:59, Info:  Time spent this phase (IO): 58.4122 ms (min: 40.7750 ms, max: 110.8774 ms)
Wed Sep 04 20:49:59, Info:  Performance since the start: 9.5180 TFLOP/s (rank 0: 564.2454 GFLOP/s , average over ranks: 594.8775 GFLOP/s ) 
Wed Sep 04 20:49:59, Info:  Performance since last sync point: 9.5684 TFLOP/s (rank 0: 567.0463 GFLOP/s , average over ranks: 598.0254 GFLOP/s ) 
Wed Sep 04 20:50:26, Info:  Writing faultoutput at time 4.5.
Wed Sep 04 20:50:26, Info:  Writing faultoutput at time 4.5. Done.
Wed Sep 04 20:50:26, Info:  Writing energy output at time 4.5 
Wed Sep 04 20:50:26, Info:  Elastic energy (total, % kinematic, % potential):  5.56533e+13  , 8.59386  , 91.4061 
Wed Sep 04 20:50:26, Info:  Total momentum (X, Y, Z): -40.6602  , -1.21875  , 44.625 
Wed Sep 04 20:50:26, Info:  Frictional work (total, % static, % radiated):  5.69747e+13  , 82.1494  , 17.8506 
Wed Sep 04 20:50:26, Info:  Seismic moment (without plasticity): 1.64878e+18  Mw: 6.07478 
Wed Sep 04 20:50:26, Info:  Writing energy output at time 4.5 Done. 
Wed Sep 04 20:50:26, Info:  Time spent this phase (total): 26.6576 s (min: 26.6485 s, max: 26.6638 s)
Wed Sep 04 20:50:26, Info:  Time spent this phase (compute): 26.6575 s (min: 26.6484 s, max: 26.6637 s)
Wed Sep 04 20:50:26, Info:  Time spent this phase (IO): 54.8488 ms (min: 40.6710 ms, max: 100.2525 ms)
Wed Sep 04 20:50:26, Info:  Performance since the start: 9.5094 TFLOP/s (rank 0: 563.7530 GFLOP/s , average over ranks: 594.3389 GFLOP/s ) 
Wed Sep 04 20:50:26, Info:  Performance since last sync point: 9.4410 TFLOP/s (rank 0: 559.8450 GFLOP/s , average over ranks: 590.0648 GFLOP/s ) 
Wed Sep 04 20:50:52, Info:  Writing faultoutput at time 5.
Wed Sep 04 20:50:52, Info:  Writing faultoutput at time 5. Done.
Wed Sep 04 20:50:52, Info:  Writing free surface at time 5.
Wed Sep 04 20:50:52, Info:  Writing free surface at time 5. Done.
Wed Sep 04 20:50:52, Info:  Writing energy output at time 5 
Wed Sep 04 20:50:52, Info:  Elastic energy (total, % kinematic, % potential):  5.98717e+13  , 7.58961  , 92.4104 
Wed Sep 04 20:50:52, Info:  Total momentum (X, Y, Z): -55.9414  , 22.3906  , -40.2148 
Wed Sep 04 20:50:52, Info:  Frictional work (total, % static, % radiated):  6.12189e+13  , 83.7777  , 16.2223 
Wed Sep 04 20:50:52, Info:  Seismic moment (without plasticity): 1.82214e+18  Mw: 6.10372 
Wed Sep 04 20:50:52, Info:  Writing energy output at time 5 Done. 
Wed Sep 04 20:50:52, Info:  Time spent this phase (total): 26.5902 s (min: 26.5633 s, max: 26.6211 s)
Wed Sep 04 20:50:52, Info:  Time spent this phase (compute): 26.5901 s (min: 26.5632 s, max: 26.6210 s)
Wed Sep 04 20:50:52, Info:  Time spent this phase (IO): 54.5748 ms (min: 40.7849 ms, max: 77.5554 ms)
Wed Sep 04 20:50:52, Info:  Performance since the start: 9.5050 TFLOP/s (rank 0: 563.5242 GFLOP/s , average over ranks: 594.0600 GFLOP/s ) 
Wed Sep 04 20:50:52, Info:  Performance since last sync point: 9.4650 TFLOP/s (rank 0: 561.4736 GFLOP/s , average over ranks: 591.5620 GFLOP/s ) 
Wed Sep 04 20:51:19, Info:  Writing faultoutput at time 5.5.
Wed Sep 04 20:51:19, Info:  Writing faultoutput at time 5.5. Done.
Wed Sep 04 20:51:19, Info:  Writing energy output at time 5.5 
Wed Sep 04 20:51:19, Info:  Elastic energy (total, % kinematic, % potential):  6.40189e+13  , 6.79859  , 93.2014 
Wed Sep 04 20:51:19, Info:  Total momentum (X, Y, Z): 7.89062  , -50.2969  , 300.027 
Wed Sep 04 20:51:19, Info:  Frictional work (total, % static, % radiated):  6.5367e+13  , 84.9992  , 15.0008 
Wed Sep 04 20:51:19, Info:  Seismic moment (without plasticity): 1.99272e+18  Mw: 6.12963 
Wed Sep 04 20:51:19, Info:  Writing energy output at time 5.5 Done. 
Wed Sep 04 20:51:19, Info:  Time spent this phase (total): 26.5202 s (min: 26.5037 s, max: 26.5375 s)
Wed Sep 04 20:51:19, Info:  Time spent this phase (compute): 26.5201 s (min: 26.5037 s, max: 26.5374 s)
Wed Sep 04 20:51:19, Info:  Time spent this phase (IO): 50.1678 ms (min: 40.6855 ms, max: 79.5150 ms)
Wed Sep 04 20:51:19, Info:  Performance since the start: 9.5036 TFLOP/s (rank 0: 563.4677 GFLOP/s , average over ranks: 593.9748 GFLOP/s ) 
Wed Sep 04 20:51:19, Info:  Performance since last sync point: 9.4900 TFLOP/s (rank 0: 562.9033 GFLOP/s , average over ranks: 593.1241 GFLOP/s ) 
Wed Sep 04 20:51:45, Info:  Writing faultoutput at time 6.
Wed Sep 04 20:51:45, Info:  Writing faultoutput at time 6. Done.
Wed Sep 04 20:51:45, Info:  Writing free surface at time 6.
Wed Sep 04 20:51:45, Info:  Writing free surface at time 6. Done.
Wed Sep 04 20:51:45, Info:  Writing energy output at time 6 
Wed Sep 04 20:51:45, Info:  Elastic energy (total, % kinematic, % potential):  6.8178e+13  , 6.12556  , 93.8744 
Wed Sep 04 20:51:45, Info:  Total momentum (X, Y, Z): -284.701  , 236  , -51.7383 
Wed Sep 04 20:51:45, Info:  Frictional work (total, % static, % radiated):  6.95536e+13  , 85.9463  , 14.0537 
Wed Sep 04 20:51:45, Info:  Seismic moment (without plasticity): 2.16331e+18  Mw: 6.15341 
Wed Sep 04 20:51:45, Info:  Writing energy output at time 6 Done. 
Wed Sep 04 20:51:45, Info:  Time spent this phase (total): 26.3072 s (min: 26.2974 s, max: 26.3243 s)
Wed Sep 04 20:51:45, Info:  Time spent this phase (compute): 26.3071 s (min: 26.2974 s, max: 26.3243 s)
Wed Sep 04 20:51:45, Info:  Time spent this phase (IO): 53.5570 ms (min: 40.7449 ms, max: 80.8617 ms)
Wed Sep 04 20:51:45, Info:  Performance since the start: 9.5088 TFLOP/s (rank 0: 563.7660 GFLOP/s , average over ranks: 594.3020 GFLOP/s ) 
Wed Sep 04 20:51:45, Info:  Performance since last sync point: 9.5668 TFLOP/s (rank 0: 567.0676 GFLOP/s , average over ranks: 597.9250 GFLOP/s ) 
Wed Sep 04 20:52:12, Info:  Writing faultoutput at time 6.5.
Wed Sep 04 20:52:12, Info:  Writing faultoutput at time 6.5. Done.
Wed Sep 04 20:52:12, Info:  Writing energy output at time 6.5 
Wed Sep 04 20:52:12, Info:  Elastic energy (total, % kinematic, % potential):  7.23306e+13  , 5.66  , 94.34 
Wed Sep 04 20:52:12, Info:  Total momentum (X, Y, Z): 798.031  , -529.531  , -2488.24 
Wed Sep 04 20:52:12, Info:  Frictional work (total, % static, % radiated):  7.37213e+13  , 86.9771  , 13.0229 
Wed Sep 04 20:52:12, Info:  Seismic moment (without plasticity): 2.34272e+18  Mw: 6.17648 
Wed Sep 04 20:52:12, Info:  Writing energy output at time 6.5 Done. 
Wed Sep 04 20:52:12, Info:  Time spent this phase (total): 26.5723 s (min: 26.5552 s, max: 26.5847 s)
Wed Sep 04 20:52:12, Info:  Time spent this phase (compute): 26.5722 s (min: 26.5551 s, max: 26.5846 s)
Wed Sep 04 20:52:12, Info:  Time spent this phase (IO): 51.8979 ms (min: 40.7305 ms, max: 87.1444 ms)
Wed Sep 04 20:52:12, Info:  Performance since the start: 9.5059 TFLOP/s (rank 0: 563.6004 GFLOP/s , average over ranks: 594.1212 GFLOP/s ) 
Wed Sep 04 20:52:12, Info:  Performance since last sync point: 9.4714 TFLOP/s (rank 0: 561.6216 GFLOP/s , average over ranks: 591.9610 GFLOP/s ) 
Wed Sep 04 20:52:38, Info:  Writing faultoutput at time 7.
Wed Sep 04 20:52:38, Info:  Writing faultoutput at time 7. Done.
Wed Sep 04 20:52:38, Info:  Writing free surface at time 7.
Wed Sep 04 20:52:38, Info:  Writing free surface at time 7. Done.
Wed Sep 04 20:52:38, Info:  Writing energy output at time 7 
Wed Sep 04 20:52:38, Info:  Elastic energy (total, % kinematic, % potential):  7.66006e+13  , 5.27747  , 94.7225 
Wed Sep 04 20:52:38, Info:  Total momentum (X, Y, Z): -2999.59  , 1846.62  , 13181.8 
Wed Sep 04 20:52:38, Info:  Frictional work (total, % static, % radiated):  7.80003e+13  , 88.0324  , 11.9676 
Wed Sep 04 20:52:38, Info:  Seismic moment (without plasticity): 2.5328e+18  Mw: 6.19907 
Wed Sep 04 20:52:38, Info:  Writing energy output at time 7 Done. 
Wed Sep 04 20:52:38, Info:  Time spent this phase (total): 26.2485 s (min: 26.2397 s, max: 26.2602 s)
Wed Sep 04 20:52:38, Info:  Time spent this phase (compute): 26.2485 s (min: 26.2396 s, max: 26.2602 s)
Wed Sep 04 20:52:38, Info:  Time spent this phase (IO): 53.1375 ms (min: 39.8595 ms, max: 77.6914 ms)
Wed Sep 04 20:52:38, Info:  Performance since the start: 9.5118 TFLOP/s (rank 0: 563.9404 GFLOP/s , average over ranks: 594.4854 GFLOP/s ) 
Wed Sep 04 20:52:38, Info:  Performance since last sync point: 9.5882 TFLOP/s (rank 0: 568.3974 GFLOP/s , average over ranks: 599.2604 GFLOP/s ) 
Wed Sep 04 20:53:05, Info:  Writing faultoutput at time 7.5.
Wed Sep 04 20:53:05, Info:  Writing faultoutput at time 7.5. Done.
Wed Sep 04 20:53:05, Info:  Writing energy output at time 7.5 
Wed Sep 04 20:53:05, Info:  Elastic energy (total, % kinematic, % potential):  8.10843e+13  , 4.9863  , 95.0137 
Wed Sep 04 20:53:05, Info:  Total momentum (X, Y, Z): 8933.88  , -6292.75  , -32638.7 
Wed Sep 04 20:53:05, Info:  Frictional work (total, % static, % radiated):  8.24886e+13  , 88.9743  , 11.0257 
Wed Sep 04 20:53:05, Info:  Seismic moment (without plasticity): 2.73592e+18  Mw: 6.2214 
Wed Sep 04 20:53:05, Info:  Writing energy output at time 7.5 Done. 
Wed Sep 04 20:53:05, Info:  Time spent this phase (total): 26.5045 s (min: 26.4693 s, max: 26.5320 s)
Wed Sep 04 20:53:05, Info:  Time spent this phase (compute): 26.5042 s (min: 26.4692 s, max: 26.5319 s)
Wed Sep 04 20:53:05, Info:  Time spent this phase (IO): 47.4692 ms (min: 39.7829 ms, max: 59.1824 ms)
Wed Sep 04 20:53:05, Info:  Performance since the start: 9.5107 TFLOP/s (rank 0: 563.8752 GFLOP/s , average over ranks: 594.4181 GFLOP/s ) 
Wed Sep 04 20:53:05, Info:  Performance since last sync point: 9.4956 TFLOP/s (rank 0: 562.9640 GFLOP/s , average over ranks: 593.4777 GFLOP/s ) 
Wed Sep 04 20:53:31, Info:  Writing faultoutput at time 8.
Wed Sep 04 20:53:31, Info:  Writing faultoutput at time 8. Done.
Wed Sep 04 20:53:31, Info:  Writing free surface at time 8.
Wed Sep 04 20:53:31, Info:  Writing free surface at time 8. Done.
Wed Sep 04 20:53:31, Info:  Writing energy output at time 8 
Wed Sep 04 20:53:31, Info:  Elastic energy (total, % kinematic, % potential):  8.59837e+13  , 4.77112  , 95.2289 
Wed Sep 04 20:53:31, Info:  Total momentum (X, Y, Z): -22864.2  , 19147.4  , 14682.8 
Wed Sep 04 20:53:31, Info:  Frictional work (total, % static, % radiated):  8.74106e+13  , 89.773  , 10.227 
Wed Sep 04 20:53:31, Info:  Seismic moment (without plasticity): 2.95607e+18  Mw: 6.24381 
Wed Sep 04 20:53:31, Info:  Writing energy output at time 8 Done. 
Wed Sep 04 20:53:31, Info:  Time spent this phase (total): 26.5780 s (min: 26.4824 s, max: 26.6918 s)
Wed Sep 04 20:53:31, Info:  Time spent this phase (compute): 26.5779 s (min: 26.4823 s, max: 26.6917 s)
Wed Sep 04 20:53:31, Info:  Time spent this phase (IO): 67.5864 ms (min: 41.1560 ms, max: 161.2400 ms)
Wed Sep 04 20:53:31, Info:  Performance since the start: 9.5081 TFLOP/s (rank 0: 563.7030 GFLOP/s , average over ranks: 594.2552 GFLOP/s ) 
Wed Sep 04 20:53:31, Info:  Performance since last sync point: 9.4692 TFLOP/s (rank 0: 561.1331 GFLOP/s , average over ranks: 591.8255 GFLOP/s ) 
Wed Sep 04 20:53:58, Info:  Writing faultoutput at time 8.5.
Wed Sep 04 20:53:58, Info:  Writing faultoutput at time 8.5. Done.
Wed Sep 04 20:53:58, Info:  Writing energy output at time 8.5 
Wed Sep 04 20:53:58, Info:  Elastic energy (total, % kinematic, % potential):  9.13149e+13  , 4.77552  , 95.2245 
Wed Sep 04 20:53:58, Info:  Total momentum (X, Y, Z): 44487.8  , -40369.8  , 245145 
Wed Sep 04 20:53:58, Info:  Frictional work (total, % static, % radiated):  9.28157e+13  , 90.6928  , 9.30716 
Wed Sep 04 20:53:58, Info:  Seismic moment (without plasticity): 3.20533e+18  Mw: 6.26725 
Wed Sep 04 20:53:58, Info:  Writing energy output at time 8.5 Done. 
Wed Sep 04 20:53:58, Info:  Time spent this phase (total): 26.5126 s (min: 26.4835 s, max: 26.5612 s)
Wed Sep 04 20:53:58, Info:  Time spent this phase (compute): 26.5124 s (min: 26.4835 s, max: 26.5611 s)
Wed Sep 04 20:53:58, Info:  Time spent this phase (IO): 55.8689 ms (min: 40.6793 ms, max: 100.0561 ms)
Wed Sep 04 20:53:58, Info:  Performance since the start: 9.5072 TFLOP/s (rank 0: 563.6683 GFLOP/s , average over ranks: 594.1986 GFLOP/s ) 
Wed Sep 04 20:53:58, Info:  Performance since last sync point: 9.4927 TFLOP/s (rank 0: 563.1128 GFLOP/s , average over ranks: 593.2949 GFLOP/s ) 
Wed Sep 04 20:54:24, Info:  Writing faultoutput at time 9.
Wed Sep 04 20:54:24, Info:  Writing faultoutput at time 9. Done.
Wed Sep 04 20:54:24, Info:  Writing free surface at time 9.
Wed Sep 04 20:54:24, Info:  Writing free surface at time 9. Done.
Wed Sep 04 20:54:24, Info:  Writing energy output at time 9 
Wed Sep 04 20:54:24, Info:  Elastic energy (total, % kinematic, % potential):  9.78368e+13  , 5.05851  , 94.9415 
Wed Sep 04 20:54:24, Info:  Total momentum (X, Y, Z): -59977.2  , 54795.3  , -1.28363e+06 
Wed Sep 04 20:54:24, Info:  Frictional work (total, % static, % radiated):  9.93693e+13  , 91.6753  , 8.32468 
Wed Sep 04 20:54:24, Info:  Seismic moment (without plasticity): 3.50851e+18  Mw: 6.29342 
Wed Sep 04 20:54:24, Info:  Writing energy output at time 9 Done. 
Wed Sep 04 20:54:24, Info:  Time spent this phase (total): 26.5457 s (min: 26.5259 s, max: 26.5701 s)
Wed Sep 04 20:54:24, Info:  Time spent this phase (compute): 26.5456 s (min: 26.5259 s, max: 26.5700 s)
Wed Sep 04 20:54:24, Info:  Time spent this phase (IO): 56.7246 ms (min: 40.7367 ms, max: 86.7202 ms)
Wed Sep 04 20:54:24, Info:  Performance since the start: 9.5057 TFLOP/s (rank 0: 563.5942 GFLOP/s , average over ranks: 594.1070 GFLOP/s ) 
Wed Sep 04 20:54:24, Info:  Performance since last sync point: 9.4809 TFLOP/s (rank 0: 562.3381 GFLOP/s , average over ranks: 592.5539 GFLOP/s ) 
Wed Sep 04 20:54:51, Info:  Writing faultoutput at time 9.5.
Wed Sep 04 20:54:51, Info:  Writing faultoutput at time 9.5. Done.
Wed Sep 04 20:54:51, Info:  Writing energy output at time 9.5 
Wed Sep 04 20:54:51, Info:  Elastic energy (total, % kinematic, % potential):  1.06505e+14  , 5.62004  , 94.38 
Wed Sep 04 20:54:51, Info:  Total momentum (X, Y, Z): 16470  , -65543.4  , 3.95174e+06 
Wed Sep 04 20:54:51, Info:  Frictional work (total, % static, % radiated):  1.08113e+14  , 92.2409  , 7.75908 
Wed Sep 04 20:54:51, Info:  Seismic moment (without plasticity): 3.87664e+18  Mw: 6.3223 
Wed Sep 04 20:54:51, Info:  Writing energy output at time 9.5 Done. 
Wed Sep 04 20:54:51, Info:  Time spent this phase (total): 26.6500 s (min: 26.6212 s, max: 26.6636 s)
Wed Sep 04 20:54:51, Info:  Time spent this phase (compute): 26.6499 s (min: 26.6211 s, max: 26.6635 s)
Wed Sep 04 20:54:51, Info:  Time spent this phase (IO): 51.3066 ms (min: 40.6669 ms, max: 84.6695 ms)
Wed Sep 04 20:54:51, Info:  Performance since the start: 9.5024 TFLOP/s (rank 0: 563.4064 GFLOP/s , average over ranks: 593.9020 GFLOP/s ) 
Wed Sep 04 20:54:51, Info:  Performance since last sync point: 9.4438 TFLOP/s (rank 0: 560.0471 GFLOP/s , average over ranks: 590.2360 GFLOP/s ) 
Wed Sep 04 20:55:18, Info:  Writing faultoutput at time 10.
Wed Sep 04 20:55:18, Info:  Writing faultoutput at time 10. Done.
Wed Sep 04 20:55:18, Info:  Writing free surface at time 10.
Wed Sep 04 20:55:18, Info:  Writing free surface at time 10. Done.
Wed Sep 04 20:55:18, Info:  Wrote receivers in 3.38e-07 seconds. 
Wed Sep 04 20:55:18, Info:  Writing energy output at time 10 
Wed Sep 04 20:55:18, Info:  Elastic energy (total, % kinematic, % potential):  1.19196e+14  , 6.87626  , 93.1237 
Wed Sep 04 20:55:18, Info:  Total momentum (X, Y, Z): 177977  , 176711  , -7.43831e+06 
Wed Sep 04 20:55:18, Info:  Frictional work (total, % static, % radiated):  1.20964e+14  , 91.9278  , 8.0722 
Wed Sep 04 20:55:18, Info:  Seismic moment (without plasticity): 4.33052e+18  Mw: 6.35436 
Wed Sep 04 20:55:18, Info:  Writing energy output at time 10 Done. 
Wed Sep 04 20:55:18, Info:  Time spent this phase (total): 26.9561 s (min: 26.9525 s, max: 26.9712 s)
Wed Sep 04 20:55:18, Info:  Time spent this phase (compute): 26.9560 s (min: 26.9525 s, max: 26.9711 s)
Wed Sep 04 20:55:18, Info:  Time spent this phase (IO): 55.0096 ms (min: 40.7666 ms, max: 86.4089 ms)
Wed Sep 04 20:55:18, Info:  Performance since the start: 9.4940 TFLOP/s (rank 0: 562.9022 GFLOP/s , average over ranks: 593.3747 GFLOP/s ) 
Wed Sep 04 20:55:18, Info:  Performance since last sync point: 9.3365 TFLOP/s (rank 0: 553.4914 GFLOP/s , average over ranks: 583.5311 GFLOP/s ) 
Wed Sep 04 20:55:45, Info:  Writing faultoutput at time 10.5.
Wed Sep 04 20:55:45, Info:  Writing faultoutput at time 10.5. Done.
Wed Sep 04 20:55:45, Info:  Writing energy output at time 10.5 
Wed Sep 04 20:55:45, Info:  Elastic energy (total, % kinematic, % potential):  1.39572e+14  , 9.27704  , 90.723 
Wed Sep 04 20:55:45, Info:  Total momentum (X, Y, Z): -1.11097e+06  , -361350  , -311647 
Wed Sep 04 20:55:45, Info:  Frictional work (total, % static, % radiated):  1.41734e+14  , 90.1839  , 9.81614 
Wed Sep 04 20:55:45, Info:  Seismic moment (without plasticity): 4.91427e+18  Mw: 6.39097 
Wed Sep 04 20:55:45, Info:  Writing energy output at time 10.5 Done. 
Wed Sep 04 20:55:45, Info:  Time spent this phase (total): 27.1554 s (min: 27.1406 s, max: 27.1589 s)
Wed Sep 04 20:55:45, Info:  Time spent this phase (compute): 27.1554 s (min: 27.1406 s, max: 27.1589 s)
Wed Sep 04 20:55:45, Info:  Time spent this phase (IO): 51.4729 ms (min: 40.6285 ms, max: 86.1153 ms)
Wed Sep 04 20:55:45, Info:  Performance since the start: 9.4830 TFLOP/s (rank 0: 562.2552 GFLOP/s , average over ranks: 592.6863 GFLOP/s ) 
Wed Sep 04 20:55:45, Info:  Performance since last sync point: 9.2680 TFLOP/s (rank 0: 549.6194 GFLOP/s , average over ranks: 579.2472 GFLOP/s ) 
Wed Sep 04 20:56:12, Info:  Writing faultoutput at time 11.
Wed Sep 04 20:56:12, Info:  Writing faultoutput at time 11. Done.
Wed Sep 04 20:56:12, Info:  Writing free surface at time 11.
Wed Sep 04 20:56:12, Info:  Writing free surface at time 11. Done.
Wed Sep 04 20:56:12, Info:  Writing energy output at time 11 
Wed Sep 04 20:56:12, Info:  Elastic energy (total, % kinematic, % potential):  1.70917e+14  , 12.2789  , 87.7211 
Wed Sep 04 20:56:12, Info:  Total momentum (X, Y, Z): 2.05021e+06  , -1.16911e+06  , 5.76042e+07 
Wed Sep 04 20:56:12, Info:  Frictional work (total, % static, % radiated):  1.7392e+14  , 86.935  , 13.065 
Wed Sep 04 20:56:12, Info:  Seismic moment (without plasticity): 5.67165e+18  Mw: 6.43247 
Wed Sep 04 20:56:12, Info:  Writing energy output at time 11 Done. 
Wed Sep 04 20:56:12, Info:  Time spent this phase (total): 26.9053 s (min: 26.8904 s, max: 26.9316 s)
Wed Sep 04 20:56:12, Info:  Time spent this phase (compute): 26.9052 s (min: 26.8904 s, max: 26.9316 s)
Wed Sep 04 20:56:12, Info:  Time spent this phase (IO): 56.7888 ms (min: 40.7552 ms, max: 97.0284 ms)
Wed Sep 04 20:56:12, Info:  Performance since the start: 9.4770 TFLOP/s (rank 0: 561.8888 GFLOP/s , average over ranks: 592.3155 GFLOP/s ) 
Wed Sep 04 20:56:12, Info:  Performance since last sync point: 9.3542 TFLOP/s (rank 0: 554.3040 GFLOP/s , average over ranks: 584.6349 GFLOP/s ) 
Wed Sep 04 20:56:39, Info:  Writing faultoutput at time 11.5.
Wed Sep 04 20:56:39, Info:  Writing faultoutput at time 11.5. Done.
Wed Sep 04 20:56:39, Info:  Writing energy output at time 11.5 
Wed Sep 04 20:56:39, Info:  Elastic energy (total, % kinematic, % potential):  2.14031e+14  , 15.1357  , 84.8643 
Wed Sep 04 20:56:39, Info:  Total momentum (X, Y, Z): 1.96852e+06  , 7.53799e+06  , -1.64521e+08 
Wed Sep 04 20:56:39, Info:  Frictional work (total, % static, % radiated):  2.18158e+14  , 83.2478  , 16.7522 
Wed Sep 04 20:56:39, Info:  Seismic moment (without plasticity): 6.62765e+18  Mw: 6.47757 
Wed Sep 04 20:56:39, Info:  Writing energy output at time 11.5 Done. 
Wed Sep 04 20:56:39, Info:  Time spent this phase (total): 26.7968 s (min: 26.7702 s, max: 26.8114 s)
Wed Sep 04 20:56:39, Info:  Time spent this phase (compute): 26.7967 s (min: 26.7702 s, max: 26.8114 s)
Wed Sep 04 20:56:39, Info:  Time spent this phase (IO): 51.3771 ms (min: 40.6111 ms, max: 85.3014 ms)
Wed Sep 04 20:56:39, Info:  Performance since the start: 9.4733 TFLOP/s (rank 0: 561.6838 GFLOP/s , average over ranks: 592.0824 GFLOP/s ) 
Wed Sep 04 20:56:39, Info:  Performance since last sync point: 9.3920 TFLOP/s (rank 0: 557.2103 GFLOP/s , average over ranks: 586.9996 GFLOP/s ) 
Wed Sep 04 20:57:06, Info:  Writing faultoutput at time 12.
Wed Sep 04 20:57:06, Info:  Writing faultoutput at time 12. Done.
Wed Sep 04 20:57:06, Info:  Writing free surface at time 12.
Wed Sep 04 20:57:06, Info:  Writing free surface at time 12. Done.
Wed Sep 04 20:57:06, Info:  Writing energy output at time 12 
Wed Sep 04 20:57:06, Info:  Elastic energy (total, % kinematic, % potential):  2.65059e+14  , 16.92  , 83.08 
Wed Sep 04 20:57:06, Info:  Total momentum (X, Y, Z): -3.39791e+06  , -1.01312e+07  , 3.35086e+07 
Wed Sep 04 20:57:06, Info:  Frictional work (total, % static, % radiated):  2.70395e+14  , 80.1419  , 19.8581 
Wed Sep 04 20:57:06, Info:  Seismic moment (without plasticity): 7.7791e+18  Mw: 6.52395 
Wed Sep 04 20:57:06, Info:  Writing energy output at time 12 Done. 
Wed Sep 04 20:57:06, Info:  Time spent this phase (total): 26.8711 s (min: 26.8593 s, max: 26.8892 s)
Wed Sep 04 20:57:06, Info:  Time spent this phase (compute): 26.8710 s (min: 26.8593 s, max: 26.8892 s)
Wed Sep 04 20:57:06, Info:  Time spent this phase (IO): 53.1328 ms (min: 40.6876 ms, max: 75.5696 ms)
Wed Sep 04 20:57:06, Info:  Performance since the start: 9.4688 TFLOP/s (rank 0: 561.4099 GFLOP/s , average over ranks: 591.8000 GFLOP/s ) 
Wed Sep 04 20:57:06, Info:  Performance since last sync point: 9.3661 TFLOP/s (rank 0: 555.1841 GFLOP/s , average over ranks: 585.3785 GFLOP/s ) 
Wed Sep 04 20:57:32, Info:  Writing faultoutput at time 12.5.
Wed Sep 04 20:57:32, Info:  Writing faultoutput at time 12.5. Done.
Wed Sep 04 20:57:32, Info:  Writing energy output at time 12.5 
Wed Sep 04 20:57:32, Info:  Elastic energy (total, % kinematic, % potential):  3.18547e+14  , 17.7148  , 82.2852 
Wed Sep 04 20:57:32, Info:  Total momentum (X, Y, Z): 1.76278e+07  , -4.19997e+06  , 7.9856e+08 
Wed Sep 04 20:57:32, Info:  Frictional work (total, % static, % radiated):  3.24881e+14  , 78.0693  , 21.9307 
Wed Sep 04 20:57:32, Info:  Seismic moment (without plasticity): 9.10119e+18  Mw: 6.5694 
Wed Sep 04 20:57:32, Info:  Writing energy output at time 12.5 Done. 
Wed Sep 04 20:57:32, Info:  Time spent this phase (total): 26.7795 s (min: 26.7617 s, max: 26.7917 s)
Wed Sep 04 20:57:32, Info:  Time spent this phase (compute): 26.7795 s (min: 26.7616 s, max: 26.7917 s)
Wed Sep 04 20:57:32, Info:  Time spent this phase (IO): 51.4826 ms (min: 40.6118 ms, max: 85.4166 ms)
Wed Sep 04 20:57:32, Info:  Performance since the start: 9.4659 TFLOP/s (rank 0: 561.2482 GFLOP/s , average over ranks: 591.6218 GFLOP/s ) 
Wed Sep 04 20:57:32, Info:  Performance since last sync point: 9.3980 TFLOP/s (rank 0: 557.3940 GFLOP/s , average over ranks: 587.3772 GFLOP/s ) 
Wed Sep 04 20:57:59, Info:  Writing faultoutput at time 13.
Wed Sep 04 20:57:59, Info:  Writing faultoutput at time 13. Done.
Wed Sep 04 20:57:59, Info:  Writing free surface at time 13.
Wed Sep 04 20:57:59, Info:  Writing free surface at time 13. Done.
Wed Sep 04 20:57:59, Info:  Writing energy output at time 13 
Wed Sep 04 20:57:59, Info:  Elastic energy (total, % kinematic, % potential):  3.71197e+14  , 17.9782  , 82.0218 
Wed Sep 04 20:57:59, Info:  Total momentum (X, Y, Z): -4.03246e+06  , 4.73738e+07  , -1.20547e+09 
Wed Sep 04 20:57:59, Info:  Frictional work (total, % static, % radiated):  3.7844e+14  , 76.8969  , 23.1031 
Wed Sep 04 20:57:59, Info:  Seismic moment (without plasticity): 1.05782e+19  Mw: 6.61294 
Wed Sep 04 20:57:59, Info:  Writing energy output at time 13 Done. 
Wed Sep 04 20:57:59, Info:  Time spent this phase (total): 27.0278 s (min: 27.0234 s, max: 27.0432 s)
Wed Sep 04 20:57:59, Info:  Time spent this phase (compute): 27.0277 s (min: 27.0234 s, max: 27.0431 s)
Wed Sep 04 20:57:59, Info:  Time spent this phase (IO): 55.0848 ms (min: 40.7804 ms, max: 86.1642 ms)
Wed Sep 04 20:57:59, Info:  Performance since the start: 9.4599 TFLOP/s (rank 0: 560.8874 GFLOP/s , average over ranks: 591.2452 GFLOP/s ) 
Wed Sep 04 20:57:59, Info:  Performance since last sync point: 9.3117 TFLOP/s (rank 0: 552.0174 GFLOP/s , average over ranks: 581.9839 GFLOP/s ) 
Wed Sep 04 20:58:26, Info:  Writing faultoutput at time 13.5.
Wed Sep 04 20:58:26, Info:  Writing faultoutput at time 13.5. Done.
Wed Sep 04 20:58:26, Info:  Writing energy output at time 13.5 
Wed Sep 04 20:58:26, Info:  Elastic energy (total, % kinematic, % potential):  4.23927e+14  , 18.094  , 81.906 
Wed Sep 04 20:58:26, Info:  Total momentum (X, Y, Z): -1.8337e+07  , -4.97741e+07  , -2.45493e+09 
Wed Sep 04 20:58:26, Info:  Frictional work (total, % static, % radiated):  4.32062e+14  , 76.2615  , 23.7385 
Wed Sep 04 20:58:26, Info:  Seismic moment (without plasticity): 1.22209e+19  Mw: 6.65474 
Wed Sep 04 20:58:26, Info:  Writing energy output at time 13.5 Done. 
Wed Sep 04 20:58:26, Info:  Time spent this phase (total): 27.0855 s (min: 27.0704 s, max: 27.0899 s)
Wed Sep 04 20:58:26, Info:  Time spent this phase (compute): 27.0855 s (min: 27.0703 s, max: 27.0898 s)
Wed Sep 04 20:58:26, Info:  Time spent this phase (IO): 51.5415 ms (min: 40.6189 ms, max: 85.1217 ms)
Wed Sep 04 20:58:26, Info:  Performance since the start: 9.4536 TFLOP/s (rank 0: 560.5166 GFLOP/s , average over ranks: 590.8494 GFLOP/s ) 
Wed Sep 04 20:58:26, Info:  Performance since last sync point: 9.2919 TFLOP/s (rank 0: 551.0440 GFLOP/s , average over ranks: 580.7421 GFLOP/s ) 
Wed Sep 04 20:58:53, Info:  Writing faultoutput at time 14.
Wed Sep 04 20:58:53, Info:  Writing faultoutput at time 14. Done.
Wed Sep 04 20:58:53, Info:  Writing free surface at time 14.
Wed Sep 04 20:58:53, Info:  Writing free surface at time 14. Done.
Wed Sep 04 20:58:53, Info:  Writing energy output at time 14 
Wed Sep 04 20:58:53, Info:  Elastic energy (total, % kinematic, % potential):  4.79859e+14  , 18.1959  , 81.8041 
Wed Sep 04 20:58:53, Info:  Total momentum (X, Y, Z): 2.14068e+07  , -5.39206e+07  , 6.76992e+09 
Wed Sep 04 20:58:53, Info:  Frictional work (total, % static, % radiated):  4.89052e+14  , 75.6829  , 24.3171 
Wed Sep 04 20:58:53, Info:  Seismic moment (without plasticity): 1.40519e+19  Mw: 6.69516 
Wed Sep 04 20:58:53, Info:  Writing energy output at time 14 Done. 
Wed Sep 04 20:58:53, Info:  Time spent this phase (total): 26.8307 s (min: 26.8132 s, max: 26.8691 s)
Wed Sep 04 20:58:53, Info:  Time spent this phase (compute): 26.8307 s (min: 26.8131 s, max: 26.8691 s)
Wed Sep 04 20:58:53, Info:  Time spent this phase (IO): 58.4483 ms (min: 40.7271 ms, max: 101.9902 ms)
Wed Sep 04 20:58:53, Info:  Performance since the start: 9.4509 TFLOP/s (rank 0: 560.3499 GFLOP/s , average over ranks: 590.6841 GFLOP/s ) 
Wed Sep 04 20:58:53, Info:  Performance since last sync point: 9.3801 TFLOP/s (rank 0: 555.8873 GFLOP/s , average over ranks: 586.2548 GFLOP/s ) 
Wed Sep 04 20:59:20, Info:  Writing faultoutput at time 14.5.
Wed Sep 04 20:59:20, Info:  Writing faultoutput at time 14.5. Done.
Wed Sep 04 20:59:20, Info:  Writing energy output at time 14.5 
Wed Sep 04 20:59:20, Info:  Elastic energy (total, % kinematic, % potential):  5.41713e+14  , 18.3209  , 81.6791 
Wed Sep 04 20:59:20, Info:  Total momentum (X, Y, Z): 1.21231e+07  , 1.51817e+08  , 5.41356e+09 
Wed Sep 04 20:59:20, Info:  Frictional work (total, % static, % radiated):  5.51977e+14  , 74.963  , 25.037 
Wed Sep 04 20:59:20, Info:  Seismic moment (without plasticity): 1.60421e+19  Mw: 6.73351 
Wed Sep 04 20:59:20, Info:  Writing energy output at time 14.5 Done. 
Wed Sep 04 20:59:20, Info:  Time spent this phase (total): 26.7833 s (min: 26.7437 s, max: 26.8024 s)
Wed Sep 04 20:59:20, Info:  Time spent this phase (compute): 26.7832 s (min: 26.7436 s, max: 26.8023 s)
Wed Sep 04 20:59:20, Info:  Time spent this phase (IO): 50.8114 ms (min: 40.6522 ms, max: 84.9124 ms)
Wed Sep 04 20:59:20, Info:  Performance since the start: 9.4491 TFLOP/s (rank 0: 560.2493 GFLOP/s , average over ranks: 590.5667 GFLOP/s ) 
Wed Sep 04 20:59:20, Info:  Performance since last sync point: 9.3968 TFLOP/s (rank 0: 557.4459 GFLOP/s , average over ranks: 587.2986 GFLOP/s ) 
Wed Sep 04 20:59:47, Info:  Writing faultoutput at time 15.
Wed Sep 04 20:59:47, Info:  Writing faultoutput at time 15. Done.
Wed Sep 04 20:59:47, Info:  Writing free surface at time 15.
Wed Sep 04 20:59:47, Info:  Writing free surface at time 15. Done.
Wed Sep 04 20:59:47, Info:  Writing energy output at time 15 
Wed Sep 04 20:59:47, Info:  Elastic energy (total, % kinematic, % potential):  6.11057e+14  , 18.4536  , 81.5464 
Wed Sep 04 20:59:47, Info:  Total momentum (X, Y, Z): 3.80349e+07  , -663543  , -2.8603e+10 
Wed Sep 04 20:59:47, Info:  Frictional work (total, % static, % radiated):  6.22636e+14  , 74.1375  , 25.8625 
Wed Sep 04 20:59:47, Info:  Seismic moment (without plasticity): 1.81745e+19  Mw: 6.76964 
Wed Sep 04 20:59:47, Info:  Writing energy output at time 15 Done. 
Wed Sep 04 20:59:47, Info:  Time spent this phase (total): 26.8814 s (min: 26.8760 s, max: 26.8957 s)
Wed Sep 04 20:59:47, Info:  Time spent this phase (compute): 26.8813 s (min: 26.8760 s, max: 26.8956 s)
Wed Sep 04 20:59:47, Info:  Time spent this phase (IO): 54.9504 ms (min: 40.7268 ms, max: 85.3328 ms)
Wed Sep 04 20:59:47, Info:  Performance since the start: 9.4462 TFLOP/s (rank 0: 560.0733 GFLOP/s , average over ranks: 590.3846 GFLOP/s ) 
Wed Sep 04 20:59:47, Info:  Performance since last sync point: 9.3625 TFLOP/s (rank 0: 555.0168 GFLOP/s , average over ranks: 585.1531 GFLOP/s ) 
Wed Sep 04 21:00:14, Info:  Writing faultoutput at time 15.5.
Wed Sep 04 21:00:14, Info:  Writing faultoutput at time 15.5. Done.
Wed Sep 04 21:00:14, Info:  Writing energy output at time 15.5 
Wed Sep 04 21:00:14, Info:  Elastic energy (total, % kinematic, % potential):  6.885e+14  , 18.6082  , 81.3918 
Wed Sep 04 21:00:14, Info:  Total momentum (X, Y, Z): -1.30327e+08  , -1.85823e+08  , -2.44057e+10 
Wed Sep 04 21:00:14, Info:  Frictional work (total, % static, % radiated):  7.01528e+14  , 73.2345  , 26.7655 
Wed Sep 04 21:00:14, Info:  Seismic moment (without plasticity): 2.04443e+19  Mw: 6.80371 
Wed Sep 04 21:00:14, Info:  Writing energy output at time 15.5 Done. 
Wed Sep 04 21:00:14, Info:  Time spent this phase (total): 27.0707 s (min: 27.0556 s, max: 27.0742 s)
Wed Sep 04 21:00:14, Info:  Time spent this phase (compute): 27.0706 s (min: 27.0555 s, max: 27.0742 s)
Wed Sep 04 21:00:14, Info:  Time spent this phase (IO): 51.6974 ms (min: 40.6335 ms, max: 86.5877 ms)
Wed Sep 04 21:00:14, Info:  Performance since the start: 9.4413 TFLOP/s (rank 0: 559.7878 GFLOP/s , average over ranks: 590.0792 GFLOP/s ) 
Wed Sep 04 21:00:14, Info:  Performance since last sync point: 9.2970 TFLOP/s (rank 0: 551.3553 GFLOP/s , average over ranks: 581.0608 GFLOP/s ) 
Wed Sep 04 21:00:41, Info:  Writing faultoutput at time 16.
Wed Sep 04 21:00:41, Info:  Writing faultoutput at time 16. Done.
Wed Sep 04 21:00:41, Info:  Writing free surface at time 16.
Wed Sep 04 21:00:41, Info:  Writing free surface at time 16. Done.
Wed Sep 04 21:00:41, Info:  Writing energy output at time 16 
Wed Sep 04 21:00:41, Info:  Elastic energy (total, % kinematic, % potential):  7.7425e+14  , 18.7566  , 81.2434 
Wed Sep 04 21:00:41, Info:  Total momentum (X, Y, Z): -5.5483e+08  , 2.65869e+08  , 7.51566e+10 
Wed Sep 04 21:00:41, Info:  Frictional work (total, % static, % radiated):  7.88959e+14  , 72.2468  , 27.7532 
Wed Sep 04 21:00:41, Info:  Seismic moment (without plasticity): 2.28214e+19  Mw: 6.83556 
Wed Sep 04 21:00:41, Info:  Writing energy output at time 16 Done. 
Wed Sep 04 21:00:41, Info:  Time spent this phase (total): 27.1113 s (min: 27.1077 s, max: 27.1260 s)
Wed Sep 04 21:00:41, Info:  Time spent this phase (compute): 27.1112 s (min: 27.1076 s, max: 27.1259 s)
Wed Sep 04 21:00:41, Info:  Time spent this phase (IO): 55.1339 ms (min: 40.7655 ms, max: 85.8054 ms)
Wed Sep 04 21:00:41, Info:  Performance since the start: 9.4362 TFLOP/s (rank 0: 559.4870 GFLOP/s , average over ranks: 589.7650 GFLOP/s ) 
Wed Sep 04 21:00:41, Info:  Performance since last sync point: 9.2830 TFLOP/s (rank 0: 550.3207 GFLOP/s , average over ranks: 580.1897 GFLOP/s ) 
Wed Sep 04 21:01:08, Info:  Writing faultoutput at time 16.5.
Wed Sep 04 21:01:08, Info:  Writing faultoutput at time 16.5. Done.
Wed Sep 04 21:01:08, Info:  Writing energy output at time 16.5 
Wed Sep 04 21:01:08, Info:  Elastic energy (total, % kinematic, % potential):  8.66131e+14  , 18.8261  , 81.1739 
Wed Sep 04 21:01:08, Info:  Total momentum (X, Y, Z): -1.62446e+08  , 3.86e+08  , 1.00342e+11 
Wed Sep 04 21:01:08, Info:  Frictional work (total, % static, % radiated):  8.82767e+14  , 71.3704  , 28.6296 
Wed Sep 04 21:01:08, Info:  Seismic moment (without plasticity): 2.52667e+19  Mw: 6.86503 
Wed Sep 04 21:01:08, Info:  Writing energy output at time 16.5 Done. 
Wed Sep 04 21:01:08, Info:  Time spent this phase (total): 26.7954 s (min: 26.7770 s, max: 26.8197 s)
Wed Sep 04 21:01:08, Info:  Time spent this phase (compute): 26.7954 s (min: 26.7770 s, max: 26.8196 s)
Wed Sep 04 21:01:08, Info:  Time spent this phase (IO): 50.9613 ms (min: 40.6099 ms, max: 74.8331 ms)
Wed Sep 04 21:01:08, Info:  Performance since the start: 9.4349 TFLOP/s (rank 0: 559.4135 GFLOP/s , average over ranks: 589.6818 GFLOP/s ) 
Wed Sep 04 21:01:08, Info:  Performance since last sync point: 9.3925 TFLOP/s (rank 0: 557.0730 GFLOP/s , average over ranks: 587.0302 GFLOP/s ) 
Wed Sep 04 21:01:35, Info:  Writing faultoutput at time 17.
Wed Sep 04 21:01:35, Info:  Writing faultoutput at time 17. Done.
Wed Sep 04 21:01:35, Info:  Writing free surface at time 17.
Wed Sep 04 21:01:35, Info:  Writing free surface at time 17. Done.
Wed Sep 04 21:01:35, Info:  Writing energy output at time 17 
Wed Sep 04 21:01:35, Info:  Elastic energy (total, % kinematic, % potential):  9.60874e+14  , 18.7787  , 81.2213 
Wed Sep 04 21:01:35, Info:  Total momentum (X, Y, Z): 1.56313e+09  , -4.52409e+08  , -1.22362e+11 
Wed Sep 04 21:01:35, Info:  Frictional work (total, % static, % radiated):  9.80097e+14  , 70.614  , 29.386 
Wed Sep 04 21:01:35, Info:  Seismic moment (without plasticity): 2.77561e+19  Mw: 6.89224 
Wed Sep 04 21:01:35, Info:  Writing energy output at time 17 Done. 
Wed Sep 04 21:01:35, Info:  Time spent this phase (total): 26.7849 s (min: 26.7615 s, max: 26.8031 s)
Wed Sep 04 21:01:35, Info:  Time spent this phase (compute): 26.7848 s (min: 26.7615 s, max: 26.8031 s)
Wed Sep 04 21:01:35, Info:  Time spent this phase (IO): 55.0718 ms (min: 40.6881 ms, max: 85.4262 ms)
Wed Sep 04 21:01:35, Info:  Performance since the start: 9.4338 TFLOP/s (rank 0: 559.3412 GFLOP/s , average over ranks: 589.6103 GFLOP/s ) 
Wed Sep 04 21:01:35, Info:  Performance since last sync point: 9.3962 TFLOP/s (rank 0: 556.9656 GFLOP/s , average over ranks: 587.2610 GFLOP/s ) 
Wed Sep 04 21:02:02, Info:  Writing faultoutput at time 17.5.
Wed Sep 04 21:02:02, Info:  Writing faultoutput at time 17.5. Done.
Wed Sep 04 21:02:02, Info:  Writing energy output at time 17.5 
Wed Sep 04 21:02:02, Info:  Elastic energy (total, % kinematic, % potential):  1.05468e+15  , 18.6351  , 81.3649 
Wed Sep 04 21:02:02, Info:  Total momentum (X, Y, Z): 2.14284e+09  , -7.9648e+08  , -1.29808e+11 
Wed Sep 04 21:02:02, Info:  Frictional work (total, % static, % radiated):  1.07624e+15  , 70.0818  , 29.9182 
Wed Sep 04 21:02:02, Info:  Seismic moment (without plasticity): 3.02727e+19  Mw: 6.91737 
Wed Sep 04 21:02:02, Info:  Writing energy output at time 17.5 Done. 
Wed Sep 04 21:02:02, Info:  Time spent this phase (total): 26.9130 s (min: 26.8914 s, max: 26.9383 s)
Wed Sep 04 21:02:02, Info:  Time spent this phase (compute): 26.9129 s (min: 26.8913 s, max: 26.9382 s)
Wed Sep 04 21:02:02, Info:  Time spent this phase (IO): 56.8680 ms (min: 40.6029 ms, max: 120.5167 ms)
Wed Sep 04 21:02:02, Info:  Performance since the start: 9.4314 TFLOP/s (rank 0: 559.1963 GFLOP/s , average over ranks: 589.4621 GFLOP/s ) 
Wed Sep 04 21:02:02, Info:  Performance since last sync point: 9.3515 TFLOP/s (rank 0: 554.3128 GFLOP/s , average over ranks: 584.4657 GFLOP/s ) 
Wed Sep 04 21:02:29, Info:  Writing faultoutput at time 18.
Wed Sep 04 21:02:29, Info:  Writing faultoutput at time 18. Done.
Wed Sep 04 21:02:29, Info:  Writing free surface at time 18.
Wed Sep 04 21:02:29, Info:  Writing free surface at time 18. Done.
Wed Sep 04 21:02:29, Info:  Writing energy output at time 18 
Wed Sep 04 21:02:29, Info:  Elastic energy (total, % kinematic, % potential):  1.14617e+15  , 18.4458  , 81.5542 
Wed Sep 04 21:02:29, Info:  Total momentum (X, Y, Z): -9.26598e+08  , 6.60622e+08  , 1.37135e+12 
Wed Sep 04 21:02:29, Info:  Frictional work (total, % static, % radiated):  1.16995e+15  , 69.6995  , 30.3005 
Wed Sep 04 21:02:29, Info:  Seismic moment (without plasticity): 3.28014e+19  Mw: 6.94059 
Wed Sep 04 21:02:29, Info:  Writing energy output at time 18 Done. 
Wed Sep 04 21:02:29, Info:  Time spent this phase (total): 26.9267 s (min: 26.8979 s, max: 26.9601 s)
Wed Sep 04 21:02:29, Info:  Time spent this phase (compute): 26.9266 s (min: 26.8979 s, max: 26.9600 s)
Wed Sep 04 21:02:29, Info:  Time spent this phase (IO): 57.3176 ms (min: 40.7512 ms, max: 87.9006 ms)
Wed Sep 04 21:02:29, Info:  Performance since the start: 9.4290 TFLOP/s (rank 0: 559.0602 GFLOP/s , average over ranks: 589.3136 GFLOP/s ) 
Wed Sep 04 21:02:29, Info:  Performance since last sync point: 9.3467 TFLOP/s (rank 0: 554.3385 GFLOP/s , average over ranks: 584.1662 GFLOP/s ) 
Wed Sep 04 21:02:56, Info:  Writing faultoutput at time 18.5.
Wed Sep 04 21:02:56, Info:  Writing faultoutput at time 18.5. Done.
Wed Sep 04 21:02:56, Info:  Writing energy output at time 18.5 
Wed Sep 04 21:02:56, Info:  Elastic energy (total, % kinematic, % potential):  1.23583e+15  , 18.2413  , 81.7587 
Wed Sep 04 21:02:56, Info:  Total momentum (X, Y, Z): -4.79453e+09  , 2.25033e+09  , 5.71206e+12 
Wed Sep 04 21:02:56, Info:  Frictional work (total, % static, % radiated):  1.26204e+15  , 69.3708  , 30.6292 
Wed Sep 04 21:02:56, Info:  Seismic moment (without plasticity): 3.53295e+19  Mw: 6.96209 
Wed Sep 04 21:02:56, Info:  Writing energy output at time 18.5 Done. 
Wed Sep 04 21:02:56, Info:  Time spent this phase (total): 27.0338 s (min: 27.0037 s, max: 27.0477 s)
Wed Sep 04 21:02:56, Info:  Time spent this phase (compute): 27.0337 s (min: 27.0037 s, max: 27.0476 s)
Wed Sep 04 21:02:56, Info:  Time spent this phase (IO): 51.2743 ms (min: 40.5798 ms, max: 82.7879 ms)
Wed Sep 04 21:02:56, Info:  Performance since the start: 9.4258 TFLOP/s (rank 0: 558.8704 GFLOP/s , average over ranks: 589.1096 GFLOP/s ) 
Wed Sep 04 21:02:56, Info:  Performance since last sync point: 9.3097 TFLOP/s (rank 0: 552.1237 GFLOP/s , average over ranks: 581.8562 GFLOP/s ) 
Wed Sep 04 21:03:22, Info:  Writing faultoutput at time 19.
Wed Sep 04 21:03:22, Info:  Writing faultoutput at time 19. Done.
Wed Sep 04 21:03:22, Info:  Writing free surface at time 19.
Wed Sep 04 21:03:22, Info:  Writing free surface at time 19. Done.
Wed Sep 04 21:03:22, Info:  Writing energy output at time 19 
Wed Sep 04 21:03:23, Info:  Elastic energy (total, % kinematic, % potential):  1.32432e+15  , 18.0185  , 81.9815 
Wed Sep 04 21:03:23, Info:  Total momentum (X, Y, Z): -3.12996e+09  , -6.52489e+08  , 1.31508e+13 
Wed Sep 04 21:03:23, Info:  Frictional work (total, % static, % radiated):  1.35271e+15  , 69.0936  , 30.9064 
Wed Sep 04 21:03:23, Info:  Seismic moment (without plasticity): 3.78548e+19  Mw: 6.98208 
Wed Sep 04 21:03:23, Info:  Writing energy output at time 19 Done. 
Wed Sep 04 21:03:23, Info:  Time spent this phase (total): 26.9128 s (min: 26.8725 s, max: 26.9797 s)
Wed Sep 04 21:03:23, Info:  Time spent this phase (compute): 26.9128 s (min: 26.8724 s, max: 26.9796 s)
Wed Sep 04 21:03:23, Info:  Time spent this phase (IO): 63.7797 ms (min: 40.8742 ms, max: 146.9662 ms)
Wed Sep 04 21:03:23, Info:  Performance since the start: 9.4238 TFLOP/s (rank 0: 558.7309 GFLOP/s , average over ranks: 588.9865 GFLOP/s ) 
Wed Sep 04 21:03:23, Info:  Performance since last sync point: 9.3515 TFLOP/s (rank 0: 553.6185 GFLOP/s , average over ranks: 584.4679 GFLOP/s ) 
Wed Sep 04 21:03:50, Info:  Writing faultoutput at time 19.5.
Wed Sep 04 21:03:50, Info:  Writing faultoutput at time 19.5. Done.
Wed Sep 04 21:03:50, Info:  Writing energy output at time 19.5 
Wed Sep 04 21:03:50, Info:  Elastic energy (total, % kinematic, % potential):  1.41e+15  , 17.8145  , 82.1855 
Wed Sep 04 21:03:50, Info:  Total momentum (X, Y, Z): 3.46633e+09  , -6.83978e+09  , 2.26451e+13 
Wed Sep 04 21:03:50, Info:  Frictional work (total, % static, % radiated):  1.44011e+15  , 68.8943  , 31.1057 
Wed Sep 04 21:03:50, Info:  Seismic moment (without plasticity): 4.03775e+19  Mw: 7.00076 
Wed Sep 04 21:03:50, Info:  Writing energy output at time 19.5 Done. 
Wed Sep 04 21:03:50, Info:  Time spent this phase (total): 27.1186 s (min: 27.0543 s, max: 27.1599 s)
Wed Sep 04 21:03:50, Info:  Time spent this phase (compute): 27.1184 s (min: 27.0543 s, max: 27.1598 s)
Wed Sep 04 21:03:50, Info:  Time spent this phase (IO): 51.9557 ms (min: 40.6210 ms, max: 86.8526 ms)
Wed Sep 04 21:03:50, Info:  Performance since the start: 9.4201 TFLOP/s (rank 0: 558.5326 GFLOP/s , average over ranks: 588.7535 GFLOP/s ) 
Wed Sep 04 21:03:50, Info:  Performance since last sync point: 9.2806 TFLOP/s (rank 0: 551.0976 GFLOP/s , average over ranks: 580.0385 GFLOP/s ) 
Wed Sep 04 21:04:16, Info:  Writing faultoutput at time 20.
Wed Sep 04 21:04:16, Info:  Writing faultoutput at time 20. Done.
Wed Sep 04 21:04:16, Info:  Writing free surface at time 20.
Wed Sep 04 21:04:16, Info:  Writing free surface at time 20. Done.
Wed Sep 04 21:04:16, Info:  Wrote receivers in 3.13e-07 seconds. 
Wed Sep 04 21:04:16, Info:  Writing energy output at time 20 
Wed Sep 04 21:04:17, Info:  Elastic energy (total, % kinematic, % potential):  1.49064e+15  , 17.5813  , 82.4187 
Wed Sep 04 21:04:17, Info:  Total momentum (X, Y, Z): 5.40972e+09  , -6.21085e+09  , 3.27144e+13 
Wed Sep 04 21:04:17, Info:  Frictional work (total, % static, % radiated):  1.52255e+15  , 68.7682  , 31.2318 
Wed Sep 04 21:04:17, Info:  Seismic moment (without plasticity): 4.28911e+19  Mw: 7.01824 
Wed Sep 04 21:04:17, Info:  Writing energy output at time 20 Done. 
Wed Sep 04 21:04:17, Info:  Time spent this phase (total): 26.8828 s (min: 26.8785 s, max: 26.8985 s)
Wed Sep 04 21:04:17, Info:  Time spent this phase (compute): 26.8827 s (min: 26.8784 s, max: 26.8984 s)
Wed Sep 04 21:04:17, Info:  Time spent this phase (IO): 55.2158 ms (min: 40.6836 ms, max: 85.8365 ms)
Wed Sep 04 21:04:17, Info:  Performance since the start: 9.4186 TFLOP/s (rank 0: 558.4435 GFLOP/s , average over ranks: 588.6622 GFLOP/s ) 
Wed Sep 04 21:04:17, Info:  Performance since last sync point: 9.3619 TFLOP/s (rank 0: 554.9920 GFLOP/s , average over ranks: 585.1218 GFLOP/s ) 
Wed Sep 04 21:04:17, Info:  Ignoring duplicate synchronisation point at time 20 ; the last sync point was at  20 
Wed Sep 04 21:04:17, Info:  Ignoring duplicate synchronisation point at time 20 ; the last sync point was at  20 
Wed Sep 04 21:04:17, Info:  Ignoring duplicate synchronisation point at time 20 ; the last sync point was at  20 
Wed Sep 04 21:04:17, Info:  Ignoring duplicate synchronisation point at time 20 ; the last sync point was at  20 
Wed Sep 04 21:04:17, Info:  Simulation time (total): 17 min 48.8455 s (min: 17 min 48.8099 s, max: 17 min 48.8696 s)
Wed Sep 04 21:04:17, Info:  Simulation time (compute): 17 min 46.6229 s (min: 17 min 45.3757 s, max: 17 min 47.1561 s)
Wed Sep 04 21:04:17, Info:  Simulation time (IO): 2.2171 s (min: 1.6685 s, max: 3.4730 s)
Wed Sep 04 21:04:17, Info:  Time spent in compute kernels: mean = 1012.9  std = 18.6962  min = 989.408  median = 1011.85  max = 1048.27 
Wed Sep 04 21:04:17, Info:  Load imbalance: 3.37394 % 
Wed Sep 04 21:04:17, Info:  Regression analysis of compute kernels: 
Wed Sep 04 21:04:17, Info:  "computeLocalIntegration" (total time): 4902.46 s ( = 1 h 21 min 42.4642 s ) 
Wed Sep 04 21:04:17, Info:  "computeLocalIntegration" ( constant ): 2.08837e-05 (sample size: 5.23828e+06 , standard error: 4.52272e-12 ) 
Wed Sep 04 21:04:17, Info:  "computeLocalIntegration" ( per element ): 8.27158e-08 (sample size: 5.23828e+06 , standard error: 4.52272e-12 ) 
Wed Sep 04 21:04:17, Info:  "computeNeighboringIntegration" (total time): 5968.65 s ( = 1 h 39 min 28.6512 s ) 
Wed Sep 04 21:04:17, Info:  "computeNeighboringIntegration" ( constant ): 0.000138439 (sample size: 5.23828e+06 , standard error: 6.97513e-12 ) 
Wed Sep 04 21:04:17, Info:  "computeNeighboringIntegration" ( per element ): 9.04885e-08 (sample size: 5.23828e+06 , standard error: 6.97513e-12 ) 
Wed Sep 04 21:04:17, Info:  "computeDynamicRupture" (total time): 5335.32 s ( = 1 h 28 min 55.3156 s ) 
Wed Sep 04 21:04:17, Info:  "computeDynamicRupture" ( constant ): 8.31553e-05 (sample size: 4.0434e+06 , standard error: 4.20937e-11 ) 
Wed Sep 04 21:04:17, Info:  "computeDynamicRupture" ( per element ): 4.52519e-07 (sample size: 4.0434e+06 , standard error: 4.20937e-11 ) 
Wed Sep 04 21:04:17, Info:  "computePointSources" (total time): 0 s ( = 0.0000 s ) 
Wed Sep 04 21:04:17, Info:  "computePointSources" ( constant ): -nan (sample size: 0 , standard error: -nan ) 
Wed Sep 04 21:04:17, Info:  "computePointSources" ( per element ): -nan (sample size: 0 , standard error: -nan ) 
Wed Sep 04 21:04:17, Info:  Total time spent in compute kernels: 16206.4 s ( = 4 h 30 min 6.4309 s ) 
Wed Sep 04 21:04:17, Info:  Total calculated HW-FLOP:  10.0670 PFLOP 
Wed Sep 04 21:04:17, Info:  Total calculated NZ-FLOP:  4.0243 PFLOP 
Wed Sep 04 21:04:17, Info:  Total calculated HW-FLOP/s:  9.4184 TFLOP/s 
Wed Sep 04 21:04:17, Info:  Total calculated NZ-FLOP/s:  3.7650 TFLOP/s 
Wed Sep 04 21:04:17, Info:  WP calculated HW-FLOP:  8.3412 PFLOP 
Wed Sep 04 21:04:17, Info:  WP calculated NZ-FLOP:  2.7410 PFLOP 
Wed Sep 04 21:04:17, Info:  DR calculated HW-FLOP:  1.7259 PFLOP 
Wed Sep 04 21:04:17, Info:  DR calculated NZ-FLOP:  1.2833 PFLOP 
Wed Sep 04 21:04:17, Info:  PL calculated HW-FLOP:  0.0000 FLOP 
Wed Sep 04 21:04:17, Info:  PL calculated NZ-FLOP:  0.0000 FLOP 
Wed Sep 04 21:04:17, Info:  Time spent in simulation: 17 min 48.8701 s (min: 17 min 48.8698 s, max: 17 min 48.8709 s)
Wed Sep 04 21:04:17, Info:  Simulation done. 
Wed Sep 04 21:04:17, Info:  Closing IO. 
Wed Sep 04 21:04:17, Info:  Time free surface writer backend: 707.3525 ms (min: 3.9885 ms, max: 5.8958 s)
Wed Sep 04 21:04:17, Info:  Time fault writer backend: 3.8560 s (min: 1.7269 s, max: 22.9744 s)
Wed Sep 04 21:04:17, Info:  Time fault writer frontend: 45.8364 ms (min: 39.8155 ms, max: 50.2748 ms)
Wed Sep 04 21:04:17, Info:  Time free surface writer frontend: 5.6749 ms (min: 416.2270 s, max: 22.0756 ms)
Wed Sep 04 21:04:18, Info:  SeisSol done. Goodbye. 
SeisSol complete.
/hppfs/scratch/01/di35poq/haiti-rupture-outputs/dynamic-rupture-outputs/combined_FL33-regional/jobid_3879036 ~/haiti-rupture-inputs/dynamic-rupture/combined_FL33-regional
Writing hdf5 output with compression enabled (compression_level=4). 
Use --compression=0 if you want to speed-up data extraction.
u1: 0it [00:00, ?it/s]u1: 1it [00:00,  5.77it/s]u1: 8it [00:00, 29.29it/s]u1: 19it [00:00, 56.71it/s]u1: 20it [00:00, 45.51it/s]
u2: 0it [00:00, ?it/s]u2: 3it [00:00, 28.86it/s]u2: 8it [00:00, 30.30it/s]u2: 18it [00:00, 56.58it/s]u2: 20it [00:00, 51.13it/s]
u3: 0it [00:00, ?it/s]u3: 1it [00:00,  5.42it/s]u3: 5it [00:00, 20.09it/s]u3: 9it [00:00, 27.52it/s]u3: 15it [00:00, 38.87it/s]u3: 20it [00:00, 40.97it/s]u3: 20it [00:00, 33.19it/s]
done writing output_jobid_3879036_extracted-surface.h5
done writing output_jobid_3879036_extracted-surface.xdmf
full path: /hppfs/scratch/01/di35poq/haiti-rupture-outputs/dynamic-rupture-outputs/combined_FL33-regional/jobid_3879036/output_jobid_3879036_extracted-surface.xdmf
Working on JobID: 3879036
No matching file found for jobid 3879036. Assigning output-fault.xdmf instead
/hppfs/scratch/01/di35poq/haiti-rupture-outputs/dynamic-rupture-outputs/combined_FL33-regional/jobid_3879036/output-fault.xdmf
warning: Mw computed over 0-85s (avoiding contribution of small residual moment after rupture)
jobid_3879036 moment magnitude: 7.0182447896323605 (M0 = 4.2891e+19)
Finished writing /hppfs/scratch/01/di35poq/haiti-rupture-outputs/dynamic-rupture-outputs/combined_FL33-regional/jobid_3879036/moment_rate_mainshock.png
No matching file found for jobid 3879036. Looking for output-fault.xdmf instead
mu_s: 0.5
mu_d: 0.35
done writing /hppfs/scratch/01/di35poq/haiti-rupture-outputs/dynamic-rupture-outputs/combined_FL33-regional/jobid_3879036/output_jobid_3879036_extracted-fault.xdmf
full path: /hppfs/scratch/01/di35poq/haiti-rupture-outputs/dynamic-rupture-outputs/combined_FL33-regional/jobid_3879036/output_jobid_3879036_extracted-fault.xdmf
done writing /hppfs/scratch/01/di35poq/haiti-rupture-outputs/dynamic-rupture-outputs/combined_FL33-regional/jobid_3879036/output_jobid_3879036_extracted-fault.h5
Job ID set as: 3879036
mu_s: 0.5
mu_d: 0.35
~/haiti-rupture-inputs/dynamic-rupture/combined_FL33-regional
