Thu Aug 08 01:57:30, Info:  Using the parameter file parameters.par 
Thu Aug 08 01:57:30, Info:  Reading SeisSol parameter file... 
Thu Aug 08 01:57:30, Info:  In your parameter file, you have specified a non-positive interval for "checkpointinterval" . This mechanism is deprecated and may be removed in a future version of SeisSol. Consider disabling the whole module by setting "checkpoint" to 0 instead by adding "checkpoint = 0" to the "output" section of your parameter file instead. 
Thu Aug 08 01:57:30, Info:  The field "printintervalcriterion" is no longer in use. You may safely remove it from your parameters file. 
Thu Aug 08 01:57:30, Info:  Disabling the wavefield output by setting "outputformat = 10" is deprecated and may be removed in a future version of SeisSol. Consider using the parameter "wavefieldoutput" instead. To disable wavefield output, add "wavefieldoutput = 0" to the "output" section of your parameters file. 
Thu Aug 08 01:57:30, Info:  The field "printintervalcriterion" is no longer in use. You may safely remove it from your parameters file. 
Thu Aug 08 01:57:30, Info:  The field "pickdttype" is no longer in use. You may safely remove it from your parameters file. 
Thu Aug 08 01:57:30, Info:  The field "faultoutputflag" is no longer in use. You may safely remove it from your parameters file. 
Thu Aug 08 01:57:30, Info:  The field "boundaries" is no longer in use. You may safely remove it from your parameters file. 
Thu Aug 08 01:57:30, Info:  SeisSol parameter file read successfully. 
Thu Aug 08 01:57:30, Info:  Model information: 
Thu Aug 08 01:57:30, Info:  Elastic model: yes 
Thu Aug 08 01:57:30, Info:  Viscoelastic model: no 
Thu Aug 08 01:57:30, Info:  Anelastic model: no 
Thu Aug 08 01:57:30, Info:  Poroelastic model: no 
Thu Aug 08 01:57:30, Info:  Anisotropic model: no 
Thu Aug 08 01:57:30, Info:  Plasticity: no 
Thu Aug 08 01:57:30, Info:  Welcome to SeisSol 
Thu Aug 08 01:57:30, Info:  Copyright (c) 2012 - 2024  SeisSol Group 
Thu Aug 08 01:57:30, Info:  Version: v1.1.4-148-g60aedc8c (dirty) 
Thu Aug 08 01:57:30, Info:  Built on: Jun 17 2024 21:03:35 
Thu Aug 08 01:57:30, Info:  Last commit: 60aedc8c2ae0a5d9e5a46cc3a40e4eaf1c047225 at 2024-06-06T12:54:08+00:00 
Thu Aug 08 01:57:30, Info:  Compiled with HOST_ARCH = skx 
Thu Aug 08 01:57:30, Info:  Running on (rank=0): "i01r01c01s01" 
Thu Aug 08 01:57:30, Info:  Using MPI with #ranks: 16 
Thu Aug 08 01:57:30, Info:  Node-wide (shared memory) MPI with #ranks/node: 1 
Thu Aug 08 01:57:30, Info:  Using asynchronous MPI routines. 
Thu Aug 08 01:57:30, Info:  Using OMP with #threads/rank: 94 
Thu Aug 08 01:57:30, Info:  OpenMP worker affinity (this process): "0123456789|0123456789|0123456789|0123456789|0123456-89|0123456789|0123456789|0123456789|0123456789|01234-" 
Thu Aug 08 01:57:30, Info:  OpenMP worker affinity (this node)   : "0123456789|0123456789|0123456789|0123456789|0123456-89|0123456789|0123456789|0123456789|0123456789|01234-" 
Thu Aug 08 01:57:30, Info:  Using a communication thread for advancing MPI communication. 
Thu Aug 08 01:57:30, Info:  Communication thread affinity        : "----------|----------|----------|----------|-------7--|----------|----------|----------|----------|-----5" 
Thu Aug 08 01:57:30, Info:  The stack size ulimit is 2097152 [kiB] ( = 2.0000 GiB ). 
Thu Aug 08 01:57:30, Info:  Begin init mesh. 
Thu Aug 08 01:57:30, Info:  Mesh file: "/dss/dsshome1/01/di35poq/mesh/mesh_v07/Haiti_v07_lowres" 
Thu Aug 08 01:57:30, Info:  Running mini SeisSol to determine node weights. 
Thu Aug 08 01:57:30, Info:  miniSeisSol configured with 50000 elements and 10 repeats per process 
Thu Aug 08 01:57:30, Info:  Node weights: mean = 41.2806  std = 0.635307  min = 39.5191  median = 41.4773  max = 41.95 
Thu Aug 08 01:57:30, Info:  Reading PUML mesh 
Thu Aug 08 01:57:30, Info:  Inferring boundary format. 
Thu Aug 08 01:57:30, Info:  Boundary format not given in PUML file; inferring from array shape. 
Thu Aug 08 01:57:30, Info:  Using boundary format: i32 (4xi8) 
Thu Aug 08 01:57:30, Info:  Found 2685422 cells 
Thu Aug 08 01:57:30, Info:  Found 477078 vertices 
Thu Aug 08 01:57:32, Info:  Computing LTS weights. 
Thu Aug 08 01:57:35, Info:  Limiting number of clusters to 2147483646 
Thu Aug 08 01:57:35, Info:  Computing LTS weights. Done.  (108216 reductions.)
Thu Aug 08 01:57:35, Info:  Using the Parmetis partition library and strategy. 
Thu Aug 08 01:57:38, Info:  PUML mesh read in: 7.6302 s (min: 7.5652 s, max: 7.7827 s)
Thu Aug 08 01:57:38, Info:  The mesh has been read. Starting post processing. 
Thu Aug 08 01:57:38, Info:  Extracting fault information. 
Thu Aug 08 01:57:38, Info:  Exchanging ghostlayer metadata. 
Thu Aug 08 01:57:40, Info:  Mesh initialized in: 9.7032 s (min: 9.7030 s, max: 9.7039 s)
Thu Aug 08 01:57:40, Info:  End init mesh. 
Thu Aug 08 01:57:40, Info:  Begin init model. 
Thu Aug 08 01:57:40, Info:  Initialize LTS. 
Thu Aug 08 01:57:40, Info:  Deriving clusters ids for min. time step width / multiRate: 0.000213316 / 2 
Thu Aug 08 01:57:40, Info:  Due to wiggle factor of 1 the minimum timestep size is reduced to 0.000213316 
Thu Aug 08 01:57:40, Info:  Number of elements in time clusters: 
Thu Aug 08 01:57:40, Info:  0: 2088 
Thu Aug 08 01:57:40, Info:  1: 265401 
Thu Aug 08 01:57:40, Info:  2: 1618976 
Thu Aug 08 01:57:40, Info:  3: 538212 
Thu Aug 08 01:57:40, Info:  4: 147352 
Thu Aug 08 01:57:40, Info:  5: 35652 
Thu Aug 08 01:57:40, Info:  6: 11329 
Thu Aug 08 01:57:40, Info:  7: 18592 
Thu Aug 08 01:57:40, Info:  8: 47781 
Thu Aug 08 01:57:40, Info:  9: 39 
Thu Aug 08 01:57:40, Info:  maximum theoretical speedup (compared to GTS): 6.4313 per cell LTS, 4.34786 with the used clustering. 
Thu Aug 08 01:57:40, Info:  Number of elements in dynamic rupture time clusters: 
Thu Aug 08 01:57:40, Info:  0 (dr): 618 
Thu Aug 08 01:57:40, Info:  1 (dr): 78812 
Thu Aug 08 01:57:40, Info:  2 (dr): 309984 
Thu Aug 08 01:57:40, Info:  3 (dr): 2512 
Thu Aug 08 01:57:40, Info:  4 (dr): 0 
Thu Aug 08 01:57:40, Info:  5 (dr): 0 
Thu Aug 08 01:57:40, Info:  6 (dr): 0 
Thu Aug 08 01:57:40, Info:  7 (dr): 0 
Thu Aug 08 01:57:40, Info:  8 (dr): 0 
Thu Aug 08 01:57:40, Info:  9 (dr): 0 
Thu Aug 08 01:57:40, Info:  Initialize Friction Model 
Thu Aug 08 01:57:41, Info:  Initialize cell material parameters. 
Thu Aug 08 01:57:42, Info:  Initialize Memory layout. 
Thu Aug 08 01:57:43, Info:  Initialize cell-local matrices. 
Thu Aug 08 01:57:43, Info:  Initializing Fault, using a quadrature rule with  25  points. 
Thu Aug 08 02:00:13, Info:  Model initialized in: 2 min 33.2221 s (min: 2 min 33.2200 s, max: 2 min 33.2249 s)
Thu Aug 08 02:00:13, Info:  End init model. 
Thu Aug 08 02:00:13, Info:  Setting initial conditions. 
Thu Aug 08 02:00:13, Info:  Using initial condition "Zero" . 
Thu Aug 08 02:00:13, Info:  Reading source. 
Thu Aug 08 02:00:13, Info:  No source term specified. 
Thu Aug 08 02:00:13, Info:  Setting up boundary conditions. 
Thu Aug 08 02:00:13, Info:  Begin init output. 
Thu Aug 08 02:00:13, Info:  Initializing free surface integrator. 
Thu Aug 08 02:00:13, Info:  Initializing free surface integrator. Done. 
Thu Aug 08 02:00:13, Info:  Enabling 2D fault output 
Thu Aug 08 02:00:13, Info:  Initializing Fault output. Number of sub-triangles: 4 
Thu Aug 08 02:00:13, Info:  Initializing XDMF fault output. 
Thu Aug 08 02:00:13, Info:  Fault writer thread affinity: "----------|----------|----------|----------|-------7--|----------|----------|----------|----------|-----5" 
Thu Aug 08 02:00:13, Info:  Initializing XDMF fault output. Done. 
Thu Aug 08 02:00:13, Info:  Initializing free surface output. 
Thu Aug 08 02:00:13, Info:  Free surface writer thread affinity: "----------|----------|----------|----------|-------7--|----------|----------|----------|----------|-----5" 
Thu Aug 08 02:00:13, Info:  Initializing free surface output. Done. 
Thu Aug 08 02:00:13, Info:  No record points read. 
Thu Aug 08 02:00:13, Info:  Finding meshIds for receivers... 
Thu Aug 08 02:00:13, Info:  Cleaning possible double occurring receivers for MPI... 
Thu Aug 08 02:00:13, Info:  Mapping receivers to LTS cells... 
Thu Aug 08 02:00:13, Info:  Initializing energy output. 
Thu Aug 08 02:00:13, Info:  End init output. 
Thu Aug 08 02:00:13, Info:  Finishing initialization... 
Thu Aug 08 02:00:13, Info:  Starting simulation. 
Thu Aug 08 02:00:13, Info:  Writing faultoutput at time 0.
Thu Aug 08 02:00:13, Info:  Writing faultoutput at time 0. Done.
Thu Aug 08 02:00:13, Info:  Writing free surface at time 0.
Thu Aug 08 02:00:13, Info:  Writing free surface at time 0. Done.
Thu Aug 08 02:00:13, Info:  Writing energy output at time 0 
Thu Aug 08 02:00:13, Info:  Total momentum (X, Y, Z): 0  , 0  , 0 
Thu Aug 08 02:00:13, Info:  Writing energy output at time 0 Done. 
Thu Aug 08 02:00:13, Info:  Time spent for initial IO: 51.5708 ms (min: 40.4767 ms, max: 64.7910 ms)
Thu Aug 08 02:00:40, Info:  Writing faultoutput at time 0.5.
Thu Aug 08 02:00:40, Info:  Writing faultoutput at time 0.5. Done.
Thu Aug 08 02:00:40, Info:  Writing energy output at time 0.5 
Thu Aug 08 02:00:40, Info:  Elastic energy (total, % kinematic, % potential):  1.36645e+13  , 25.8544  , 74.1456 
Thu Aug 08 02:00:40, Info:  Total momentum (X, Y, Z): 0.0592651  , -0.00402832  , -0.0209351 
Thu Aug 08 02:00:40, Info:  Frictional work (total, % static, % radiated):  1.39397e+13  , 75.8956  , 24.1044 
Thu Aug 08 02:00:40, Info:  Seismic moment (without plasticity): 5.43487e+16  Mw: 5.08679 
Thu Aug 08 02:00:40, Info:  Writing energy output at time 0.5 Done. 
Thu Aug 08 02:00:40, Info:  Time spent this phase (total): 26.8355 s (min: 26.7967 s, max: 26.8606 s)
Thu Aug 08 02:00:40, Info:  Time spent this phase (compute): 26.7839 s (min: 26.7530 s, max: 26.8013 s)
Thu Aug 08 02:00:40, Info:  Time spent this phase (IO): 50.4014 ms (min: 39.0062 ms, max: 84.8198 ms)
Thu Aug 08 02:00:40, Info:  Performance since the start: 9.3796 TFLOP/s (rank 0: 568.3138 GFLOP/s , average over ranks: 586.2238 GFLOP/s ) 
Thu Aug 08 02:00:40, Info:  Performance since last sync point: 9.3796 TFLOP/s (rank 0: 568.3138 GFLOP/s , average over ranks: 586.2238 GFLOP/s ) 
Thu Aug 08 02:01:07, Info:  Writing faultoutput at time 1.
Thu Aug 08 02:01:07, Info:  Writing faultoutput at time 1. Done.
Thu Aug 08 02:01:07, Info:  Writing free surface at time 1.
Thu Aug 08 02:01:07, Info:  Writing free surface at time 1. Done.
Thu Aug 08 02:01:07, Info:  Writing energy output at time 1 
Thu Aug 08 02:01:07, Info:  Elastic energy (total, % kinematic, % potential):  8.73853e+13  , 23.1305  , 76.8695 
Thu Aug 08 02:01:07, Info:  Total momentum (X, Y, Z): 0.379883  , -0.0507812  , -0.0510254 
Thu Aug 08 02:01:07, Info:  Frictional work (total, % static, % radiated):  8.82819e+13  , 73.268  , 26.732 
Thu Aug 08 02:01:07, Info:  Seismic moment (without plasticity): 3.09125e+17  Mw: 5.59009 
Thu Aug 08 02:01:07, Info:  Writing energy output at time 1 Done. 
Thu Aug 08 02:01:07, Info:  Time spent this phase (total): 26.5543 s (min: 26.5255 s, max: 26.5714 s)
Thu Aug 08 02:01:07, Info:  Time spent this phase (compute): 26.5542 s (min: 26.5254 s, max: 26.5713 s)
Thu Aug 08 02:01:07, Info:  Time spent this phase (IO): 50.8627 ms (min: 39.1354 ms, max: 84.3385 ms)
Thu Aug 08 02:01:07, Info:  Performance since the start: 9.4290 TFLOP/s (rank 0: 571.5890 GFLOP/s , average over ranks: 589.3106 GFLOP/s ) 
Thu Aug 08 02:01:07, Info:  Performance since last sync point: 9.4789 TFLOP/s (rank 0: 574.9021 GFLOP/s , average over ranks: 592.4305 GFLOP/s ) 
Thu Aug 08 02:01:33, Info:  Writing faultoutput at time 1.5.
Thu Aug 08 02:01:33, Info:  Writing faultoutput at time 1.5. Done.
Thu Aug 08 02:01:33, Info:  Writing energy output at time 1.5 
Thu Aug 08 02:01:33, Info:  Elastic energy (total, % kinematic, % potential):  2.36864e+14  , 24.0662  , 75.9338 
Thu Aug 08 02:01:33, Info:  Total momentum (X, Y, Z): 1.20508  , 0.199219  , 0.762695 
Thu Aug 08 02:01:33, Info:  Frictional work (total, % static, % radiated):  2.38969e+14  , 70.3239  , 29.6761 
Thu Aug 08 02:01:33, Info:  Seismic moment (without plasticity): 7.71398e+17  Mw: 5.85485 
Thu Aug 08 02:01:33, Info:  Writing energy output at time 1.5 Done. 
Thu Aug 08 02:01:33, Info:  Time spent this phase (total): 26.5437 s (min: 26.5394 s, max: 26.5451 s)
Thu Aug 08 02:01:33, Info:  Time spent this phase (compute): 26.5436 s (min: 26.5393 s, max: 26.5451 s)
Thu Aug 08 02:01:33, Info:  Time spent this phase (IO): 50.2832 ms (min: 39.0488 ms, max: 81.9253 ms)
Thu Aug 08 02:01:33, Info:  Performance since the start: 9.4468 TFLOP/s (rank 0: 572.7524 GFLOP/s , average over ranks: 590.4242 GFLOP/s ) 
Thu Aug 08 02:01:33, Info:  Performance since last sync point: 9.4826 TFLOP/s (rank 0: 575.0935 GFLOP/s , average over ranks: 592.6639 GFLOP/s ) 
Thu Aug 08 02:02:00, Info:  Writing faultoutput at time 2.
Thu Aug 08 02:02:00, Info:  Writing faultoutput at time 2. Done.
Thu Aug 08 02:02:00, Info:  Writing free surface at time 2.
Thu Aug 08 02:02:00, Info:  Writing free surface at time 2. Done.
Thu Aug 08 02:02:00, Info:  Writing energy output at time 2 
Thu Aug 08 02:02:00, Info:  Elastic energy (total, % kinematic, % potential):  4.71443e+14  , 25.1907  , 74.8093 
Thu Aug 08 02:02:00, Info:  Total momentum (X, Y, Z): 1.12891  , 0.5625  , 2.05957 
Thu Aug 08 02:02:00, Info:  Frictional work (total, % static, % radiated):  4.76405e+14  , 69.1757  , 30.8243 
Thu Aug 08 02:02:00, Info:  Seismic moment (without plasticity): 1.52638e+18  Mw: 6.05244 
Thu Aug 08 02:02:00, Info:  Writing energy output at time 2 Done. 
Thu Aug 08 02:02:00, Info:  Time spent this phase (total): 26.6841 s (min: 26.6748 s, max: 26.7113 s)
Thu Aug 08 02:02:00, Info:  Time spent this phase (compute): 26.6840 s (min: 26.6747 s, max: 26.7112 s)
Thu Aug 08 02:02:00, Info:  Time spent this phase (IO): 51.0592 ms (min: 39.1820 ms, max: 81.6239 ms)
Thu Aug 08 02:02:00, Info:  Performance since the start: 9.4433 TFLOP/s (rank 0: 572.4940 GFLOP/s , average over ranks: 590.2043 GFLOP/s ) 
Thu Aug 08 02:02:00, Info:  Performance since last sync point: 9.4327 TFLOP/s (rank 0: 571.7202 GFLOP/s , average over ranks: 589.5459 GFLOP/s ) 
Thu Aug 08 02:02:27, Info:  Writing faultoutput at time 2.5.
Thu Aug 08 02:02:27, Info:  Writing faultoutput at time 2.5. Done.
Thu Aug 08 02:02:27, Info:  Writing energy output at time 2.5 
Thu Aug 08 02:02:27, Info:  Elastic energy (total, % kinematic, % potential):  7.86619e+14  , 24.963  , 75.037 
Thu Aug 08 02:02:27, Info:  Total momentum (X, Y, Z): 29.0664  , 15.5938  , 1.74121 
Thu Aug 08 02:02:27, Info:  Frictional work (total, % static, % radiated):  7.94484e+14  , 69.3736  , 30.6264 
Thu Aug 08 02:02:27, Info:  Seismic moment (without plasticity): 2.65759e+18  Mw: 6.21299 
Thu Aug 08 02:02:27, Info:  Writing energy output at time 2.5 Done. 
Thu Aug 08 02:02:27, Info:  Time spent this phase (total): 26.5563 s (min: 26.5234 s, max: 26.5962 s)
Thu Aug 08 02:02:27, Info:  Time spent this phase (compute): 26.5562 s (min: 26.5234 s, max: 26.5962 s)
Thu Aug 08 02:02:27, Info:  Time spent this phase (IO): 51.2010 ms (min: 38.9752 ms, max: 78.9390 ms)
Thu Aug 08 02:02:27, Info:  Performance since the start: 9.4502 TFLOP/s (rank 0: 573.0570 GFLOP/s , average over ranks: 590.6385 GFLOP/s ) 
Thu Aug 08 02:02:27, Info:  Performance since last sync point: 9.4781 TFLOP/s (rank 0: 575.3199 GFLOP/s , average over ranks: 592.3818 GFLOP/s ) 
Thu Aug 08 02:02:53, Info:  Writing faultoutput at time 3.
Thu Aug 08 02:02:53, Info:  Writing faultoutput at time 3. Done.
Thu Aug 08 02:02:53, Info:  Writing free surface at time 3.
Thu Aug 08 02:02:53, Info:  Writing free surface at time 3. Done.
Thu Aug 08 02:02:53, Info:  Writing energy output at time 3 
Thu Aug 08 02:02:53, Info:  Elastic energy (total, % kinematic, % potential):  1.1887e+15  , 24.3797  , 75.6203 
Thu Aug 08 02:02:53, Info:  Total momentum (X, Y, Z): 129.109  , 44.7188  , 4.30078 
Thu Aug 08 02:02:53, Info:  Frictional work (total, % static, % radiated):  1.19991e+15  , 69.9967  , 30.0033 
Thu Aug 08 02:02:53, Info:  Seismic moment (without plasticity): 4.20173e+18  Mw: 6.34562 
Thu Aug 08 02:02:53, Info:  Writing energy output at time 3 Done. 
Thu Aug 08 02:02:53, Info:  Time spent this phase (total): 26.5963 s (min: 26.5750 s, max: 26.6116 s)
Thu Aug 08 02:02:53, Info:  Time spent this phase (compute): 26.5963 s (min: 26.5750 s, max: 26.6115 s)
Thu Aug 08 02:02:53, Info:  Time spent this phase (IO): 49.8715 ms (min: 39.2152 ms, max: 67.4086 ms)
Thu Aug 08 02:02:53, Info:  Performance since the start: 9.4525 TFLOP/s (rank 0: 573.2264 GFLOP/s , average over ranks: 590.7803 GFLOP/s ) 
Thu Aug 08 02:02:53, Info:  Performance since last sync point: 9.4639 TFLOP/s (rank 0: 574.0751 GFLOP/s , average over ranks: 591.4907 GFLOP/s ) 
Thu Aug 08 02:03:20, Info:  Writing faultoutput at time 3.5.
Thu Aug 08 02:03:20, Info:  Writing faultoutput at time 3.5. Done.
Thu Aug 08 02:03:20, Info:  Writing energy output at time 3.5 
Thu Aug 08 02:03:20, Info:  Elastic energy (total, % kinematic, % potential):  1.69958e+15  , 23.7024  , 76.2976 
Thu Aug 08 02:03:20, Info:  Total momentum (X, Y, Z): 306.578  , 100  , 23.7188 
Thu Aug 08 02:03:20, Info:  Frictional work (total, % static, % radiated):  1.7163e+15  , 70.6222  , 29.3778 
Thu Aug 08 02:03:20, Info:  Seismic moment (without plasticity): 6.24111e+18  Mw: 6.46017 
Thu Aug 08 02:03:20, Info:  Writing energy output at time 3.5 Done. 
Thu Aug 08 02:03:20, Info:  Time spent this phase (total): 26.4685 s (min: 26.4464 s, max: 26.4945 s)
Thu Aug 08 02:03:20, Info:  Time spent this phase (compute): 26.4684 s (min: 26.4463 s, max: 26.4945 s)
Thu Aug 08 02:03:20, Info:  Time spent this phase (IO): 50.6428 ms (min: 39.0262 ms, max: 80.1499 ms)
Thu Aug 08 02:03:20, Info:  Performance since the start: 9.4606 TFLOP/s (rank 0: 573.7048 GFLOP/s , average over ranks: 591.2874 GFLOP/s ) 
Thu Aug 08 02:03:20, Info:  Performance since last sync point: 9.5096 TFLOP/s (rank 0: 576.5919 GFLOP/s , average over ranks: 594.3486 GFLOP/s ) 
Thu Aug 08 02:03:46, Info:  Writing faultoutput at time 4.
Thu Aug 08 02:03:46, Info:  Writing faultoutput at time 4. Done.
Thu Aug 08 02:03:46, Info:  Writing free surface at time 4.
Thu Aug 08 02:03:46, Info:  Writing free surface at time 4. Done.
Thu Aug 08 02:03:46, Info:  Writing energy output at time 4 
Thu Aug 08 02:03:46, Info:  Elastic energy (total, % kinematic, % potential):  2.26629e+15  , 22.3516  , 77.6484 
Thu Aug 08 02:03:46, Info:  Total momentum (X, Y, Z): 587.234  , 178.25  , 55.0469 
Thu Aug 08 02:03:46, Info:  Frictional work (total, % static, % radiated):  2.28899e+15  , 71.4717  , 28.5283 
Thu Aug 08 02:03:46, Info:  Seismic moment (without plasticity): 8.75308e+18  Mw: 6.55811 
Thu Aug 08 02:03:46, Info:  Writing energy output at time 4 Done. 
Thu Aug 08 02:03:46, Info:  Time spent this phase (total): 26.4773 s (min: 26.4575 s, max: 26.4880 s)
Thu Aug 08 02:03:46, Info:  Time spent this phase (compute): 26.4772 s (min: 26.4574 s, max: 26.4879 s)
Thu Aug 08 02:03:46, Info:  Time spent this phase (IO): 51.0974 ms (min: 39.1653 ms, max: 84.9465 ms)
Thu Aug 08 02:03:46, Info:  Performance since the start: 9.4663 TFLOP/s (rank 0: 574.0426 GFLOP/s , average over ranks: 591.6443 GFLOP/s ) 
Thu Aug 08 02:03:46, Info:  Performance since last sync point: 9.5065 TFLOP/s (rank 0: 576.4187 GFLOP/s , average over ranks: 594.1546 GFLOP/s ) 
Thu Aug 08 02:04:13, Info:  Writing faultoutput at time 4.5.
Thu Aug 08 02:04:13, Info:  Writing faultoutput at time 4.5. Done.
Thu Aug 08 02:04:13, Info:  Writing energy output at time 4.5 
Thu Aug 08 02:04:13, Info:  Elastic energy (total, % kinematic, % potential):  2.82353e+15  , 20.5004  , 79.4996 
Thu Aug 08 02:04:13, Info:  Total momentum (X, Y, Z): 585.281  , 122.125  , 87.1484 
Thu Aug 08 02:04:13, Info:  Frictional work (total, % static, % radiated):  2.84918e+15  , 72.377  , 27.623 
Thu Aug 08 02:04:13, Info:  Seismic moment (without plasticity): 1.15294e+19  Mw: 6.63787 
Thu Aug 08 02:04:13, Info:  Writing energy output at time 4.5 Done. 
Thu Aug 08 02:04:13, Info:  Time spent this phase (total): 26.5050 s (min: 26.4961 s, max: 26.5181 s)
Thu Aug 08 02:04:13, Info:  Time spent this phase (compute): 26.5049 s (min: 26.4960 s, max: 26.5180 s)
Thu Aug 08 02:04:13, Info:  Time spent this phase (IO): 50.9101 ms (min: 39.0651 ms, max: 83.4020 ms)
Thu Aug 08 02:04:13, Info:  Performance since the start: 9.4696 TFLOP/s (rank 0: 574.2553 GFLOP/s , average over ranks: 591.8531 GFLOP/s ) 
Thu Aug 08 02:04:13, Info:  Performance since last sync point: 9.4965 TFLOP/s (rank 0: 575.9626 GFLOP/s , average over ranks: 593.5286 GFLOP/s ) 
Thu Aug 08 02:04:39, Info:  Writing faultoutput at time 5.
Thu Aug 08 02:04:39, Info:  Writing faultoutput at time 5. Done.
Thu Aug 08 02:04:39, Info:  Writing free surface at time 5.
Thu Aug 08 02:04:39, Info:  Writing free surface at time 5. Done.
Thu Aug 08 02:04:39, Info:  Writing energy output at time 5 
Thu Aug 08 02:04:39, Info:  Elastic energy (total, % kinematic, % potential):  3.34246e+15  , 18.5854  , 81.4146 
Thu Aug 08 02:04:39, Info:  Total momentum (X, Y, Z): 583.656  , 83.75  , 98.1875 
Thu Aug 08 02:04:39, Info:  Frictional work (total, % static, % radiated):  3.37226e+15  , 72.9535  , 27.0465 
Thu Aug 08 02:04:39, Info:  Seismic moment (without plasticity): 1.43422e+19  Mw: 6.70108 
Thu Aug 08 02:04:39, Info:  Writing energy output at time 5 Done. 
Thu Aug 08 02:04:39, Info:  Time spent this phase (total): 26.8107 s (min: 26.7903 s, max: 26.8329 s)
Thu Aug 08 02:04:39, Info:  Time spent this phase (compute): 26.8106 s (min: 26.7903 s, max: 26.8328 s)
Thu Aug 08 02:04:39, Info:  Time spent this phase (IO): 51.6696 ms (min: 39.1545 ms, max: 96.0934 ms)
Thu Aug 08 02:04:39, Info:  Performance since the start: 9.4614 TFLOP/s (rank 0: 573.7483 GFLOP/s , average over ranks: 591.3397 GFLOP/s ) 
Thu Aug 08 02:04:39, Info:  Performance since last sync point: 9.3882 TFLOP/s (rank 0: 569.2252 GFLOP/s , average over ranks: 586.7597 GFLOP/s ) 
Thu Aug 08 02:05:06, Info:  Writing faultoutput at time 5.5.
Thu Aug 08 02:05:06, Info:  Writing faultoutput at time 5.5. Done.
Thu Aug 08 02:05:06, Info:  Writing energy output at time 5.5 
Thu Aug 08 02:05:06, Info:  Elastic energy (total, % kinematic, % potential):  3.79181e+15  , 16.7664  , 83.2336 
Thu Aug 08 02:05:06, Info:  Total momentum (X, Y, Z): 581.078  , 69.5  , 4.64062 
Thu Aug 08 02:05:06, Info:  Frictional work (total, % static, % radiated):  3.82502e+15  , 73.47  , 26.53 
Thu Aug 08 02:05:06, Info:  Seismic moment (without plasticity): 1.7036e+19  Mw: 6.75091 
Thu Aug 08 02:05:06, Info:  Writing energy output at time 5.5 Done. 
Thu Aug 08 02:05:06, Info:  Time spent this phase (total): 26.9583 s (min: 26.9279 s, max: 26.9822 s)
Thu Aug 08 02:05:06, Info:  Time spent this phase (compute): 26.9583 s (min: 26.9278 s, max: 26.9821 s)
Thu Aug 08 02:05:06, Info:  Time spent this phase (IO): 50.4504 ms (min: 39.0024 ms, max: 83.5500 ms)
Thu Aug 08 02:05:06, Info:  Performance since the start: 9.4500 TFLOP/s (rank 0: 573.0701 GFLOP/s , average over ranks: 590.6232 GFLOP/s ) 
Thu Aug 08 02:05:06, Info:  Performance since last sync point: 9.3368 TFLOP/s (rank 0: 566.3752 GFLOP/s , average over ranks: 583.5524 GFLOP/s ) 
Thu Aug 08 02:05:33, Info:  Writing faultoutput at time 6.
Thu Aug 08 02:05:33, Info:  Writing faultoutput at time 6. Done.
Thu Aug 08 02:05:33, Info:  Writing free surface at time 6.
Thu Aug 08 02:05:33, Info:  Writing free surface at time 6. Done.
Thu Aug 08 02:05:33, Info:  Writing energy output at time 6 
Thu Aug 08 02:05:33, Info:  Elastic energy (total, % kinematic, % potential):  4.16491e+15  , 15.258  , 84.742 
Thu Aug 08 02:05:33, Info:  Total momentum (X, Y, Z): 630.203  , 5.5  , 659.359 
Thu Aug 08 02:05:33, Info:  Frictional work (total, % static, % radiated):  4.19881e+15  , 73.8821  , 26.1179 
Thu Aug 08 02:05:33, Info:  Seismic moment (without plasticity): 1.94914e+19  Mw: 6.7899 
Thu Aug 08 02:05:33, Info:  Writing energy output at time 6 Done. 
Thu Aug 08 02:05:33, Info:  Time spent this phase (total): 26.6259 s (min: 26.6245 s, max: 26.6327 s)
Thu Aug 08 02:05:33, Info:  Time spent this phase (compute): 26.6258 s (min: 26.6245 s, max: 26.6326 s)
Thu Aug 08 02:05:33, Info:  Time spent this phase (IO): 50.9183 ms (min: 39.1633 ms, max: 84.1908 ms)
Thu Aug 08 02:05:33, Info:  Performance since the start: 9.4503 TFLOP/s (rank 0: 573.0925 GFLOP/s , average over ranks: 590.6408 GFLOP/s ) 
Thu Aug 08 02:05:33, Info:  Performance since last sync point: 9.4533 TFLOP/s (rank 0: 573.3389 GFLOP/s , average over ranks: 590.8343 GFLOP/s ) 
Thu Aug 08 02:05:59, Info:  Writing faultoutput at time 6.5.
Thu Aug 08 02:05:59, Info:  Writing faultoutput at time 6.5. Done.
Thu Aug 08 02:05:59, Info:  Writing energy output at time 6.5 
Thu Aug 08 02:06:00, Info:  Elastic energy (total, % kinematic, % potential):  4.47125e+15  , 14.1314  , 85.8686 
Thu Aug 08 02:06:00, Info:  Total momentum (X, Y, Z): 316.406  , 315  , -1872.35 
Thu Aug 08 02:06:00, Info:  Frictional work (total, % static, % radiated):  4.50496e+15  , 74.3088  , 25.6912 
Thu Aug 08 02:06:00, Info:  Seismic moment (without plasticity): 2.17041e+19  Mw: 6.82103 
Thu Aug 08 02:06:00, Info:  Writing energy output at time 6.5 Done. 
Thu Aug 08 02:06:00, Info:  Time spent this phase (total): 26.4992 s (min: 26.4887 s, max: 26.5106 s)
Thu Aug 08 02:06:00, Info:  Time spent this phase (compute): 26.4991 s (min: 26.4887 s, max: 26.5106 s)
Thu Aug 08 02:06:00, Info:  Time spent this phase (IO): 51.6278 ms (min: 38.9957 ms, max: 83.8272 ms)
Thu Aug 08 02:06:00, Info:  Performance since the start: 9.4539 TFLOP/s (rank 0: 573.3265 GFLOP/s , average over ranks: 590.8718 GFLOP/s ) 
Thu Aug 08 02:06:00, Info:  Performance since last sync point: 9.4985 TFLOP/s (rank 0: 576.1491 GFLOP/s , average over ranks: 593.6588 GFLOP/s ) 
Thu Aug 08 02:06:26, Info:  Writing faultoutput at time 7.
Thu Aug 08 02:06:26, Info:  Writing faultoutput at time 7. Done.
Thu Aug 08 02:06:26, Info:  Writing free surface at time 7.
Thu Aug 08 02:06:26, Info:  Writing free surface at time 7. Done.
Thu Aug 08 02:06:26, Info:  Writing energy output at time 7 
Thu Aug 08 02:06:26, Info:  Elastic energy (total, % kinematic, % potential):  4.72463e+15  , 13.1846  , 86.8154 
Thu Aug 08 02:06:26, Info:  Total momentum (X, Y, Z): 1907.7  , -303.75  , 3551.89 
Thu Aug 08 02:06:26, Info:  Frictional work (total, % static, % radiated):  4.75812e+15  , 74.8918  , 25.1082 
Thu Aug 08 02:06:26, Info:  Seismic moment (without plasticity): 2.37926e+19  Mw: 6.84763 
Thu Aug 08 02:06:26, Info:  Writing energy output at time 7 Done. 
Thu Aug 08 02:06:26, Info:  Time spent this phase (total): 26.6964 s (min: 26.6863 s, max: 26.7009 s)
Thu Aug 08 02:06:26, Info:  Time spent this phase (compute): 26.6963 s (min: 26.6862 s, max: 26.7008 s)
Thu Aug 08 02:06:26, Info:  Time spent this phase (IO): 50.9380 ms (min: 39.1505 ms, max: 82.9930 ms)
Thu Aug 08 02:06:26, Info:  Performance since the start: 9.4521 TFLOP/s (rank 0: 573.2113 GFLOP/s , average over ranks: 590.7575 GFLOP/s ) 
Thu Aug 08 02:06:26, Info:  Performance since last sync point: 9.4284 TFLOP/s (rank 0: 571.7190 GFLOP/s , average over ranks: 589.2748 GFLOP/s ) 
Thu Aug 08 02:06:53, Info:  Writing faultoutput at time 7.5.
Thu Aug 08 02:06:53, Info:  Writing faultoutput at time 7.5. Done.
Thu Aug 08 02:06:53, Info:  Writing energy output at time 7.5 
Thu Aug 08 02:06:53, Info:  Elastic energy (total, % kinematic, % potential):  4.94392e+15  , 12.2557  , 87.7443 
Thu Aug 08 02:06:53, Info:  Total momentum (X, Y, Z): -3154.81  , 1453.5  , -278.445 
Thu Aug 08 02:06:53, Info:  Frictional work (total, % static, % radiated):  4.97855e+15  , 75.5496  , 24.4504 
Thu Aug 08 02:06:53, Info:  Seismic moment (without plasticity): 2.57665e+19  Mw: 6.8707 
Thu Aug 08 02:06:53, Info:  Writing energy output at time 7.5 Done. 
Thu Aug 08 02:06:53, Info:  Time spent this phase (total): 26.7781 s (min: 26.7611 s, max: 26.8348 s)
Thu Aug 08 02:06:53, Info:  Time spent this phase (compute): 26.7779 s (min: 26.7611 s, max: 26.8347 s)
Thu Aug 08 02:06:53, Info:  Time spent this phase (IO): 50.6333 ms (min: 39.0821 ms, max: 84.8223 ms)
Thu Aug 08 02:06:53, Info:  Performance since the start: 9.4486 TFLOP/s (rank 0: 572.9986 GFLOP/s , average over ranks: 590.5374 GFLOP/s ) 
Thu Aug 08 02:06:53, Info:  Performance since last sync point: 9.3996 TFLOP/s (rank 0: 570.0364 GFLOP/s , average over ranks: 587.4731 GFLOP/s ) 
Thu Aug 08 02:07:20, Info:  Writing faultoutput at time 8.
Thu Aug 08 02:07:20, Info:  Writing faultoutput at time 8. Done.
Thu Aug 08 02:07:20, Info:  Writing free surface at time 8.
Thu Aug 08 02:07:20, Info:  Writing free surface at time 8. Done.
Thu Aug 08 02:07:20, Info:  Writing energy output at time 8 
Thu Aug 08 02:07:20, Info:  Elastic energy (total, % kinematic, % potential):  5.14859e+15  , 11.4159  , 88.5841 
Thu Aug 08 02:07:20, Info:  Total momentum (X, Y, Z): 14383.5  , -5788.75  , -23864.5 
Thu Aug 08 02:07:20, Info:  Frictional work (total, % static, % radiated):  5.18402e+15  , 76.2907  , 23.7093 
Thu Aug 08 02:07:20, Info:  Seismic moment (without plasticity): 2.76548e+19  Mw: 6.89118 
Thu Aug 08 02:07:20, Info:  Writing energy output at time 8 Done. 
Thu Aug 08 02:07:20, Info:  Time spent this phase (total): 26.6582 s (min: 26.6056 s, max: 26.6996 s)
Thu Aug 08 02:07:20, Info:  Time spent this phase (compute): 26.6581 s (min: 26.6056 s, max: 26.6995 s)
Thu Aug 08 02:07:20, Info:  Time spent this phase (IO): 50.9192 ms (min: 39.1831 ms, max: 81.8651 ms)
Thu Aug 08 02:07:20, Info:  Performance since the start: 9.4482 TFLOP/s (rank 0: 572.9867 GFLOP/s , average over ranks: 590.5112 GFLOP/s ) 
Thu Aug 08 02:07:20, Info:  Performance since last sync point: 9.4419 TFLOP/s (rank 0: 572.8082 GFLOP/s , average over ranks: 590.1188 GFLOP/s ) 
Thu Aug 08 02:07:46, Info:  Writing faultoutput at time 8.5.
Thu Aug 08 02:07:46, Info:  Writing faultoutput at time 8.5. Done.
Thu Aug 08 02:07:46, Info:  Writing energy output at time 8.5 
Thu Aug 08 02:07:46, Info:  Elastic energy (total, % kinematic, % potential):  5.35078e+15  , 10.705  , 89.295 
Thu Aug 08 02:07:46, Info:  Total momentum (X, Y, Z): -35799.9  , 30093.5  , 76441.6 
Thu Aug 08 02:07:46, Info:  Frictional work (total, % static, % radiated):  5.38864e+15  , 77.2085  , 22.7915 
Thu Aug 08 02:07:46, Info:  Seismic moment (without plasticity): 2.95386e+19  Mw: 6.91026 
Thu Aug 08 02:07:46, Info:  Writing energy output at time 8.5 Done. 
Thu Aug 08 02:07:46, Info:  Time spent this phase (total): 26.4958 s (min: 26.4697 s, max: 26.5021 s)
Thu Aug 08 02:07:46, Info:  Time spent this phase (compute): 26.4958 s (min: 26.4696 s, max: 26.5020 s)
Thu Aug 08 02:07:46, Info:  Time spent this phase (IO): 50.4228 ms (min: 39.0347 ms, max: 80.1046 ms)
Thu Aug 08 02:07:46, Info:  Performance since the start: 9.4512 TFLOP/s (rank 0: 573.1634 GFLOP/s , average over ranks: 590.6999 GFLOP/s ) 
Thu Aug 08 02:07:46, Info:  Performance since last sync point: 9.4998 TFLOP/s (rank 0: 576.0061 GFLOP/s , average over ranks: 593.7371 GFLOP/s ) 
Thu Aug 08 02:08:13, Info:  Writing faultoutput at time 9.
Thu Aug 08 02:08:13, Info:  Writing faultoutput at time 9. Done.
Thu Aug 08 02:08:13, Info:  Writing free surface at time 9.
Thu Aug 08 02:08:13, Info:  Writing free surface at time 9. Done.
Thu Aug 08 02:08:13, Info:  Writing energy output at time 9 
Thu Aug 08 02:08:13, Info:  Elastic energy (total, % kinematic, % potential):  5.56107e+15  , 10.2344  , 89.7656 
Thu Aug 08 02:08:13, Info:  Total momentum (X, Y, Z): 113266  , -119457  , -14489 
Thu Aug 08 02:08:13, Info:  Frictional work (total, % static, % radiated):  5.60122e+15  , 78.4526  , 21.5474 
Thu Aug 08 02:08:13, Info:  Seismic moment (without plasticity): 3.1546e+19  Mw: 6.9293 
Thu Aug 08 02:08:13, Info:  Writing energy output at time 9 Done. 
Thu Aug 08 02:08:13, Info:  Time spent this phase (total): 26.5487 s (min: 26.5334 s, max: 26.5728 s)
Thu Aug 08 02:08:13, Info:  Time spent this phase (compute): 26.5486 s (min: 26.5334 s, max: 26.5727 s)
Thu Aug 08 02:08:13, Info:  Time spent this phase (IO): 52.5619 ms (min: 39.1593 ms, max: 95.1037 ms)
Thu Aug 08 02:08:13, Info:  Performance since the start: 9.4528 TFLOP/s (rank 0: 573.2502 GFLOP/s , average over ranks: 590.8026 GFLOP/s ) 
Thu Aug 08 02:08:13, Info:  Performance since last sync point: 9.4809 TFLOP/s (rank 0: 574.7291 GFLOP/s , average over ranks: 592.5532 GFLOP/s ) 
Thu Aug 08 02:08:39, Info:  Writing faultoutput at time 9.5.
Thu Aug 08 02:08:39, Info:  Writing faultoutput at time 9.5. Done.
Thu Aug 08 02:08:39, Info:  Writing energy output at time 9.5 
Thu Aug 08 02:08:39, Info:  Elastic energy (total, % kinematic, % potential):  5.80073e+15  , 10.06  , 89.94 
Thu Aug 08 02:08:39, Info:  Total momentum (X, Y, Z): -297734  , 383616  , -1.01367e+06 
Thu Aug 08 02:08:39, Info:  Frictional work (total, % static, % radiated):  5.84326e+15  , 79.8831  , 20.1169 
Thu Aug 08 02:08:39, Info:  Seismic moment (without plasticity): 3.38159e+19  Mw: 6.94941 
Thu Aug 08 02:08:39, Info:  Writing energy output at time 9.5 Done. 
Thu Aug 08 02:08:39, Info:  Time spent this phase (total): 26.5677 s (min: 26.5367 s, max: 26.5774 s)
Thu Aug 08 02:08:39, Info:  Time spent this phase (compute): 26.5676 s (min: 26.5367 s, max: 26.5773 s)
Thu Aug 08 02:08:39, Info:  Time spent this phase (IO): 50.9194 ms (min: 39.0455 ms, max: 89.0650 ms)
Thu Aug 08 02:08:39, Info:  Performance since the start: 9.4540 TFLOP/s (rank 0: 573.3407 GFLOP/s , average over ranks: 590.8721 GFLOP/s ) 
Thu Aug 08 02:08:39, Info:  Performance since last sync point: 9.4740 TFLOP/s (rank 0: 574.9755 GFLOP/s , average over ranks: 592.1262 GFLOP/s ) 
Thu Aug 08 02:09:06, Info:  Writing faultoutput at time 10.
Thu Aug 08 02:09:06, Info:  Writing faultoutput at time 10. Done.
Thu Aug 08 02:09:06, Info:  Writing free surface at time 10.
Thu Aug 08 02:09:06, Info:  Writing free surface at time 10. Done.
Thu Aug 08 02:09:06, Info:  Wrote receivers in 4.92e-07 seconds. 
Thu Aug 08 02:09:06, Info:  Writing energy output at time 10 
Thu Aug 08 02:09:06, Info:  Elastic energy (total, % kinematic, % potential):  6.10026e+15  , 10.1962  , 89.8038 
Thu Aug 08 02:09:06, Info:  Total momentum (X, Y, Z): 581089  , -950228  , 5.96124e+06 
Thu Aug 08 02:09:06, Info:  Frictional work (total, % static, % radiated):  6.14514e+15  , 81.328  , 18.672 
Thu Aug 08 02:09:06, Info:  Seismic moment (without plasticity): 3.64957e+19  Mw: 6.97149 
Thu Aug 08 02:09:06, Info:  Writing energy output at time 10 Done. 
Thu Aug 08 02:09:06, Info:  Time spent this phase (total): 26.5261 s (min: 26.5107 s, max: 26.5346 s)
Thu Aug 08 02:09:06, Info:  Time spent this phase (compute): 26.5260 s (min: 26.5106 s, max: 26.5341 s)
Thu Aug 08 02:09:06, Info:  Time spent this phase (IO): 51.2040 ms (min: 39.2106 ms, max: 84.0379 ms)
Thu Aug 08 02:09:06, Info:  Performance since the start: 9.4557 TFLOP/s (rank 0: 573.4382 GFLOP/s , average over ranks: 590.9812 GFLOP/s ) 
Thu Aug 08 02:09:06, Info:  Performance since last sync point: 9.4890 TFLOP/s (rank 0: 575.2962 GFLOP/s , average over ranks: 593.0608 GFLOP/s ) 
Thu Aug 08 02:09:32, Info:  Writing faultoutput at time 10.5.
Thu Aug 08 02:09:32, Info:  Writing faultoutput at time 10.5. Done.
Thu Aug 08 02:09:32, Info:  Writing energy output at time 10.5 
Thu Aug 08 02:09:32, Info:  Elastic energy (total, % kinematic, % potential):  6.50178e+15  , 10.5417  , 89.4583 
Thu Aug 08 02:09:32, Info:  Total momentum (X, Y, Z): -1.89301e+06  , 1.87499e+06  , -2.18383e+07 
Thu Aug 08 02:09:32, Info:  Frictional work (total, % static, % radiated):  6.55155e+15  , 82.4978  , 17.5022 
Thu Aug 08 02:09:32, Info:  Seismic moment (without plasticity): 3.96932e+19  Mw: 6.99581 
Thu Aug 08 02:09:32, Info:  Writing energy output at time 10.5 Done. 
Thu Aug 08 02:09:32, Info:  Time spent this phase (total): 26.4993 s (min: 26.4932 s, max: 26.5175 s)
Thu Aug 08 02:09:32, Info:  Time spent this phase (compute): 26.4992 s (min: 26.4932 s, max: 26.5174 s)
Thu Aug 08 02:09:32, Info:  Time spent this phase (IO): 48.9955 ms (min: 39.0379 ms, max: 69.4333 ms)
Thu Aug 08 02:09:32, Info:  Performance since the start: 9.4577 TFLOP/s (rank 0: 573.5595 GFLOP/s , average over ranks: 591.1080 GFLOP/s ) 
Thu Aug 08 02:09:32, Info:  Performance since last sync point: 9.4985 TFLOP/s (rank 0: 575.9968 GFLOP/s , average over ranks: 593.6568 GFLOP/s ) 
Thu Aug 08 02:09:59, Info:  Writing faultoutput at time 11.
Thu Aug 08 02:09:59, Info:  Writing faultoutput at time 11. Done.
Thu Aug 08 02:09:59, Info:  Writing free surface at time 11.
Thu Aug 08 02:09:59, Info:  Writing free surface at time 11. Done.
Thu Aug 08 02:09:59, Info:  Writing energy output at time 11 
Thu Aug 08 02:09:59, Info:  Elastic energy (total, % kinematic, % potential):  7.0324e+15  , 10.7935  , 89.2065 
Thu Aug 08 02:09:59, Info:  Total momentum (X, Y, Z): -3.91624e+06  , -1.77623e+06  , 5.06482e+07 
Thu Aug 08 02:09:59, Info:  Frictional work (total, % static, % radiated):  7.09316e+15  , 83.0359  , 16.9641 
Thu Aug 08 02:09:59, Info:  Seismic moment (without plasticity): 4.32927e+19  Mw: 7.02094 
Thu Aug 08 02:09:59, Info:  Writing energy output at time 11 Done. 
Thu Aug 08 02:09:59, Info:  Time spent this phase (total): 26.6586 s (min: 26.6353 s, max: 26.6808 s)
Thu Aug 08 02:09:59, Info:  Time spent this phase (compute): 26.6585 s (min: 26.6353 s, max: 26.6807 s)
Thu Aug 08 02:09:59, Info:  Time spent this phase (IO): 51.4936 ms (min: 39.1122 ms, max: 88.8437 ms)
Thu Aug 08 02:09:59, Info:  Performance since the start: 9.4570 TFLOP/s (rank 0: 573.5274 GFLOP/s , average over ranks: 591.0625 GFLOP/s ) 
Thu Aug 08 02:09:59, Info:  Performance since last sync point: 9.4417 TFLOP/s (rank 0: 572.8548 GFLOP/s , average over ranks: 590.1081 GFLOP/s ) 
Thu Aug 08 02:10:26, Info:  Writing faultoutput at time 11.5.
Thu Aug 08 02:10:26, Info:  Writing faultoutput at time 11.5. Done.
Thu Aug 08 02:10:26, Info:  Writing energy output at time 11.5 
Thu Aug 08 02:10:26, Info:  Elastic energy (total, % kinematic, % potential):  7.70757e+15  , 11.1891  , 88.8109 
Thu Aug 08 02:10:26, Info:  Total momentum (X, Y, Z): -1.39915e+07  , 793516  , -6.95461e+07 
Thu Aug 08 02:10:26, Info:  Frictional work (total, % static, % radiated):  7.77638e+15  , 83.3392  , 16.6608 
Thu Aug 08 02:10:26, Info:  Seismic moment (without plasticity): 4.73709e+19  Mw: 7.04701 
Thu Aug 08 02:10:26, Info:  Writing energy output at time 11.5 Done. 
Thu Aug 08 02:10:26, Info:  Time spent this phase (total): 26.7782 s (min: 26.7585 s, max: 26.7897 s)
Thu Aug 08 02:10:26, Info:  Time spent this phase (compute): 26.7782 s (min: 26.7585 s, max: 26.7896 s)
Thu Aug 08 02:10:26, Info:  Time spent this phase (IO): 50.2739 ms (min: 39.0130 ms, max: 78.0492 ms)
Thu Aug 08 02:10:26, Info:  Performance since the start: 9.4545 TFLOP/s (rank 0: 573.3729 GFLOP/s , average over ranks: 590.9056 GFLOP/s ) 
Thu Aug 08 02:10:26, Info:  Performance since last sync point: 9.3996 TFLOP/s (rank 0: 569.9930 GFLOP/s , average over ranks: 587.4742 GFLOP/s ) 
Thu Aug 08 02:10:52, Info:  Writing faultoutput at time 12.
Thu Aug 08 02:10:52, Info:  Writing faultoutput at time 12. Done.
Thu Aug 08 02:10:52, Info:  Writing free surface at time 12.
Thu Aug 08 02:10:52, Info:  Writing free surface at time 12. Done.
Thu Aug 08 02:10:52, Info:  Writing energy output at time 12 
Thu Aug 08 02:10:53, Info:  Elastic energy (total, % kinematic, % potential):  8.56928e+15  , 11.7626  , 88.2374 
Thu Aug 08 02:10:53, Info:  Total momentum (X, Y, Z): -3.95108e+07  , 6.18715e+06  , -5.27718e+07 
Thu Aug 08 02:10:53, Info:  Frictional work (total, % static, % radiated):  8.64935e+15  , 83.4376  , 16.5624 
Thu Aug 08 02:10:53, Info:  Seismic moment (without plasticity): 5.21156e+19  Mw: 7.07465 
Thu Aug 08 02:10:53, Info:  Writing energy output at time 12 Done. 
Thu Aug 08 02:10:53, Info:  Time spent this phase (total): 26.7398 s (min: 26.7128 s, max: 26.7971 s)
Thu Aug 08 02:10:53, Info:  Time spent this phase (compute): 26.7397 s (min: 26.7127 s, max: 26.7971 s)
Thu Aug 08 02:10:53, Info:  Time spent this phase (IO): 52.5612 ms (min: 39.2475 ms, max: 94.5165 ms)
Thu Aug 08 02:10:53, Info:  Performance since the start: 9.4528 TFLOP/s (rank 0: 573.2592 GFLOP/s , average over ranks: 590.7972 GFLOP/s ) 
Thu Aug 08 02:10:53, Info:  Performance since last sync point: 9.4131 TFLOP/s (rank 0: 570.6567 GFLOP/s , average over ranks: 588.3164 GFLOP/s ) 
Thu Aug 08 02:11:19, Info:  Writing faultoutput at time 12.5.
Thu Aug 08 02:11:19, Info:  Writing faultoutput at time 12.5. Done.
Thu Aug 08 02:11:19, Info:  Writing energy output at time 12.5 
Thu Aug 08 02:11:19, Info:  Elastic energy (total, % kinematic, % potential):  9.67283e+15  , 12.4819  , 87.5181 
Thu Aug 08 02:11:19, Info:  Total momentum (X, Y, Z): -7.15876e+06  , -2.02948e+07  , 4.08429e+08 
Thu Aug 08 02:11:19, Info:  Frictional work (total, % static, % radiated):  9.7707e+15  , 83.2832  , 16.7168 
Thu Aug 08 02:11:19, Info:  Seismic moment (without plasticity): 5.77331e+19  Mw: 7.10428 
Thu Aug 08 02:11:19, Info:  Writing energy output at time 12.5 Done. 
Thu Aug 08 02:11:19, Info:  Time spent this phase (total): 26.5739 s (min: 26.5101 s, max: 26.5942 s)
Thu Aug 08 02:11:19, Info:  Time spent this phase (compute): 26.5738 s (min: 26.5101 s, max: 26.5942 s)
Thu Aug 08 02:11:19, Info:  Time spent this phase (IO): 51.5920 ms (min: 38.9871 ms, max: 91.9524 ms)
Thu Aug 08 02:11:19, Info:  Performance since the start: 9.4535 TFLOP/s (rank 0: 573.3132 GFLOP/s , average over ranks: 590.8450 GFLOP/s ) 
Thu Aug 08 02:11:19, Info:  Performance since last sync point: 9.4719 TFLOP/s (rank 0: 574.6123 GFLOP/s , average over ranks: 591.9941 GFLOP/s ) 
Thu Aug 08 02:11:46, Info:  Writing faultoutput at time 13.
Thu Aug 08 02:11:46, Info:  Writing faultoutput at time 13. Done.
Thu Aug 08 02:11:46, Info:  Writing free surface at time 13.
Thu Aug 08 02:11:46, Info:  Writing free surface at time 13. Done.
Thu Aug 08 02:11:46, Info:  Writing energy output at time 13 
Thu Aug 08 02:11:46, Info:  Elastic energy (total, % kinematic, % potential):  1.10631e+16  , 13.2391  , 86.7609 
Thu Aug 08 02:11:46, Info:  Total momentum (X, Y, Z): -2.41421e+07  , 4.147e+07  , -6.45876e+08 
Thu Aug 08 02:11:46, Info:  Frictional work (total, % static, % radiated):  1.11814e+16  , 82.9443  , 17.0557 
Thu Aug 08 02:11:46, Info:  Seismic moment (without plasticity): 6.43756e+19  Mw: 7.13581 
Thu Aug 08 02:11:46, Info:  Writing energy output at time 13 Done. 
Thu Aug 08 02:11:46, Info:  Time spent this phase (total): 26.5461 s (min: 26.5428 s, max: 26.5621 s)
Thu Aug 08 02:11:46, Info:  Time spent this phase (compute): 26.5460 s (min: 26.5428 s, max: 26.5621 s)
Thu Aug 08 02:11:46, Info:  Time spent this phase (IO): 51.3446 ms (min: 39.1483 ms, max: 88.7720 ms)
Thu Aug 08 02:11:46, Info:  Performance since the start: 9.4546 TFLOP/s (rank 0: 573.3814 GFLOP/s , average over ranks: 590.9126 GFLOP/s ) 
Thu Aug 08 02:11:46, Info:  Performance since last sync point: 9.4818 TFLOP/s (rank 0: 575.0915 GFLOP/s , average over ranks: 592.6095 GFLOP/s ) 
Thu Aug 08 02:12:12, Info:  Writing faultoutput at time 13.5.
Thu Aug 08 02:12:12, Info:  Writing faultoutput at time 13.5. Done.
Thu Aug 08 02:12:12, Info:  Writing energy output at time 13.5 
Thu Aug 08 02:12:12, Info:  Elastic energy (total, % kinematic, % potential):  1.28296e+16  , 14.095  , 85.905 
Thu Aug 08 02:12:12, Info:  Total momentum (X, Y, Z): -7.72801e+07  , -6.34881e+07  , -4.36555e+08 
Thu Aug 08 02:12:12, Info:  Frictional work (total, % static, % radiated):  1.2991e+16  , 82.3118  , 17.6882 
Thu Aug 08 02:12:12, Info:  Seismic moment (without plasticity): 7.23233e+19  Mw: 7.16952 
Thu Aug 08 02:12:12, Info:  Writing energy output at time 13.5 Done. 
Thu Aug 08 02:12:12, Info:  Time spent this phase (total): 26.5035 s (min: 26.4935 s, max: 26.5067 s)
Thu Aug 08 02:12:12, Info:  Time spent this phase (compute): 26.5034 s (min: 26.4934 s, max: 26.5066 s)
Thu Aug 08 02:12:12, Info:  Time spent this phase (IO): 50.5468 ms (min: 39.0328 ms, max: 81.4449 ms)
Thu Aug 08 02:12:12, Info:  Performance since the start: 9.4562 TFLOP/s (rank 0: 573.4750 GFLOP/s , average over ranks: 591.0104 GFLOP/s ) 
Thu Aug 08 02:12:12, Info:  Performance since last sync point: 9.4970 TFLOP/s (rank 0: 575.9190 GFLOP/s , average over ranks: 593.5640 GFLOP/s ) 
Thu Aug 08 02:12:39, Info:  Writing faultoutput at time 14.
Thu Aug 08 02:12:39, Info:  Writing faultoutput at time 14. Done.
Thu Aug 08 02:12:39, Info:  Writing free surface at time 14.
Thu Aug 08 02:12:39, Info:  Writing free surface at time 14. Done.
Thu Aug 08 02:12:39, Info:  Writing energy output at time 14 
Thu Aug 08 02:12:39, Info:  Elastic energy (total, % kinematic, % potential):  1.50683e+16  , 14.9639  , 85.0361 
Thu Aug 08 02:12:39, Info:  Total momentum (X, Y, Z): 2.06258e+07  , 1.32527e+07  , 2.73802e+09 
Thu Aug 08 02:12:39, Info:  Frictional work (total, % static, % radiated):  1.52814e+16  , 81.4825  , 18.5175 
Thu Aug 08 02:12:39, Info:  Seismic moment (without plasticity): 8.18823e+19  Mw: 7.20546 
Thu Aug 08 02:12:39, Info:  Writing energy output at time 14 Done. 
Thu Aug 08 02:12:39, Info:  Time spent this phase (total): 26.7278 s (min: 26.7133 s, max: 26.7645 s)
Thu Aug 08 02:12:39, Info:  Time spent this phase (compute): 26.7277 s (min: 26.7132 s, max: 26.7644 s)
Thu Aug 08 02:12:39, Info:  Time spent this phase (IO): 52.0339 ms (min: 39.1468 ms, max: 82.1429 ms)
Thu Aug 08 02:12:39, Info:  Performance since the start: 9.4548 TFLOP/s (rank 0: 573.3772 GFLOP/s , average over ranks: 590.9233 GFLOP/s ) 
Thu Aug 08 02:12:39, Info:  Performance since last sync point: 9.4173 TFLOP/s (rank 0: 570.7512 GFLOP/s , average over ranks: 588.5801 GFLOP/s ) 
Thu Aug 08 02:13:05, Info:  Writing faultoutput at time 14.5.
Thu Aug 08 02:13:05, Info:  Writing faultoutput at time 14.5. Done.
Thu Aug 08 02:13:05, Info:  Writing energy output at time 14.5 
Thu Aug 08 02:13:05, Info:  Elastic energy (total, % kinematic, % potential):  1.79222e+16  , 16.0173  , 83.9827 
Thu Aug 08 02:13:05, Info:  Total momentum (X, Y, Z): 9.34657e+07  , 2.00523e+08  , -8.64024e+08 
Thu Aug 08 02:13:05, Info:  Frictional work (total, % static, % radiated):  1.82008e+16  , 80.4131  , 19.5869 
Thu Aug 08 02:13:05, Info:  Seismic moment (without plasticity): 9.34325e+19  Mw: 7.24367 
Thu Aug 08 02:13:05, Info:  Writing energy output at time 14.5 Done. 
Thu Aug 08 02:13:05, Info:  Time spent this phase (total): 26.6364 s (min: 26.6007 s, max: 26.6495 s)
Thu Aug 08 02:13:05, Info:  Time spent this phase (compute): 26.6363 s (min: 26.6007 s, max: 26.6494 s)
Thu Aug 08 02:13:05, Info:  Time spent this phase (IO): 50.7571 ms (min: 39.0138 ms, max: 83.5821 ms)
Thu Aug 08 02:13:05, Info:  Performance since the start: 9.4546 TFLOP/s (rank 0: 573.3800 GFLOP/s , average over ranks: 590.9122 GFLOP/s ) 
Thu Aug 08 02:13:05, Info:  Performance since last sync point: 9.4497 TFLOP/s (rank 0: 573.4588 GFLOP/s , average over ranks: 590.6039 GFLOP/s ) 
Thu Aug 08 02:13:32, Info:  Writing faultoutput at time 15.
Thu Aug 08 02:13:32, Info:  Writing faultoutput at time 15. Done.
Thu Aug 08 02:13:32, Info:  Writing free surface at time 15.
Thu Aug 08 02:13:32, Info:  Writing free surface at time 15. Done.
Thu Aug 08 02:13:32, Info:  Writing energy output at time 15 
Thu Aug 08 02:13:32, Info:  Elastic energy (total, % kinematic, % potential):  2.09856e+16  , 15.8015  , 84.1985 
Thu Aug 08 02:13:32, Info:  Total momentum (X, Y, Z): -1.42084e+08  , -4.51931e+08  , -8.86361e+09 
Thu Aug 08 02:13:32, Info:  Frictional work (total, % static, % radiated):  2.13457e+16  , 79.551  , 20.449 
Thu Aug 08 02:13:32, Info:  Seismic moment (without plasticity): 1.06574e+20  Mw: 7.28177 
Thu Aug 08 02:13:32, Info:  Writing energy output at time 15 Done. 
Thu Aug 08 02:13:32, Info:  Time spent this phase (total): 26.5441 s (min: 26.5399 s, max: 26.5589 s)
Thu Aug 08 02:13:32, Info:  Time spent this phase (compute): 26.5440 s (min: 26.5395 s, max: 26.5588 s)
Thu Aug 08 02:13:32, Info:  Time spent this phase (IO): 51.1703 ms (min: 39.1692 ms, max: 83.8813 ms)
Thu Aug 08 02:13:32, Info:  Performance since the start: 9.4555 TFLOP/s (rank 0: 573.4398 GFLOP/s , average over ranks: 590.9702 GFLOP/s ) 
Thu Aug 08 02:13:32, Info:  Performance since last sync point: 9.4825 TFLOP/s (rank 0: 575.1783 GFLOP/s , average over ranks: 592.6549 GFLOP/s ) 
Thu Aug 08 02:13:58, Info:  Writing faultoutput at time 15.5.
Thu Aug 08 02:13:58, Info:  Writing faultoutput at time 15.5. Done.
Thu Aug 08 02:13:58, Info:  Writing energy output at time 15.5 
Thu Aug 08 02:13:59, Info:  Elastic energy (total, % kinematic, % potential):  2.35222e+16  , 13.7584  , 86.2416 
Thu Aug 08 02:13:59, Info:  Total momentum (X, Y, Z): -2.55209e+08  , 1.13929e+08  , 7.23057e+09 
Thu Aug 08 02:13:59, Info:  Frictional work (total, % static, % radiated):  2.39091e+16  , 78.7936  , 21.2064 
Thu Aug 08 02:13:59, Info:  Seismic moment (without plasticity): 1.18273e+20  Mw: 7.31192 
Thu Aug 08 02:13:59, Info:  Writing energy output at time 15.5 Done. 
Thu Aug 08 02:13:59, Info:  Time spent this phase (total): 26.4933 s (min: 26.4825 s, max: 26.5062 s)
Thu Aug 08 02:13:59, Info:  Time spent this phase (compute): 26.4932 s (min: 26.4824 s, max: 26.5061 s)
Thu Aug 08 02:13:59, Info:  Time spent this phase (IO): 50.7055 ms (min: 39.2043 ms, max: 78.7102 ms)
Thu Aug 08 02:13:59, Info:  Performance since the start: 9.4570 TFLOP/s (rank 0: 573.5296 GFLOP/s , average over ranks: 591.0607 GFLOP/s ) 
Thu Aug 08 02:13:59, Info:  Performance since last sync point: 9.5006 TFLOP/s (rank 0: 576.2367 GFLOP/s , average over ranks: 593.7904 GFLOP/s ) 
Thu Aug 08 02:14:25, Info:  Writing faultoutput at time 16.
Thu Aug 08 02:14:25, Info:  Writing faultoutput at time 16. Done.
Thu Aug 08 02:14:25, Info:  Writing free surface at time 16.
Thu Aug 08 02:14:25, Info:  Writing free surface at time 16. Done.
Thu Aug 08 02:14:25, Info:  Writing energy output at time 16 
Thu Aug 08 02:14:25, Info:  Elastic energy (total, % kinematic, % potential):  2.57433e+16  , 12.6117  , 87.3883 
Thu Aug 08 02:14:25, Info:  Total momentum (X, Y, Z): 1.05034e+09  , 5.51245e+08  , 2.93933e+10 
Thu Aug 08 02:14:25, Info:  Frictional work (total, % static, % radiated):  2.61603e+16  , 78.442  , 21.558 
Thu Aug 08 02:14:25, Info:  Seismic moment (without plasticity): 1.27956e+20  Mw: 7.33471 
Thu Aug 08 02:14:25, Info:  Writing energy output at time 16 Done. 
Thu Aug 08 02:14:25, Info:  Time spent this phase (total): 26.6786 s (min: 26.6658 s, max: 26.6936 s)
Thu Aug 08 02:14:25, Info:  Time spent this phase (compute): 26.6785 s (min: 26.6658 s, max: 26.6935 s)
Thu Aug 08 02:14:25, Info:  Time spent this phase (IO): 52.5227 ms (min: 39.1618 ms, max: 100.4554 ms)
Thu Aug 08 02:14:25, Info:  Performance since the start: 9.4563 TFLOP/s (rank 0: 573.4777 GFLOP/s , average over ranks: 591.0171 GFLOP/s ) 
Thu Aug 08 02:14:25, Info:  Performance since last sync point: 9.4347 TFLOP/s (rank 0: 571.8732 GFLOP/s , average over ranks: 589.6679 GFLOP/s ) 
Thu Aug 08 02:14:52, Info:  Writing faultoutput at time 16.5.
Thu Aug 08 02:14:52, Info:  Writing faultoutput at time 16.5. Done.
Thu Aug 08 02:14:52, Info:  Writing energy output at time 16.5 
Thu Aug 08 02:14:52, Info:  Elastic energy (total, % kinematic, % potential):  2.76711e+16  , 12.0147  , 87.9853 
Thu Aug 08 02:14:52, Info:  Total momentum (X, Y, Z): 1.16541e+09  , -8.43901e+08  , -2.11742e+10 
Thu Aug 08 02:14:52, Info:  Frictional work (total, % static, % radiated):  2.81176e+16  , 78.4189  , 21.5811 
Thu Aug 08 02:14:52, Info:  Seismic moment (without plasticity): 1.36873e+20  Mw: 7.35421 
Thu Aug 08 02:14:52, Info:  Writing energy output at time 16.5 Done. 
Thu Aug 08 02:14:52, Info:  Time spent this phase (total): 26.5809 s (min: 26.5539 s, max: 26.6319 s)
Thu Aug 08 02:14:52, Info:  Time spent this phase (compute): 26.5808 s (min: 26.5538 s, max: 26.6318 s)
Thu Aug 08 02:14:52, Info:  Time spent this phase (IO): 50.6552 ms (min: 38.9641 ms, max: 83.1965 ms)
Thu Aug 08 02:14:52, Info:  Performance since the start: 9.4567 TFLOP/s (rank 0: 573.5109 GFLOP/s , average over ranks: 591.0418 GFLOP/s ) 
Thu Aug 08 02:14:52, Info:  Performance since last sync point: 9.4694 TFLOP/s (rank 0: 574.5767 GFLOP/s , average over ranks: 591.8347 GFLOP/s ) 
Thu Aug 08 02:15:19, Info:  Writing faultoutput at time 17.
Thu Aug 08 02:15:19, Info:  Writing faultoutput at time 17. Done.
Thu Aug 08 02:15:19, Info:  Writing free surface at time 17.
Thu Aug 08 02:15:19, Info:  Writing free surface at time 17. Done.
Thu Aug 08 02:15:19, Info:  Writing energy output at time 17 
Thu Aug 08 02:15:19, Info:  Elastic energy (total, % kinematic, % potential):  2.94322e+16  , 11.6816  , 88.3184 
Thu Aug 08 02:15:19, Info:  Total momentum (X, Y, Z): -1.03117e+09  , -5.83949e+08  , -9.28656e+10 
Thu Aug 08 02:15:19, Info:  Frictional work (total, % static, % radiated):  2.99163e+16  , 78.3471  , 21.6529 
Thu Aug 08 02:15:19, Info:  Seismic moment (without plasticity): 1.45387e+20  Mw: 7.37168 
Thu Aug 08 02:15:19, Info:  Writing energy output at time 17 Done. 
Thu Aug 08 02:15:19, Info:  Time spent this phase (total): 26.8828 s (min: 26.8550 s, max: 26.8872 s)
Thu Aug 08 02:15:19, Info:  Time spent this phase (compute): 26.8827 s (min: 26.8550 s, max: 26.8871 s)
Thu Aug 08 02:15:19, Info:  Time spent this phase (IO): 51.2454 ms (min: 39.8102 ms, max: 84.6257 ms)
Thu Aug 08 02:15:19, Info:  Performance since the start: 9.4539 TFLOP/s (rank 0: 573.3399 GFLOP/s , average over ranks: 590.8680 GFLOP/s ) 
Thu Aug 08 02:15:19, Info:  Performance since last sync point: 9.3630 TFLOP/s (rank 0: 567.7513 GFLOP/s , average over ranks: 585.1906 GFLOP/s ) 
Thu Aug 08 02:15:45, Info:  Writing faultoutput at time 17.5.
Thu Aug 08 02:15:45, Info:  Writing faultoutput at time 17.5. Done.
Thu Aug 08 02:15:45, Info:  Writing energy output at time 17.5 
Thu Aug 08 02:15:45, Info:  Elastic energy (total, % kinematic, % potential):  3.10503e+16  , 11.0237  , 88.9763 
Thu Aug 08 02:15:45, Info:  Total momentum (X, Y, Z): -8.92071e+08  , 9.68161e+08  , 4.01487e+10 
Thu Aug 08 02:15:45, Info:  Frictional work (total, % static, % radiated):  3.15946e+16  , 77.9146  , 22.0854 
Thu Aug 08 02:15:45, Info:  Seismic moment (without plasticity): 1.52918e+20  Mw: 7.38631 
Thu Aug 08 02:15:45, Info:  Writing energy output at time 17.5 Done. 
Thu Aug 08 02:15:45, Info:  Time spent this phase (total): 26.7015 s (min: 26.6998 s, max: 26.7054 s)
Thu Aug 08 02:15:45, Info:  Time spent this phase (compute): 26.7014 s (min: 26.6996 s, max: 26.7054 s)
Thu Aug 08 02:15:45, Info:  Time spent this phase (IO): 50.5767 ms (min: 39.0411 ms, max: 81.1549 ms)
Thu Aug 08 02:15:45, Info:  Performance since the start: 9.4531 TFLOP/s (rank 0: 573.2938 GFLOP/s , average over ranks: 590.8192 GFLOP/s ) 
Thu Aug 08 02:15:45, Info:  Performance since last sync point: 9.4266 TFLOP/s (rank 0: 571.7309 GFLOP/s , average over ranks: 589.1619 GFLOP/s ) 
Thu Aug 08 02:16:12, Info:  Writing faultoutput at time 18.
Thu Aug 08 02:16:12, Info:  Writing faultoutput at time 18. Done.
Thu Aug 08 02:16:12, Info:  Writing free surface at time 18.
Thu Aug 08 02:16:12, Info:  Writing free surface at time 18. Done.
Thu Aug 08 02:16:12, Info:  Writing energy output at time 18 
Thu Aug 08 02:16:12, Info:  Elastic energy (total, % kinematic, % potential):  3.2284e+16  , 10.0904  , 89.9096 
Thu Aug 08 02:16:12, Info:  Total momentum (X, Y, Z): 2.22611e+09  , -1.62028e+08  , 2.40024e+11 
Thu Aug 08 02:16:12, Info:  Frictional work (total, % static, % radiated):  3.28756e+16  , 77.458  , 22.542 
Thu Aug 08 02:16:12, Info:  Seismic moment (without plasticity): 1.58473e+20  Mw: 7.39664 
Thu Aug 08 02:16:12, Info:  Writing energy output at time 18 Done. 
Thu Aug 08 02:16:12, Info:  Time spent this phase (total): 26.4850 s (min: 26.4811 s, max: 26.4980 s)
Thu Aug 08 02:16:12, Info:  Time spent this phase (compute): 26.4849 s (min: 26.4806 s, max: 26.4980 s)
Thu Aug 08 02:16:12, Info:  Time spent this phase (IO): 51.0285 ms (min: 39.0975 ms, max: 83.9611 ms)
Thu Aug 08 02:16:12, Info:  Performance since the start: 9.4545 TFLOP/s (rank 0: 573.3812 GFLOP/s , average over ranks: 590.9064 GFLOP/s ) 
Thu Aug 08 02:16:12, Info:  Performance since last sync point: 9.5036 TFLOP/s (rank 0: 576.4575 GFLOP/s , average over ranks: 593.9763 GFLOP/s ) 
Thu Aug 08 02:16:38, Info:  Writing faultoutput at time 18.5.
Thu Aug 08 02:16:38, Info:  Writing faultoutput at time 18.5. Done.
Thu Aug 08 02:16:38, Info:  Writing energy output at time 18.5 
Thu Aug 08 02:16:38, Info:  Elastic energy (total, % kinematic, % potential):  3.30946e+16  , 9.2694  , 90.7306 
Thu Aug 08 02:16:38, Info:  Total momentum (X, Y, Z): 4.43483e+09  , -1.48283e+09  , -1.20498e+11 
Thu Aug 08 02:16:38, Info:  Frictional work (total, % static, % radiated):  3.37234e+16  , 77.2236  , 22.7764 
Thu Aug 08 02:16:38, Info:  Seismic moment (without plasticity): 1.62179e+20  Mw: 7.40333 
Thu Aug 08 02:16:38, Info:  Writing energy output at time 18.5 Done. 
Thu Aug 08 02:16:38, Info:  Time spent this phase (total): 26.5573 s (min: 26.5347 s, max: 26.5945 s)
Thu Aug 08 02:16:38, Info:  Time spent this phase (compute): 26.5572 s (min: 26.5346 s, max: 26.5944 s)
Thu Aug 08 02:16:38, Info:  Time spent this phase (IO): 49.3192 ms (min: 39.0304 ms, max: 82.5360 ms)
Thu Aug 08 02:16:38, Info:  Performance since the start: 9.4551 TFLOP/s (rank 0: 573.4157 GFLOP/s , average over ranks: 590.9456 GFLOP/s ) 
Thu Aug 08 02:16:38, Info:  Performance since last sync point: 9.4778 TFLOP/s (rank 0: 574.6610 GFLOP/s , average over ranks: 592.3601 GFLOP/s ) 
Thu Aug 08 02:17:05, Info:  Writing faultoutput at time 19.
Thu Aug 08 02:17:05, Info:  Writing faultoutput at time 19. Done.
Thu Aug 08 02:17:05, Info:  Writing free surface at time 19.
Thu Aug 08 02:17:05, Info:  Writing free surface at time 19. Done.
Thu Aug 08 02:17:05, Info:  Writing energy output at time 19 
Thu Aug 08 02:17:05, Info:  Elastic energy (total, % kinematic, % potential):  3.3602e+16  , 8.74389  , 91.2561 
Thu Aug 08 02:17:05, Info:  Total momentum (X, Y, Z): 4.20075e+09  , 9.81985e+08  , -1.36332e+12 
Thu Aug 08 02:17:05, Info:  Frictional work (total, % static, % radiated):  3.42696e+16  , 77.5523  , 22.4477 
Thu Aug 08 02:17:05, Info:  Seismic moment (without plasticity): 1.64546e+20  Mw: 7.40752 
Thu Aug 08 02:17:05, Info:  Writing energy output at time 19 Done. 
Thu Aug 08 02:17:05, Info:  Time spent this phase (total): 26.6307 s (min: 26.5947 s, max: 26.6426 s)
Thu Aug 08 02:17:05, Info:  Time spent this phase (compute): 26.6306 s (min: 26.5946 s, max: 26.6425 s)
Thu Aug 08 02:17:05, Info:  Time spent this phase (IO): 51.3089 ms (min: 39.1680 ms, max: 81.3266 ms)
Thu Aug 08 02:17:05, Info:  Performance since the start: 9.4550 TFLOP/s (rank 0: 573.4127 GFLOP/s , average over ranks: 590.9399 GFLOP/s ) 
Thu Aug 08 02:17:05, Info:  Performance since last sync point: 9.4517 TFLOP/s (rank 0: 573.3021 GFLOP/s , average over ranks: 590.7296 GFLOP/s ) 
Thu Aug 08 02:17:32, Info:  Writing faultoutput at time 19.5.
Thu Aug 08 02:17:32, Info:  Writing faultoutput at time 19.5. Done.
Thu Aug 08 02:17:32, Info:  Writing energy output at time 19.5 
Thu Aug 08 02:17:32, Info:  Elastic energy (total, % kinematic, % potential):  3.39491e+16  , 8.38412  , 91.6159 
Thu Aug 08 02:17:32, Info:  Total momentum (X, Y, Z): 2.31506e+09  , 3.13186e+09  , -3.1262e+12 
Thu Aug 08 02:17:32, Info:  Frictional work (total, % static, % radiated):  3.46641e+16  , 77.9647  , 22.0353 
Thu Aug 08 02:17:32, Info:  Seismic moment (without plasticity): 1.66245e+20  Mw: 7.4105 
Thu Aug 08 02:17:32, Info:  Writing energy output at time 19.5 Done. 
Thu Aug 08 02:17:32, Info:  Time spent this phase (total): 26.5536 s (min: 26.5397 s, max: 26.5738 s)
Thu Aug 08 02:17:32, Info:  Time spent this phase (compute): 26.5535 s (min: 26.5397 s, max: 26.5737 s)
Thu Aug 08 02:17:32, Info:  Time spent this phase (IO): 50.4980 ms (min: 39.1001 ms, max: 84.8306 ms)
Thu Aug 08 02:17:32, Info:  Performance since the start: 9.4557 TFLOP/s (rank 0: 573.4442 GFLOP/s , average over ranks: 590.9784 GFLOP/s ) 
Thu Aug 08 02:17:32, Info:  Performance since last sync point: 9.4791 TFLOP/s (rank 0: 574.6418 GFLOP/s , average over ranks: 592.4445 GFLOP/s ) 
Thu Aug 08 02:17:58, Info:  Writing faultoutput at time 20.
Thu Aug 08 02:17:58, Info:  Writing faultoutput at time 20. Done.
Thu Aug 08 02:17:58, Info:  Writing free surface at time 20.
Thu Aug 08 02:17:58, Info:  Writing free surface at time 20. Done.
Thu Aug 08 02:17:58, Info:  Wrote receivers in 5.03e-07 seconds. 
Thu Aug 08 02:17:58, Info:  Writing energy output at time 20 
Thu Aug 08 02:17:58, Info:  Elastic energy (total, % kinematic, % potential):  3.418e+16  , 8.08172  , 91.9183 
Thu Aug 08 02:17:58, Info:  Total momentum (X, Y, Z): -9.92432e+09  , 1.50179e+09  , -4.94421e+12 
Thu Aug 08 02:17:58, Info:  Frictional work (total, % static, % radiated):  3.49484e+16  , 78.4007  , 21.5993 
Thu Aug 08 02:17:58, Info:  Seismic moment (without plasticity): 1.67531e+20  Mw: 7.41273 
Thu Aug 08 02:17:58, Info:  Writing energy output at time 20 Done. 
Thu Aug 08 02:17:58, Info:  Time spent this phase (total): 26.4522 s (min: 26.4353 s, max: 26.4636 s)
Thu Aug 08 02:17:58, Info:  Time spent this phase (compute): 26.4521 s (min: 26.4353 s, max: 26.4636 s)
Thu Aug 08 02:17:58, Info:  Time spent this phase (IO): 50.9863 ms (min: 39.1790 ms, max: 84.3669 ms)
Thu Aug 08 02:17:58, Info:  Performance since the start: 9.4571 TFLOP/s (rank 0: 573.5399 GFLOP/s , average over ranks: 591.0712 GFLOP/s ) 
Thu Aug 08 02:17:58, Info:  Performance since last sync point: 9.5154 TFLOP/s (rank 0: 577.2984 GFLOP/s , average over ranks: 594.7154 GFLOP/s ) 
Thu Aug 08 02:17:58, Info:  Ignoring duplicate synchronisation point at time 20 ; the last sync point was at  20 
Thu Aug 08 02:17:58, Info:  Ignoring duplicate synchronisation point at time 20 ; the last sync point was at  20 
Thu Aug 08 02:17:58, Info:  Ignoring duplicate synchronisation point at time 20 ; the last sync point was at  20 
Thu Aug 08 02:17:58, Info:  Ignoring duplicate synchronisation point at time 20 ; the last sync point was at  20 
Thu Aug 08 02:17:58, Info:  Simulation time (total): 17 min 44.6100 s (min: 17 min 44.5759 s, max: 17 min 44.6333 s)
Thu Aug 08 02:17:58, Info:  Simulation time (compute): 17 min 42.5176 s (min: 17 min 41.3355 s, max: 17 min 43.0257 s)
Thu Aug 08 02:17:58, Info:  Simulation time (IO): 2.0868 s (min: 1.6029 s, max: 3.2624 s)
Thu Aug 08 02:17:58, Info:  Time spent in compute kernels: mean = 1014.07  std = 17.751  min = 983.262  median = 1012.94  max = 1048.75 
Thu Aug 08 02:17:58, Info:  Load imbalance: 3.30654 % 
Thu Aug 08 02:17:58, Info:  Regression analysis of compute kernels: 
Thu Aug 08 02:17:58, Info:  "computeLocalIntegration" (total time): 4906.62 s ( = 1 h 21 min 46.6209 s ) 
Thu Aug 08 02:17:58, Info:  "computeLocalIntegration" ( constant ): 2.44212e-05 (sample size: 5.04996e+06 , standard error: 4.54249e-12 ) 
Thu Aug 08 02:17:58, Info:  "computeLocalIntegration" ( per element ): 8.25375e-08 (sample size: 5.04996e+06 , standard error: 4.54249e-12 ) 
Thu Aug 08 02:17:58, Info:  "computeNeighboringIntegration" (total time): 5993.8 s ( = 1 h 39 min 53.8015 s ) 
Thu Aug 08 02:17:58, Info:  "computeNeighboringIntegration" ( constant ): 0.000152029 (sample size: 5.04996e+06 , standard error: 7.21642e-12 ) 
Thu Aug 08 02:17:58, Info:  "computeNeighboringIntegration" ( per element ): 9.01776e-08 (sample size: 5.04996e+06 , standard error: 7.21642e-12 ) 
Thu Aug 08 02:17:58, Info:  "computeDynamicRupture" (total time): 5324.73 s ( = 1 h 28 min 44.7309 s ) 
Thu Aug 08 02:17:58, Info:  "computeDynamicRupture" ( constant ): 8.38201e-05 (sample size: 4.102e+06 , standard error: 3.9027e-11 ) 
Thu Aug 08 02:17:58, Info:  "computeDynamicRupture" ( per element ): 4.50837e-07 (sample size: 4.102e+06 , standard error: 3.9027e-11 ) 
Thu Aug 08 02:17:58, Info:  "computePointSources" (total time): 0 s ( = 0.0000 s ) 
Thu Aug 08 02:17:58, Info:  "computePointSources" ( constant ): -nan (sample size: 0 , standard error: -nan ) 
Thu Aug 08 02:17:58, Info:  "computePointSources" ( per element ): -nan (sample size: 0 , standard error: -nan ) 
Thu Aug 08 02:17:58, Info:  Total time spent in compute kernels: 16225.2 s ( = 4 h 30 min 25.1534 s ) 
Thu Aug 08 02:17:58, Info:  Total calculated HW-FLOP:  10.0682 PFLOP 
Thu Aug 08 02:17:58, Info:  Total calculated NZ-FLOP:  4.0247 PFLOP 
Thu Aug 08 02:17:58, Info:  Total calculated HW-FLOP/s:  9.4569 TFLOP/s 
Thu Aug 08 02:17:58, Info:  Total calculated NZ-FLOP/s:  3.7804 TFLOP/s 
Thu Aug 08 02:17:58, Info:  WP calculated HW-FLOP:  8.3422 PFLOP 
Thu Aug 08 02:17:58, Info:  WP calculated NZ-FLOP:  2.7414 PFLOP 
Thu Aug 08 02:17:58, Info:  DR calculated HW-FLOP:  1.7260 PFLOP 
Thu Aug 08 02:17:58, Info:  DR calculated NZ-FLOP:  1.2834 PFLOP 
Thu Aug 08 02:17:58, Info:  PL calculated HW-FLOP:  0.0000 FLOP 
Thu Aug 08 02:17:58, Info:  PL calculated NZ-FLOP:  0.0000 FLOP 
Thu Aug 08 02:17:58, Info:  Time spent in simulation: 17 min 44.6340 s (min: 17 min 44.6338 s, max: 17 min 44.6352 s)
Thu Aug 08 02:17:58, Info:  Simulation done. 
Thu Aug 08 02:17:58, Info:  Closing IO. 
Thu Aug 08 02:17:59, Info:  Time fault writer backend: 4.3436 s (min: 1.7409 s, max: 26.9618 s)
Thu Aug 08 02:17:59, Info:  Time fault writer frontend: 45.8206 ms (min: 38.5619 ms, max: 52.8017 ms)
Thu Aug 08 02:17:59, Info:  Time free surface writer backend: 641.6236 ms (min: 15.6549 ms, max: 6.5437 s)
Thu Aug 08 02:17:59, Info:  Time free surface writer frontend: 4.5866 ms (min: 392.3790 s, max: 16.7176 ms)
Thu Aug 08 02:17:59, Info:  SeisSol done. Goodbye. 
/hppfs/scratch/01/di35poq/haiti-rupture-outputs/dynamic-rupture-outputs/outputs_tmp ~/haiti-rupture-inputs/dynamic-rupture/FL33-only
Writing hdf5 output with compression enabled (compression_level=4). 
Use --compression=0 if you want to speed-up data extraction.
ASl: 0it [00:00, ?it/s]ASl: 1it [00:00,  2.04it/s]ASl: 4it [00:00,  7.35it/s]ASl: 8it [00:00, 12.22it/s]ASl: 12it [00:00, 17.69it/s]ASl: 16it [00:01, 22.67it/s]ASl: 20it [00:01, 24.65it/s]ASl: 24it [00:01, 21.22it/s]ASl: 28it [00:01, 23.10it/s]ASl: 34it [00:01, 30.57it/s]ASl: 40it [00:01, 36.79it/s]ASl: 40it [00:01, 22.48it/s]
Sls: 0it [00:00, ?it/s]Sls: 1it [00:00,  3.89it/s]Sls: 4it [00:00,  9.60it/s]Sls: 8it [00:00, 12.21it/s]Sls: 12it [00:00, 16.26it/s]Sls: 16it [00:01, 14.63it/s]Sls: 20it [00:01, 18.36it/s]Sls: 24it [00:01, 20.36it/s]Sls: 28it [00:01, 23.15it/s]Sls: 32it [00:01, 21.60it/s]Sls: 36it [00:01, 23.82it/s]Sls: 40it [00:02, 26.19it/s]Sls: 40it [00:02, 19.42it/s]
Sld: 0it [00:00, ?it/s]Sld: 1it [00:00,  7.75it/s]Sld: 4it [00:00, 10.08it/s]Sld: 8it [00:00, 15.02it/s]Sld: 12it [00:00, 15.80it/s]Sld: 16it [00:01, 17.98it/s]Sld: 20it [00:01, 19.79it/s]Sld: 24it [00:01, 20.36it/s]Sld: 28it [00:01, 23.30it/s]Sld: 32it [00:01, 25.74it/s]Sld: 36it [00:01, 27.58it/s]Sld: 40it [00:01, 29.69it/s]Sld: 40it [00:01, 21.86it/s]
Ts0: 0it [00:00, ?it/s]Ts0: 1it [00:00,  5.76it/s]Ts0: 3it [00:00,  9.74it/s]Ts0: 4it [00:00,  8.36it/s]Ts0: 6it [00:00, 10.09it/s]Ts0: 8it [00:00,  9.86it/s]Ts0: 10it [00:01, 10.72it/s]Ts0: 12it [00:01,  9.59it/s]Ts0: 14it [00:01, 10.35it/s]Ts0: 16it [00:01,  9.28it/s]Ts0: 18it [00:01, 10.00it/s]Ts0: 20it [00:02,  9.18it/s]Ts0: 22it [00:02,  9.87it/s]Ts0: 24it [00:02,  8.29it/s]Ts0: 26it [00:02,  9.12it/s]Ts0: 28it [00:02,  9.58it/s]Ts0: 30it [00:03, 10.17it/s]Ts0: 32it [00:03, 10.43it/s]Ts0: 34it [00:03, 10.85it/s]Ts0: 36it [00:03, 10.98it/s]Ts0: 38it [00:03, 11.27it/s]Ts0: 40it [00:03, 11.48it/s]Ts0: 40it [00:03, 10.04it/s]
Td0: 0it [00:00, ?it/s]Td0: 1it [00:00,  7.73it/s]Td0: 3it [00:00, 11.52it/s]Td0: 5it [00:00, 10.20it/s]Td0: 7it [00:00, 11.38it/s]Td0: 9it [00:00, 11.69it/s]Td0: 11it [00:00, 12.25it/s]Td0: 13it [00:01, 11.19it/s]Td0: 15it [00:01, 11.77it/s]Td0: 17it [00:01, 11.89it/s]Td0: 19it [00:01, 12.22it/s]Td0: 21it [00:01, 10.70it/s]Td0: 23it [00:02, 11.29it/s]Td0: 25it [00:02, 10.52it/s]Td0: 27it [00:02, 11.12it/s]Td0: 29it [00:02, 10.28it/s]Td0: 31it [00:02, 10.89it/s]Td0: 33it [00:02, 11.16it/s]Td0: 35it [00:03, 11.59it/s]Td0: 37it [00:03, 11.67it/s]Td0: 39it [00:03, 11.96it/s]Td0: 40it [00:03, 11.37it/s]
Pn0: 0it [00:00, ?it/s]Pn0: 1it [00:00,  5.36it/s]Pn0: 3it [00:00,  9.19it/s]Pn0: 4it [00:00,  6.97it/s]Pn0: 6it [00:00,  8.85it/s]Pn0: 8it [00:00,  8.21it/s]Pn0: 10it [00:01,  9.30it/s]Pn0: 12it [00:01,  8.69it/s]Pn0: 14it [00:01,  9.51it/s]Pn0: 16it [00:01,  9.92it/s]Pn0: 18it [00:01, 10.37it/s]Pn0: 20it [00:02,  8.68it/s]Pn0: 22it [00:02,  9.35it/s]Pn0: 24it [00:02,  9.67it/s]Pn0: 26it [00:02, 10.10it/s]Pn0: 28it [00:03, 10.12it/s]Pn0: 30it [00:03, 10.43it/s]Pn0: 32it [00:03, 10.40it/s]Pn0: 34it [00:03, 10.63it/s]Pn0: 36it [00:03, 10.58it/s]Pn0: 38it [00:03, 10.75it/s]Pn0: 40it [00:04, 10.87it/s]Pn0: 40it [00:04,  9.76it/s]
T_s: 0it [00:00, ?it/s]T_s: 1it [00:00,  5.49it/s]T_s: 3it [00:00, 10.73it/s]T_s: 5it [00:00, 10.09it/s]T_s: 7it [00:00, 11.75it/s]T_s: 9it [00:00, 10.82it/s]T_s: 11it [00:00, 11.86it/s]T_s: 13it [00:01, 10.65it/s]T_s: 15it [00:01, 11.49it/s]T_s: 17it [00:01, 10.17it/s]T_s: 19it [00:01, 10.99it/s]T_s: 21it [00:01, 10.46it/s]T_s: 23it [00:02, 11.10it/s]T_s: 25it [00:02, 11.29it/s]T_s: 27it [00:02, 11.65it/s]T_s: 29it [00:02, 10.87it/s]T_s: 31it [00:02, 11.31it/s]T_s: 33it [00:03, 11.40it/s]T_s: 35it [00:03, 11.68it/s]T_s: 37it [00:03, 11.61it/s]T_s: 39it [00:03, 11.77it/s]T_s: 40it [00:03, 11.16it/s]
T_d: 0it [00:00, ?it/s]T_d: 1it [00:00,  5.72it/s]T_d: 3it [00:00, 10.95it/s]T_d: 5it [00:00,  9.96it/s]T_d: 7it [00:00, 11.64it/s]T_d: 9it [00:00, 10.64it/s]T_d: 11it [00:01, 11.71it/s]T_d: 13it [00:01, 10.70it/s]T_d: 15it [00:01, 11.52it/s]T_d: 17it [00:01, 10.51it/s]T_d: 19it [00:01, 11.29it/s]T_d: 21it [00:01, 10.01it/s]T_d: 23it [00:02, 10.80it/s]T_d: 25it [00:02, 11.11it/s]T_d: 27it [00:02, 11.61it/s]T_d: 29it [00:02, 11.72it/s]T_d: 31it [00:02, 12.02it/s]T_d: 33it [00:02, 11.98it/s]T_d: 35it [00:03, 12.19it/s]T_d: 37it [00:03, 12.04it/s]T_d: 39it [00:03, 10.63it/s]T_d: 40it [00:03, 11.06it/s]
P_n: 0it [00:00, ?it/s]P_n: 1it [00:00,  5.67it/s]P_n: 3it [00:00, 10.86it/s]P_n: 5it [00:00,  9.94it/s]P_n: 7it [00:00, 11.60it/s]P_n: 9it [00:00, 10.28it/s]P_n: 11it [00:01, 11.40it/s]P_n: 13it [00:01, 10.44it/s]P_n: 15it [00:01, 11.34it/s]P_n: 17it [00:01,  9.93it/s]P_n: 19it [00:01, 10.83it/s]P_n: 21it [00:02,  9.68it/s]P_n: 23it [00:02, 10.54it/s]P_n: 25it [00:02,  9.24it/s]P_n: 27it [00:02, 10.13it/s]P_n: 29it [00:02,  9.74it/s]P_n: 31it [00:03, 10.52it/s]P_n: 33it [00:03,  9.61it/s]P_n: 35it [00:03, 10.35it/s]P_n: 37it [00:03, 10.51it/s]P_n: 39it [00:03, 11.06it/s]P_n: 40it [00:03, 10.39it/s]
Mud: 0it [00:00, ?it/s]Mud: 1it [00:00,  7.10it/s]Mud: 4it [00:00, 17.79it/s]Mud: 8it [00:00, 23.54it/s]Mud: 12it [00:00, 27.36it/s]Mud: 16it [00:00, 30.24it/s]Mud: 20it [00:00, 27.37it/s]Mud: 24it [00:00, 28.54it/s]Mud: 32it [00:01, 39.43it/s]Mud: 40it [00:01, 48.00it/s]Mud: 40it [00:01, 34.70it/s]
done writing output_jobid_3484206_extracted-fault.h5
done writing output_jobid_3484206_extracted-fault.xdmf
full path: /hppfs/scratch/01/di35poq/haiti-rupture-outputs/dynamic-rupture-outputs/outputs_tmp/output_jobid_3484206_extracted-fault.xdmf
Writing hdf5 output with compression enabled (compression_level=4). 
Use --compression=0 if you want to speed-up data extraction.
u1: 0it [00:00, ?it/s]u1: 4it [00:00, 29.30it/s]u1: 8it [00:00, 32.63it/s]u1: 12it [00:00, 33.35it/s]u1: 20it [00:00, 44.97it/s]
u2: 0it [00:00, ?it/s]u2: 4it [00:00, 24.39it/s]u2: 8it [00:00, 31.42it/s]u2: 15it [00:00, 46.40it/s]u2: 20it [00:00, 43.11it/s]u2: 20it [00:00, 40.22it/s]
u3: 0it [00:00, ?it/s]u3: 1it [00:00,  7.14it/s]u3: 5it [00:00, 23.34it/s]u3: 11it [00:00, 37.74it/s]u3: 16it [00:00, 39.41it/s]u3: 20it [00:00, 36.71it/s]
done writing output_jobid_3484206_extracted-surface.h5
done writing output_jobid_3484206_extracted-surface.xdmf
full path: /hppfs/scratch/01/di35poq/haiti-rupture-outputs/dynamic-rupture-outputs/outputs_tmp/output_jobid_3484206_extracted-surface.xdmf
~/haiti-rupture-inputs/dynamic-rupture/FL33-only
