Sat Jun 08 00:48:14, Info:  Using the parameter file parameters.par 
Sat Jun 08 00:48:14, Info:  Reading SeisSol parameter file... 
Sat Jun 08 00:48:14, Info:  In your parameter file, you have specified a non-positive interval for "checkpointinterval" . This mechanism is deprecated and may be removed in a future version of SeisSol. Consider disabling the whole module by setting "checkpoint" to 0 instead by adding "checkpoint = 0" to the "output" section of your parameter file instead. 
Sat Jun 08 00:48:14, Info:  The field "printintervalcriterion" is no longer in use. You may safely remove it from your parameters file. 
Sat Jun 08 00:48:14, Info:  The field "printintervalcriterion" is no longer in use. You may safely remove it from your parameters file. 
Sat Jun 08 00:48:14, Info:  The field "pickdttype" is no longer in use. You may safely remove it from your parameters file. 
Sat Jun 08 00:48:14, Info:  The field "faultoutputflag" is no longer in use. You may safely remove it from your parameters file. 
Sat Jun 08 00:48:14, Info:  The field "boundaries" is no longer in use. You may safely remove it from your parameters file. 
Sat Jun 08 00:48:14, Info:  SeisSol parameter file read successfully. 
Sat Jun 08 00:48:14, Info:  Model information: 
Sat Jun 08 00:48:14, Info:  Elastic model: yes 
Sat Jun 08 00:48:14, Info:  Viscoelastic model: no 
Sat Jun 08 00:48:14, Info:  Anelastic model: no 
Sat Jun 08 00:48:14, Info:  Poroelastic model: no 
Sat Jun 08 00:48:14, Info:  Anisotropic model: no 
Sat Jun 08 00:48:14, Info:  Plasticity: no 
Sat Jun 08 00:48:14, Info:  Welcome to SeisSol 
Sat Jun 08 00:48:14, Info:  Copyright (c) 2012 - 2024  SeisSol Group 
Sat Jun 08 00:48:14, Info:  Version: v1.1.3-268-gcb972500 
Sat Jun 08 00:48:14, Info:  Built on: May  2 2024 00:53:22 
Sat Jun 08 00:48:14, Info:  Last commit: cb9725002e29ee55d54f8b57cf2181d2e26c4745 at 2024-04-30T18:04:04+00:00 
Sat Jun 08 00:48:14, Info:  Compiled with HOST_ARCH = skx 
Sat Jun 08 00:48:14, Info:  Running on (rank=0): "i01r01c02s07" 
Sat Jun 08 00:48:14, Info:  Using MPI with #ranks: 16 
Sat Jun 08 00:48:14, Info:  Node-wide (shared memory) MPI with #ranks/node: 1 
Sat Jun 08 00:48:14, Info:  Using asynchronous MPI routines. 
Sat Jun 08 00:48:14, Info:  Using OMP with #threads/rank: 94 
Sat Jun 08 00:48:14, Info:  OpenMP worker affinity (this process): "0123456789|0123456789|0123456789|0123456789|0123456-89|0123456789|0123456789|0123456789|0123456789|01234-" 
Sat Jun 08 00:48:14, Info:  OpenMP worker affinity (this node)   : "0123456789|0123456789|0123456789|0123456789|0123456-89|0123456789|0123456789|0123456789|0123456789|01234-" 
Sat Jun 08 00:48:14, Info:  Using a communication thread for advancing MPI communication. 
Sat Jun 08 00:48:14, Info:  Communication thread affinity        : "----------|----------|----------|----------|-------7--|----------|----------|----------|----------|-----5" 
Sat Jun 08 00:48:14, Info:  The stack size ulimit is 2097152 [kiB] ( = 2.0000 GiB ). 
Sat Jun 08 00:48:14, Info:  Begin init mesh. 
Sat Jun 08 00:48:14, Info:  Mesh file: "../../mesh/Haiti_v05_lowres" 
Sat Jun 08 00:48:14, Info:  Running mini SeisSol to determine node weights. 
Sat Jun 08 00:48:14, Info:  miniSeisSol configured with 50000 elements and 10 repeats per process 
Sat Jun 08 00:48:14, Info:  Node weights: mean = 41.2911  std = 1.10262  min = 37.2776  median = 41.5655  max = 42.1105 
Sat Jun 08 00:48:14, Info:  Reading PUML mesh 
Sat Jun 08 00:48:14, Info:  Inferring boundary format. 
Sat Jun 08 00:48:14, Info:  Boundary format not given in PUML file; inferring from array shape. 
Sat Jun 08 00:48:14, Info:  Using boundary format: i32 (4xi8) 
Sat Jun 08 00:48:14, Info:  Found 2740523 cells 
Sat Jun 08 00:48:14, Info:  Found 486340 vertices 
Sat Jun 08 00:48:16, Info:  Computing LTS weights. 
Sat Jun 08 00:48:19, Info:  Limiting number of clusters to 2147483646 
Sat Jun 08 00:48:19, Info:  Computing LTS weights. Done.  (121776 reductions.)
Sat Jun 08 00:48:19, Info:  Using the Parmetis partition library and strategy. 
Sat Jun 08 00:48:23, Info:  PUML mesh read in: 8.7289 s (min: 8.6771 s, max: 8.8321 s)
Sat Jun 08 00:48:23, Info:  The mesh has been read. Starting post processing. 
Sat Jun 08 00:48:23, Info:  Extracting fault information. 
Sat Jun 08 00:48:23, Info:  Exchanging ghostlayer metadata. 
Sat Jun 08 00:48:24, Info:  Mesh initialized in: 10.6187 s (min: 10.6185 s, max: 10.6197 s)
Sat Jun 08 00:48:24, Info:  End init mesh. 
Sat Jun 08 00:48:24, Info:  Begin init model. 
Sat Jun 08 00:48:24, Info:  Initialize LTS. 
Sat Jun 08 00:48:24, Info:  Deriving clusters ids for min. time step width / multiRate: 0.000160445 / 2 
Sat Jun 08 00:48:24, Info:  Due to wiggle factor of 1 the minimum timestep size is reduced to 0.000160445 
Sat Jun 08 00:48:24, Info:  Number of elements in time clusters: 
Sat Jun 08 00:48:24, Info:  0: 182 
Sat Jun 08 00:48:24, Info:  1: 43947 
Sat Jun 08 00:48:24, Info:  2: 1320004 
Sat Jun 08 00:48:24, Info:  3: 1004234 
Sat Jun 08 00:48:24, Info:  4: 248628 
Sat Jun 08 00:48:24, Info:  5: 59657 
Sat Jun 08 00:48:24, Info:  6: 14745 
Sat Jun 08 00:48:24, Info:  7: 6838 
Sat Jun 08 00:48:24, Info:  8: 39251 
Sat Jun 08 00:48:24, Info:  9: 3037 
Sat Jun 08 00:48:24, Info:  maximum theoretical speedup (compared to GTS): 8.40748 per cell LTS, 5.53046 with the used clustering. 
Sat Jun 08 00:48:24, Info:  Number of elements in dynamic rupture time clusters: 
Sat Jun 08 00:48:24, Info:  0 (dr): 55 
Sat Jun 08 00:48:24, Info:  1 (dr): 13271 
Sat Jun 08 00:48:24, Info:  2 (dr): 317662 
Sat Jun 08 00:48:24, Info:  3 (dr): 54503 
Sat Jun 08 00:48:24, Info:  4 (dr): 0 
Sat Jun 08 00:48:24, Info:  5 (dr): 0 
Sat Jun 08 00:48:24, Info:  6 (dr): 0 
Sat Jun 08 00:48:24, Info:  7 (dr): 0 
Sat Jun 08 00:48:24, Info:  8 (dr): 0 
Sat Jun 08 00:48:24, Info:  9 (dr): 0 
Sat Jun 08 00:48:24, Info:  Initialize Friction Model 
Sat Jun 08 00:48:25, Info:  Initialize cell material parameters. 
Sat Jun 08 00:48:26, Info:  Initialize Memory layout. 
Sat Jun 08 00:48:26, Info:  Initialize cell-local matrices. 
Sat Jun 08 00:48:27, Info:  Initializing Fault, using a quadrature rule with  25  points. 
Sat Jun 08 00:48:29, Info:  Model initialized in: 5.1950 s (min: 5.1932 s, max: 5.1973 s)
Sat Jun 08 00:48:29, Info:  End init model. 
Sat Jun 08 00:48:29, Info:  Setting initial conditions. 
Sat Jun 08 00:48:29, Info:  Using initial condition "Zero" . 
Sat Jun 08 00:48:29, Info:  Reading source. 
Sat Jun 08 00:48:29, Info:  No source term specified. 
Sat Jun 08 00:48:29, Info:  Setting up boundary conditions. 
Sat Jun 08 00:48:29, Info:  Begin init output. 
Sat Jun 08 00:48:29, Info:  Initializing free surface integrator. 
Sat Jun 08 00:48:29, Info:  Initializing free surface integrator. Done. 
Sat Jun 08 00:48:29, Info:  Enabling 2D fault output 
Sat Jun 08 00:48:29, Info:  Initializing Fault output. Number of sub-triangles: 4 
Sat Jun 08 00:48:30, Info:  Initializing XDMF fault output. 
Sat Jun 08 00:48:30, Info:  Fault writer thread affinity: "----------|----------|----------|----------|-------7--|----------|----------|----------|----------|-----5" 
Sat Jun 08 00:48:30, Info:  Initializing XDMF fault output. Done. 
Sat Jun 08 00:48:30, Info:  Wave field writer thread affinity: "----------|----------|----------|----------|-------7--|----------|----------|----------|----------|-----5" 
Sat Jun 08 00:48:30, Info:  Initializing XDMF wave field output. 
Sat Jun 08 00:48:30, Info:  Refinement is turned off. 
Sat Jun 08 00:48:30, Info:  Refinement class initialized 
Sat Jun 08 00:48:30, Info:  VariableSubsampler initialized 
Sat Jun 08 00:48:30, Info:  High order output initialized 
Sat Jun 08 00:48:30, Info:  Initializing XDMF wave field output. Done. 
Sat Jun 08 00:48:30, Info:  Initializing free surface output. 
Sat Jun 08 00:48:30, Info:  Free surface writer thread affinity: "----------|----------|----------|----------|-------7--|----------|----------|----------|----------|-----5" 
Sat Jun 08 00:48:30, Info:  Initializing free surface output. Done. 
Sat Jun 08 00:48:30, Info:  No record points read. 
Sat Jun 08 00:48:30, Info:  Finding meshIds for receivers... 
Sat Jun 08 00:48:30, Info:  Cleaning possible double occurring receivers for MPI... 
Sat Jun 08 00:48:30, Info:  Mapping receivers to LTS cells... 
Sat Jun 08 00:48:30, Info:  Initializing energy output. 
Sat Jun 08 00:48:30, Info:  End init output. 
Sat Jun 08 00:48:30, Info:  Finishing initialization... 
Sat Jun 08 00:48:30, Info:  Starting simulation. 
Sat Jun 08 00:48:30, Info:  Writing faultoutput at time 0.
Sat Jun 08 00:48:30, Info:  Writing faultoutput at time 0. Done.
Sat Jun 08 00:48:30, Info:  Waiting for last wave field. 
Sat Jun 08 00:48:30, Info:  Writing wave field at time 0.
Sat Jun 08 00:48:30, Info:  Writing wave field at time 0. Done.
Sat Jun 08 00:48:30, Info:  Writing free surface at time 0.
Sat Jun 08 00:48:30, Info:  Writing free surface at time 0. Done.
Sat Jun 08 00:48:30, Info:  Writing energy output at time 0 
Sat Jun 08 00:48:30, Info:  Total momentum (X, Y, Z): 0  , 0  , 0 
Sat Jun 08 00:48:30, Info:  Writing energy output at time 0 Done. 
Sat Jun 08 00:48:30, Info:  Time spent for initial IO: 63.2426 ms (min: 52.2294 ms, max: 83.8049 ms)
Sat Jun 08 00:49:01, Info:  Writing faultoutput at time 0.5.
Sat Jun 08 00:49:01, Info:  Writing faultoutput at time 0.5. Done.
Sat Jun 08 00:49:01, Info:  Writing energy output at time 0.5 
Sat Jun 08 00:49:01, Info:  Elastic energy (total, % kinematic, % potential):  2.68163e+16  , 45.433  , 54.567 
Sat Jun 08 00:49:01, Info:  Total momentum (X, Y, Z): 37.6172  , -11  , 20.4062 
Sat Jun 08 00:49:01, Info:  Frictional work (total, % static, % radiated):  2.80564e+16  , 22.3011  , 77.6989 
Sat Jun 08 00:49:01, Info:  Seismic moment (without plasticity): 7.011e+19  Mw: 7.16052 
Sat Jun 08 00:49:01, Info:  Writing energy output at time 0.5 Done. 
Sat Jun 08 00:49:01, Info:  Time spent this phase (total): 30.7659 s (min: 30.7339 s, max: 30.8077 s)
Sat Jun 08 00:49:01, Info:  Time spent this phase (compute): 30.7026 s (min: 30.6606 s, max: 30.7420 s)
Sat Jun 08 00:49:01, Info:  Time spent this phase (IO): 53.7829 ms (min: 41.0005 ms, max: 121.3795 ms)
Sat Jun 08 00:49:01, Info:  Performance since the start: 8.7213 TFLOP/s (rank 0: 537.4802 GFLOP/s , average over ranks: 545.0823 GFLOP/s ) 
Sat Jun 08 00:49:01, Info:  Performance since last sync point: 8.7213 TFLOP/s (rank 0: 537.4802 GFLOP/s , average over ranks: 545.0823 GFLOP/s ) 
Sat Jun 08 00:49:33, Info:  Writing faultoutput at time 1.
Sat Jun 08 00:49:33, Info:  Writing faultoutput at time 1. Done.
Sat Jun 08 00:49:33, Info:  Writing energy output at time 1 
Sat Jun 08 00:49:33, Info:  Elastic energy (total, % kinematic, % potential):  2.65946e+16  , 41.3549  , 58.6451 
Sat Jun 08 00:49:33, Info:  Total momentum (X, Y, Z): -52.5078  , 23.5  , -14.625 
Sat Jun 08 00:49:33, Info:  Frictional work (total, % static, % radiated):  3.04244e+16  , 12.5739  , 87.4261 
Sat Jun 08 00:49:33, Info:  Seismic moment (without plasticity): 8.58209e+19  Mw: 7.21906 
Sat Jun 08 00:49:33, Info:  Writing energy output at time 1 Done. 
Sat Jun 08 00:49:33, Info:  Time spent this phase (total): 31.5131 s (min: 31.4472 s, max: 31.5523 s)
Sat Jun 08 00:49:33, Info:  Time spent this phase (compute): 31.5130 s (min: 31.4471 s, max: 31.5522 s)
Sat Jun 08 00:49:33, Info:  Time spent this phase (IO): 50.5149 ms (min: 41.0429 ms, max: 94.5207 ms)
Sat Jun 08 00:49:33, Info:  Performance since the start: 8.6166 TFLOP/s (rank 0: 531.5325 GFLOP/s , average over ranks: 538.5406 GFLOP/s ) 
Sat Jun 08 00:49:33, Info:  Performance since last sync point: 8.5145 TFLOP/s (rank 0: 525.7150 GFLOP/s , average over ranks: 532.1550 GFLOP/s ) 
Sat Jun 08 00:50:02, Info:  Writing faultoutput at time 1.5.
Sat Jun 08 00:50:02, Info:  Writing faultoutput at time 1.5. Done.
Sat Jun 08 00:50:02, Info:  Writing energy output at time 1.5 
Sat Jun 08 00:50:02, Info:  Elastic energy (total, % kinematic, % potential):  2.46844e+16  , 39.6495  , 60.3505 
Sat Jun 08 00:50:02, Info:  Total momentum (X, Y, Z): -70.25  , -52  , -88.5 
Sat Jun 08 00:50:02, Info:  Frictional work (total, % static, % radiated):  3.04265e+16  , 14.4691  , 85.5309 
Sat Jun 08 00:50:02, Info:  Seismic moment (without plasticity): 8.58797e+19  Mw: 7.21926 
Sat Jun 08 00:50:02, Info:  Writing energy output at time 1.5 Done. 
Sat Jun 08 00:50:02, Info:  Time spent this phase (total): 28.9501 s (min: 28.9061 s, max: 29.0123 s)
Sat Jun 08 00:50:02, Info:  Time spent this phase (compute): 28.9500 s (min: 28.9060 s, max: 29.0122 s)
Sat Jun 08 00:50:02, Info:  Time spent this phase (IO): 52.3542 ms (min: 41.0612 ms, max: 98.4340 ms)
Sat Jun 08 00:50:02, Info:  Performance since the start: 8.8234 TFLOP/s (rank 0: 544.2874 GFLOP/s , average over ranks: 551.4651 GFLOP/s ) 
Sat Jun 08 00:50:02, Info:  Performance since last sync point: 9.2683 TFLOP/s (rank 0: 571.7261 GFLOP/s , average over ranks: 579.2696 GFLOP/s ) 
Sat Jun 08 00:50:30, Info:  Writing faultoutput at time 2.
Sat Jun 08 00:50:30, Info:  Writing faultoutput at time 2. Done.
Sat Jun 08 00:50:30, Info:  Writing energy output at time 2 
Sat Jun 08 00:50:30, Info:  Elastic energy (total, % kinematic, % potential):  2.28843e+16  , 38.2598  , 61.7402 
Sat Jun 08 00:50:30, Info:  Total momentum (X, Y, Z): -238.688  , -144.75  , -209.375 
Sat Jun 08 00:50:30, Info:  Frictional work (total, % static, % radiated):  3.04265e+16  , 15.2298  , 84.7702 
Sat Jun 08 00:50:30, Info:  Seismic moment (without plasticity): 8.59066e+19  Mw: 7.21935 
Sat Jun 08 00:50:30, Info:  Writing energy output at time 2 Done. 
Sat Jun 08 00:50:30, Info:  Time spent this phase (total): 28.8757 s (min: 28.8399 s, max: 28.9062 s)
Sat Jun 08 00:50:30, Info:  Time spent this phase (compute): 28.8756 s (min: 28.8398 s, max: 28.9062 s)
Sat Jun 08 00:50:30, Info:  Time spent this phase (IO): 51.9307 ms (min: 41.0563 ms, max: 99.9793 ms)
Sat Jun 08 00:50:30, Info:  Performance since the start: 8.9361 TFLOP/s (rank 0: 551.3266 GFLOP/s , average over ranks: 558.5083 GFLOP/s ) 
Sat Jun 08 00:50:30, Info:  Performance since last sync point: 9.2922 TFLOP/s (rank 0: 573.5810 GFLOP/s , average over ranks: 580.7608 GFLOP/s ) 
Sat Jun 08 00:50:59, Info:  Writing faultoutput at time 2.5.
Sat Jun 08 00:50:59, Info:  Writing faultoutput at time 2.5. Done.
Sat Jun 08 00:50:59, Info:  Writing energy output at time 2.5 
Sat Jun 08 00:50:59, Info:  Elastic energy (total, % kinematic, % potential):  2.14134e+16  , 37.3726  , 62.6274 
Sat Jun 08 00:50:59, Info:  Total momentum (X, Y, Z): -373.25  , -24.625  , -668.75 
Sat Jun 08 00:50:59, Info:  Frictional work (total, % static, % radiated):  3.04269e+16  , 16.1094  , 83.8906 
Sat Jun 08 00:50:59, Info:  Seismic moment (without plasticity): 8.5921e+19  Mw: 7.2194 
Sat Jun 08 00:50:59, Info:  Writing energy output at time 2.5 Done. 
Sat Jun 08 00:50:59, Info:  Time spent this phase (total): 28.9075 s (min: 28.8400 s, max: 28.9517 s)
Sat Jun 08 00:50:59, Info:  Time spent this phase (compute): 28.9074 s (min: 28.8400 s, max: 28.9517 s)
Sat Jun 08 00:50:59, Info:  Time spent this phase (IO): 54.8466 ms (min: 41.6341 ms, max: 145.3328 ms)
Sat Jun 08 00:50:59, Info:  Performance since the start: 9.0032 TFLOP/s (rank 0: 555.4354 GFLOP/s , average over ranks: 562.7016 GFLOP/s ) 
Sat Jun 08 00:50:59, Info:  Performance since last sync point: 9.2820 TFLOP/s (rank 0: 572.5019 GFLOP/s , average over ranks: 580.1252 GFLOP/s ) 
Sat Jun 08 00:51:28, Info:  Writing faultoutput at time 3.
Sat Jun 08 00:51:28, Info:  Writing faultoutput at time 3. Done.
Sat Jun 08 00:51:28, Info:  Writing energy output at time 3 
Sat Jun 08 00:51:29, Info:  Elastic energy (total, % kinematic, % potential):  2.01907e+16  , 36.3491  , 63.6509 
Sat Jun 08 00:51:29, Info:  Total momentum (X, Y, Z): 770.25  , -1706.25  , -24136.2 
Sat Jun 08 00:51:29, Info:  Frictional work (total, % static, % radiated):  3.04271e+16  , 16.6988  , 83.3012 
Sat Jun 08 00:51:29, Info:  Seismic moment (without plasticity): 8.59309e+19  Mw: 7.21943 
Sat Jun 08 00:51:29, Info:  Writing energy output at time 3 Done. 
Sat Jun 08 00:51:29, Info:  Time spent this phase (total): 29.1982 s (min: 29.1923 s, max: 29.2039 s)
Sat Jun 08 00:51:29, Info:  Time spent this phase (compute): 29.1981 s (min: 29.1922 s, max: 29.2038 s)
Sat Jun 08 00:51:29, Info:  Time spent this phase (IO): 54.9084 ms (min: 41.0952 ms, max: 145.2946 ms)
Sat Jun 08 00:51:29, Info:  Performance since the start: 9.0338 TFLOP/s (rank 0: 557.3370 GFLOP/s , average over ranks: 564.6094 GFLOP/s ) 
Sat Jun 08 00:51:29, Info:  Performance since last sync point: 9.1895 TFLOP/s (rank 0: 567.0434 GFLOP/s , average over ranks: 574.3455 GFLOP/s ) 
Sat Jun 08 00:51:58, Info:  Writing faultoutput at time 3.5.
Sat Jun 08 00:51:58, Info:  Writing faultoutput at time 3.5. Done.
Sat Jun 08 00:51:58, Info:  Writing energy output at time 3.5 
Sat Jun 08 00:51:58, Info:  Elastic energy (total, % kinematic, % potential):  1.92272e+16  , 35.5369  , 64.4631 
Sat Jun 08 00:51:58, Info:  Total momentum (X, Y, Z): -1278.12  , 10244.8  , 18814 
Sat Jun 08 00:51:58, Info:  Frictional work (total, % static, % radiated):  3.04272e+16  , 17.0939  , 82.9061 
Sat Jun 08 00:51:58, Info:  Seismic moment (without plasticity): 8.59385e+19  Mw: 7.21946 
Sat Jun 08 00:51:58, Info:  Writing energy output at time 3.5 Done. 
Sat Jun 08 00:51:58, Info:  Time spent this phase (total): 29.0544 s (min: 29.0455 s, max: 29.0748 s)
Sat Jun 08 00:51:58, Info:  Time spent this phase (compute): 29.0543 s (min: 29.0455 s, max: 29.0748 s)
Sat Jun 08 00:51:58, Info:  Time spent this phase (IO): 54.4616 ms (min: 41.1011 ms, max: 132.7001 ms)
Sat Jun 08 00:51:58, Info:  Performance since the start: 9.0620 TFLOP/s (rank 0: 559.1210 GFLOP/s , average over ranks: 566.3728 GFLOP/s ) 
Sat Jun 08 00:51:58, Info:  Performance since last sync point: 9.2350 TFLOP/s (rank 0: 570.0697 GFLOP/s , average over ranks: 577.1893 GFLOP/s ) 
Sat Jun 08 00:52:27, Info:  Writing faultoutput at time 4.
Sat Jun 08 00:52:27, Info:  Writing faultoutput at time 4. Done.
Sat Jun 08 00:52:27, Info:  Wrote receivers in 4.1964e-05 seconds. 
Sat Jun 08 00:52:27, Info:  Writing energy output at time 4 
Sat Jun 08 00:52:27, Info:  Elastic energy (total, % kinematic, % potential):  1.83471e+16  , 34.4651  , 65.5349 
Sat Jun 08 00:52:27, Info:  Total momentum (X, Y, Z): 70384  , -56181.5  , 347820 
Sat Jun 08 00:52:27, Info:  Frictional work (total, % static, % radiated):  3.04273e+16  , 17.3068  , 82.6932 
Sat Jun 08 00:52:27, Info:  Seismic moment (without plasticity): 8.59441e+19  Mw: 7.21948 
Sat Jun 08 00:52:27, Info:  Writing energy output at time 4 Done. 
Sat Jun 08 00:52:27, Info:  Time spent this phase (total): 29.0556 s (min: 29.0213 s, max: 29.0833 s)
Sat Jun 08 00:52:27, Info:  Time spent this phase (compute): 29.0555 s (min: 29.0212 s, max: 29.0832 s)
Sat Jun 08 00:52:27, Info:  Time spent this phase (IO): 58.7876 ms (min: 41.1816 ms, max: 111.7263 ms)
Sat Jun 08 00:52:27, Info:  Performance since the start: 9.0832 TFLOP/s (rank 0: 560.4507 GFLOP/s , average over ranks: 567.6998 GFLOP/s ) 
Sat Jun 08 00:52:27, Info:  Performance since last sync point: 9.2346 TFLOP/s (rank 0: 569.9383 GFLOP/s , average over ranks: 577.1655 GFLOP/s ) 
Sat Jun 08 00:52:27, Info:  Ignoring duplicate synchronisation point at time 4 ; the last sync point was at  4 
Sat Jun 08 00:52:27, Info:  Waiting for last wave field. 
Sat Jun 08 00:52:27, Info:  Writing wave field at time 4.
Sat Jun 08 00:52:27, Info:  Writing wave field at time 4. Done.
Sat Jun 08 00:52:27, Info:  Writing free surface at time 4.
Sat Jun 08 00:52:27, Info:  Writing free surface at time 4. Done.
Sat Jun 08 00:52:27, Info:  Ignoring duplicate synchronisation point at time 4 ; the last sync point was at  4 
Sat Jun 08 00:52:27, Info:  Ignoring duplicate synchronisation point at time 4 ; the last sync point was at  4 
Sat Jun 08 00:52:27, Info:  Simulation time (total): 3 min 56.3312 s (min: 3 min 56.3018 s, max: 3 min 56.3718 s)
Sat Jun 08 00:52:27, Info:  Simulation time (compute): 3 min 55.8252 s (min: 3 min 55.4417 s, max: 3 min 55.9239 s)
Sat Jun 08 00:52:27, Info:  Simulation time (IO): 494.2526 ms (min: 384.0851 ms, max: 916.7523 ms)
Sat Jun 08 00:52:27, Info:  Time spent in compute kernels: mean = 220.392  std = 8.21357  min = 196.995  median = 219.92  max = 231.709 
Sat Jun 08 00:52:27, Info:  Load imbalance: 4.88425 % 
Sat Jun 08 00:52:27, Info:  Regression analysis of compute kernels: 
Sat Jun 08 00:52:27, Info:  "computeLocalIntegration" (total time): 1066.06 s ( = 17 min 46.0630 s ) 
Sat Jun 08 00:52:27, Info:  "computeLocalIntegration" ( constant ): 2.67794e-05 (sample size: 1.26881e+06 , standard error: 1.03291e-11 ) 
Sat Jun 08 00:52:27, Info:  "computeLocalIntegration" ( per element ): 8.33921e-08 (sample size: 1.26881e+06 , standard error: 1.03291e-11 ) 
Sat Jun 08 00:52:27, Info:  "computeNeighboringIntegration" (total time): 1322.59 s ( = 22 min 2.5886 s ) 
Sat Jun 08 00:52:27, Info:  "computeNeighboringIntegration" ( constant ): 7.97968e-05 (sample size: 1.26881e+06 , standard error: 1.65292e-11 ) 
Sat Jun 08 00:52:27, Info:  "computeNeighboringIntegration" ( per element ): 9.8684e-08 (sample size: 1.26881e+06 , standard error: 1.65292e-11 ) 
Sat Jun 08 00:52:27, Info:  "computeDynamicRupture" (total time): 1137.61 s ( = 18 min 57.6145 s ) 
Sat Jun 08 00:52:27, Info:  "computeDynamicRupture" ( constant ): 7.2934e-05 (sample size: 1.0103e+06 , standard error: 8.9561e-11 ) 
Sat Jun 08 00:52:27, Info:  "computeDynamicRupture" ( per element ): 4.58759e-07 (sample size: 1.0103e+06 , standard error: 8.9561e-11 ) 
Sat Jun 08 00:52:27, Info:  "computePointSources" (total time): 0 s ( = 0.0000 s ) 
Sat Jun 08 00:52:27, Info:  "computePointSources" ( constant ): -nan (sample size: 0 , standard error: -nan ) 
Sat Jun 08 00:52:27, Info:  "computePointSources" ( per element ): -nan (sample size: 0 , standard error: -nan ) 
Sat Jun 08 00:52:27, Info:  Total time spent in compute kernels: 3526.27 s ( = 58 min 46.2661 s ) 
Sat Jun 08 00:52:27, Info:  Total calculated HW-FLOP:  2.1465 PFLOP 
Sat Jun 08 00:52:27, Info:  Total calculated NZ-FLOP:  854.2704 TFLOP 
Sat Jun 08 00:52:27, Info:  Total calculated HW-FLOP/s:  9.0812 TFLOP/s 
Sat Jun 08 00:52:27, Info:  Total calculated NZ-FLOP/s:  3.6141 TFLOP/s 
Sat Jun 08 00:52:27, Info:  WP calculated HW-FLOP:  1.7842 PFLOP 
Sat Jun 08 00:52:27, Info:  WP calculated NZ-FLOP:  584.8866 TFLOP 
Sat Jun 08 00:52:27, Info:  DR calculated HW-FLOP:  362.2971 TFLOP 
Sat Jun 08 00:52:27, Info:  DR calculated NZ-FLOP:  269.3837 TFLOP 
Sat Jun 08 00:52:27, Info:  PL calculated HW-FLOP:  0.0000 FLOP 
Sat Jun 08 00:52:27, Info:  PL calculated NZ-FLOP:  0.0000 FLOP 
Sat Jun 08 00:52:27, Info:  Time spent in simulation: 3 min 56.3730 s (min: 3 min 56.3729 s, max: 3 min 56.3739 s)
Sat Jun 08 00:52:27, Info:  Simulation done. 
Sat Jun 08 00:52:27, Info:  Closing IO. 
Sat Jun 08 00:52:28, Info:  Time wave field writer backend: 1.3124 s (min: 1.0445 s, max: 2.3293 s)
Sat Jun 08 00:52:28, Info:  Time wave field writer frontend: 19.9235 ms (min: 17.6926 ms, max: 22.8725 ms)
Sat Jun 08 00:52:28, Info:  Time fault writer backend: 1.0433 s (min: 503.5519 ms, max: 5.4731 s)
Sat Jun 08 00:52:28, Info:  Time fault writer frontend: 8.7630 ms (min: 7.4921 ms, max: 11.0650 ms)
Sat Jun 08 00:52:28, Info:  Time free surface writer backend: 131.2207 ms (min: 7.5382 ms, max: 1.0569 s)
Sat Jun 08 00:52:28, Info:  Time free surface writer frontend: 529.3045 µs (min: 34.1700 µs, max: 5.7442 ms)
Sat Jun 08 00:52:28, Info:  SeisSol done. Goodbye. 
