Mon 26 Aug 2024 09:01:22 PM UTC
num_nodes: 16 ntasks: 16 cpus_per_task:
Line 63 replaced with: OutputFile='/hppfs/scratch/01/di35poq/haiti-rupture-outputs/dynamic-rupture-outputs/regional-only/jobid_3838472'
Job log complete.
Starting SeisSol...
Mon Aug 26 23:01:24, Info:  Using the parameter file parameters.par 
Mon Aug 26 23:01:24, Info:  Reading SeisSol parameter file... 
Mon Aug 26 23:01:24, Info:  In your parameter file, you have specified a non-positive interval for "checkpointinterval" . This mechanism is deprecated and may be removed in a future version of SeisSol. Consider disabling the whole module by setting "checkpoint" to 0 instead by adding "checkpoint = 0" to the "output" section of your parameter file instead. 
Mon Aug 26 23:01:24, Info:  The field "printintervalcriterion" is no longer in use. You may safely remove it from your parameters file. 
Mon Aug 26 23:01:24, Info:  Disabling the wavefield output by setting "outputformat = 10" is deprecated and may be removed in a future version of SeisSol. Consider using the parameter "wavefieldoutput" instead. To disable wavefield output, add "wavefieldoutput = 0" to the "output" section of your parameters file. 
Mon Aug 26 23:01:24, Info:  The field "printintervalcriterion" is no longer in use. You may safely remove it from your parameters file. 
Mon Aug 26 23:01:24, Info:  The field "pickdttype" is no longer in use. You may safely remove it from your parameters file. 
Mon Aug 26 23:01:24, Info:  The field "faultoutputflag" is no longer in use. You may safely remove it from your parameters file. 
Mon Aug 26 23:01:24, Info:  The field "boundaries" is no longer in use. You may safely remove it from your parameters file. 
Mon Aug 26 23:01:24, Info:  SeisSol parameter file read successfully. 
Mon Aug 26 23:01:24, Info:  Model information: 
Mon Aug 26 23:01:24, Info:  Elastic model: yes 
Mon Aug 26 23:01:24, Info:  Viscoelastic model: no 
Mon Aug 26 23:01:24, Info:  Anelastic model: no 
Mon Aug 26 23:01:24, Info:  Poroelastic model: no 
Mon Aug 26 23:01:24, Info:  Anisotropic model: no 
Mon Aug 26 23:01:24, Info:  Plasticity: no 
Mon Aug 26 23:01:24, Info:  Welcome to SeisSol 
Mon Aug 26 23:01:24, Info:  Copyright (c) 2012 - 2024  SeisSol Group 
Mon Aug 26 23:01:24, Info:  Version: v1.1.4-148-g60aedc8c (dirty) 
Mon Aug 26 23:01:24, Info:  Built on: Jun 17 2024 21:03:35 
Mon Aug 26 23:01:24, Info:  Last commit: 60aedc8c2ae0a5d9e5a46cc3a40e4eaf1c047225 at 2024-06-06T12:54:08+00:00 
Mon Aug 26 23:01:24, Info:  Compiled with HOST_ARCH = skx 
Mon Aug 26 23:01:24, Info:  Running on (rank=0): "i01r01c03s01" 
Mon Aug 26 23:01:24, Info:  Using MPI with #ranks: 16 
Mon Aug 26 23:01:24, Info:  Node-wide (shared memory) MPI with #ranks/node: 1 
Mon Aug 26 23:01:24, Info:  Using asynchronous MPI routines. 
Mon Aug 26 23:01:24, Info:  Using OMP with #threads/rank: 94 
Mon Aug 26 23:01:24, Info:  OpenMP worker affinity (this process): "0123456789|0123456789|0123456789|0123456789|0123456-89|0123456789|0123456789|0123456789|0123456789|01234-" 
Mon Aug 26 23:01:24, Info:  OpenMP worker affinity (this node)   : "0123456789|0123456789|0123456789|0123456789|0123456-89|0123456789|0123456789|0123456789|0123456789|01234-" 
Mon Aug 26 23:01:24, Info:  Using a communication thread for advancing MPI communication. 
Mon Aug 26 23:01:24, Info:  Communication thread affinity        : "----------|----------|----------|----------|-------7--|----------|----------|----------|----------|-----5" 
Mon Aug 26 23:01:24, Info:  The stack size ulimit is 2097152 [kiB] ( = 2.0000 GiB ). 
Mon Aug 26 23:01:24, Info:  Begin init mesh. 
Mon Aug 26 23:01:24, Info:  Mesh file: "/dss/dsshome1/01/di35poq/mesh/mesh_v07/Haiti_v07_lowres" 
Mon Aug 26 23:01:24, Info:  Running mini SeisSol to determine node weights. 
Mon Aug 26 23:01:24, Info:  miniSeisSol configured with 50000 elements and 10 repeats per process 
Mon Aug 26 23:01:24, Info:  Node weights: mean = 41.2649  std = 0.661966  min = 39.9445  median = 41.4838  max = 41.9759 
Mon Aug 26 23:01:24, Info:  Reading PUML mesh 
Mon Aug 26 23:01:24, Info:  Inferring boundary format. 
Mon Aug 26 23:01:24, Info:  Boundary format not given in PUML file; inferring from array shape. 
Mon Aug 26 23:01:24, Info:  Using boundary format: i32 (4xi8) 
Mon Aug 26 23:01:24, Info:  Found 2685422 cells 
Mon Aug 26 23:01:24, Info:  Found 477078 vertices 
Mon Aug 26 23:01:26, Info:  Computing LTS weights. 
Mon Aug 26 23:01:28, Info:  Limiting number of clusters to 2147483646 
Mon Aug 26 23:01:28, Info:  Computing LTS weights. Done.  (108216 reductions.)
Mon Aug 26 23:01:28, Info:  Using the Parmetis partition library and strategy. 
Mon Aug 26 23:01:32, Info:  PUML mesh read in: 7.8266 s (min: 7.7599 s, max: 8.0152 s)
Mon Aug 26 23:01:32, Info:  The mesh has been read. Starting post processing. 
Mon Aug 26 23:01:32, Info:  Extracting fault information. 
Mon Aug 26 23:01:32, Info:  Exchanging ghostlayer metadata. 
Mon Aug 26 23:01:34, Info:  Mesh initialized in: 9.7788 s (min: 9.7785 s, max: 9.7796 s)
Mon Aug 26 23:01:34, Info:  End init mesh. 
Mon Aug 26 23:01:34, Info:  Begin init model. 
Mon Aug 26 23:01:34, Info:  Initialize LTS. 
Mon Aug 26 23:01:34, Info:  Deriving clusters ids for min. time step width / multiRate: 0.000213316 / 2 
Mon Aug 26 23:01:34, Info:  Due to wiggle factor of 1 the minimum timestep size is reduced to 0.000213316 
Mon Aug 26 23:01:34, Info:  Number of elements in time clusters: 
Mon Aug 26 23:01:34, Info:  0: 2088 
Mon Aug 26 23:01:34, Info:  1: 265401 
Mon Aug 26 23:01:34, Info:  2: 1618976 
Mon Aug 26 23:01:34, Info:  3: 538212 
Mon Aug 26 23:01:34, Info:  4: 147352 
Mon Aug 26 23:01:34, Info:  5: 35652 
Mon Aug 26 23:01:34, Info:  6: 11329 
Mon Aug 26 23:01:34, Info:  7: 18592 
Mon Aug 26 23:01:34, Info:  8: 47781 
Mon Aug 26 23:01:34, Info:  9: 39 
Mon Aug 26 23:01:34, Info:  maximum theoretical speedup (compared to GTS): 6.4313 per cell LTS, 4.34786 with the used clustering. 
Mon Aug 26 23:01:34, Info:  Number of elements in dynamic rupture time clusters: 
Mon Aug 26 23:01:34, Info:  0 (dr): 619 
Mon Aug 26 23:01:34, Info:  1 (dr): 78815 
Mon Aug 26 23:01:34, Info:  2 (dr): 309940 
Mon Aug 26 23:01:34, Info:  3 (dr): 2509 
Mon Aug 26 23:01:34, Info:  4 (dr): 0 
Mon Aug 26 23:01:34, Info:  5 (dr): 0 
Mon Aug 26 23:01:34, Info:  6 (dr): 0 
Mon Aug 26 23:01:34, Info:  7 (dr): 0 
Mon Aug 26 23:01:34, Info:  8 (dr): 0 
Mon Aug 26 23:01:34, Info:  9 (dr): 0 
Mon Aug 26 23:01:34, Info:  Initialize Friction Model 
Mon Aug 26 23:01:37, Info:  Initialize cell material parameters. 
Mon Aug 26 23:01:38, Info:  Initialize Memory layout. 
Mon Aug 26 23:01:38, Info:  Initialize cell-local matrices. 
Mon Aug 26 23:01:39, Info:  Initializing Fault, using a quadrature rule with  25  points. 
Mon Aug 26 23:05:02, Info:  Model initialized in: 3 min 28.2802 s (min: 3 min 28.2783 s, max: 3 min 28.2836 s)
Mon Aug 26 23:05:02, Info:  End init model. 
Mon Aug 26 23:05:02, Info:  Setting initial conditions. 
Mon Aug 26 23:05:02, Info:  Using initial condition "Zero" . 
Mon Aug 26 23:05:02, Info:  Reading source. 
Mon Aug 26 23:05:02, Info:  No source term specified. 
Mon Aug 26 23:05:02, Info:  Setting up boundary conditions. 
Mon Aug 26 23:05:02, Info:  Begin init output. 
Mon Aug 26 23:05:02, Info:  Initializing free surface integrator. 
Mon Aug 26 23:05:02, Info:  Initializing free surface integrator. Done. 
Mon Aug 26 23:05:02, Info:  Enabling 2D fault output 
Mon Aug 26 23:05:02, Info:  Initializing Fault output. Number of sub-triangles: 4 
Mon Aug 26 23:05:02, Info:  Initializing XDMF fault output. 
Mon Aug 26 23:05:02, Info:  Fault writer thread affinity: "----------|----------|----------|----------|-------7--|----------|----------|----------|----------|-----5" 
Mon Aug 26 23:05:02, Info:  Initializing XDMF fault output. Done. 
Mon Aug 26 23:05:02, Info:  Initializing free surface output. 
Mon Aug 26 23:05:02, Info:  Free surface writer thread affinity: "----------|----------|----------|----------|-------7--|----------|----------|----------|----------|-----5" 
Mon Aug 26 23:05:02, Info:  Initializing free surface output. Done. 
Mon Aug 26 23:05:02, Info:  No record points read. 
Mon Aug 26 23:05:02, Info:  Finding meshIds for receivers... 
Mon Aug 26 23:05:02, Info:  Cleaning possible double occurring receivers for MPI... 
Mon Aug 26 23:05:02, Info:  Mapping receivers to LTS cells... 
Mon Aug 26 23:05:02, Info:  Initializing energy output. 
Mon Aug 26 23:05:02, Info:  End init output. 
Mon Aug 26 23:05:02, Info:  Finishing initialization... 
Mon Aug 26 23:05:02, Info:  Starting simulation. 
Mon Aug 26 23:05:02, Info:  Writing faultoutput at time 0.
Mon Aug 26 23:05:02, Info:  Writing faultoutput at time 0. Done.
Mon Aug 26 23:05:02, Info:  Writing free surface at time 0.
Mon Aug 26 23:05:02, Info:  Writing free surface at time 0. Done.
Mon Aug 26 23:05:02, Info:  Writing energy output at time 0 
Mon Aug 26 23:05:02, Info:  Total momentum (X, Y, Z): 0  , 0  , 0 
Mon Aug 26 23:05:02, Info:  Writing energy output at time 0 Done. 
Mon Aug 26 23:05:02, Info:  Time spent for initial IO: 51.8473 ms (min: 39.8200 ms, max: 67.2552 ms)
Mon Aug 26 23:05:29, Info:  Writing faultoutput at time 0.5.
Mon Aug 26 23:05:29, Info:  Writing faultoutput at time 0.5. Done.
Mon Aug 26 23:05:29, Info:  Writing energy output at time 0.5 
Mon Aug 26 23:05:29, Info:  Elastic energy (total, % kinematic, % potential):  1.69098e+11  , 24.3231  , 75.6769 
Mon Aug 26 23:05:29, Info:  Total momentum (X, Y, Z): -0.000171644  , 0.000845377  , -0.000256392 
Mon Aug 26 23:05:29, Info:  Frictional work (total, % static, % radiated):  1.70961e+11  , 73.2797  , 26.7203 
Mon Aug 26 23:05:29, Info:  Seismic moment (without plasticity): 5.83617e+15  Mw: 4.44075 
Mon Aug 26 23:05:29, Info:  Writing energy output at time 0.5 Done. 
Mon Aug 26 23:05:29, Info:  Time spent this phase (total): 26.7841 s (min: 26.7616 s, max: 26.8134 s)
Mon Aug 26 23:05:29, Info:  Time spent this phase (compute): 26.7322 s (min: 26.7084 s, max: 26.7481 s)
Mon Aug 26 23:05:29, Info:  Time spent this phase (IO): 47.3618 ms (min: 38.5445 ms, max: 61.6009 ms)
Mon Aug 26 23:05:29, Info:  Performance since the start: 9.3962 TFLOP/s (rank 0: 584.2360 GFLOP/s , average over ranks: 587.2625 GFLOP/s ) 
Mon Aug 26 23:05:29, Info:  Performance since last sync point: 9.3962 TFLOP/s (rank 0: 584.2360 GFLOP/s , average over ranks: 587.2625 GFLOP/s ) 
Mon Aug 26 23:05:56, Info:  Writing faultoutput at time 1.
Mon Aug 26 23:05:56, Info:  Writing faultoutput at time 1. Done.
Mon Aug 26 23:05:56, Info:  Writing free surface at time 1.
Mon Aug 26 23:05:56, Info:  Writing free surface at time 1. Done.
Mon Aug 26 23:05:56, Info:  Writing energy output at time 1 
Mon Aug 26 23:05:56, Info:  Elastic energy (total, % kinematic, % potential):  1.2229e+12  , 22.6186  , 77.3814 
Mon Aug 26 23:05:56, Info:  Total momentum (X, Y, Z): 0.158165  , 0.169172  , -0.0438092 
Mon Aug 26 23:05:56, Info:  Frictional work (total, % static, % radiated):  1.26167e+12  , 73.8608  , 26.1392 
Mon Aug 26 23:05:56, Info:  Seismic moment (without plasticity): 4.17317e+16  Mw: 5.01031 
Mon Aug 26 23:05:56, Info:  Writing energy output at time 1 Done. 
Mon Aug 26 23:05:56, Info:  Time spent this phase (total): 26.7697 s (min: 26.7380 s, max: 26.7935 s)
Mon Aug 26 23:05:56, Info:  Time spent this phase (compute): 26.7696 s (min: 26.7379 s, max: 26.7934 s)
Mon Aug 26 23:05:56, Info:  Time spent this phase (IO): 52.8731 ms (min: 38.6146 ms, max: 97.4084 ms)
Mon Aug 26 23:05:56, Info:  Performance since the start: 9.3987 TFLOP/s (rank 0: 584.6699 GFLOP/s , average over ranks: 587.4185 GFLOP/s ) 
Mon Aug 26 23:05:56, Info:  Performance since last sync point: 9.4012 TFLOP/s (rank 0: 585.1045 GFLOP/s , average over ranks: 587.5749 GFLOP/s ) 
Mon Aug 26 23:06:22, Info:  Writing faultoutput at time 1.5.
Mon Aug 26 23:06:22, Info:  Writing faultoutput at time 1.5. Done.
Mon Aug 26 23:06:22, Info:  Writing energy output at time 1.5 
Mon Aug 26 23:06:22, Info:  Elastic energy (total, % kinematic, % potential):  3.46059e+12  , 19.0616  , 80.9384 
Mon Aug 26 23:06:22, Info:  Total momentum (X, Y, Z): 0.0671773  , -0.112364  , -0.00220537 
Mon Aug 26 23:06:22, Info:  Frictional work (total, % static, % radiated):  3.57672e+12  , 76.2098  , 23.7902 
Mon Aug 26 23:06:22, Info:  Seismic moment (without plasticity): 1.21396e+17  Mw: 5.31947 
Mon Aug 26 23:06:22, Info:  Writing energy output at time 1.5 Done. 
Mon Aug 26 23:06:22, Info:  Time spent this phase (total): 26.5923 s (min: 26.5589 s, max: 26.6252 s)
Mon Aug 26 23:06:22, Info:  Time spent this phase (compute): 26.5922 s (min: 26.5589 s, max: 26.6251 s)
Mon Aug 26 23:06:22, Info:  Time spent this phase (IO): 46.2987 ms (min: 38.5225 ms, max: 60.8951 ms)
Mon Aug 26 23:06:22, Info:  Performance since the start: 9.4204 TFLOP/s (rank 0: 586.2438 GFLOP/s , average over ranks: 588.7724 GFLOP/s ) 
Mon Aug 26 23:06:22, Info:  Performance since last sync point: 9.4640 TFLOP/s (rank 0: 589.4172 GFLOP/s , average over ranks: 591.4993 GFLOP/s ) 
Mon Aug 26 23:06:49, Info:  Writing faultoutput at time 2.
Mon Aug 26 23:06:49, Info:  Writing faultoutput at time 2. Done.
Mon Aug 26 23:06:49, Info:  Writing free surface at time 2.
Mon Aug 26 23:06:49, Info:  Writing free surface at time 2. Done.
Mon Aug 26 23:06:49, Info:  Writing energy output at time 2 
Mon Aug 26 23:06:49, Info:  Elastic energy (total, % kinematic, % potential):  6.1075e+12  , 13.2301  , 86.7699 
Mon Aug 26 23:06:49, Info:  Total momentum (X, Y, Z): 0.416519  , -0.223175  , -0.0978088 
Mon Aug 26 23:06:49, Info:  Frictional work (total, % static, % radiated):  6.31963e+12  , 78.0658  , 21.9342 
Mon Aug 26 23:06:49, Info:  Seismic moment (without plasticity): 2.18902e+17  Mw: 5.49017 
Mon Aug 26 23:06:49, Info:  Writing energy output at time 2 Done. 
Mon Aug 26 23:06:49, Info:  Time spent this phase (total): 26.3233 s (min: 26.2859 s, max: 26.3409 s)
Mon Aug 26 23:06:49, Info:  Time spent this phase (compute): 26.3232 s (min: 26.2858 s, max: 26.3408 s)
Mon Aug 26 23:06:49, Info:  Time spent this phase (IO): 48.4360 ms (min: 38.6160 ms, max: 83.2246 ms)
Mon Aug 26 23:06:49, Info:  Performance since the start: 9.4551 TFLOP/s (rank 0: 588.3427 GFLOP/s , average over ranks: 590.9411 GFLOP/s ) 
Mon Aug 26 23:06:49, Info:  Performance since last sync point: 9.5607 TFLOP/s (rank 0: 594.7305 GFLOP/s , average over ranks: 597.5440 GFLOP/s ) 
Mon Aug 26 23:07:15, Info:  Writing faultoutput at time 2.5.
Mon Aug 26 23:07:15, Info:  Writing faultoutput at time 2.5. Done.
Mon Aug 26 23:07:15, Info:  Writing energy output at time 2.5 
Mon Aug 26 23:07:15, Info:  Elastic energy (total, % kinematic, % potential):  8.00537e+12  , 8.30897  , 91.691 
Mon Aug 26 23:07:15, Info:  Total momentum (X, Y, Z): -2.67078  , -0.892197  , 1.60452 
Mon Aug 26 23:07:15, Info:  Frictional work (total, % static, % radiated):  8.28198e+12  , 78.6984  , 21.3016 
Mon Aug 26 23:07:15, Info:  Seismic moment (without plasticity): 2.88104e+17  Mw: 5.5697 
Mon Aug 26 23:07:15, Info:  Writing energy output at time 2.5 Done. 
Mon Aug 26 23:07:15, Info:  Time spent this phase (total): 26.5939 s (min: 26.5672 s, max: 26.6296 s)
Mon Aug 26 23:07:15, Info:  Time spent this phase (compute): 26.5938 s (min: 26.5671 s, max: 26.6296 s)
Mon Aug 26 23:07:15, Info:  Time spent this phase (IO): 48.7931 ms (min: 38.5015 ms, max: 77.5324 ms)
Mon Aug 26 23:07:15, Info:  Performance since the start: 9.4567 TFLOP/s (rank 0: 588.5182 GFLOP/s , average over ranks: 591.0442 GFLOP/s ) 
Mon Aug 26 23:07:15, Info:  Performance since last sync point: 9.4633 TFLOP/s (rank 0: 589.2211 GFLOP/s , average over ranks: 591.4577 GFLOP/s ) 
Mon Aug 26 23:07:42, Info:  Writing faultoutput at time 3.
Mon Aug 26 23:07:42, Info:  Writing faultoutput at time 3. Done.
Mon Aug 26 23:07:42, Info:  Writing free surface at time 3.
Mon Aug 26 23:07:42, Info:  Writing free surface at time 3. Done.
Mon Aug 26 23:07:42, Info:  Writing energy output at time 3 
Mon Aug 26 23:07:42, Info:  Elastic energy (total, % kinematic, % potential):  8.81995e+12  , 5.84488  , 94.1551 
Mon Aug 26 23:07:42, Info:  Total momentum (X, Y, Z): -7.14905  , -2.0835  , 3.86102 
Mon Aug 26 23:07:42, Info:  Frictional work (total, % static, % radiated):  9.11743e+12  , 79.8479  , 20.1521 
Mon Aug 26 23:07:42, Info:  Seismic moment (without plasticity): 3.21027e+17  Mw: 5.60103 
Mon Aug 26 23:07:42, Info:  Writing energy output at time 3 Done. 
Mon Aug 26 23:07:42, Info:  Time spent this phase (total): 26.3867 s (min: 26.3564 s, max: 26.4058 s)
Mon Aug 26 23:07:42, Info:  Time spent this phase (compute): 26.3866 s (min: 26.3563 s, max: 26.4057 s)
Mon Aug 26 23:07:42, Info:  Time spent this phase (IO): 48.1938 ms (min: 38.6380 ms, max: 61.4516 ms)
Mon Aug 26 23:07:42, Info:  Performance since the start: 9.4701 TFLOP/s (rank 0: 589.3927 GFLOP/s , average over ranks: 591.8823 GFLOP/s ) 
Mon Aug 26 23:07:42, Info:  Performance since last sync point: 9.5377 TFLOP/s (rank 0: 593.8046 GFLOP/s , average over ranks: 596.1087 GFLOP/s ) 
Mon Aug 26 23:08:08, Info:  Writing faultoutput at time 3.5.
Mon Aug 26 23:08:08, Info:  Writing faultoutput at time 3.5. Done.
Mon Aug 26 23:08:08, Info:  Writing energy output at time 3.5 
Mon Aug 26 23:08:08, Info:  Elastic energy (total, % kinematic, % potential):  8.99386e+12  , 5.10431  , 94.8957 
Mon Aug 26 23:08:08, Info:  Total momentum (X, Y, Z): -10.2611  , -2.17188  , 5.9751 
Mon Aug 26 23:08:08, Info:  Frictional work (total, % static, % radiated):  9.31162e+12  , 82.5693  , 17.4307 
Mon Aug 26 23:08:08, Info:  Seismic moment (without plasticity): 3.33462e+17  Mw: 5.61203 
Mon Aug 26 23:08:08, Info:  Writing energy output at time 3.5 Done. 
Mon Aug 26 23:08:08, Info:  Time spent this phase (total): 26.6284 s (min: 26.5994 s, max: 26.6438 s)
Mon Aug 26 23:08:08, Info:  Time spent this phase (compute): 26.6283 s (min: 26.5993 s, max: 26.6437 s)
Mon Aug 26 23:08:08, Info:  Time spent this phase (IO): 46.6736 ms (min: 38.4806 ms, max: 60.8902 ms)
Mon Aug 26 23:08:08, Info:  Performance since the start: 9.4674 TFLOP/s (rank 0: 589.2441 GFLOP/s , average over ranks: 591.7126 GFLOP/s ) 
Mon Aug 26 23:08:08, Info:  Performance since last sync point: 9.4511 TFLOP/s (rank 0: 588.3541 GFLOP/s , average over ranks: 590.6967 GFLOP/s ) 
Mon Aug 26 23:08:35, Info:  Writing faultoutput at time 4.
Mon Aug 26 23:08:35, Info:  Writing faultoutput at time 4. Done.
Mon Aug 26 23:08:35, Info:  Writing free surface at time 4.
Mon Aug 26 23:08:35, Info:  Writing free surface at time 4. Done.
Mon Aug 26 23:08:35, Info:  Writing energy output at time 4 
Mon Aug 26 23:08:35, Info:  Elastic energy (total, % kinematic, % potential):  9.05091e+12  , 4.87408  , 95.1259 
Mon Aug 26 23:08:35, Info:  Total momentum (X, Y, Z): -11.6387  , -1.50195  , 8.47949 
Mon Aug 26 23:08:35, Info:  Frictional work (total, % static, % radiated):  9.38433e+12  , 84.519  , 15.481 
Mon Aug 26 23:08:35, Info:  Seismic moment (without plasticity): 3.40006e+17  Mw: 5.61766 
Mon Aug 26 23:08:35, Info:  Writing energy output at time 4 Done. 
Mon Aug 26 23:08:35, Info:  Time spent this phase (total): 26.4630 s (min: 26.4469 s, max: 26.4807 s)
Mon Aug 26 23:08:35, Info:  Time spent this phase (compute): 26.4629 s (min: 26.4469 s, max: 26.4806 s)
Mon Aug 26 23:08:35, Info:  Time spent this phase (IO): 48.0946 ms (min: 38.6126 ms, max: 67.2644 ms)
Mon Aug 26 23:08:35, Info:  Performance since the start: 9.4727 TFLOP/s (rank 0: 589.5524 GFLOP/s , average over ranks: 592.0457 GFLOP/s ) 
Mon Aug 26 23:08:35, Info:  Performance since last sync point: 9.5102 TFLOP/s (rank 0: 591.7193 GFLOP/s , average over ranks: 594.3880 GFLOP/s ) 
Mon Aug 26 23:09:01, Info:  Writing faultoutput at time 4.5.
Mon Aug 26 23:09:01, Info:  Writing faultoutput at time 4.5. Done.
Mon Aug 26 23:09:01, Info:  Writing energy output at time 4.5 
Mon Aug 26 23:09:01, Info:  Elastic energy (total, % kinematic, % potential):  9.09463e+12  , 4.64257  , 95.3574 
Mon Aug 26 23:09:01, Info:  Total momentum (X, Y, Z): -12.5453  , -0.71875  , 17.3301 
Mon Aug 26 23:09:01, Info:  Frictional work (total, % static, % radiated):  9.44088e+12  , 85.6051  , 14.3949 
Mon Aug 26 23:09:01, Info:  Seismic moment (without plasticity): 3.44709e+17  Mw: 5.62163 
Mon Aug 26 23:09:01, Info:  Writing energy output at time 4.5 Done. 
Mon Aug 26 23:09:01, Info:  Time spent this phase (total): 26.3808 s (min: 26.3484 s, max: 26.3989 s)
Mon Aug 26 23:09:01, Info:  Time spent this phase (compute): 26.3807 s (min: 26.3484 s, max: 26.3988 s)
Mon Aug 26 23:09:01, Info:  Time spent this phase (IO): 49.8474 ms (min: 38.4257 ms, max: 81.0541 ms)
Mon Aug 26 23:09:01, Info:  Performance since the start: 9.4801 TFLOP/s (rank 0: 590.0138 GFLOP/s , average over ranks: 592.5086 GFLOP/s ) 
Mon Aug 26 23:09:01, Info:  Performance since last sync point: 9.5398 TFLOP/s (rank 0: 593.7314 GFLOP/s , average over ranks: 596.2380 GFLOP/s ) 
Mon Aug 26 23:09:28, Info:  Writing faultoutput at time 5.
Mon Aug 26 23:09:28, Info:  Writing faultoutput at time 5. Done.
Mon Aug 26 23:09:28, Info:  Writing free surface at time 5.
Mon Aug 26 23:09:28, Info:  Writing free surface at time 5. Done.
Mon Aug 26 23:09:28, Info:  Wrote receivers in 5.62e-07 seconds. 
Mon Aug 26 23:09:28, Info:  Writing energy output at time 5 
Mon Aug 26 23:09:28, Info:  Elastic energy (total, % kinematic, % potential):  9.13182e+12  , 4.48906  , 95.5109 
Mon Aug 26 23:09:28, Info:  Total momentum (X, Y, Z): -20.865  , 10.5195  , -41.0059 
Mon Aug 26 23:09:28, Info:  Frictional work (total, % static, % radiated):  9.48635e+12  , 85.9347  , 14.0653 
Mon Aug 26 23:09:28, Info:  Seismic moment (without plasticity): 3.4814e+17  Mw: 5.6245 
Mon Aug 26 23:09:28, Info:  Writing energy output at time 5 Done. 
Mon Aug 26 23:09:28, Info:  Time spent this phase (total): 26.5633 s (min: 26.5390 s, max: 26.5843 s)
Mon Aug 26 23:09:28, Info:  Time spent this phase (compute): 26.5632 s (min: 26.5390 s, max: 26.5842 s)
Mon Aug 26 23:09:28, Info:  Time spent this phase (IO): 48.1588 ms (min: 38.6743 ms, max: 73.6947 ms)
Mon Aug 26 23:09:28, Info:  Performance since the start: 9.4796 TFLOP/s (rank 0: 589.9784 GFLOP/s , average over ranks: 592.4721 GFLOP/s ) 
Mon Aug 26 23:09:28, Info:  Performance since last sync point: 9.4743 TFLOP/s (rank 0: 589.6598 GFLOP/s , average over ranks: 592.1443 GFLOP/s ) 
Mon Aug 26 23:09:28, Info:  Ignoring duplicate synchronisation point at time 5 ; the last sync point was at  5 
Mon Aug 26 23:09:28, Info:  Ignoring duplicate synchronisation point at time 5 ; the last sync point was at  5 
Mon Aug 26 23:09:28, Info:  Ignoring duplicate synchronisation point at time 5 ; the last sync point was at  5 
Mon Aug 26 23:09:28, Info:  Ignoring duplicate synchronisation point at time 5 ; the last sync point was at  5 
Mon Aug 26 23:09:28, Info:  Simulation time (total): 4 min 25.4856 s (min: 4 min 25.4596 s, max: 4 min 25.5245 s)
Mon Aug 26 23:09:28, Info:  Simulation time (compute): 4 min 24.9483 s (min: 4 min 24.7870 s, max: 4 min 25.0613 s)
Mon Aug 26 23:09:28, Info:  Simulation time (IO): 535.8893 ms (min: 424.8650 ms, max: 732.7600 ms)
Mon Aug 26 23:09:28, Info:  Time spent in compute kernels: mean = 253.081  std = 5.91555  min = 239.336  median = 254.665  max = 259.537 
Mon Aug 26 23:09:28, Info:  Load imbalance: 2.48746 % 
Mon Aug 26 23:09:28, Info:  Regression analysis of compute kernels: 
Mon Aug 26 23:09:28, Info:  "computeLocalIntegration" (total time): 1225.65 s ( = 20 min 25.6494 s ) 
Mon Aug 26 23:09:28, Info:  "computeLocalIntegration" ( constant ): 2.19081e-05 (sample size: 1.33291e+06 , standard error: 9.28857e-12 ) 
Mon Aug 26 23:09:28, Info:  "computeLocalIntegration" ( per element ): 8.2593e-08 (sample size: 1.33291e+06 , standard error: 9.28857e-12 ) 
Mon Aug 26 23:09:28, Info:  "computeNeighboringIntegration" (total time): 1491.31 s ( = 24 min 51.3121 s ) 
Mon Aug 26 23:09:28, Info:  "computeNeighboringIntegration" ( constant ): 0.000138158 (sample size: 1.33291e+06 , standard error: 1.43091e-11 ) 
Mon Aug 26 23:09:28, Info:  "computeNeighboringIntegration" ( per element ): 9.02357e-08 (sample size: 1.33291e+06 , standard error: 1.43091e-11 ) 
Mon Aug 26 23:09:28, Info:  "computeDynamicRupture" (total time): 1332.34 s ( = 22 min 12.3354 s ) 
Mon Aug 26 23:09:28, Info:  "computeDynamicRupture" ( constant ): 7.99259e-05 (sample size: 1.06066e+06 , standard error: 7.99279e-11 ) 
Mon Aug 26 23:09:28, Info:  "computeDynamicRupture" ( per element ): 4.51717e-07 (sample size: 1.06066e+06 , standard error: 7.99279e-11 ) 
Mon Aug 26 23:09:28, Info:  "computePointSources" (total time): 0 s ( = 0.0000 s ) 
Mon Aug 26 23:09:28, Info:  "computePointSources" ( constant ): -nan (sample size: 0 , standard error: -nan ) 
Mon Aug 26 23:09:28, Info:  "computePointSources" ( per element ): -nan (sample size: 0 , standard error: -nan ) 
Mon Aug 26 23:09:28, Info:  Total time spent in compute kernels: 4049.3 s ( = 1 h 7 min 29.2970 s ) 
Mon Aug 26 23:09:28, Info:  Total calculated HW-FLOP:  2.5167 PFLOP 
Mon Aug 26 23:09:28, Info:  Total calculated NZ-FLOP:  1.0060 PFLOP 
Mon Aug 26 23:09:28, Info:  Total calculated HW-FLOP/s:  9.4782 TFLOP/s 
Mon Aug 26 23:09:28, Info:  Total calculated NZ-FLOP/s:  3.7889 TFLOP/s 
Mon Aug 26 23:09:28, Info:  WP calculated HW-FLOP:  2.0852 PFLOP 
Mon Aug 26 23:09:28, Info:  WP calculated NZ-FLOP:  685.2316 TFLOP 
Mon Aug 26 23:09:28, Info:  DR calculated HW-FLOP:  431.4655 TFLOP 
Mon Aug 26 23:09:28, Info:  DR calculated NZ-FLOP:  320.8139 TFLOP 
Mon Aug 26 23:09:28, Info:  PL calculated HW-FLOP:  0.0000 FLOP 
Mon Aug 26 23:09:28, Info:  PL calculated NZ-FLOP:  0.0000 FLOP 
Mon Aug 26 23:09:28, Info:  Time spent in simulation: 4 min 25.5251 s (min: 4 min 25.5250 s, max: 4 min 25.5260 s)
Mon Aug 26 23:09:28, Info:  Simulation done. 
Mon Aug 26 23:09:28, Info:  Closing IO. 
Mon Aug 26 23:09:29, Info:  Time fault writer backend: 1.0290 s (min: 467.7514 ms, max: 7.2630 s)
Mon Aug 26 23:09:29, Info:  Time fault writer frontend: 12.1547 ms (min: 10.1529 ms, max: 13.8119 ms)
Mon Aug 26 23:09:29, Info:  Time free surface writer backend: 251.7388 ms (min: 7.0248 ms, max: 2.0597 s)
Mon Aug 26 23:09:29, Info:  Time free surface writer frontend: 1.2382 ms (min: 104.6900 µs, max: 10.8303 ms)
Mon Aug 26 23:09:29, Info:  SeisSol done. Goodbye. 
SeisSol complete.
/hppfs/scratch/01/di35poq/haiti-rupture-outputs/dynamic-rupture-outputs/regional-only/jobid_3838472 ~/haiti-rupture-inputs/dynamic-rupture/regional-only
Writing hdf5 output with compression enabled (compression_level=4). 
Use --compression=0 if you want to speed-up data extraction.
u1: 0it [00:00, ?it/s]u1: 5it [00:00, 114.41it/s]
u2: 0it [00:00, ?it/s]u2: 5it [00:00, 110.33it/s]
u3: 0it [00:00, ?it/s]u3: 5it [00:00, 111.70it/s]
done writing output_jobid_3838472_extracted-surface.h5
done writing output_jobid_3838472_extracted-surface.xdmf
full path: /hppfs/scratch/01/di35poq/haiti-rupture-outputs/dynamic-rupture-outputs/regional-only/jobid_3838472/output_jobid_3838472_extracted-surface.xdmf
Working on JobID: 3838472
No matching file found for jobid 3838472. Assigning output-fault.xdmf instead
/hppfs/scratch/01/di35poq/haiti-rupture-outputs/dynamic-rupture-outputs/regional-only/jobid_3838472/output-fault.xdmf
warning: Mw computed over 0-85s (avoiding contribution of small residual moment after rupture)
jobid_3838472 moment magnitude: 5.624502616655219 (M0 = 3.4814e+17)
Finished writing /hppfs/scratch/01/di35poq/haiti-rupture-outputs/dynamic-rupture-outputs/regional-only/jobid_3838472/moment_rate_mainshock.png
No matching file found for jobid 3838472. Looking for output-fault.xdmf instead
mu_s: 0.58
mu_d: 0.4
done writing /hppfs/scratch/01/di35poq/haiti-rupture-outputs/dynamic-rupture-outputs/regional-only/jobid_3838472/output_jobid_3838472_extracted-fault.xdmf
full path: /hppfs/scratch/01/di35poq/haiti-rupture-outputs/dynamic-rupture-outputs/regional-only/jobid_3838472/output_jobid_3838472_extracted-fault.xdmf
done writing /hppfs/scratch/01/di35poq/haiti-rupture-outputs/dynamic-rupture-outputs/regional-only/jobid_3838472/output_jobid_3838472_extracted-fault.h5
Job ID set as: 3838472
mu_s: 0.58
mu_d: 0.4
~/haiti-rupture-inputs/dynamic-rupture/regional-only
