Tue 20 Aug 2024 08:26:14 PM UTC
num_nodes: 16 ntasks: 16 cpus_per_task:
Line 63 replaced with: OutputFile='/hppfs/scratch/01/di35poq/haiti-rupture-outputs/dynamic-rupture-outputs/regional-only/jobid_3773842'
Job log complete.
Starting SeisSol...
Tue Aug 20 22:28:41, Info:  Using the parameter file parameters.par 
Tue Aug 20 22:28:41, Info:  Reading SeisSol parameter file... 
Tue Aug 20 22:28:41, Info:  In your parameter file, you have specified a non-positive interval for "checkpointinterval" . This mechanism is deprecated and may be removed in a future version of SeisSol. Consider disabling the whole module by setting "checkpoint" to 0 instead by adding "checkpoint = 0" to the "output" section of your parameter file instead. 
Tue Aug 20 22:28:41, Info:  The field "printintervalcriterion" is no longer in use. You may safely remove it from your parameters file. 
Tue Aug 20 22:28:41, Info:  Disabling the wavefield output by setting "outputformat = 10" is deprecated and may be removed in a future version of SeisSol. Consider using the parameter "wavefieldoutput" instead. To disable wavefield output, add "wavefieldoutput = 0" to the "output" section of your parameters file. 
Tue Aug 20 22:28:41, Info:  The field "printintervalcriterion" is no longer in use. You may safely remove it from your parameters file. 
Tue Aug 20 22:28:41, Info:  The field "pickdttype" is no longer in use. You may safely remove it from your parameters file. 
Tue Aug 20 22:28:41, Info:  The field "faultoutputflag" is no longer in use. You may safely remove it from your parameters file. 
Tue Aug 20 22:28:41, Info:  The field "boundaries" is no longer in use. You may safely remove it from your parameters file. 
Tue Aug 20 22:28:41, Info:  SeisSol parameter file read successfully. 
Tue Aug 20 22:28:41, Info:  Model information: 
Tue Aug 20 22:28:41, Info:  Elastic model: yes 
Tue Aug 20 22:28:41, Info:  Viscoelastic model: no 
Tue Aug 20 22:28:41, Info:  Anelastic model: no 
Tue Aug 20 22:28:41, Info:  Poroelastic model: no 
Tue Aug 20 22:28:41, Info:  Anisotropic model: no 
Tue Aug 20 22:28:41, Info:  Plasticity: no 
Tue Aug 20 22:28:41, Info:  Welcome to SeisSol 
Tue Aug 20 22:28:41, Info:  Copyright (c) 2012 - 2024  SeisSol Group 
Tue Aug 20 22:28:41, Info:  Version: v1.1.4-148-g60aedc8c (dirty) 
Tue Aug 20 22:28:41, Info:  Built on: Jun 17 2024 21:03:35 
Tue Aug 20 22:28:41, Info:  Last commit: 60aedc8c2ae0a5d9e5a46cc3a40e4eaf1c047225 at 2024-06-06T12:54:08+00:00 
Tue Aug 20 22:28:41, Info:  Compiled with HOST_ARCH = skx 
Tue Aug 20 22:28:41, Info:  Running on (rank=0): "i02r08c01s04" 
Tue Aug 20 22:28:41, Info:  Using MPI with #ranks: 16 
Tue Aug 20 22:28:41, Info:  Node-wide (shared memory) MPI with #ranks/node: 1 
Tue Aug 20 22:28:41, Info:  Using asynchronous MPI routines. 
Tue Aug 20 22:28:41, Info:  Using OMP with #threads/rank: 94 
Tue Aug 20 22:28:41, Info:  OpenMP worker affinity (this process): "0123456789|0123456789|0123456789|0123456789|0123456-89|0123456789|0123456789|0123456789|0123456789|01234-" 
Tue Aug 20 22:28:41, Info:  OpenMP worker affinity (this node)   : "0123456789|0123456789|0123456789|0123456789|0123456-89|0123456789|0123456789|0123456789|0123456789|01234-" 
Tue Aug 20 22:28:41, Info:  Using a communication thread for advancing MPI communication. 
Tue Aug 20 22:28:41, Info:  Communication thread affinity        : "----------|----------|----------|----------|-------7--|----------|----------|----------|----------|-----5" 
Tue Aug 20 22:28:41, Info:  The stack size ulimit is 2097152 [kiB] ( = 2.0000 GiB ). 
Tue Aug 20 22:28:41, Info:  Begin init mesh. 
Tue Aug 20 22:28:41, Info:  Mesh file: "/dss/dsshome1/01/di35poq/mesh/mesh_v07/Haiti_v07_lowres" 
Tue Aug 20 22:28:41, Info:  Running mini SeisSol to determine node weights. 
Tue Aug 20 22:28:41, Info:  miniSeisSol configured with 50000 elements and 10 repeats per process 
Tue Aug 20 22:28:41, Info:  Node weights: mean = 41.5928  std = 0.292426  min = 41.0122  median = 41.6086  max = 42.03 
Tue Aug 20 22:28:41, Info:  Reading PUML mesh 
Tue Aug 20 22:28:41, Info:  Inferring boundary format. 
Tue Aug 20 22:28:41, Info:  Boundary format not given in PUML file; inferring from array shape. 
Tue Aug 20 22:28:41, Info:  Using boundary format: i32 (4xi8) 
Tue Aug 20 22:28:41, Info:  Found 2685422 cells 
Tue Aug 20 22:28:41, Info:  Found 477078 vertices 
Tue Aug 20 22:28:43, Info:  Computing LTS weights. 
Tue Aug 20 22:28:46, Info:  Limiting number of clusters to 2147483646 
Tue Aug 20 22:28:46, Info:  Computing LTS weights. Done.  (108216 reductions.)
Tue Aug 20 22:28:46, Info:  Using the Parmetis partition library and strategy. 
Tue Aug 20 22:28:49, Info:  PUML mesh read in: 7.8539 s (min: 7.7848 s, max: 7.9873 s)
Tue Aug 20 22:28:49, Info:  The mesh has been read. Starting post processing. 
Tue Aug 20 22:28:49, Info:  Extracting fault information. 
Tue Aug 20 22:28:49, Info:  Exchanging ghostlayer metadata. 
Tue Aug 20 22:28:51, Info:  Mesh initialized in: 9.9017 s (min: 9.9014 s, max: 9.9023 s)
Tue Aug 20 22:28:51, Info:  End init mesh. 
Tue Aug 20 22:28:51, Info:  Begin init model. 
Tue Aug 20 22:28:51, Info:  Initialize LTS. 
Tue Aug 20 22:28:51, Info:  Deriving clusters ids for min. time step width / multiRate: 0.000213316 / 2 
Tue Aug 20 22:28:51, Info:  Due to wiggle factor of 1 the minimum timestep size is reduced to 0.000213316 
Tue Aug 20 22:28:51, Info:  Number of elements in time clusters: 
Tue Aug 20 22:28:51, Info:  0: 2088 
Tue Aug 20 22:28:51, Info:  1: 265401 
Tue Aug 20 22:28:51, Info:  2: 1618976 
Tue Aug 20 22:28:51, Info:  3: 538212 
Tue Aug 20 22:28:51, Info:  4: 147352 
Tue Aug 20 22:28:51, Info:  5: 35652 
Tue Aug 20 22:28:51, Info:  6: 11329 
Tue Aug 20 22:28:51, Info:  7: 18592 
Tue Aug 20 22:28:51, Info:  8: 47781 
Tue Aug 20 22:28:51, Info:  9: 39 
Tue Aug 20 22:28:51, Info:  maximum theoretical speedup (compared to GTS): 6.4313 per cell LTS, 4.34786 with the used clustering. 
Tue Aug 20 22:28:51, Info:  Number of elements in dynamic rupture time clusters: 
Tue Aug 20 22:28:51, Info:  0 (dr): 617 
Tue Aug 20 22:28:51, Info:  1 (dr): 78808 
Tue Aug 20 22:28:51, Info:  2 (dr): 309910 
Tue Aug 20 22:28:51, Info:  3 (dr): 2509 
Tue Aug 20 22:28:51, Info:  4 (dr): 0 
Tue Aug 20 22:28:51, Info:  5 (dr): 0 
Tue Aug 20 22:28:51, Info:  6 (dr): 0 
Tue Aug 20 22:28:51, Info:  7 (dr): 0 
Tue Aug 20 22:28:51, Info:  8 (dr): 0 
Tue Aug 20 22:28:51, Info:  9 (dr): 0 
Tue Aug 20 22:28:51, Info:  Initialize Friction Model 
Tue Aug 20 22:28:54, Info:  Initialize cell material parameters. 
Tue Aug 20 22:28:55, Info:  Initialize Memory layout. 
Tue Aug 20 22:28:56, Info:  Initialize cell-local matrices. 
Tue Aug 20 22:28:56, Info:  Initializing Fault, using a quadrature rule with  25  points. 
Tue Aug 20 22:31:58, Info:  Model initialized in: 3 min 7.1457 s (min: 3 min 7.1435 s, max: 3 min 7.1488 s)
Tue Aug 20 22:31:58, Info:  End init model. 
Tue Aug 20 22:31:58, Info:  Setting initial conditions. 
Tue Aug 20 22:31:58, Info:  Using initial condition "Zero" . 
Tue Aug 20 22:31:58, Info:  Reading source. 
Tue Aug 20 22:31:58, Info:  No source term specified. 
Tue Aug 20 22:31:58, Info:  Setting up boundary conditions. 
Tue Aug 20 22:31:58, Info:  Begin init output. 
Tue Aug 20 22:31:58, Info:  Initializing free surface integrator. 
Tue Aug 20 22:31:58, Info:  Initializing free surface integrator. Done. 
Tue Aug 20 22:31:58, Info:  Enabling 2D fault output 
Tue Aug 20 22:31:58, Info:  Initializing Fault output. Number of sub-triangles: 4 
Tue Aug 20 22:31:58, Info:  Initializing XDMF fault output. 
Tue Aug 20 22:31:58, Info:  Fault writer thread affinity: "----------|----------|----------|----------|-------7--|----------|----------|----------|----------|-----5" 
Tue Aug 20 22:31:58, Info:  Initializing XDMF fault output. Done. 
Tue Aug 20 22:31:58, Info:  Initializing free surface output. 
Tue Aug 20 22:31:58, Info:  Free surface writer thread affinity: "----------|----------|----------|----------|-------7--|----------|----------|----------|----------|-----5" 
Tue Aug 20 22:31:58, Info:  No record points read. 
Tue Aug 20 22:31:58, Info:  Finding meshIds for receivers... 
Tue Aug 20 22:31:58, Info:  Cleaning possible double occurring receivers for MPI... 
Tue Aug 20 22:31:58, Info:  Mapping receivers to LTS cells... 
Tue Aug 20 22:31:58, Info:  Initializing energy output. 
Tue Aug 20 22:31:59, Info:  End init output. 
Tue Aug 20 22:31:59, Info:  Initializing free surface output. Done. 
Tue Aug 20 22:31:59, Info:  Finishing initialization... 
Tue Aug 20 22:31:59, Info:  Starting simulation. 
Tue Aug 20 22:31:59, Info:  Writing faultoutput at time 0.
Tue Aug 20 22:31:59, Info:  Writing faultoutput at time 0. Done.
Tue Aug 20 22:31:59, Info:  Writing free surface at time 0.
Tue Aug 20 22:31:59, Info:  Writing free surface at time 0. Done.
Tue Aug 20 22:31:59, Info:  Writing energy output at time 0 
Tue Aug 20 22:31:59, Info:  Total momentum (X, Y, Z): 0  , 0  , 0 
Tue Aug 20 22:31:59, Info:  Writing energy output at time 0 Done. 
Tue Aug 20 22:31:59, Info:  Time spent for initial IO: 52.8693 ms (min: 41.8977 ms, max: 69.5887 ms)
Tue Aug 20 22:32:25, Info:  Writing faultoutput at time 0.5.
Tue Aug 20 22:32:25, Info:  Writing faultoutput at time 0.5. Done.
Tue Aug 20 22:32:25, Info:  Writing energy output at time 0.5 
Tue Aug 20 22:32:25, Info:  Elastic energy (total, % kinematic, % potential):  2.83836e+12  , 24.5603  , 75.4397 
Tue Aug 20 22:32:25, Info:  Total momentum (X, Y, Z): 0.005817  , 0.0100666  , -0.00477446 
Tue Aug 20 22:32:25, Info:  Frictional work (total, % static, % radiated):  2.87099e+12  , 73.1934  , 26.8066 
Tue Aug 20 22:32:25, Info:  Seismic moment (without plasticity): 2.39874e+16  Mw: 4.84999 
Tue Aug 20 22:32:25, Info:  Writing energy output at time 0.5 Done. 
Tue Aug 20 22:32:25, Info:  Time spent this phase (total): 26.7359 s (min: 26.7043 s, max: 26.7644 s)
Tue Aug 20 22:32:25, Info:  Time spent this phase (compute): 26.6830 s (min: 26.6598 s, max: 26.7045 s)
Tue Aug 20 22:32:25, Info:  Time spent this phase (IO): 49.5971 ms (min: 39.9300 ms, max: 72.3266 ms)
Tue Aug 20 22:32:25, Info:  Performance since the start: 9.4133 TFLOP/s (rank 0: 587.0293 GFLOP/s , average over ranks: 588.3307 GFLOP/s ) 
Tue Aug 20 22:32:25, Info:  Performance since last sync point: 9.4133 TFLOP/s (rank 0: 587.0293 GFLOP/s , average over ranks: 588.3307 GFLOP/s ) 
Tue Aug 20 22:32:52, Info:  Writing faultoutput at time 1.
Tue Aug 20 22:32:52, Info:  Writing faultoutput at time 1. Done.
Tue Aug 20 22:32:52, Info:  Writing free surface at time 1.
Tue Aug 20 22:32:52, Info:  Writing free surface at time 1. Done.
Tue Aug 20 22:32:52, Info:  Writing energy output at time 1 
Tue Aug 20 22:32:52, Info:  Elastic energy (total, % kinematic, % potential):  2.0859e+13  , 23.2453  , 76.7547 
Tue Aug 20 22:32:52, Info:  Total momentum (X, Y, Z): 0.923759  , 0.624145  , -0.0932967 
Tue Aug 20 22:32:52, Info:  Frictional work (total, % static, % radiated):  2.12805e+13  , 74.5491  , 25.4509 
Tue Aug 20 22:32:52, Info:  Seismic moment (without plasticity): 1.73711e+17  Mw: 5.42322 
Tue Aug 20 22:32:52, Info:  Writing energy output at time 1 Done. 
Tue Aug 20 22:32:52, Info:  Time spent this phase (total): 26.6800 s (min: 26.6605 s, max: 26.7035 s)
Tue Aug 20 22:32:52, Info:  Time spent this phase (compute): 26.6798 s (min: 26.6604 s, max: 26.7033 s)
Tue Aug 20 22:32:52, Info:  Time spent this phase (IO): 55.1466 ms (min: 40.0721 ms, max: 79.9538 ms)
Tue Aug 20 22:32:52, Info:  Performance since the start: 9.4231 TFLOP/s (rank 0: 588.0464 GFLOP/s , average over ranks: 588.9455 GFLOP/s ) 
Tue Aug 20 22:32:52, Info:  Performance since last sync point: 9.4330 TFLOP/s (rank 0: 589.0671 GFLOP/s , average over ranks: 589.5619 GFLOP/s ) 
Tue Aug 20 22:33:18, Info:  Writing faultoutput at time 1.5.
Tue Aug 20 22:33:18, Info:  Writing faultoutput at time 1.5. Done.
Tue Aug 20 22:33:18, Info:  Writing energy output at time 1.5 
Tue Aug 20 22:33:18, Info:  Elastic energy (total, % kinematic, % potential):  5.98543e+13  , 20.2013  , 79.7987 
Tue Aug 20 22:33:18, Info:  Total momentum (X, Y, Z): -0.0933802  , -0.202024  , 0.394655 
Tue Aug 20 22:33:18, Info:  Frictional work (total, % static, % radiated):  6.06052e+13  , 77.4897  , 22.5103 
Tue Aug 20 22:33:18, Info:  Seismic moment (without plasticity): 5.12352e+17  Mw: 5.73638 
Tue Aug 20 22:33:18, Info:  Writing energy output at time 1.5 Done. 
Tue Aug 20 22:33:18, Info:  Time spent this phase (total): 26.4354 s (min: 26.4078 s, max: 26.4840 s)
Tue Aug 20 22:33:18, Info:  Time spent this phase (compute): 26.4353 s (min: 26.4078 s, max: 26.4840 s)
Tue Aug 20 22:33:18, Info:  Time spent this phase (IO): 53.2737 ms (min: 39.9432 ms, max: 90.3989 ms)
Tue Aug 20 22:33:18, Info:  Performance since the start: 9.4553 TFLOP/s (rank 0: 590.0383 GFLOP/s , average over ranks: 590.9546 GFLOP/s ) 
Tue Aug 20 22:33:18, Info:  Performance since last sync point: 9.5202 TFLOP/s (rank 0: 594.0630 GFLOP/s , average over ranks: 595.0145 GFLOP/s ) 
Tue Aug 20 22:33:45, Info:  Writing faultoutput at time 2.
Tue Aug 20 22:33:45, Info:  Writing faultoutput at time 2. Done.
Tue Aug 20 22:33:45, Info:  Writing free surface at time 2.
Tue Aug 20 22:33:45, Info:  Writing free surface at time 2. Done.
Tue Aug 20 22:33:45, Info:  Writing energy output at time 2 
Tue Aug 20 22:33:45, Info:  Elastic energy (total, % kinematic, % potential):  1.07514e+14  , 15.0874  , 84.9126 
Tue Aug 20 22:33:45, Info:  Total momentum (X, Y, Z): 0.315798  , -1.37117  , 0.31076 
Tue Aug 20 22:33:45, Info:  Frictional work (total, % static, % radiated):  1.08488e+14  , 79.6607  , 20.3393 
Tue Aug 20 22:33:45, Info:  Seismic moment (without plasticity): 9.55767e+17  Mw: 5.9169 
Tue Aug 20 22:33:45, Info:  Writing energy output at time 2 Done. 
Tue Aug 20 22:33:45, Info:  Time spent this phase (total): 26.3863 s (min: 26.3347 s, max: 26.4105 s)
Tue Aug 20 22:33:45, Info:  Time spent this phase (compute): 26.3862 s (min: 26.3346 s, max: 26.4104 s)
Tue Aug 20 22:33:45, Info:  Time spent this phase (IO): 54.7700 ms (min: 40.0516 ms, max: 94.4521 ms)
Tue Aug 20 22:33:45, Info:  Performance since the start: 9.4758 TFLOP/s (rank 0: 591.3564 GFLOP/s , average over ranks: 592.2393 GFLOP/s ) 
Tue Aug 20 22:33:45, Info:  Performance since last sync point: 9.5380 TFLOP/s (rank 0: 595.3463 GFLOP/s , average over ranks: 596.1275 GFLOP/s ) 
Tue Aug 20 22:34:11, Info:  Writing faultoutput at time 2.5.
Tue Aug 20 22:34:11, Info:  Writing faultoutput at time 2.5. Done.
Tue Aug 20 22:34:11, Info:  Writing energy output at time 2.5 
Tue Aug 20 22:34:11, Info:  Elastic energy (total, % kinematic, % potential):  1.4534e+14  , 10.3347  , 89.6653 
Tue Aug 20 22:34:11, Info:  Total momentum (X, Y, Z): -16.5358  , -4.4118  , 3.67888 
Tue Aug 20 22:34:11, Info:  Frictional work (total, % static, % radiated):  1.46433e+14  , 81.0656  , 18.9344 
Tue Aug 20 22:34:11, Info:  Seismic moment (without plasticity): 1.32923e+18  Mw: 6.0124 
Tue Aug 20 22:34:11, Info:  Writing energy output at time 2.5 Done. 
Tue Aug 20 22:34:11, Info:  Time spent this phase (total): 26.6143 s (min: 26.6045 s, max: 26.6393 s)
Tue Aug 20 22:34:11, Info:  Time spent this phase (compute): 26.6138 s (min: 26.6044 s, max: 26.6392 s)
Tue Aug 20 22:34:11, Info:  Time spent this phase (IO): 49.8995 ms (min: 40.0111 ms, max: 73.1624 ms)
Tue Aug 20 22:34:11, Info:  Performance since the start: 9.4719 TFLOP/s (rank 0: 591.1927 GFLOP/s , average over ranks: 591.9946 GFLOP/s ) 
Tue Aug 20 22:34:11, Info:  Performance since last sync point: 9.4563 TFLOP/s (rank 0: 590.5385 GFLOP/s , average over ranks: 591.0180 GFLOP/s ) 
Tue Aug 20 22:34:38, Info:  Writing faultoutput at time 3.
Tue Aug 20 22:34:38, Info:  Writing faultoutput at time 3. Done.
Tue Aug 20 22:34:38, Info:  Writing free surface at time 3.
Tue Aug 20 22:34:38, Info:  Writing free surface at time 3. Done.
Tue Aug 20 22:34:38, Info:  Writing energy output at time 3 
Tue Aug 20 22:34:38, Info:  Elastic energy (total, % kinematic, % potential):  1.71818e+14  , 7.79842  , 92.2016 
Tue Aug 20 22:34:38, Info:  Total momentum (X, Y, Z): -36.0644  , -6.96553  , 14.1785 
Tue Aug 20 22:34:38, Info:  Frictional work (total, % static, % radiated):  1.72775e+14  , 83.9883  , 16.0117 
Tue Aug 20 22:34:38, Info:  Seismic moment (without plasticity): 1.61722e+18  Mw: 6.06918 
Tue Aug 20 22:34:38, Info:  Writing energy output at time 3 Done. 
Tue Aug 20 22:34:38, Info:  Time spent this phase (total): 26.4483 s (min: 26.4214 s, max: 26.5215 s)
Tue Aug 20 22:34:38, Info:  Time spent this phase (compute): 26.4483 s (min: 26.4213 s, max: 26.5214 s)
Tue Aug 20 22:34:38, Info:  Time spent this phase (IO): 52.6149 ms (min: 40.0208 ms, max: 78.9515 ms)
Tue Aug 20 22:34:38, Info:  Performance since the start: 9.4792 TFLOP/s (rank 0: 591.5315 GFLOP/s , average over ranks: 592.4482 GFLOP/s ) 
Tue Aug 20 22:34:38, Info:  Performance since last sync point: 9.5156 TFLOP/s (rank 0: 593.2317 GFLOP/s , average over ranks: 594.7271 GFLOP/s ) 
Tue Aug 20 22:35:04, Info:  Writing faultoutput at time 3.5.
Tue Aug 20 22:35:04, Info:  Writing faultoutput at time 3.5. Done.
Tue Aug 20 22:35:04, Info:  Writing energy output at time 3.5 
Tue Aug 20 22:35:04, Info:  Elastic energy (total, % kinematic, % potential):  1.97514e+14  , 7.01439  , 92.9856 
Tue Aug 20 22:35:04, Info:  Total momentum (X, Y, Z): -55.4806  , -5.13091  , 22.8862 
Tue Aug 20 22:35:04, Info:  Frictional work (total, % static, % radiated):  1.98017e+14  , 87.9814  , 12.0186 
Tue Aug 20 22:35:04, Info:  Seismic moment (without plasticity): 1.90889e+18  Mw: 6.11719 
Tue Aug 20 22:35:04, Info:  Writing energy output at time 3.5 Done. 
Tue Aug 20 22:35:04, Info:  Time spent this phase (total): 26.4803 s (min: 26.3993 s, max: 26.5098 s)
Tue Aug 20 22:35:04, Info:  Time spent this phase (compute): 26.4803 s (min: 26.3993 s, max: 26.5097 s)
Tue Aug 20 22:35:04, Info:  Time spent this phase (IO): 51.6104 ms (min: 40.2960 ms, max: 78.2642 ms)
Tue Aug 20 22:35:04, Info:  Performance since the start: 9.4827 TFLOP/s (rank 0: 591.8815 GFLOP/s , average over ranks: 592.6702 GFLOP/s ) 
Tue Aug 20 22:35:04, Info:  Performance since last sync point: 9.5041 TFLOP/s (rank 0: 593.9899 GFLOP/s , average over ranks: 594.0070 GFLOP/s ) 
Tue Aug 20 22:35:31, Info:  Writing faultoutput at time 4.
Tue Aug 20 22:35:31, Info:  Writing faultoutput at time 4. Done.
Tue Aug 20 22:35:31, Info:  Writing free surface at time 4.
Tue Aug 20 22:35:31, Info:  Writing free surface at time 4. Done.
Tue Aug 20 22:35:31, Info:  Writing energy output at time 4 
Tue Aug 20 22:35:31, Info:  Elastic energy (total, % kinematic, % potential):  2.36394e+14  , 7.4213  , 92.5787 
Tue Aug 20 22:35:31, Info:  Total momentum (X, Y, Z): -68.8115  , -3.43292  , 33.5849 
Tue Aug 20 22:35:31, Info:  Frictional work (total, % static, % radiated):  2.35992e+14  , 91.8168  , 8.18319 
Tue Aug 20 22:35:31, Info:  Seismic moment (without plasticity): 2.31332e+18  Mw: 6.17282 
Tue Aug 20 22:35:31, Info:  Writing energy output at time 4 Done. 
Tue Aug 20 22:35:31, Info:  Time spent this phase (total): 26.7190 s (min: 26.7026 s, max: 26.7261 s)
Tue Aug 20 22:35:31, Info:  Time spent this phase (compute): 26.7189 s (min: 26.7026 s, max: 26.7261 s)
Tue Aug 20 22:35:31, Info:  Time spent this phase (IO): 54.1243 ms (min: 40.0406 ms, max: 94.3563 ms)
Tue Aug 20 22:35:31, Info:  Performance since the start: 9.4747 TFLOP/s (rank 0: 591.3920 GFLOP/s , average over ranks: 592.1711 GFLOP/s ) 
Tue Aug 20 22:35:31, Info:  Performance since last sync point: 9.4192 TFLOP/s (rank 0: 587.9880 GFLOP/s , average over ranks: 588.7013 GFLOP/s ) 
Tue Aug 20 22:35:58, Info:  Writing faultoutput at time 4.5.
Tue Aug 20 22:35:58, Info:  Writing faultoutput at time 4.5. Done.
Tue Aug 20 22:35:58, Info:  Writing energy output at time 4.5 
Tue Aug 20 22:35:58, Info:  Elastic energy (total, % kinematic, % potential):  3.06319e+14  , 9.08021  , 90.9198 
Tue Aug 20 22:35:58, Info:  Total momentum (X, Y, Z): -63.1225  , -4.60059  , 57.9653 
Tue Aug 20 22:35:58, Info:  Frictional work (total, % static, % radiated):  3.04674e+14  , 94.0311  , 5.9689 
Tue Aug 20 22:35:58, Info:  Seismic moment (without plasticity): 2.96103e+18  Mw: 6.2443 
Tue Aug 20 22:35:58, Info:  Writing energy output at time 4.5 Done. 
Tue Aug 20 22:35:58, Info:  Time spent this phase (total): 26.6186 s (min: 26.5993 s, max: 26.6613 s)
Tue Aug 20 22:35:58, Info:  Time spent this phase (compute): 26.6185 s (min: 26.5992 s, max: 26.6613 s)
Tue Aug 20 22:35:58, Info:  Time spent this phase (IO): 48.5310 ms (min: 39.9276 ms, max: 73.0708 ms)
Tue Aug 20 22:35:58, Info:  Performance since the start: 9.4725 TFLOP/s (rank 0: 591.2681 GFLOP/s , average over ranks: 592.0321 GFLOP/s ) 
Tue Aug 20 22:35:58, Info:  Performance since last sync point: 9.4548 TFLOP/s (rank 0: 590.2786 GFLOP/s , average over ranks: 590.9224 GFLOP/s ) 
Tue Aug 20 22:36:25, Info:  Writing faultoutput at time 5.
Tue Aug 20 22:36:25, Info:  Writing faultoutput at time 5. Done.
Tue Aug 20 22:36:25, Info:  Writing free surface at time 5.
Tue Aug 20 22:36:25, Info:  Writing free surface at time 5. Done.
Tue Aug 20 22:36:25, Info:  Writing energy output at time 5 
Tue Aug 20 22:36:25, Info:  Elastic energy (total, % kinematic, % potential):  4.37539e+14  , 12.2589  , 87.7411 
Tue Aug 20 22:36:25, Info:  Total momentum (X, Y, Z): -85.9899  , 33.4355  , -138.385 
Tue Aug 20 22:36:25, Info:  Frictional work (total, % static, % radiated):  4.34521e+14  , 93.4154  , 6.58463 
Tue Aug 20 22:36:25, Info:  Seismic moment (without plasticity): 4.04674e+18  Mw: 6.33474 
Tue Aug 20 22:36:25, Info:  Writing energy output at time 5 Done. 
Tue Aug 20 22:36:25, Info:  Time spent this phase (total): 27.1792 s (min: 27.1506 s, max: 27.2134 s)
Tue Aug 20 22:36:25, Info:  Time spent this phase (compute): 27.1791 s (min: 27.1505 s, max: 27.2133 s)
Tue Aug 20 22:36:25, Info:  Time spent this phase (IO): 53.1222 ms (min: 40.0638 ms, max: 76.6967 ms)
Tue Aug 20 22:36:25, Info:  Performance since the start: 9.4508 TFLOP/s (rank 0: 589.9359 GFLOP/s , average over ranks: 590.6746 GFLOP/s ) 
Tue Aug 20 22:36:25, Info:  Performance since last sync point: 9.2597 TFLOP/s (rank 0: 578.2115 GFLOP/s , average over ranks: 578.7324 GFLOP/s ) 
Tue Aug 20 22:36:51, Info:  Writing faultoutput at time 5.5.
Tue Aug 20 22:36:51, Info:  Writing faultoutput at time 5.5. Done.
Tue Aug 20 22:36:51, Info:  Writing energy output at time 5.5 
Tue Aug 20 22:36:51, Info:  Elastic energy (total, % kinematic, % potential):  6.81737e+14  , 16.4083  , 83.5917 
Tue Aug 20 22:36:51, Info:  Total momentum (X, Y, Z): 47.6747  , -105.496  , 444.338 
Tue Aug 20 22:36:51, Info:  Frictional work (total, % static, % radiated):  6.76923e+14  , 89.9132  , 10.0868 
Tue Aug 20 22:36:51, Info:  Seismic moment (without plasticity): 5.85829e+18  Mw: 6.44185 
Tue Aug 20 22:36:51, Info:  Writing energy output at time 5.5 Done. 
Tue Aug 20 22:36:51, Info:  Time spent this phase (total): 26.5542 s (min: 26.5262 s, max: 26.5836 s)
Tue Aug 20 22:36:51, Info:  Time spent this phase (compute): 26.5541 s (min: 26.5261 s, max: 26.5835 s)
Tue Aug 20 22:36:51, Info:  Time spent this phase (IO): 47.9703 ms (min: 39.8966 ms, max: 60.2903 ms)
Tue Aug 20 22:36:51, Info:  Performance since the start: 9.4532 TFLOP/s (rank 0: 590.0794 GFLOP/s , average over ranks: 590.8272 GFLOP/s ) 
Tue Aug 20 22:36:51, Info:  Performance since last sync point: 9.4777 TFLOP/s (rank 0: 591.5182 GFLOP/s , average over ranks: 592.3571 GFLOP/s ) 
Tue Aug 20 22:37:18, Info:  Writing faultoutput at time 6.
Tue Aug 20 22:37:18, Info:  Writing faultoutput at time 6. Done.
Tue Aug 20 22:37:18, Info:  Writing free surface at time 6.
Tue Aug 20 22:37:18, Info:  Writing free surface at time 6. Done.
Tue Aug 20 22:37:18, Info:  Writing energy output at time 6 
Tue Aug 20 22:37:18, Info:  Elastic energy (total, % kinematic, % potential):  1.11258e+15  , 20.5177  , 79.4823 
Tue Aug 20 22:37:18, Info:  Total momentum (X, Y, Z): -482.713  , 390.932  , 90.1924 
Tue Aug 20 22:37:18, Info:  Frictional work (total, % static, % radiated):  1.10628e+15  , 84.9284  , 15.0716 
Tue Aug 20 22:37:18, Info:  Seismic moment (without plasticity): 8.76191e+18  Mw: 6.5584 
Tue Aug 20 22:37:18, Info:  Writing energy output at time 6 Done. 
Tue Aug 20 22:37:18, Info:  Time spent this phase (total): 26.5828 s (min: 26.5662 s, max: 26.6046 s)
Tue Aug 20 22:37:18, Info:  Time spent this phase (compute): 26.5827 s (min: 26.5662 s, max: 26.6046 s)
Tue Aug 20 22:37:18, Info:  Time spent this phase (IO): 52.3439 ms (min: 40.0078 ms, max: 69.3190 ms)
Tue Aug 20 22:37:18, Info:  Performance since the start: 9.4544 TFLOP/s (rank 0: 590.1191 GFLOP/s , average over ranks: 590.9014 GFLOP/s ) 
Tue Aug 20 22:37:18, Info:  Performance since last sync point: 9.4675 TFLOP/s (rank 0: 590.5557 GFLOP/s , average over ranks: 591.7188 GFLOP/s ) 
Tue Aug 20 22:37:44, Info:  Writing faultoutput at time 6.5.
Tue Aug 20 22:37:44, Info:  Writing faultoutput at time 6.5. Done.
Tue Aug 20 22:37:44, Info:  Writing energy output at time 6.5 
Tue Aug 20 22:37:45, Info:  Elastic energy (total, % kinematic, % potential):  1.8248e+15  , 23.8949  , 76.1051 
Tue Aug 20 22:37:45, Info:  Total momentum (X, Y, Z): 1562.34  , -882.088  , -5582.6 
Tue Aug 20 22:37:45, Info:  Frictional work (total, % static, % radiated):  1.81803e+15  , 79.8364  , 20.1636 
Tue Aug 20 22:37:45, Info:  Seismic moment (without plasticity): 1.31814e+19  Mw: 6.67664 
Tue Aug 20 22:37:45, Info:  Writing energy output at time 6.5 Done. 
Tue Aug 20 22:37:45, Info:  Time spent this phase (total): 26.5088 s (min: 26.4511 s, max: 26.5425 s)
Tue Aug 20 22:37:45, Info:  Time spent this phase (compute): 26.5087 s (min: 26.4511 s, max: 26.5425 s)
Tue Aug 20 22:37:45, Info:  Time spent this phase (IO): 53.6152 ms (min: 39.9366 ms, max: 93.9591 ms)
Tue Aug 20 22:37:45, Info:  Performance since the start: 9.4574 TFLOP/s (rank 0: 590.3497 GFLOP/s , average over ranks: 591.0903 GFLOP/s ) 
Tue Aug 20 22:37:45, Info:  Performance since last sync point: 9.4939 TFLOP/s (rank 0: 593.1315 GFLOP/s , average over ranks: 593.3677 GFLOP/s ) 
Tue Aug 20 22:38:11, Info:  Writing faultoutput at time 7.
Tue Aug 20 22:38:11, Info:  Writing faultoutput at time 7. Done.
Tue Aug 20 22:38:11, Info:  Writing free surface at time 7.
Tue Aug 20 22:38:11, Info:  Writing free surface at time 7. Done.
Tue Aug 20 22:38:11, Info:  Writing energy output at time 7 
Tue Aug 20 22:38:11, Info:  Elastic energy (total, % kinematic, % potential):  2.9251e+15  , 26.3841  , 73.6159 
Tue Aug 20 22:38:11, Info:  Total momentum (X, Y, Z): -5363.68  , 3141.33  , 27700.9 
Tue Aug 20 22:38:11, Info:  Frictional work (total, % static, % radiated):  2.92066e+15  , 75.4272  , 24.5728 
Tue Aug 20 22:38:11, Info:  Seismic moment (without plasticity): 1.9547e+19  Mw: 6.79072 
Tue Aug 20 22:38:11, Info:  Writing energy output at time 7 Done. 
Tue Aug 20 22:38:11, Info:  Time spent this phase (total): 26.3626 s (min: 26.3432 s, max: 26.4019 s)
Tue Aug 20 22:38:11, Info:  Time spent this phase (compute): 26.3625 s (min: 26.3431 s, max: 26.4019 s)
Tue Aug 20 22:38:11, Info:  Time spent this phase (IO): 52.8013 ms (min: 40.0696 ms, max: 75.9950 ms)
Tue Aug 20 22:38:11, Info:  Performance since the start: 9.4638 TFLOP/s (rank 0: 590.7477 GFLOP/s , average over ranks: 591.4846 GFLOP/s ) 
Tue Aug 20 22:38:11, Info:  Performance since last sync point: 9.5466 TFLOP/s (rank 0: 595.9704 GFLOP/s , average over ranks: 596.6596 GFLOP/s ) 
Tue Aug 20 22:38:37, Info:  Writing faultoutput at time 7.5.
Tue Aug 20 22:38:37, Info:  Writing faultoutput at time 7.5. Done.
Tue Aug 20 22:38:37, Info:  Writing energy output at time 7.5 
Tue Aug 20 22:38:37, Info:  Elastic energy (total, % kinematic, % potential):  4.53302e+15  , 28.1725  , 71.8275 
Tue Aug 20 22:38:37, Info:  Total momentum (X, Y, Z): 17543.1  , -11079.1  , -72324.2 
Tue Aug 20 22:38:37, Info:  Frictional work (total, % static, % radiated):  4.53666e+15  , 71.8436  , 28.1564 
Tue Aug 20 22:38:37, Info:  Seismic moment (without plasticity): 2.83061e+19  Mw: 6.89792 
Tue Aug 20 22:38:37, Info:  Writing energy output at time 7.5 Done. 
Tue Aug 20 22:38:37, Info:  Time spent this phase (total): 26.4492 s (min: 26.4389 s, max: 26.4742 s)
Tue Aug 20 22:38:37, Info:  Time spent this phase (compute): 26.4487 s (min: 26.4337 s, max: 26.4742 s)
Tue Aug 20 22:38:37, Info:  Time spent this phase (IO): 48.5076 ms (min: 39.9235 ms, max: 58.9288 ms)
Tue Aug 20 22:38:37, Info:  Performance since the start: 9.4672 TFLOP/s (rank 0: 590.9795 GFLOP/s , average over ranks: 591.6985 GFLOP/s ) 
Tue Aug 20 22:38:37, Info:  Performance since last sync point: 9.5153 TFLOP/s (rank 0: 594.2440 GFLOP/s , average over ranks: 594.7087 GFLOP/s ) 
Tue Aug 20 22:39:04, Info:  Writing faultoutput at time 8.
Tue Aug 20 22:39:04, Info:  Writing faultoutput at time 8. Done.
Tue Aug 20 22:39:04, Info:  Writing free surface at time 8.
Tue Aug 20 22:39:04, Info:  Writing free surface at time 8. Done.
Tue Aug 20 22:39:04, Info:  Writing energy output at time 8 
Tue Aug 20 22:39:04, Info:  Elastic energy (total, % kinematic, % potential):  6.78114e+15  , 29.4454  , 70.5546 
Tue Aug 20 22:39:04, Info:  Total momentum (X, Y, Z): -41525.7  , 34827.3  , 52405.7 
Tue Aug 20 22:39:04, Info:  Frictional work (total, % static, % radiated):  6.80104e+15  , 69.0023  , 30.9977 
Tue Aug 20 22:39:04, Info:  Seismic moment (without plasticity): 3.99368e+19  Mw: 6.99758 
Tue Aug 20 22:39:04, Info:  Writing energy output at time 8 Done. 
Tue Aug 20 22:39:04, Info:  Time spent this phase (total): 26.5026 s (min: 26.4754 s, max: 26.5186 s)
Tue Aug 20 22:39:04, Info:  Time spent this phase (compute): 26.5025 s (min: 26.4753 s, max: 26.5185 s)
Tue Aug 20 22:39:04, Info:  Time spent this phase (IO): 55.5610 ms (min: 39.9772 ms, max: 76.7666 ms)
Tue Aug 20 22:39:04, Info:  Performance since the start: 9.4690 TFLOP/s (rank 0: 591.0915 GFLOP/s , average over ranks: 591.8111 GFLOP/s ) 
Tue Aug 20 22:39:04, Info:  Performance since last sync point: 9.4961 TFLOP/s (rank 0: 592.7765 GFLOP/s , average over ranks: 593.5061 GFLOP/s ) 
Tue Aug 20 22:39:30, Info:  Writing faultoutput at time 8.5.
Tue Aug 20 22:39:30, Info:  Writing faultoutput at time 8.5. Done.
Tue Aug 20 22:39:30, Info:  Writing energy output at time 8.5 
Tue Aug 20 22:39:31, Info:  Elastic energy (total, % kinematic, % potential):  9.67198e+15  , 29.8544  , 70.1456 
Tue Aug 20 22:39:31, Info:  Total momentum (X, Y, Z): 82884.9  , -69552.5  , 422448 
Tue Aug 20 22:39:31, Info:  Frictional work (total, % static, % radiated):  9.72225e+15  , 66.9112  , 33.0888 
Tue Aug 20 22:39:31, Info:  Seismic moment (without plasticity): 5.47619e+19  Mw: 7.08899 
Tue Aug 20 22:39:31, Info:  Writing energy output at time 8.5 Done. 
Tue Aug 20 22:39:31, Info:  Time spent this phase (total): 26.6823 s (min: 26.6668 s, max: 26.7082 s)
Tue Aug 20 22:39:31, Info:  Time spent this phase (compute): 26.6822 s (min: 26.6668 s, max: 26.7082 s)
Tue Aug 20 22:39:31, Info:  Time spent this phase (IO): 49.2729 ms (min: 39.9055 ms, max: 75.2550 ms)
Tue Aug 20 22:39:31, Info:  Performance since the start: 9.4668 TFLOP/s (rank 0: 590.9516 GFLOP/s , average over ranks: 591.6753 GFLOP/s ) 
Tue Aug 20 22:39:31, Info:  Performance since last sync point: 9.4322 TFLOP/s (rank 0: 588.7227 GFLOP/s , average over ranks: 589.5114 GFLOP/s ) 
Tue Aug 20 22:39:57, Info:  Writing faultoutput at time 9.
Tue Aug 20 22:39:57, Info:  Writing faultoutput at time 9. Done.
Tue Aug 20 22:39:57, Info:  Writing free surface at time 9.
Tue Aug 20 22:39:57, Info:  Writing free surface at time 9. Done.
Tue Aug 20 22:39:57, Info:  Writing energy output at time 9 
Tue Aug 20 22:39:57, Info:  Elastic energy (total, % kinematic, % potential):  1.27414e+16  , 28.3904  , 71.6096 
Tue Aug 20 22:39:57, Info:  Total momentum (X, Y, Z): -98856.5  , 87718.5  , -2.3764e+06 
Tue Aug 20 22:39:57, Info:  Frictional work (total, % static, % radiated):  1.28256e+16  , 65.2492  , 34.7508 
Tue Aug 20 22:39:57, Info:  Seismic moment (without plasticity): 7.0836e+19  Mw: 7.1635 
Tue Aug 20 22:39:57, Info:  Writing energy output at time 9 Done. 
Tue Aug 20 22:39:57, Info:  Time spent this phase (total): 26.5857 s (min: 26.5790 s, max: 26.5985 s)
Tue Aug 20 22:39:57, Info:  Time spent this phase (compute): 26.5856 s (min: 26.5789 s, max: 26.5984 s)
Tue Aug 20 22:39:57, Info:  Time spent this phase (IO): 52.9708 ms (min: 39.9802 ms, max: 75.3732 ms)
Tue Aug 20 22:39:57, Info:  Performance since the start: 9.4668 TFLOP/s (rank 0: 590.9372 GFLOP/s , average over ranks: 591.6741 GFLOP/s ) 
Tue Aug 20 22:39:57, Info:  Performance since last sync point: 9.4665 TFLOP/s (rank 0: 590.6916 GFLOP/s , average over ranks: 591.6537 GFLOP/s ) 
Tue Aug 20 22:40:24, Info:  Writing faultoutput at time 9.5.
Tue Aug 20 22:40:24, Info:  Writing faultoutput at time 9.5. Done.
Tue Aug 20 22:40:24, Info:  Writing energy output at time 9.5 
Tue Aug 20 22:40:24, Info:  Elastic energy (total, % kinematic, % potential):  1.57593e+16  , 27.1282  , 72.8718 
Tue Aug 20 22:40:24, Info:  Total momentum (X, Y, Z): 47630.1  , -151314  , 7.4155e+06 
Tue Aug 20 22:40:24, Info:  Frictional work (total, % static, % radiated):  1.58782e+16  , 64.1227  , 35.8773 
Tue Aug 20 22:40:24, Info:  Seismic moment (without plasticity): 8.70369e+19  Mw: 7.22314 
Tue Aug 20 22:40:24, Info:  Writing energy output at time 9.5 Done. 
Tue Aug 20 22:40:24, Info:  Time spent this phase (total): 26.7418 s (min: 26.6864 s, max: 26.8023 s)
Tue Aug 20 22:40:24, Info:  Time spent this phase (compute): 26.7418 s (min: 26.6863 s, max: 26.8022 s)
Tue Aug 20 22:40:24, Info:  Time spent this phase (IO): 53.7783 ms (min: 39.8966 ms, max: 96.7272 ms)
Tue Aug 20 22:40:24, Info:  Performance since the start: 9.4638 TFLOP/s (rank 0: 590.7783 GFLOP/s , average over ranks: 591.4900 GFLOP/s ) 
Tue Aug 20 22:40:24, Info:  Performance since last sync point: 9.4111 TFLOP/s (rank 0: 587.9326 GFLOP/s , average over ranks: 588.1958 GFLOP/s ) 
Tue Aug 20 22:40:50, Info:  Writing faultoutput at time 10.
Tue Aug 20 22:40:50, Info:  Writing faultoutput at time 10. Done.
Tue Aug 20 22:40:50, Info:  Writing free surface at time 10.
Tue Aug 20 22:40:50, Info:  Writing free surface at time 10. Done.
Tue Aug 20 22:40:50, Info:  Wrote receivers in 3.05e-07 seconds. 
Tue Aug 20 22:40:50, Info:  Writing energy output at time 10 
Tue Aug 20 22:40:50, Info:  Elastic energy (total, % kinematic, % potential):  1.86575e+16  , 26.2682  , 73.7318 
Tue Aug 20 22:40:50, Info:  Total momentum (X, Y, Z): 364523  , 692688  , -1.43931e+07 
Tue Aug 20 22:40:50, Info:  Frictional work (total, % static, % radiated):  1.88125e+16  , 63.4291  , 36.5709 
Tue Aug 20 22:40:50, Info:  Seismic moment (without plasticity): 1.03288e+20  Mw: 7.2727 
Tue Aug 20 22:40:50, Info:  Writing energy output at time 10 Done. 
Tue Aug 20 22:40:50, Info:  Time spent this phase (total): 26.5073 s (min: 26.4863 s, max: 26.5459 s)
Tue Aug 20 22:40:50, Info:  Time spent this phase (compute): 26.5072 s (min: 26.4862 s, max: 26.5458 s)
Tue Aug 20 22:40:50, Info:  Time spent this phase (IO): 54.3654 ms (min: 40.1014 ms, max: 80.5259 ms)
Tue Aug 20 22:40:50, Info:  Performance since the start: 9.4654 TFLOP/s (rank 0: 590.8731 GFLOP/s , average over ranks: 591.5853 GFLOP/s ) 
Tue Aug 20 22:40:50, Info:  Performance since last sync point: 9.4944 TFLOP/s (rank 0: 592.6815 GFLOP/s , average over ranks: 593.4018 GFLOP/s ) 
Tue Aug 20 22:41:17, Info:  Writing faultoutput at time 10.5.
Tue Aug 20 22:41:17, Info:  Writing faultoutput at time 10.5. Done.
Tue Aug 20 22:41:17, Info:  Writing energy output at time 10.5 
Tue Aug 20 22:41:17, Info:  Elastic energy (total, % kinematic, % potential):  2.14517e+16  , 25.6632  , 74.3368 
Tue Aug 20 22:41:17, Info:  Total momentum (X, Y, Z): -1.67541e+06  , -1.60139e+06  , 257723 
Tue Aug 20 22:41:17, Info:  Frictional work (total, % static, % radiated):  2.16438e+16  , 62.9979  , 37.0021 
Tue Aug 20 22:41:17, Info:  Seismic moment (without plasticity): 1.19592e+20  Mw: 7.31514 
Tue Aug 20 22:41:17, Info:  Writing energy output at time 10.5 Done. 
Tue Aug 20 22:41:17, Info:  Time spent this phase (total): 26.6901 s (min: 26.6342 s, max: 26.7135 s)
Tue Aug 20 22:41:17, Info:  Time spent this phase (compute): 26.6900 s (min: 26.6341 s, max: 26.7134 s)
Tue Aug 20 22:41:17, Info:  Time spent this phase (IO): 49.2223 ms (min: 40.6365 ms, max: 75.4124 ms)
Tue Aug 20 22:41:17, Info:  Performance since the start: 9.4636 TFLOP/s (rank 0: 590.7616 GFLOP/s , average over ranks: 591.4781 GFLOP/s ) 
Tue Aug 20 22:41:17, Info:  Performance since last sync point: 9.4295 TFLOP/s (rank 0: 588.5401 GFLOP/s , average over ranks: 589.3427 GFLOP/s ) 
Tue Aug 20 22:41:44, Info:  Writing faultoutput at time 11.
Tue Aug 20 22:41:44, Info:  Writing faultoutput at time 11. Done.
Tue Aug 20 22:41:44, Info:  Writing free surface at time 11.
Tue Aug 20 22:41:44, Info:  Writing free surface at time 11. Done.
Tue Aug 20 22:41:44, Info:  Writing energy output at time 11 
Tue Aug 20 22:41:44, Info:  Elastic energy (total, % kinematic, % potential):  2.41552e+16  , 25.2203  , 74.7797 
Tue Aug 20 22:41:44, Info:  Total momentum (X, Y, Z): 3.906e+06  , -1.2581e+06  , 1.13244e+08 
Tue Aug 20 22:41:44, Info:  Frictional work (total, % static, % radiated):  2.43905e+16  , 62.7115  , 37.2885 
Tue Aug 20 22:41:44, Info:  Seismic moment (without plasticity): 1.35944e+20  Mw: 7.35224 
Tue Aug 20 22:41:44, Info:  Writing energy output at time 11 Done. 
Tue Aug 20 22:41:44, Info:  Time spent this phase (total): 26.7960 s (min: 26.7455 s, max: 26.8224 s)
Tue Aug 20 22:41:44, Info:  Time spent this phase (compute): 26.7959 s (min: 26.7454 s, max: 26.8223 s)
Tue Aug 20 22:41:44, Info:  Time spent this phase (IO): 55.9142 ms (min: 40.8956 ms, max: 96.7007 ms)
Tue Aug 20 22:41:44, Info:  Performance since the start: 9.4604 TFLOP/s (rank 0: 590.5610 GFLOP/s , average over ranks: 591.2734 GFLOP/s ) 
Tue Aug 20 22:41:44, Info:  Performance since last sync point: 9.3921 TFLOP/s (rank 0: 586.3797 GFLOP/s , average over ranks: 587.0077 GFLOP/s ) 
Tue Aug 20 22:42:10, Info:  Writing faultoutput at time 11.5.
Tue Aug 20 22:42:10, Info:  Writing faultoutput at time 11.5. Done.
Tue Aug 20 22:42:10, Info:  Writing energy output at time 11.5 
Tue Aug 20 22:42:10, Info:  Elastic energy (total, % kinematic, % potential):  2.67952e+16  , 24.8768  , 75.1232 
Tue Aug 20 22:42:10, Info:  Total momentum (X, Y, Z): -2.69413e+06  , 1.38981e+07  , -3.42033e+08 
Tue Aug 20 22:42:10, Info:  Frictional work (total, % static, % radiated):  2.70744e+16  , 62.5446  , 37.4554 
Tue Aug 20 22:42:10, Info:  Seismic moment (without plasticity): 1.52313e+20  Mw: 7.38516 
Tue Aug 20 22:42:10, Info:  Writing energy output at time 11.5 Done. 
Tue Aug 20 22:42:10, Info:  Time spent this phase (total): 26.4301 s (min: 26.4060 s, max: 26.4770 s)
Tue Aug 20 22:42:10, Info:  Time spent this phase (compute): 26.4301 s (min: 26.4060 s, max: 26.4769 s)
Tue Aug 20 22:42:10, Info:  Time spent this phase (IO): 49.2188 ms (min: 40.7846 ms, max: 75.4019 ms)
Tue Aug 20 22:42:10, Info:  Performance since the start: 9.4630 TFLOP/s (rank 0: 590.7309 GFLOP/s , average over ranks: 591.4403 GFLOP/s ) 
Tue Aug 20 22:42:10, Info:  Performance since last sync point: 9.5222 TFLOP/s (rank 0: 594.4941 GFLOP/s , average over ranks: 595.1368 GFLOP/s ) 
Tue Aug 20 22:42:37, Info:  Writing faultoutput at time 12.
Tue Aug 20 22:42:37, Info:  Writing faultoutput at time 12. Done.
Tue Aug 20 22:42:37, Info:  Writing free surface at time 12.
Tue Aug 20 22:42:37, Info:  Writing free surface at time 12. Done.
Tue Aug 20 22:42:37, Info:  Writing energy output at time 12 
Tue Aug 20 22:42:37, Info:  Elastic energy (total, % kinematic, % potential):  2.93742e+16  , 24.5902  , 75.4098 
Tue Aug 20 22:42:37, Info:  Total momentum (X, Y, Z): -8.68494e+06  , -2.25656e+07  , 1.20956e+08 
Tue Aug 20 22:42:37, Info:  Frictional work (total, % static, % radiated):  2.97017e+16  , 62.4249  , 37.5751 
Tue Aug 20 22:42:37, Info:  Seismic moment (without plasticity): 1.6868e+20  Mw: 7.41471 
Tue Aug 20 22:42:37, Info:  Writing energy output at time 12 Done. 
Tue Aug 20 22:42:37, Info:  Time spent this phase (total): 26.6993 s (min: 26.6853 s, max: 26.7211 s)
Tue Aug 20 22:42:37, Info:  Time spent this phase (compute): 26.6992 s (min: 26.6852 s, max: 26.7210 s)
Tue Aug 20 22:42:37, Info:  Time spent this phase (IO): 51.9667 ms (min: 40.8359 ms, max: 74.3262 ms)
Tue Aug 20 22:42:37, Info:  Performance since the start: 9.4615 TFLOP/s (rank 0: 590.6265 GFLOP/s , average over ranks: 591.3440 GFLOP/s ) 
Tue Aug 20 22:42:37, Info:  Performance since last sync point: 9.4262 TFLOP/s (rank 0: 588.2355 GFLOP/s , average over ranks: 589.1381 GFLOP/s ) 
Tue Aug 20 22:43:03, Info:  Writing faultoutput at time 12.5.
Tue Aug 20 22:43:03, Info:  Writing faultoutput at time 12.5. Done.
Tue Aug 20 22:43:03, Info:  Writing energy output at time 12.5 
Tue Aug 20 22:43:04, Info:  Elastic energy (total, % kinematic, % potential):  3.19061e+16  , 24.3295  , 75.6705 
Tue Aug 20 22:43:04, Info:  Total momentum (X, Y, Z): 2.73682e+07  , -1.74635e+07  , 1.681e+09 
Tue Aug 20 22:43:04, Info:  Frictional work (total, % static, % radiated):  3.22835e+16  , 62.3508  , 37.6492 
Tue Aug 20 22:43:04, Info:  Seismic moment (without plasticity): 1.85014e+20  Mw: 7.44147 
Tue Aug 20 22:43:04, Info:  Writing energy output at time 12.5 Done. 
Tue Aug 20 22:43:04, Info:  Time spent this phase (total): 26.5278 s (min: 26.4843 s, max: 26.5684 s)
Tue Aug 20 22:43:04, Info:  Time spent this phase (compute): 26.5277 s (min: 26.4842 s, max: 26.5683 s)
Tue Aug 20 22:43:04, Info:  Time spent this phase (IO): 51.7303 ms (min: 40.7911 ms, max: 75.4287 ms)
Tue Aug 20 22:43:04, Info:  Performance since the start: 9.4625 TFLOP/s (rank 0: 590.7030 GFLOP/s , average over ranks: 591.4077 GFLOP/s ) 
Tue Aug 20 22:43:04, Info:  Performance since last sync point: 9.4871 TFLOP/s (rank 0: 592.5432 GFLOP/s , average over ranks: 592.9422 GFLOP/s ) 
Tue Aug 20 22:43:30, Info:  Writing faultoutput at time 13.
Tue Aug 20 22:43:30, Info:  Writing faultoutput at time 13. Done.
Tue Aug 20 22:43:30, Info:  Writing free surface at time 13.
Tue Aug 20 22:43:30, Info:  Writing free surface at time 13. Done.
Tue Aug 20 22:43:30, Info:  Writing energy output at time 13 
Tue Aug 20 22:43:30, Info:  Elastic energy (total, % kinematic, % potential):  3.4381e+16  , 24.0423  , 75.9577 
Tue Aug 20 22:43:30, Info:  Total momentum (X, Y, Z): -3.33955e+07  , 1.02968e+08  , -2.99699e+09 
Tue Aug 20 22:43:30, Info:  Frictional work (total, % static, % radiated):  3.48127e+16  , 62.3275  , 37.6725 
Tue Aug 20 22:43:30, Info:  Seismic moment (without plasticity): 2.01321e+20  Mw: 7.46593 
Tue Aug 20 22:43:30, Info:  Writing energy output at time 13 Done. 
Tue Aug 20 22:43:30, Info:  Time spent this phase (total): 26.3657 s (min: 26.3417 s, max: 26.3924 s)
Tue Aug 20 22:43:30, Info:  Time spent this phase (compute): 26.3656 s (min: 26.3416 s, max: 26.3923 s)
Tue Aug 20 22:43:30, Info:  Time spent this phase (IO): 54.5857 ms (min: 40.8954 ms, max: 73.8357 ms)
Tue Aug 20 22:43:30, Info:  Performance since the start: 9.4657 TFLOP/s (rank 0: 590.8984 GFLOP/s , average over ranks: 591.6054 GFLOP/s ) 
Tue Aug 20 22:43:30, Info:  Performance since last sync point: 9.5454 TFLOP/s (rank 0: 595.8263 GFLOP/s , average over ranks: 596.5897 GFLOP/s ) 
Tue Aug 20 22:43:56, Info:  Writing faultoutput at time 13.5.
Tue Aug 20 22:43:56, Info:  Writing faultoutput at time 13.5. Done.
Tue Aug 20 22:43:56, Info:  Writing energy output at time 13.5 
Tue Aug 20 22:43:57, Info:  Elastic energy (total, % kinematic, % potential):  3.68166e+16  , 23.7081  , 76.2919 
Tue Aug 20 22:43:57, Info:  Total momentum (X, Y, Z): -24803.6  , -7.73666e+07  , -4.60363e+09 
Tue Aug 20 22:43:57, Info:  Frictional work (total, % static, % radiated):  3.72992e+16  , 62.3269  , 37.6731 
Tue Aug 20 22:43:57, Info:  Seismic moment (without plasticity): 2.17684e+20  Mw: 7.48855 
Tue Aug 20 22:43:57, Info:  Writing energy output at time 13.5 Done. 
Tue Aug 20 22:43:57, Info:  Time spent this phase (total): 26.6666 s (min: 26.6508 s, max: 26.6841 s)
Tue Aug 20 22:43:57, Info:  Time spent this phase (compute): 26.6665 s (min: 26.6508 s, max: 26.6840 s)
Tue Aug 20 22:43:57, Info:  Time spent this phase (IO): 49.7189 ms (min: 41.0001 ms, max: 75.6586 ms)
Tue Aug 20 22:43:57, Info:  Performance since the start: 9.4646 TFLOP/s (rank 0: 590.8363 GFLOP/s , average over ranks: 591.5405 GFLOP/s ) 
Tue Aug 20 22:43:57, Info:  Performance since last sync point: 9.4377 TFLOP/s (rank 0: 589.2265 GFLOP/s , average over ranks: 589.8581 GFLOP/s ) 
Tue Aug 20 22:44:23, Info:  Writing faultoutput at time 14.
Tue Aug 20 22:44:23, Info:  Writing faultoutput at time 14. Done.
Tue Aug 20 22:44:23, Info:  Writing free surface at time 14.
Tue Aug 20 22:44:23, Info:  Writing free surface at time 14. Done.
Tue Aug 20 22:44:23, Info:  Writing energy output at time 14 
Tue Aug 20 22:44:23, Info:  Elastic energy (total, % kinematic, % potential):  3.92141e+16  , 23.303  , 76.697 
Tue Aug 20 22:44:23, Info:  Total momentum (X, Y, Z): 7.90754e+07  , -1.68585e+08  , 1.68212e+10 
Tue Aug 20 22:44:23, Info:  Frictional work (total, % static, % radiated):  3.9745e+16  , 62.3504  , 37.6496 
Tue Aug 20 22:44:23, Info:  Seismic moment (without plasticity): 2.34139e+20  Mw: 7.50965 
Tue Aug 20 22:44:23, Info:  Writing energy output at time 14 Done. 
Tue Aug 20 22:44:23, Info:  Time spent this phase (total): 26.4049 s (min: 26.3801 s, max: 26.4627 s)
Tue Aug 20 22:44:23, Info:  Time spent this phase (compute): 26.4048 s (min: 26.3800 s, max: 26.4626 s)
Tue Aug 20 22:44:23, Info:  Time spent this phase (IO): 53.5201 ms (min: 41.0340 ms, max: 73.0165 ms)
Tue Aug 20 22:44:23, Info:  Performance since the start: 9.4670 TFLOP/s (rank 0: 590.9899 GFLOP/s , average over ranks: 591.6880 GFLOP/s ) 
Tue Aug 20 22:44:23, Info:  Performance since last sync point: 9.5312 TFLOP/s (rank 0: 595.1670 GFLOP/s , average over ranks: 595.7001 GFLOP/s ) 
Tue Aug 20 22:44:49, Info:  Writing faultoutput at time 14.5.
Tue Aug 20 22:44:49, Info:  Writing faultoutput at time 14.5. Done.
Tue Aug 20 22:44:49, Info:  Writing energy output at time 14.5 
Tue Aug 20 22:44:50, Info:  Elastic energy (total, % kinematic, % potential):  4.15629e+16  , 22.8397  , 77.1603 
Tue Aug 20 22:44:50, Info:  Total momentum (X, Y, Z): -2.07933e+08  , 3.03258e+08  , 6.10195e+09 
Tue Aug 20 22:44:50, Info:  Frictional work (total, % static, % radiated):  4.2134e+16  , 62.4166  , 37.5834 
Tue Aug 20 22:44:50, Info:  Seismic moment (without plasticity): 2.50671e+20  Mw: 7.5294 
Tue Aug 20 22:44:50, Info:  Writing energy output at time 14.5 Done. 
Tue Aug 20 22:44:50, Info:  Time spent this phase (total): 26.5919 s (min: 26.5400 s, max: 26.6235 s)
Tue Aug 20 22:44:50, Info:  Time spent this phase (compute): 26.5918 s (min: 26.5400 s, max: 26.6234 s)
Tue Aug 20 22:44:50, Info:  Time spent this phase (IO): 49.1592 ms (min: 40.7311 ms, max: 66.9865 ms)
Tue Aug 20 22:44:50, Info:  Performance since the start: 9.4669 TFLOP/s (rank 0: 590.9747 GFLOP/s , average over ranks: 591.6822 GFLOP/s ) 
Tue Aug 20 22:44:50, Info:  Performance since last sync point: 9.4643 TFLOP/s (rank 0: 590.5495 GFLOP/s , average over ranks: 591.5203 GFLOP/s ) 
Tue Aug 20 22:45:16, Info:  Writing faultoutput at time 15.
Tue Aug 20 22:45:16, Info:  Writing faultoutput at time 15. Done.
Tue Aug 20 22:45:16, Info:  Writing free surface at time 15.
Tue Aug 20 22:45:16, Info:  Writing free surface at time 15. Done.
Tue Aug 20 22:45:16, Info:  Writing energy output at time 15 
Tue Aug 20 22:45:16, Info:  Elastic energy (total, % kinematic, % potential):  4.38362e+16  , 22.3246  , 77.6754 
Tue Aug 20 22:45:16, Info:  Total momentum (X, Y, Z): 1.83992e+08  , 6.96983e+07  , -6.78281e+10 
Tue Aug 20 22:45:16, Info:  Frictional work (total, % static, % radiated):  4.4448e+16  , 62.4993  , 37.5007 
Tue Aug 20 22:45:16, Info:  Seismic moment (without plasticity): 2.67247e+20  Mw: 7.54794 
Tue Aug 20 22:45:16, Info:  Writing energy output at time 15 Done. 
Tue Aug 20 22:45:16, Info:  Time spent this phase (total): 26.5440 s (min: 26.4947 s, max: 26.5734 s)
Tue Aug 20 22:45:16, Info:  Time spent this phase (compute): 26.5440 s (min: 26.4947 s, max: 26.5733 s)
Tue Aug 20 22:45:16, Info:  Time spent this phase (IO): 56.5356 ms (min: 41.0979 ms, max: 96.6075 ms)
Tue Aug 20 22:45:16, Info:  Performance since the start: 9.4674 TFLOP/s (rank 0: 591.0075 GFLOP/s , average over ranks: 591.7121 GFLOP/s ) 
Tue Aug 20 22:45:16, Info:  Performance since last sync point: 9.4813 TFLOP/s (rank 0: 591.9607 GFLOP/s , average over ranks: 592.5813 GFLOP/s ) 
Tue Aug 20 22:45:42, Info:  Writing faultoutput at time 15.5.
Tue Aug 20 22:45:42, Info:  Writing faultoutput at time 15.5. Done.
Tue Aug 20 22:45:42, Info:  Writing energy output at time 15.5 
Tue Aug 20 22:45:42, Info:  Elastic energy (total, % kinematic, % potential):  4.60285e+16  , 21.7536  , 78.2464 
Tue Aug 20 22:45:42, Info:  Total momentum (X, Y, Z): 2.85575e+08  , -4.15054e+08  , -1.90936e+10 
Tue Aug 20 22:45:42, Info:  Frictional work (total, % static, % radiated):  4.6676e+16  , 62.6071  , 37.3929 
Tue Aug 20 22:45:42, Info:  Seismic moment (without plasticity): 2.8384e+20  Mw: 7.56538 
Tue Aug 20 22:45:42, Info:  Writing energy output at time 15.5 Done. 
Tue Aug 20 22:45:42, Info:  Time spent this phase (total): 26.3479 s (min: 26.3343 s, max: 26.3890 s)
Tue Aug 20 22:45:42, Info:  Time spent this phase (compute): 26.3478 s (min: 26.3342 s, max: 26.3889 s)
Tue Aug 20 22:45:42, Info:  Time spent this phase (IO): 49.4161 ms (min: 40.6963 ms, max: 75.5264 ms)
Tue Aug 20 22:45:42, Info:  Performance since the start: 9.4701 TFLOP/s (rank 0: 591.1827 GFLOP/s , average over ranks: 591.8810 GFLOP/s ) 
Tue Aug 20 22:45:42, Info:  Performance since last sync point: 9.5519 TFLOP/s (rank 0: 596.4886 GFLOP/s , average over ranks: 596.9942 GFLOP/s ) 
Tue Aug 20 22:46:09, Info:  Writing faultoutput at time 16.
Tue Aug 20 22:46:09, Info:  Writing faultoutput at time 16. Done.
Tue Aug 20 22:46:09, Info:  Writing free surface at time 16.
Tue Aug 20 22:46:09, Info:  Writing free surface at time 16. Done.
Tue Aug 20 22:46:09, Info:  Writing energy output at time 16 
Tue Aug 20 22:46:09, Info:  Elastic energy (total, % kinematic, % potential):  4.8136e+16  , 21.1171  , 78.8829 
Tue Aug 20 22:46:09, Info:  Total momentum (X, Y, Z): -1.5735e+09  , 5.54726e+08  , 1.90808e+11 
Tue Aug 20 22:46:09, Info:  Frictional work (total, % static, % radiated):  4.88118e+16  , 62.7461  , 37.2539 
Tue Aug 20 22:46:09, Info:  Seismic moment (without plasticity): 3.00438e+20  Mw: 7.58184 
Tue Aug 20 22:46:09, Info:  Writing energy output at time 16 Done. 
Tue Aug 20 22:46:09, Info:  Time spent this phase (total): 26.6098 s (min: 26.6010 s, max: 26.6387 s)
Tue Aug 20 22:46:09, Info:  Time spent this phase (compute): 26.6097 s (min: 26.6009 s, max: 26.6386 s)
Tue Aug 20 22:46:09, Info:  Time spent this phase (IO): 52.0167 ms (min: 41.1175 ms, max: 75.7935 ms)
Tue Aug 20 22:46:09, Info:  Performance since the start: 9.4697 TFLOP/s (rank 0: 591.1495 GFLOP/s , average over ranks: 591.8572 GFLOP/s ) 
Tue Aug 20 22:46:09, Info:  Performance since last sync point: 9.4579 TFLOP/s (rank 0: 590.1226 GFLOP/s , average over ranks: 591.1183 GFLOP/s ) 
Tue Aug 20 22:46:36, Info:  Writing faultoutput at time 16.5.
Tue Aug 20 22:46:36, Info:  Writing faultoutput at time 16.5. Done.
Tue Aug 20 22:46:36, Info:  Writing energy output at time 16.5 
Tue Aug 20 22:46:36, Info:  Elastic energy (total, % kinematic, % potential):  5.01439e+16  , 20.4395  , 79.5605 
Tue Aug 20 22:46:36, Info:  Total momentum (X, Y, Z): -1.036e+09  , 3.96283e+08  , 1.12386e+11 
Tue Aug 20 22:46:36, Info:  Frictional work (total, % static, % radiated):  5.08383e+16  , 62.9249  , 37.0751 
Tue Aug 20 22:46:36, Info:  Seismic moment (without plasticity): 3.1699e+20  Mw: 7.59736 
Tue Aug 20 22:46:36, Info:  Writing energy output at time 16.5 Done. 
Tue Aug 20 22:46:36, Info:  Time spent this phase (total): 26.6955 s (min: 26.6580 s, max: 26.7105 s)
Tue Aug 20 22:46:36, Info:  Time spent this phase (compute): 26.6954 s (min: 26.6580 s, max: 26.7104 s)
Tue Aug 20 22:46:36, Info:  Time spent this phase (IO): 50.4586 ms (min: 40.7401 ms, max: 75.2799 ms)
Tue Aug 20 22:46:36, Info:  Performance since the start: 9.4684 TFLOP/s (rank 0: 591.0791 GFLOP/s , average over ranks: 591.7769 GFLOP/s ) 
Tue Aug 20 22:46:36, Info:  Performance since last sync point: 9.4275 TFLOP/s (rank 0: 588.8322 GFLOP/s , average over ranks: 589.2193 GFLOP/s ) 
Tue Aug 20 22:47:02, Info:  Writing faultoutput at time 17.
Tue Aug 20 22:47:02, Info:  Writing faultoutput at time 17. Done.
Tue Aug 20 22:47:02, Info:  Writing free surface at time 17.
Tue Aug 20 22:47:02, Info:  Writing free surface at time 17. Done.
Tue Aug 20 22:47:02, Info:  Writing energy output at time 17 
Tue Aug 20 22:47:02, Info:  Elastic energy (total, % kinematic, % potential):  5.20492e+16  , 19.6315  , 80.3685 
Tue Aug 20 22:47:02, Info:  Total momentum (X, Y, Z): 3.85259e+09  , -7.25008e+08  , -3.84539e+11 
Tue Aug 20 22:47:02, Info:  Frictional work (total, % static, % radiated):  5.27593e+16  , 63.0342  , 36.9658 
Tue Aug 20 22:47:02, Info:  Seismic moment (without plasticity): 3.33271e+20  Mw: 7.61187 
Tue Aug 20 22:47:02, Info:  Writing energy output at time 17 Done. 
Tue Aug 20 22:47:02, Info:  Time spent this phase (total): 26.5320 s (min: 26.5134 s, max: 26.5766 s)
Tue Aug 20 22:47:02, Info:  Time spent this phase (compute): 26.5319 s (min: 26.5134 s, max: 26.5766 s)
Tue Aug 20 22:47:02, Info:  Time spent this phase (IO): 52.6391 ms (min: 39.3887 ms, max: 78.5049 ms)
Tue Aug 20 22:47:02, Info:  Performance since the start: 9.4689 TFLOP/s (rank 0: 591.1118 GFLOP/s , average over ranks: 591.8083 GFLOP/s ) 
Tue Aug 20 22:47:02, Info:  Performance since last sync point: 9.4856 TFLOP/s (rank 0: 592.1930 GFLOP/s , average over ranks: 592.8494 GFLOP/s ) 
Tue Aug 20 22:47:29, Info:  Writing faultoutput at time 17.5.
Tue Aug 20 22:47:29, Info:  Writing faultoutput at time 17.5. Done.
Tue Aug 20 22:47:29, Info:  Writing energy output at time 17.5 
Tue Aug 20 22:47:29, Info:  Elastic energy (total, % kinematic, % potential):  5.37673e+16  , 18.4631  , 81.5369 
Tue Aug 20 22:47:29, Info:  Total momentum (X, Y, Z): 5.344e+09  , -1.8907e+09  , -1.56421e+11 
Tue Aug 20 22:47:29, Info:  Frictional work (total, % static, % radiated):  5.44997e+16  , 63.0904  , 36.9096 
Tue Aug 20 22:47:29, Info:  Seismic moment (without plasticity): 3.47397e+20  Mw: 7.62388 
Tue Aug 20 22:47:29, Info:  Writing energy output at time 17.5 Done. 
Tue Aug 20 22:47:29, Info:  Time spent this phase (total): 26.8402 s (min: 26.8014 s, max: 26.8489 s)
Tue Aug 20 22:47:29, Info:  Time spent this phase (compute): 26.8401 s (min: 26.8014 s, max: 26.8488 s)
Tue Aug 20 22:47:29, Info:  Time spent this phase (IO): 52.9235 ms (min: 40.8317 ms, max: 81.1532 ms)
Tue Aug 20 22:47:29, Info:  Performance since the start: 9.4663 TFLOP/s (rank 0: 590.9426 GFLOP/s , average over ranks: 591.6421 GFLOP/s ) 
Tue Aug 20 22:47:29, Info:  Performance since last sync point: 9.3767 TFLOP/s (rank 0: 585.2479 GFLOP/s , average over ranks: 586.0437 GFLOP/s ) 
Tue Aug 20 22:47:56, Info:  Writing faultoutput at time 18.
Tue Aug 20 22:47:56, Info:  Writing faultoutput at time 18. Done.
Tue Aug 20 22:47:56, Info:  Writing free surface at time 18.
Tue Aug 20 22:47:56, Info:  Writing free surface at time 18. Done.
Tue Aug 20 22:47:56, Info:  Writing energy output at time 18 
Tue Aug 20 22:47:56, Info:  Elastic energy (total, % kinematic, % potential):  5.52741e+16  , 17.416  , 82.584 
Tue Aug 20 22:47:56, Info:  Total momentum (X, Y, Z): -4.04626e+09  , 2.11477e+09  , 2.74885e+12 
Tue Aug 20 22:47:56, Info:  Frictional work (total, % static, % radiated):  5.60392e+16  , 63.2674  , 36.7326 
Tue Aug 20 22:47:56, Info:  Seismic moment (without plasticity): 3.59922e+20  Mw: 7.63414 
Tue Aug 20 22:47:56, Info:  Writing energy output at time 18 Done. 
Tue Aug 20 22:47:56, Info:  Time spent this phase (total): 26.5248 s (min: 26.4996 s, max: 26.5619 s)
Tue Aug 20 22:47:56, Info:  Time spent this phase (compute): 26.5247 s (min: 26.4996 s, max: 26.5618 s)
Tue Aug 20 22:47:56, Info:  Time spent this phase (IO): 50.8112 ms (min: 40.9103 ms, max: 68.0370 ms)
Tue Aug 20 22:47:56, Info:  Performance since the start: 9.4669 TFLOP/s (rank 0: 590.9761 GFLOP/s , average over ranks: 591.6800 GFLOP/s ) 
Tue Aug 20 22:47:56, Info:  Performance since last sync point: 9.4882 TFLOP/s (rank 0: 592.1500 GFLOP/s , average over ranks: 593.0116 GFLOP/s ) 
Tue Aug 20 22:48:22, Info:  Writing faultoutput at time 18.5.
Tue Aug 20 22:48:22, Info:  Writing faultoutput at time 18.5. Done.
Tue Aug 20 22:48:22, Info:  Writing energy output at time 18.5 
Tue Aug 20 22:48:22, Info:  Elastic energy (total, % kinematic, % potential):  5.66348e+16  , 16.4508  , 83.5492 
Tue Aug 20 22:48:22, Info:  Total momentum (X, Y, Z): -1.18189e+10  , 6.83393e+09  , 9.33221e+12 
Tue Aug 20 22:48:22, Info:  Frictional work (total, % static, % radiated):  5.74219e+16  , 63.4913  , 36.5087 
Tue Aug 20 22:48:22, Info:  Seismic moment (without plasticity): 3.71269e+20  Mw: 7.64313 
Tue Aug 20 22:48:22, Info:  Writing energy output at time 18.5 Done. 
Tue Aug 20 22:48:22, Info:  Time spent this phase (total): 26.6243 s (min: 26.6054 s, max: 26.6360 s)
Tue Aug 20 22:48:22, Info:  Time spent this phase (compute): 26.6242 s (min: 26.6051 s, max: 26.6359 s)
Tue Aug 20 22:48:22, Info:  Time spent this phase (IO): 48.2318 ms (min: 40.7524 ms, max: 57.9145 ms)
Tue Aug 20 22:48:22, Info:  Performance since the start: 9.4665 TFLOP/s (rank 0: 590.9642 GFLOP/s , average over ranks: 591.6561 GFLOP/s ) 
Tue Aug 20 22:48:22, Info:  Performance since last sync point: 9.4527 TFLOP/s (rank 0: 590.5379 GFLOP/s , average over ranks: 590.7949 GFLOP/s ) 
Tue Aug 20 22:48:49, Info:  Writing faultoutput at time 19.
Tue Aug 20 22:48:49, Info:  Writing faultoutput at time 19. Done.
Tue Aug 20 22:48:49, Info:  Writing free surface at time 19.
Tue Aug 20 22:48:49, Info:  Writing free surface at time 19. Done.
Tue Aug 20 22:48:49, Info:  Writing energy output at time 19 
Tue Aug 20 22:48:49, Info:  Elastic energy (total, % kinematic, % potential):  5.78698e+16  , 15.5668  , 84.4332 
Tue Aug 20 22:48:49, Info:  Total momentum (X, Y, Z): -4.46194e+09  , -6.02223e+09  , 1.83108e+13 
Tue Aug 20 22:48:49, Info:  Frictional work (total, % static, % radiated):  5.86702e+16  , 63.7858  , 36.2142 
Tue Aug 20 22:48:49, Info:  Seismic moment (without plasticity): 3.817e+20  Mw: 7.65115 
Tue Aug 20 22:48:49, Info:  Writing energy output at time 19 Done. 
Tue Aug 20 22:48:49, Info:  Time spent this phase (total): 26.5030 s (min: 26.4723 s, max: 26.5310 s)
Tue Aug 20 22:48:49, Info:  Time spent this phase (compute): 26.5029 s (min: 26.4722 s, max: 26.5309 s)
Tue Aug 20 22:48:49, Info:  Time spent this phase (IO): 52.3290 ms (min: 40.8547 ms, max: 70.6111 ms)
Tue Aug 20 22:48:49, Info:  Performance since the start: 9.4673 TFLOP/s (rank 0: 590.9965 GFLOP/s , average over ranks: 591.7044 GFLOP/s ) 
Tue Aug 20 22:48:49, Info:  Performance since last sync point: 9.4960 TFLOP/s (rank 0: 592.1945 GFLOP/s , average over ranks: 593.5008 GFLOP/s ) 
Tue Aug 20 22:49:15, Info:  Writing faultoutput at time 19.5.
Tue Aug 20 22:49:15, Info:  Writing faultoutput at time 19.5. Done.
Tue Aug 20 22:49:15, Info:  Writing energy output at time 19.5 
Tue Aug 20 22:49:15, Info:  Elastic energy (total, % kinematic, % potential):  5.89835e+16  , 14.7345  , 85.2655 
Tue Aug 20 22:49:15, Info:  Total momentum (X, Y, Z): 1.30463e+10  , -1.76122e+10  , 2.68467e+13 
Tue Aug 20 22:49:15, Info:  Frictional work (total, % static, % radiated):  5.97963e+16  , 64.1196  , 35.8804 
Tue Aug 20 22:49:15, Info:  Seismic moment (without plasticity): 3.91437e+20  Mw: 7.65844 
Tue Aug 20 22:49:15, Info:  Writing energy output at time 19.5 Done. 
Tue Aug 20 22:49:15, Info:  Time spent this phase (total): 26.3593 s (min: 26.3086 s, max: 26.3940 s)
Tue Aug 20 22:49:15, Info:  Time spent this phase (compute): 26.3592 s (min: 26.3086 s, max: 26.3940 s)
Tue Aug 20 22:49:15, Info:  Time spent this phase (IO): 54.8262 ms (min: 40.7622 ms, max: 96.6679 ms)
Tue Aug 20 22:49:15, Info:  Performance since the start: 9.4693 TFLOP/s (rank 0: 591.1339 GFLOP/s , average over ranks: 591.8324 GFLOP/s ) 
Tue Aug 20 22:49:15, Info:  Performance since last sync point: 9.5478 TFLOP/s (rank 0: 596.4007 GFLOP/s , average over ranks: 596.7348 GFLOP/s ) 
Tue Aug 20 22:49:42, Info:  Writing faultoutput at time 20.
Tue Aug 20 22:49:42, Info:  Writing faultoutput at time 20. Done.
Tue Aug 20 22:49:42, Info:  Writing free surface at time 20.
Tue Aug 20 22:49:42, Info:  Writing free surface at time 20. Done.
Tue Aug 20 22:49:42, Info:  Wrote receivers in 3.04e-07 seconds. 
Tue Aug 20 22:49:42, Info:  Writing energy output at time 20 
Tue Aug 20 22:49:42, Info:  Elastic energy (total, % kinematic, % potential):  5.99824e+16  , 13.9187  , 86.0813 
Tue Aug 20 22:49:42, Info:  Total momentum (X, Y, Z): 1.15053e+10  , 1.76215e+09  , 3.40058e+13 
Tue Aug 20 22:49:42, Info:  Frictional work (total, % static, % radiated):  6.0808e+16  , 64.4666  , 35.5334 
Tue Aug 20 22:49:42, Info:  Seismic moment (without plasticity): 4.00546e+20  Mw: 7.6651 
Tue Aug 20 22:49:42, Info:  Writing energy output at time 20 Done. 
Tue Aug 20 22:49:42, Info:  Time spent this phase (total): 26.5321 s (min: 26.5094 s, max: 26.5796 s)
Tue Aug 20 22:49:42, Info:  Time spent this phase (compute): 26.5320 s (min: 26.5094 s, max: 26.5795 s)
Tue Aug 20 22:49:42, Info:  Time spent this phase (IO): 55.0530 ms (min: 40.9992 ms, max: 80.0703 ms)
Tue Aug 20 22:49:42, Info:  Performance since the start: 9.4697 TFLOP/s (rank 0: 591.1530 GFLOP/s , average over ranks: 591.8577 GFLOP/s ) 
Tue Aug 20 22:49:42, Info:  Performance since last sync point: 9.4856 TFLOP/s (rank 0: 591.9020 GFLOP/s , average over ranks: 592.8501 GFLOP/s ) 
Tue Aug 20 22:49:42, Info:  Ignoring duplicate synchronisation point at time 20 ; the last sync point was at  20 
Tue Aug 20 22:49:42, Info:  Ignoring duplicate synchronisation point at time 20 ; the last sync point was at  20 
Tue Aug 20 22:49:42, Info:  Ignoring duplicate synchronisation point at time 20 ; the last sync point was at  20 
Tue Aug 20 22:49:42, Info:  Ignoring duplicate synchronisation point at time 20 ; the last sync point was at  20 
Tue Aug 20 22:49:42, Info:  Simulation time (total): 17 min 43.0600 s (min: 17 min 43.0081 s, max: 17 min 43.1105 s)
Tue Aug 20 22:49:42, Info:  Simulation time (compute): 17 min 40.9200 s (min: 17 min 40.1394 s, max: 17 min 41.3756 s)
Tue Aug 20 22:49:42, Info:  Simulation time (IO): 2.1340 s (min: 1.6702 s, max: 2.9460 s)
Tue Aug 20 22:49:42, Info:  Time spent in compute kernels: mean = 1009.7  std = 19.8151  min = 960.555  median = 1007.94  max = 1042.88 
Tue Aug 20 22:49:42, Info:  Load imbalance: 3.18151 % 
Tue Aug 20 22:49:42, Info:  Regression analysis of compute kernels: 
Tue Aug 20 22:49:42, Info:  "computeLocalIntegration" (total time): 4915.96 s ( = 1 h 21 min 55.9590 s ) 
Tue Aug 20 22:49:42, Info:  "computeLocalIntegration" ( constant ): 2.47899e-05 (sample size: 4.86284e+06 , standard error: 4.76248e-12 ) 
Tue Aug 20 22:49:42, Info:  "computeLocalIntegration" ( per element ): 8.27562e-08 (sample size: 4.86284e+06 , standard error: 4.76248e-12 ) 
Tue Aug 20 22:49:42, Info:  "computeNeighboringIntegration" (total time): 5973.28 s ( = 1 h 39 min 33.2830 s ) 
Tue Aug 20 22:49:42, Info:  "computeNeighboringIntegration" ( constant ): 0.000149689 (sample size: 4.86284e+06 , standard error: 7.71482e-12 ) 
Tue Aug 20 22:49:42, Info:  "computeNeighboringIntegration" ( per element ): 9.05213e-08 (sample size: 4.86284e+06 , standard error: 7.71482e-12 ) 
Tue Aug 20 22:49:42, Info:  "computeDynamicRupture" (total time): 5265.96 s ( = 1 h 27 min 45.9585 s ) 
Tue Aug 20 22:49:42, Info:  "computeDynamicRupture" ( constant ): 8.1048e-05 (sample size: 3.85588e+06 , standard error: 4.44211e-11 ) 
Tue Aug 20 22:49:42, Info:  "computeDynamicRupture" ( per element ): 4.48435e-07 (sample size: 3.85588e+06 , standard error: 4.44211e-11 ) 
Tue Aug 20 22:49:42, Info:  "computePointSources" (total time): 0 s ( = 0.0000 s ) 
Tue Aug 20 22:49:42, Info:  "computePointSources" ( constant ): -nan (sample size: 0 , standard error: -nan ) 
Tue Aug 20 22:49:42, Info:  "computePointSources" ( per element ): -nan (sample size: 0 , standard error: -nan ) 
Tue Aug 20 22:49:42, Info:  Total time spent in compute kernels: 16155.2 s ( = 4 h 29 min 15.2006 s ) 
Tue Aug 20 22:49:42, Info:  Total calculated HW-FLOP:  10.0669 PFLOP 
Tue Aug 20 22:49:42, Info:  Total calculated NZ-FLOP:  4.0242 PFLOP 
Tue Aug 20 22:49:42, Info:  Total calculated HW-FLOP/s:  9.4693 TFLOP/s 
Tue Aug 20 22:49:42, Info:  Total calculated NZ-FLOP/s:  3.7853 TFLOP/s 
Tue Aug 20 22:49:42, Info:  WP calculated HW-FLOP:  8.3412 PFLOP 
Tue Aug 20 22:49:42, Info:  WP calculated NZ-FLOP:  2.7410 PFLOP 
Tue Aug 20 22:49:42, Info:  DR calculated HW-FLOP:  1.7257 PFLOP 
Tue Aug 20 22:49:42, Info:  DR calculated NZ-FLOP:  1.2831 PFLOP 
Tue Aug 20 22:49:42, Info:  PL calculated HW-FLOP:  0.0000 FLOP 
Tue Aug 20 22:49:42, Info:  PL calculated NZ-FLOP:  0.0000 FLOP 
Tue Aug 20 22:49:42, Info:  Time spent in simulation: 17 min 43.1111 s (min: 17 min 43.1108 s, max: 17 min 43.1119 s)
Tue Aug 20 22:49:42, Info:  Simulation done. 
Tue Aug 20 22:49:42, Info:  Closing IO. 
Tue Aug 20 22:49:42, Info:  Time free surface writer backend: 717.7759 ms (min: 485.3080 s, max: 6.3607 s)
Tue Aug 20 22:49:43, Info:  Time fault writer backend: 4.1196 s (min: 1.9949 s, max: 24.2747 s)
Tue Aug 20 22:49:43, Info:  Time fault writer frontend: 45.8810 ms (min: 38.8639 ms, max: 50.9509 ms)
Tue Aug 20 22:49:43, Info:  Time free surface writer frontend: 10.2894 ms (min: 401.9150 s, max: 45.6637 ms)
Tue Aug 20 22:49:43, Info:  SeisSol done. Goodbye. 
SeisSol complete.
/hppfs/scratch/01/di35poq/haiti-rupture-outputs/dynamic-rupture-outputs/regional-only/jobid_3773842 ~/haiti-rupture-inputs/dynamic-rupture/regional-only
Writing hdf5 output with compression enabled (compression_level=4). 
Use --compression=0 if you want to speed-up data extraction.
ASl: 0it [00:00, ?it/s]ASl: 4it [00:00, 20.40it/s]ASl: 8it [00:00, 24.10it/s]ASl: 16it [00:00, 35.30it/s]ASl: 20it [00:00, 32.12it/s]ASl: 24it [00:00, 30.47it/s]ASl: 28it [00:00, 29.94it/s]ASl: 32it [00:01, 32.17it/s]ASl: 36it [00:01, 33.46it/s]ASl: 40it [00:01, 35.11it/s]ASl: 40it [00:01, 31.93it/s]
Sls: 0it [00:00, ?it/s]Sls: 1it [00:00,  6.44it/s]Sls: 4it [00:00, 11.95it/s]Sls: 8it [00:00, 17.77it/s]Sls: 12it [00:00, 20.69it/s]Sls: 16it [00:00, 21.92it/s]Sls: 20it [00:00, 24.57it/s]Sls: 24it [00:01, 22.58it/s]Sls: 28it [00:01, 23.82it/s]Sls: 31it [00:01, 22.51it/s]Sls: 34it [00:01, 22.95it/s]Sls: 37it [00:01, 23.31it/s]Sls: 40it [00:01, 24.10it/s]Sls: 40it [00:01, 21.85it/s]
Sld: 0it [00:00, ?it/s]Sld: 2it [00:00, 18.36it/s]Sld: 4it [00:00, 16.31it/s]Sld: 8it [00:00, 19.78it/s]Sld: 12it [00:00, 20.30it/s]Sld: 16it [00:00, 22.14it/s]Sld: 20it [00:00, 24.95it/s]Sld: 24it [00:01, 22.40it/s]Sld: 28it [00:01, 22.17it/s]Sld: 32it [00:01, 23.54it/s]Sld: 35it [00:01, 24.74it/s]Sld: 38it [00:01, 24.77it/s]Sld: 40it [00:01, 23.10it/s]
Ts0: 0it [00:00, ?it/s]Ts0: 1it [00:00,  4.92it/s]Ts0: 3it [00:00,  9.02it/s]Ts0: 5it [00:00, 10.29it/s]Ts0: 7it [00:00, 11.20it/s]Ts0: 9it [00:00,  9.68it/s]Ts0: 11it [00:01, 10.55it/s]Ts0: 13it [00:01, 10.91it/s]Ts0: 15it [00:01, 11.36it/s]Ts0: 17it [00:01, 10.46it/s]Ts0: 19it [00:01, 10.92it/s]Ts0: 21it [00:01, 10.99it/s]Ts0: 23it [00:02, 11.25it/s]Ts0: 25it [00:02,  9.87it/s]Ts0: 27it [00:02, 10.38it/s]Ts0: 29it [00:02, 10.55it/s]Ts0: 31it [00:02, 10.89it/s]Ts0: 33it [00:03, 10.93it/s]Ts0: 35it [00:03, 11.17it/s]Ts0: 37it [00:03, 11.04it/s]Ts0: 39it [00:03, 11.23it/s]Ts0: 40it [00:03, 10.69it/s]
Td0: 0it [00:00, ?it/s]Td0: 1it [00:00,  5.37it/s]Td0: 3it [00:00,  9.71it/s]Td0: 5it [00:00,  9.80it/s]Td0: 7it [00:00, 11.06it/s]Td0: 9it [00:00, 10.10it/s]Td0: 11it [00:01, 11.03it/s]Td0: 13it [00:01, 10.65it/s]Td0: 15it [00:01, 11.36it/s]Td0: 17it [00:01, 10.79it/s]Td0: 19it [00:01, 11.43it/s]Td0: 21it [00:02, 10.25it/s]Td0: 23it [00:02, 10.96it/s]Td0: 25it [00:02, 11.27it/s]Td0: 27it [00:02, 11.72it/s]Td0: 29it [00:02, 10.62it/s]Td0: 31it [00:02, 11.20it/s]Td0: 33it [00:03, 11.37it/s]Td0: 35it [00:03, 11.72it/s]Td0: 37it [00:03, 11.74it/s]Td0: 39it [00:03, 12.02it/s]Td0: 40it [00:03, 11.06it/s]
Pn0: 0it [00:00, ?it/s]Pn0: 1it [00:00,  4.65it/s]Pn0: 3it [00:00,  8.56it/s]Pn0: 4it [00:00,  7.11it/s]Pn0: 6it [00:00,  8.96it/s]Pn0: 8it [00:00,  8.27it/s]Pn0: 10it [00:01,  9.37it/s]Pn0: 12it [00:01,  9.88it/s]Pn0: 14it [00:01, 10.48it/s]Pn0: 16it [00:01,  9.90it/s]Pn0: 18it [00:01, 10.40it/s]Pn0: 20it [00:02,  9.50it/s]Pn0: 22it [00:02, 10.01it/s]Pn0: 24it [00:02,  9.61it/s]Pn0: 26it [00:02, 10.06it/s]Pn0: 28it [00:02, 10.13it/s]Pn0: 30it [00:03, 10.42it/s]Pn0: 32it [00:03,  9.78it/s]Pn0: 34it [00:03, 10.14it/s]Pn0: 36it [00:03, 10.23it/s]Pn0: 38it [00:03, 10.48it/s]Pn0: 40it [00:04, 10.52it/s]Pn0: 40it [00:04,  9.78it/s]
T_s: 0it [00:00, ?it/s]T_s: 1it [00:00,  6.21it/s]T_s: 3it [00:00, 11.35it/s]T_s: 5it [00:00, 11.27it/s]T_s: 7it [00:00, 12.70it/s]T_s: 9it [00:00, 11.11it/s]T_s: 11it [00:00, 12.11it/s]T_s: 13it [00:01, 11.24it/s]T_s: 15it [00:01, 12.01it/s]T_s: 17it [00:01, 10.36it/s]T_s: 19it [00:01, 11.16it/s]T_s: 21it [00:01, 11.51it/s]T_s: 23it [00:02, 11.97it/s]T_s: 25it [00:02, 10.98it/s]T_s: 27it [00:02, 11.47it/s]T_s: 29it [00:02, 10.27it/s]T_s: 31it [00:02, 10.87it/s]T_s: 33it [00:02, 11.04it/s]T_s: 35it [00:03, 11.42it/s]T_s: 37it [00:03, 11.43it/s]T_s: 39it [00:03, 11.65it/s]T_s: 40it [00:03, 11.27it/s]
T_d: 0it [00:00, ?it/s]T_d: 1it [00:00,  8.84it/s]T_d: 3it [00:00, 13.18it/s]T_d: 5it [00:00, 10.15it/s]T_d: 7it [00:00, 11.81it/s]T_d: 9it [00:00, 11.27it/s]T_d: 11it [00:00, 12.25it/s]T_d: 13it [00:01, 10.50it/s]T_d: 15it [00:01, 11.44it/s]T_d: 17it [00:01, 10.96it/s]T_d: 19it [00:01, 11.68it/s]T_d: 21it [00:01, 10.65it/s]T_d: 23it [00:02, 11.33it/s]T_d: 25it [00:02, 10.79it/s]T_d: 27it [00:02, 11.39it/s]T_d: 29it [00:02, 11.59it/s]T_d: 31it [00:02, 11.95it/s]T_d: 33it [00:02, 11.91it/s]T_d: 35it [00:03, 12.12it/s]T_d: 37it [00:03, 12.01it/s]T_d: 39it [00:03, 12.19it/s]T_d: 40it [00:03, 11.53it/s]
P_n: 0it [00:00, ?it/s]P_n: 1it [00:00,  5.94it/s]P_n: 3it [00:00, 11.08it/s]P_n: 5it [00:00, 11.05it/s]P_n: 7it [00:00, 12.50it/s]P_n: 9it [00:00, 10.92it/s]P_n: 11it [00:00, 11.95it/s]P_n: 13it [00:01, 11.25it/s]P_n: 15it [00:01, 11.98it/s]P_n: 17it [00:01, 11.18it/s]P_n: 19it [00:01, 11.78it/s]P_n: 21it [00:01, 10.52it/s]P_n: 23it [00:02, 11.20it/s]P_n: 25it [00:02, 10.65it/s]P_n: 27it [00:02, 11.26it/s]P_n: 29it [00:02, 11.45it/s]P_n: 31it [00:02, 11.80it/s]P_n: 33it [00:02, 11.80it/s]P_n: 35it [00:03, 12.06it/s]P_n: 37it [00:03, 11.96it/s]P_n: 39it [00:03, 12.15it/s]P_n: 40it [00:03, 11.48it/s]
Mud: 0it [00:00, ?it/s]Mud: 4it [00:00, 20.51it/s]Mud: 8it [00:00, 25.56it/s]Mud: 12it [00:00, 26.99it/s]Mud: 16it [00:00, 26.33it/s]Mud: 24it [00:00, 38.39it/s]Mud: 31it [00:00, 46.57it/s]Mud: 37it [00:00, 49.33it/s]Mud: 40it [00:01, 39.93it/s]
Vr: 0it [00:00, ?it/s]Vr: 1it [00:00,  9.11it/s]Vr: 4it [00:00, 19.62it/s]Vr: 8it [00:00, 23.97it/s]Vr: 12it [00:00, 25.66it/s]Vr: 16it [00:00, 27.80it/s]Vr: 22it [00:00, 36.07it/s]Vr: 26it [00:00, 29.89it/s]Vr: 30it [00:01, 29.24it/s]Vr: 34it [00:01, 28.57it/s]Vr: 38it [00:01, 30.69it/s]Vr: 40it [00:01, 28.86it/s]
done writing output_jobid_3773842_extracted-fault.h5
done writing output_jobid_3773842_extracted-fault.xdmf
full path: /hppfs/scratch/01/di35poq/haiti-rupture-outputs/dynamic-rupture-outputs/regional-only/jobid_3773842/output_jobid_3773842_extracted-fault.xdmf
Writing hdf5 output with compression enabled (compression_level=4). 
Use --compression=0 if you want to speed-up data extraction.
u1: 0it [00:00, ?it/s]u1: 1it [00:00,  7.80it/s]u1: 4it [00:00, 17.43it/s]u1: 9it [00:00, 29.92it/s]u1: 13it [00:00, 31.99it/s]u1: 18it [00:00, 36.81it/s]u1: 20it [00:00, 33.10it/s]
u2: 0it [00:00, ?it/s]u2: 4it [00:00, 23.30it/s]u2: 8it [00:00, 30.62it/s]u2: 14it [00:00, 40.82it/s]u2: 19it [00:00, 39.81it/s]u2: 20it [00:00, 37.56it/s]
u3: 0it [00:00, ?it/s]u3: 1it [00:00,  8.03it/s]u3: 4it [00:00, 19.03it/s]u3: 8it [00:00, 26.47it/s]u3: 12it [00:00, 30.58it/s]u3: 20it [00:00, 36.94it/s]
done writing output_jobid_3773842_extracted-surface.h5
done writing output_jobid_3773842_extracted-surface.xdmf
full path: /hppfs/scratch/01/di35poq/haiti-rupture-outputs/dynamic-rupture-outputs/regional-only/jobid_3773842/output_jobid_3773842_extracted-surface.xdmf
Working on JobID: 3773842
/hppfs/scratch/01/di35poq/haiti-rupture-outputs/dynamic-rupture-outputs/regional-only/jobid_3773842/output_jobid_3773842_extracted-fault.xdmf
mu_s: 0.6
mu_d: 0.48
done writing /hppfs/scratch/01/di35poq/haiti-rupture-outputs/dynamic-rupture-outputs/regional-only/jobid_3773842/jobid_3773842_R-fault.xdmf
full path: /hppfs/scratch/01/di35poq/haiti-rupture-outputs/dynamic-rupture-outputs/regional-only/jobid_3773842/jobid_3773842_R-fault.xdmf
done writing /hppfs/scratch/01/di35poq/haiti-rupture-outputs/dynamic-rupture-outputs/regional-only/jobid_3773842/jobid_3773842_R-fault.h5
warning: Mw computed over 0-85s (avoiding contribution of small residual moment after rupture)
jobid_3773842 moment magnitude: 7.665101599379597 (M0 = 4.0055e+20)
Finished writing /hppfs/scratch/01/di35poq/haiti-rupture-outputs/dynamic-rupture-outputs/regional-only/jobid_3773842/moment_rate_mainshock.png
Job ID set as: 3773842
mu_s: 0.6
mu_d: 0.48
~/haiti-rupture-inputs/dynamic-rupture/regional-only
