Tue 20 Aug 2024 11:38:41 PM UTC
num_nodes: 16 ntasks: 16 cpus_per_task:
Line 63 replaced with: OutputFile='/hppfs/scratch/01/di35poq/haiti-rupture-outputs/dynamic-rupture-outputs/regional-only/jobid_3775959'
Job log complete.
Starting SeisSol...
Wed Aug 21 01:38:43, Info:  Using the parameter file parameters.par 
Wed Aug 21 01:38:43, Info:  Reading SeisSol parameter file... 
Wed Aug 21 01:38:43, Info:  In your parameter file, you have specified a non-positive interval for "checkpointinterval" . This mechanism is deprecated and may be removed in a future version of SeisSol. Consider disabling the whole module by setting "checkpoint" to 0 instead by adding "checkpoint = 0" to the "output" section of your parameter file instead. 
Wed Aug 21 01:38:43, Info:  The field "printintervalcriterion" is no longer in use. You may safely remove it from your parameters file. 
Wed Aug 21 01:38:43, Info:  Disabling the wavefield output by setting "outputformat = 10" is deprecated and may be removed in a future version of SeisSol. Consider using the parameter "wavefieldoutput" instead. To disable wavefield output, add "wavefieldoutput = 0" to the "output" section of your parameters file. 
Wed Aug 21 01:38:43, Info:  The field "printintervalcriterion" is no longer in use. You may safely remove it from your parameters file. 
Wed Aug 21 01:38:43, Info:  The field "pickdttype" is no longer in use. You may safely remove it from your parameters file. 
Wed Aug 21 01:38:43, Info:  The field "faultoutputflag" is no longer in use. You may safely remove it from your parameters file. 
Wed Aug 21 01:38:43, Info:  The field "boundaries" is no longer in use. You may safely remove it from your parameters file. 
Wed Aug 21 01:38:43, Info:  SeisSol parameter file read successfully. 
Wed Aug 21 01:38:43, Info:  Model information: 
Wed Aug 21 01:38:43, Info:  Elastic model: yes 
Wed Aug 21 01:38:43, Info:  Viscoelastic model: no 
Wed Aug 21 01:38:43, Info:  Anelastic model: no 
Wed Aug 21 01:38:43, Info:  Poroelastic model: no 
Wed Aug 21 01:38:43, Info:  Anisotropic model: no 
Wed Aug 21 01:38:43, Info:  Plasticity: no 
Wed Aug 21 01:38:43, Info:  Welcome to SeisSol 
Wed Aug 21 01:38:43, Info:  Copyright (c) 2012 - 2024  SeisSol Group 
Wed Aug 21 01:38:43, Info:  Version: v1.1.4-148-g60aedc8c (dirty) 
Wed Aug 21 01:38:43, Info:  Built on: Jun 17 2024 21:03:35 
Wed Aug 21 01:38:43, Info:  Last commit: 60aedc8c2ae0a5d9e5a46cc3a40e4eaf1c047225 at 2024-06-06T12:54:08+00:00 
Wed Aug 21 01:38:43, Info:  Compiled with HOST_ARCH = skx 
Wed Aug 21 01:38:43, Info:  Running on (rank=0): "i01r01c03s01" 
Wed Aug 21 01:38:43, Info:  Using MPI with #ranks: 16 
Wed Aug 21 01:38:43, Info:  Node-wide (shared memory) MPI with #ranks/node: 1 
Wed Aug 21 01:38:43, Info:  Using asynchronous MPI routines. 
Wed Aug 21 01:38:43, Info:  Using OMP with #threads/rank: 94 
Wed Aug 21 01:38:43, Info:  OpenMP worker affinity (this process): "0123456789|0123456789|0123456789|0123456789|0123456-89|0123456789|0123456789|0123456789|0123456789|01234-" 
Wed Aug 21 01:38:43, Info:  OpenMP worker affinity (this node)   : "0123456789|0123456789|0123456789|0123456789|0123456-89|0123456789|0123456789|0123456789|0123456789|01234-" 
Wed Aug 21 01:38:43, Info:  Using a communication thread for advancing MPI communication. 
Wed Aug 21 01:38:43, Info:  Communication thread affinity        : "----------|----------|----------|----------|-------7--|----------|----------|----------|----------|-----5" 
Wed Aug 21 01:38:43, Info:  The stack size ulimit is 2097152 [kiB] ( = 2.0000 GiB ). 
Wed Aug 21 01:38:43, Info:  Begin init mesh. 
Wed Aug 21 01:38:43, Info:  Mesh file: "/dss/dsshome1/01/di35poq/mesh/mesh_v07/Haiti_v07_lowres" 
Wed Aug 21 01:38:43, Info:  Running mini SeisSol to determine node weights. 
Wed Aug 21 01:38:43, Info:  miniSeisSol configured with 50000 elements and 10 repeats per process 
Wed Aug 21 01:38:43, Info:  Node weights: mean = 41.4914  std = 0.414273  min = 40.503  median = 41.6095  max = 42.1146 
Wed Aug 21 01:38:43, Info:  Reading PUML mesh 
Wed Aug 21 01:38:43, Info:  Inferring boundary format. 
Wed Aug 21 01:38:43, Info:  Boundary format not given in PUML file; inferring from array shape. 
Wed Aug 21 01:38:43, Info:  Using boundary format: i32 (4xi8) 
Wed Aug 21 01:38:43, Info:  Found 2685422 cells 
Wed Aug 21 01:38:43, Info:  Found 477078 vertices 
Wed Aug 21 01:38:45, Info:  Computing LTS weights. 
Wed Aug 21 01:38:48, Info:  Limiting number of clusters to 2147483646 
Wed Aug 21 01:38:48, Info:  Computing LTS weights. Done.  (108216 reductions.)
Wed Aug 21 01:38:48, Info:  Using the Parmetis partition library and strategy. 
Wed Aug 21 01:38:51, Info:  PUML mesh read in: 7.9183 s (min: 7.8462 s, max: 8.0779 s)
Wed Aug 21 01:38:51, Info:  The mesh has been read. Starting post processing. 
Wed Aug 21 01:38:51, Info:  Extracting fault information. 
Wed Aug 21 01:38:51, Info:  Exchanging ghostlayer metadata. 
Wed Aug 21 01:38:53, Info:  Mesh initialized in: 10.0012 s (min: 10.0008 s, max: 10.0018 s)
Wed Aug 21 01:38:53, Info:  End init mesh. 
Wed Aug 21 01:38:53, Info:  Begin init model. 
Wed Aug 21 01:38:53, Info:  Initialize LTS. 
Wed Aug 21 01:38:53, Info:  Deriving clusters ids for min. time step width / multiRate: 0.000213316 / 2 
Wed Aug 21 01:38:53, Info:  Due to wiggle factor of 1 the minimum timestep size is reduced to 0.000213316 
Wed Aug 21 01:38:53, Info:  Number of elements in time clusters: 
Wed Aug 21 01:38:53, Info:  0: 2088 
Wed Aug 21 01:38:53, Info:  1: 265401 
Wed Aug 21 01:38:53, Info:  2: 1618976 
Wed Aug 21 01:38:53, Info:  3: 538212 
Wed Aug 21 01:38:53, Info:  4: 147352 
Wed Aug 21 01:38:53, Info:  5: 35652 
Wed Aug 21 01:38:53, Info:  6: 11329 
Wed Aug 21 01:38:53, Info:  7: 18592 
Wed Aug 21 01:38:53, Info:  8: 47781 
Wed Aug 21 01:38:53, Info:  9: 39 
Wed Aug 21 01:38:53, Info:  maximum theoretical speedup (compared to GTS): 6.4313 per cell LTS, 4.34786 with the used clustering. 
Wed Aug 21 01:38:53, Info:  Number of elements in dynamic rupture time clusters: 
Wed Aug 21 01:38:53, Info:  0 (dr): 618 
Wed Aug 21 01:38:53, Info:  1 (dr): 78813 
Wed Aug 21 01:38:53, Info:  2 (dr): 309936 
Wed Aug 21 01:38:53, Info:  3 (dr): 2510 
Wed Aug 21 01:38:53, Info:  4 (dr): 0 
Wed Aug 21 01:38:53, Info:  5 (dr): 0 
Wed Aug 21 01:38:53, Info:  6 (dr): 0 
Wed Aug 21 01:38:53, Info:  7 (dr): 0 
Wed Aug 21 01:38:53, Info:  8 (dr): 0 
Wed Aug 21 01:38:53, Info:  9 (dr): 0 
Wed Aug 21 01:38:53, Info:  Initialize Friction Model 
Wed Aug 21 01:38:56, Info:  Initialize cell material parameters. 
Wed Aug 21 01:38:57, Info:  Initialize Memory layout. 
Wed Aug 21 01:38:58, Info:  Initialize cell-local matrices. 
Wed Aug 21 01:38:58, Info:  Initializing Fault, using a quadrature rule with  25  points. 
Wed Aug 21 01:42:41, Info:  Model initialized in: 3 min 48.4003 s (min: 3 min 48.3980 s, max: 3 min 48.4037 s)
Wed Aug 21 01:42:41, Info:  End init model. 
Wed Aug 21 01:42:41, Info:  Setting initial conditions. 
Wed Aug 21 01:42:41, Info:  Using initial condition "Zero" . 
Wed Aug 21 01:42:41, Info:  Reading source. 
Wed Aug 21 01:42:41, Info:  No source term specified. 
Wed Aug 21 01:42:41, Info:  Setting up boundary conditions. 
Wed Aug 21 01:42:41, Info:  Begin init output. 
Wed Aug 21 01:42:41, Info:  Initializing free surface integrator. 
Wed Aug 21 01:42:41, Info:  Initializing free surface integrator. Done. 
Wed Aug 21 01:42:41, Info:  Enabling 2D fault output 
Wed Aug 21 01:42:41, Info:  Initializing Fault output. Number of sub-triangles: 4 
Wed Aug 21 01:42:41, Info:  Initializing XDMF fault output. 
Wed Aug 21 01:42:41, Info:  Fault writer thread affinity: "----------|----------|----------|----------|-------7--|----------|----------|----------|----------|-----5" 
Wed Aug 21 01:42:42, Info:  Initializing XDMF fault output. Done. 
Wed Aug 21 01:42:42, Info:  Initializing free surface output. 
Wed Aug 21 01:42:42, Info:  Free surface writer thread affinity: "----------|----------|----------|----------|-------7--|----------|----------|----------|----------|-----5" 
Wed Aug 21 01:42:42, Info:  No record points read. 
Wed Aug 21 01:42:42, Info:  Finding meshIds for receivers... 
Wed Aug 21 01:42:42, Info:  Cleaning possible double occurring receivers for MPI... 
Wed Aug 21 01:42:42, Info:  Mapping receivers to LTS cells... 
Wed Aug 21 01:42:42, Info:  Initializing energy output. 
Wed Aug 21 01:42:42, Info:  End init output. 
Wed Aug 21 01:42:42, Info:  Initializing free surface output. Done. 
Wed Aug 21 01:42:42, Info:  Finishing initialization... 
Wed Aug 21 01:42:42, Info:  Starting simulation. 
Wed Aug 21 01:42:42, Info:  Writing faultoutput at time 0.
Wed Aug 21 01:42:42, Info:  Writing faultoutput at time 0. Done.
Wed Aug 21 01:42:42, Info:  Writing free surface at time 0.
Wed Aug 21 01:42:42, Info:  Writing free surface at time 0. Done.
Wed Aug 21 01:42:42, Info:  Writing energy output at time 0 
Wed Aug 21 01:42:42, Info:  Total momentum (X, Y, Z): 0  , 0  , 0 
Wed Aug 21 01:42:42, Info:  Writing energy output at time 0 Done. 
Wed Aug 21 01:42:42, Info:  Time spent for initial IO: 52.4981 ms (min: 41.9524 ms, max: 68.2186 ms)
Wed Aug 21 01:43:08, Info:  Writing faultoutput at time 0.5.
Wed Aug 21 01:43:08, Info:  Writing faultoutput at time 0.5. Done.
Wed Aug 21 01:43:08, Info:  Writing energy output at time 0.5 
Wed Aug 21 01:43:08, Info:  Elastic energy (total, % kinematic, % potential):  2.0557e+12  , 24.6009  , 75.3991 
Wed Aug 21 01:43:08, Info:  Total momentum (X, Y, Z): -0.0103362  , 0.0253398  , 0.0110661 
Wed Aug 21 01:43:08, Info:  Frictional work (total, % static, % radiated):  2.0794e+12  , 73.1787  , 26.8213 
Wed Aug 21 01:43:08, Info:  Seismic moment (without plasticity): 2.04339e+16  Mw: 4.80357 
Wed Aug 21 01:43:08, Info:  Writing energy output at time 0.5 Done. 
Wed Aug 21 01:43:08, Info:  Time spent this phase (total): 26.5439 s (min: 26.5123 s, max: 26.5853 s)
Wed Aug 21 01:43:08, Info:  Time spent this phase (compute): 26.4914 s (min: 26.4631 s, max: 26.5315 s)
Wed Aug 21 01:43:08, Info:  Time spent this phase (IO): 58.0482 ms (min: 39.9099 ms, max: 124.8743 ms)
Wed Aug 21 01:43:08, Info:  Performance since the start: 9.4814 TFLOP/s (rank 0: 603.3371 GFLOP/s , average over ranks: 592.5904 GFLOP/s ) 
Wed Aug 21 01:43:08, Info:  Performance since last sync point: 9.4814 TFLOP/s (rank 0: 603.3371 GFLOP/s , average over ranks: 592.5904 GFLOP/s ) 
Wed Aug 21 01:43:35, Info:  Writing faultoutput at time 1.
Wed Aug 21 01:43:35, Info:  Writing faultoutput at time 1. Done.
Wed Aug 21 01:43:35, Info:  Writing free surface at time 1.
Wed Aug 21 01:43:35, Info:  Writing free surface at time 1. Done.
Wed Aug 21 01:43:35, Info:  Writing energy output at time 1 
Wed Aug 21 01:43:35, Info:  Elastic energy (total, % kinematic, % potential):  1.50903e+13  , 23.2469  , 76.7531 
Wed Aug 21 01:43:35, Info:  Total momentum (X, Y, Z): 0.849055  , 0.571127  , -0.000288678 
Wed Aug 21 01:43:35, Info:  Frictional work (total, % static, % radiated):  1.53811e+13  , 74.6223  , 25.3777 
Wed Aug 21 01:43:35, Info:  Seismic moment (without plasticity): 1.47947e+17  Mw: 5.37674 
Wed Aug 21 01:43:35, Info:  Writing energy output at time 1 Done. 
Wed Aug 21 01:43:35, Info:  Time spent this phase (total): 26.5403 s (min: 26.5163 s, max: 26.5475 s)
Wed Aug 21 01:43:35, Info:  Time spent this phase (compute): 26.5402 s (min: 26.5162 s, max: 26.5474 s)
Wed Aug 21 01:43:35, Info:  Time spent this phase (IO): 57.0367 ms (min: 40.2269 ms, max: 139.4987 ms)
Wed Aug 21 01:43:35, Info:  Performance since the start: 9.4821 TFLOP/s (rank 0: 603.7957 GFLOP/s , average over ranks: 592.6322 GFLOP/s ) 
Wed Aug 21 01:43:35, Info:  Performance since last sync point: 9.4828 TFLOP/s (rank 0: 604.2550 GFLOP/s , average over ranks: 592.6743 GFLOP/s ) 
Wed Aug 21 01:44:01, Info:  Writing faultoutput at time 1.5.
Wed Aug 21 01:44:01, Info:  Writing faultoutput at time 1.5. Done.
Wed Aug 21 01:44:01, Info:  Writing energy output at time 1.5 
Wed Aug 21 01:44:01, Info:  Elastic energy (total, % kinematic, % potential):  4.31738e+13  , 20.1805  , 79.8195 
Wed Aug 21 01:44:01, Info:  Total momentum (X, Y, Z): 0.290346  , -0.226638  , 0.161776 
Wed Aug 21 01:44:01, Info:  Frictional work (total, % static, % radiated):  4.36985e+13  , 77.4973  , 22.5027 
Wed Aug 21 01:44:01, Info:  Seismic moment (without plasticity): 4.35222e+17  Mw: 5.68914 
Wed Aug 21 01:44:01, Info:  Writing energy output at time 1.5 Done. 
Wed Aug 21 01:44:01, Info:  Time spent this phase (total): 26.5926 s (min: 26.5713 s, max: 26.6245 s)
Wed Aug 21 01:44:01, Info:  Time spent this phase (compute): 26.5925 s (min: 26.5713 s, max: 26.6244 s)
Wed Aug 21 01:44:01, Info:  Time spent this phase (IO): 53.3199 ms (min: 39.9823 ms, max: 89.7270 ms)
Wed Aug 21 01:44:01, Info:  Performance since the start: 9.4761 TFLOP/s (rank 0: 603.7430 GFLOP/s , average over ranks: 592.2580 GFLOP/s ) 
Wed Aug 21 01:44:01, Info:  Performance since last sync point: 9.4642 TFLOP/s (rank 0: 603.6377 GFLOP/s , average over ranks: 591.5116 GFLOP/s ) 
Wed Aug 21 01:44:28, Info:  Writing faultoutput at time 2.
Wed Aug 21 01:44:28, Info:  Writing faultoutput at time 2. Done.
Wed Aug 21 01:44:28, Info:  Writing free surface at time 2.
Wed Aug 21 01:44:28, Info:  Writing free surface at time 2. Done.
Wed Aug 21 01:44:28, Info:  Writing energy output at time 2 
Wed Aug 21 01:44:28, Info:  Elastic energy (total, % kinematic, % potential):  7.72428e+13  , 14.9762  , 85.0238 
Wed Aug 21 01:44:28, Info:  Total momentum (X, Y, Z): 0.827474  , -0.659321  , 0.139896 
Wed Aug 21 01:44:28, Info:  Frictional work (total, % static, % radiated):  7.7944e+13  , 79.5687  , 20.4313 
Wed Aug 21 01:44:28, Info:  Seismic moment (without plasticity): 8.08499e+17  Mw: 5.86845 
Wed Aug 21 01:44:28, Info:  Writing energy output at time 2 Done. 
Wed Aug 21 01:44:28, Info:  Time spent this phase (total): 26.4399 s (min: 26.3989 s, max: 26.4636 s)
Wed Aug 21 01:44:28, Info:  Time spent this phase (compute): 26.4398 s (min: 26.3989 s, max: 26.4635 s)
Wed Aug 21 01:44:28, Info:  Time spent this phase (IO): 58.9322 ms (min: 40.0930 ms, max: 150.0085 ms)
Wed Aug 21 01:44:28, Info:  Performance since the start: 9.4868 TFLOP/s (rank 0: 604.3371 GFLOP/s , average over ranks: 592.9220 GFLOP/s ) 
Wed Aug 21 01:44:28, Info:  Performance since last sync point: 9.5188 TFLOP/s (rank 0: 606.1264 GFLOP/s , average over ranks: 594.9234 GFLOP/s ) 
Wed Aug 21 01:44:54, Info:  Writing faultoutput at time 2.5.
Wed Aug 21 01:44:54, Info:  Writing faultoutput at time 2.5. Done.
Wed Aug 21 01:44:54, Info:  Writing energy output at time 2.5 
Wed Aug 21 01:44:54, Info:  Elastic energy (total, % kinematic, % potential):  1.03508e+14  , 10.0359  , 89.9641 
Wed Aug 21 01:44:54, Info:  Total momentum (X, Y, Z): -12.2836  , -2.79702  , 4.02419 
Wed Aug 21 01:44:54, Info:  Frictional work (total, % static, % radiated):  1.04314e+14  , 80.5052  , 19.4948 
Wed Aug 21 01:44:54, Info:  Seismic moment (without plasticity): 1.10995e+18  Mw: 5.9602 
Wed Aug 21 01:44:54, Info:  Writing energy output at time 2.5 Done. 
Wed Aug 21 01:44:54, Info:  Time spent this phase (total): 26.5363 s (min: 26.5268 s, max: 26.5697 s)
Wed Aug 21 01:44:54, Info:  Time spent this phase (compute): 26.5362 s (min: 26.5267 s, max: 26.5697 s)
Wed Aug 21 01:44:54, Info:  Time spent this phase (IO): 54.9304 ms (min: 39.9231 ms, max: 111.3558 ms)
Wed Aug 21 01:44:54, Info:  Performance since the start: 9.4862 TFLOP/s (rank 0: 604.4016 GFLOP/s , average over ranks: 592.8902 GFLOP/s ) 
Wed Aug 21 01:44:54, Info:  Performance since last sync point: 9.4842 TFLOP/s (rank 0: 604.6594 GFLOP/s , average over ranks: 592.7633 GFLOP/s ) 
Wed Aug 21 01:45:21, Info:  Writing faultoutput at time 3.
Wed Aug 21 01:45:21, Info:  Writing faultoutput at time 3. Done.
Wed Aug 21 01:45:21, Info:  Writing free surface at time 3.
Wed Aug 21 01:45:21, Info:  Writing free surface at time 3. Done.
Wed Aug 21 01:45:21, Info:  Writing energy output at time 3 
Wed Aug 21 01:45:21, Info:  Elastic energy (total, % kinematic, % potential):  1.18786e+14  , 7.1623  , 92.8377 
Wed Aug 21 01:45:21, Info:  Total momentum (X, Y, Z): -30.8507  , -5.70734  , 10.1326 
Wed Aug 21 01:45:21, Info:  Frictional work (total, % static, % radiated):  1.19513e+14  , 82.474  , 17.526 
Wed Aug 21 01:45:21, Info:  Seismic moment (without plasticity): 1.30123e+18  Mw: 6.00624 
Wed Aug 21 01:45:21, Info:  Writing energy output at time 3 Done. 
Wed Aug 21 01:45:21, Info:  Time spent this phase (total): 26.4517 s (min: 26.4286 s, max: 26.4839 s)
Wed Aug 21 01:45:21, Info:  Time spent this phase (compute): 26.4516 s (min: 26.4286 s, max: 26.4838 s)
Wed Aug 21 01:45:21, Info:  Time spent this phase (IO): 58.6701 ms (min: 40.0660 ms, max: 125.1486 ms)
Wed Aug 21 01:45:21, Info:  Performance since the start: 9.4910 TFLOP/s (rank 0: 604.7641 GFLOP/s , average over ranks: 593.1849 GFLOP/s ) 
Wed Aug 21 01:45:21, Info:  Performance since last sync point: 9.5146 TFLOP/s (rank 0: 606.5836 GFLOP/s , average over ranks: 594.6630 GFLOP/s ) 
Wed Aug 21 01:45:47, Info:  Writing faultoutput at time 3.5.
Wed Aug 21 01:45:47, Info:  Writing faultoutput at time 3.5. Done.
Wed Aug 21 01:45:47, Info:  Writing energy output at time 3.5 
Wed Aug 21 01:45:47, Info:  Elastic energy (total, % kinematic, % potential):  1.2823e+14  , 5.95623  , 94.0438 
Wed Aug 21 01:45:47, Info:  Total momentum (X, Y, Z): -45.3311  , -4.62689  , 17.5256 
Wed Aug 21 01:45:47, Info:  Frictional work (total, % static, % radiated):  1.28669e+14  , 85.5772  , 14.4228 
Wed Aug 21 01:45:47, Info:  Seismic moment (without plasticity): 1.43596e+18  Mw: 6.03476 
Wed Aug 21 01:45:47, Info:  Writing energy output at time 3.5 Done. 
Wed Aug 21 01:45:47, Info:  Time spent this phase (total): 26.4646 s (min: 26.4189 s, max: 26.5061 s)
Wed Aug 21 01:45:47, Info:  Time spent this phase (compute): 26.4645 s (min: 26.4188 s, max: 26.5060 s)
Wed Aug 21 01:45:47, Info:  Time spent this phase (IO): 51.7591 ms (min: 39.8465 ms, max: 81.4721 ms)
Wed Aug 21 01:45:47, Info:  Performance since the start: 9.4937 TFLOP/s (rank 0: 604.9671 GFLOP/s , average over ranks: 593.3535 GFLOP/s ) 
Wed Aug 21 01:45:47, Info:  Performance since last sync point: 9.5099 TFLOP/s (rank 0: 606.1880 GFLOP/s , average over ranks: 594.3675 GFLOP/s ) 
Wed Aug 21 01:46:14, Info:  Writing faultoutput at time 4.
Wed Aug 21 01:46:14, Info:  Writing faultoutput at time 4. Done.
Wed Aug 21 01:46:14, Info:  Writing free surface at time 4.
Wed Aug 21 01:46:14, Info:  Writing free surface at time 4. Done.
Wed Aug 21 01:46:14, Info:  Writing energy output at time 4 
Wed Aug 21 01:46:14, Info:  Elastic energy (total, % kinematic, % potential):  1.37646e+14  , 5.46382  , 94.5362 
Wed Aug 21 01:46:14, Info:  Total momentum (X, Y, Z): -53.0365  , -0.59989  , 26.0825 
Wed Aug 21 01:46:14, Info:  Frictional work (total, % static, % radiated):  1.37554e+14  , 88.9389  , 11.0611 
Wed Aug 21 01:46:14, Info:  Seismic moment (without plasticity): 1.56775e+18  Mw: 6.06019 
Wed Aug 21 01:46:14, Info:  Writing energy output at time 4 Done. 
Wed Aug 21 01:46:14, Info:  Time spent this phase (total): 26.4708 s (min: 26.4535 s, max: 26.4836 s)
Wed Aug 21 01:46:14, Info:  Time spent this phase (compute): 26.4708 s (min: 26.4535 s, max: 26.4835 s)
Wed Aug 21 01:46:14, Info:  Time spent this phase (IO): 54.2940 ms (min: 40.1429 ms, max: 95.6048 ms)
Wed Aug 21 01:46:14, Info:  Performance since the start: 9.4954 TFLOP/s (rank 0: 605.0879 GFLOP/s , average over ranks: 593.4631 GFLOP/s ) 
Wed Aug 21 01:46:14, Info:  Performance since last sync point: 9.5077 TFLOP/s (rank 0: 605.9346 GFLOP/s , average over ranks: 594.2315 GFLOP/s ) 
Wed Aug 21 01:46:40, Info:  Writing faultoutput at time 4.5.
Wed Aug 21 01:46:40, Info:  Writing faultoutput at time 4.5. Done.
Wed Aug 21 01:46:40, Info:  Writing energy output at time 4.5 
Wed Aug 21 01:46:40, Info:  Elastic energy (total, % kinematic, % potential):  1.50573e+14  , 5.18559  , 94.8144 
Wed Aug 21 01:46:40, Info:  Total momentum (X, Y, Z): -52.6411  , 0.569458  , 51.6981 
Wed Aug 21 01:46:40, Info:  Frictional work (total, % static, % radiated):  1.49891e+14  , 91.7781  , 8.2219 
Wed Aug 21 01:46:40, Info:  Seismic moment (without plasticity): 1.73119e+18  Mw: 6.0889 
Wed Aug 21 01:46:40, Info:  Writing energy output at time 4.5 Done. 
Wed Aug 21 01:46:40, Info:  Time spent this phase (total): 26.4377 s (min: 26.4159 s, max: 26.4518 s)
Wed Aug 21 01:46:40, Info:  Time spent this phase (compute): 26.4376 s (min: 26.4158 s, max: 26.4518 s)
Wed Aug 21 01:46:40, Info:  Time spent this phase (IO): 55.3714 ms (min: 39.9914 ms, max: 116.2754 ms)
Wed Aug 21 01:46:40, Info:  Performance since the start: 9.4981 TFLOP/s (rank 0: 605.2322 GFLOP/s , average over ranks: 593.6304 GFLOP/s ) 
Wed Aug 21 01:46:40, Info:  Performance since last sync point: 9.5196 TFLOP/s (rank 0: 606.3893 GFLOP/s , average over ranks: 594.9729 GFLOP/s ) 
Wed Aug 21 01:47:07, Info:  Writing faultoutput at time 5.
Wed Aug 21 01:47:07, Info:  Writing faultoutput at time 5. Done.
Wed Aug 21 01:47:07, Info:  Writing free surface at time 5.
Wed Aug 21 01:47:07, Info:  Writing free surface at time 5. Done.
Wed Aug 21 01:47:07, Info:  Writing energy output at time 5 
Wed Aug 21 01:47:07, Info:  Elastic energy (total, % kinematic, % potential):  1.7109e+14  , 5.30918  , 94.6908 
Wed Aug 21 01:47:07, Info:  Total momentum (X, Y, Z): -71.3896  , 31.3096  , -111.048 
Wed Aug 21 01:47:07, Info:  Frictional work (total, % static, % radiated):  1.69678e+14  , 94.0972  , 5.90283 
Wed Aug 21 01:47:07, Info:  Seismic moment (without plasticity): 1.96287e+18  Mw: 6.12526 
Wed Aug 21 01:47:07, Info:  Writing energy output at time 5 Done. 
Wed Aug 21 01:47:07, Info:  Time spent this phase (total): 26.4751 s (min: 26.4345 s, max: 26.5093 s)
Wed Aug 21 01:47:07, Info:  Time spent this phase (compute): 26.4750 s (min: 26.4344 s, max: 26.5092 s)
Wed Aug 21 01:47:07, Info:  Time spent this phase (IO): 53.7296 ms (min: 40.1099 ms, max: 81.5749 ms)
Wed Aug 21 01:47:07, Info:  Performance since the start: 9.4989 TFLOP/s (rank 0: 605.3228 GFLOP/s , average over ranks: 593.6813 GFLOP/s ) 
Wed Aug 21 01:47:07, Info:  Performance since last sync point: 9.5062 TFLOP/s (rank 0: 606.1389 GFLOP/s , average over ranks: 594.1397 GFLOP/s ) 
Wed Aug 21 01:47:33, Info:  Writing faultoutput at time 5.5.
Wed Aug 21 01:47:33, Info:  Writing faultoutput at time 5.5. Done.
Wed Aug 21 01:47:33, Info:  Writing energy output at time 5.5 
Wed Aug 21 01:47:33, Info:  Elastic energy (total, % kinematic, % potential):  2.05853e+14  , 6.12691  , 93.8731 
Wed Aug 21 01:47:33, Info:  Total momentum (X, Y, Z): 41.0273  , -88.0269  , 374.238 
Wed Aug 21 01:47:33, Info:  Frictional work (total, % static, % radiated):  2.03359e+14  , 95.5605  , 4.43954 
Wed Aug 21 01:47:33, Info:  Seismic moment (without plasticity): 2.32339e+18  Mw: 6.17408 
Wed Aug 21 01:47:33, Info:  Writing energy output at time 5.5 Done. 
Wed Aug 21 01:47:33, Info:  Time spent this phase (total): 26.7522 s (min: 26.7237 s, max: 26.7829 s)
Wed Aug 21 01:47:33, Info:  Time spent this phase (compute): 26.7522 s (min: 26.7237 s, max: 26.7829 s)
Wed Aug 21 01:47:33, Info:  Time spent this phase (IO): 52.6406 ms (min: 40.1440 ms, max: 101.0358 ms)
Wed Aug 21 01:47:33, Info:  Performance since the start: 9.4905 TFLOP/s (rank 0: 604.7892 GFLOP/s , average over ranks: 593.1579 GFLOP/s ) 
Wed Aug 21 01:47:33, Info:  Performance since last sync point: 9.4076 TFLOP/s (rank 0: 599.5051 GFLOP/s , average over ranks: 587.9753 GFLOP/s ) 
Wed Aug 21 01:48:00, Info:  Writing faultoutput at time 6.
Wed Aug 21 01:48:00, Info:  Writing faultoutput at time 6. Done.
Wed Aug 21 01:48:00, Info:  Writing free surface at time 6.
Wed Aug 21 01:48:00, Info:  Writing free surface at time 6. Done.
Wed Aug 21 01:48:00, Info:  Writing energy output at time 6 
Wed Aug 21 01:48:00, Info:  Elastic energy (total, % kinematic, % potential):  2.66136e+14  , 7.97203  , 92.028 
Wed Aug 21 01:48:00, Info:  Total momentum (X, Y, Z): -399.879  , 310.689  , 70.8809 
Wed Aug 21 01:48:00, Info:  Frictional work (total, % static, % radiated):  2.62077e+14  , 95.8119  , 4.1881 
Wed Aug 21 01:48:00, Info:  Seismic moment (without plasticity): 2.90134e+18  Mw: 6.2384 
Wed Aug 21 01:48:00, Info:  Writing energy output at time 6 Done. 
Wed Aug 21 01:48:00, Info:  Time spent this phase (total): 26.4757 s (min: 26.4513 s, max: 26.5039 s)
Wed Aug 21 01:48:00, Info:  Time spent this phase (compute): 26.4756 s (min: 26.4513 s, max: 26.5038 s)
Wed Aug 21 01:48:00, Info:  Time spent this phase (IO): 56.9563 ms (min: 40.1455 ms, max: 121.3654 ms)
Wed Aug 21 01:48:00, Info:  Performance since the start: 9.4918 TFLOP/s (rank 0: 604.8797 GFLOP/s , average over ranks: 593.2382 GFLOP/s ) 
Wed Aug 21 01:48:00, Info:  Performance since last sync point: 9.5060 TFLOP/s (rank 0: 605.8770 GFLOP/s , average over ranks: 594.1232 GFLOP/s ) 
Wed Aug 21 01:48:26, Info:  Writing faultoutput at time 6.5.
Wed Aug 21 01:48:26, Info:  Writing faultoutput at time 6.5. Done.
Wed Aug 21 01:48:26, Info:  Writing energy output at time 6.5 
Wed Aug 21 01:48:26, Info:  Elastic energy (total, % kinematic, % potential):  3.73613e+14  , 11.1123  , 88.8877 
Wed Aug 21 01:48:26, Info:  Total momentum (X, Y, Z): 1278.33  , -751.365  , -4613.31 
Wed Aug 21 01:48:26, Info:  Frictional work (total, % static, % radiated):  3.67377e+14  , 94.308  , 5.69202 
Wed Aug 21 01:48:26, Info:  Seismic moment (without plasticity): 3.85245e+18  Mw: 6.32049 
Wed Aug 21 01:48:26, Info:  Writing energy output at time 6.5 Done. 
Wed Aug 21 01:48:26, Info:  Time spent this phase (total): 26.3442 s (min: 26.3220 s, max: 26.3719 s)
Wed Aug 21 01:48:26, Info:  Time spent this phase (compute): 26.3441 s (min: 26.3219 s, max: 26.3719 s)
Wed Aug 21 01:48:26, Info:  Time spent this phase (IO): 53.8259 ms (min: 40.2313 ms, max: 103.0228 ms)
Wed Aug 21 01:48:26, Info:  Performance since the start: 9.4965 TFLOP/s (rank 0: 605.1697 GFLOP/s , average over ranks: 593.5323 GFLOP/s ) 
Wed Aug 21 01:48:26, Info:  Performance since last sync point: 9.5533 TFLOP/s (rank 0: 608.6709 GFLOP/s , average over ranks: 597.0840 GFLOP/s ) 
Wed Aug 21 01:48:53, Info:  Writing faultoutput at time 7.
Wed Aug 21 01:48:53, Info:  Writing faultoutput at time 7. Done.
Wed Aug 21 01:48:53, Info:  Writing free surface at time 7.
Wed Aug 21 01:48:53, Info:  Writing free surface at time 7. Done.
Wed Aug 21 01:48:53, Info:  Writing energy output at time 7 
Wed Aug 21 01:48:53, Info:  Elastic energy (total, % kinematic, % potential):  5.64272e+14  , 15.0198  , 84.9802 
Wed Aug 21 01:48:53, Info:  Total momentum (X, Y, Z): -4587.98  , 2511.83  , 23161.1 
Wed Aug 21 01:48:53, Info:  Frictional work (total, % static, % radiated):  5.55156e+14  , 90.8299  , 9.17009 
Wed Aug 21 01:48:53, Info:  Seismic moment (without plasticity): 5.39977e+18  Mw: 6.41825 
Wed Aug 21 01:48:53, Info:  Writing energy output at time 7 Done. 
Wed Aug 21 01:48:53, Info:  Time spent this phase (total): 26.5456 s (min: 26.5302 s, max: 26.5678 s)
Wed Aug 21 01:48:53, Info:  Time spent this phase (compute): 26.5455 s (min: 26.5301 s, max: 26.5677 s)
Wed Aug 21 01:48:53, Info:  Time spent this phase (IO): 55.3982 ms (min: 40.6600 ms, max: 116.7423 ms)
Wed Aug 21 01:48:53, Info:  Performance since the start: 9.4954 TFLOP/s (rank 0: 605.1089 GFLOP/s , average over ranks: 593.4626 GFLOP/s ) 
Wed Aug 21 01:48:53, Info:  Performance since last sync point: 9.4809 TFLOP/s (rank 0: 604.3204 GFLOP/s , average over ranks: 592.5587 GFLOP/s ) 
Wed Aug 21 01:49:19, Info:  Writing faultoutput at time 7.5.
Wed Aug 21 01:49:19, Info:  Writing faultoutput at time 7.5. Done.
Wed Aug 21 01:49:19, Info:  Writing energy output at time 7.5 
Wed Aug 21 01:49:19, Info:  Elastic energy (total, % kinematic, % potential):  8.91057e+14  , 18.9362  , 81.0638 
Wed Aug 21 01:49:19, Info:  Total momentum (X, Y, Z): 14140.2  , -9222.77  , -61069.3 
Wed Aug 21 01:49:19, Info:  Frictional work (total, % static, % radiated):  8.78412e+14  , 86.223  , 13.777 
Wed Aug 21 01:49:19, Info:  Seismic moment (without plasticity): 7.83777e+18  Mw: 6.52613 
Wed Aug 21 01:49:19, Info:  Writing energy output at time 7.5 Done. 
Wed Aug 21 01:49:19, Info:  Time spent this phase (total): 26.6194 s (min: 26.5868 s, max: 26.6567 s)
Wed Aug 21 01:49:19, Info:  Time spent this phase (compute): 26.6190 s (min: 26.5867 s, max: 26.6567 s)
Wed Aug 21 01:49:19, Info:  Time spent this phase (IO): 51.3343 ms (min: 40.8698 ms, max: 79.1908 ms)
Wed Aug 21 01:49:19, Info:  Performance since the start: 9.4927 TFLOP/s (rank 0: 604.9597 GFLOP/s , average over ranks: 593.2922 GFLOP/s ) 
Wed Aug 21 01:49:19, Info:  Performance since last sync point: 9.4547 TFLOP/s (rank 0: 602.8782 GFLOP/s , average over ranks: 590.9161 GFLOP/s ) 
Wed Aug 21 01:49:46, Info:  Writing faultoutput at time 8.
Wed Aug 21 01:49:46, Info:  Writing faultoutput at time 8. Done.
Wed Aug 21 01:49:46, Info:  Writing free surface at time 8.
Wed Aug 21 01:49:46, Info:  Writing free surface at time 8. Done.
Wed Aug 21 01:49:46, Info:  Writing energy output at time 8 
Wed Aug 21 01:49:46, Info:  Elastic energy (total, % kinematic, % potential):  1.42335e+15  , 22.2833  , 77.7167 
Wed Aug 21 01:49:46, Info:  Total momentum (X, Y, Z): -35131.7  , 28343.7  , 49086.3 
Wed Aug 21 01:49:46, Info:  Frictional work (total, % static, % radiated):  1.40745e+15  , 81.432  , 18.568 
Wed Aug 21 01:49:46, Info:  Seismic moment (without plasticity): 1.15159e+19  Mw: 6.63753 
Wed Aug 21 01:49:46, Info:  Writing energy output at time 8 Done. 
Wed Aug 21 01:49:46, Info:  Time spent this phase (total): 26.5795 s (min: 26.5641 s, max: 26.5930 s)
Wed Aug 21 01:49:46, Info:  Time spent this phase (compute): 26.5794 s (min: 26.5641 s, max: 26.5929 s)
Wed Aug 21 01:49:46, Info:  Time spent this phase (IO): 53.8636 ms (min: 40.8859 ms, max: 81.7581 ms)
Wed Aug 21 01:49:46, Info:  Performance since the start: 9.4912 TFLOP/s (rank 0: 604.8728 GFLOP/s , average over ranks: 593.1988 GFLOP/s ) 
Wed Aug 21 01:49:46, Info:  Performance since last sync point: 9.4688 TFLOP/s (rank 0: 603.5720 GFLOP/s , average over ranks: 591.8019 GFLOP/s ) 
Wed Aug 21 01:50:12, Info:  Writing faultoutput at time 8.5.
Wed Aug 21 01:50:12, Info:  Writing faultoutput at time 8.5. Done.
Wed Aug 21 01:50:12, Info:  Writing energy output at time 8.5 
Wed Aug 21 01:50:12, Info:  Elastic energy (total, % kinematic, % potential):  2.2426e+15  , 24.8717  , 75.1283 
Wed Aug 21 01:50:12, Info:  Total momentum (X, Y, Z): 67536.6  , -57370.2  , 335078 
Wed Aug 21 01:50:12, Info:  Frictional work (total, % static, % radiated):  2.22459e+15  , 77.1346  , 22.8654 
Wed Aug 21 01:50:12, Info:  Seismic moment (without plasticity): 1.68225e+19  Mw: 6.74726 
Wed Aug 21 01:50:12, Info:  Writing energy output at time 8.5 Done. 
Wed Aug 21 01:50:12, Info:  Time spent this phase (total): 26.4670 s (min: 26.4545 s, max: 26.4784 s)
Wed Aug 21 01:50:12, Info:  Time spent this phase (compute): 26.4669 s (min: 26.4545 s, max: 26.4784 s)
Wed Aug 21 01:50:12, Info:  Time spent this phase (IO): 54.2373 ms (min: 40.7591 ms, max: 89.8910 ms)
Wed Aug 21 01:50:12, Info:  Performance since the start: 9.4922 TFLOP/s (rank 0: 604.9293 GFLOP/s , average over ranks: 593.2643 GFLOP/s ) 
Wed Aug 21 01:50:12, Info:  Performance since last sync point: 9.5090 TFLOP/s (rank 0: 605.8341 GFLOP/s , average over ranks: 594.3141 GFLOP/s ) 
Wed Aug 21 01:50:39, Info:  Writing faultoutput at time 9.
Wed Aug 21 01:50:39, Info:  Writing faultoutput at time 9. Done.
Wed Aug 21 01:50:39, Info:  Writing free surface at time 9.
Wed Aug 21 01:50:39, Info:  Writing free surface at time 9. Done.
Wed Aug 21 01:50:39, Info:  Writing energy output at time 9 
Wed Aug 21 01:50:39, Info:  Elastic energy (total, % kinematic, % potential):  3.44108e+15  , 26.799  , 73.201 
Wed Aug 21 01:50:39, Info:  Total momentum (X, Y, Z): -85198.2  , 72613  , -1.93673e+06 
Wed Aug 21 01:50:39, Info:  Frictional work (total, % static, % radiated):  3.42233e+15  , 73.5116  , 26.4884 
Wed Aug 21 01:50:39, Info:  Seismic moment (without plasticity): 2.41499e+19  Mw: 6.85194 
Wed Aug 21 01:50:39, Info:  Writing energy output at time 9 Done. 
Wed Aug 21 01:50:39, Info:  Time spent this phase (total): 26.4613 s (min: 26.4442 s, max: 26.4745 s)
Wed Aug 21 01:50:39, Info:  Time spent this phase (compute): 26.4612 s (min: 26.4441 s, max: 26.4745 s)
Wed Aug 21 01:50:39, Info:  Time spent this phase (IO): 53.6164 ms (min: 40.3533 ms, max: 90.4320 ms)
Wed Aug 21 01:50:39, Info:  Performance since the start: 9.4933 TFLOP/s (rank 0: 604.9950 GFLOP/s , average over ranks: 593.3296 GFLOP/s ) 
Wed Aug 21 01:50:39, Info:  Performance since last sync point: 9.5111 TFLOP/s (rank 0: 606.1142 GFLOP/s , average over ranks: 594.4419 GFLOP/s ) 
Wed Aug 21 01:51:05, Info:  Writing faultoutput at time 9.5.
Wed Aug 21 01:51:05, Info:  Writing faultoutput at time 9.5. Done.
Wed Aug 21 01:51:05, Info:  Writing energy output at time 9.5 
Wed Aug 21 01:51:05, Info:  Elastic energy (total, % kinematic, % potential):  5.11215e+15  , 28.1927  , 71.8073 
Wed Aug 21 01:51:05, Info:  Total momentum (X, Y, Z): 44383.3  , -133021  , 6.11214e+06 
Wed Aug 21 01:51:05, Info:  Frictional work (total, % static, % radiated):  5.0975e+15  , 70.5834  , 29.4166 
Wed Aug 21 01:51:05, Info:  Seismic moment (without plasticity): 3.38936e+19  Mw: 6.95008 
Wed Aug 21 01:51:05, Info:  Writing energy output at time 9.5 Done. 
Wed Aug 21 01:51:05, Info:  Time spent this phase (total): 26.4794 s (min: 26.4380 s, max: 26.5003 s)
Wed Aug 21 01:51:05, Info:  Time spent this phase (compute): 26.4793 s (min: 26.4380 s, max: 26.5002 s)
Wed Aug 21 01:51:05, Info:  Time spent this phase (IO): 58.0039 ms (min: 40.7472 ms, max: 145.9155 ms)
Wed Aug 21 01:51:05, Info:  Performance since the start: 9.4939 TFLOP/s (rank 0: 605.0097 GFLOP/s , average over ranks: 593.3667 GFLOP/s ) 
Wed Aug 21 01:51:05, Info:  Performance since last sync point: 9.5046 TFLOP/s (rank 0: 605.2760 GFLOP/s , average over ranks: 594.0364 GFLOP/s ) 
Wed Aug 21 01:51:32, Info:  Writing faultoutput at time 10.
Wed Aug 21 01:51:32, Info:  Writing faultoutput at time 10. Done.
Wed Aug 21 01:51:32, Info:  Writing free surface at time 10.
Wed Aug 21 01:51:32, Info:  Writing free surface at time 10. Done.
Wed Aug 21 01:51:32, Info:  Wrote receivers in 4.4e-07 seconds. 
Wed Aug 21 01:51:32, Info:  Writing energy output at time 10 
Wed Aug 21 01:51:32, Info:  Elastic energy (total, % kinematic, % potential):  7.1943e+15  , 28.2432  , 71.7568 
Wed Aug 21 01:51:32, Info:  Total momentum (X, Y, Z): 270153  , 608086  , -1.20165e+07 
Wed Aug 21 01:51:32, Info:  Frictional work (total, % static, % radiated):  7.18893e+15  , 68.3868  , 31.6132 
Wed Aug 21 01:51:32, Info:  Seismic moment (without plasticity): 4.6075e+19  Mw: 7.03898 
Wed Aug 21 01:51:32, Info:  Writing energy output at time 10 Done. 
Wed Aug 21 01:51:32, Info:  Time spent this phase (total): 26.6190 s (min: 26.5712 s, max: 26.6707 s)
Wed Aug 21 01:51:32, Info:  Time spent this phase (compute): 26.6189 s (min: 26.5711 s, max: 26.6706 s)
Wed Aug 21 01:51:32, Info:  Time spent this phase (IO): 54.4772 ms (min: 40.9057 ms, max: 79.1653 ms)
Wed Aug 21 01:51:32, Info:  Performance since the start: 9.4919 TFLOP/s (rank 0: 604.9180 GFLOP/s , average over ranks: 593.2443 GFLOP/s ) 
Wed Aug 21 01:51:32, Info:  Performance since last sync point: 9.4549 TFLOP/s (rank 0: 603.1793 GFLOP/s , average over ranks: 590.9297 GFLOP/s ) 
Wed Aug 21 01:51:58, Info:  Writing faultoutput at time 10.5.
Wed Aug 21 01:51:58, Info:  Writing faultoutput at time 10.5. Done.
Wed Aug 21 01:51:58, Info:  Writing energy output at time 10.5 
Wed Aug 21 01:51:58, Info:  Elastic energy (total, % kinematic, % potential):  9.32956e+15  , 26.6541  , 73.3459 
Wed Aug 21 01:51:58, Info:  Total momentum (X, Y, Z): -1.31732e+06  , -1.41942e+06  , 952300 
Wed Aug 21 01:51:58, Info:  Frictional work (total, % static, % radiated):  9.33675e+15  , 66.665  , 33.335 
Wed Aug 21 01:51:58, Info:  Seismic moment (without plasticity): 5.8766e+19  Mw: 7.10942 
Wed Aug 21 01:51:58, Info:  Writing energy output at time 10.5 Done. 
Wed Aug 21 01:51:58, Info:  Time spent this phase (total): 26.2857 s (min: 26.2329 s, max: 26.3351 s)
Wed Aug 21 01:51:58, Info:  Time spent this phase (compute): 26.2856 s (min: 26.2329 s, max: 26.3351 s)
Wed Aug 21 01:51:58, Info:  Time spent this phase (IO): 58.8604 ms (min: 40.7870 ms, max: 148.8087 ms)
Wed Aug 21 01:51:58, Info:  Performance since the start: 9.4958 TFLOP/s (rank 0: 605.1374 GFLOP/s , average over ranks: 593.4882 GFLOP/s ) 
Wed Aug 21 01:51:58, Info:  Performance since last sync point: 9.5745 TFLOP/s (rank 0: 609.5604 GFLOP/s , average over ranks: 598.4088 GFLOP/s ) 
Wed Aug 21 01:52:25, Info:  Writing faultoutput at time 11.
Wed Aug 21 01:52:25, Info:  Writing faultoutput at time 11. Done.
Wed Aug 21 01:52:25, Info:  Writing free surface at time 11.
Wed Aug 21 01:52:25, Info:  Writing free surface at time 11. Done.
Wed Aug 21 01:52:25, Info:  Writing energy output at time 11 
Wed Aug 21 01:52:25, Info:  Elastic energy (total, % kinematic, % potential):  1.13606e+16  , 25.4363  , 74.5637 
Wed Aug 21 01:52:25, Info:  Total momentum (X, Y, Z): 3.14099e+06  , -881888  , 9.14868e+07 
Wed Aug 21 01:52:25, Info:  Frictional work (total, % static, % radiated):  1.13769e+16  , 65.6014  , 34.3986 
Wed Aug 21 01:52:25, Info:  Seismic moment (without plasticity): 7.13464e+19  Mw: 7.16558 
Wed Aug 21 01:52:25, Info:  Writing energy output at time 11 Done. 
Wed Aug 21 01:52:25, Info:  Time spent this phase (total): 26.5858 s (min: 26.5793 s, max: 26.6112 s)
Wed Aug 21 01:52:25, Info:  Time spent this phase (compute): 26.5857 s (min: 26.5792 s, max: 26.6112 s)
Wed Aug 21 01:52:25, Info:  Time spent this phase (IO): 56.8873 ms (min: 40.8341 ms, max: 121.2152 ms)
Wed Aug 21 01:52:25, Info:  Performance since the start: 9.4945 TFLOP/s (rank 0: 605.0610 GFLOP/s , average over ranks: 593.4049 GFLOP/s ) 
Wed Aug 21 01:52:25, Info:  Performance since last sync point: 9.4666 TFLOP/s (rank 0: 603.4599 GFLOP/s , average over ranks: 591.6610 GFLOP/s ) 
Wed Aug 21 01:52:51, Info:  Writing faultoutput at time 11.5.
Wed Aug 21 01:52:51, Info:  Writing faultoutput at time 11.5. Done.
Wed Aug 21 01:52:51, Info:  Writing energy output at time 11.5 
Wed Aug 21 01:52:51, Info:  Elastic energy (total, % kinematic, % potential):  1.32706e+16  , 24.6027  , 75.3973 
Wed Aug 21 01:52:51, Info:  Total momentum (X, Y, Z): -2.37884e+06  , 1.12872e+07  , -2.80405e+08 
Wed Aug 21 01:52:51, Info:  Frictional work (total, % static, % radiated):  1.32982e+16  , 64.9624  , 35.0376 
Wed Aug 21 01:52:51, Info:  Seismic moment (without plasticity): 8.37728e+19  Mw: 7.21207 
Wed Aug 21 01:52:51, Info:  Writing energy output at time 11.5 Done. 
Wed Aug 21 01:52:51, Info:  Time spent this phase (total): 26.6576 s (min: 26.6424 s, max: 26.6785 s)
Wed Aug 21 01:52:51, Info:  Time spent this phase (compute): 26.6575 s (min: 26.6423 s, max: 26.6784 s)
Wed Aug 21 01:52:51, Info:  Time spent this phase (IO): 56.7175 ms (min: 40.7910 ms, max: 112.7039 ms)
Wed Aug 21 01:52:51, Info:  Performance since the start: 9.4921 TFLOP/s (rank 0: 604.9287 GFLOP/s , average over ranks: 593.2591 GFLOP/s ) 
Wed Aug 21 01:52:51, Info:  Performance since last sync point: 9.4411 TFLOP/s (rank 0: 602.0337 GFLOP/s , average over ranks: 590.0701 GFLOP/s ) 
Wed Aug 21 01:53:18, Info:  Writing faultoutput at time 12.
Wed Aug 21 01:53:18, Info:  Writing faultoutput at time 12. Done.
Wed Aug 21 01:53:18, Info:  Writing free surface at time 12.
Wed Aug 21 01:53:18, Info:  Writing free surface at time 12. Done.
Wed Aug 21 01:53:18, Info:  Writing energy output at time 12 
Wed Aug 21 01:53:18, Info:  Elastic energy (total, % kinematic, % potential):  1.50842e+16  , 24.0139  , 75.9861 
Wed Aug 21 01:53:18, Info:  Total momentum (X, Y, Z): -6.32274e+06  , -1.84183e+07  , 1.06348e+08 
Wed Aug 21 01:53:18, Info:  Frictional work (total, % static, % radiated):  1.51252e+16  , 64.5552  , 35.4448 
Wed Aug 21 01:53:18, Info:  Seismic moment (without plasticity): 9.60063e+19  Mw: 7.25153 
Wed Aug 21 01:53:18, Info:  Writing energy output at time 12 Done. 
Wed Aug 21 01:53:18, Info:  Time spent this phase (total): 26.4082 s (min: 26.3911 s, max: 26.4278 s)
Wed Aug 21 01:53:18, Info:  Time spent this phase (compute): 26.4081 s (min: 26.3911 s, max: 26.4278 s)
Wed Aug 21 01:53:18, Info:  Time spent this phase (IO): 58.7735 ms (min: 40.9105 ms, max: 146.6054 ms)
Wed Aug 21 01:53:18, Info:  Performance since the start: 9.4937 TFLOP/s (rank 0: 605.0125 GFLOP/s , average over ranks: 593.3578 GFLOP/s ) 
Wed Aug 21 01:53:18, Info:  Performance since last sync point: 9.5302 TFLOP/s (rank 0: 606.9454 GFLOP/s , average over ranks: 595.6373 GFLOP/s ) 
Wed Aug 21 01:53:44, Info:  Writing faultoutput at time 12.5.
Wed Aug 21 01:53:44, Info:  Writing faultoutput at time 12.5. Done.
Wed Aug 21 01:53:44, Info:  Writing energy output at time 12.5 
Wed Aug 21 01:53:45, Info:  Elastic energy (total, % kinematic, % potential):  1.68243e+16  , 23.5978  , 76.4022 
Wed Aug 21 01:53:45, Info:  Total momentum (X, Y, Z): 2.16057e+07  , -1.42653e+07  , 1.35941e+09 
Wed Aug 21 01:53:45, Info:  Frictional work (total, % static, % radiated):  1.68826e+16  , 64.2681  , 35.7319 
Wed Aug 21 01:53:45, Info:  Seismic moment (without plasticity): 1.08015e+20  Mw: 7.28566 
Wed Aug 21 01:53:45, Info:  Writing energy output at time 12.5 Done. 
Wed Aug 21 01:53:45, Info:  Time spent this phase (total): 26.6485 s (min: 26.6455 s, max: 26.6596 s)
Wed Aug 21 01:53:45, Info:  Time spent this phase (compute): 26.6474 s (min: 26.6356 s, max: 26.6595 s)
Wed Aug 21 01:53:45, Info:  Time spent this phase (IO): 57.2371 ms (min: 40.7453 ms, max: 133.2654 ms)
Wed Aug 21 01:53:45, Info:  Performance since the start: 9.4917 TFLOP/s (rank 0: 604.8901 GFLOP/s , average over ranks: 593.2336 GFLOP/s ) 
Wed Aug 21 01:53:45, Info:  Performance since last sync point: 9.4443 TFLOP/s (rank 0: 601.9672 GFLOP/s , average over ranks: 590.2685 GFLOP/s ) 
Wed Aug 21 01:54:11, Info:  Writing faultoutput at time 13.
Wed Aug 21 01:54:11, Info:  Writing faultoutput at time 13. Done.
Wed Aug 21 01:54:11, Info:  Writing free surface at time 13.
Wed Aug 21 01:54:11, Info:  Writing free surface at time 13. Done.
Wed Aug 21 01:54:11, Info:  Writing energy output at time 13 
Wed Aug 21 01:54:11, Info:  Elastic energy (total, % kinematic, % potential):  1.84973e+16  , 23.2646  , 76.7354 
Wed Aug 21 01:54:11, Info:  Total momentum (X, Y, Z): -3.01163e+07  , 8.29391e+07  , -2.44365e+09 
Wed Aug 21 01:54:11, Info:  Frictional work (total, % static, % radiated):  1.85723e+16  , 64.0999  , 35.9001 
Wed Aug 21 01:54:11, Info:  Seismic moment (without plasticity): 1.19837e+20  Mw: 7.31573 
Wed Aug 21 01:54:11, Info:  Writing energy output at time 13 Done. 
Wed Aug 21 01:54:11, Info:  Time spent this phase (total): 26.5842 s (min: 26.5370 s, max: 26.6306 s)
Wed Aug 21 01:54:11, Info:  Time spent this phase (compute): 26.5841 s (min: 26.5370 s, max: 26.6305 s)
Wed Aug 21 01:54:11, Info:  Time spent this phase (IO): 53.9559 ms (min: 40.9797 ms, max: 83.6973 ms)
Wed Aug 21 01:54:11, Info:  Performance since the start: 9.4908 TFLOP/s (rank 0: 604.8506 GFLOP/s , average over ranks: 593.1745 GFLOP/s ) 
Wed Aug 21 01:54:11, Info:  Performance since last sync point: 9.4672 TFLOP/s (rank 0: 603.8647 GFLOP/s , average over ranks: 591.7021 GFLOP/s ) 
Wed Aug 21 01:54:37, Info:  Writing faultoutput at time 13.5.
Wed Aug 21 01:54:37, Info:  Writing faultoutput at time 13.5. Done.
Wed Aug 21 01:54:37, Info:  Writing energy output at time 13.5 
Wed Aug 21 01:54:38, Info:  Elastic energy (total, % kinematic, % potential):  2.01013e+16  , 22.9836  , 77.0164 
Wed Aug 21 01:54:38, Info:  Total momentum (X, Y, Z): 8.01035e+06  , -6.05805e+07  , -3.73515e+09 
Wed Aug 21 01:54:38, Info:  Frictional work (total, % static, % radiated):  2.01937e+16  , 63.9834  , 36.0166 
Wed Aug 21 01:54:38, Info:  Seismic moment (without plasticity): 1.31543e+20  Mw: 7.34271 
Wed Aug 21 01:54:38, Info:  Writing energy output at time 13.5 Done. 
Wed Aug 21 01:54:38, Info:  Time spent this phase (total): 26.4380 s (min: 26.3884 s, max: 26.4868 s)
Wed Aug 21 01:54:38, Info:  Time spent this phase (compute): 26.4380 s (min: 26.3883 s, max: 26.4868 s)
Wed Aug 21 01:54:38, Info:  Time spent this phase (IO): 56.1510 ms (min: 40.7524 ms, max: 133.2827 ms)
Wed Aug 21 01:54:38, Info:  Performance since the start: 9.4918 TFLOP/s (rank 0: 604.8981 GFLOP/s , average over ranks: 593.2405 GFLOP/s ) 
Wed Aug 21 01:54:38, Info:  Performance since last sync point: 9.5194 TFLOP/s (rank 0: 606.1368 GFLOP/s , average over ranks: 594.9614 GFLOP/s ) 
Wed Aug 21 01:55:04, Info:  Writing faultoutput at time 14.
Wed Aug 21 01:55:04, Info:  Writing faultoutput at time 14. Done.
Wed Aug 21 01:55:04, Info:  Writing free surface at time 14.
Wed Aug 21 01:55:04, Info:  Writing free surface at time 14. Done.
Wed Aug 21 01:55:04, Info:  Writing energy output at time 14 
Wed Aug 21 01:55:04, Info:  Elastic energy (total, % kinematic, % potential):  2.16305e+16  , 22.6963  , 77.3037 
Wed Aug 21 01:55:04, Info:  Total momentum (X, Y, Z): 6.45569e+07  , -1.33095e+08  , 1.3687e+10 
Wed Aug 21 01:55:04, Info:  Frictional work (total, % static, % radiated):  2.17428e+16  , 63.9685  , 36.0315 
Wed Aug 21 01:55:04, Info:  Seismic moment (without plasticity): 1.43169e+20  Mw: 7.36723 
Wed Aug 21 01:55:04, Info:  Writing energy output at time 14 Done. 
Wed Aug 21 01:55:04, Info:  Time spent this phase (total): 26.4918 s (min: 26.4634 s, max: 26.5076 s)
Wed Aug 21 01:55:04, Info:  Time spent this phase (compute): 26.4918 s (min: 26.4633 s, max: 26.5075 s)
Wed Aug 21 01:55:04, Info:  Time spent this phase (IO): 53.2733 ms (min: 40.8977 ms, max: 85.2755 ms)
Wed Aug 21 01:55:04, Info:  Performance since the start: 9.4921 TFLOP/s (rank 0: 604.9355 GFLOP/s , average over ranks: 593.2591 GFLOP/s ) 
Wed Aug 21 01:55:04, Info:  Performance since last sync point: 9.5002 TFLOP/s (rank 0: 605.9476 GFLOP/s , average over ranks: 593.7638 GFLOP/s ) 
Wed Aug 21 01:55:30, Info:  Writing faultoutput at time 14.5.
Wed Aug 21 01:55:30, Info:  Writing faultoutput at time 14.5. Done.
Wed Aug 21 01:55:30, Info:  Writing energy output at time 14.5 
Wed Aug 21 01:55:31, Info:  Elastic energy (total, % kinematic, % potential):  2.30828e+16  , 22.3752  , 77.6248 
Wed Aug 21 01:55:31, Info:  Total momentum (X, Y, Z): -1.94281e+08  , 2.28187e+08  , 4.97572e+09 
Wed Aug 21 01:55:31, Info:  Frictional work (total, % static, % radiated):  2.32174e+16  , 63.9922  , 36.0078 
Wed Aug 21 01:55:31, Info:  Seismic moment (without plasticity): 1.54742e+20  Mw: 7.38974 
Wed Aug 21 01:55:31, Info:  Writing energy output at time 14.5 Done. 
Wed Aug 21 01:55:31, Info:  Time spent this phase (total): 26.4505 s (min: 26.4225 s, max: 26.4816 s)
Wed Aug 21 01:55:31, Info:  Time spent this phase (compute): 26.4504 s (min: 26.4225 s, max: 26.4816 s)
Wed Aug 21 01:55:31, Info:  Time spent this phase (IO): 58.2148 ms (min: 40.8210 ms, max: 123.5052 ms)
Wed Aug 21 01:55:31, Info:  Performance since the start: 9.4929 TFLOP/s (rank 0: 604.9872 GFLOP/s , average over ranks: 593.3084 GFLOP/s ) 
Wed Aug 21 01:55:31, Info:  Performance since last sync point: 9.5150 TFLOP/s (rank 0: 606.4365 GFLOP/s , average over ranks: 594.6897 GFLOP/s ) 
Wed Aug 21 01:55:57, Info:  Writing faultoutput at time 15.
Wed Aug 21 01:55:57, Info:  Writing faultoutput at time 15. Done.
Wed Aug 21 01:55:57, Info:  Writing free surface at time 15.
Wed Aug 21 01:55:57, Info:  Writing free surface at time 15. Done.
Wed Aug 21 01:55:57, Info:  Writing energy output at time 15 
Wed Aug 21 01:55:57, Info:  Elastic energy (total, % kinematic, % potential):  2.4467e+16  , 21.9692  , 78.0308 
Wed Aug 21 01:55:57, Info:  Total momentum (X, Y, Z): 1.65782e+08  , 6.00646e+07  , -5.51944e+10 
Wed Aug 21 01:55:57, Info:  Frictional work (total, % static, % radiated):  2.46194e+16  , 64.0568  , 35.9432 
Wed Aug 21 01:55:57, Info:  Seismic moment (without plasticity): 1.66277e+20  Mw: 7.41055 
Wed Aug 21 01:55:57, Info:  Writing energy output at time 15 Done. 
Wed Aug 21 01:55:57, Info:  Time spent this phase (total): 26.5761 s (min: 26.5342 s, max: 26.6321 s)
Wed Aug 21 01:55:57, Info:  Time spent this phase (compute): 26.5763 s (min: 26.5341 s, max: 26.6320 s)
Wed Aug 21 01:55:57, Info:  Time spent this phase (IO): 59.5707 ms (min: 40.9743 ms, max: 144.9362 ms)
Wed Aug 21 01:55:57, Info:  Performance since the start: 9.4922 TFLOP/s (rank 0: 604.9225 GFLOP/s , average over ranks: 593.2602 GFLOP/s ) 
Wed Aug 21 01:55:57, Info:  Performance since last sync point: 9.4699 TFLOP/s (rank 0: 603.0520 GFLOP/s , average over ranks: 591.8688 GFLOP/s ) 
Wed Aug 21 01:56:23, Info:  Writing faultoutput at time 15.5.
Wed Aug 21 01:56:23, Info:  Writing faultoutput at time 15.5. Done.
Wed Aug 21 01:56:23, Info:  Writing energy output at time 15.5 
Wed Aug 21 01:56:24, Info:  Elastic energy (total, % kinematic, % potential):  2.57825e+16  , 21.465  , 78.535 
Wed Aug 21 01:56:24, Info:  Total momentum (X, Y, Z): 2.87019e+08  , -2.82565e+08  , -1.56089e+10 
Wed Aug 21 01:56:24, Info:  Frictional work (total, % static, % radiated):  2.59479e+16  , 64.1699  , 35.8301 
Wed Aug 21 01:56:24, Info:  Seismic moment (without plasticity): 1.77752e+20  Mw: 7.42988 
Wed Aug 21 01:56:24, Info:  Writing energy output at time 15.5 Done. 
Wed Aug 21 01:56:24, Info:  Time spent this phase (total): 26.4451 s (min: 26.4271 s, max: 26.4631 s)
Wed Aug 21 01:56:24, Info:  Time spent this phase (compute): 26.4448 s (min: 26.4270 s, max: 26.4630 s)
Wed Aug 21 01:56:24, Info:  Time spent this phase (IO): 56.4053 ms (min: 40.7325 ms, max: 112.1854 ms)
Wed Aug 21 01:56:24, Info:  Performance since the start: 9.4930 TFLOP/s (rank 0: 604.9873 GFLOP/s , average over ranks: 593.3101 GFLOP/s ) 
Wed Aug 21 01:56:24, Info:  Performance since last sync point: 9.5170 TFLOP/s (rank 0: 606.9386 GFLOP/s , average over ranks: 594.8100 GFLOP/s ) 
Wed Aug 21 01:56:50, Info:  Writing faultoutput at time 16.
Wed Aug 21 01:56:50, Info:  Writing faultoutput at time 16. Done.
Wed Aug 21 01:56:50, Info:  Writing free surface at time 16.
Wed Aug 21 01:56:50, Info:  Writing free surface at time 16. Done.
Wed Aug 21 01:56:50, Info:  Writing energy output at time 16 
Wed Aug 21 01:56:50, Info:  Elastic energy (total, % kinematic, % potential):  2.70158e+16  , 20.879  , 79.121 
Wed Aug 21 01:56:50, Info:  Total momentum (X, Y, Z): -1.31685e+09  , 3.71414e+08  , 1.54383e+11 
Wed Aug 21 01:56:50, Info:  Frictional work (total, % static, % radiated):  2.71913e+16  , 64.3421  , 35.6579 
Wed Aug 21 01:56:50, Info:  Seismic moment (without plasticity): 1.89118e+20  Mw: 7.44782 
Wed Aug 21 01:56:50, Info:  Writing energy output at time 16 Done. 
Wed Aug 21 01:56:50, Info:  Time spent this phase (total): 26.3981 s (min: 26.3521 s, max: 26.4366 s)
Wed Aug 21 01:56:50, Info:  Time spent this phase (compute): 26.3980 s (min: 26.3521 s, max: 26.4364 s)
Wed Aug 21 01:56:50, Info:  Time spent this phase (IO): 53.1427 ms (min: 40.8271 ms, max: 81.2819 ms)
Wed Aug 21 01:56:50, Info:  Performance since the start: 9.4942 TFLOP/s (rank 0: 605.0747 GFLOP/s , average over ranks: 593.3897 GFLOP/s ) 
Wed Aug 21 01:56:50, Info:  Performance since last sync point: 9.5339 TFLOP/s (rank 0: 607.7972 GFLOP/s , average over ranks: 595.8687 GFLOP/s ) 
Wed Aug 21 01:57:17, Info:  Writing faultoutput at time 16.5.
Wed Aug 21 01:57:17, Info:  Writing faultoutput at time 16.5. Done.
Wed Aug 21 01:57:17, Info:  Writing energy output at time 16.5 
Wed Aug 21 01:57:17, Info:  Elastic energy (total, % kinematic, % potential):  2.81541e+16  , 20.2343  , 79.7657 
Wed Aug 21 01:57:17, Info:  Total momentum (X, Y, Z): -1.00923e+09  , 4.26089e+08  , 9.52573e+10 
Wed Aug 21 01:57:17, Info:  Frictional work (total, % static, % radiated):  2.83366e+16  , 64.5595  , 35.4405 
Wed Aug 21 01:57:17, Info:  Seismic moment (without plasticity): 2.00293e+20  Mw: 7.46444 
Wed Aug 21 01:57:17, Info:  Writing energy output at time 16.5 Done. 
Wed Aug 21 01:57:17, Info:  Time spent this phase (total): 26.6888 s (min: 26.6654 s, max: 26.7088 s)
Wed Aug 21 01:57:17, Info:  Time spent this phase (compute): 26.6887 s (min: 26.6653 s, max: 26.7088 s)
Wed Aug 21 01:57:17, Info:  Time spent this phase (IO): 54.9732 ms (min: 40.8107 ms, max: 107.2378 ms)
Wed Aug 21 01:57:17, Info:  Performance since the start: 9.4923 TFLOP/s (rank 0: 604.9431 GFLOP/s , average over ranks: 593.2674 GFLOP/s ) 
Wed Aug 21 01:57:17, Info:  Performance since last sync point: 9.4301 TFLOP/s (rank 0: 600.7632 GFLOP/s , average over ranks: 589.3805 GFLOP/s ) 
Wed Aug 21 01:57:43, Info:  Writing faultoutput at time 17.
Wed Aug 21 01:57:43, Info:  Writing faultoutput at time 17. Done.
Wed Aug 21 01:57:43, Info:  Writing free surface at time 17.
Wed Aug 21 01:57:43, Info:  Writing free surface at time 17. Done.
Wed Aug 21 01:57:43, Info:  Writing energy output at time 17 
Wed Aug 21 01:57:43, Info:  Elastic energy (total, % kinematic, % potential):  2.91965e+16  , 19.5129  , 80.4871 
Wed Aug 21 01:57:43, Info:  Total momentum (X, Y, Z): 3.24608e+09  , -8.83426e+08  , -3.08455e+11 
Wed Aug 21 01:57:43, Info:  Frictional work (total, % static, % radiated):  2.93839e+16  , 64.823  , 35.177 
Wed Aug 21 01:57:43, Info:  Seismic moment (without plasticity): 2.11243e+20  Mw: 7.47985 
Wed Aug 21 01:57:43, Info:  Writing energy output at time 17 Done. 
Wed Aug 21 01:57:43, Info:  Time spent this phase (total): 26.5984 s (min: 26.5542 s, max: 26.6364 s)
Wed Aug 21 01:57:43, Info:  Time spent this phase (compute): 26.5983 s (min: 26.5541 s, max: 26.6364 s)
Wed Aug 21 01:57:43, Info:  Time spent this phase (IO): 55.8618 ms (min: 40.9505 ms, max: 95.5643 ms)
Wed Aug 21 01:57:43, Info:  Performance since the start: 9.4914 TFLOP/s (rank 0: 604.8895 GFLOP/s , average over ranks: 593.2116 GFLOP/s ) 
Wed Aug 21 01:57:43, Info:  Performance since last sync point: 9.4620 TFLOP/s (rank 0: 603.1247 GFLOP/s , average over ranks: 591.3757 GFLOP/s ) 
Wed Aug 21 01:58:10, Info:  Writing faultoutput at time 17.5.
Wed Aug 21 01:58:10, Info:  Writing faultoutput at time 17.5. Done.
Wed Aug 21 01:58:10, Info:  Writing energy output at time 17.5 
Wed Aug 21 01:58:10, Info:  Elastic energy (total, % kinematic, % potential):  3.01495e+16  , 18.6926  , 81.3074 
Wed Aug 21 01:58:10, Info:  Total momentum (X, Y, Z): 4.62794e+09  , -1.14261e+09  , -1.34888e+11 
Wed Aug 21 01:58:10, Info:  Frictional work (total, % static, % radiated):  3.03375e+16  , 65.1192  , 34.8808 
Wed Aug 21 01:58:10, Info:  Seismic moment (without plasticity): 2.21901e+20  Mw: 7.49411 
Wed Aug 21 01:58:10, Info:  Writing energy output at time 17.5 Done. 
Wed Aug 21 01:58:10, Info:  Time spent this phase (total): 26.4120 s (min: 26.3982 s, max: 26.4210 s)
Wed Aug 21 01:58:10, Info:  Time spent this phase (compute): 26.4120 s (min: 26.3981 s, max: 26.4209 s)
Wed Aug 21 01:58:10, Info:  Time spent this phase (IO): 54.0000 ms (min: 40.7297 ms, max: 104.8129 ms)
Wed Aug 21 01:58:10, Info:  Performance since the start: 9.4925 TFLOP/s (rank 0: 604.9532 GFLOP/s , average over ranks: 593.2781 GFLOP/s ) 
Wed Aug 21 01:58:10, Info:  Performance since last sync point: 9.5288 TFLOP/s (rank 0: 607.1251 GFLOP/s , average over ranks: 595.5502 GFLOP/s ) 
Wed Aug 21 01:58:36, Info:  Writing faultoutput at time 18.
Wed Aug 21 01:58:36, Info:  Writing faultoutput at time 18. Done.
Wed Aug 21 01:58:36, Info:  Writing free surface at time 18.
Wed Aug 21 01:58:36, Info:  Writing free surface at time 18. Done.
Wed Aug 21 01:58:36, Info:  Writing energy output at time 18 
Wed Aug 21 01:58:36, Info:  Elastic energy (total, % kinematic, % potential):  3.10219e+16  , 17.8386  , 82.1614 
Wed Aug 21 01:58:36, Info:  Total momentum (X, Y, Z): -2.7484e+09  , 1.5625e+09  , 2.23461e+12 
Wed Aug 21 01:58:36, Info:  Frictional work (total, % static, % radiated):  3.11993e+16  , 65.4574  , 34.5426 
Wed Aug 21 01:58:36, Info:  Seismic moment (without plasticity): 2.3216e+20  Mw: 7.50719 
Wed Aug 21 01:58:36, Info:  Writing energy output at time 18 Done. 
Wed Aug 21 01:58:36, Info:  Time spent this phase (total): 26.4020 s (min: 26.3885 s, max: 26.4103 s)
Wed Aug 21 01:58:36, Info:  Time spent this phase (compute): 26.4019 s (min: 26.3885 s, max: 26.4102 s)
Wed Aug 21 01:58:36, Info:  Time spent this phase (IO): 55.3795 ms (min: 40.8803 ms, max: 104.7514 ms)
Wed Aug 21 01:58:36, Info:  Performance since the start: 9.4936 TFLOP/s (rank 0: 605.0226 GFLOP/s , average over ranks: 593.3473 GFLOP/s ) 
Wed Aug 21 01:58:36, Info:  Performance since last sync point: 9.5325 TFLOP/s (rank 0: 607.4644 GFLOP/s , average over ranks: 595.7793 GFLOP/s ) 
Wed Aug 21 01:59:02, Info:  Writing faultoutput at time 18.5.
Wed Aug 21 01:59:02, Info:  Writing faultoutput at time 18.5. Done.
Wed Aug 21 01:59:02, Info:  Writing energy output at time 18.5 
Wed Aug 21 01:59:03, Info:  Elastic energy (total, % kinematic, % potential):  3.18444e+16  , 16.8701  , 83.1299 
Wed Aug 21 01:59:03, Info:  Total momentum (X, Y, Z): -9.98705e+09  , 4.38924e+09  , 7.63172e+12 
Wed Aug 21 01:59:03, Info:  Frictional work (total, % static, % radiated):  3.20093e+16  , 65.6042  , 34.3958 
Wed Aug 21 01:59:03, Info:  Seismic moment (without plasticity): 2.41649e+20  Mw: 7.51879 
Wed Aug 21 01:59:03, Info:  Writing energy output at time 18.5 Done. 
Wed Aug 21 01:59:03, Info:  Time spent this phase (total): 26.4646 s (min: 26.4437 s, max: 26.4754 s)
Wed Aug 21 01:59:03, Info:  Time spent this phase (compute): 26.4645 s (min: 26.4436 s, max: 26.4753 s)
Wed Aug 21 01:59:03, Info:  Time spent this phase (IO): 56.7719 ms (min: 40.8205 ms, max: 125.2631 ms)
Wed Aug 21 01:59:03, Info:  Performance since the start: 9.4940 TFLOP/s (rank 0: 605.0480 GFLOP/s , average over ranks: 593.3749 GFLOP/s ) 
Wed Aug 21 01:59:03, Info:  Performance since last sync point: 9.5099 TFLOP/s (rank 0: 605.9631 GFLOP/s , average over ranks: 594.3705 GFLOP/s ) 
Wed Aug 21 01:59:29, Info:  Writing faultoutput at time 19.
Wed Aug 21 01:59:29, Info:  Writing faultoutput at time 19. Done.
Wed Aug 21 01:59:29, Info:  Writing free surface at time 19.
Wed Aug 21 01:59:29, Info:  Writing free surface at time 19. Done.
Wed Aug 21 01:59:29, Info:  Writing energy output at time 19 
Wed Aug 21 01:59:29, Info:  Elastic energy (total, % kinematic, % potential):  3.2637e+16  , 15.8205  , 84.1795 
Wed Aug 21 01:59:29, Info:  Total momentum (X, Y, Z): -2.98367e+09  , -3.54216e+09  , 1.48308e+13 
Wed Aug 21 01:59:29, Info:  Frictional work (total, % static, % radiated):  3.27917e+16  , 65.6855  , 34.3145 
Wed Aug 21 01:59:29, Info:  Seismic moment (without plasticity): 2.49685e+20  Mw: 7.52826 
Wed Aug 21 01:59:29, Info:  Writing energy output at time 19 Done. 
Wed Aug 21 01:59:29, Info:  Time spent this phase (total): 26.5149 s (min: 26.4940 s, max: 26.5273 s)
Wed Aug 21 01:59:29, Info:  Time spent this phase (compute): 26.5148 s (min: 26.4939 s, max: 26.5272 s)
Wed Aug 21 01:59:29, Info:  Time spent this phase (IO): 59.7948 ms (min: 40.9315 ms, max: 151.8881 ms)
Wed Aug 21 01:59:29, Info:  Performance since the start: 9.4939 TFLOP/s (rank 0: 605.0404 GFLOP/s , average over ranks: 593.3715 GFLOP/s ) 
Wed Aug 21 01:59:29, Info:  Performance since last sync point: 9.4919 TFLOP/s (rank 0: 604.7582 GFLOP/s , average over ranks: 593.2427 GFLOP/s ) 
Wed Aug 21 01:59:56, Info:  Writing faultoutput at time 19.5.
Wed Aug 21 01:59:56, Info:  Writing faultoutput at time 19.5. Done.
Wed Aug 21 01:59:56, Info:  Writing energy output at time 19.5 
Wed Aug 21 01:59:56, Info:  Elastic energy (total, % kinematic, % potential):  3.33621e+16  , 14.8402  , 85.1598 
Wed Aug 21 01:59:56, Info:  Total momentum (X, Y, Z): 9.85922e+09  , -1.33442e+10  , 2.1428e+13 
Wed Aug 21 01:59:56, Info:  Frictional work (total, % static, % radiated):  3.35072e+16  , 65.8753  , 34.1247 
Wed Aug 21 01:59:56, Info:  Seismic moment (without plasticity): 2.5658e+20  Mw: 7.53615 
Wed Aug 21 01:59:56, Info:  Writing energy output at time 19.5 Done. 
Wed Aug 21 01:59:56, Info:  Time spent this phase (total): 26.5829 s (min: 26.5598 s, max: 26.6270 s)
Wed Aug 21 01:59:56, Info:  Time spent this phase (compute): 26.5828 s (min: 26.5598 s, max: 26.6269 s)
Wed Aug 21 01:59:56, Info:  Time spent this phase (IO): 53.2788 ms (min: 40.7554 ms, max: 91.7916 ms)
Wed Aug 21 01:59:56, Info:  Performance since the start: 9.4933 TFLOP/s (rank 0: 605.0088 GFLOP/s , average over ranks: 593.3291 GFLOP/s ) 
Wed Aug 21 01:59:56, Info:  Performance since last sync point: 9.4676 TFLOP/s (rank 0: 603.8132 GFLOP/s , average over ranks: 591.7257 GFLOP/s ) 
Wed Aug 21 02:00:22, Info:  Writing faultoutput at time 20.
Wed Aug 21 02:00:22, Info:  Writing faultoutput at time 20. Done.
Wed Aug 21 02:00:22, Info:  Writing free surface at time 20.
Wed Aug 21 02:00:22, Info:  Writing free surface at time 20. Done.
Wed Aug 21 02:00:22, Info:  Wrote receivers in 3.8e-07 seconds. 
Wed Aug 21 02:00:22, Info:  Writing energy output at time 20 
Wed Aug 21 02:00:22, Info:  Elastic energy (total, % kinematic, % potential):  3.40087e+16  , 13.9098  , 86.0902 
Wed Aug 21 02:00:22, Info:  Total momentum (X, Y, Z): 7.03785e+09  , -3.54947e+09  , 2.619e+13 
Wed Aug 21 02:00:22, Info:  Frictional work (total, % static, % radiated):  3.41516e+16  , 66.1267  , 33.8733 
Wed Aug 21 02:00:22, Info:  Seismic moment (without plasticity): 2.62482e+20  Mw: 7.54273 
Wed Aug 21 02:00:22, Info:  Writing energy output at time 20 Done. 
Wed Aug 21 02:00:22, Info:  Time spent this phase (total): 26.4852 s (min: 26.4472 s, max: 26.5259 s)
Wed Aug 21 02:00:22, Info:  Time spent this phase (compute): 26.4851 s (min: 26.4472 s, max: 26.5258 s)
Wed Aug 21 02:00:22, Info:  Time spent this phase (IO): 61.4050 ms (min: 40.9269 ms, max: 130.7246 ms)
Wed Aug 21 02:00:22, Info:  Performance since the start: 9.4935 TFLOP/s (rank 0: 605.0233 GFLOP/s , average over ranks: 593.3437 GFLOP/s ) 
Wed Aug 21 02:00:22, Info:  Performance since last sync point: 9.5026 TFLOP/s (rank 0: 605.5887 GFLOP/s , average over ranks: 593.9116 GFLOP/s ) 
Wed Aug 21 02:00:22, Info:  Ignoring duplicate synchronisation point at time 20 ; the last sync point was at  20 
Wed Aug 21 02:00:22, Info:  Ignoring duplicate synchronisation point at time 20 ; the last sync point was at  20 
Wed Aug 21 02:00:22, Info:  Ignoring duplicate synchronisation point at time 20 ; the last sync point was at  20 
Wed Aug 21 02:00:22, Info:  Ignoring duplicate synchronisation point at time 20 ; the last sync point was at  20 
Wed Aug 21 02:00:22, Info:  Simulation time (total): 17 min 40.4148 s (min: 17 min 40.3761 s, max: 17 min 40.4478 s)
Wed Aug 21 02:00:22, Info:  Simulation time (compute): 17 min 38.1274 s (min: 17 min 35.9950 s, max: 17 min 38.6975 s)
Wed Aug 21 02:00:22, Info:  Simulation time (IO): 2.2805 s (min: 1.6747 s, max: 4.4267 s)
Wed Aug 21 02:00:22, Info:  Time spent in compute kernels: mean = 1013.91  std = 14.8824  min = 982.964  median = 1010.16  max = 1046.1 
Wed Aug 21 02:00:22, Info:  Load imbalance: 3.07742 % 
Wed Aug 21 02:00:22, Info:  Regression analysis of compute kernels: 
Wed Aug 21 02:00:22, Info:  "computeLocalIntegration" (total time): 4918.04 s ( = 1 h 21 min 58.0365 s ) 
Wed Aug 21 02:00:22, Info:  "computeLocalIntegration" ( constant ): 1.84289e-05 (sample size: 5.14412e+06 , standard error: 4.23854e-12 ) 
Wed Aug 21 02:00:22, Info:  "computeLocalIntegration" ( per element ): 8.32359e-08 (sample size: 5.14412e+06 , standard error: 4.23854e-12 ) 
Wed Aug 21 02:00:22, Info:  "computeNeighboringIntegration" (total time): 6006.28 s ( = 1 h 40 min 6.2753 s ) 
Wed Aug 21 02:00:22, Info:  "computeNeighboringIntegration" ( constant ): 0.000134645 (sample size: 5.14412e+06 , standard error: 6.97026e-12 ) 
Wed Aug 21 02:00:22, Info:  "computeNeighboringIntegration" ( per element ): 9.16991e-08 (sample size: 5.14412e+06 , standard error: 6.97026e-12 ) 
Wed Aug 21 02:00:22, Info:  "computeDynamicRupture" (total time): 5298.23 s ( = 1 h 28 min 18.2333 s ) 
Wed Aug 21 02:00:22, Info:  "computeDynamicRupture" ( constant ): 7.97049e-05 (sample size: 4.06684e+06 , standard error: 3.81188e-11 ) 
Wed Aug 21 02:00:22, Info:  "computeDynamicRupture" ( per element ): 4.50265e-07 (sample size: 4.06684e+06 , standard error: 3.81188e-11 ) 
Wed Aug 21 02:00:22, Info:  "computePointSources" (total time): 0 s ( = 0.0000 s ) 
Wed Aug 21 02:00:22, Info:  "computePointSources" ( constant ): -nan (sample size: 0 , standard error: -nan ) 
Wed Aug 21 02:00:22, Info:  "computePointSources" ( per element ): -nan (sample size: 0 , standard error: -nan ) 
Wed Aug 21 02:00:22, Info:  Total time spent in compute kernels: 16222.5 s ( = 4 h 30 min 22.5451 s ) 
Wed Aug 21 02:00:22, Info:  Total calculated HW-FLOP:  10.0670 PFLOP 
Wed Aug 21 02:00:22, Info:  Total calculated NZ-FLOP:  4.0243 PFLOP 
Wed Aug 21 02:00:22, Info:  Total calculated HW-FLOP/s:  9.4932 TFLOP/s 
Wed Aug 21 02:00:22, Info:  Total calculated NZ-FLOP/s:  3.7949 TFLOP/s 
Wed Aug 21 02:00:22, Info:  WP calculated HW-FLOP:  8.3412 PFLOP 
Wed Aug 21 02:00:22, Info:  WP calculated NZ-FLOP:  2.7410 PFLOP 
Wed Aug 21 02:00:22, Info:  DR calculated HW-FLOP:  1.7258 PFLOP 
Wed Aug 21 02:00:22, Info:  DR calculated NZ-FLOP:  1.2832 PFLOP 
Wed Aug 21 02:00:22, Info:  PL calculated HW-FLOP:  0.0000 FLOP 
Wed Aug 21 02:00:22, Info:  PL calculated NZ-FLOP:  0.0000 FLOP 
Wed Aug 21 02:00:22, Info:  Time spent in simulation: 17 min 40.4483 s (min: 17 min 40.4482 s, max: 17 min 40.4492 s)
Wed Aug 21 02:00:22, Info:  Simulation done. 
Wed Aug 21 02:00:22, Info:  Closing IO. 
Wed Aug 21 02:00:23, Info:  Time fault writer backend: 4.6669 s (min: 1.7620 s, max: 30.3907 s)
Wed Aug 21 02:00:23, Info:  Time fault writer frontend: 45.8200 ms (min: 38.0288 ms, max: 50.5415 ms)
Wed Aug 21 02:00:25, Info:  Time free surface writer backend: 817.0813 ms (min: 4.1580 ms, max: 7.2362 s)
Wed Aug 21 02:00:25, Info:  Time free surface writer frontend: 3.3937 ms (min: 422.0340 s, max: 26.1136 ms)
Wed Aug 21 02:00:25, Info:  SeisSol done. Goodbye. 
SeisSol complete.
/hppfs/scratch/01/di35poq/haiti-rupture-outputs/dynamic-rupture-outputs/regional-only/jobid_3775959 ~/haiti-rupture-inputs/dynamic-rupture/regional-only
Writing hdf5 output with compression enabled (compression_level=4). 
Use --compression=0 if you want to speed-up data extraction.
ASl: 0it [00:00, ?it/s]ASl: 4it [00:00, 26.32it/s]ASl: 8it [00:00, 29.66it/s]ASl: 12it [00:00, 30.27it/s]ASl: 16it [00:00, 29.66it/s]ASl: 22it [00:00, 38.29it/s]ASl: 27it [00:00, 41.72it/s]ASl: 32it [00:00, 41.28it/s]ASl: 37it [00:01, 34.13it/s]ASl: 40it [00:01, 35.21it/s]
Sls: 0it [00:00, ?it/s]Sls: 2it [00:00, 17.81it/s]Sls: 4it [00:00, 15.65it/s]Sls: 8it [00:00, 20.42it/s]Sls: 12it [00:00, 22.11it/s]Sls: 16it [00:00, 21.83it/s]Sls: 20it [00:00, 21.84it/s]Sls: 24it [00:01, 21.10it/s]Sls: 28it [00:01, 19.75it/s]Sls: 32it [00:01, 21.81it/s]Sls: 35it [00:01, 23.40it/s]Sls: 38it [00:01, 21.48it/s]Sls: 40it [00:01, 21.50it/s]
Sld: 0it [00:00, ?it/s]Sld: 1it [00:00,  7.01it/s]Sld: 4it [00:00, 13.31it/s]Sld: 8it [00:00, 17.66it/s]Sld: 12it [00:00, 19.14it/s]Sld: 16it [00:00, 19.25it/s]Sld: 20it [00:01, 20.56it/s]Sld: 24it [00:01, 20.62it/s]Sld: 28it [00:01, 22.85it/s]Sld: 32it [00:01, 24.37it/s]Sld: 36it [00:01, 25.42it/s]Sld: 40it [00:01, 26.67it/s]Sld: 40it [00:01, 22.08it/s]
Ts0: 0it [00:00, ?it/s]Ts0: 1it [00:00,  4.89it/s]Ts0: 3it [00:00,  9.00it/s]Ts0: 4it [00:00,  7.45it/s]Ts0: 6it [00:00,  9.38it/s]Ts0: 8it [00:00,  8.75it/s]Ts0: 10it [00:01,  9.89it/s]Ts0: 12it [00:01,  8.96it/s]Ts0: 14it [00:01,  9.89it/s]Ts0: 16it [00:01,  9.29it/s]Ts0: 18it [00:01, 10.05it/s]Ts0: 20it [00:02, 10.42it/s]Ts0: 22it [00:02, 10.87it/s]Ts0: 24it [00:02, 10.89it/s]Ts0: 26it [00:02, 11.18it/s]Ts0: 28it [00:02,  9.90it/s]Ts0: 30it [00:03, 10.42it/s]Ts0: 32it [00:03, 10.54it/s]Ts0: 34it [00:03, 10.90it/s]Ts0: 36it [00:03, 10.96it/s]Ts0: 38it [00:03, 11.20it/s]Ts0: 40it [00:03, 11.38it/s]Ts0: 40it [00:03, 10.20it/s]
Td0: 0it [00:00, ?it/s]Td0: 1it [00:00,  3.82it/s]Td0: 3it [00:00,  8.18it/s]Td0: 5it [00:00,  9.99it/s]Td0: 7it [00:00, 11.23it/s]Td0: 9it [00:00,  9.71it/s]Td0: 11it [00:01, 10.75it/s]Td0: 13it [00:01, 11.17it/s]Td0: 15it [00:01, 11.78it/s]Td0: 17it [00:01, 10.55it/s]Td0: 19it [00:01, 11.26it/s]Td0: 21it [00:02, 10.23it/s]Td0: 23it [00:02, 10.95it/s]Td0: 25it [00:02, 10.33it/s]Td0: 27it [00:02, 11.01it/s]Td0: 29it [00:02, 11.29it/s]Td0: 31it [00:02, 11.72it/s]Td0: 33it [00:03, 11.74it/s]Td0: 35it [00:03, 12.03it/s]Td0: 37it [00:03, 11.88it/s]Td0: 39it [00:03, 12.11it/s]Td0: 40it [00:03, 11.00it/s]
Pn0: 0it [00:00, ?it/s]Pn0: 1it [00:00,  5.10it/s]Pn0: 3it [00:00,  8.87it/s]Pn0: 4it [00:00,  7.66it/s]Pn0: 6it [00:00,  9.33it/s]Pn0: 8it [00:00,  9.21it/s]Pn0: 10it [00:01, 10.06it/s]Pn0: 12it [00:01,  9.12it/s]Pn0: 14it [00:01,  9.87it/s]Pn0: 16it [00:01,  9.07it/s]Pn0: 18it [00:01,  9.74it/s]Pn0: 20it [00:02,  9.37it/s]Pn0: 22it [00:02,  9.90it/s]Pn0: 24it [00:02,  9.02it/s]Pn0: 26it [00:02,  9.58it/s]Pn0: 28it [00:02,  9.83it/s]Pn0: 30it [00:03, 10.19it/s]Pn0: 32it [00:03,  9.30it/s]Pn0: 34it [00:03,  9.77it/s]Pn0: 36it [00:03,  9.94it/s]Pn0: 38it [00:03, 10.25it/s]Pn0: 40it [00:04, 10.48it/s]Pn0: 40it [00:04,  9.62it/s]
T_s: 0it [00:00, ?it/s]T_s: 1it [00:00,  5.53it/s]T_s: 3it [00:00, 10.73it/s]T_s: 5it [00:00,  9.90it/s]T_s: 7it [00:00, 11.56it/s]T_s: 9it [00:00,  9.93it/s]T_s: 11it [00:01, 11.11it/s]T_s: 13it [00:01, 10.18it/s]T_s: 15it [00:01, 11.08it/s]T_s: 17it [00:01,  9.93it/s]T_s: 19it [00:01, 10.75it/s]T_s: 21it [00:02, 10.42it/s]T_s: 23it [00:02, 11.08it/s]T_s: 25it [00:02,  9.74it/s]T_s: 27it [00:02, 10.49it/s]T_s: 29it [00:02, 10.81it/s]T_s: 31it [00:02, 11.23it/s]T_s: 33it [00:03, 11.27it/s]T_s: 35it [00:03, 11.53it/s]T_s: 37it [00:03, 11.39it/s]T_s: 39it [00:03, 11.61it/s]T_s: 40it [00:03, 10.77it/s]
T_d: 0it [00:00, ?it/s]T_d: 1it [00:00,  5.83it/s]T_d: 3it [00:00, 11.01it/s]T_d: 5it [00:00, 10.47it/s]T_d: 7it [00:00, 11.99it/s]T_d: 9it [00:00, 10.65it/s]T_d: 11it [00:00, 11.68it/s]T_d: 13it [00:01,  9.96it/s]T_d: 15it [00:01, 10.92it/s]T_d: 17it [00:01,  9.77it/s]T_d: 19it [00:01, 10.63it/s]T_d: 21it [00:02,  9.84it/s]T_d: 23it [00:02, 10.64it/s]T_d: 25it [00:02,  9.80it/s]T_d: 27it [00:02, 10.59it/s]T_d: 29it [00:02,  9.74it/s]T_d: 31it [00:02, 10.47it/s]T_d: 33it [00:03, 10.78it/s]T_d: 35it [00:03, 11.25it/s]T_d: 37it [00:03, 11.28it/s]T_d: 39it [00:03, 11.57it/s]T_d: 40it [00:03, 10.66it/s]
P_n: 0it [00:00, ?it/s]P_n: 1it [00:00,  5.37it/s]P_n: 3it [00:00, 10.57it/s]P_n: 5it [00:00, 10.88it/s]P_n: 7it [00:00, 12.27it/s]P_n: 9it [00:00, 11.38it/s]P_n: 11it [00:00, 12.21it/s]P_n: 13it [00:01, 11.18it/s]P_n: 15it [00:01, 11.86it/s]P_n: 17it [00:01, 10.97it/s]P_n: 19it [00:01, 11.57it/s]P_n: 21it [00:01, 10.10it/s]P_n: 23it [00:02, 10.83it/s]P_n: 25it [00:02, 11.07it/s]P_n: 27it [00:02, 11.56it/s]P_n: 29it [00:02, 11.66it/s]P_n: 31it [00:02, 11.97it/s]P_n: 33it [00:02, 10.86it/s]P_n: 35it [00:03, 11.35it/s]P_n: 37it [00:03, 11.48it/s]P_n: 39it [00:03, 11.81it/s]P_n: 40it [00:03, 11.32it/s]
Mud: 0it [00:00, ?it/s]Mud: 4it [00:00, 24.24it/s]Mud: 8it [00:00, 26.06it/s]Mud: 16it [00:00, 33.25it/s]Mud: 20it [00:00, 32.57it/s]Mud: 24it [00:00, 30.74it/s]Mud: 32it [00:00, 40.81it/s]Mud: 40it [00:01, 48.08it/s]Mud: 40it [00:01, 38.78it/s]
Vr: 0it [00:00, ?it/s]Vr: 1it [00:00,  8.52it/s]Vr: 5it [00:00, 25.73it/s]Vr: 8it [00:00, 24.83it/s]Vr: 12it [00:00, 27.01it/s]Vr: 16it [00:00, 28.28it/s]Vr: 20it [00:00, 30.76it/s]Vr: 26it [00:00, 37.35it/s]Vr: 30it [00:00, 33.26it/s]Vr: 35it [00:01, 36.26it/s]Vr: 39it [00:01, 36.98it/s]Vr: 40it [00:01, 32.60it/s]
done writing output_jobid_3775959_extracted-fault.h5
done writing output_jobid_3775959_extracted-fault.xdmf
full path: /hppfs/scratch/01/di35poq/haiti-rupture-outputs/dynamic-rupture-outputs/regional-only/jobid_3775959/output_jobid_3775959_extracted-fault.xdmf
Writing hdf5 output with compression enabled (compression_level=4). 
Use --compression=0 if you want to speed-up data extraction.
u1: 0it [00:00, ?it/s]u1: 1it [00:00,  9.62it/s]u1: 4it [00:00, 20.90it/s]u1: 15it [00:00, 59.40it/s]u1: 20it [00:00, 46.05it/s]
u2: 0it [00:00, ?it/s]u2: 4it [00:00, 34.43it/s]u2: 8it [00:00, 34.17it/s]u2: 18it [00:00, 60.84it/s]u2: 20it [00:00, 55.34it/s]
u3: 0it [00:00, ?it/s]u3: 1it [00:00,  7.51it/s]u3: 5it [00:00, 23.71it/s]u3: 11it [00:00, 38.21it/s]u3: 16it [00:00, 38.60it/s]u3: 20it [00:00, 39.20it/s]
done writing output_jobid_3775959_extracted-surface.h5
done writing output_jobid_3775959_extracted-surface.xdmf
full path: /hppfs/scratch/01/di35poq/haiti-rupture-outputs/dynamic-rupture-outputs/regional-only/jobid_3775959/output_jobid_3775959_extracted-surface.xdmf
Working on JobID: 3775959
/hppfs/scratch/01/di35poq/haiti-rupture-outputs/dynamic-rupture-outputs/regional-only/jobid_3775959/output_jobid_3775959_extracted-fault.xdmf
mu_s: 0.6
mu_d: 0.5
done writing /hppfs/scratch/01/di35poq/haiti-rupture-outputs/dynamic-rupture-outputs/regional-only/jobid_3775959/jobid_3775959_R-fault.xdmf
full path: /hppfs/scratch/01/di35poq/haiti-rupture-outputs/dynamic-rupture-outputs/regional-only/jobid_3775959/jobid_3775959_R-fault.xdmf
done writing /hppfs/scratch/01/di35poq/haiti-rupture-outputs/dynamic-rupture-outputs/regional-only/jobid_3775959/jobid_3775959_R-fault.h5
warning: Mw computed over 0-85s (avoiding contribution of small residual moment after rupture)
jobid_3775959 moment magnitude: 7.542733017685231 (M0 = 2.6248e+20)
Finished writing /hppfs/scratch/01/di35poq/haiti-rupture-outputs/dynamic-rupture-outputs/regional-only/jobid_3775959/moment_rate_mainshock.png
Job ID set as: 3775959
mu_s: 0.6
mu_d: 0.5
~/haiti-rupture-inputs/dynamic-rupture/regional-only
