num_nodes: 16 ntasks: 16 cpus_per_task:
Line 63 replaced with: OutputFile='/hppfs/scratch/01/di35poq/haiti-rupture-outputs/dynamic-rupture-outputs/regional-only/jobid_3757228'
Mon Aug 19 17:51:59, Info:  Using the parameter file parameters.par 
Mon Aug 19 17:51:59, Info:  Reading SeisSol parameter file... 
Mon Aug 19 17:51:59, Info:  In your parameter file, you have specified a non-positive interval for "checkpointinterval" . This mechanism is deprecated and may be removed in a future version of SeisSol. Consider disabling the whole module by setting "checkpoint" to 0 instead by adding "checkpoint = 0" to the "output" section of your parameter file instead. 
Mon Aug 19 17:51:59, Info:  The field "printintervalcriterion" is no longer in use. You may safely remove it from your parameters file. 
Mon Aug 19 17:51:59, Info:  Disabling the wavefield output by setting "outputformat = 10" is deprecated and may be removed in a future version of SeisSol. Consider using the parameter "wavefieldoutput" instead. To disable wavefield output, add "wavefieldoutput = 0" to the "output" section of your parameters file. 
Mon Aug 19 17:51:59, Info:  The field "printintervalcriterion" is no longer in use. You may safely remove it from your parameters file. 
Mon Aug 19 17:51:59, Info:  The field "pickdttype" is no longer in use. You may safely remove it from your parameters file. 
Mon Aug 19 17:51:59, Info:  The field "faultoutputflag" is no longer in use. You may safely remove it from your parameters file. 
Mon Aug 19 17:51:59, Info:  The field "boundaries" is no longer in use. You may safely remove it from your parameters file. 
Mon Aug 19 17:51:59, Info:  SeisSol parameter file read successfully. 
Mon Aug 19 17:51:59, Info:  Model information: 
Mon Aug 19 17:51:59, Info:  Elastic model: yes 
Mon Aug 19 17:51:59, Info:  Viscoelastic model: no 
Mon Aug 19 17:51:59, Info:  Anelastic model: no 
Mon Aug 19 17:51:59, Info:  Poroelastic model: no 
Mon Aug 19 17:51:59, Info:  Anisotropic model: no 
Mon Aug 19 17:51:59, Info:  Plasticity: no 
Mon Aug 19 17:51:59, Info:  Welcome to SeisSol 
Mon Aug 19 17:51:59, Info:  Copyright (c) 2012 - 2024  SeisSol Group 
Mon Aug 19 17:51:59, Info:  Version: v1.1.4-148-g60aedc8c (dirty) 
Mon Aug 19 17:51:59, Info:  Built on: Jun 17 2024 21:03:35 
Mon Aug 19 17:51:59, Info:  Last commit: 60aedc8c2ae0a5d9e5a46cc3a40e4eaf1c047225 at 2024-06-06T12:54:08+00:00 
Mon Aug 19 17:51:59, Info:  Compiled with HOST_ARCH = skx 
Mon Aug 19 17:51:59, Info:  Running on (rank=0): "i01r01c01s01" 
Mon Aug 19 17:51:59, Info:  Using MPI with #ranks: 16 
Mon Aug 19 17:51:59, Info:  Node-wide (shared memory) MPI with #ranks/node: 1 
Mon Aug 19 17:51:59, Info:  Using asynchronous MPI routines. 
Mon Aug 19 17:51:59, Info:  Using OMP with #threads/rank: 94 
Mon Aug 19 17:51:59, Info:  OpenMP worker affinity (this process): "0123456789|0123456789|0123456789|0123456789|0123456-89|0123456789|0123456789|0123456789|0123456789|01234-" 
Mon Aug 19 17:51:59, Info:  OpenMP worker affinity (this node)   : "0123456789|0123456789|0123456789|0123456789|0123456-89|0123456789|0123456789|0123456789|0123456789|01234-" 
Mon Aug 19 17:51:59, Info:  Using a communication thread for advancing MPI communication. 
Mon Aug 19 17:51:59, Info:  Communication thread affinity        : "----------|----------|----------|----------|-------7--|----------|----------|----------|----------|-----5" 
Mon Aug 19 17:51:59, Info:  The stack size ulimit is 2097152 [kiB] ( = 2.0000 GiB ). 
Mon Aug 19 17:51:59, Info:  Begin init mesh. 
Mon Aug 19 17:51:59, Info:  Mesh file: "/dss/dsshome1/01/di35poq/mesh/mesh_v07/Haiti_v07_lowres" 
Mon Aug 19 17:51:59, Info:  Running mini SeisSol to determine node weights. 
Mon Aug 19 17:51:59, Info:  miniSeisSol configured with 50000 elements and 10 repeats per process 
Mon Aug 19 17:51:59, Info:  Node weights: mean = 41.5863  std = 0.30438  min = 40.7218  median = 41.6125  max = 42.0361 
Mon Aug 19 17:51:59, Info:  Reading PUML mesh 
Mon Aug 19 17:51:59, Info:  Inferring boundary format. 
Mon Aug 19 17:51:59, Info:  Boundary format not given in PUML file; inferring from array shape. 
Mon Aug 19 17:51:59, Info:  Using boundary format: i32 (4xi8) 
Mon Aug 19 17:51:59, Info:  Found 2685422 cells 
Mon Aug 19 17:51:59, Info:  Found 477078 vertices 
Mon Aug 19 17:52:01, Info:  Computing LTS weights. 
Mon Aug 19 17:52:04, Info:  Limiting number of clusters to 2147483646 
Mon Aug 19 17:52:04, Info:  Computing LTS weights. Done.  (108216 reductions.)
Mon Aug 19 17:52:04, Info:  Using the Parmetis partition library and strategy. 
Mon Aug 19 17:52:07, Info:  PUML mesh read in: 7.8229 s (min: 7.7562 s, max: 7.9717 s)
Mon Aug 19 17:52:07, Info:  The mesh has been read. Starting post processing. 
Mon Aug 19 17:52:07, Info:  Extracting fault information. 
Mon Aug 19 17:52:07, Info:  Exchanging ghostlayer metadata. 
Mon Aug 19 17:52:09, Info:  Mesh initialized in: 9.9025 s (min: 9.9021 s, max: 9.9029 s)
Mon Aug 19 17:52:09, Info:  End init mesh. 
Mon Aug 19 17:52:09, Info:  Begin init model. 
Mon Aug 19 17:52:09, Info:  Initialize LTS. 
Mon Aug 19 17:52:09, Info:  Deriving clusters ids for min. time step width / multiRate: 0.000213316 / 2 
Mon Aug 19 17:52:09, Info:  Due to wiggle factor of 1 the minimum timestep size is reduced to 0.000213316 
Mon Aug 19 17:52:09, Info:  Number of elements in time clusters: 
Mon Aug 19 17:52:09, Info:  0: 2088 
Mon Aug 19 17:52:09, Info:  1: 265401 
Mon Aug 19 17:52:09, Info:  2: 1618976 
Mon Aug 19 17:52:09, Info:  3: 538212 
Mon Aug 19 17:52:09, Info:  4: 147352 
Mon Aug 19 17:52:09, Info:  5: 35652 
Mon Aug 19 17:52:09, Info:  6: 11329 
Mon Aug 19 17:52:09, Info:  7: 18592 
Mon Aug 19 17:52:09, Info:  8: 47781 
Mon Aug 19 17:52:09, Info:  9: 39 
Mon Aug 19 17:52:09, Info:  maximum theoretical speedup (compared to GTS): 6.4313 per cell LTS, 4.34786 with the used clustering. 
Mon Aug 19 17:52:09, Info:  Number of elements in dynamic rupture time clusters: 
Mon Aug 19 17:52:09, Info:  0 (dr): 618 
Mon Aug 19 17:52:09, Info:  1 (dr): 78813 
Mon Aug 19 17:52:09, Info:  2 (dr): 309939 
Mon Aug 19 17:52:09, Info:  3 (dr): 2510 
Mon Aug 19 17:52:09, Info:  4 (dr): 0 
Mon Aug 19 17:52:09, Info:  5 (dr): 0 
Mon Aug 19 17:52:09, Info:  6 (dr): 0 
Mon Aug 19 17:52:09, Info:  7 (dr): 0 
Mon Aug 19 17:52:09, Info:  8 (dr): 0 
Mon Aug 19 17:52:09, Info:  9 (dr): 0 
Mon Aug 19 17:52:09, Info:  Initialize Friction Model 
Mon Aug 19 17:52:12, Info:  Initialize cell material parameters. 
Mon Aug 19 17:52:13, Info:  Initialize Memory layout. 
Mon Aug 19 17:52:14, Info:  Initialize cell-local matrices. 
Mon Aug 19 17:52:14, Info:  Initializing Fault, using a quadrature rule with  25  points. 
Mon Aug 19 17:55:40, Info:  Model initialized in: 3 min 31.0015 s (min: 3 min 30.9995 s, max: 3 min 31.0043 s)
Mon Aug 19 17:55:40, Info:  End init model. 
Mon Aug 19 17:55:40, Info:  Setting initial conditions. 
Mon Aug 19 17:55:40, Info:  Using initial condition "Zero" . 
Mon Aug 19 17:55:40, Info:  Reading source. 
Mon Aug 19 17:55:40, Info:  No source term specified. 
Mon Aug 19 17:55:40, Info:  Setting up boundary conditions. 
Mon Aug 19 17:55:40, Info:  Begin init output. 
Mon Aug 19 17:55:40, Info:  Initializing free surface integrator. 
Mon Aug 19 17:55:40, Info:  Initializing free surface integrator. Done. 
Mon Aug 19 17:55:40, Info:  Enabling 2D fault output 
Mon Aug 19 17:55:40, Info:  Initializing Fault output. Number of sub-triangles: 4 
Mon Aug 19 17:55:40, Info:  Initializing XDMF fault output. 
Mon Aug 19 17:55:40, Info:  Fault writer thread affinity: "----------|----------|----------|----------|-------7--|----------|----------|----------|----------|-----5" 
Mon Aug 19 17:55:40, Info:  Initializing XDMF fault output. Done. 
Mon Aug 19 17:55:40, Info:  Initializing free surface output. 
Mon Aug 19 17:55:40, Info:  Free surface writer thread affinity: "----------|----------|----------|----------|-------7--|----------|----------|----------|----------|-----5" 
Mon Aug 19 17:55:40, Info:  No record points read. 
Mon Aug 19 17:55:40, Info:  Finding meshIds for receivers... 
Mon Aug 19 17:55:40, Info:  Cleaning possible double occurring receivers for MPI... 
Mon Aug 19 17:55:40, Info:  Mapping receivers to LTS cells... 
Mon Aug 19 17:55:40, Info:  Initializing energy output. 
Mon Aug 19 17:55:40, Info:  End init output. 
Mon Aug 19 17:55:40, Info:  Initializing free surface output. Done. 
Mon Aug 19 17:55:40, Info:  Finishing initialization... 
Mon Aug 19 17:55:40, Info:  Starting simulation. 
Mon Aug 19 17:55:40, Info:  Writing faultoutput at time 0.
Mon Aug 19 17:55:40, Info:  Writing faultoutput at time 0. Done.
Mon Aug 19 17:55:40, Info:  Writing free surface at time 0.
Mon Aug 19 17:55:40, Info:  Writing free surface at time 0. Done.
Mon Aug 19 17:55:40, Info:  Writing energy output at time 0 
Mon Aug 19 17:55:41, Info:  Total momentum (X, Y, Z): 0  , 0  , 0 
Mon Aug 19 17:55:41, Info:  Writing energy output at time 0 Done. 
Mon Aug 19 17:55:41, Info:  Time spent for initial IO: 52.6568 ms (min: 41.5364 ms, max: 67.6859 ms)
Mon Aug 19 17:56:07, Info:  Writing faultoutput at time 0.5.
Mon Aug 19 17:56:07, Info:  Writing faultoutput at time 0.5. Done.
Mon Aug 19 17:56:07, Info:  Writing energy output at time 0.5 
Mon Aug 19 17:56:08, Info:  Elastic energy (total, % kinematic, % potential):  1.33613e+13  , 24.3373  , 75.6627 
Mon Aug 19 17:56:08, Info:  Total momentum (X, Y, Z): 0.0297093  , 0.0281762  , -0.00646693 
Mon Aug 19 17:56:08, Info:  Frictional work (total, % static, % radiated):  1.35095e+13  , 73.3006  , 26.6994 
Mon Aug 19 17:56:08, Info:  Seismic moment (without plasticity): 5.18515e+16  Mw: 5.07317 
Mon Aug 19 17:56:08, Info:  Writing energy output at time 0.5 Done. 
Mon Aug 19 17:56:08, Info:  Time spent this phase (total): 27.0230 s (min: 26.9595 s, max: 27.0610 s)
Mon Aug 19 17:56:08, Info:  Time spent this phase (compute): 26.9704 s (min: 26.9149 s, max: 27.0013 s)
Mon Aug 19 17:56:08, Info:  Time spent this phase (IO): 57.5958 ms (min: 39.6929 ms, max: 123.3255 ms)
Mon Aug 19 17:56:08, Info:  Performance since the start: 9.3134 TFLOP/s (rank 0: 584.1727 GFLOP/s , average over ranks: 582.0891 GFLOP/s ) 
Mon Aug 19 17:56:08, Info:  Performance since last sync point: 9.3134 TFLOP/s (rank 0: 584.1727 GFLOP/s , average over ranks: 582.0891 GFLOP/s ) 
Mon Aug 19 17:56:34, Info:  Writing faultoutput at time 1.
Mon Aug 19 17:56:34, Info:  Writing faultoutput at time 1. Done.
Mon Aug 19 17:56:34, Info:  Writing free surface at time 1.
Mon Aug 19 17:56:34, Info:  Writing free surface at time 1. Done.
Mon Aug 19 17:56:34, Info:  Writing energy output at time 1 
Mon Aug 19 17:56:35, Info:  Elastic energy (total, % kinematic, % potential):  1.06577e+14  , 21.842  , 78.158 
Mon Aug 19 17:56:35, Info:  Total momentum (X, Y, Z): 1.48761  , 1.1443  , 0.0914387 
Mon Aug 19 17:56:35, Info:  Frictional work (total, % static, % radiated):  1.09308e+14  , 73.9411  , 26.0589 
Mon Aug 19 17:56:35, Info:  Seismic moment (without plasticity): 3.95609e+17  Mw: 5.66151 
Mon Aug 19 17:56:35, Info:  Writing energy output at time 1 Done. 
Mon Aug 19 17:56:35, Info:  Time spent this phase (total): 27.0665 s (min: 27.0172 s, max: 27.0943 s)
Mon Aug 19 17:56:35, Info:  Time spent this phase (compute): 27.0663 s (min: 27.0170 s, max: 27.0941 s)
Mon Aug 19 17:56:35, Info:  Time spent this phase (IO): 54.5432 ms (min: 39.8836 ms, max: 102.2646 ms)
Mon Aug 19 17:56:35, Info:  Performance since the start: 9.3060 TFLOP/s (rank 0: 584.1925 GFLOP/s , average over ranks: 581.6224 GFLOP/s ) 
Mon Aug 19 17:56:35, Info:  Performance since last sync point: 9.2985 TFLOP/s (rank 0: 584.2124 GFLOP/s , average over ranks: 581.1574 GFLOP/s ) 
Mon Aug 19 17:57:01, Info:  Writing faultoutput at time 1.5.
Mon Aug 19 17:57:01, Info:  Writing faultoutput at time 1.5. Done.
Mon Aug 19 17:57:01, Info:  Writing energy output at time 1.5 
Mon Aug 19 17:57:02, Info:  Elastic energy (total, % kinematic, % potential):  2.97176e+14  , 18.195  , 81.805 
Mon Aug 19 17:57:02, Info:  Total momentum (X, Y, Z): 1.59602  , -0.0365963  , 0.189674 
Mon Aug 19 17:57:02, Info:  Frictional work (total, % static, % radiated):  3.02097e+14  , 77.9111  , 22.0889 
Mon Aug 19 17:57:02, Info:  Seismic moment (without plasticity): 1.13755e+18  Mw: 5.96731 
Mon Aug 19 17:57:02, Info:  Writing energy output at time 1.5 Done. 
Mon Aug 19 17:57:02, Info:  Time spent this phase (total): 26.9606 s (min: 26.9456 s, max: 26.9715 s)
Mon Aug 19 17:57:02, Info:  Time spent this phase (compute): 26.9605 s (min: 26.9455 s, max: 26.9714 s)
Mon Aug 19 17:57:02, Info:  Time spent this phase (IO): 52.2212 ms (min: 39.7606 ms, max: 93.6237 ms)
Mon Aug 19 17:57:02, Info:  Performance since the start: 9.3156 TFLOP/s (rank 0: 584.9121 GFLOP/s , average over ranks: 582.2267 GFLOP/s ) 
Mon Aug 19 17:57:02, Info:  Performance since last sync point: 9.3350 TFLOP/s (rank 0: 586.3565 GFLOP/s , average over ranks: 583.4391 GFLOP/s ) 
Mon Aug 19 17:57:28, Info:  Writing faultoutput at time 2.
Mon Aug 19 17:57:28, Info:  Writing faultoutput at time 2. Done.
Mon Aug 19 17:57:28, Info:  Writing free surface at time 2.
Mon Aug 19 17:57:28, Info:  Writing free surface at time 2. Done.
Mon Aug 19 17:57:28, Info:  Writing energy output at time 2 
Mon Aug 19 17:57:28, Info:  Elastic energy (total, % kinematic, % potential):  5.73993e+14  , 17.9885  , 82.0115 
Mon Aug 19 17:57:28, Info:  Total momentum (X, Y, Z): 1.10322  , 0.253271  , 0.546457 
Mon Aug 19 17:57:28, Info:  Frictional work (total, % static, % radiated):  5.79613e+14  , 81.4593  , 18.5407 
Mon Aug 19 17:57:28, Info:  Seismic moment (without plasticity): 2.2566e+18  Mw: 6.16564 
Mon Aug 19 17:57:28, Info:  Writing energy output at time 2 Done. 
Mon Aug 19 17:57:28, Info:  Time spent this phase (total): 26.7995 s (min: 26.7950 s, max: 26.8137 s)
Mon Aug 19 17:57:28, Info:  Time spent this phase (compute): 26.7994 s (min: 26.7950 s, max: 26.8137 s)
Mon Aug 19 17:57:28, Info:  Time spent this phase (IO): 54.3378 ms (min: 39.7921 ms, max: 96.9241 ms)
Mon Aug 19 17:57:28, Info:  Performance since the start: 9.3344 TFLOP/s (rank 0: 586.1523 GFLOP/s , average over ranks: 583.3996 GFLOP/s ) 
Mon Aug 19 17:57:28, Info:  Performance since last sync point: 9.3912 TFLOP/s (rank 0: 589.9046 GFLOP/s , average over ranks: 586.9469 GFLOP/s ) 
Mon Aug 19 17:57:55, Info:  Writing faultoutput at time 2.5.
Mon Aug 19 17:57:55, Info:  Writing faultoutput at time 2.5. Done.
Mon Aug 19 17:57:55, Info:  Writing energy output at time 2.5 
Mon Aug 19 17:57:55, Info:  Elastic energy (total, % kinematic, % potential):  1.17818e+15  , 22.7293  , 77.2707 
Mon Aug 19 17:57:55, Info:  Total momentum (X, Y, Z): -32.4489  , -5.73275  , 8.1525 
Mon Aug 19 17:57:55, Info:  Frictional work (total, % static, % radiated):  1.18802e+15  , 79.0265  , 20.9735 
Mon Aug 19 17:57:55, Info:  Seismic moment (without plasticity): 4.40528e+18  Mw: 6.35932 
Mon Aug 19 17:57:55, Info:  Writing energy output at time 2.5 Done. 
Mon Aug 19 17:57:55, Info:  Time spent this phase (total): 26.9887 s (min: 26.9682 s, max: 26.9976 s)
Mon Aug 19 17:57:55, Info:  Time spent this phase (compute): 26.9886 s (min: 26.9682 s, max: 26.9975 s)
Mon Aug 19 17:57:55, Info:  Time spent this phase (IO): 53.1534 ms (min: 39.8372 ms, max: 85.8914 ms)
Mon Aug 19 17:57:55, Info:  Performance since the start: 9.3326 TFLOP/s (rank 0: 586.0951 GFLOP/s , average over ranks: 583.2861 GFLOP/s ) 
Mon Aug 19 17:57:55, Info:  Performance since last sync point: 9.3253 TFLOP/s (rank 0: 585.8666 GFLOP/s , average over ranks: 582.8325 GFLOP/s ) 
Mon Aug 19 17:58:22, Info:  Writing faultoutput at time 3.
Mon Aug 19 17:58:22, Info:  Writing faultoutput at time 3. Done.
Mon Aug 19 17:58:22, Info:  Writing free surface at time 3.
Mon Aug 19 17:58:22, Info:  Writing free surface at time 3. Done.
Mon Aug 19 17:58:22, Info:  Writing energy output at time 3 
Mon Aug 19 17:58:22, Info:  Elastic energy (total, % kinematic, % potential):  2.45123e+15  , 26.7172  , 73.2828 
Mon Aug 19 17:58:22, Info:  Total momentum (X, Y, Z): -98.4953  , -11.8411  , 33.0861 
Mon Aug 19 17:58:22, Info:  Frictional work (total, % static, % radiated):  2.47665e+15  , 73.5844  , 26.4156 
Mon Aug 19 17:58:22, Info:  Seismic moment (without plasticity): 8.40251e+18  Mw: 6.54627 
Mon Aug 19 17:58:22, Info:  Writing energy output at time 3 Done. 
Mon Aug 19 17:58:22, Info:  Time spent this phase (total): 26.7637 s (min: 26.7495 s, max: 26.7916 s)
Mon Aug 19 17:58:22, Info:  Time spent this phase (compute): 26.7636 s (min: 26.7494 s, max: 26.7916 s)
Mon Aug 19 17:58:22, Info:  Time spent this phase (IO): 55.3142 ms (min: 40.0095 ms, max: 98.6792 ms)
Mon Aug 19 17:58:22, Info:  Performance since the start: 9.3444 TFLOP/s (rank 0: 586.8410 GFLOP/s , average over ranks: 584.0222 GFLOP/s ) 
Mon Aug 19 17:58:22, Info:  Performance since last sync point: 9.4037 TFLOP/s (rank 0: 590.5993 GFLOP/s , average over ranks: 587.7309 GFLOP/s ) 
Mon Aug 19 17:58:49, Info:  Writing faultoutput at time 3.5.
Mon Aug 19 17:58:49, Info:  Writing faultoutput at time 3.5. Done.
Mon Aug 19 17:58:49, Info:  Writing energy output at time 3.5 
Mon Aug 19 17:58:49, Info:  Elastic energy (total, % kinematic, % potential):  4.72584e+15  , 29.1989  , 70.8011 
Mon Aug 19 17:58:49, Info:  Total momentum (X, Y, Z): -219.624  , -8.97791  , 88.5712 
Mon Aug 19 17:58:49, Info:  Frictional work (total, % static, % radiated):  4.79426e+15  , 68.9707  , 31.0293 
Mon Aug 19 17:58:49, Info:  Seismic moment (without plasticity): 1.50014e+19  Mw: 6.71409 
Mon Aug 19 17:58:49, Info:  Writing energy output at time 3.5 Done. 
Mon Aug 19 17:58:49, Info:  Time spent this phase (total): 26.7165 s (min: 26.6866 s, max: 26.7422 s)
Mon Aug 19 17:58:49, Info:  Time spent this phase (compute): 26.7164 s (min: 26.6865 s, max: 26.7421 s)
Mon Aug 19 17:58:49, Info:  Time spent this phase (IO): 55.7683 ms (min: 39.8609 ms, max: 101.7164 ms)
Mon Aug 19 17:58:49, Info:  Performance since the start: 9.3551 TFLOP/s (rank 0: 587.4932 GFLOP/s , average over ranks: 584.6956 GFLOP/s ) 
Mon Aug 19 17:58:49, Info:  Performance since last sync point: 9.4203 TFLOP/s (rank 0: 591.4368 GFLOP/s , average over ranks: 588.7691 GFLOP/s ) 
Mon Aug 19 17:59:16, Info:  Writing faultoutput at time 4.
Mon Aug 19 17:59:16, Info:  Writing faultoutput at time 4. Done.
Mon Aug 19 17:59:16, Info:  Writing free surface at time 4.
Mon Aug 19 17:59:16, Info:  Writing free surface at time 4. Done.
Mon Aug 19 17:59:16, Info:  Writing energy output at time 4 
Mon Aug 19 17:59:16, Info:  Elastic energy (total, % kinematic, % potential):  8.40964e+15  , 30.7671  , 69.2329 
Mon Aug 19 17:59:16, Info:  Total momentum (X, Y, Z): -537.944  , -0.476959  , 217.534 
Mon Aug 19 17:59:16, Info:  Frictional work (total, % static, % radiated):  8.55812e+15  , 65.5309  , 34.4691 
Mon Aug 19 17:59:16, Info:  Seismic moment (without plasticity): 2.49934e+19  Mw: 6.86188 
Mon Aug 19 17:59:16, Info:  Writing energy output at time 4 Done. 
Mon Aug 19 17:59:16, Info:  Time spent this phase (total): 26.7962 s (min: 26.7350 s, max: 26.8787 s)
Mon Aug 19 17:59:16, Info:  Time spent this phase (compute): 26.7962 s (min: 26.7349 s, max: 26.8786 s)
Mon Aug 19 17:59:16, Info:  Time spent this phase (IO): 59.2309 ms (min: 39.9959 ms, max: 83.7594 ms)
Mon Aug 19 17:59:16, Info:  Performance since the start: 9.3598 TFLOP/s (rank 0: 587.7629 GFLOP/s , average over ranks: 584.9854 GFLOP/s ) 
Mon Aug 19 17:59:16, Info:  Performance since last sync point: 9.3924 TFLOP/s (rank 0: 589.6582 GFLOP/s , average over ranks: 587.0234 GFLOP/s ) 
Mon Aug 19 17:59:42, Info:  Writing faultoutput at time 4.5.
Mon Aug 19 17:59:42, Info:  Writing faultoutput at time 4.5. Done.
Mon Aug 19 17:59:42, Info:  Writing energy output at time 4.5 
Mon Aug 19 17:59:42, Info:  Elastic energy (total, % kinematic, % potential):  1.39303e+16  , 31.8018  , 68.1982 
Mon Aug 19 17:59:42, Info:  Total momentum (X, Y, Z): -126.798  , 91.8666  , 154.776 
Mon Aug 19 17:59:42, Info:  Frictional work (total, % static, % radiated):  1.42205e+16  , 63.0563  , 36.9437 
Mon Aug 19 17:59:42, Info:  Seismic moment (without plasticity): 3.92265e+19  Mw: 6.99239 
Mon Aug 19 17:59:42, Info:  Writing energy output at time 4.5 Done. 
Mon Aug 19 17:59:42, Info:  Time spent this phase (total): 26.7901 s (min: 26.7175 s, max: 26.8510 s)
Mon Aug 19 17:59:42, Info:  Time spent this phase (compute): 26.7900 s (min: 26.7174 s, max: 26.8510 s)
Mon Aug 19 17:59:42, Info:  Time spent this phase (IO): 50.7884 ms (min: 39.8433 ms, max: 69.8894 ms)
Mon Aug 19 17:59:42, Info:  Performance since the start: 9.3636 TFLOP/s (rank 0: 588.0764 GFLOP/s , average over ranks: 585.2251 GFLOP/s ) 
Mon Aug 19 17:59:42, Info:  Performance since last sync point: 9.3944 TFLOP/s (rank 0: 590.5963 GFLOP/s , average over ranks: 587.1514 GFLOP/s ) 
Mon Aug 19 18:00:09, Info:  Writing faultoutput at time 5.
Mon Aug 19 18:00:09, Info:  Writing faultoutput at time 5. Done.
Mon Aug 19 18:00:09, Info:  Writing free surface at time 5.
Mon Aug 19 18:00:09, Info:  Writing free surface at time 5. Done.
Mon Aug 19 18:00:09, Info:  Writing energy output at time 5 
Mon Aug 19 18:00:09, Info:  Elastic energy (total, % kinematic, % potential):  2.18327e+16  , 32.5303  , 67.4697 
Mon Aug 19 18:00:09, Info:  Total momentum (X, Y, Z): 561.863  , 444.472  , -362.049 
Mon Aug 19 18:00:09, Info:  Frictional work (total, % static, % radiated):  2.23182e+16  , 61.2704  , 38.7296 
Mon Aug 19 18:00:09, Info:  Seismic moment (without plasticity): 5.85977e+19  Mw: 7.10859 
Mon Aug 19 18:00:09, Info:  Writing energy output at time 5 Done. 
Mon Aug 19 18:00:09, Info:  Time spent this phase (total): 26.6874 s (min: 26.6673 s, max: 26.7211 s)
Mon Aug 19 18:00:09, Info:  Time spent this phase (compute): 26.6873 s (min: 26.6672 s, max: 26.7210 s)
Mon Aug 19 18:00:09, Info:  Time spent this phase (IO): 55.3955 ms (min: 39.9850 ms, max: 100.9222 ms)
Mon Aug 19 18:00:09, Info:  Performance since the start: 9.3703 TFLOP/s (rank 0: 588.4985 GFLOP/s , average over ranks: 585.6410 GFLOP/s ) 
Mon Aug 19 18:00:09, Info:  Performance since last sync point: 9.4306 TFLOP/s (rank 0: 592.3244 GFLOP/s , average over ranks: 589.4109 GFLOP/s ) 
Mon Aug 19 18:00:36, Info:  Writing faultoutput at time 5.5.
Mon Aug 19 18:00:36, Info:  Writing faultoutput at time 5.5. Done.
Mon Aug 19 18:00:36, Info:  Writing energy output at time 5.5 
Mon Aug 19 18:00:36, Info:  Elastic energy (total, % kinematic, % potential):  3.26844e+16  , 33.1243  , 66.8757 
Mon Aug 19 18:00:36, Info:  Total momentum (X, Y, Z): 1522.99  , 374.198  , 633.809 
Mon Aug 19 18:00:36, Info:  Frictional work (total, % static, % radiated):  3.34795e+16  , 59.9318  , 40.0682 
Mon Aug 19 18:00:36, Info:  Seismic moment (without plasticity): 8.41987e+19  Mw: 7.21354 
Mon Aug 19 18:00:36, Info:  Writing energy output at time 5.5 Done. 
Mon Aug 19 18:00:36, Info:  Time spent this phase (total): 26.8596 s (min: 26.8287 s, max: 26.8690 s)
Mon Aug 19 18:00:36, Info:  Time spent this phase (compute): 26.8595 s (min: 26.8287 s, max: 26.8689 s)
Mon Aug 19 18:00:36, Info:  Time spent this phase (IO): 54.2861 ms (min: 39.8698 ms, max: 100.8123 ms)
Mon Aug 19 18:00:36, Info:  Performance since the start: 9.3702 TFLOP/s (rank 0: 588.5014 GFLOP/s , average over ranks: 585.6403 GFLOP/s ) 
Mon Aug 19 18:00:36, Info:  Performance since last sync point: 9.3701 TFLOP/s (rank 0: 588.5309 GFLOP/s , average over ranks: 585.6336 GFLOP/s ) 
Mon Aug 19 18:01:03, Info:  Writing faultoutput at time 6.
Mon Aug 19 18:01:03, Info:  Writing faultoutput at time 6. Done.
Mon Aug 19 18:01:03, Info:  Writing free surface at time 6.
Mon Aug 19 18:01:03, Info:  Writing free surface at time 6. Done.
Mon Aug 19 18:01:03, Info:  Writing energy output at time 6 
Mon Aug 19 18:01:03, Info:  Elastic energy (total, % kinematic, % potential):  4.70861e+16  , 33.5409  , 66.4591 
Mon Aug 19 18:01:03, Info:  Total momentum (X, Y, Z): 1159  , 1677.44  , -490.938 
Mon Aug 19 18:01:03, Info:  Frictional work (total, % static, % radiated):  4.83004e+16  , 58.8834  , 41.1166 
Mon Aug 19 18:01:03, Info:  Seismic moment (without plasticity): 1.17221e+20  Mw: 7.30934 
Mon Aug 19 18:01:03, Info:  Writing energy output at time 6 Done. 
Mon Aug 19 18:01:03, Info:  Time spent this phase (total): 26.6316 s (min: 26.6224 s, max: 26.6530 s)
Mon Aug 19 18:01:03, Info:  Time spent this phase (compute): 26.6315 s (min: 26.6223 s, max: 26.6529 s)
Mon Aug 19 18:01:03, Info:  Time spent this phase (IO): 53.1830 ms (min: 39.9968 ms, max: 81.4938 ms)
Mon Aug 19 18:01:03, Info:  Performance since the start: 9.3769 TFLOP/s (rank 0: 588.9349 GFLOP/s , average over ranks: 586.0543 GFLOP/s ) 
Mon Aug 19 18:01:03, Info:  Performance since last sync point: 9.4503 TFLOP/s (rank 0: 593.7463 GFLOP/s , average over ranks: 590.6468 GFLOP/s ) 
Mon Aug 19 18:01:29, Info:  Writing faultoutput at time 6.5.
Mon Aug 19 18:01:29, Info:  Writing faultoutput at time 6.5. Done.
Mon Aug 19 18:01:29, Info:  Writing energy output at time 6.5 
Mon Aug 19 18:01:30, Info:  Elastic energy (total, % kinematic, % potential):  6.30826e+16  , 32.7737  , 67.2263 
Mon Aug 19 18:01:30, Info:  Total momentum (X, Y, Z): 6019.66  , -796.117  , -11381.2 
Mon Aug 19 18:01:30, Info:  Frictional work (total, % static, % radiated):  6.47778e+16  , 58.2132  , 41.7868 
Mon Aug 19 18:01:30, Info:  Seismic moment (without plasticity): 1.56344e+20  Mw: 7.39272 
Mon Aug 19 18:01:30, Info:  Writing energy output at time 6.5 Done. 
Mon Aug 19 18:01:30, Info:  Time spent this phase (total): 26.9563 s (min: 26.9233 s, max: 26.9853 s)
Mon Aug 19 18:01:30, Info:  Time spent this phase (compute): 26.9562 s (min: 26.9232 s, max: 26.9852 s)
Mon Aug 19 18:01:30, Info:  Time spent this phase (IO): 56.2798 ms (min: 39.7829 ms, max: 116.3286 ms)
Mon Aug 19 18:01:30, Info:  Performance since the start: 9.3737 TFLOP/s (rank 0: 588.7238 GFLOP/s , average over ranks: 585.8594 GFLOP/s ) 
Mon Aug 19 18:01:30, Info:  Performance since last sync point: 9.3365 TFLOP/s (rank 0: 586.2016 GFLOP/s , average over ranks: 583.5308 GFLOP/s ) 
Mon Aug 19 18:01:57, Info:  Writing faultoutput at time 7.
Mon Aug 19 18:01:57, Info:  Writing faultoutput at time 7. Done.
Mon Aug 19 18:01:57, Info:  Writing free surface at time 7.
Mon Aug 19 18:01:57, Info:  Writing free surface at time 7. Done.
Mon Aug 19 18:01:57, Info:  Writing energy output at time 7 
Mon Aug 19 18:01:57, Info:  Elastic energy (total, % kinematic, % potential):  7.95516e+16  , 31.3567  , 68.6433 
Mon Aug 19 18:01:57, Info:  Total momentum (X, Y, Z): -9463.28  , 8470.19  , 55603.5 
Mon Aug 19 18:01:57, Info:  Frictional work (total, % static, % radiated):  8.1725e+16  , 57.6001  , 42.3999 
Mon Aug 19 18:01:57, Info:  Seismic moment (without plasticity): 1.9708e+20  Mw: 7.45976 
Mon Aug 19 18:01:57, Info:  Writing energy output at time 7 Done. 
Mon Aug 19 18:01:57, Info:  Time spent this phase (total): 27.0692 s (min: 27.0419 s, max: 27.1048 s)
Mon Aug 19 18:01:57, Info:  Time spent this phase (compute): 27.0691 s (min: 27.0418 s, max: 27.1046 s)
Mon Aug 19 18:01:57, Info:  Time spent this phase (IO): 54.3995 ms (min: 39.9632 ms, max: 82.4230 ms)
Mon Aug 19 18:01:57, Info:  Performance since the start: 9.3683 TFLOP/s (rank 0: 588.3963 GFLOP/s , average over ranks: 585.5168 GFLOP/s ) 
Mon Aug 19 18:01:57, Info:  Performance since last sync point: 9.2976 TFLOP/s (rank 0: 584.1719 GFLOP/s , average over ranks: 581.0995 GFLOP/s ) 
Mon Aug 19 18:02:23, Info:  Writing faultoutput at time 7.5.
Mon Aug 19 18:02:23, Info:  Writing faultoutput at time 7.5. Done.
Mon Aug 19 18:02:23, Info:  Writing energy output at time 7.5 
Mon Aug 19 18:02:23, Info:  Elastic energy (total, % kinematic, % potential):  9.59197e+16  , 30.1938  , 69.8062 
Mon Aug 19 18:02:23, Info:  Total momentum (X, Y, Z): 43218.6  , -24828.4  , -143741 
Mon Aug 19 18:02:23, Info:  Frictional work (total, % static, % radiated):  9.86478e+16  , 57.1308  , 42.8692 
Mon Aug 19 18:02:23, Info:  Seismic moment (without plasticity): 2.38477e+20  Mw: 7.51496 
Mon Aug 19 18:02:23, Info:  Writing energy output at time 7.5 Done. 
Mon Aug 19 18:02:23, Info:  Time spent this phase (total): 26.7345 s (min: 26.7226 s, max: 26.7520 s)
Mon Aug 19 18:02:23, Info:  Time spent this phase (compute): 26.7341 s (min: 26.7198 s, max: 26.7520 s)
Mon Aug 19 18:02:23, Info:  Time spent this phase (IO): 50.3948 ms (min: 39.8218 ms, max: 66.9505 ms)
Mon Aug 19 18:02:23, Info:  Performance since the start: 9.3713 TFLOP/s (rank 0: 588.6021 GFLOP/s , average over ranks: 585.7064 GFLOP/s ) 
Mon Aug 19 18:02:23, Info:  Performance since last sync point: 9.4140 TFLOP/s (rank 0: 591.4985 GFLOP/s , average over ranks: 588.3748 GFLOP/s ) 
Mon Aug 19 18:02:50, Info:  Writing faultoutput at time 8.
Mon Aug 19 18:02:50, Info:  Writing faultoutput at time 8. Done.
Mon Aug 19 18:02:50, Info:  Writing free surface at time 8.
Mon Aug 19 18:02:50, Info:  Writing free surface at time 8. Done.
Mon Aug 19 18:02:50, Info:  Writing energy output at time 8 
Mon Aug 19 18:02:50, Info:  Elastic energy (total, % kinematic, % potential):  1.12009e+17  , 29.3571  , 70.6429 
Mon Aug 19 18:02:50, Info:  Total momentum (X, Y, Z): -100985  , 83711.4  , 87702.8 
Mon Aug 19 18:02:50, Info:  Frictional work (total, % static, % radiated):  1.15271e+17  , 56.7953  , 43.2047 
Mon Aug 19 18:02:50, Info:  Seismic moment (without plasticity): 2.80419e+20  Mw: 7.56187 
Mon Aug 19 18:02:50, Info:  Writing energy output at time 8 Done. 
Mon Aug 19 18:02:50, Info:  Time spent this phase (total): 26.7591 s (min: 26.7090 s, max: 26.8019 s)
Mon Aug 19 18:02:50, Info:  Time spent this phase (compute): 26.7590 s (min: 26.7090 s, max: 26.8018 s)
Mon Aug 19 18:02:50, Info:  Time spent this phase (IO): 62.5078 ms (min: 39.9647 ms, max: 140.8376 ms)
Mon Aug 19 18:02:50, Info:  Performance since the start: 9.3734 TFLOP/s (rank 0: 588.6971 GFLOP/s , average over ranks: 585.8387 GFLOP/s ) 
Mon Aug 19 18:02:50, Info:  Performance since last sync point: 9.4053 TFLOP/s (rank 0: 590.1255 GFLOP/s , average over ranks: 587.8306 GFLOP/s ) 
Mon Aug 19 18:03:17, Info:  Writing faultoutput at time 8.5.
Mon Aug 19 18:03:17, Info:  Writing faultoutput at time 8.5. Done.
Mon Aug 19 18:03:17, Info:  Writing energy output at time 8.5 
Mon Aug 19 18:03:17, Info:  Elastic energy (total, % kinematic, % potential):  1.27765e+17  , 28.7569  , 71.2431 
Mon Aug 19 18:03:17, Info:  Total momentum (X, Y, Z): 217679  , -170760  , 1.01519e+06 
Mon Aug 19 18:03:17, Info:  Frictional work (total, % static, % radiated):  1.31589e+17  , 56.5529  , 43.4471 
Mon Aug 19 18:03:17, Info:  Seismic moment (without plasticity): 3.22924e+20  Mw: 7.60273 
Mon Aug 19 18:03:17, Info:  Writing energy output at time 8.5 Done. 
Mon Aug 19 18:03:17, Info:  Time spent this phase (total): 26.5601 s (min: 26.5306 s, max: 26.5995 s)
Mon Aug 19 18:03:17, Info:  Time spent this phase (compute): 26.5597 s (min: 26.5305 s, max: 26.5994 s)
Mon Aug 19 18:03:17, Info:  Time spent this phase (IO): 52.1227 ms (min: 39.8154 ms, max: 75.6522 ms)
Mon Aug 19 18:03:17, Info:  Performance since the start: 9.3794 TFLOP/s (rank 0: 589.1039 GFLOP/s , average over ranks: 586.2113 GFLOP/s ) 
Mon Aug 19 18:03:17, Info:  Performance since last sync point: 9.4758 TFLOP/s (rank 0: 595.6896 GFLOP/s , average over ranks: 592.2385 GFLOP/s ) 
Mon Aug 19 18:03:43, Info:  Writing faultoutput at time 9.
Mon Aug 19 18:03:43, Info:  Writing faultoutput at time 9. Done.
Mon Aug 19 18:03:43, Info:  Writing free surface at time 9.
Mon Aug 19 18:03:43, Info:  Writing free surface at time 9. Done.
Mon Aug 19 18:03:43, Info:  Writing energy output at time 9 
Mon Aug 19 18:03:43, Info:  Elastic energy (total, % kinematic, % potential):  1.43171e+17  , 28.3109  , 71.6891 
Mon Aug 19 18:03:43, Info:  Total momentum (X, Y, Z): -283450  , 243890  , -5.90127e+06 
Mon Aug 19 18:03:43, Info:  Frictional work (total, % static, % radiated):  1.47624e+17  , 56.3679  , 43.6321 
Mon Aug 19 18:03:43, Info:  Seismic moment (without plasticity): 3.66043e+20  Mw: 7.63902 
Mon Aug 19 18:03:43, Info:  Writing energy output at time 9 Done. 
Mon Aug 19 18:03:43, Info:  Time spent this phase (total): 26.7146 s (min: 26.6447 s, max: 26.7521 s)
Mon Aug 19 18:03:43, Info:  Time spent this phase (compute): 26.7145 s (min: 26.6446 s, max: 26.7521 s)
Mon Aug 19 18:03:43, Info:  Time spent this phase (IO): 57.7065 ms (min: 40.1498 ms, max: 112.6427 ms)
Mon Aug 19 18:03:43, Info:  Performance since the start: 9.3817 TFLOP/s (rank 0: 589.2371 GFLOP/s , average over ranks: 586.3552 GFLOP/s ) 
Mon Aug 19 18:03:43, Info:  Performance since last sync point: 9.4210 TFLOP/s (rank 0: 591.5121 GFLOP/s , average over ranks: 588.8141 GFLOP/s ) 
Mon Aug 19 18:04:10, Info:  Writing faultoutput at time 9.5.
Mon Aug 19 18:04:10, Info:  Writing faultoutput at time 9.5. Done.
Mon Aug 19 18:04:10, Info:  Writing energy output at time 9.5 
Mon Aug 19 18:04:10, Info:  Elastic energy (total, % kinematic, % potential):  1.58234e+17  , 27.9703  , 72.0297 
Mon Aug 19 18:04:10, Info:  Total momentum (X, Y, Z): 274172  , -416026  , 1.97254e+07 
Mon Aug 19 18:04:10, Info:  Frictional work (total, % static, % radiated):  1.63409e+17  , 56.23  , 43.77 
Mon Aug 19 18:04:10, Info:  Seismic moment (without plasticity): 4.09823e+20  Mw: 7.67173 
Mon Aug 19 18:04:10, Info:  Writing energy output at time 9.5 Done. 
Mon Aug 19 18:04:10, Info:  Time spent this phase (total): 26.7450 s (min: 26.7112 s, max: 26.8111 s)
Mon Aug 19 18:04:10, Info:  Time spent this phase (compute): 26.7449 s (min: 26.7112 s, max: 26.8111 s)
Mon Aug 19 18:04:10, Info:  Time spent this phase (IO): 55.1178 ms (min: 39.9055 ms, max: 101.7192 ms)
Mon Aug 19 18:04:10, Info:  Performance since the start: 9.3832 TFLOP/s (rank 0: 589.3424 GFLOP/s , average over ranks: 586.4489 GFLOP/s ) 
Mon Aug 19 18:04:10, Info:  Performance since last sync point: 9.4103 TFLOP/s (rank 0: 591.2444 GFLOP/s , average over ranks: 588.1409 GFLOP/s ) 
Mon Aug 19 18:04:37, Info:  Writing faultoutput at time 10.
Mon Aug 19 18:04:37, Info:  Writing faultoutput at time 10. Done.
Mon Aug 19 18:04:37, Info:  Writing free surface at time 10.
Mon Aug 19 18:04:37, Info:  Writing free surface at time 10. Done.
Mon Aug 19 18:04:37, Info:  Wrote receivers in 7.25e-07 seconds. 
Mon Aug 19 18:04:37, Info:  Writing energy output at time 10 
Mon Aug 19 18:04:37, Info:  Elastic energy (total, % kinematic, % potential):  1.73042e+17  , 27.6725  , 72.3275 
Mon Aug 19 18:04:37, Info:  Total momentum (X, Y, Z): 395072  , 1.74145e+06  , -4.40233e+07 
Mon Aug 19 18:04:37, Info:  Frictional work (total, % static, % radiated):  1.78989e+17  , 56.1356  , 43.8644 
Mon Aug 19 18:04:37, Info:  Seismic moment (without plasticity): 4.54213e+20  Mw: 7.70151 
Mon Aug 19 18:04:37, Info:  Writing energy output at time 10 Done. 
Mon Aug 19 18:04:37, Info:  Time spent this phase (total): 26.7208 s (min: 26.6841 s, max: 26.7466 s)
Mon Aug 19 18:04:37, Info:  Time spent this phase (compute): 26.7207 s (min: 26.6840 s, max: 26.7465 s)
Mon Aug 19 18:04:37, Info:  Time spent this phase (IO): 54.5377 ms (min: 40.1493 ms, max: 81.4190 ms)
Mon Aug 19 18:04:37, Info:  Performance since the start: 9.3850 TFLOP/s (rank 0: 589.4550 GFLOP/s , average over ranks: 586.5599 GFLOP/s ) 
Mon Aug 19 18:04:37, Info:  Performance since last sync point: 9.4188 TFLOP/s (rank 0: 591.6026 GFLOP/s , average over ranks: 588.6762 GFLOP/s ) 
Mon Aug 19 18:05:04, Info:  Writing faultoutput at time 10.5.
Mon Aug 19 18:05:04, Info:  Writing faultoutput at time 10.5. Done.
Mon Aug 19 18:05:04, Info:  Writing energy output at time 10.5 
Mon Aug 19 18:05:04, Info:  Elastic energy (total, % kinematic, % potential):  1.87645e+17  , 27.3908  , 72.6092 
Mon Aug 19 18:05:04, Info:  Total momentum (X, Y, Z): -3.12036e+06  , -4.70638e+06  , 3.61441e+07 
Mon Aug 19 18:05:04, Info:  Frictional work (total, % static, % radiated):  1.94401e+17  , 56.0619  , 43.9381 
Mon Aug 19 18:05:04, Info:  Seismic moment (without plasticity): 4.99276e+20  Mw: 7.72889 
Mon Aug 19 18:05:04, Info:  Writing energy output at time 10.5 Done. 
Mon Aug 19 18:05:04, Info:  Time spent this phase (total): 26.7752 s (min: 26.7543 s, max: 26.7789 s)
Mon Aug 19 18:05:04, Info:  Time spent this phase (compute): 26.7751 s (min: 26.7542 s, max: 26.7788 s)
Mon Aug 19 18:05:04, Info:  Time spent this phase (IO): 53.0403 ms (min: 39.9501 ms, max: 89.3248 ms)
Mon Aug 19 18:05:04, Info:  Performance since the start: 9.3857 TFLOP/s (rank 0: 589.4968 GFLOP/s , average over ranks: 586.6036 GFLOP/s ) 
Mon Aug 19 18:05:04, Info:  Performance since last sync point: 9.3997 TFLOP/s (rank 0: 590.3340 GFLOP/s , average over ranks: 587.4793 GFLOP/s ) 
Mon Aug 19 18:05:30, Info:  Writing faultoutput at time 11.
Mon Aug 19 18:05:30, Info:  Writing faultoutput at time 11. Done.
Mon Aug 19 18:05:30, Info:  Writing free surface at time 11.
Mon Aug 19 18:05:30, Info:  Writing free surface at time 11. Done.
Mon Aug 19 18:05:30, Info:  Writing energy output at time 11 
Mon Aug 19 18:05:30, Info:  Elastic energy (total, % kinematic, % potential):  2.02093e+17  , 27.0886  , 72.9114 
Mon Aug 19 18:05:30, Info:  Total momentum (X, Y, Z): 1.05434e+07  , 1.1608e+06  , 1.80807e+08 
Mon Aug 19 18:05:30, Info:  Frictional work (total, % static, % radiated):  2.09695e+17  , 56.0174  , 43.9826 
Mon Aug 19 18:05:30, Info:  Seismic moment (without plasticity): 5.45112e+20  Mw: 7.75432 
Mon Aug 19 18:05:30, Info:  Writing energy output at time 11 Done. 
Mon Aug 19 18:05:30, Info:  Time spent this phase (total): 26.6876 s (min: 26.6730 s, max: 26.7065 s)
Mon Aug 19 18:05:30, Info:  Time spent this phase (compute): 26.6875 s (min: 26.6729 s, max: 26.7064 s)
Mon Aug 19 18:05:30, Info:  Time spent this phase (IO): 55.1076 ms (min: 39.9684 ms, max: 101.0361 ms)
Mon Aug 19 18:05:30, Info:  Performance since the start: 9.3877 TFLOP/s (rank 0: 589.6275 GFLOP/s , average over ranks: 586.7305 GFLOP/s ) 
Mon Aug 19 18:05:30, Info:  Performance since last sync point: 9.4305 TFLOP/s (rank 0: 592.3842 GFLOP/s , average over ranks: 589.4072 GFLOP/s ) 
Mon Aug 19 18:05:57, Info:  Writing faultoutput at time 11.5.
Mon Aug 19 18:05:57, Info:  Writing faultoutput at time 11.5. Done.
Mon Aug 19 18:05:57, Info:  Writing energy output at time 11.5 
Mon Aug 19 18:05:57, Info:  Elastic energy (total, % kinematic, % potential):  2.16475e+17  , 26.7696  , 73.2304 
Mon Aug 19 18:05:57, Info:  Total momentum (X, Y, Z): -1.75418e+07  , 2.81027e+07  , -7.8692e+08 
Mon Aug 19 18:05:57, Info:  Frictional work (total, % static, % radiated):  2.24949e+17  , 55.997  , 44.003 
Mon Aug 19 18:05:57, Info:  Seismic moment (without plasticity): 5.91886e+20  Mw: 7.77816 
Mon Aug 19 18:05:57, Info:  Writing energy output at time 11.5 Done. 
Mon Aug 19 18:05:57, Info:  Time spent this phase (total): 26.6606 s (min: 26.6439 s, max: 26.6813 s)
Mon Aug 19 18:05:57, Info:  Time spent this phase (compute): 26.6606 s (min: 26.6438 s, max: 26.6812 s)
Mon Aug 19 18:05:57, Info:  Time spent this phase (IO): 52.9352 ms (min: 39.8409 ms, max: 79.3263 ms)
Mon Aug 19 18:05:57, Info:  Performance since the start: 9.3900 TFLOP/s (rank 0: 589.7737 GFLOP/s , average over ranks: 586.8720 GFLOP/s ) 
Mon Aug 19 18:05:57, Info:  Performance since last sync point: 9.4401 TFLOP/s (rank 0: 593.0097 GFLOP/s , average over ranks: 590.0037 GFLOP/s ) 
Mon Aug 19 18:06:24, Info:  Writing faultoutput at time 12.
Mon Aug 19 18:06:24, Info:  Writing faultoutput at time 12. Done.
Mon Aug 19 18:06:24, Info:  Writing free surface at time 12.
Mon Aug 19 18:06:24, Info:  Writing free surface at time 12. Done.
Mon Aug 19 18:06:24, Info:  Writing energy output at time 12 
Mon Aug 19 18:06:24, Info:  Elastic energy (total, % kinematic, % potential):  2.30875e+17  , 26.4402  , 73.5598 
Mon Aug 19 18:06:24, Info:  Total momentum (X, Y, Z): 2.89669e+06  , -7.29683e+07  , 9.79907e+08 
Mon Aug 19 18:06:24, Info:  Frictional work (total, % static, % radiated):  2.40216e+17  , 55.9802  , 44.0198 
Mon Aug 19 18:06:24, Info:  Seismic moment (without plasticity): 6.39714e+20  Mw: 7.80066 
Mon Aug 19 18:06:24, Info:  Writing energy output at time 12 Done. 
Mon Aug 19 18:06:24, Info:  Time spent this phase (total): 26.6144 s (min: 26.6088 s, max: 26.6325 s)
Mon Aug 19 18:06:24, Info:  Time spent this phase (compute): 26.6143 s (min: 26.6087 s, max: 26.6324 s)
Mon Aug 19 18:06:24, Info:  Time spent this phase (IO): 54.2846 ms (min: 40.0698 ms, max: 74.5945 ms)
Mon Aug 19 18:06:24, Info:  Performance since the start: 9.3927 TFLOP/s (rank 0: 589.9509 GFLOP/s , average over ranks: 587.0440 GFLOP/s ) 
Mon Aug 19 18:06:24, Info:  Performance since last sync point: 9.4565 TFLOP/s (rank 0: 594.0561 GFLOP/s , average over ranks: 591.0290 GFLOP/s ) 
Mon Aug 19 18:06:50, Info:  Writing faultoutput at time 12.5.
Mon Aug 19 18:06:50, Info:  Writing faultoutput at time 12.5. Done.
Mon Aug 19 18:06:50, Info:  Writing energy output at time 12.5 
Mon Aug 19 18:06:51, Info:  Elastic energy (total, % kinematic, % potential):  2.45276e+17  , 26.0898  , 73.9102 
Mon Aug 19 18:06:51, Info:  Total momentum (X, Y, Z): 5.41575e+07  , 3.49818e+07  , 1.96978e+09 
Mon Aug 19 18:06:51, Info:  Frictional work (total, % static, % radiated):  2.55471e+17  , 55.9759  , 44.0241 
Mon Aug 19 18:06:51, Info:  Seismic moment (without plasticity): 6.88493e+20  Mw: 7.82193 
Mon Aug 19 18:06:51, Info:  Writing energy output at time 12.5 Done. 
Mon Aug 19 18:06:51, Info:  Time spent this phase (total): 26.9542 s (min: 26.9269 s, max: 26.9752 s)
Mon Aug 19 18:06:51, Info:  Time spent this phase (compute): 26.9541 s (min: 26.9269 s, max: 26.9751 s)
Mon Aug 19 18:06:51, Info:  Time spent this phase (IO): 52.1496 ms (min: 39.8567 ms, max: 89.5949 ms)
Mon Aug 19 18:06:51, Info:  Performance since the start: 9.3905 TFLOP/s (rank 0: 589.8065 GFLOP/s , average over ranks: 586.9046 GFLOP/s ) 
Mon Aug 19 18:06:51, Info:  Performance since last sync point: 9.3372 TFLOP/s (rank 0: 586.3615 GFLOP/s , average over ranks: 583.5768 GFLOP/s ) 
Mon Aug 19 18:07:17, Info:  Writing faultoutput at time 13.
Mon Aug 19 18:07:17, Info:  Writing faultoutput at time 13. Done.
Mon Aug 19 18:07:17, Info:  Writing free surface at time 13.
Mon Aug 19 18:07:17, Info:  Writing free surface at time 13. Done.
Mon Aug 19 18:07:17, Info:  Writing energy output at time 13 
Mon Aug 19 18:07:17, Info:  Elastic energy (total, % kinematic, % potential):  2.59697e+17  , 25.7303  , 74.2697 
Mon Aug 19 18:07:17, Info:  Total momentum (X, Y, Z): -1.08508e+08  , 1.58864e+08  , -7.18826e+09 
Mon Aug 19 18:07:17, Info:  Frictional work (total, % static, % radiated):  2.7076e+17  , 55.9792  , 44.0208 
Mon Aug 19 18:07:17, Info:  Seismic moment (without plasticity): 7.38415e+20  Mw: 7.8422 
Mon Aug 19 18:07:17, Info:  Writing energy output at time 13 Done. 
Mon Aug 19 18:07:17, Info:  Time spent this phase (total): 26.6202 s (min: 26.6024 s, max: 26.6436 s)
Mon Aug 19 18:07:17, Info:  Time spent this phase (compute): 26.6201 s (min: 26.6024 s, max: 26.6435 s)
Mon Aug 19 18:07:17, Info:  Time spent this phase (IO): 54.9528 ms (min: 39.9742 ms, max: 80.2023 ms)
Mon Aug 19 18:07:17, Info:  Performance since the start: 9.3929 TFLOP/s (rank 0: 589.9686 GFLOP/s , average over ranks: 587.0572 GFLOP/s ) 
Mon Aug 19 18:07:17, Info:  Performance since last sync point: 9.4544 TFLOP/s (rank 0: 594.0497 GFLOP/s , average over ranks: 590.8999 GFLOP/s ) 
Mon Aug 19 18:07:44, Info:  Writing faultoutput at time 13.5.
Mon Aug 19 18:07:44, Info:  Writing faultoutput at time 13.5. Done.
Mon Aug 19 18:07:44, Info:  Writing energy output at time 13.5 
Mon Aug 19 18:07:44, Info:  Elastic energy (total, % kinematic, % potential):  2.74187e+17  , 25.3567  , 74.6433 
Mon Aug 19 18:07:44, Info:  Total momentum (X, Y, Z): 4.34282e+07  , -2.44728e+08  , -1.79773e+08 
Mon Aug 19 18:07:44, Info:  Frictional work (total, % static, % radiated):  2.86139e+17  , 55.9851  , 44.0149 
Mon Aug 19 18:07:44, Info:  Seismic moment (without plasticity): 7.89634e+20  Mw: 7.86162 
Mon Aug 19 18:07:44, Info:  Writing energy output at time 13.5 Done. 
Mon Aug 19 18:07:44, Info:  Time spent this phase (total): 26.7788 s (min: 26.7549 s, max: 26.7984 s)
Mon Aug 19 18:07:44, Info:  Time spent this phase (compute): 26.7787 s (min: 26.7549 s, max: 26.7984 s)
Mon Aug 19 18:07:44, Info:  Time spent this phase (IO): 54.3416 ms (min: 39.8181 ms, max: 102.3220 ms)
Mon Aug 19 18:07:44, Info:  Performance since the start: 9.3931 TFLOP/s (rank 0: 589.9737 GFLOP/s , average over ranks: 587.0699 GFLOP/s ) 
Mon Aug 19 18:07:44, Info:  Performance since last sync point: 9.3984 TFLOP/s (rank 0: 590.1067 GFLOP/s , average over ranks: 587.4004 GFLOP/s ) 
Mon Aug 19 18:08:10, Info:  Writing faultoutput at time 14.
Mon Aug 19 18:08:10, Info:  Writing faultoutput at time 14. Done.
Mon Aug 19 18:08:10, Info:  Writing free surface at time 14.
Mon Aug 19 18:08:10, Info:  Writing free surface at time 14. Done.
Mon Aug 19 18:08:10, Info:  Writing energy output at time 14 
Mon Aug 19 18:08:11, Info:  Elastic energy (total, % kinematic, % potential):  2.88851e+17  , 24.9651  , 75.0349 
Mon Aug 19 18:08:11, Info:  Total momentum (X, Y, Z): 2.59828e+08  , -2.316e+08  , 3.01462e+10 
Mon Aug 19 18:08:11, Info:  Frictional work (total, % static, % radiated):  3.01679e+17  , 55.9893  , 44.0107 
Mon Aug 19 18:08:11, Info:  Seismic moment (without plasticity): 8.4217e+20  Mw: 7.88027 
Mon Aug 19 18:08:11, Info:  Writing energy output at time 14 Done. 
Mon Aug 19 18:08:11, Info:  Time spent this phase (total): 26.6047 s (min: 26.5954 s, max: 26.6257 s)
Mon Aug 19 18:08:11, Info:  Time spent this phase (compute): 26.6046 s (min: 26.5953 s, max: 26.6256 s)
Mon Aug 19 18:08:11, Info:  Time spent this phase (IO): 56.0018 ms (min: 40.0470 ms, max: 104.1786 ms)
Mon Aug 19 18:08:11, Info:  Performance since the start: 9.3955 TFLOP/s (rank 0: 590.1229 GFLOP/s , average over ranks: 587.2180 GFLOP/s ) 
Mon Aug 19 18:08:11, Info:  Performance since last sync point: 9.4599 TFLOP/s (rank 0: 594.1808 GFLOP/s , average over ranks: 591.2442 GFLOP/s ) 
Mon Aug 19 18:08:37, Info:  Writing faultoutput at time 14.5.
Mon Aug 19 18:08:37, Info:  Writing faultoutput at time 14.5. Done.
Mon Aug 19 18:08:37, Info:  Writing energy output at time 14.5 
Mon Aug 19 18:08:37, Info:  Elastic energy (total, % kinematic, % potential):  3.0374e+17  , 24.5487  , 75.4513 
Mon Aug 19 18:08:37, Info:  Total momentum (X, Y, Z): -9.49027e+08  , 9.52428e+08  , -2.91373e+10 
Mon Aug 19 18:08:37, Info:  Frictional work (total, % static, % radiated):  3.1745e+17  , 55.9958  , 44.0042 
Mon Aug 19 18:08:37, Info:  Seismic moment (without plasticity): 8.95906e+20  Mw: 7.89818 
Mon Aug 19 18:08:37, Info:  Writing energy output at time 14.5 Done. 
Mon Aug 19 18:08:37, Info:  Time spent this phase (total): 26.5522 s (min: 26.5332 s, max: 26.5633 s)
Mon Aug 19 18:08:37, Info:  Time spent this phase (compute): 26.5521 s (min: 26.5332 s, max: 26.5633 s)
Mon Aug 19 18:08:37, Info:  Time spent this phase (IO): 57.4417 ms (min: 39.9339 ms, max: 105.1498 ms)
Mon Aug 19 18:08:37, Info:  Performance since the start: 9.3983 TFLOP/s (rank 0: 590.3048 GFLOP/s , average over ranks: 587.3956 GFLOP/s ) 
Mon Aug 19 18:08:37, Info:  Performance since last sync point: 9.4786 TFLOP/s (rank 0: 595.4438 GFLOP/s , average over ranks: 592.4130 GFLOP/s ) 
Mon Aug 19 18:09:04, Info:  Writing faultoutput at time 15.
Mon Aug 19 18:09:04, Info:  Writing faultoutput at time 15. Done.
Mon Aug 19 18:09:04, Info:  Writing free surface at time 15.
Mon Aug 19 18:09:04, Info:  Writing free surface at time 15. Done.
Mon Aug 19 18:09:04, Info:  Writing energy output at time 15 
Mon Aug 19 18:09:04, Info:  Elastic energy (total, % kinematic, % potential):  3.18902e+17  , 24.0203  , 75.9797 
Mon Aug 19 18:09:04, Info:  Total momentum (X, Y, Z): 1.43213e+09  , -5.25554e+08  , -8.4396e+10 
Mon Aug 19 18:09:04, Info:  Frictional work (total, % static, % radiated):  3.33524e+17  , 55.9723  , 44.0277 
Mon Aug 19 18:09:04, Info:  Seismic moment (without plasticity): 9.49931e+20  Mw: 7.91513 
Mon Aug 19 18:09:04, Info:  Writing energy output at time 15 Done. 
Mon Aug 19 18:09:04, Info:  Time spent this phase (total): 26.6379 s (min: 26.6271 s, max: 26.6488 s)
Mon Aug 19 18:09:04, Info:  Time spent this phase (compute): 26.6378 s (min: 26.6271 s, max: 26.6488 s)
Mon Aug 19 18:09:04, Info:  Time spent this phase (IO): 56.0964 ms (min: 39.9412 ms, max: 98.6432 ms)
Mon Aug 19 18:09:04, Info:  Performance since the start: 9.4000 TFLOP/s (rank 0: 590.4062 GFLOP/s , average over ranks: 587.4988 GFLOP/s ) 
Mon Aug 19 18:09:04, Info:  Performance since last sync point: 9.4481 TFLOP/s (rank 0: 593.3611 GFLOP/s , average over ranks: 590.5063 GFLOP/s ) 
Mon Aug 19 18:09:04, Info:  Ignoring duplicate synchronisation point at time 15 ; the last sync point was at  15 
Mon Aug 19 18:09:04, Info:  Ignoring duplicate synchronisation point at time 15 ; the last sync point was at  15 
Mon Aug 19 18:09:04, Info:  Wrote receivers in 6.56e-07 seconds. 
Mon Aug 19 18:09:04, Info:  Ignoring duplicate synchronisation point at time 15 ; the last sync point was at  15 
Mon Aug 19 18:09:04, Info:  Simulation time (total): 13 min 23.2288 s (min: 13 min 23.1838 s, max: 13 min 23.2594 s)
Mon Aug 19 18:09:04, Info:  Simulation time (compute): 13 min 21.5286 s (min: 13 min 20.3881 s, max: 13 min 21.9426 s)
Mon Aug 19 18:09:04, Info:  Simulation time (IO): 1.6953 s (min: 1.2382 s, max: 2.8482 s)
Mon Aug 19 18:09:04, Info:  Time spent in compute kernels: mean = 763.276  std = 13.4882  min = 744.33  median = 761.437  max = 791.977 
Mon Aug 19 18:09:04, Info:  Load imbalance: 3.62405 % 
Mon Aug 19 18:09:04, Info:  Regression analysis of compute kernels: 
Mon Aug 19 18:09:04, Info:  "computeLocalIntegration" (total time): 3698.96 s ( = 1 h 1 min 38.9566 s ) 
Mon Aug 19 18:09:04, Info:  "computeLocalIntegration" ( constant ): 1.89378e-05 (sample size: 3.99903e+06 , standard error: 5.64908e-12 ) 
Mon Aug 19 18:09:04, Info:  "computeLocalIntegration" ( per element ): 8.33687e-08 (sample size: 3.99903e+06 , standard error: 5.64908e-12 ) 
Mon Aug 19 18:09:04, Info:  "computeNeighboringIntegration" (total time): 4496.72 s ( = 1 h 14 min 56.7182 s ) 
Mon Aug 19 18:09:04, Info:  "computeNeighboringIntegration" ( constant ): 0.000128979 (sample size: 3.99903e+06 , standard error: 8.48133e-12 ) 
Mon Aug 19 18:09:04, Info:  "computeNeighboringIntegration" ( per element ): 9.15993e-08 (sample size: 3.99903e+06 , standard error: 8.48133e-12 ) 
Mon Aug 19 18:09:04, Info:  "computeDynamicRupture" (total time): 4016.74 s ( = 1 h 6 min 56.7379 s ) 
Mon Aug 19 18:09:04, Info:  "computeDynamicRupture" ( constant ): 8.30556e-05 (sample size: 3.05013e+06 , standard error: 4.91207e-11 ) 
Mon Aug 19 18:09:04, Info:  "computeDynamicRupture" ( per element ): 4.54226e-07 (sample size: 3.05013e+06 , standard error: 4.91207e-11 ) 
Mon Aug 19 18:09:04, Info:  "computePointSources" (total time): 0 s ( = 0.0000 s ) 
Mon Aug 19 18:09:04, Info:  "computePointSources" ( constant ): -nan (sample size: 0 , standard error: -nan ) 
Mon Aug 19 18:09:04, Info:  "computePointSources" ( per element ): -nan (sample size: 0 , standard error: -nan ) 
Mon Aug 19 18:09:04, Info:  Total time spent in compute kernels: 12212.4 s ( = 3 h 23 min 32.4127 s ) 
Mon Aug 19 18:09:04, Info:  Total calculated HW-FLOP:  7.5503 PFLOP 
Mon Aug 19 18:09:04, Info:  Total calculated NZ-FLOP:  3.0182 PFLOP 
Mon Aug 19 18:09:04, Info:  Total calculated HW-FLOP/s:  9.3996 TFLOP/s 
Mon Aug 19 18:09:04, Info:  Total calculated NZ-FLOP/s:  3.7575 TFLOP/s 
Mon Aug 19 18:09:04, Info:  WP calculated HW-FLOP:  6.2559 PFLOP 
Mon Aug 19 18:09:04, Info:  WP calculated NZ-FLOP:  2.0558 PFLOP 
Mon Aug 19 18:09:04, Info:  DR calculated HW-FLOP:  1.2944 PFLOP 
Mon Aug 19 18:09:04, Info:  DR calculated NZ-FLOP:  962.4365 TFLOP 
Mon Aug 19 18:09:04, Info:  PL calculated HW-FLOP:  0.0000 FLOP 
Mon Aug 19 18:09:04, Info:  PL calculated NZ-FLOP:  0.0000 FLOP 
Mon Aug 19 18:09:04, Info:  Time spent in simulation: 13 min 23.2600 s (min: 13 min 23.2598 s, max: 13 min 23.2609 s)
Mon Aug 19 18:09:04, Info:  Simulation done. 
Mon Aug 19 18:09:04, Info:  Closing IO. 
Mon Aug 19 18:09:04, Info:  Time free surface writer backend: 573.0622 ms (min: 4.4376 ms, max: 4.7857 s)
Mon Aug 19 18:09:05, Info:  Time fault writer backend: 3.2954 s (min: 1.3401 s, max: 19.4370 s)
Mon Aug 19 18:09:05, Info:  Time fault writer frontend: 34.6128 ms (min: 29.3959 ms, max: 38.1622 ms)
Mon Aug 19 18:09:05, Info:  Time free surface writer frontend: 6.3716 ms (min: 309.7020 s, max: 48.8884 ms)
Mon Aug 19 18:09:05, Info:  SeisSol done. Goodbye. 
/hppfs/scratch/01/di35poq/haiti-rupture-outputs/dynamic-rupture-outputs/regional-only/jobid_3757228 ~/haiti-rupture-inputs/dynamic-rupture/regional-only
Writing hdf5 output with compression enabled (compression_level=4). 
Use --compression=0 if you want to speed-up data extraction.
ASl: 0it [00:00, ?it/s]ASl: 1it [00:00,  7.09it/s]ASl: 4it [00:00, 16.07it/s]ASl: 11it [00:00, 36.46it/s]ASl: 16it [00:00, 39.83it/s]ASl: 21it [00:00, 41.43it/s]ASl: 26it [00:00, 40.53it/s]ASl: 30it [00:00, 35.49it/s]
Sls: 0it [00:00, ?it/s]Sls: 4it [00:00, 22.83it/s]Sls: 8it [00:00, 28.53it/s]Sls: 12it [00:00, 29.66it/s]Sls: 16it [00:00, 29.57it/s]Sls: 20it [00:00, 28.96it/s]Sls: 23it [00:00, 28.89it/s]Sls: 26it [00:00, 27.30it/s]Sls: 29it [00:01, 22.94it/s]Sls: 30it [00:01, 26.08it/s]
Sld: 0it [00:00, ?it/s]Sld: 1it [00:00,  6.12it/s]Sld: 5it [00:00, 21.16it/s]Sld: 8it [00:00, 21.94it/s]Sld: 12it [00:00, 20.81it/s]Sld: 16it [00:00, 23.99it/s]Sld: 20it [00:00, 25.63it/s]Sld: 23it [00:00, 26.65it/s]Sld: 26it [00:01, 26.00it/s]Sld: 29it [00:01, 25.46it/s]Sld: 30it [00:01, 23.84it/s]
Ts0: 0it [00:00, ?it/s]Ts0: 1it [00:00,  4.75it/s]Ts0: 3it [00:00,  8.85it/s]Ts0: 5it [00:00, 10.15it/s]Ts0: 7it [00:00, 11.07it/s]Ts0: 9it [00:00, 11.31it/s]Ts0: 11it [00:01, 11.72it/s]Ts0: 13it [00:01, 11.69it/s]Ts0: 15it [00:01, 11.89it/s]Ts0: 17it [00:01, 11.72it/s]Ts0: 19it [00:01, 11.84it/s]Ts0: 21it [00:01, 11.65it/s]Ts0: 23it [00:02, 11.74it/s]Ts0: 25it [00:02, 11.54it/s]Ts0: 27it [00:02, 11.65it/s]Ts0: 29it [00:02, 11.49it/s]Ts0: 30it [00:02, 11.29it/s]
Td0: 0it [00:00, ?it/s]Td0: 1it [00:00,  5.03it/s]Td0: 3it [00:00,  9.40it/s]Td0: 5it [00:00,  9.44it/s]Td0: 7it [00:00, 10.80it/s]Td0: 9it [00:00,  9.90it/s]Td0: 11it [00:01, 10.87it/s]Td0: 13it [00:01, 11.26it/s]Td0: 15it [00:01, 11.83it/s]Td0: 17it [00:01, 11.97it/s]Td0: 19it [00:01, 12.32it/s]Td0: 21it [00:01, 12.25it/s]Td0: 23it [00:02, 12.44it/s]Td0: 25it [00:02, 12.17it/s]Td0: 27it [00:02, 12.33it/s]Td0: 29it [00:02, 12.12it/s]Td0: 30it [00:02, 11.46it/s]
Pn0: 0it [00:00, ?it/s]Pn0: 2it [00:00, 11.10it/s]Pn0: 4it [00:00, 11.20it/s]Pn0: 6it [00:00, 11.58it/s]Pn0: 8it [00:00, 11.34it/s]Pn0: 10it [00:00, 11.57it/s]Pn0: 12it [00:01, 10.69it/s]Pn0: 14it [00:01, 11.05it/s]Pn0: 16it [00:01, 10.21it/s]Pn0: 18it [00:01, 10.59it/s]Pn0: 20it [00:01, 10.62it/s]Pn0: 22it [00:02, 10.82it/s]Pn0: 24it [00:02, 10.66it/s]Pn0: 26it [00:02, 10.82it/s]Pn0: 28it [00:02, 10.73it/s]Pn0: 30it [00:02, 10.84it/s]Pn0: 30it [00:02, 10.86it/s]
T_s: 0it [00:00, ?it/s]T_s: 1it [00:00,  5.58it/s]T_s: 3it [00:00, 10.76it/s]T_s: 5it [00:00,  9.81it/s]T_s: 7it [00:00, 11.57it/s]T_s: 9it [00:00, 10.11it/s]T_s: 11it [00:01, 11.33it/s]T_s: 13it [00:01, 10.34it/s]T_s: 15it [00:01, 11.30it/s]T_s: 17it [00:01, 10.42it/s]T_s: 19it [00:01, 11.23it/s]T_s: 21it [00:01, 11.55it/s]T_s: 23it [00:02, 11.99it/s]T_s: 25it [00:02, 12.00it/s]T_s: 27it [00:02, 12.23it/s]T_s: 29it [00:02, 12.08it/s]T_s: 30it [00:02, 11.27it/s]
T_d: 0it [00:00, ?it/s]T_d: 2it [00:00, 16.23it/s]T_d: 4it [00:00, 15.25it/s]T_d: 6it [00:00, 15.36it/s]T_d: 8it [00:00, 14.64it/s]T_d: 10it [00:00, 14.67it/s]T_d: 12it [00:00, 12.82it/s]T_d: 14it [00:01, 13.22it/s]T_d: 16it [00:01, 13.05it/s]T_d: 18it [00:01, 13.29it/s]T_d: 20it [00:01, 11.99it/s]T_d: 22it [00:01, 12.39it/s]T_d: 24it [00:01, 12.32it/s]T_d: 26it [00:01, 12.53it/s]T_d: 28it [00:02, 12.40it/s]T_d: 30it [00:02, 12.54it/s]T_d: 30it [00:02, 13.04it/s]
P_n: 0it [00:00, ?it/s]P_n: 2it [00:00, 16.12it/s]P_n: 4it [00:00, 11.68it/s]P_n: 6it [00:00, 13.14it/s]P_n: 8it [00:00, 13.29it/s]P_n: 10it [00:00, 13.75it/s]P_n: 12it [00:00, 12.34it/s]P_n: 14it [00:01, 12.84it/s]P_n: 16it [00:01, 11.28it/s]P_n: 18it [00:01, 11.91it/s]P_n: 20it [00:01, 12.07it/s]P_n: 22it [00:01, 12.41it/s]P_n: 24it [00:01, 12.28it/s]P_n: 26it [00:02, 12.45it/s]P_n: 28it [00:02, 12.28it/s]P_n: 30it [00:02, 12.37it/s]P_n: 30it [00:02, 12.44it/s]
Mud: 0it [00:00, ?it/s]Mud: 4it [00:00, 27.49it/s]Mud: 8it [00:00, 28.82it/s]Mud: 16it [00:00, 44.98it/s]Mud: 21it [00:00, 44.75it/s]Mud: 28it [00:00, 49.93it/s]Mud: 30it [00:00, 45.73it/s]
done writing output_jobid_3757228_extracted-fault.h5
done writing output_jobid_3757228_extracted-fault.xdmf
full path: /hppfs/scratch/01/di35poq/haiti-rupture-outputs/dynamic-rupture-outputs/regional-only/jobid_3757228/output_jobid_3757228_extracted-fault.xdmf
Writing hdf5 output with compression enabled (compression_level=4). 
Use --compression=0 if you want to speed-up data extraction.
u1: 0it [00:00, ?it/s]u1: 1it [00:00,  9.25it/s]u1: 15it [00:00, 83.66it/s]u1: 15it [00:00, 72.01it/s]
u2: 0it [00:00, ?it/s]u2: 4it [00:00, 29.41it/s]u2: 15it [00:00, 72.41it/s]
u3: 0it [00:00, ?it/s]u3: 1it [00:00,  9.40it/s]u3: 15it [00:00, 72.85it/s]
done writing output_jobid_3757228_extracted-surface.h5
done writing output_jobid_3757228_extracted-surface.xdmf
full path: /hppfs/scratch/01/di35poq/haiti-rupture-outputs/dynamic-rupture-outputs/regional-only/jobid_3757228/output_jobid_3757228_extracted-surface.xdmf
Working on JobID: 3757228
/hppfs/scratch/01/di35poq/haiti-rupture-outputs/dynamic-rupture-outputs/regional-only/jobid_3757228/output_jobid_3757228_extracted-fault.xdmf
mu_s: 0.6
mu_d: 0.25
done writing /hppfs/scratch/01/di35poq/haiti-rupture-outputs/dynamic-rupture-outputs/regional-only/jobid_3757228/jobid_3757228_R-fault.xdmf
full path: /hppfs/scratch/01/di35poq/haiti-rupture-outputs/dynamic-rupture-outputs/regional-only/jobid_3757228/jobid_3757228_R-fault.xdmf
done writing /hppfs/scratch/01/di35poq/haiti-rupture-outputs/dynamic-rupture-outputs/regional-only/jobid_3757228/jobid_3757228_R-fault.h5
warning: Mw computed over 0-85s (avoiding contribution of small residual moment after rupture)
jobid_3757228 moment magnitude: 7.915128040432878 (M0 = 9.4993e+20)
Finished writing /hppfs/scratch/01/di35poq/haiti-rupture-outputs/dynamic-rupture-outputs/regional-only/jobid_3757228/moment_rate_mainshock.png
Job ID set as: 3757228
mu_s: 0.6
mu_d: 0.25
~/haiti-rupture-inputs/dynamic-rupture/regional-only
