Sat 07 Sep 2024 11:02:32 PM UTC
num_nodes: 16 ntasks: 16 cpus_per_task:
Line 63 replaced with: OutputFile='/hppfs/scratch/01/di35poq/haiti-rupture-outputs/dynamic-rupture-outputs/combined_FL33-regional/jobid_3892010'
Job log complete.
Starting SeisSol...
Sun Sep 08 01:03:46, Info:  Using the parameter file parameters.par 
Sun Sep 08 01:03:46, Info:  Reading SeisSol parameter file... 
Sun Sep 08 01:03:46, Info:  In your parameter file, you have specified a non-positive interval for "checkpointinterval" . This mechanism is deprecated and may be removed in a future version of SeisSol. Consider disabling the whole module by setting "checkpoint" to 0 instead by adding "checkpoint = 0" to the "output" section of your parameter file instead. 
Sun Sep 08 01:03:46, Info:  The field "printintervalcriterion" is no longer in use. You may safely remove it from your parameters file. 
Sun Sep 08 01:03:46, Info:  Disabling the wavefield output by setting "outputformat = 10" is deprecated and may be removed in a future version of SeisSol. Consider using the parameter "wavefieldoutput" instead. To disable wavefield output, add "wavefieldoutput = 0" to the "output" section of your parameters file. 
Sun Sep 08 01:03:46, Info:  The field "printintervalcriterion" is no longer in use. You may safely remove it from your parameters file. 
Sun Sep 08 01:03:46, Info:  The field "pickdttype" is no longer in use. You may safely remove it from your parameters file. 
Sun Sep 08 01:03:46, Info:  The field "faultoutputflag" is no longer in use. You may safely remove it from your parameters file. 
Sun Sep 08 01:03:46, Info:  The field "boundaries" is no longer in use. You may safely remove it from your parameters file. 
Sun Sep 08 01:03:46, Info:  SeisSol parameter file read successfully. 
Sun Sep 08 01:03:46, Info:  Model information: 
Sun Sep 08 01:03:46, Info:  Elastic model: yes 
Sun Sep 08 01:03:46, Info:  Viscoelastic model: no 
Sun Sep 08 01:03:46, Info:  Anelastic model: no 
Sun Sep 08 01:03:46, Info:  Poroelastic model: no 
Sun Sep 08 01:03:46, Info:  Anisotropic model: no 
Sun Sep 08 01:03:46, Info:  Plasticity: no 
Sun Sep 08 01:03:46, Info:  Welcome to SeisSol 
Sun Sep 08 01:03:46, Info:  Copyright (c) 2012 - 2024  SeisSol Group 
Sun Sep 08 01:03:46, Info:  Version: v1.1.4-148-g60aedc8c (dirty) 
Sun Sep 08 01:03:46, Info:  Built on: Jun 17 2024 21:03:35 
Sun Sep 08 01:03:46, Info:  Last commit: 60aedc8c2ae0a5d9e5a46cc3a40e4eaf1c047225 at 2024-06-06T12:54:08+00:00 
Sun Sep 08 01:03:46, Info:  Compiled with HOST_ARCH = skx 
Sun Sep 08 01:03:46, Info:  Running on (rank=0): "i01r01c03s01" 
Sun Sep 08 01:03:46, Info:  Using MPI with #ranks: 16 
Sun Sep 08 01:03:46, Info:  Node-wide (shared memory) MPI with #ranks/node: 1 
Sun Sep 08 01:03:46, Info:  Using asynchronous MPI routines. 
Sun Sep 08 01:03:46, Info:  Using OMP with #threads/rank: 94 
Sun Sep 08 01:03:46, Info:  OpenMP worker affinity (this process): "0123456789|0123456789|0123456789|0123456789|0123456-89|0123456789|0123456789|0123456789|0123456789|01234-" 
Sun Sep 08 01:03:46, Info:  OpenMP worker affinity (this node)   : "0123456789|0123456789|0123456789|0123456789|0123456-89|0123456789|0123456789|0123456789|0123456789|01234-" 
Sun Sep 08 01:03:46, Info:  Using a communication thread for advancing MPI communication. 
Sun Sep 08 01:03:46, Info:  Communication thread affinity        : "----------|----------|----------|----------|-------7--|----------|----------|----------|----------|-----5" 
Sun Sep 08 01:03:46, Info:  The stack size ulimit is 2097152 [kiB] ( = 2.0000 GiB ). 
Sun Sep 08 01:03:46, Info:  Begin init mesh. 
Sun Sep 08 01:03:46, Info:  Mesh file: "/dss/dsshome1/01/di35poq/mesh/mesh_v07/Haiti_v07_lowres" 
Sun Sep 08 01:03:46, Info:  Running mini SeisSol to determine node weights. 
Sun Sep 08 01:03:46, Info:  miniSeisSol configured with 50000 elements and 10 repeats per process 
Sun Sep 08 01:03:46, Info:  Node weights: mean = 41.4025  std = 0.451902  min = 40.1535  median = 41.5059  max = 41.9247 
Sun Sep 08 01:03:46, Info:  Reading PUML mesh 
Sun Sep 08 01:03:46, Info:  Inferring boundary format. 
Sun Sep 08 01:03:46, Info:  Boundary format not given in PUML file; inferring from array shape. 
Sun Sep 08 01:03:46, Info:  Using boundary format: i32 (4xi8) 
Sun Sep 08 01:03:46, Info:  Found 2685422 cells 
Sun Sep 08 01:03:46, Info:  Found 477078 vertices 
Sun Sep 08 01:03:48, Info:  Computing LTS weights. 
Sun Sep 08 01:03:50, Info:  Limiting number of clusters to 2147483646 
Sun Sep 08 01:03:50, Info:  Computing LTS weights. Done.  (108216 reductions.)
Sun Sep 08 01:03:50, Info:  Using the Parmetis partition library and strategy. 
Sun Sep 08 01:03:54, Info:  PUML mesh read in: 7.5745 s (min: 7.5115 s, max: 7.7343 s)
Sun Sep 08 01:03:54, Info:  The mesh has been read. Starting post processing. 
Sun Sep 08 01:03:54, Info:  Extracting fault information. 
Sun Sep 08 01:03:54, Info:  Exchanging ghostlayer metadata. 
Sun Sep 08 01:03:55, Info:  Mesh initialized in: 9.5926 s (min: 9.5920 s, max: 9.5933 s)
Sun Sep 08 01:03:55, Info:  End init mesh. 
Sun Sep 08 01:03:55, Info:  Begin init model. 
Sun Sep 08 01:03:55, Info:  Initialize LTS. 
Sun Sep 08 01:03:55, Info:  Deriving clusters ids for min. time step width / multiRate: 0.000213316 / 2 
Sun Sep 08 01:03:55, Info:  Due to wiggle factor of 1 the minimum timestep size is reduced to 0.000213316 
Sun Sep 08 01:03:56, Info:  Number of elements in time clusters: 
Sun Sep 08 01:03:56, Info:  0: 2088 
Sun Sep 08 01:03:56, Info:  1: 265401 
Sun Sep 08 01:03:56, Info:  2: 1618976 
Sun Sep 08 01:03:56, Info:  3: 538212 
Sun Sep 08 01:03:56, Info:  4: 147352 
Sun Sep 08 01:03:56, Info:  5: 35652 
Sun Sep 08 01:03:56, Info:  6: 11329 
Sun Sep 08 01:03:56, Info:  7: 18592 
Sun Sep 08 01:03:56, Info:  8: 47781 
Sun Sep 08 01:03:56, Info:  9: 39 
Sun Sep 08 01:03:56, Info:  maximum theoretical speedup (compared to GTS): 6.4313 per cell LTS, 4.34786 with the used clustering. 
Sun Sep 08 01:03:56, Info:  Number of elements in dynamic rupture time clusters: 
Sun Sep 08 01:03:56, Info:  0 (dr): 617 
Sun Sep 08 01:03:56, Info:  1 (dr): 78825 
Sun Sep 08 01:03:56, Info:  2 (dr): 309958 
Sun Sep 08 01:03:56, Info:  3 (dr): 2509 
Sun Sep 08 01:03:56, Info:  4 (dr): 0 
Sun Sep 08 01:03:56, Info:  5 (dr): 0 
Sun Sep 08 01:03:56, Info:  6 (dr): 0 
Sun Sep 08 01:03:56, Info:  7 (dr): 0 
Sun Sep 08 01:03:56, Info:  8 (dr): 0 
Sun Sep 08 01:03:56, Info:  9 (dr): 0 
Sun Sep 08 01:03:56, Info:  Initialize Friction Model 
Sun Sep 08 01:03:56, Info:  Initialize cell material parameters. 
Sun Sep 08 01:03:57, Info:  Initialize Memory layout. 
Sun Sep 08 01:03:58, Info:  Initialize cell-local matrices. 
Sun Sep 08 01:03:58, Info:  Initializing Fault, using a quadrature rule with  25  points. 
Sun Sep 08 01:06:45, Info:  Model initialized in: 2 min 49.9856 s (min: 2 min 49.9838 s, max: 2 min 49.9879 s)
Sun Sep 08 01:06:45, Info:  End init model. 
Sun Sep 08 01:06:45, Info:  Setting initial conditions. 
Sun Sep 08 01:06:45, Info:  Using initial condition "Zero" . 
Sun Sep 08 01:06:45, Info:  Reading source. 
Sun Sep 08 01:06:45, Info:  No source term specified. 
Sun Sep 08 01:06:45, Info:  Setting up boundary conditions. 
Sun Sep 08 01:06:45, Info:  Begin init output. 
Sun Sep 08 01:06:45, Info:  Initializing free surface integrator. 
Sun Sep 08 01:06:45, Info:  Initializing free surface integrator. Done. 
Sun Sep 08 01:06:45, Info:  Enabling 2D fault output 
Sun Sep 08 01:06:45, Info:  Initializing Fault output. Number of sub-triangles: 4 
Sun Sep 08 01:06:46, Info:  Initializing XDMF fault output. 
Sun Sep 08 01:06:46, Info:  Fault writer thread affinity: "----------|----------|----------|----------|-------7--|----------|----------|----------|----------|-----5" 
Sun Sep 08 01:06:46, Info:  Initializing XDMF fault output. Done. 
Sun Sep 08 01:06:46, Info:  Initializing free surface output. 
Sun Sep 08 01:06:46, Info:  Free surface writer thread affinity: "----------|----------|----------|----------|-------7--|----------|----------|----------|----------|-----5" 
Sun Sep 08 01:06:46, Info:  Initializing free surface output. Done. 
Sun Sep 08 01:06:46, Info:  No record points read. 
Sun Sep 08 01:06:46, Info:  Finding meshIds for receivers... 
Sun Sep 08 01:06:46, Info:  Cleaning possible double occurring receivers for MPI... 
Sun Sep 08 01:06:46, Info:  Mapping receivers to LTS cells... 
Sun Sep 08 01:06:46, Info:  Initializing energy output. 
Sun Sep 08 01:06:46, Info:  End init output. 
Sun Sep 08 01:06:46, Info:  Finishing initialization... 
Sun Sep 08 01:06:46, Info:  Starting simulation. 
Sun Sep 08 01:06:46, Info:  Writing faultoutput at time 0.
Sun Sep 08 01:06:46, Info:  Writing faultoutput at time 0. Done.
Sun Sep 08 01:06:46, Info:  Writing free surface at time 0.
Sun Sep 08 01:06:46, Info:  Writing free surface at time 0. Done.
Sun Sep 08 01:06:46, Info:  Writing energy output at time 0 
Sun Sep 08 01:06:46, Info:  Total momentum (X, Y, Z): 0  , 0  , 0 
Sun Sep 08 01:06:46, Info:  Writing energy output at time 0 Done. 
Sun Sep 08 01:06:46, Info:  Time spent for initial IO: 53.0035 ms (min: 41.2662 ms, max: 66.7352 ms)
Sun Sep 08 01:07:13, Info:  Writing faultoutput at time 0.5.
Sun Sep 08 01:07:13, Info:  Writing faultoutput at time 0.5. Done.
Sun Sep 08 01:07:13, Info:  Writing energy output at time 0.5 
Sun Sep 08 01:07:13, Info:  Elastic energy (total, % kinematic, % potential):  1.19308e+12  , 24.9439  , 75.0561 
Sun Sep 08 01:07:13, Info:  Total momentum (X, Y, Z): -0.00355809  , 0.00184589  , 0.00595515 
Sun Sep 08 01:07:13, Info:  Frictional work (total, % static, % radiated):  1.20714e+12  , 72.8943  , 27.1057 
Sun Sep 08 01:07:13, Info:  Seismic moment (without plasticity): 1.55608e+16  Mw: 4.72469 
Sun Sep 08 01:07:13, Info:  Writing energy output at time 0.5 Done. 
Sun Sep 08 01:07:13, Info:  Time spent this phase (total): 26.7700 s (min: 26.7350 s, max: 26.7965 s)
Sun Sep 08 01:07:13, Info:  Time spent this phase (compute): 26.7170 s (min: 26.6904 s, max: 26.7426 s)
Sun Sep 08 01:07:13, Info:  Time spent this phase (IO): 50.0674 ms (min: 39.9601 ms, max: 71.4092 ms)
Sun Sep 08 01:07:13, Info:  Performance since the start: 9.4021 TFLOP/s (rank 0: 592.6221 GFLOP/s , average over ranks: 587.6295 GFLOP/s ) 
Sun Sep 08 01:07:13, Info:  Performance since last sync point: 9.4021 TFLOP/s (rank 0: 592.6221 GFLOP/s , average over ranks: 587.6295 GFLOP/s ) 
Sun Sep 08 01:07:39, Info:  Writing faultoutput at time 1.
Sun Sep 08 01:07:39, Info:  Writing faultoutput at time 1. Done.
Sun Sep 08 01:07:39, Info:  Writing free surface at time 1.
Sun Sep 08 01:07:39, Info:  Writing free surface at time 1. Done.
Sun Sep 08 01:07:39, Info:  Writing energy output at time 1 
Sun Sep 08 01:07:40, Info:  Elastic energy (total, % kinematic, % potential):  9.12876e+12  , 23.9711  , 76.0289 
Sun Sep 08 01:07:40, Info:  Total momentum (X, Y, Z): 0.368131  , 0.331248  , -0.240993 
Sun Sep 08 01:07:40, Info:  Frictional work (total, % static, % radiated):  9.44829e+12  , 72.2844  , 27.7156 
Sun Sep 08 01:07:40, Info:  Seismic moment (without plasticity): 1.162e+17  Mw: 5.3068 
Sun Sep 08 01:07:40, Info:  Writing energy output at time 1 Done. 
Sun Sep 08 01:07:40, Info:  Time spent this phase (total): 26.8338 s (min: 26.7907 s, max: 26.8569 s)
Sun Sep 08 01:07:40, Info:  Time spent this phase (compute): 26.8337 s (min: 26.7906 s, max: 26.8567 s)
Sun Sep 08 01:07:40, Info:  Time spent this phase (IO): 55.5070 ms (min: 40.0626 ms, max: 111.6405 ms)
Sun Sep 08 01:07:40, Info:  Performance since the start: 9.3909 TFLOP/s (rank 0: 592.2071 GFLOP/s , average over ranks: 586.9326 GFLOP/s ) 
Sun Sep 08 01:07:40, Info:  Performance since last sync point: 9.3798 TFLOP/s (rank 0: 591.7927 GFLOP/s , average over ranks: 586.2379 GFLOP/s ) 
Sun Sep 08 01:08:06, Info:  Writing faultoutput at time 1.5.
Sun Sep 08 01:08:06, Info:  Writing faultoutput at time 1.5. Done.
Sun Sep 08 01:08:06, Info:  Writing energy output at time 1.5 
Sun Sep 08 01:08:06, Info:  Elastic energy (total, % kinematic, % potential):  2.76341e+13  , 22.728  , 77.272 
Sun Sep 08 01:08:06, Info:  Total momentum (X, Y, Z): -0.353233  , -0.352237  , -0.196074 
Sun Sep 08 01:08:06, Info:  Frictional work (total, % static, % radiated):  2.86306e+13  , 73.3509  , 26.6491 
Sun Sep 08 01:08:06, Info:  Seismic moment (without plasticity): 3.62969e+17  Mw: 5.63658 
Sun Sep 08 01:08:06, Info:  Writing energy output at time 1.5 Done. 
Sun Sep 08 01:08:06, Info:  Time spent this phase (total): 26.8998 s (min: 26.8855 s, max: 26.9111 s)
Sun Sep 08 01:08:06, Info:  Time spent this phase (compute): 26.8996 s (min: 26.8854 s, max: 26.9111 s)
Sun Sep 08 01:08:06, Info:  Time spent this phase (IO): 52.3041 ms (min: 39.9271 ms, max: 95.0215 ms)
Sun Sep 08 01:08:06, Info:  Performance since the start: 9.3795 TFLOP/s (rank 0: 591.6425 GFLOP/s , average over ranks: 586.2193 GFLOP/s ) 
Sun Sep 08 01:08:06, Info:  Performance since last sync point: 9.3568 TFLOP/s (rank 0: 590.5164 GFLOP/s , average over ranks: 584.7978 GFLOP/s ) 
Sun Sep 08 01:08:33, Info:  Writing faultoutput at time 2.
Sun Sep 08 01:08:33, Info:  Writing faultoutput at time 2. Done.
Sun Sep 08 01:08:33, Info:  Writing free surface at time 2.
Sun Sep 08 01:08:33, Info:  Writing free surface at time 2. Done.
Sun Sep 08 01:08:33, Info:  Writing energy output at time 2 
Sun Sep 08 01:08:33, Info:  Elastic energy (total, % kinematic, % potential):  5.68737e+13  , 20.8923  , 79.1077 
Sun Sep 08 01:08:33, Info:  Total momentum (X, Y, Z): -0.302341  , -0.201963  , -0.352703 
Sun Sep 08 01:08:33, Info:  Frictional work (total, % static, % radiated):  5.89165e+13  , 74.676  , 25.324 
Sun Sep 08 01:08:33, Info:  Seismic moment (without plasticity): 7.76276e+17  Mw: 5.85668 
Sun Sep 08 01:08:33, Info:  Writing energy output at time 2 Done. 
Sun Sep 08 01:08:33, Info:  Time spent this phase (total): 26.4915 s (min: 26.4745 s, max: 26.5036 s)
Sun Sep 08 01:08:33, Info:  Time spent this phase (compute): 26.4914 s (min: 26.4745 s, max: 26.5036 s)
Sun Sep 08 01:08:33, Info:  Time spent this phase (IO): 54.8851 ms (min: 40.0645 ms, max: 97.1111 ms)
Sun Sep 08 01:08:33, Info:  Performance since the start: 9.4096 TFLOP/s (rank 0: 593.5453 GFLOP/s , average over ranks: 588.0986 GFLOP/s ) 
Sun Sep 08 01:08:33, Info:  Performance since last sync point: 9.5010 TFLOP/s (rank 0: 599.3281 GFLOP/s , average over ranks: 593.8097 GFLOP/s ) 
Sun Sep 08 01:08:59, Info:  Writing faultoutput at time 2.5.
Sun Sep 08 01:08:59, Info:  Writing faultoutput at time 2.5. Done.
Sun Sep 08 01:08:59, Info:  Writing energy output at time 2.5 
Sun Sep 08 01:08:59, Info:  Elastic energy (total, % kinematic, % potential):  9.2331e+13  , 18.1316  , 81.8684 
Sun Sep 08 01:08:59, Info:  Total momentum (X, Y, Z): -8.10928  , -4.72818  , 9.51361 
Sun Sep 08 01:08:59, Info:  Frictional work (total, % static, % radiated):  9.529e+13  , 76.4406  , 23.5594 
Sun Sep 08 01:08:59, Info:  Seismic moment (without plasticity): 1.31598e+18  Mw: 6.0095 
Sun Sep 08 01:08:59, Info:  Writing energy output at time 2.5 Done. 
Sun Sep 08 01:08:59, Info:  Time spent this phase (total): 26.5209 s (min: 26.5152 s, max: 26.5278 s)
Sun Sep 08 01:08:59, Info:  Time spent this phase (compute): 26.5208 s (min: 26.5151 s, max: 26.5278 s)
Sun Sep 08 01:08:59, Info:  Time spent this phase (IO): 54.8003 ms (min: 39.9247 ms, max: 108.1506 ms)
Sun Sep 08 01:08:59, Info:  Performance since the start: 9.4256 TFLOP/s (rank 0: 594.5823 GFLOP/s , average over ranks: 589.1024 GFLOP/s ) 
Sun Sep 08 01:08:59, Info:  Performance since last sync point: 9.4904 TFLOP/s (rank 0: 598.7666 GFLOP/s , average over ranks: 593.1521 GFLOP/s ) 
Sun Sep 08 01:09:26, Info:  Writing faultoutput at time 3.
Sun Sep 08 01:09:26, Info:  Writing faultoutput at time 3. Done.
Sun Sep 08 01:09:26, Info:  Writing free surface at time 3.
Sun Sep 08 01:09:26, Info:  Writing free surface at time 3. Done.
Sun Sep 08 01:09:26, Info:  Writing energy output at time 3 
Sun Sep 08 01:09:26, Info:  Elastic energy (total, % kinematic, % potential):  1.27994e+14  , 15.4079  , 84.5921 
Sun Sep 08 01:09:26, Info:  Total momentum (X, Y, Z): -21.627  , -11.6687  , 26.9828 
Sun Sep 08 01:09:26, Info:  Frictional work (total, % static, % radiated):  1.31481e+14  , 78.0511  , 21.9489 
Sun Sep 08 01:09:26, Info:  Seismic moment (without plasticity): 1.90214e+18  Mw: 6.11616 
Sun Sep 08 01:09:26, Info:  Writing energy output at time 3 Done. 
Sun Sep 08 01:09:26, Info:  Time spent this phase (total): 26.6439 s (min: 26.6426 s, max: 26.6467 s)
Sun Sep 08 01:09:26, Info:  Time spent this phase (compute): 26.6438 s (min: 26.6425 s, max: 26.6465 s)
Sun Sep 08 01:09:26, Info:  Time spent this phase (IO): 55.6550 ms (min: 40.0962 ms, max: 110.7036 ms)
Sun Sep 08 01:09:26, Info:  Performance since the start: 9.4291 TFLOP/s (rank 0: 594.8106 GFLOP/s , average over ranks: 589.3205 GFLOP/s ) 
Sun Sep 08 01:09:26, Info:  Performance since last sync point: 9.4466 TFLOP/s (rank 0: 595.9547 GFLOP/s , average over ranks: 590.4133 GFLOP/s ) 
Sun Sep 08 01:09:53, Info:  Writing faultoutput at time 3.5.
Sun Sep 08 01:09:53, Info:  Writing faultoutput at time 3.5. Done.
Sun Sep 08 01:09:53, Info:  Writing energy output at time 3.5 
Sun Sep 08 01:09:53, Info:  Elastic energy (total, % kinematic, % potential):  1.61842e+14  , 13.97  , 86.03 
Sun Sep 08 01:09:53, Info:  Total momentum (X, Y, Z): -39.9959  , -20.4455  , 47.4085 
Sun Sep 08 01:09:53, Info:  Frictional work (total, % static, % radiated):  1.65718e+14  , 79.8199  , 20.1801 
Sun Sep 08 01:09:53, Info:  Seismic moment (without plasticity): 2.51396e+18  Mw: 6.19691 
Sun Sep 08 01:09:53, Info:  Writing energy output at time 3.5 Done. 
Sun Sep 08 01:09:53, Info:  Time spent this phase (total): 26.8132 s (min: 26.8087 s, max: 26.8286 s)
Sun Sep 08 01:09:53, Info:  Time spent this phase (compute): 26.8131 s (min: 26.8082 s, max: 26.8286 s)
Sun Sep 08 01:09:53, Info:  Time spent this phase (IO): 52.9353 ms (min: 40.0322 ms, max: 102.9395 ms)
Sun Sep 08 01:09:53, Info:  Performance since the start: 9.4231 TFLOP/s (rank 0: 594.4581 GFLOP/s , average over ranks: 588.9426 GFLOP/s ) 
Sun Sep 08 01:09:53, Info:  Performance since last sync point: 9.3870 TFLOP/s (rank 0: 592.3522 GFLOP/s , average over ranks: 586.6854 GFLOP/s ) 
Sun Sep 08 01:10:19, Info:  Writing faultoutput at time 4.
Sun Sep 08 01:10:19, Info:  Writing faultoutput at time 4. Done.
Sun Sep 08 01:10:19, Info:  Writing free surface at time 4.
Sun Sep 08 01:10:19, Info:  Writing free surface at time 4. Done.
Sun Sep 08 01:10:19, Info:  Writing energy output at time 4 
Sun Sep 08 01:10:19, Info:  Elastic energy (total, % kinematic, % potential):  1.95859e+14  , 13.2619  , 86.7381 
Sun Sep 08 01:10:19, Info:  Total momentum (X, Y, Z): -56.9684  , -29.6667  , 76.7092 
Sun Sep 08 01:10:19, Info:  Frictional work (total, % static, % radiated):  1.99977e+14  , 81.413  , 18.587 
Sun Sep 08 01:10:19, Info:  Seismic moment (without plasticity): 3.18332e+18  Mw: 6.26525 
Sun Sep 08 01:10:19, Info:  Writing energy output at time 4 Done. 
Sun Sep 08 01:10:19, Info:  Time spent this phase (total): 26.6036 s (min: 26.5786 s, max: 26.6192 s)
Sun Sep 08 01:10:19, Info:  Time spent this phase (compute): 26.6036 s (min: 26.5786 s, max: 26.6191 s)
Sun Sep 08 01:10:19, Info:  Time spent this phase (IO): 54.0263 ms (min: 40.3005 ms, max: 87.6327 ms)
Sun Sep 08 01:10:19, Info:  Performance since the start: 9.4278 TFLOP/s (rank 0: 594.7753 GFLOP/s , average over ranks: 589.2369 GFLOP/s ) 
Sun Sep 08 01:10:19, Info:  Performance since last sync point: 9.4609 TFLOP/s (rank 0: 597.0048 GFLOP/s , average over ranks: 591.3056 GFLOP/s ) 
Sun Sep 08 01:10:46, Info:  Writing faultoutput at time 4.5.
Sun Sep 08 01:10:46, Info:  Writing faultoutput at time 4.5. Done.
Sun Sep 08 01:10:46, Info:  Writing energy output at time 4.5 
Sun Sep 08 01:10:46, Info:  Elastic energy (total, % kinematic, % potential):  2.31922e+14  , 12.882  , 87.118 
Sun Sep 08 01:10:46, Info:  Total momentum (X, Y, Z): -56.7866  , -0.328491  , 105.317 
Sun Sep 08 01:10:46, Info:  Frictional work (total, % static, % radiated):  2.36512e+14  , 82.5667  , 17.4333 
Sun Sep 08 01:10:46, Info:  Seismic moment (without plasticity): 3.92983e+18  Mw: 6.32625 
Sun Sep 08 01:10:46, Info:  Writing energy output at time 4.5 Done. 
Sun Sep 08 01:10:46, Info:  Time spent this phase (total): 26.5376 s (min: 26.5286 s, max: 26.5433 s)
Sun Sep 08 01:10:46, Info:  Time spent this phase (compute): 26.5375 s (min: 26.5285 s, max: 26.5432 s)
Sun Sep 08 01:10:46, Info:  Time spent this phase (IO): 53.7078 ms (min: 39.9536 ms, max: 90.8784 ms)
Sun Sep 08 01:10:46, Info:  Performance since the start: 9.4341 TFLOP/s (rank 0: 595.1775 GFLOP/s , average over ranks: 589.6285 GFLOP/s ) 
Sun Sep 08 01:10:46, Info:  Performance since last sync point: 9.4845 TFLOP/s (rank 0: 598.4152 GFLOP/s , average over ranks: 592.7803 GFLOP/s ) 
Sun Sep 08 01:11:12, Info:  Writing faultoutput at time 5.
Sun Sep 08 01:11:12, Info:  Writing faultoutput at time 5. Done.
Sun Sep 08 01:11:12, Info:  Writing free surface at time 5.
Sun Sep 08 01:11:12, Info:  Writing free surface at time 5. Done.
Sun Sep 08 01:11:12, Info:  Wrote receivers in 5.15e-07 seconds. 
Sun Sep 08 01:11:12, Info:  Writing energy output at time 5 
Sun Sep 08 01:11:13, Info:  Elastic energy (total, % kinematic, % potential):  2.7192e+14  , 12.6297  , 87.3703 
Sun Sep 08 01:11:13, Info:  Total momentum (X, Y, Z): -71.7007  , 67.1766  , -94.7368 
Sun Sep 08 01:11:13, Info:  Frictional work (total, % static, % radiated):  2.7698e+14  , 83.4996  , 16.5004 
Sun Sep 08 01:11:13, Info:  Seismic moment (without plasticity): 4.79218e+18  Mw: 6.38369 
Sun Sep 08 01:11:13, Info:  Writing energy output at time 5 Done. 
Sun Sep 08 01:11:13, Info:  Time spent this phase (total): 26.5104 s (min: 26.5046 s, max: 26.5298 s)
Sun Sep 08 01:11:13, Info:  Time spent this phase (compute): 26.5103 s (min: 26.5045 s, max: 26.5298 s)
Sun Sep 08 01:11:13, Info:  Time spent this phase (IO): 57.8912 ms (min: 40.3192 ms, max: 96.1985 ms)
Sun Sep 08 01:11:13, Info:  Performance since the start: 9.4400 TFLOP/s (rank 0: 595.5630 GFLOP/s , average over ranks: 590.0021 GFLOP/s ) 
Sun Sep 08 01:11:13, Info:  Performance since last sync point: 9.4942 TFLOP/s (rank 0: 599.0552 GFLOP/s , average over ranks: 593.3857 GFLOP/s ) 
Sun Sep 08 01:11:13, Info:  Ignoring duplicate synchronisation point at time 5 ; the last sync point was at  5 
Sun Sep 08 01:11:13, Info:  Ignoring duplicate synchronisation point at time 5 ; the last sync point was at  5 
Sun Sep 08 01:11:13, Info:  Ignoring duplicate synchronisation point at time 5 ; the last sync point was at  5 
Sun Sep 08 01:11:13, Info:  Ignoring duplicate synchronisation point at time 5 ; the last sync point was at  5 
Sun Sep 08 01:11:13, Info:  Simulation time (total): 4 min 26.6249 s (min: 4 min 26.6010 s, max: 4 min 26.6428 s)
Sun Sep 08 01:11:13, Info:  Simulation time (compute): 4 min 26.0294 s (min: 4 min 25.6037 s, max: 4 min 26.1660 s)
Sun Sep 08 01:11:13, Info:  Simulation time (IO): 594.0742 ms (min: 441.3279 ms, max: 1.0334 s)
Sun Sep 08 01:11:13, Info:  Time spent in compute kernels: mean = 252.919  std = 5.18194  min = 242.382  median = 251.72  max = 261.671 
Sun Sep 08 01:11:13, Info:  Load imbalance: 3.34495 % 
Sun Sep 08 01:11:13, Info:  Regression analysis of compute kernels: 
Sun Sep 08 01:11:13, Info:  "computeLocalIntegration" (total time): 1234.45 s ( = 20 min 34.4529 s ) 
Sun Sep 08 01:11:13, Info:  "computeLocalIntegration" ( constant ): 2.37128e-05 (sample size: 1.26249e+06 , standard error: 9.45271e-12 ) 
Sun Sep 08 01:11:13, Info:  "computeLocalIntegration" ( per element ): 8.31407e-08 (sample size: 1.26249e+06 , standard error: 9.45271e-12 ) 
Sun Sep 08 01:11:13, Info:  "computeNeighboringIntegration" (total time): 1490.4 s ( = 24 min 50.4013 s ) 
Sun Sep 08 01:11:13, Info:  "computeNeighboringIntegration" ( constant ): 0.000137153 (sample size: 1.26249e+06 , standard error: 1.47906e-11 ) 
Sun Sep 08 01:11:13, Info:  "computeNeighboringIntegration" ( per element ): 9.09219e-08 (sample size: 1.26249e+06 , standard error: 1.47906e-11 ) 
Sun Sep 08 01:11:13, Info:  "computeDynamicRupture" (total time): 1321.84 s ( = 22 min 1.8441 s ) 
Sun Sep 08 01:11:13, Info:  "computeDynamicRupture" ( constant ): 8.06676e-05 (sample size: 963970 , standard error: 7.81449e-11 ) 
Sun Sep 08 01:11:13, Info:  "computeDynamicRupture" ( per element ): 4.50429e-07 (sample size: 963970 , standard error: 7.81449e-11 ) 
Sun Sep 08 01:11:13, Info:  "computePointSources" (total time): 0 s ( = 0.0000 s ) 
Sun Sep 08 01:11:13, Info:  "computePointSources" ( constant ): -nan (sample size: 0 , standard error: -nan ) 
Sun Sep 08 01:11:13, Info:  "computePointSources" ( per element ): -nan (sample size: 0 , standard error: -nan ) 
Sun Sep 08 01:11:13, Info:  Total time spent in compute kernels: 4046.7 s ( = 1 h 7 min 26.6983 s ) 
Sun Sep 08 01:11:13, Info:  Total calculated HW-FLOP:  2.5169 PFLOP 
Sun Sep 08 01:11:13, Info:  Total calculated NZ-FLOP:  1.0061 PFLOP 
Sun Sep 08 01:11:13, Info:  Total calculated HW-FLOP/s:  9.4394 TFLOP/s 
Sun Sep 08 01:11:13, Info:  Total calculated NZ-FLOP/s:  3.7734 TFLOP/s 
Sun Sep 08 01:11:13, Info:  WP calculated HW-FLOP:  2.0855 PFLOP 
Sun Sep 08 01:11:13, Info:  WP calculated NZ-FLOP:  685.3086 TFLOP 
Sun Sep 08 01:11:13, Info:  DR calculated HW-FLOP:  431.4952 TFLOP 
Sun Sep 08 01:11:13, Info:  DR calculated NZ-FLOP:  320.8361 TFLOP 
Sun Sep 08 01:11:13, Info:  PL calculated HW-FLOP:  0.0000 FLOP 
Sun Sep 08 01:11:13, Info:  PL calculated NZ-FLOP:  0.0000 FLOP 
Sun Sep 08 01:11:13, Info:  Time spent in simulation: 4 min 26.6434 s (min: 4 min 26.6433 s, max: 4 min 26.6443 s)
Sun Sep 08 01:11:13, Info:  Simulation done. 
Sun Sep 08 01:11:13, Info:  Closing IO. 
Sun Sep 08 01:11:13, Info:  Time fault writer backend: 1.1031 s (min: 503.6788 ms, max: 7.8401 s)
Sun Sep 08 01:11:13, Info:  Time fault writer frontend: 12.1563 ms (min: 10.2372 ms, max: 14.3445 ms)
Sun Sep 08 01:11:13, Info:  Time free surface writer backend: 264.6897 ms (min: 6.4433 ms, max: 2.3158 s)
Sun Sep 08 01:11:13, Info:  Time free surface writer frontend: 1.3850 ms (min: 106.9510 µs, max: 6.1930 ms)
Sun Sep 08 01:11:14, Info:  SeisSol done. Goodbye. 
SeisSol complete.
/hppfs/scratch/01/di35poq/haiti-rupture-outputs/dynamic-rupture-outputs/combined_FL33-regional/jobid_3892010 ~/haiti-rupture-inputs/dynamic-rupture/combined_FL33-regional
Writing hdf5 output with compression enabled (compression_level=4). 
Use --compression=0 if you want to speed-up data extraction.
u1: 0it [00:00, ?it/s]u1: 5it [00:00, 145.52it/s]
u2: 0it [00:00, ?it/s]u2: 5it [00:00, 145.77it/s]
u3: 0it [00:00, ?it/s]u3: 5it [00:00, 149.08it/s]
done writing output_jobid_3892010_extracted-surface.h5
done writing output_jobid_3892010_extracted-surface.xdmf
full path: /hppfs/scratch/01/di35poq/haiti-rupture-outputs/dynamic-rupture-outputs/combined_FL33-regional/jobid_3892010/output_jobid_3892010_extracted-surface.xdmf
Working on JobID: 3892010
No matching file found for jobid 3892010. Assigning output-fault.xdmf instead
/hppfs/scratch/01/di35poq/haiti-rupture-outputs/dynamic-rupture-outputs/combined_FL33-regional/jobid_3892010/output-fault.xdmf
warning: Mw computed over 0-85s (avoiding contribution of small residual moment after rupture)
jobid_3892010 moment magnitude: 6.383688748204447 (M0 = 4.7922e+18)
Finished writing /hppfs/scratch/01/di35poq/haiti-rupture-outputs/dynamic-rupture-outputs/combined_FL33-regional/jobid_3892010/moment_rate_mainshock.png
No matching file found for jobid 3892010. Looking for output-fault.xdmf instead
mu_s: 0.5
mu_d: 0.24
done writing /hppfs/scratch/01/di35poq/haiti-rupture-outputs/dynamic-rupture-outputs/combined_FL33-regional/jobid_3892010/output_jobid_3892010_extracted-fault.xdmf
full path: /hppfs/scratch/01/di35poq/haiti-rupture-outputs/dynamic-rupture-outputs/combined_FL33-regional/jobid_3892010/output_jobid_3892010_extracted-fault.xdmf
done writing /hppfs/scratch/01/di35poq/haiti-rupture-outputs/dynamic-rupture-outputs/combined_FL33-regional/jobid_3892010/output_jobid_3892010_extracted-fault.h5
Job ID set as: 3892010
mu_s: 0.5
mu_d: 0.24
~/haiti-rupture-inputs/dynamic-rupture/combined_FL33-regional
