Sat Jul 13 02:35:27, Info:  Using the parameter file parameters.par 
Sat Jul 13 02:35:27, Info:  Reading SeisSol parameter file... 
Sat Jul 13 02:35:27, Info:  In your parameter file, you have specified a non-positive interval for "checkpointinterval" . This mechanism is deprecated and may be removed in a future version of SeisSol. Consider disabling the whole module by setting "checkpoint" to 0 instead by adding "checkpoint = 0" to the "output" section of your parameter file instead. 
Sat Jul 13 02:35:27, Info:  The field "printintervalcriterion" is no longer in use. You may safely remove it from your parameters file. 
Sat Jul 13 02:35:27, Info:  Disabling the wavefield output by setting "outputformat = 10" is deprecated and may be removed in a future version of SeisSol. Consider using the parameter "wavefieldoutput" instead. To disable wavefield output, add "wavefieldoutput = 0" to the "output" section of your parameters file. 
Sat Jul 13 02:35:27, Info:  The field "printintervalcriterion" is no longer in use. You may safely remove it from your parameters file. 
Sat Jul 13 02:35:27, Info:  The field "pickdttype" is no longer in use. You may safely remove it from your parameters file. 
Sat Jul 13 02:35:27, Info:  The field "faultoutputflag" is no longer in use. You may safely remove it from your parameters file. 
Sat Jul 13 02:35:27, Info:  The field "boundaries" is no longer in use. You may safely remove it from your parameters file. 
Sat Jul 13 02:35:27, Info:  SeisSol parameter file read successfully. 
Sat Jul 13 02:35:27, Info:  Model information: 
Sat Jul 13 02:35:27, Info:  Elastic model: yes 
Sat Jul 13 02:35:27, Info:  Viscoelastic model: no 
Sat Jul 13 02:35:27, Info:  Anelastic model: no 
Sat Jul 13 02:35:27, Info:  Poroelastic model: no 
Sat Jul 13 02:35:27, Info:  Anisotropic model: no 
Sat Jul 13 02:35:27, Info:  Plasticity: no 
Sat Jul 13 02:35:27, Info:  Welcome to SeisSol 
Sat Jul 13 02:35:27, Info:  Copyright (c) 2012 - 2024  SeisSol Group 
Sat Jul 13 02:35:27, Info:  Version: v1.1.4-148-g60aedc8c (dirty) 
Sat Jul 13 02:35:27, Info:  Built on: Jun 17 2024 21:03:35 
Sat Jul 13 02:35:27, Info:  Last commit: 60aedc8c2ae0a5d9e5a46cc3a40e4eaf1c047225 at 2024-06-06T12:54:08+00:00 
Sat Jul 13 02:35:27, Info:  Compiled with HOST_ARCH = skx 
Sat Jul 13 02:35:27, Info:  Running on (rank=0): "i01r01c01s01" 
Sat Jul 13 02:35:27, Info:  Using MPI with #ranks: 16 
Sat Jul 13 02:35:27, Info:  Node-wide (shared memory) MPI with #ranks/node: 1 
Sat Jul 13 02:35:27, Info:  Using asynchronous MPI routines. 
Sat Jul 13 02:35:27, Info:  Using OMP with #threads/rank: 94 
Sat Jul 13 02:35:27, Info:  OpenMP worker affinity (this process): "0123456789|0123456789|0123456789|0123456789|0123456-89|0123456789|0123456789|0123456789|0123456789|01234-" 
Sat Jul 13 02:35:27, Info:  OpenMP worker affinity (this node)   : "0123456789|0123456789|0123456789|0123456789|0123456-89|0123456789|0123456789|0123456789|0123456789|01234-" 
Sat Jul 13 02:35:27, Info:  Using a communication thread for advancing MPI communication. 
Sat Jul 13 02:35:27, Info:  Communication thread affinity        : "----------|----------|----------|----------|-------7--|----------|----------|----------|----------|-----5" 
Sat Jul 13 02:35:27, Info:  The stack size ulimit is 2097152 [kiB] ( = 2.0000 GiB ). 
Sat Jul 13 02:35:27, Info:  Begin init mesh. 
Sat Jul 13 02:35:27, Info:  Mesh file: "/dss/dsshome1/01/di35poq/mesh/mesh_v07/Haiti_v07_lowres" 
Sat Jul 13 02:35:27, Info:  Running mini SeisSol to determine node weights. 
Sat Jul 13 02:35:27, Info:  miniSeisSol configured with 50000 elements and 10 repeats per process 
Sat Jul 13 02:35:27, Info:  Node weights: mean = 41.1595  std = 0.91749  min = 38.4109  median = 41.5868  max = 41.9504 
Sat Jul 13 02:35:27, Info:  Reading PUML mesh 
Sat Jul 13 02:35:27, Info:  Inferring boundary format. 
Sat Jul 13 02:35:27, Info:  Boundary format not given in PUML file; inferring from array shape. 
Sat Jul 13 02:35:27, Info:  Using boundary format: i32 (4xi8) 
Sat Jul 13 02:35:27, Info:  Found 2685422 cells 
Sat Jul 13 02:35:27, Info:  Found 477078 vertices 
Sat Jul 13 02:35:29, Info:  Computing LTS weights. 
Sat Jul 13 02:35:32, Info:  Limiting number of clusters to 2147483646 
Sat Jul 13 02:35:32, Info:  Computing LTS weights. Done.  (108216 reductions.)
Sat Jul 13 02:35:32, Info:  Using the Parmetis partition library and strategy. 
Sat Jul 13 02:35:35, Info:  PUML mesh read in: 7.7142 s (min: 7.6522 s, max: 7.8295 s)
Sat Jul 13 02:35:35, Info:  The mesh has been read. Starting post processing. 
Sat Jul 13 02:35:35, Info:  Extracting fault information. 
Sat Jul 13 02:35:35, Info:  Exchanging ghostlayer metadata. 
Sat Jul 13 02:35:37, Info:  Mesh initialized in: 9.6639 s (min: 9.6636 s, max: 9.6645 s)
Sat Jul 13 02:35:37, Info:  End init mesh. 
Sat Jul 13 02:35:37, Info:  Begin init model. 
Sat Jul 13 02:35:37, Info:  Initialize LTS. 
Sat Jul 13 02:35:37, Info:  Deriving clusters ids for min. time step width / multiRate: 0.000213316 / 2 
Sat Jul 13 02:35:37, Info:  Due to wiggle factor of 1 the minimum timestep size is reduced to 0.000213316 
Sat Jul 13 02:35:37, Info:  Number of elements in time clusters: 
Sat Jul 13 02:35:37, Info:  0: 2088 
Sat Jul 13 02:35:37, Info:  1: 265401 
Sat Jul 13 02:35:37, Info:  2: 1618976 
Sat Jul 13 02:35:37, Info:  3: 538212 
Sat Jul 13 02:35:37, Info:  4: 147352 
Sat Jul 13 02:35:37, Info:  5: 35652 
Sat Jul 13 02:35:37, Info:  6: 11329 
Sat Jul 13 02:35:37, Info:  7: 18592 
Sat Jul 13 02:35:37, Info:  8: 47781 
Sat Jul 13 02:35:37, Info:  9: 39 
Sat Jul 13 02:35:37, Info:  maximum theoretical speedup (compared to GTS): 6.4313 per cell LTS, 4.34786 with the used clustering. 
Sat Jul 13 02:35:37, Info:  Number of elements in dynamic rupture time clusters: 
Sat Jul 13 02:35:37, Info:  0 (dr): 618 
Sat Jul 13 02:35:37, Info:  1 (dr): 78812 
Sat Jul 13 02:35:37, Info:  2 (dr): 309988 
Sat Jul 13 02:35:37, Info:  3 (dr): 2509 
Sat Jul 13 02:35:37, Info:  4 (dr): 0 
Sat Jul 13 02:35:37, Info:  5 (dr): 0 
Sat Jul 13 02:35:37, Info:  6 (dr): 0 
Sat Jul 13 02:35:37, Info:  7 (dr): 0 
Sat Jul 13 02:35:37, Info:  8 (dr): 0 
Sat Jul 13 02:35:37, Info:  9 (dr): 0 
Sat Jul 13 02:35:37, Info:  Initialize Friction Model 
Sat Jul 13 02:35:39, Info:  Initialize cell material parameters. 
Sat Jul 13 02:35:41, Info:  Initialize Memory layout. 
Sat Jul 13 02:35:41, Info:  Initialize cell-local matrices. 
Sat Jul 13 02:35:41, Info:  Initializing Fault, using a quadrature rule with  25  points. 
Sat Jul 13 02:38:47, Info:  Model initialized in: 3 min 10.8051 s (min: 3 min 10.8033 s, max: 3 min 10.8082 s)
Sat Jul 13 02:38:47, Info:  End init model. 
Sat Jul 13 02:38:47, Info:  Setting initial conditions. 
Sat Jul 13 02:38:47, Info:  Using initial condition "Zero" . 
Sat Jul 13 02:38:47, Info:  Reading source. 
Sat Jul 13 02:38:47, Info:  No source term specified. 
Sat Jul 13 02:38:47, Info:  Setting up boundary conditions. 
Sat Jul 13 02:38:47, Info:  Begin init output. 
Sat Jul 13 02:38:47, Info:  Initializing free surface integrator. 
Sat Jul 13 02:38:47, Info:  Initializing free surface integrator. Done. 
Sat Jul 13 02:38:47, Info:  Enabling 2D fault output 
Sat Jul 13 02:38:47, Info:  Initializing Fault output. Number of sub-triangles: 4 
Sat Jul 13 02:38:48, Info:  Initializing XDMF fault output. 
Sat Jul 13 02:38:48, Info:  Fault writer thread affinity: "----------|----------|----------|----------|-------7--|----------|----------|----------|----------|-----5" 
Sat Jul 13 02:38:48, Info:  Initializing XDMF fault output. Done. 
Sat Jul 13 02:38:48, Info:  Initializing free surface output. 
Sat Jul 13 02:38:48, Info:  Free surface writer thread affinity: "----------|----------|----------|----------|-------7--|----------|----------|----------|----------|-----5" 
Sat Jul 13 02:38:48, Info:  Initializing free surface output. Done. 
Sat Jul 13 02:38:48, Info:  No record points read. 
Sat Jul 13 02:38:48, Info:  Finding meshIds for receivers... 
Sat Jul 13 02:38:48, Info:  Cleaning possible double occurring receivers for MPI... 
Sat Jul 13 02:38:48, Info:  Mapping receivers to LTS cells... 
Sat Jul 13 02:38:48, Info:  Initializing energy output. 
Sat Jul 13 02:38:48, Info:  End init output. 
Sat Jul 13 02:38:48, Info:  Finishing initialization... 
Sat Jul 13 02:38:48, Info:  Starting simulation. 
Sat Jul 13 02:38:48, Info:  Writing faultoutput at time 0.
Sat Jul 13 02:38:48, Info:  Writing faultoutput at time 0. Done.
Sat Jul 13 02:38:48, Info:  Writing free surface at time 0.
Sat Jul 13 02:38:48, Info:  Writing free surface at time 0. Done.
Sat Jul 13 02:38:48, Info:  Writing energy output at time 0 
Sat Jul 13 02:38:48, Info:  Total momentum (X, Y, Z): 0  , 0  , 0 
Sat Jul 13 02:38:48, Info:  Writing energy output at time 0 Done. 
Sat Jul 13 02:38:48, Info:  Time spent for initial IO: 50.5015 ms (min: 41.6241 ms, max: 69.5260 ms)
Sat Jul 13 02:39:15, Info:  Writing faultoutput at time 0.5.
Sat Jul 13 02:39:15, Info:  Writing faultoutput at time 0.5. Done.
Sat Jul 13 02:39:15, Info:  Writing energy output at time 0.5 
Sat Jul 13 02:39:15, Info:  Elastic energy (total, % kinematic, % potential):  5.00081e+12  , 22.5398  , 77.4602 
Sat Jul 13 02:39:15, Info:  Total momentum (X, Y, Z): 0.0317993  , 0.00189209  , -0.00444603 
Sat Jul 13 02:39:15, Info:  Frictional work (total, % static, % radiated):  5.05544e+12  , 76.0025  , 23.9975 
Sat Jul 13 02:39:15, Info:  Seismic moment (without plasticity): 4.55236e+16  Mw: 5.03549 
Sat Jul 13 02:39:15, Info:  Writing energy output at time 0.5 Done. 
Sat Jul 13 02:39:15, Info:  Time spent this phase (total): 26.9541 s (min: 26.9117 s, max: 26.9805 s)
Sat Jul 13 02:39:15, Info:  Time spent this phase (compute): 26.9036 s (min: 26.8662 s, max: 26.9382 s)
Sat Jul 13 02:39:15, Info:  Time spent this phase (IO): 46.7839 ms (min: 39.9706 ms, max: 59.9870 ms)
Sat Jul 13 02:39:15, Info:  Performance since the start: 9.3381 TFLOP/s (rank 0: 581.9435 GFLOP/s , average over ranks: 583.6307 GFLOP/s ) 
Sat Jul 13 02:39:15, Info:  Performance since last sync point: 9.3381 TFLOP/s (rank 0: 581.9435 GFLOP/s , average over ranks: 583.6307 GFLOP/s ) 
Sat Jul 13 02:39:42, Info:  Writing faultoutput at time 1.
Sat Jul 13 02:39:42, Info:  Writing faultoutput at time 1. Done.
Sat Jul 13 02:39:42, Info:  Writing free surface at time 1.
Sat Jul 13 02:39:42, Info:  Writing free surface at time 1. Done.
Sat Jul 13 02:39:42, Info:  Writing energy output at time 1 
Sat Jul 13 02:39:42, Info:  Elastic energy (total, % kinematic, % potential):  2.2978e+13  , 13.9957  , 86.0043 
Sat Jul 13 02:39:42, Info:  Total momentum (X, Y, Z): 0.661133  , 0.359375  , -0.00457764 
Sat Jul 13 02:39:42, Info:  Frictional work (total, % static, % radiated):  2.32358e+13  , 82.1576  , 17.8424 
Sat Jul 13 02:39:42, Info:  Seismic moment (without plasticity): 1.86434e+17  Mw: 5.44368 
Sat Jul 13 02:39:42, Info:  Writing energy output at time 1 Done. 
Sat Jul 13 02:39:42, Info:  Time spent this phase (total): 27.0977 s (min: 27.0325 s, max: 27.1626 s)
Sat Jul 13 02:39:42, Info:  Time spent this phase (compute): 27.0976 s (min: 27.0324 s, max: 27.1625 s)
Sat Jul 13 02:39:42, Info:  Time spent this phase (IO): 53.9762 ms (min: 39.9851 ms, max: 102.7201 ms)
Sat Jul 13 02:39:42, Info:  Performance since the start: 9.3132 TFLOP/s (rank 0: 580.4710 GFLOP/s , average over ranks: 582.0773 GFLOP/s ) 
Sat Jul 13 02:39:42, Info:  Performance since last sync point: 9.2885 TFLOP/s (rank 0: 579.0059 GFLOP/s , average over ranks: 580.5336 GFLOP/s ) 
Sat Jul 13 02:40:09, Info:  Writing faultoutput at time 1.5.
Sat Jul 13 02:40:09, Info:  Writing faultoutput at time 1.5. Done.
Sat Jul 13 02:40:09, Info:  Writing energy output at time 1.5 
Sat Jul 13 02:40:09, Info:  Elastic energy (total, % kinematic, % potential):  4.6666e+13  , 13.6762  , 86.3238 
Sat Jul 13 02:40:09, Info:  Total momentum (X, Y, Z): 0.703125  , -0.738281  , 0.0195312 
Sat Jul 13 02:40:09, Info:  Frictional work (total, % static, % radiated):  4.70432e+13  , 82.7917  , 17.2083 
Sat Jul 13 02:40:09, Info:  Seismic moment (without plasticity): 3.40633e+17  Mw: 5.61819 
Sat Jul 13 02:40:09, Info:  Writing energy output at time 1.5 Done. 
Sat Jul 13 02:40:09, Info:  Time spent this phase (total): 26.7942 s (min: 26.7379 s, max: 26.8476 s)
Sat Jul 13 02:40:09, Info:  Time spent this phase (compute): 26.7941 s (min: 26.7378 s, max: 26.8475 s)
Sat Jul 13 02:40:09, Info:  Time spent this phase (IO): 46.6473 ms (min: 39.8388 ms, max: 59.6825 ms)
Sat Jul 13 02:40:09, Info:  Performance since the start: 9.3400 TFLOP/s (rank 0: 582.4279 GFLOP/s , average over ranks: 583.7474 GFLOP/s ) 
Sat Jul 13 02:40:09, Info:  Performance since last sync point: 9.3939 TFLOP/s (rank 0: 586.3816 GFLOP/s , average over ranks: 587.1181 GFLOP/s ) 
Sat Jul 13 02:40:35, Info:  Writing faultoutput at time 2.
Sat Jul 13 02:40:35, Info:  Writing faultoutput at time 2. Done.
Sat Jul 13 02:40:35, Info:  Writing free surface at time 2.
Sat Jul 13 02:40:35, Info:  Writing free surface at time 2. Done.
Sat Jul 13 02:40:35, Info:  Writing energy output at time 2 
Sat Jul 13 02:40:36, Info:  Elastic energy (total, % kinematic, % potential):  8.55001e+13  , 16.7989  , 83.2011 
Sat Jul 13 02:40:36, Info:  Total momentum (X, Y, Z): 0.357422  , -0.644531  , -0.263184 
Sat Jul 13 02:40:36, Info:  Frictional work (total, % static, % radiated):  8.59441e+13  , 81.7714  , 18.2286 
Sat Jul 13 02:40:36, Info:  Seismic moment (without plasticity): 5.69429e+17  Mw: 5.76696 
Sat Jul 13 02:40:36, Info:  Writing energy output at time 2 Done. 
Sat Jul 13 02:40:36, Info:  Time spent this phase (total): 26.7524 s (min: 26.7309 s, max: 26.7803 s)
Sat Jul 13 02:40:36, Info:  Time spent this phase (compute): 26.7524 s (min: 26.7309 s, max: 26.7802 s)
Sat Jul 13 02:40:36, Info:  Time spent this phase (IO): 48.4257 ms (min: 39.9298 ms, max: 75.3583 ms)
Sat Jul 13 02:40:36, Info:  Performance since the start: 9.3570 TFLOP/s (rank 0: 583.4709 GFLOP/s , average over ranks: 584.8112 GFLOP/s ) 
Sat Jul 13 02:40:36, Info:  Performance since last sync point: 9.4084 TFLOP/s (rank 0: 586.6225 GFLOP/s , average over ranks: 588.0261 GFLOP/s ) 
Sat Jul 13 02:41:02, Info:  Writing faultoutput at time 2.5.
Sat Jul 13 02:41:02, Info:  Writing faultoutput at time 2.5. Done.
Sat Jul 13 02:41:02, Info:  Writing energy output at time 2.5 
Sat Jul 13 02:41:02, Info:  Elastic energy (total, % kinematic, % potential):  1.45271e+14  , 18.3234  , 81.6766 
Sat Jul 13 02:41:02, Info:  Total momentum (X, Y, Z): 4.9375  , 1.61719  , 1.97949 
Sat Jul 13 02:41:02, Info:  Frictional work (total, % static, % radiated):  1.45857e+14  , 80.2367  , 19.7633 
Sat Jul 13 02:41:02, Info:  Seismic moment (without plasticity): 9.35781e+17  Mw: 5.91078 
Sat Jul 13 02:41:02, Info:  Writing energy output at time 2.5 Done. 
Sat Jul 13 02:41:02, Info:  Time spent this phase (total): 26.7405 s (min: 26.7255 s, max: 26.7473 s)
Sat Jul 13 02:41:02, Info:  Time spent this phase (compute): 26.7404 s (min: 26.7255 s, max: 26.7472 s)
Sat Jul 13 02:41:02, Info:  Time spent this phase (IO): 47.3040 ms (min: 39.9651 ms, max: 61.8798 ms)
Sat Jul 13 02:41:02, Info:  Performance since the start: 9.3681 TFLOP/s (rank 0: 584.2540 GFLOP/s , average over ranks: 585.5040 GFLOP/s ) 
Sat Jul 13 02:41:02, Info:  Performance since last sync point: 9.4127 TFLOP/s (rank 0: 587.4074 GFLOP/s , average over ranks: 588.2917 GFLOP/s ) 
Sat Jul 13 02:41:29, Info:  Writing faultoutput at time 3.
Sat Jul 13 02:41:29, Info:  Writing faultoutput at time 3. Done.
Sat Jul 13 02:41:29, Info:  Writing free surface at time 3.
Sat Jul 13 02:41:29, Info:  Writing free surface at time 3. Done.
Sat Jul 13 02:41:29, Info:  Writing energy output at time 3 
Sat Jul 13 02:41:29, Info:  Elastic energy (total, % kinematic, % potential):  2.25232e+14  , 18.776  , 81.224 
Sat Jul 13 02:41:29, Info:  Total momentum (X, Y, Z): 31.1953  , 10.1562  , 4.74707 
Sat Jul 13 02:41:29, Info:  Frictional work (total, % static, % radiated):  2.25938e+14  , 79.4238  , 20.5762 
Sat Jul 13 02:41:29, Info:  Seismic moment (without plasticity): 1.46323e+18  Mw: 6.04021 
Sat Jul 13 02:41:29, Info:  Writing energy output at time 3 Done. 
Sat Jul 13 02:41:29, Info:  Time spent this phase (total): 26.7095 s (min: 26.7078 s, max: 26.7185 s)
Sat Jul 13 02:41:29, Info:  Time spent this phase (compute): 26.7094 s (min: 26.7077 s, max: 26.7182 s)
Sat Jul 13 02:41:29, Info:  Time spent this phase (IO): 48.1265 ms (min: 40.1501 ms, max: 71.6793 ms)
Sat Jul 13 02:41:29, Info:  Performance since the start: 9.3773 TFLOP/s (rank 0: 584.8171 GFLOP/s , average over ranks: 586.0794 GFLOP/s ) 
Sat Jul 13 02:41:29, Info:  Performance since last sync point: 9.4236 TFLOP/s (rank 0: 587.6489 GFLOP/s , average over ranks: 588.9736 GFLOP/s ) 
Sat Jul 13 02:41:56, Info:  Writing faultoutput at time 3.5.
Sat Jul 13 02:41:56, Info:  Writing faultoutput at time 3.5. Done.
Sat Jul 13 02:41:56, Info:  Writing energy output at time 3.5 
Sat Jul 13 02:41:56, Info:  Elastic energy (total, % kinematic, % potential):  3.27591e+14  , 19.0354  , 80.9646 
Sat Jul 13 02:41:56, Info:  Total momentum (X, Y, Z): 83.7109  , 28.0625  , 8.91406 
Sat Jul 13 02:41:56, Info:  Frictional work (total, % static, % radiated):  3.28469e+14  , 78.761  , 21.239 
Sat Jul 13 02:41:56, Info:  Seismic moment (without plasticity): 2.1691e+18  Mw: 6.15419 
Sat Jul 13 02:41:56, Info:  Writing energy output at time 3.5 Done. 
Sat Jul 13 02:41:56, Info:  Time spent this phase (total): 27.0389 s (min: 27.0137 s, max: 27.0535 s)
Sat Jul 13 02:41:56, Info:  Time spent this phase (compute): 27.0389 s (min: 27.0137 s, max: 27.0535 s)
Sat Jul 13 02:41:56, Info:  Time spent this phase (IO): 46.7244 ms (min: 40.0378 ms, max: 55.5361 ms)
Sat Jul 13 02:41:56, Info:  Performance since the start: 9.3674 TFLOP/s (rank 0: 584.2315 GFLOP/s , average over ranks: 585.4637 GFLOP/s ) 
Sat Jul 13 02:41:56, Info:  Performance since last sync point: 9.3087 TFLOP/s (rank 0: 580.7424 GFLOP/s , average over ranks: 581.7965 GFLOP/s ) 
Sat Jul 13 02:42:23, Info:  Writing faultoutput at time 4.
Sat Jul 13 02:42:23, Info:  Writing faultoutput at time 4. Done.
Sat Jul 13 02:42:23, Info:  Writing free surface at time 4.
Sat Jul 13 02:42:23, Info:  Writing free surface at time 4. Done.
Sat Jul 13 02:42:23, Info:  Writing energy output at time 4 
Sat Jul 13 02:42:23, Info:  Elastic energy (total, % kinematic, % potential):  4.60236e+14  , 19.2468  , 80.7532 
Sat Jul 13 02:42:23, Info:  Total momentum (X, Y, Z): 165.773  , 51.0312  , 18.2832 
Sat Jul 13 02:42:23, Info:  Frictional work (total, % static, % radiated):  4.61438e+14  , 77.8981  , 22.1019 
Sat Jul 13 02:42:23, Info:  Seismic moment (without plasticity): 3.10549e+18  Mw: 6.25809 
Sat Jul 13 02:42:23, Info:  Writing energy output at time 4 Done. 
Sat Jul 13 02:42:23, Info:  Time spent this phase (total): 26.8926 s (min: 26.8787 s, max: 26.9176 s)
Sat Jul 13 02:42:23, Info:  Time spent this phase (compute): 26.8925 s (min: 26.8787 s, max: 26.9176 s)
Sat Jul 13 02:42:23, Info:  Time spent this phase (IO): 48.2094 ms (min: 40.1235 ms, max: 73.2081 ms)
Sat Jul 13 02:42:23, Info:  Performance since the start: 9.3664 TFLOP/s (rank 0: 584.1739 GFLOP/s , average over ranks: 585.4012 GFLOP/s ) 
Sat Jul 13 02:42:23, Info:  Performance since last sync point: 9.3594 TFLOP/s (rank 0: 583.7709 GFLOP/s , average over ranks: 584.9645 GFLOP/s ) 
Sat Jul 13 02:42:50, Info:  Writing faultoutput at time 4.5.
Sat Jul 13 02:42:50, Info:  Writing faultoutput at time 4.5. Done.
Sat Jul 13 02:42:50, Info:  Writing energy output at time 4.5 
Sat Jul 13 02:42:50, Info:  Elastic energy (total, % kinematic, % potential):  6.04299e+14  , 18.3412  , 81.6588 
Sat Jul 13 02:42:50, Info:  Total momentum (X, Y, Z): 193.641  , 26.375  , 57.1953 
Sat Jul 13 02:42:50, Info:  Frictional work (total, % static, % radiated):  6.05812e+14  , 77.5613  , 22.4387 
Sat Jul 13 02:42:50, Info:  Seismic moment (without plasticity): 4.24197e+18  Mw: 6.34838 
Sat Jul 13 02:42:50, Info:  Writing energy output at time 4.5 Done. 
Sat Jul 13 02:42:50, Info:  Time spent this phase (total): 26.7927 s (min: 26.7770 s, max: 26.8051 s)
Sat Jul 13 02:42:50, Info:  Time spent this phase (compute): 26.7926 s (min: 26.7770 s, max: 26.8050 s)
Sat Jul 13 02:42:50, Info:  Time spent this phase (IO): 46.5022 ms (min: 40.1063 ms, max: 55.0727 ms)
Sat Jul 13 02:42:50, Info:  Performance since the start: 9.3695 TFLOP/s (rank 0: 584.3889 GFLOP/s , average over ranks: 585.5945 GFLOP/s ) 
Sat Jul 13 02:42:50, Info:  Performance since last sync point: 9.3943 TFLOP/s (rank 0: 586.1152 GFLOP/s , average over ranks: 587.1455 GFLOP/s ) 
Sat Jul 13 02:43:17, Info:  Writing faultoutput at time 5.
Sat Jul 13 02:43:17, Info:  Writing faultoutput at time 5. Done.
Sat Jul 13 02:43:17, Info:  Writing free surface at time 5.
Sat Jul 13 02:43:17, Info:  Writing free surface at time 5. Done.
Sat Jul 13 02:43:17, Info:  Writing energy output at time 5 
Sat Jul 13 02:43:17, Info:  Elastic energy (total, % kinematic, % potential):  7.41224e+14  , 16.693  , 83.307 
Sat Jul 13 02:43:17, Info:  Total momentum (X, Y, Z): 169.248  , 31.875  , -130.781 
Sat Jul 13 02:43:17, Info:  Frictional work (total, % static, % radiated):  7.42965e+14  , 77.4816  , 22.5184 
Sat Jul 13 02:43:17, Info:  Seismic moment (without plasticity): 5.44371e+18  Mw: 6.4206 
Sat Jul 13 02:43:17, Info:  Writing energy output at time 5 Done. 
Sat Jul 13 02:43:17, Info:  Time spent this phase (total): 26.9333 s (min: 26.9056 s, max: 26.9544 s)
Sat Jul 13 02:43:17, Info:  Time spent this phase (compute): 26.9332 s (min: 26.9056 s, max: 26.9543 s)
Sat Jul 13 02:43:17, Info:  Time spent this phase (IO): 52.0407 ms (min: 40.0507 ms, max: 78.3535 ms)
Sat Jul 13 02:43:17, Info:  Performance since the start: 9.3671 TFLOP/s (rank 0: 584.2503 GFLOP/s , average over ranks: 585.4424 GFLOP/s ) 
Sat Jul 13 02:43:17, Info:  Performance since last sync point: 9.3452 TFLOP/s (rank 0: 583.0052 GFLOP/s , average over ranks: 584.0777 GFLOP/s ) 
Sat Jul 13 02:43:43, Info:  Writing faultoutput at time 5.5.
Sat Jul 13 02:43:43, Info:  Writing faultoutput at time 5.5. Done.
Sat Jul 13 02:43:43, Info:  Writing energy output at time 5.5 
Sat Jul 13 02:43:44, Info:  Elastic energy (total, % kinematic, % potential):  8.64297e+14  , 15.0059  , 84.9941 
Sat Jul 13 02:43:44, Info:  Total momentum (X, Y, Z): 309.531  , -127.375  , 377.992 
Sat Jul 13 02:43:44, Info:  Frictional work (total, % static, % radiated):  8.6636e+14  , 77.4549  , 22.5451 
Sat Jul 13 02:43:44, Info:  Seismic moment (without plasticity): 6.5984e+18  Mw: 6.47629 
Sat Jul 13 02:43:44, Info:  Writing energy output at time 5.5 Done. 
Sat Jul 13 02:43:44, Info:  Time spent this phase (total): 26.9075 s (min: 26.8866 s, max: 26.9398 s)
Sat Jul 13 02:43:44, Info:  Time spent this phase (compute): 26.9075 s (min: 26.8866 s, max: 26.9398 s)
Sat Jul 13 02:43:44, Info:  Time spent this phase (IO): 46.2960 ms (min: 39.8274 ms, max: 53.8711 ms)
Sat Jul 13 02:43:44, Info:  Performance since the start: 9.3659 TFLOP/s (rank 0: 584.1959 GFLOP/s , average over ranks: 585.3692 GFLOP/s ) 
Sat Jul 13 02:43:44, Info:  Performance since last sync point: 9.3542 TFLOP/s (rank 0: 583.6531 GFLOP/s , average over ranks: 584.6384 GFLOP/s ) 
Sat Jul 13 02:44:10, Info:  Writing faultoutput at time 6.
Sat Jul 13 02:44:10, Info:  Writing faultoutput at time 6. Done.
Sat Jul 13 02:44:10, Info:  Writing free surface at time 6.
Sat Jul 13 02:44:10, Info:  Writing free surface at time 6. Done.
Sat Jul 13 02:44:10, Info:  Writing energy output at time 6 
Sat Jul 13 02:44:10, Info:  Elastic energy (total, % kinematic, % potential):  9.67662e+14  , 13.3911  , 86.6089 
Sat Jul 13 02:44:10, Info:  Total momentum (X, Y, Z): -177.844  , 254.562  , 900.195 
Sat Jul 13 02:44:10, Info:  Frictional work (total, % static, % radiated):  9.69978e+14  , 77.6177  , 22.3823 
Sat Jul 13 02:44:10, Info:  Seismic moment (without plasticity): 7.66097e+18  Mw: 6.51952 
Sat Jul 13 02:44:10, Info:  Writing energy output at time 6 Done. 
Sat Jul 13 02:44:10, Info:  Time spent this phase (total): 26.9347 s (min: 26.9118 s, max: 26.9577 s)
Sat Jul 13 02:44:10, Info:  Time spent this phase (compute): 26.9346 s (min: 26.9118 s, max: 26.9576 s)
Sat Jul 13 02:44:10, Info:  Time spent this phase (IO): 49.7589 ms (min: 39.9915 ms, max: 72.9147 ms)
Sat Jul 13 02:44:10, Info:  Performance since the start: 9.3641 TFLOP/s (rank 0: 584.0681 GFLOP/s , average over ranks: 585.2591 GFLOP/s ) 
Sat Jul 13 02:44:10, Info:  Performance since last sync point: 9.3448 TFLOP/s (rank 0: 582.6654 GFLOP/s , average over ranks: 584.0505 GFLOP/s ) 
Sat Jul 13 02:44:37, Info:  Writing faultoutput at time 6.5.
Sat Jul 13 02:44:37, Info:  Writing faultoutput at time 6.5. Done.
Sat Jul 13 02:44:37, Info:  Writing energy output at time 6.5 
Sat Jul 13 02:44:37, Info:  Elastic energy (total, % kinematic, % potential):  1.04814e+15  , 11.9004  , 88.0996 
Sat Jul 13 02:44:37, Info:  Total momentum (X, Y, Z): 1459.52  , -483.312  , -10967.3 
Sat Jul 13 02:44:37, Info:  Frictional work (total, % static, % radiated):  1.05069e+15  , 77.8574  , 22.1426 
Sat Jul 13 02:44:37, Info:  Seismic moment (without plasticity): 8.58493e+18  Mw: 6.55249 
Sat Jul 13 02:44:37, Info:  Writing energy output at time 6.5 Done. 
Sat Jul 13 02:44:37, Info:  Time spent this phase (total): 26.7858 s (min: 26.7710 s, max: 26.7893 s)
Sat Jul 13 02:44:37, Info:  Time spent this phase (compute): 26.7858 s (min: 26.7705 s, max: 26.7892 s)
Sat Jul 13 02:44:37, Info:  Time spent this phase (IO): 48.0215 ms (min: 39.9366 ms, max: 65.9989 ms)
Sat Jul 13 02:44:37, Info:  Performance since the start: 9.3666 TFLOP/s (rank 0: 584.2542 GFLOP/s , average over ranks: 585.4151 GFLOP/s ) 
Sat Jul 13 02:44:37, Info:  Performance since last sync point: 9.3967 TFLOP/s (rank 0: 586.4973 GFLOP/s , average over ranks: 587.2937 GFLOP/s ) 
Sat Jul 13 02:45:04, Info:  Writing faultoutput at time 7.
Sat Jul 13 02:45:04, Info:  Writing faultoutput at time 7. Done.
Sat Jul 13 02:45:04, Info:  Writing free surface at time 7.
Sat Jul 13 02:45:04, Info:  Writing free surface at time 7. Done.
Sat Jul 13 02:45:04, Info:  Writing energy output at time 7 
Sat Jul 13 02:45:04, Info:  Elastic energy (total, % kinematic, % potential):  1.10984e+15  , 10.8868  , 89.1132 
Sat Jul 13 02:45:04, Info:  Total momentum (X, Y, Z): -4226.02  , 978.562  , 56790.8 
Sat Jul 13 02:45:04, Info:  Frictional work (total, % static, % radiated):  1.11267e+15  , 78.1891  , 21.8109 
Sat Jul 13 02:45:04, Info:  Seismic moment (without plasticity): 9.3639e+18  Mw: 6.57764 
Sat Jul 13 02:45:04, Info:  Writing energy output at time 7 Done. 
Sat Jul 13 02:45:04, Info:  Time spent this phase (total): 26.8142 s (min: 26.7908 s, max: 26.8293 s)
Sat Jul 13 02:45:04, Info:  Time spent this phase (compute): 26.8141 s (min: 26.7908 s, max: 26.8293 s)
Sat Jul 13 02:45:04, Info:  Time spent this phase (IO): 48.0383 ms (min: 40.1470 ms, max: 71.0985 ms)
Sat Jul 13 02:45:04, Info:  Performance since the start: 9.3681 TFLOP/s (rank 0: 584.3294 GFLOP/s , average over ranks: 585.5047 GFLOP/s ) 
Sat Jul 13 02:45:04, Info:  Performance since last sync point: 9.3867 TFLOP/s (rank 0: 585.3080 GFLOP/s , average over ranks: 586.6714 GFLOP/s ) 
Sat Jul 13 02:45:31, Info:  Writing faultoutput at time 7.5.
Sat Jul 13 02:45:31, Info:  Writing faultoutput at time 7.5. Done.
Sat Jul 13 02:45:31, Info:  Writing energy output at time 7.5 
Sat Jul 13 02:45:31, Info:  Elastic energy (total, % kinematic, % potential):  1.15579e+15  , 10.1755  , 89.8245 
Sat Jul 13 02:45:31, Info:  Total momentum (X, Y, Z): 15496.8  , -5494.75  , -197570 
Sat Jul 13 02:45:31, Info:  Frictional work (total, % static, % radiated):  1.15898e+15  , 78.8261  , 21.1739 
Sat Jul 13 02:45:31, Info:  Seismic moment (without plasticity): 1.00672e+19  Mw: 6.59861 
Sat Jul 13 02:45:31, Info:  Writing energy output at time 7.5 Done. 
Sat Jul 13 02:45:31, Info:  Time spent this phase (total): 26.8029 s (min: 26.7949 s, max: 26.8293 s)
Sat Jul 13 02:45:31, Info:  Time spent this phase (compute): 26.8025 s (min: 26.7895 s, max: 26.8293 s)
Sat Jul 13 02:45:31, Info:  Time spent this phase (IO): 47.6323 ms (min: 39.9970 ms, max: 62.3166 ms)
Sat Jul 13 02:45:31, Info:  Performance since the start: 9.3696 TFLOP/s (rank 0: 584.4388 GFLOP/s , average over ranks: 585.5988 GFLOP/s ) 
Sat Jul 13 02:45:31, Info:  Performance since last sync point: 9.3907 TFLOP/s (rank 0: 585.9751 GFLOP/s , average over ranks: 586.9205 GFLOP/s ) 
Sat Jul 13 02:45:58, Info:  Writing faultoutput at time 8.
Sat Jul 13 02:45:58, Info:  Writing faultoutput at time 8. Done.
Sat Jul 13 02:45:58, Info:  Writing free surface at time 8.
Sat Jul 13 02:45:58, Info:  Writing free surface at time 8. Done.
Sat Jul 13 02:45:58, Info:  Writing energy output at time 8 
Sat Jul 13 02:45:58, Info:  Elastic energy (total, % kinematic, % potential):  1.191e+15  , 9.47565  , 90.5244 
Sat Jul 13 02:45:58, Info:  Total momentum (X, Y, Z): -43766  , 24642  , 483287 
Sat Jul 13 02:45:58, Info:  Frictional work (total, % static, % radiated):  1.19456e+15  , 79.4902  , 20.5098 
Sat Jul 13 02:45:58, Info:  Seismic moment (without plasticity): 1.07182e+19  Mw: 6.61675 
Sat Jul 13 02:45:58, Info:  Writing energy output at time 8 Done. 
Sat Jul 13 02:45:58, Info:  Time spent this phase (total): 26.8654 s (min: 26.8300 s, max: 26.8886 s)
Sat Jul 13 02:45:58, Info:  Time spent this phase (compute): 26.8654 s (min: 26.8300 s, max: 26.8881 s)
Sat Jul 13 02:45:58, Info:  Time spent this phase (IO): 48.6737 ms (min: 40.2657 ms, max: 77.2062 ms)
Sat Jul 13 02:45:58, Info:  Performance since the start: 9.3695 TFLOP/s (rank 0: 584.4072 GFLOP/s , average over ranks: 585.5962 GFLOP/s ) 
Sat Jul 13 02:45:58, Info:  Performance since last sync point: 9.3689 TFLOP/s (rank 0: 583.9333 GFLOP/s , average over ranks: 585.5561 GFLOP/s ) 
Sat Jul 13 02:46:25, Info:  Writing faultoutput at time 8.5.
Sat Jul 13 02:46:25, Info:  Writing faultoutput at time 8.5. Done.
Sat Jul 13 02:46:25, Info:  Writing energy output at time 8.5 
Sat Jul 13 02:46:25, Info:  Elastic energy (total, % kinematic, % potential):  1.21977e+15  , 8.78252  , 91.2175 
Sat Jul 13 02:46:25, Info:  Total momentum (X, Y, Z): 99700.2  , -65401.4  , -708000 
Sat Jul 13 02:46:25, Info:  Frictional work (total, % static, % radiated):  1.22366e+15  , 79.9695  , 20.0305 
Sat Jul 13 02:46:25, Info:  Seismic moment (without plasticity): 1.12981e+19  Mw: 6.632 
Sat Jul 13 02:46:25, Info:  Writing energy output at time 8.5 Done. 
Sat Jul 13 02:46:25, Info:  Time spent this phase (total): 26.8291 s (min: 26.8077 s, max: 26.8405 s)
Sat Jul 13 02:46:25, Info:  Time spent this phase (compute): 26.8290 s (min: 26.8072 s, max: 26.8405 s)
Sat Jul 13 02:46:25, Info:  Time spent this phase (IO): 47.4131 ms (min: 39.9033 ms, max: 61.6069 ms)
Sat Jul 13 02:46:25, Info:  Performance since the start: 9.3702 TFLOP/s (rank 0: 584.4828 GFLOP/s , average over ranks: 585.6403 GFLOP/s ) 
Sat Jul 13 02:46:25, Info:  Performance since last sync point: 9.3815 TFLOP/s (rank 0: 585.6952 GFLOP/s , average over ranks: 586.3468 GFLOP/s ) 
Sat Jul 13 02:46:51, Info:  Writing faultoutput at time 9.
Sat Jul 13 02:46:51, Info:  Writing faultoutput at time 9. Done.
Sat Jul 13 02:46:51, Info:  Writing free surface at time 9.
Sat Jul 13 02:46:51, Info:  Writing free surface at time 9. Done.
Sat Jul 13 02:46:51, Info:  Writing energy output at time 9 
Sat Jul 13 02:46:52, Info:  Elastic energy (total, % kinematic, % potential):  1.24388e+15  , 8.09674  , 91.9033 
Sat Jul 13 02:46:52, Info:  Total momentum (X, Y, Z): -173191  , 95867.3  , -263073 
Sat Jul 13 02:46:52, Info:  Frictional work (total, % static, % radiated):  1.24814e+15  , 80.3081  , 19.6919 
Sat Jul 13 02:46:52, Info:  Seismic moment (without plasticity): 1.17719e+19  Mw: 6.6439 
Sat Jul 13 02:46:52, Info:  Writing energy output at time 9 Done. 
Sat Jul 13 02:46:52, Info:  Time spent this phase (total): 26.9633 s (min: 26.9552 s, max: 26.9770 s)
Sat Jul 13 02:46:52, Info:  Time spent this phase (compute): 26.9632 s (min: 26.9552 s, max: 26.9764 s)
Sat Jul 13 02:46:52, Info:  Time spent this phase (IO): 48.6428 ms (min: 40.0845 ms, max: 71.2424 ms)
Sat Jul 13 02:46:52, Info:  Performance since the start: 9.3683 TFLOP/s (rank 0: 584.3454 GFLOP/s , average over ranks: 585.5169 GFLOP/s ) 
Sat Jul 13 02:46:52, Info:  Performance since last sync point: 9.3349 TFLOP/s (rank 0: 582.0195 GFLOP/s , average over ranks: 583.4283 GFLOP/s ) 
Sat Jul 13 02:47:18, Info:  Writing faultoutput at time 9.5.
Sat Jul 13 02:47:18, Info:  Writing faultoutput at time 9.5. Done.
Sat Jul 13 02:47:18, Info:  Writing energy output at time 9.5 
Sat Jul 13 02:47:18, Info:  Elastic energy (total, % kinematic, % potential):  1.26321e+15  , 7.42605  , 92.5739 
Sat Jul 13 02:47:18, Info:  Total momentum (X, Y, Z): 235868  , -105527  , 5.64366e+06 
Sat Jul 13 02:47:18, Info:  Frictional work (total, % static, % radiated):  1.26786e+15  , 80.7782  , 19.2218 
Sat Jul 13 02:47:18, Info:  Seismic moment (without plasticity): 1.214e+19  Mw: 6.65281 
Sat Jul 13 02:47:18, Info:  Writing energy output at time 9.5 Done. 
Sat Jul 13 02:47:18, Info:  Time spent this phase (total): 26.7746 s (min: 26.7574 s, max: 26.7819 s)
Sat Jul 13 02:47:18, Info:  Time spent this phase (compute): 26.7745 s (min: 26.7571 s, max: 26.7819 s)
Sat Jul 13 02:47:18, Info:  Time spent this phase (IO): 46.5634 ms (min: 40.0006 ms, max: 54.6779 ms)
Sat Jul 13 02:47:18, Info:  Performance since the start: 9.3700 TFLOP/s (rank 0: 584.4738 GFLOP/s , average over ranks: 585.6231 GFLOP/s ) 
Sat Jul 13 02:47:18, Info:  Performance since last sync point: 9.4007 TFLOP/s (rank 0: 586.7947 GFLOP/s , average over ranks: 587.5417 GFLOP/s ) 
Sat Jul 13 02:47:45, Info:  Writing faultoutput at time 10.
Sat Jul 13 02:47:45, Info:  Writing faultoutput at time 10. Done.
Sat Jul 13 02:47:45, Info:  Writing free surface at time 10.
Sat Jul 13 02:47:45, Info:  Writing free surface at time 10. Done.
Sat Jul 13 02:47:45, Info:  Wrote receivers in 5.96e-07 seconds. 
Sat Jul 13 02:47:45, Info:  Writing energy output at time 10 
Sat Jul 13 02:47:45, Info:  Elastic energy (total, % kinematic, % potential):  1.27709e+15  , 6.84876  , 93.1512 
Sat Jul 13 02:47:45, Info:  Total momentum (X, Y, Z): -266055  , 579671  , -2.09217e+07 
Sat Jul 13 02:47:45, Info:  Frictional work (total, % static, % radiated):  1.28211e+15  , 81.2053  , 18.7947 
Sat Jul 13 02:47:45, Info:  Seismic moment (without plasticity): 1.24115e+19  Mw: 6.65922 
Sat Jul 13 02:47:45, Info:  Writing energy output at time 10 Done. 
Sat Jul 13 02:47:45, Info:  Time spent this phase (total): 26.7453 s (min: 26.7385 s, max: 26.7562 s)
Sat Jul 13 02:47:45, Info:  Time spent this phase (compute): 26.7452 s (min: 26.7384 s, max: 26.7547 s)
Sat Jul 13 02:47:45, Info:  Time spent this phase (IO): 48.3683 ms (min: 40.1943 ms, max: 70.1606 ms)
Sat Jul 13 02:47:45, Info:  Performance since the start: 9.3720 TFLOP/s (rank 0: 584.5908 GFLOP/s , average over ranks: 585.7507 GFLOP/s ) 
Sat Jul 13 02:47:45, Info:  Performance since last sync point: 9.4110 TFLOP/s (rank 0: 586.8227 GFLOP/s , average over ranks: 588.1847 GFLOP/s ) 
Sat Jul 13 02:48:12, Info:  Writing faultoutput at time 10.5.
Sat Jul 13 02:48:12, Info:  Writing faultoutput at time 10.5. Done.
Sat Jul 13 02:48:12, Info:  Writing energy output at time 10.5 
Sat Jul 13 02:48:12, Info:  Elastic energy (total, % kinematic, % potential):  1.28485e+15  , 6.38455  , 93.6154 
Sat Jul 13 02:48:12, Info:  Total momentum (X, Y, Z): 19085.4  , -2.78954e+06  , 4.30213e+07 
Sat Jul 13 02:48:12, Info:  Frictional work (total, % static, % radiated):  1.29026e+15  , 81.6636  , 18.3364 
Sat Jul 13 02:48:12, Info:  Seismic moment (without plasticity): 1.25983e+19  Mw: 6.66354 
Sat Jul 13 02:48:12, Info:  Writing energy output at time 10.5 Done. 
Sat Jul 13 02:48:12, Info:  Time spent this phase (total): 26.9995 s (min: 26.9886 s, max: 27.0119 s)
Sat Jul 13 02:48:12, Info:  Time spent this phase (compute): 26.9995 s (min: 26.9883 s, max: 27.0118 s)
Sat Jul 13 02:48:12, Info:  Time spent this phase (IO): 47.9193 ms (min: 40.0116 ms, max: 62.1205 ms)
Sat Jul 13 02:48:12, Info:  Performance since the start: 9.3696 TFLOP/s (rank 0: 584.4558 GFLOP/s , average over ranks: 585.6021 GFLOP/s ) 
Sat Jul 13 02:48:12, Info:  Performance since last sync point: 9.3223 TFLOP/s (rank 0: 581.7680 GFLOP/s , average over ranks: 582.6453 GFLOP/s ) 
Sat Jul 13 02:48:39, Info:  Writing faultoutput at time 11.
Sat Jul 13 02:48:39, Info:  Writing faultoutput at time 11. Done.
Sat Jul 13 02:48:39, Info:  Writing free surface at time 11.
Sat Jul 13 02:48:39, Info:  Writing free surface at time 11. Done.
Sat Jul 13 02:48:39, Info:  Writing energy output at time 11 
Sat Jul 13 02:48:39, Info:  Elastic energy (total, % kinematic, % potential):  1.28765e+15  , 6.05189  , 93.9481 
Sat Jul 13 02:48:39, Info:  Total momentum (X, Y, Z): 1.50442e+06  , 5.82082e+06  , -1.54227e+07 
Sat Jul 13 02:48:39, Info:  Frictional work (total, % static, % radiated):  1.29344e+15  , 82.4545  , 17.5455 
Sat Jul 13 02:48:39, Info:  Seismic moment (without plasticity): 1.2722e+19  Mw: 6.66637 
Sat Jul 13 02:48:39, Info:  Writing energy output at time 11 Done. 
Sat Jul 13 02:48:39, Info:  Time spent this phase (total): 26.9232 s (min: 26.8905 s, max: 26.9516 s)
Sat Jul 13 02:48:39, Info:  Time spent this phase (compute): 26.9232 s (min: 26.8905 s, max: 26.9515 s)
Sat Jul 13 02:48:39, Info:  Time spent this phase (IO): 49.9602 ms (min: 39.9332 ms, max: 77.1479 ms)
Sat Jul 13 02:48:39, Info:  Performance since the start: 9.3687 TFLOP/s (rank 0: 584.3899 GFLOP/s , average over ranks: 585.5428 GFLOP/s ) 
Sat Jul 13 02:48:39, Info:  Performance since last sync point: 9.3488 TFLOP/s (rank 0: 583.0111 GFLOP/s , average over ranks: 584.3003 GFLOP/s ) 
Sat Jul 13 02:49:06, Info:  Writing faultoutput at time 11.5.
Sat Jul 13 02:49:06, Info:  Writing faultoutput at time 11.5. Done.
Sat Jul 13 02:49:06, Info:  Writing energy output at time 11.5 
Sat Jul 13 02:49:06, Info:  Elastic energy (total, % kinematic, % potential):  1.28801e+15  , 5.83463  , 94.1654 
Sat Jul 13 02:49:06, Info:  Total momentum (X, Y, Z): -5.76989e+06  , -904726  , -1.97175e+08 
Sat Jul 13 02:49:06, Info:  Frictional work (total, % static, % radiated):  1.29426e+15  , 83.5664  , 16.4336 
Sat Jul 13 02:49:06, Info:  Seismic moment (without plasticity): 1.28079e+19  Mw: 6.66832 
Sat Jul 13 02:49:06, Info:  Writing energy output at time 11.5 Done. 
Sat Jul 13 02:49:06, Info:  Time spent this phase (total): 26.8870 s (min: 26.8597 s, max: 26.9485 s)
Sat Jul 13 02:49:06, Info:  Time spent this phase (compute): 26.8869 s (min: 26.8596 s, max: 26.9484 s)
Sat Jul 13 02:49:06, Info:  Time spent this phase (IO): 47.6891 ms (min: 39.9800 ms, max: 62.3190 ms)
Sat Jul 13 02:49:06, Info:  Performance since the start: 9.3684 TFLOP/s (rank 0: 584.3752 GFLOP/s , average over ranks: 585.5228 GFLOP/s ) 
Sat Jul 13 02:49:06, Info:  Performance since last sync point: 9.3613 TFLOP/s (rank 0: 584.0521 GFLOP/s , average over ranks: 585.0843 GFLOP/s ) 
Sat Jul 13 02:49:33, Info:  Writing faultoutput at time 12.
Sat Jul 13 02:49:33, Info:  Writing faultoutput at time 12. Done.
Sat Jul 13 02:49:33, Info:  Writing free surface at time 12.
Sat Jul 13 02:49:33, Info:  Writing free surface at time 12. Done.
Sat Jul 13 02:49:33, Info:  Writing energy output at time 12 
Sat Jul 13 02:49:33, Info:  Elastic energy (total, % kinematic, % potential):  1.28736e+15  , 5.69802  , 94.302 
Sat Jul 13 02:49:33, Info:  Total momentum (X, Y, Z): 9.44104e+06  , -2.03497e+07  , 5.10088e+08 
Sat Jul 13 02:49:33, Info:  Frictional work (total, % static, % radiated):  1.29408e+15  , 84.6804  , 15.3196 
Sat Jul 13 02:49:33, Info:  Seismic moment (without plasticity): 1.28749e+19  Mw: 6.66983 
Sat Jul 13 02:49:33, Info:  Writing energy output at time 12 Done. 
Sat Jul 13 02:49:33, Info:  Time spent this phase (total): 26.7281 s (min: 26.6985 s, max: 26.7442 s)
Sat Jul 13 02:49:33, Info:  Time spent this phase (compute): 26.7281 s (min: 26.6984 s, max: 26.7441 s)
Sat Jul 13 02:49:33, Info:  Time spent this phase (IO): 48.2791 ms (min: 40.1452 ms, max: 71.1328 ms)
Sat Jul 13 02:49:33, Info:  Performance since the start: 9.3704 TFLOP/s (rank 0: 584.4926 GFLOP/s , average over ranks: 585.6488 GFLOP/s ) 
Sat Jul 13 02:49:33, Info:  Performance since last sync point: 9.4170 TFLOP/s (rank 0: 587.2062 GFLOP/s , average over ranks: 588.5626 GFLOP/s ) 
Sat Jul 13 02:49:59, Info:  Writing faultoutput at time 12.5.
Sat Jul 13 02:49:59, Info:  Writing faultoutput at time 12.5. Done.
Sat Jul 13 02:49:59, Info:  Writing energy output at time 12.5 
Sat Jul 13 02:49:59, Info:  Elastic energy (total, % kinematic, % potential):  1.28617e+15  , 5.60773  , 94.3923 
Sat Jul 13 02:49:59, Info:  Total momentum (X, Y, Z): -2.37287e+07  , 3.01462e+07  , 8.55682e+07 
Sat Jul 13 02:49:59, Info:  Frictional work (total, % static, % radiated):  1.29343e+15  , 85.6615  , 14.3385 
Sat Jul 13 02:49:59, Info:  Seismic moment (without plasticity): 1.29305e+19  Mw: 6.67108 
Sat Jul 13 02:49:59, Info:  Writing energy output at time 12.5 Done. 
Sat Jul 13 02:49:59, Info:  Time spent this phase (total): 26.8455 s (min: 26.8343 s, max: 26.8471 s)
Sat Jul 13 02:49:59, Info:  Time spent this phase (compute): 26.8454 s (min: 26.8340 s, max: 26.8470 s)
Sat Jul 13 02:49:59, Info:  Time spent this phase (IO): 47.4772 ms (min: 40.0158 ms, max: 62.2143 ms)
Sat Jul 13 02:49:59, Info:  Performance since the start: 9.3706 TFLOP/s (rank 0: 584.5175 GFLOP/s , average over ranks: 585.6624 GFLOP/s ) 
Sat Jul 13 02:49:59, Info:  Performance since last sync point: 9.3758 TFLOP/s (rank 0: 585.1137 GFLOP/s , average over ranks: 585.9900 GFLOP/s ) 
Sat Jul 13 02:50:26, Info:  Writing faultoutput at time 13.
Sat Jul 13 02:50:26, Info:  Writing faultoutput at time 13. Done.
Sat Jul 13 02:50:26, Info:  Writing free surface at time 13.
Sat Jul 13 02:50:26, Info:  Writing free surface at time 13. Done.
Sat Jul 13 02:50:26, Info:  Writing energy output at time 13 
Sat Jul 13 02:50:26, Info:  Elastic energy (total, % kinematic, % potential):  1.28492e+15  , 5.54685  , 94.4532 
Sat Jul 13 02:50:26, Info:  Total momentum (X, Y, Z): -4.71054e+06  , 2.49894e+07  , -2.50083e+09 
Sat Jul 13 02:50:26, Info:  Frictional work (total, % static, % radiated):  1.29269e+15  , 86.3615  , 13.6385 
Sat Jul 13 02:50:26, Info:  Seismic moment (without plasticity): 1.29747e+19  Mw: 6.67207 
Sat Jul 13 02:50:26, Info:  Writing energy output at time 13 Done. 
Sat Jul 13 02:50:26, Info:  Time spent this phase (total): 26.9416 s (min: 26.9180 s, max: 26.9591 s)
Sat Jul 13 02:50:26, Info:  Time spent this phase (compute): 26.9416 s (min: 26.9180 s, max: 26.9588 s)
Sat Jul 13 02:50:26, Info:  Time spent this phase (IO): 48.2804 ms (min: 40.1802 ms, max: 69.7273 ms)
Sat Jul 13 02:50:26, Info:  Performance since the start: 9.3695 TFLOP/s (rank 0: 584.4359 GFLOP/s , average over ranks: 585.5944 GFLOP/s ) 
Sat Jul 13 02:50:26, Info:  Performance since last sync point: 9.3424 TFLOP/s (rank 0: 582.4042 GFLOP/s , average over ranks: 583.8978 GFLOP/s ) 
Sat Jul 13 02:50:53, Info:  Writing faultoutput at time 13.5.
Sat Jul 13 02:50:53, Info:  Writing faultoutput at time 13.5. Done.
Sat Jul 13 02:50:53, Info:  Writing energy output at time 13.5 
Sat Jul 13 02:50:53, Info:  Elastic energy (total, % kinematic, % potential):  1.28352e+15  , 5.50239  , 94.4976 
Sat Jul 13 02:50:53, Info:  Total momentum (X, Y, Z): 4.50975e+07  , -1.1383e+08  , 2.41831e+09 
Sat Jul 13 02:50:53, Info:  Frictional work (total, % static, % radiated):  1.2918e+15  , 86.8123  , 13.1877 
Sat Jul 13 02:50:53, Info:  Seismic moment (without plasticity): 1.30064e+19  Mw: 6.67277 
Sat Jul 13 02:50:53, Info:  Writing energy output at time 13.5 Done. 
Sat Jul 13 02:50:53, Info:  Time spent this phase (total): 26.8017 s (min: 26.7838 s, max: 26.8249 s)
Sat Jul 13 02:50:53, Info:  Time spent this phase (compute): 26.8016 s (min: 26.7832 s, max: 26.8248 s)
Sat Jul 13 02:50:53, Info:  Time spent this phase (IO): 46.9922 ms (min: 39.9346 ms, max: 57.4748 ms)
Sat Jul 13 02:50:53, Info:  Performance since the start: 9.3703 TFLOP/s (rank 0: 584.5017 GFLOP/s , average over ranks: 585.6444 GFLOP/s ) 
Sat Jul 13 02:50:53, Info:  Performance since last sync point: 9.3912 TFLOP/s (rank 0: 586.2163 GFLOP/s , average over ranks: 586.9471 GFLOP/s ) 
Sat Jul 13 02:51:20, Info:  Writing faultoutput at time 14.
Sat Jul 13 02:51:20, Info:  Writing faultoutput at time 14. Done.
Sat Jul 13 02:51:20, Info:  Writing free surface at time 14.
Sat Jul 13 02:51:20, Info:  Writing free surface at time 14. Done.
Sat Jul 13 02:51:20, Info:  Writing energy output at time 14 
Sat Jul 13 02:51:20, Info:  Elastic energy (total, % kinematic, % potential):  1.28197e+15  , 5.48605  , 94.514 
Sat Jul 13 02:51:20, Info:  Total momentum (X, Y, Z): -1.67452e+09  , -9.76775e+07  , 8.31747e+09 
Sat Jul 13 02:51:20, Info:  Frictional work (total, % static, % radiated):  1.29076e+15  , 87.1745  , 12.8255 
Sat Jul 13 02:51:20, Info:  Seismic moment (without plasticity): 1.30301e+19  Mw: 6.6733 
Sat Jul 13 02:51:20, Info:  Writing energy output at time 14 Done. 
Sat Jul 13 02:51:20, Info:  Time spent this phase (total): 26.7150 s (min: 26.7086 s, max: 26.7246 s)
Sat Jul 13 02:51:20, Info:  Time spent this phase (compute): 26.7150 s (min: 26.7086 s, max: 26.7241 s)
Sat Jul 13 02:51:20, Info:  Time spent this phase (IO): 48.7519 ms (min: 40.1538 ms, max: 70.7634 ms)
Sat Jul 13 02:51:20, Info:  Performance since the start: 9.3721 TFLOP/s (rank 0: 584.6088 GFLOP/s , average over ranks: 585.7583 GFLOP/s ) 
Sat Jul 13 02:51:20, Info:  Performance since last sync point: 9.4216 TFLOP/s (rank 0: 587.5154 GFLOP/s , average over ranks: 588.8504 GFLOP/s ) 
Sat Jul 13 02:51:47, Info:  Writing faultoutput at time 14.5.
Sat Jul 13 02:51:47, Info:  Writing faultoutput at time 14.5. Done.
Sat Jul 13 02:51:47, Info:  Writing energy output at time 14.5 
Sat Jul 13 02:51:47, Info:  Elastic energy (total, % kinematic, % potential):  1.2806e+15  , 5.47947  , 94.5205 
Sat Jul 13 02:51:47, Info:  Total momentum (X, Y, Z): -4.34277e+09  , -1.99092e+08  , -1.60011e+10 
Sat Jul 13 02:51:47, Info:  Frictional work (total, % static, % radiated):  1.2899e+15  , 87.5034  , 12.4966 
Sat Jul 13 02:51:47, Info:  Seismic moment (without plasticity): 1.305e+19  Mw: 6.67374 
Sat Jul 13 02:51:47, Info:  Writing energy output at time 14.5 Done. 
Sat Jul 13 02:51:47, Info:  Time spent this phase (total): 26.9091 s (min: 26.8967 s, max: 26.9337 s)
Sat Jul 13 02:51:47, Info:  Time spent this phase (compute): 26.9090 s (min: 26.8964 s, max: 26.9336 s)
Sat Jul 13 02:51:47, Info:  Time spent this phase (IO): 51.5649 ms (min: 39.8692 ms, max: 80.1719 ms)
Sat Jul 13 02:51:47, Info:  Performance since the start: 9.3715 TFLOP/s (rank 0: 584.5793 GFLOP/s , average over ranks: 585.7184 GFLOP/s ) 
Sat Jul 13 02:51:47, Info:  Performance since last sync point: 9.3537 TFLOP/s (rank 0: 583.7561 GFLOP/s , average over ranks: 584.6054 GFLOP/s ) 
Sat Jul 13 02:52:14, Info:  Writing faultoutput at time 15.
Sat Jul 13 02:52:14, Info:  Writing faultoutput at time 15. Done.
Sat Jul 13 02:52:14, Info:  Writing free surface at time 15.
Sat Jul 13 02:52:14, Info:  Writing free surface at time 15. Done.
Sat Jul 13 02:52:14, Info:  Writing energy output at time 15 
Sat Jul 13 02:52:14, Info:  Elastic energy (total, % kinematic, % potential):  1.2795e+15  , 5.46903  , 94.531 
Sat Jul 13 02:52:14, Info:  Total momentum (X, Y, Z): -5.98796e+09  , -8.6972e+08  , -1.75409e+10 
Sat Jul 13 02:52:14, Info:  Frictional work (total, % static, % radiated):  1.2893e+15  , 87.7701  , 12.2299 
Sat Jul 13 02:52:14, Info:  Seismic moment (without plasticity): 1.30691e+19  Mw: 6.67416 
Sat Jul 13 02:52:14, Info:  Writing energy output at time 15 Done. 
Sat Jul 13 02:52:14, Info:  Time spent this phase (total): 26.8344 s (min: 26.8084 s, max: 26.8481 s)
Sat Jul 13 02:52:14, Info:  Time spent this phase (compute): 26.8343 s (min: 26.8083 s, max: 26.8478 s)
Sat Jul 13 02:52:14, Info:  Time spent this phase (IO): 48.2745 ms (min: 40.1750 ms, max: 72.2922 ms)
Sat Jul 13 02:52:14, Info:  Performance since the start: 9.3718 TFLOP/s (rank 0: 584.5871 GFLOP/s , average over ranks: 585.7355 GFLOP/s ) 
Sat Jul 13 02:52:14, Info:  Performance since last sync point: 9.3797 TFLOP/s (rank 0: 584.8120 GFLOP/s , average over ranks: 586.2311 GFLOP/s ) 
Sat Jul 13 02:52:41, Info:  Writing faultoutput at time 15.5.
Sat Jul 13 02:52:41, Info:  Writing faultoutput at time 15.5. Done.
Sat Jul 13 02:52:41, Info:  Writing energy output at time 15.5 
Sat Jul 13 02:52:41, Info:  Elastic energy (total, % kinematic, % potential):  1.27879e+15  , 5.45014  , 94.5499 
Sat Jul 13 02:52:41, Info:  Total momentum (X, Y, Z): -8.32357e+09  , -6.84006e+08  , 5.15193e+10 
Sat Jul 13 02:52:41, Info:  Frictional work (total, % static, % radiated):  1.28912e+15  , 87.9777  , 12.0223 
Sat Jul 13 02:52:41, Info:  Seismic moment (without plasticity): 1.3089e+19  Mw: 6.6746 
Sat Jul 13 02:52:41, Info:  Writing energy output at time 15.5 Done. 
Sat Jul 13 02:52:41, Info:  Time spent this phase (total): 27.1136 s (min: 27.0984 s, max: 27.1281 s)
Sat Jul 13 02:52:41, Info:  Time spent this phase (compute): 27.1135 s (min: 27.0977 s, max: 27.1281 s)
Sat Jul 13 02:52:41, Info:  Time spent this phase (IO): 46.8073 ms (min: 39.9614 ms, max: 55.4517 ms)
Sat Jul 13 02:52:41, Info:  Performance since the start: 9.3689 TFLOP/s (rank 0: 584.4187 GFLOP/s , average over ranks: 585.5551 GFLOP/s ) 
Sat Jul 13 02:52:41, Info:  Performance since last sync point: 9.2831 TFLOP/s (rank 0: 579.4116 GFLOP/s , average over ranks: 580.1955 GFLOP/s ) 
Sat Jul 13 02:53:07, Info:  Writing faultoutput at time 16.
Sat Jul 13 02:53:07, Info:  Writing faultoutput at time 16. Done.
Sat Jul 13 02:53:07, Info:  Writing free surface at time 16.
Sat Jul 13 02:53:07, Info:  Writing free surface at time 16. Done.
Sat Jul 13 02:53:07, Info:  Writing energy output at time 16 
Sat Jul 13 02:53:08, Info:  Elastic energy (total, % kinematic, % potential):  1.27831e+15  , 5.4345  , 94.5655 
Sat Jul 13 02:53:08, Info:  Total momentum (X, Y, Z): -1.04397e+10  , -3.4502e+08  , 4.23325e+10 
Sat Jul 13 02:53:08, Info:  Frictional work (total, % static, % radiated):  1.28921e+15  , 88.0645  , 11.9355 
Sat Jul 13 02:53:08, Info:  Seismic moment (without plasticity): 1.31092e+19  Mw: 6.67505 
Sat Jul 13 02:53:08, Info:  Writing energy output at time 16 Done. 
Sat Jul 13 02:53:08, Info:  Time spent this phase (total): 26.7957 s (min: 26.7864 s, max: 26.8053 s)
Sat Jul 13 02:53:08, Info:  Time spent this phase (compute): 26.7957 s (min: 26.7863 s, max: 26.8050 s)
Sat Jul 13 02:53:08, Info:  Time spent this phase (IO): 49.1487 ms (min: 39.9141 ms, max: 75.5613 ms)
Sat Jul 13 02:53:08, Info:  Performance since the start: 9.3696 TFLOP/s (rank 0: 584.4601 GFLOP/s , average over ranks: 585.6026 GFLOP/s ) 
Sat Jul 13 02:53:08, Info:  Performance since last sync point: 9.3933 TFLOP/s (rank 0: 585.7469 GFLOP/s , average over ranks: 587.0783 GFLOP/s ) 
Sat Jul 13 02:53:34, Info:  Writing faultoutput at time 16.5.
Sat Jul 13 02:53:34, Info:  Writing faultoutput at time 16.5. Done.
Sat Jul 13 02:53:34, Info:  Writing energy output at time 16.5 
Sat Jul 13 02:53:35, Info:  Elastic energy (total, % kinematic, % potential):  1.27769e+15  , 5.41911  , 94.5809 
Sat Jul 13 02:53:35, Info:  Total momentum (X, Y, Z): -8.86535e+09  , -1.42128e+09  , -9.94552e+10 
Sat Jul 13 02:53:35, Info:  Frictional work (total, % static, % radiated):  1.28915e+15  , 88.0531  , 11.9469 
Sat Jul 13 02:53:35, Info:  Seismic moment (without plasticity): 1.31284e+19  Mw: 6.67547 
Sat Jul 13 02:53:35, Info:  Writing energy output at time 16.5 Done. 
Sat Jul 13 02:53:35, Info:  Time spent this phase (total): 26.9652 s (min: 26.9445 s, max: 26.9784 s)
Sat Jul 13 02:53:35, Info:  Time spent this phase (compute): 26.9651 s (min: 26.9445 s, max: 26.9784 s)
Sat Jul 13 02:53:35, Info:  Time spent this phase (IO): 47.9559 ms (min: 39.9132 ms, max: 62.5253 ms)
Sat Jul 13 02:53:35, Info:  Performance since the start: 9.3686 TFLOP/s (rank 0: 584.3972 GFLOP/s , average over ranks: 585.5352 GFLOP/s ) 
Sat Jul 13 02:53:35, Info:  Performance since last sync point: 9.3342 TFLOP/s (rank 0: 582.3935 GFLOP/s , average over ranks: 583.3868 GFLOP/s ) 
Sat Jul 13 02:54:01, Info:  Writing faultoutput at time 17.
Sat Jul 13 02:54:01, Info:  Writing faultoutput at time 17. Done.
Sat Jul 13 02:54:01, Info:  Writing free surface at time 17.
Sat Jul 13 02:54:01, Info:  Writing free surface at time 17. Done.
Sat Jul 13 02:54:01, Info:  Writing energy output at time 17 
Sat Jul 13 02:54:01, Info:  Elastic energy (total, % kinematic, % potential):  1.27697e+15  , 5.40652  , 94.5935 
Sat Jul 13 02:54:01, Info:  Total momentum (X, Y, Z): -8.63369e+09  , -1.46206e+09  , -1.15617e+11 
Sat Jul 13 02:54:01, Info:  Frictional work (total, % static, % radiated):  1.28901e+15  , 88.0588  , 11.9412 
Sat Jul 13 02:54:01, Info:  Seismic moment (without plasticity): 1.31467e+19  Mw: 6.67588 
Sat Jul 13 02:54:01, Info:  Writing energy output at time 17 Done. 
Sat Jul 13 02:54:01, Info:  Time spent this phase (total): 26.7957 s (min: 26.7884 s, max: 26.8323 s)
Sat Jul 13 02:54:01, Info:  Time spent this phase (compute): 26.7956 s (min: 26.7884 s, max: 26.8322 s)
Sat Jul 13 02:54:01, Info:  Time spent this phase (IO): 48.2752 ms (min: 40.1924 ms, max: 71.9584 ms)
Sat Jul 13 02:54:01, Info:  Performance since the start: 9.3693 TFLOP/s (rank 0: 584.4399 GFLOP/s , average over ranks: 585.5805 GFLOP/s ) 
Sat Jul 13 02:54:01, Info:  Performance since last sync point: 9.3932 TFLOP/s (rank 0: 585.8522 GFLOP/s , average over ranks: 587.0772 GFLOP/s ) 
Sat Jul 13 02:54:28, Info:  Writing faultoutput at time 17.5.
Sat Jul 13 02:54:28, Info:  Writing faultoutput at time 17.5. Done.
Sat Jul 13 02:54:28, Info:  Writing energy output at time 17.5 
Sat Jul 13 02:54:28, Info:  Elastic energy (total, % kinematic, % potential):  1.27627e+15  , 5.40302  , 94.597 
Sat Jul 13 02:54:28, Info:  Total momentum (X, Y, Z): -1.3618e+10  , -5.16325e+08  , 3.03902e+11 
Sat Jul 13 02:54:28, Info:  Frictional work (total, % static, % radiated):  1.28887e+15  , 88.1004  , 11.8996 
Sat Jul 13 02:54:28, Info:  Seismic moment (without plasticity): 1.31641e+19  Mw: 6.67626 
Sat Jul 13 02:54:28, Info:  Writing energy output at time 17.5 Done. 
Sat Jul 13 02:54:28, Info:  Time spent this phase (total): 26.9174 s (min: 26.8982 s, max: 26.9423 s)
Sat Jul 13 02:54:28, Info:  Time spent this phase (compute): 26.9174 s (min: 26.8979 s, max: 26.9423 s)
Sat Jul 13 02:54:28, Info:  Time spent this phase (IO): 47.4430 ms (min: 40.0653 ms, max: 57.3486 ms)
Sat Jul 13 02:54:28, Info:  Performance since the start: 9.3688 TFLOP/s (rank 0: 584.4194 GFLOP/s , average over ranks: 585.5473 GFLOP/s ) 
Sat Jul 13 02:54:28, Info:  Performance since last sync point: 9.3508 TFLOP/s (rank 0: 583.7230 GFLOP/s , average over ranks: 584.4228 GFLOP/s ) 
Sat Jul 13 02:54:55, Info:  Writing faultoutput at time 18.
Sat Jul 13 02:54:55, Info:  Writing faultoutput at time 18. Done.
Sat Jul 13 02:54:55, Info:  Writing free surface at time 18.
Sat Jul 13 02:54:55, Info:  Writing free surface at time 18. Done.
Sat Jul 13 02:54:55, Info:  Writing energy output at time 18 
Sat Jul 13 02:54:55, Info:  Elastic energy (total, % kinematic, % potential):  1.27568e+15  , 5.40013  , 94.5999 
Sat Jul 13 02:54:55, Info:  Total momentum (X, Y, Z): -1.78312e+10  , 3.09191e+08  , 1.18494e+12 
Sat Jul 13 02:54:55, Info:  Frictional work (total, % static, % radiated):  1.28885e+15  , 88.1849  , 11.8151 
Sat Jul 13 02:54:55, Info:  Seismic moment (without plasticity): 1.31817e+19  Mw: 6.67665 
Sat Jul 13 02:54:55, Info:  Writing energy output at time 18 Done. 
Sat Jul 13 02:54:55, Info:  Time spent this phase (total): 26.7457 s (min: 26.7052 s, max: 26.7707 s)
Sat Jul 13 02:54:55, Info:  Time spent this phase (compute): 26.7456 s (min: 26.7052 s, max: 26.7707 s)
Sat Jul 13 02:54:55, Info:  Time spent this phase (IO): 48.2701 ms (min: 40.1758 ms, max: 70.8312 ms)
Sat Jul 13 02:54:55, Info:  Performance since the start: 9.3699 TFLOP/s (rank 0: 584.4789 GFLOP/s , average over ranks: 585.6201 GFLOP/s ) 
Sat Jul 13 02:54:55, Info:  Performance since last sync point: 9.4109 TFLOP/s (rank 0: 586.5665 GFLOP/s , average over ranks: 588.1798 GFLOP/s ) 
Sat Jul 13 02:55:22, Info:  Writing faultoutput at time 18.5.
Sat Jul 13 02:55:22, Info:  Writing faultoutput at time 18.5. Done.
Sat Jul 13 02:55:22, Info:  Writing energy output at time 18.5 
Sat Jul 13 02:55:22, Info:  Elastic energy (total, % kinematic, % potential):  1.27533e+15  , 5.39285  , 94.6072 
Sat Jul 13 02:55:22, Info:  Total momentum (X, Y, Z): -1.5575e+10  , -2.02944e+09  , 2.07251e+12 
Sat Jul 13 02:55:22, Info:  Frictional work (total, % static, % radiated):  1.28908e+15  , 88.3006  , 11.6994 
Sat Jul 13 02:55:22, Info:  Seismic moment (without plasticity): 1.3201e+19  Mw: 6.67707 
Sat Jul 13 02:55:22, Info:  Writing energy output at time 18.5 Done. 
Sat Jul 13 02:55:22, Info:  Time spent this phase (total): 26.9053 s (min: 26.8925 s, max: 26.9148 s)
Sat Jul 13 02:55:22, Info:  Time spent this phase (compute): 26.9052 s (min: 26.8924 s, max: 26.9148 s)
Sat Jul 13 02:55:22, Info:  Time spent this phase (IO): 46.9155 ms (min: 39.9774 ms, max: 61.2900 ms)
Sat Jul 13 02:55:22, Info:  Performance since the start: 9.3695 TFLOP/s (rank 0: 584.4543 GFLOP/s , average over ranks: 585.5948 GFLOP/s ) 
Sat Jul 13 02:55:22, Info:  Performance since last sync point: 9.3550 TFLOP/s (rank 0: 583.5718 GFLOP/s , average over ranks: 584.6871 GFLOP/s ) 
Sat Jul 13 02:55:49, Info:  Writing faultoutput at time 19.
Sat Jul 13 02:55:49, Info:  Writing faultoutput at time 19. Done.
Sat Jul 13 02:55:49, Info:  Writing free surface at time 19.
Sat Jul 13 02:55:49, Info:  Writing free surface at time 19. Done.
Sat Jul 13 02:55:49, Info:  Writing energy output at time 19 
Sat Jul 13 02:55:49, Info:  Elastic energy (total, % kinematic, % potential):  1.27494e+15  , 5.37358  , 94.6264 
Sat Jul 13 02:55:49, Info:  Total momentum (X, Y, Z): -1.06775e+10  , -6.46031e+09  , 2.4411e+12 
Sat Jul 13 02:55:49, Info:  Frictional work (total, % static, % radiated):  1.28928e+15  , 88.4101  , 11.5899 
Sat Jul 13 02:55:49, Info:  Seismic moment (without plasticity): 1.32208e+19  Mw: 6.67751 
Sat Jul 13 02:55:49, Info:  Writing energy output at time 19 Done. 
Sat Jul 13 02:55:49, Info:  Time spent this phase (total): 26.7437 s (min: 26.7375 s, max: 26.7533 s)
Sat Jul 13 02:55:49, Info:  Time spent this phase (compute): 26.7437 s (min: 26.7374 s, max: 26.7532 s)
Sat Jul 13 02:55:49, Info:  Time spent this phase (IO): 48.3056 ms (min: 40.1036 ms, max: 67.8648 ms)
Sat Jul 13 02:55:49, Info:  Performance since the start: 9.3706 TFLOP/s (rank 0: 584.5226 GFLOP/s , average over ranks: 585.6636 GFLOP/s ) 
Sat Jul 13 02:55:49, Info:  Performance since last sync point: 9.4115 TFLOP/s (rank 0: 587.0599 GFLOP/s , average over ranks: 588.2197 GFLOP/s ) 
Sat Jul 13 02:56:15, Info:  Writing faultoutput at time 19.5.
Sat Jul 13 02:56:15, Info:  Writing faultoutput at time 19.5. Done.
Sat Jul 13 02:56:15, Info:  Writing energy output at time 19.5 
Sat Jul 13 02:56:15, Info:  Elastic energy (total, % kinematic, % potential):  1.27457e+15  , 5.34359  , 94.6564 
Sat Jul 13 02:56:15, Info:  Total momentum (X, Y, Z): -1.43319e+10  , -1.33865e+09  , 2.29291e+12 
Sat Jul 13 02:56:15, Info:  Frictional work (total, % static, % radiated):  1.28951e+15  , 88.4786  , 11.5214 
Sat Jul 13 02:56:15, Info:  Seismic moment (without plasticity): 1.32408e+19  Mw: 6.67794 
Sat Jul 13 02:56:15, Info:  Writing energy output at time 19.5 Done. 
Sat Jul 13 02:56:15, Info:  Time spent this phase (total): 26.7067 s (min: 26.6953 s, max: 26.7184 s)
Sat Jul 13 02:56:15, Info:  Time spent this phase (compute): 26.7067 s (min: 26.6950 s, max: 26.7183 s)
Sat Jul 13 02:56:15, Info:  Time spent this phase (IO): 47.2083 ms (min: 40.0431 ms, max: 57.4073 ms)
Sat Jul 13 02:56:15, Info:  Performance since the start: 9.3720 TFLOP/s (rank 0: 584.6153 GFLOP/s , average over ranks: 585.7495 GFLOP/s ) 
Sat Jul 13 02:56:15, Info:  Performance since last sync point: 9.4245 TFLOP/s (rank 0: 588.1600 GFLOP/s , average over ranks: 589.0331 GFLOP/s ) 
Sat Jul 13 02:56:42, Info:  Writing faultoutput at time 20.
Sat Jul 13 02:56:42, Info:  Writing faultoutput at time 20. Done.
Sat Jul 13 02:56:42, Info:  Writing free surface at time 20.
Sat Jul 13 02:56:42, Info:  Writing free surface at time 20. Done.
Sat Jul 13 02:56:42, Info:  Wrote receivers in 5.38e-07 seconds. 
Sat Jul 13 02:56:42, Info:  Writing energy output at time 20 
Sat Jul 13 02:56:42, Info:  Elastic energy (total, % kinematic, % potential):  1.27441e+15  , 5.305  , 94.695 
Sat Jul 13 02:56:42, Info:  Total momentum (X, Y, Z): -2.32957e+10  , 7.87104e+09  , 1.93563e+12 
Sat Jul 13 02:56:42, Info:  Frictional work (total, % static, % radiated):  1.28996e+15  , 88.5074  , 11.4926 
Sat Jul 13 02:56:42, Info:  Seismic moment (without plasticity): 1.32618e+19  Mw: 6.6784 
Sat Jul 13 02:56:42, Info:  Writing energy output at time 20 Done. 
Sat Jul 13 02:56:42, Info:  Time spent this phase (total): 26.8976 s (min: 26.8875 s, max: 26.9243 s)
Sat Jul 13 02:56:42, Info:  Time spent this phase (compute): 26.8975 s (min: 26.8874 s, max: 26.9243 s)
Sat Jul 13 02:56:42, Info:  Time spent this phase (IO): 48.2547 ms (min: 40.0616 ms, max: 68.0110 ms)
Sat Jul 13 02:56:42, Info:  Performance since the start: 9.3716 TFLOP/s (rank 0: 584.5894 GFLOP/s , average over ranks: 585.7271 GFLOP/s ) 
Sat Jul 13 02:56:42, Info:  Performance since last sync point: 9.3577 TFLOP/s (rank 0: 583.5825 GFLOP/s , average over ranks: 584.8543 GFLOP/s ) 
Sat Jul 13 02:56:42, Info:  Ignoring duplicate synchronisation point at time 20 ; the last sync point was at  20 
Sat Jul 13 02:56:42, Info:  Ignoring duplicate synchronisation point at time 20 ; the last sync point was at  20 
Sat Jul 13 02:56:42, Info:  Ignoring duplicate synchronisation point at time 20 ; the last sync point was at  20 
Sat Jul 13 02:56:42, Info:  Ignoring duplicate synchronisation point at time 20 ; the last sync point was at  20 
Sat Jul 13 02:56:42, Info:  Simulation time (total): 17 min 54.3009 s (min: 17 min 54.2634 s, max: 17 min 54.3356 s)
Sat Jul 13 02:56:42, Info:  Simulation time (compute): 17 min 52.3197 s (min: 17 min 51.5964 s, max: 17 min 52.6723 s)
Sat Jul 13 02:56:42, Info:  Simulation time (IO): 1.9756 s (min: 1.6420 s, max: 2.7130 s)
Sat Jul 13 02:56:42, Info:  Time spent in compute kernels: mean = 1017.71  std = 23.6301  min = 974.732  median = 1023.21  max = 1060.22 
Sat Jul 13 02:56:42, Info:  Load imbalance: 4.00965 % 
Sat Jul 13 02:56:42, Info:  Regression analysis of compute kernels: 
Sat Jul 13 02:56:42, Info:  "computeLocalIntegration" (total time): 4943.14 s ( = 1 h 22 min 23.1426 s ) 
Sat Jul 13 02:56:42, Info:  "computeLocalIntegration" ( constant ): 2.04573e-05 (sample size: 5.61092e+06 , standard error: 4.40437e-12 ) 
Sat Jul 13 02:56:42, Info:  "computeLocalIntegration" ( per element ): 8.33172e-08 (sample size: 5.61092e+06 , standard error: 4.40437e-12 ) 
Sat Jul 13 02:56:42, Info:  "computeNeighboringIntegration" (total time): 6020.92 s ( = 1 h 40 min 20.9228 s ) 
Sat Jul 13 02:56:42, Info:  "computeNeighboringIntegration" ( constant ): 0.000126861 (sample size: 5.61092e+06 , standard error: 6.86515e-12 ) 
Sat Jul 13 02:56:42, Info:  "computeNeighboringIntegration" ( per element ): 9.1613e-08 (sample size: 5.61092e+06 , standard error: 6.86515e-12 ) 
Sat Jul 13 02:56:42, Info:  "computeDynamicRupture" (total time): 5319.28 s ( = 1 h 28 min 39.2761 s ) 
Sat Jul 13 02:56:42, Info:  "computeDynamicRupture" ( constant ): 7.88053e-05 (sample size: 4.0434e+06 , standard error: 3.90257e-11 ) 
Sat Jul 13 02:56:42, Info:  "computeDynamicRupture" ( per element ): 4.52621e-07 (sample size: 4.0434e+06 , standard error: 3.90257e-11 ) 
Sat Jul 13 02:56:42, Info:  "computePointSources" (total time): 0 s ( = 0.0000 s ) 
Sat Jul 13 02:56:42, Info:  "computePointSources" ( constant ): -nan (sample size: 0 , standard error: -nan ) 
Sat Jul 13 02:56:42, Info:  "computePointSources" ( per element ): -nan (sample size: 0 , standard error: -nan ) 
Sat Jul 13 02:56:42, Info:  Total time spent in compute kernels: 16283.3 s ( = 4 h 31 min 23.3416 s ) 
Sat Jul 13 02:56:42, Info:  Total calculated HW-FLOP:  10.0680 PFLOP 
Sat Jul 13 02:56:42, Info:  Total calculated NZ-FLOP:  4.0246 PFLOP 
Sat Jul 13 02:56:42, Info:  Total calculated HW-FLOP/s:  9.3713 TFLOP/s 
Sat Jul 13 02:56:42, Info:  Total calculated NZ-FLOP/s:  3.7462 TFLOP/s 
Sat Jul 13 02:56:42, Info:  WP calculated HW-FLOP:  8.3420 PFLOP 
Sat Jul 13 02:56:42, Info:  WP calculated NZ-FLOP:  2.7413 PFLOP 
Sat Jul 13 02:56:42, Info:  DR calculated HW-FLOP:  1.7260 PFLOP 
Sat Jul 13 02:56:42, Info:  DR calculated NZ-FLOP:  1.2834 PFLOP 
Sat Jul 13 02:56:42, Info:  PL calculated HW-FLOP:  0.0000 FLOP 
Sat Jul 13 02:56:42, Info:  PL calculated NZ-FLOP:  0.0000 FLOP 
Sat Jul 13 02:56:42, Info:  Time spent in simulation: 17 min 54.3361 s (min: 17 min 54.3360 s, max: 17 min 54.3369 s)
Sat Jul 13 02:56:42, Info:  Simulation done. 
Sat Jul 13 02:56:42, Info:  Closing IO. 
Sat Jul 13 02:56:43, Info:  Time fault writer backend: 4.0144 s (min: 1.6575 s, max: 22.4447 s)
Sat Jul 13 02:56:43, Info:  Time fault writer frontend: 45.9263 ms (min: 39.6975 ms, max: 57.1445 ms)
Sat Jul 13 02:56:43, Info:  Time free surface writer backend: 661.1135 ms (min: 5.8790 ms, max: 5.9701 s)
Sat Jul 13 02:56:43, Info:  Time free surface writer frontend: 5.2111 ms (min: 405.7270 s, max: 14.6609 ms)
Sat Jul 13 02:56:43, Info:  SeisSol done. Goodbye. 
/hppfs/scratch/01/di35poq/haiti-rupture-outputs/dynamic-rupture-outputs/outputs_tmp ~/haiti-rupture-inputs/dynamic-rupture/FL33-only
Writing hdf5 output with compression enabled (compression_level=4). 
Use --compression=0 if you want to speed-up data extraction.
ASl: 0it [00:00, ?it/s]ASl: 1it [00:00,  9.82it/s]ASl: 8it [00:00, 43.20it/s]ASl: 16it [00:00, 54.62it/s]ASl: 23it [00:00, 59.33it/s]ASl: 29it [00:00, 58.19it/s]ASl: 36it [00:00, 59.25it/s]ASl: 40it [00:00, 56.64it/s]
Sls: 0it [00:00, ?it/s]Sls: 1it [00:00,  7.32it/s]Sls: 5it [00:00, 22.42it/s]Sls: 8it [00:00, 20.62it/s]Sls: 12it [00:00, 25.48it/s]Sls: 16it [00:00, 28.37it/s]Sls: 20it [00:00, 25.49it/s]Sls: 24it [00:00, 27.79it/s]Sls: 28it [00:01, 29.52it/s]Sls: 32it [00:01, 30.42it/s]Sls: 36it [00:01, 31.12it/s]Sls: 40it [00:01, 32.84it/s]Sls: 40it [00:01, 28.24it/s]
Sld: 0it [00:00, ?it/s]Sld: 4it [00:00, 20.31it/s]Sld: 8it [00:00, 21.64it/s]Sld: 12it [00:00, 23.30it/s]Sld: 16it [00:00, 26.99it/s]Sld: 20it [00:00, 29.32it/s]Sld: 24it [00:00, 27.56it/s]Sld: 27it [00:01, 26.56it/s]Sld: 30it [00:01, 26.27it/s]Sld: 34it [00:01, 28.61it/s]Sld: 38it [00:01, 30.59it/s]Sld: 40it [00:01, 27.78it/s]
Ts0: 0it [00:00, ?it/s]Ts0: 1it [00:00,  7.17it/s]Ts0: 3it [00:00, 11.84it/s]Ts0: 5it [00:00, 11.67it/s]Ts0: 7it [00:00, 12.81it/s]Ts0: 9it [00:00, 12.85it/s]Ts0: 11it [00:00, 13.20it/s]Ts0: 13it [00:01, 12.94it/s]Ts0: 15it [00:01, 12.97it/s]Ts0: 17it [00:01, 11.15it/s]Ts0: 19it [00:01, 11.54it/s]Ts0: 21it [00:01, 10.55it/s]Ts0: 23it [00:01, 11.01it/s]Ts0: 25it [00:02, 11.08it/s]Ts0: 27it [00:02, 11.33it/s]Ts0: 29it [00:02, 11.26it/s]Ts0: 31it [00:02, 11.43it/s]Ts0: 33it [00:02, 10.73it/s]Ts0: 35it [00:03, 11.03it/s]Ts0: 37it [00:03, 11.01it/s]Ts0: 39it [00:03, 11.20it/s]Ts0: 40it [00:03, 11.45it/s]
Td0: 0it [00:00, ?it/s]Td0: 1it [00:00,  6.69it/s]Td0: 3it [00:00, 10.92it/s]Td0: 5it [00:00, 11.83it/s]Td0: 7it [00:00, 12.60it/s]Td0: 9it [00:00, 12.56it/s]Td0: 11it [00:00, 12.95it/s]Td0: 13it [00:01, 12.80it/s]Td0: 15it [00:01, 13.03it/s]Td0: 17it [00:01, 12.81it/s]Td0: 19it [00:01, 12.94it/s]Td0: 21it [00:01, 12.59it/s]Td0: 23it [00:01, 12.68it/s]Td0: 25it [00:02, 12.36it/s]Td0: 27it [00:02, 12.49it/s]Td0: 29it [00:02, 12.28it/s]Td0: 31it [00:02, 12.39it/s]Td0: 33it [00:02, 12.19it/s]Td0: 35it [00:02, 12.33it/s]Td0: 37it [00:02, 12.13it/s]Td0: 39it [00:03, 12.27it/s]Td0: 40it [00:03, 12.37it/s]
Pn0: 0it [00:00, ?it/s]Pn0: 1it [00:00,  6.50it/s]Pn0: 3it [00:00, 11.50it/s]Pn0: 5it [00:00, 12.69it/s]Pn0: 7it [00:00, 13.61it/s]Pn0: 9it [00:00, 13.63it/s]Pn0: 11it [00:00, 13.92it/s]Pn0: 13it [00:01, 12.45it/s]Pn0: 15it [00:01, 12.86it/s]Pn0: 17it [00:01, 12.71it/s]Pn0: 19it [00:01, 12.81it/s]Pn0: 21it [00:01, 12.50it/s]Pn0: 23it [00:01, 12.55it/s]Pn0: 25it [00:01, 12.18it/s]Pn0: 27it [00:02, 12.22it/s]Pn0: 29it [00:02, 11.97it/s]Pn0: 31it [00:02, 12.03it/s]Pn0: 33it [00:02, 11.80it/s]Pn0: 35it [00:02, 11.85it/s]Pn0: 37it [00:03, 11.63it/s]Pn0: 39it [00:03, 11.70it/s]Pn0: 40it [00:03, 12.22it/s]
T_s: 0it [00:00, ?it/s]T_s: 2it [00:00, 15.61it/s]T_s: 4it [00:00, 12.63it/s]T_s: 6it [00:00, 13.72it/s]T_s: 8it [00:00, 11.79it/s]T_s: 10it [00:00, 12.63it/s]T_s: 12it [00:00, 12.74it/s]T_s: 14it [00:01, 13.05it/s]T_s: 16it [00:01, 11.62it/s]T_s: 18it [00:01, 12.09it/s]T_s: 20it [00:01, 10.24it/s]T_s: 22it [00:01, 10.91it/s]T_s: 24it [00:02, 11.18it/s]T_s: 26it [00:02, 11.54it/s]T_s: 28it [00:02, 10.61it/s]T_s: 30it [00:02, 11.06it/s]T_s: 32it [00:02, 11.14it/s]T_s: 34it [00:02, 11.42it/s]T_s: 36it [00:03, 11.35it/s]T_s: 38it [00:03, 11.52it/s]T_s: 40it [00:03, 11.66it/s]T_s: 40it [00:03, 11.64it/s]
T_d: 0it [00:00, ?it/s]T_d: 1it [00:00,  8.07it/s]T_d: 3it [00:00, 12.71it/s]T_d: 5it [00:00, 10.64it/s]T_d: 7it [00:00, 12.13it/s]T_d: 9it [00:00, 11.80it/s]T_d: 11it [00:00, 12.55it/s]T_d: 13it [00:01, 12.54it/s]T_d: 15it [00:01, 12.89it/s]T_d: 17it [00:01, 12.68it/s]T_d: 19it [00:01, 12.87it/s]T_d: 21it [00:01, 12.63it/s]T_d: 23it [00:01, 11.85it/s]T_d: 25it [00:02, 11.88it/s]T_d: 27it [00:02, 12.16it/s]T_d: 29it [00:02, 12.07it/s]T_d: 31it [00:02, 12.24it/s]T_d: 33it [00:02, 12.00it/s]T_d: 35it [00:02, 12.17it/s]T_d: 37it [00:03, 11.98it/s]T_d: 39it [00:03, 12.13it/s]T_d: 40it [00:03, 12.16it/s]
P_n: 0it [00:00, ?it/s]P_n: 1it [00:00,  5.65it/s]P_n: 3it [00:00, 10.81it/s]P_n: 5it [00:00,  9.82it/s]P_n: 7it [00:00, 11.49it/s]P_n: 9it [00:00, 10.48it/s]P_n: 11it [00:01, 11.52it/s]P_n: 13it [00:01, 11.18it/s]P_n: 15it [00:01, 11.91it/s]P_n: 17it [00:01, 11.16it/s]P_n: 19it [00:01, 11.76it/s]P_n: 21it [00:01, 10.56it/s]P_n: 23it [00:02, 11.18it/s]P_n: 25it [00:02, 11.35it/s]P_n: 27it [00:02, 11.75it/s]P_n: 29it [00:02, 11.78it/s]P_n: 31it [00:02, 12.02it/s]P_n: 33it [00:02, 11.91it/s]P_n: 35it [00:03, 12.07it/s]P_n: 37it [00:03, 11.89it/s]P_n: 39it [00:03, 12.02it/s]P_n: 40it [00:03, 11.41it/s]
Mud: 0it [00:00, ?it/s]Mud: 1it [00:00,  8.79it/s]Mud: 8it [00:00, 34.56it/s]Mud: 12it [00:00, 33.72it/s]Mud: 20it [00:00, 46.58it/s]Mud: 28it [00:00, 54.10it/s]Mud: 36it [00:00, 58.71it/s]Mud: 40it [00:00, 50.66it/s]
done writing output_jobid_3449067_extracted-fault.h5
done writing output_jobid_3449067_extracted-fault.xdmf
full path: /hppfs/scratch/01/di35poq/haiti-rupture-outputs/dynamic-rupture-outputs/outputs_tmp/output_jobid_3449067_extracted-fault.xdmf
Writing hdf5 output with compression enabled (compression_level=4). 
Use --compression=0 if you want to speed-up data extraction.
u1: 0it [00:00, ?it/s]u1: 9it [00:00, 85.75it/s]u1: 19it [00:00, 91.22it/s]u1: 20it [00:00, 87.26it/s]
u2: 0it [00:00, ?it/s]u2: 8it [00:00, 67.52it/s]u2: 18it [00:00, 82.79it/s]u2: 20it [00:00, 79.92it/s]
u3: 0it [00:00, ?it/s]u3: 6it [00:00, 58.09it/s]u3: 12it [00:00, 48.77it/s]u3: 20it [00:00, 61.85it/s]
done writing output_jobid_3449067_extracted-surface.h5
done writing output_jobid_3449067_extracted-surface.xdmf
full path: /hppfs/scratch/01/di35poq/haiti-rupture-outputs/dynamic-rupture-outputs/outputs_tmp/output_jobid_3449067_extracted-surface.xdmf
~/haiti-rupture-inputs/dynamic-rupture/FL33-only
