Fri May 10 20:45:11, Info:  Using the parameter file parameters_haiti_kinematic-highres_kin-model-step700-size7.par 
Fri May 10 20:45:11, Info:  Reading SeisSol parameter file... 
Fri May 10 20:45:11, Info:  The field "rf_output_on" is no longer in use. You may safely remove it from your parameters file. 
Fri May 10 20:45:11, Info:  In your parameter file, you have specified a non-positive interval for "checkpointinterval" . This mechanism is deprecated and may be removed in a future version of SeisSol. Consider disabling the whole module by setting "checkpoint" to 0 instead by adding "checkpoint = 0" to the "output" section of your parameter file instead. 
Fri May 10 20:45:11, Info:  The field "printintervalcriterion" is no longer in use. You may safely remove it from your parameters file. 
Fri May 10 20:45:11, Info:  Disabling the wavefield output by setting "outputformat = 10" is deprecated and may be removed in a future version of SeisSol. Consider using the parameter "wavefieldoutput" instead. To disable wavefield output, add "wavefieldoutput = 0" to the "output" section of your parameters file. 
Fri May 10 20:45:11, Info:  The field "printintervalcriterion" is no longer in use. You may safely remove it from your parameters file. 
Fri May 10 20:45:11, Info:  The field "pickdttype" is no longer in use. You may safely remove it from your parameters file. 
Fri May 10 20:45:11, Info:  The field "faultoutputflag" is no longer in use. You may safely remove it from your parameters file. 
Fri May 10 20:45:11, Info:  The field "boundaries" is no longer in use. You may safely remove it from your parameters file. 
Fri May 10 20:45:11, Info:  SeisSol parameter file read successfully. 
Fri May 10 20:45:11, Info:  Model information: 
Fri May 10 20:45:11, Info:  Elastic model: yes 
Fri May 10 20:45:11, Info:  Viscoelastic model: no 
Fri May 10 20:45:11, Info:  Anelastic model: no 
Fri May 10 20:45:11, Info:  Poroelastic model: no 
Fri May 10 20:45:11, Info:  Anisotropic model: no 
Fri May 10 20:45:11, Info:  Plasticity: no 
Fri May 10 20:45:11, Info:  Welcome to SeisSol 
Fri May 10 20:45:11, Info:  Copyright (c) 2012 - 2024  SeisSol Group 
Fri May 10 20:45:11, Info:  Version: v1.1.3-268-gcb972500 
Fri May 10 20:45:11, Info:  Built on: May  2 2024 00:53:22 
Fri May 10 20:45:11, Info:  Last commit: cb9725002e29ee55d54f8b57cf2181d2e26c4745 at 2024-04-30T18:04:04+00:00 
Fri May 10 20:45:11, Info:  Compiled with HOST_ARCH = skx 
Fri May 10 20:45:11, Info:  Running on (rank=0): "i01r01c01s01" 
Fri May 10 20:45:11, Info:  Using MPI with #ranks: 16 
Fri May 10 20:45:11, Info:  Node-wide (shared memory) MPI with #ranks/node: 1 
Fri May 10 20:45:11, Info:  Using asynchronous MPI routines. 
Fri May 10 20:45:11, Info:  Using OMP with #threads/rank: 94 
Fri May 10 20:45:11, Info:  OpenMP worker affinity (this process): "0123456789|0123456789|0123456789|0123456789|0123456-89|0123456789|0123456789|0123456789|0123456789|01234-" 
Fri May 10 20:45:11, Info:  OpenMP worker affinity (this node)   : "0123456789|0123456789|0123456789|0123456789|0123456-89|0123456789|0123456789|0123456789|0123456789|01234-" 
Fri May 10 20:45:11, Info:  Using a communication thread for advancing MPI communication. 
Fri May 10 20:45:11, Info:  Communication thread affinity        : "----------|----------|----------|----------|-------7--|----------|----------|----------|----------|-----5" 
Fri May 10 20:45:11, Info:  The stack size ulimit is 2097152 [kiB] ( = 2.0000 GiB ). 
Fri May 10 20:45:11, Info:  Begin init mesh. 
Fri May 10 20:45:11, Info:  Mesh file: "../mesh/Haiti_v05_highres" 
Fri May 10 20:45:11, Info:  Running mini SeisSol to determine node weights. 
Fri May 10 20:45:11, Info:  miniSeisSol configured with 50000 elements and 10 repeats per process 
Fri May 10 20:45:11, Info:  Node weights: mean = 41.4262  std = 0.452956  min = 40.4063  median = 41.5419  max = 41.9299 
Fri May 10 20:45:11, Info:  Reading PUML mesh 
Fri May 10 20:45:11, Info:  Inferring boundary format. 
Fri May 10 20:45:11, Info:  Boundary format not given in PUML file; inferring from array shape. 
Fri May 10 20:45:11, Info:  Using boundary format: i32 (4xi8) 
Fri May 10 20:45:11, Info:  Found 7578389 cells 
Fri May 10 20:45:11, Info:  Found 1294066 vertices 
Fri May 10 20:45:16, Info:  Computing LTS weights. 
Fri May 10 20:45:24, Info:  Limiting number of clusters to 2147483646 
Fri May 10 20:45:24, Info:  Computing LTS weights. Done.  (196022 reductions.)
Fri May 10 20:45:24, Info:  Using the Parmetis partition library and strategy. 
Fri May 10 20:45:36, Info:  PUML mesh read in: 24.8734 s (min: 24.5058 s, max: 25.6394 s)
Fri May 10 20:45:36, Info:  The mesh has been read. Starting post processing. 
Fri May 10 20:45:36, Info:  Extracting fault information. 
Fri May 10 20:45:36, Info:  Exchanging ghostlayer metadata. 
Fri May 10 20:45:41, Info:  Mesh initialized in: 30.3175 s (min: 30.3170 s, max: 30.3195 s)
Fri May 10 20:45:41, Info:  End init mesh. 
Fri May 10 20:45:41, Info:  Begin init model. 
Fri May 10 20:45:41, Info:  Initialize LTS. 
Fri May 10 20:45:41, Info:  Deriving clusters ids for min. time step width / multiRate: 0.000128764 / 2 
Fri May 10 20:45:41, Info:  Due to wiggle factor of 1 the minimum timestep size is reduced to 0.000128764 
Fri May 10 20:45:41, Info:  Number of elements in time clusters: 
Fri May 10 20:45:41, Info:  0: 901 
Fri May 10 20:45:41, Info:  1: 291727 
Fri May 10 20:45:41, Info:  2: 4115790 
Fri May 10 20:45:41, Info:  3: 1935429 
Fri May 10 20:45:41, Info:  4: 482702 
Fri May 10 20:45:41, Info:  5: 209268 
Fri May 10 20:45:41, Info:  6: 371498 
Fri May 10 20:45:41, Info:  7: 40748 
Fri May 10 20:45:41, Info:  8: 129539 
Fri May 10 20:45:41, Info:  9: 787 
Fri May 10 20:45:41, Info:  maximum theoretical speedup (compared to GTS): 7.65785 per cell LTS, 5.1872 with the used clustering. 
Fri May 10 20:45:41, Info:  Number of elements in dynamic rupture time clusters: 
Fri May 10 20:45:41, Info:  0 (dr): 382 
Fri May 10 20:45:41, Info:  1 (dr): 68833 
Fri May 10 20:45:41, Info:  2 (dr): 687621 
Fri May 10 20:45:41, Info:  3 (dr): 26258 
Fri May 10 20:45:41, Info:  4 (dr): 0 
Fri May 10 20:45:41, Info:  5 (dr): 0 
Fri May 10 20:45:41, Info:  6 (dr): 0 
Fri May 10 20:45:41, Info:  7 (dr): 0 
Fri May 10 20:45:41, Info:  8 (dr): 0 
Fri May 10 20:45:41, Info:  9 (dr): 0 
Fri May 10 20:45:41, Info:  Initialize Friction Model 
Fri May 10 20:45:42, Info:  Initialize cell material parameters. 
Fri May 10 20:45:47, Info:  Initialize Memory layout. 
Fri May 10 20:45:47, Info:  Initialize cell-local matrices. 
Fri May 10 20:45:47, Info:  Initializing Fault, using a quadrature rule with  25  points. 
Fri May 10 20:45:54, Info:  Model initialized in: 13.5707 s (min: 13.5648 s, max: 13.5883 s)
Fri May 10 20:45:54, Info:  End init model. 
Fri May 10 20:45:54, Info:  Setting initial conditions. 
Fri May 10 20:45:54, Info:  Using initial condition "Zero" . 
Fri May 10 20:45:54, Info:  Reading source. 
Fri May 10 20:45:54, Info:  No source term specified. 
Fri May 10 20:45:54, Info:  Setting up boundary conditions. 
Fri May 10 20:45:54, Info:  Begin init output. 
Fri May 10 20:45:54, Info:  Initializing free surface integrator. 
Fri May 10 20:45:55, Info:  Initializing free surface integrator. Done. 
Fri May 10 20:45:55, Info:  Enabling 2D fault output 
Fri May 10 20:45:55, Info:  Initializing Fault output. Number of sub-triangles: 4 
Fri May 10 20:45:55, Info:  Initializing XDMF fault output. 
Fri May 10 20:45:55, Info:  Fault writer thread affinity: "----------|----------|----------|----------|-------7--|----------|----------|----------|----------|-----5" 
Fri May 10 20:45:55, Info:  Initializing XDMF fault output. Done. 
Fri May 10 20:45:55, Info:  Initializing free surface output. 
Fri May 10 20:45:55, Info:  Free surface writer thread affinity: "----------|----------|----------|----------|-------7--|----------|----------|----------|----------|-----5" 
Fri May 10 20:45:55, Info:  Initializing free surface output. Done. 
Fri May 10 20:45:55, Info:  No record points read. 
Fri May 10 20:45:55, Info:  Finding meshIds for receivers... 
Fri May 10 20:45:55, Info:  Cleaning possible double occurring receivers for MPI... 
Fri May 10 20:45:55, Info:  Mapping receivers to LTS cells... 
Fri May 10 20:45:55, Info:  Initializing energy output. 
Fri May 10 20:45:55, Info:  End init output. 
Fri May 10 20:45:55, Info:  Finishing initialization... 
Fri May 10 20:45:55, Info:  Starting simulation. 
Fri May 10 20:45:55, Info:  Writing faultoutput at time 0.
Fri May 10 20:45:55, Info:  Writing faultoutput at time 0. Done.
Fri May 10 20:45:55, Info:  Writing free surface at time 0.
Fri May 10 20:45:55, Info:  Writing free surface at time 0. Done.
Fri May 10 20:45:55, Info:  Writing energy output at time 0 
Fri May 10 20:45:55, Info:  Total momentum (X, Y, Z): 0  , 0  , 0 
Fri May 10 20:45:55, Info:  Writing energy output at time 0 Done. 
Fri May 10 20:45:55, Info:  Time spent for initial IO: 136.6246 ms (min: 106.8940 ms, max: 206.9839 ms)
Fri May 10 20:47:32, Info:  Writing energy output at time 0.5 
Fri May 10 20:47:32, Info:  Elastic energy (total, % kinematic, % potential):  2.86527e+16  , 44.2023  , 55.7977 
Fri May 10 20:47:32, Info:  Total momentum (X, Y, Z): -23.9922  , -1.5  , -8.17969 
Fri May 10 20:47:32, Info:  Frictional work (total, % static, % radiated):  2.923e+16  , 25.6086  , 74.3914 
Fri May 10 20:47:32, Info:  Seismic moment (without plasticity): 8.34012e+19  Mw: 7.21078 
Fri May 10 20:47:32, Info:  Writing energy output at time 0.5 Done. 
Fri May 10 20:47:32, Info:  Time spent this phase (total): 1 min 36.8110 s (min: 1 min 36.6940 s, max: 1 min 36.8826 s)
Fri May 10 20:47:32, Info:  Time spent this phase (compute): 1 min 36.6744 s (min: 1 min 36.5809 s, max: 1 min 36.7221 s)
Fri May 10 20:47:32, Info:  Time spent this phase (IO): 142.4772 ms (min: 99.6384 ms, max: 320.4165 ms)
Fri May 10 20:47:32, Info:  Performance since the start: 9.9168 TFLOP/s (rank 0: 627.1514 GFLOP/s , average over ranks: 619.8021 GFLOP/s ) 
Fri May 10 20:47:32, Info:  Performance since last sync point: 9.9168 TFLOP/s (rank 0: 627.1514 GFLOP/s , average over ranks: 619.8021 GFLOP/s ) 
Fri May 10 20:49:10, Info:  Writing energy output at time 1 
Fri May 10 20:49:10, Info:  Elastic energy (total, % kinematic, % potential):  2.95679e+16  , 40.608  , 59.392 
Fri May 10 20:49:10, Info:  Total momentum (X, Y, Z): -321.852  , 30.125  , -176.312 
Fri May 10 20:49:10, Info:  Frictional work (total, % static, % radiated):  3.21053e+16  , 15.0742  , 84.9258 
Fri May 10 20:49:10, Info:  Seismic moment (without plasticity): 1.02046e+20  Mw: 7.2692 
Fri May 10 20:49:10, Info:  Writing energy output at time 1 Done. 
Fri May 10 20:49:10, Info:  Time spent this phase (total): 1 min 37.9811 s (min: 1 min 37.9104 s, max: 1 min 38.0132 s)
Fri May 10 20:49:10, Info:  Time spent this phase (compute): 1 min 37.9810 s (min: 1 min 37.9103 s, max: 1 min 38.0131 s)
Fri May 10 20:49:10, Info:  Time spent this phase (IO): 137.1104 ms (min: 99.5730 ms, max: 281.5032 ms)
Fri May 10 20:49:10, Info:  Performance since the start: 9.8573 TFLOP/s (rank 0: 623.6352 GFLOP/s , average over ranks: 616.0802 GFLOP/s ) 
Fri May 10 20:49:10, Info:  Performance since last sync point: 9.7984 TFLOP/s (rank 0: 620.1583 GFLOP/s , average over ranks: 612.4029 GFLOP/s ) 
Fri May 10 20:50:41, Info:  Writing energy output at time 1.5 
Fri May 10 20:50:42, Info:  Elastic energy (total, % kinematic, % potential):  2.80116e+16  , 39.0729  , 60.9271 
Fri May 10 20:50:42, Info:  Total momentum (X, Y, Z): -154.625  , -110.5  , -71.25 
Fri May 10 20:50:42, Info:  Frictional work (total, % static, % radiated):  3.21058e+16  , 16.3034  , 83.6966 
Fri May 10 20:50:42, Info:  Seismic moment (without plasticity): 1.02068e+20  Mw: 7.26926 
Fri May 10 20:50:42, Info:  Writing energy output at time 1.5 Done. 
Fri May 10 20:50:42, Info:  Time spent this phase (total): 1 min 31.6247 s (min: 1 min 31.6217 s, max: 1 min 31.6389 s)
Fri May 10 20:50:42, Info:  Time spent this phase (compute): 1 min 31.6246 s (min: 1 min 31.6216 s, max: 1 min 31.6388 s)
Fri May 10 20:50:42, Info:  Time spent this phase (IO): 135.0806 ms (min: 99.6137 ms, max: 265.0085 ms)
Fri May 10 20:50:42, Info:  Performance since the start: 10.0559 TFLOP/s (rank 0: 636.2732 GFLOP/s , average over ranks: 628.4943 GFLOP/s ) 
Fri May 10 20:50:42, Info:  Performance since last sync point: 10.4782 TFLOP/s (rank 0: 663.1506 GFLOP/s , average over ranks: 654.8864 GFLOP/s ) 
Fri May 10 20:52:13, Info:  Writing faultoutput at time 2.
Fri May 10 20:52:13, Info:  Writing faultoutput at time 2. Done.
Fri May 10 20:52:13, Info:  Writing energy output at time 2 
Fri May 10 20:52:13, Info:  Elastic energy (total, % kinematic, % potential):  2.69402e+16  , 38.1424  , 61.8576 
Fri May 10 20:52:13, Info:  Total momentum (X, Y, Z): -400  , -212.25  , -130.25 
Fri May 10 20:52:13, Info:  Frictional work (total, % static, % radiated):  3.21061e+16  , 17.1018  , 82.8982 
Fri May 10 20:52:13, Info:  Seismic moment (without plasticity): 1.02078e+20  Mw: 7.26929 
Fri May 10 20:52:13, Info:  Writing energy output at time 2 Done. 
Fri May 10 20:52:13, Info:  Time spent this phase (total): 1 min 31.7148 s (min: 1 min 31.7118 s, max: 1 min 31.7190 s)
Fri May 10 20:52:13, Info:  Time spent this phase (compute): 1 min 31.7147 s (min: 1 min 31.7117 s, max: 1 min 31.7190 s)
Fri May 10 20:52:13, Info:  Time spent this phase (IO): 142.8746 ms (min: 107.7036 ms, max: 275.2333 ms)
Fri May 10 20:52:13, Info:  Performance since the start: 10.1558 TFLOP/s (rank 0: 642.6291 GFLOP/s , average over ranks: 634.7396 GFLOP/s ) 
Fri May 10 20:52:13, Info:  Performance since last sync point: 10.4679 TFLOP/s (rank 0: 662.4825 GFLOP/s , average over ranks: 654.2431 GFLOP/s ) 
Fri May 10 20:53:45, Info:  Writing energy output at time 2.5 
Fri May 10 20:53:45, Info:  Elastic energy (total, % kinematic, % potential):  2.6237e+16  , 37.8048  , 62.1952 
Fri May 10 20:53:45, Info:  Total momentum (X, Y, Z): -347.5  , -177.25  , -72.25 
Fri May 10 20:53:45, Info:  Frictional work (total, % static, % radiated):  3.21062e+16  , 18.0996  , 81.9004 
Fri May 10 20:53:45, Info:  Seismic moment (without plasticity): 1.02085e+20  Mw: 7.26931 
Fri May 10 20:53:45, Info:  Writing energy output at time 2.5 Done. 
Fri May 10 20:53:45, Info:  Time spent this phase (total): 1 min 31.6954 s (min: 1 min 31.6785 s, max: 1 min 31.7014 s)
Fri May 10 20:53:45, Info:  Time spent this phase (compute): 1 min 31.6953 s (min: 1 min 31.6785 s, max: 1 min 31.7013 s)
Fri May 10 20:53:45, Info:  Time spent this phase (IO): 137.7589 ms (min: 99.6732 ms, max: 286.5720 ms)
Fri May 10 20:53:45, Info:  Performance since the start: 10.2172 TFLOP/s (rank 0: 646.5307 GFLOP/s , average over ranks: 638.5730 GFLOP/s ) 
Fri May 10 20:53:45, Info:  Performance since last sync point: 10.4701 TFLOP/s (rank 0: 662.6224 GFLOP/s , average over ranks: 654.3814 GFLOP/s ) 
Fri May 10 20:55:16, Info:  Writing energy output at time 3 
Fri May 10 20:55:17, Info:  Elastic energy (total, % kinematic, % potential):  2.57219e+16  , 37.4566  , 62.5434 
Fri May 10 20:55:17, Info:  Total momentum (X, Y, Z): -356.375  , -205  , 11.25 
Fri May 10 20:55:17, Info:  Frictional work (total, % static, % radiated):  3.21063e+16  , 18.8051  , 81.1949 
Fri May 10 20:55:17, Info:  Seismic moment (without plasticity): 1.02089e+20  Mw: 7.26932 
Fri May 10 20:55:17, Info:  Writing energy output at time 3 Done. 
Fri May 10 20:55:17, Info:  Time spent this phase (total): 1 min 31.7062 s (min: 1 min 31.6990 s, max: 1 min 31.7379 s)
Fri May 10 20:55:17, Info:  Time spent this phase (compute): 1 min 31.7061 s (min: 1 min 31.6989 s, max: 1 min 31.7379 s)
Fri May 10 20:55:17, Info:  Time spent this phase (IO): 133.2828 ms (min: 99.6112 ms, max: 250.2369 ms)
Fri May 10 20:55:17, Info:  Performance since the start: 10.2583 TFLOP/s (rank 0: 649.1516 GFLOP/s , average over ranks: 641.1422 GFLOP/s ) 
Fri May 10 20:55:17, Info:  Performance since last sync point: 10.4689 TFLOP/s (rank 0: 662.5816 GFLOP/s , average over ranks: 654.3042 GFLOP/s ) 
Fri May 10 20:56:48, Info:  Writing energy output at time 3.5 
Fri May 10 20:56:48, Info:  Elastic energy (total, % kinematic, % potential):  2.53341e+16  , 37.1018  , 62.8982 
Fri May 10 20:56:48, Info:  Total momentum (X, Y, Z): -259.75  , -111.5  , -209 
Fri May 10 20:56:48, Info:  Frictional work (total, % static, % radiated):  3.21063e+16  , 19.0681  , 80.9319 
Fri May 10 20:56:48, Info:  Seismic moment (without plasticity): 1.02093e+20  Mw: 7.26933 
Fri May 10 20:56:48, Info:  Writing energy output at time 3.5 Done. 
Fri May 10 20:56:48, Info:  Time spent this phase (total): 1 min 31.6358 s (min: 1 min 31.6200 s, max: 1 min 31.7061 s)
Fri May 10 20:56:48, Info:  Time spent this phase (compute): 1 min 31.6357 s (min: 1 min 31.6200 s, max: 1 min 31.7060 s)
Fri May 10 20:56:48, Info:  Time spent this phase (IO): 135.0836 ms (min: 99.5418 ms, max: 266.4907 ms)
Fri May 10 20:56:48, Info:  Performance since the start: 10.2889 TFLOP/s (rank 0: 651.0950 GFLOP/s , average over ranks: 643.0593 GFLOP/s ) 
Fri May 10 20:56:48, Info:  Performance since last sync point: 10.4769 TFLOP/s (rank 0: 663.0042 GFLOP/s , average over ranks: 654.8070 GFLOP/s ) 
Fri May 10 20:58:20, Info:  Writing faultoutput at time 4.
Fri May 10 20:58:20, Info:  Writing faultoutput at time 4. Done.
Fri May 10 20:58:20, Info:  Writing energy output at time 4 
Fri May 10 20:58:20, Info:  Elastic energy (total, % kinematic, % potential):  2.49975e+16  , 36.7382  , 63.2618 
Fri May 10 20:58:20, Info:  Total momentum (X, Y, Z): -220.5  , 186.072  , -7050.5 
Fri May 10 20:58:20, Info:  Frictional work (total, % static, % radiated):  3.21064e+16  , 19.2585  , 80.7415 
Fri May 10 20:58:20, Info:  Seismic moment (without plasticity): 1.02096e+20  Mw: 7.26934 
Fri May 10 20:58:20, Info:  Writing energy output at time 4 Done. 
Fri May 10 20:58:20, Info:  Time spent this phase (total): 1 min 31.8266 s (min: 1 min 31.7570 s, max: 1 min 31.8412 s)
Fri May 10 20:58:20, Info:  Time spent this phase (compute): 1 min 31.8266 s (min: 1 min 31.7570 s, max: 1 min 31.8411 s)
Fri May 10 20:58:20, Info:  Time spent this phase (IO): 142.5054 ms (min: 107.2351 ms, max: 270.5993 ms)
Fri May 10 20:58:20, Info:  Performance since the start: 10.3094 TFLOP/s (rank 0: 652.4041 GFLOP/s , average over ranks: 644.3396 GFLOP/s ) 
Fri May 10 20:58:20, Info:  Performance since last sync point: 10.4552 TFLOP/s (rank 0: 661.7175 GFLOP/s , average over ranks: 653.4469 GFLOP/s ) 
Fri May 10 20:59:52, Info:  Writing energy output at time 4.5 
Fri May 10 20:59:52, Info:  Elastic energy (total, % kinematic, % potential):  2.47224e+16  , 36.3388  , 63.6612 
Fri May 10 20:59:52, Info:  Total momentum (X, Y, Z): 351  , -1312.3  , 1464.25 
Fri May 10 20:59:52, Info:  Frictional work (total, % static, % radiated):  3.21064e+16  , 19.2832  , 80.7168 
Fri May 10 20:59:52, Info:  Seismic moment (without plasticity): 1.02099e+20  Mw: 7.26935 
Fri May 10 20:59:52, Info:  Writing energy output at time 4.5 Done. 
Fri May 10 20:59:52, Info:  Time spent this phase (total): 1 min 32.0472 s (min: 1 min 32.0029 s, max: 1 min 32.1415 s)
Fri May 10 20:59:52, Info:  Time spent this phase (compute): 1 min 32.0472 s (min: 1 min 32.0028 s, max: 1 min 32.1415 s)
Fri May 10 20:59:52, Info:  Time spent this phase (IO): 130.3612 ms (min: 99.5904 ms, max: 190.5721 ms)
Fri May 10 20:59:52, Info:  Performance since the start: 10.3227 TFLOP/s (rank 0: 653.2463 GFLOP/s , average over ranks: 645.1687 GFLOP/s ) 
Fri May 10 20:59:52, Info:  Performance since last sync point: 10.4301 TFLOP/s (rank 0: 660.0629 GFLOP/s , average over ranks: 651.8796 GFLOP/s ) 
Fri May 10 21:01:24, Info:  Writing free surface at time 5.
Fri May 10 21:01:24, Info:  Writing free surface at time 5. Done.
Fri May 10 21:01:24, Info:  Writing energy output at time 5 
Fri May 10 21:01:24, Info:  Elastic energy (total, % kinematic, % potential):  2.44841e+16  , 35.9827  , 64.0173 
Fri May 10 21:01:24, Info:  Total momentum (X, Y, Z): -2236.25  , -6514.97  , 185587 
Fri May 10 21:01:24, Info:  Frictional work (total, % static, % radiated):  3.21064e+16  , 19.1987  , 80.8013 
Fri May 10 21:01:24, Info:  Seismic moment (without plasticity): 1.02101e+20  Mw: 7.26935 
Fri May 10 21:01:24, Info:  Writing energy output at time 5 Done. 
Fri May 10 21:01:24, Info:  Time spent this phase (total): 1 min 31.7435 s (min: 1 min 31.6481 s, max: 1 min 31.7872 s)
Fri May 10 21:01:24, Info:  Time spent this phase (compute): 1 min 31.7434 s (min: 1 min 31.6481 s, max: 1 min 31.7871 s)
Fri May 10 21:01:24, Info:  Time spent this phase (IO): 144.5605 ms (min: 99.7325 ms, max: 286.0240 ms)
Fri May 10 21:01:24, Info:  Performance since the start: 10.3367 TFLOP/s (rank 0: 654.1285 GFLOP/s , average over ranks: 646.0449 GFLOP/s ) 
Fri May 10 21:01:24, Info:  Performance since last sync point: 10.4646 TFLOP/s (rank 0: 662.1761 GFLOP/s , average over ranks: 654.0390 GFLOP/s ) 
Fri May 10 21:02:56, Info:  Writing energy output at time 5.5 
Fri May 10 21:02:56, Info:  Elastic energy (total, % kinematic, % potential):  2.42755e+16  , 35.7211  , 64.2789 
Fri May 10 21:02:56, Info:  Total momentum (X, Y, Z): -1948.5  , 45400.9  , -547154 
Fri May 10 21:02:56, Info:  Frictional work (total, % static, % radiated):  3.21064e+16  , 19.3335  , 80.6665 
Fri May 10 21:02:56, Info:  Seismic moment (without plasticity): 1.02103e+20  Mw: 7.26936 
Fri May 10 21:02:56, Info:  Writing energy output at time 5.5 Done. 
Fri May 10 21:02:56, Info:  Time spent this phase (total): 1 min 31.7198 s (min: 1 min 31.6506 s, max: 1 min 31.7738 s)
Fri May 10 21:02:56, Info:  Time spent this phase (compute): 1 min 31.7197 s (min: 1 min 31.6505 s, max: 1 min 31.7737 s)
Fri May 10 21:02:56, Info:  Time spent this phase (IO): 122.0929 ms (min: 100.7334 ms, max: 176.2546 ms)
Fri May 10 21:02:56, Info:  Performance since the start: 10.3485 TFLOP/s (rank 0: 654.8731 GFLOP/s , average over ranks: 646.7785 GFLOP/s ) 
Fri May 10 21:02:56, Info:  Performance since last sync point: 10.4673 TFLOP/s (rank 0: 662.4134 GFLOP/s , average over ranks: 654.2074 GFLOP/s ) 
Fri May 10 21:04:27, Info:  Writing faultoutput at time 6.
Fri May 10 21:04:27, Info:  Writing faultoutput at time 6. Done.
Fri May 10 21:04:27, Info:  Writing energy output at time 6 
Fri May 10 21:04:27, Info:  Elastic energy (total, % kinematic, % potential):  2.4076e+16  , 35.5037  , 64.4963 
Fri May 10 21:04:27, Info:  Total momentum (X, Y, Z): 21947.4  , -55395.4  , 253425 
Fri May 10 21:04:27, Info:  Frictional work (total, % static, % radiated):  3.21064e+16  , 19.4262  , 80.5738 
Fri May 10 21:04:27, Info:  Seismic moment (without plasticity): 1.02104e+20  Mw: 7.26936 
Fri May 10 21:04:27, Info:  Writing energy output at time 6 Done. 
Fri May 10 21:04:27, Info:  Time spent this phase (total): 1 min 31.6988 s (min: 1 min 31.6465 s, max: 1 min 31.7151 s)
Fri May 10 21:04:27, Info:  Time spent this phase (compute): 1 min 31.6988 s (min: 1 min 31.6465 s, max: 1 min 31.7150 s)
Fri May 10 21:04:27, Info:  Time spent this phase (IO): 146.3847 ms (min: 107.2853 ms, max: 305.4256 ms)
Fri May 10 21:04:27, Info:  Performance since the start: 10.3585 TFLOP/s (rank 0: 655.5236 GFLOP/s , average over ranks: 647.4034 GFLOP/s ) 
Fri May 10 21:04:27, Info:  Performance since last sync point: 10.4697 TFLOP/s (rank 0: 662.7662 GFLOP/s , average over ranks: 654.3579 GFLOP/s ) 
Fri May 10 21:05:59, Info:  Writing energy output at time 6.5 
Fri May 10 21:05:59, Info:  Elastic energy (total, % kinematic, % potential):  2.38723e+16  , 35.2985  , 64.7015 
Fri May 10 21:05:59, Info:  Total momentum (X, Y, Z): -36706.6  , -50380.3  , 2.63409e+06 
Fri May 10 21:05:59, Info:  Frictional work (total, % static, % radiated):  3.21064e+16  , 19.5639  , 80.4361 
Fri May 10 21:05:59, Info:  Seismic moment (without plasticity): 1.02106e+20  Mw: 7.26937 
Fri May 10 21:05:59, Info:  Writing energy output at time 6.5 Done. 
Fri May 10 21:05:59, Info:  Time spent this phase (total): 1 min 31.6877 s (min: 1 min 31.6837 s, max: 1 min 31.6911 s)
Fri May 10 21:05:59, Info:  Time spent this phase (compute): 1 min 31.6876 s (min: 1 min 31.6837 s, max: 1 min 31.6910 s)
Fri May 10 21:05:59, Info:  Time spent this phase (IO): 138.9688 ms (min: 99.6503 ms, max: 295.8630 ms)
Fri May 10 21:05:59, Info:  Performance since the start: 10.3670 TFLOP/s (rank 0: 656.0691 GFLOP/s , average over ranks: 647.9391 GFLOP/s ) 
Fri May 10 21:05:59, Info:  Performance since last sync point: 10.4710 TFLOP/s (rank 0: 662.6868 GFLOP/s , average over ranks: 654.4366 GFLOP/s ) 
Fri May 10 21:07:31, Info:  Writing energy output at time 7 
Fri May 10 21:07:31, Info:  Elastic energy (total, % kinematic, % potential):  2.36839e+16  , 35.2405  , 64.7595 
Fri May 10 21:07:31, Info:  Total momentum (X, Y, Z): -134722  , 244827  , -7.71988e+06 
Fri May 10 21:07:31, Info:  Frictional work (total, % static, % radiated):  3.21064e+16  , 19.7211  , 80.2789 
Fri May 10 21:07:31, Info:  Seismic moment (without plasticity): 1.02107e+20  Mw: 7.26937 
Fri May 10 21:07:31, Info:  Writing energy output at time 7 Done. 
Fri May 10 21:07:31, Info:  Time spent this phase (total): 1 min 31.7859 s (min: 1 min 31.7835 s, max: 1 min 31.8004 s)
Fri May 10 21:07:31, Info:  Time spent this phase (compute): 1 min 31.7859 s (min: 1 min 31.7835 s, max: 1 min 31.8003 s)
Fri May 10 21:07:31, Info:  Time spent this phase (IO): 136.9440 ms (min: 99.6916 ms, max: 280.0044 ms)
Fri May 10 21:07:31, Info:  Performance since the start: 10.3736 TFLOP/s (rank 0: 656.4884 GFLOP/s , average over ranks: 648.3497 GFLOP/s ) 
Fri May 10 21:07:31, Info:  Performance since last sync point: 10.4598 TFLOP/s (rank 0: 661.9873 GFLOP/s , average over ranks: 653.7359 GFLOP/s ) 
