Haiti_initial_stress.yaml: yaml-cpp: error at line 80, column 11: bad conversion
terminate called after throwing an instance of 'std::runtime_error'
  what():  Error while parsing easi model file.
Haiti_initial_stress.yaml: yaml-cpp: error at line 80, column 11: bad conversion
Haiti_initial_stress.yaml: yaml-cpp: error at line 80, column 11: bad conversion
Haiti_initial_stress.yaml: yaml-cpp: error at line 80, column 11: bad conversion
Haiti_initial_stress.yaml: yaml-cpp: error at line 80, column 11: bad conversion
terminate called after throwing an instance of 'std::runtime_error'
  what():  Error while parsing easi model file.
terminate called after throwing an instance of 'std::runtime_error'
  what():  Error while parsing easi model file.
terminate called after throwing an instance of 'std::runtime_error'
Haiti_initial_stress.yaml: yaml-cpp: error at line 80, column 11: bad conversion
Haiti_initial_stress.yaml: yaml-cpp: error at line 80, column 11: bad conversion
Haiti_initial_stress.yaml: yaml-cpp: error at line 80, column 11: bad conversion
terminate called after throwing an instance of 'std::runtime_error'
  what():  Error while parsing easi model file.
Haiti_initial_stress.yaml: yaml-cpp: error at line 80, column 11: bad conversion
  what():  Error while parsing easi model file.
Haiti_initial_stress.yaml: yaml-cpp: error at line 80, column 11: bad conversion
Haiti_initial_stress.yaml: yaml-cpp: error at line 80, column 11: bad conversion
Haiti_initial_stress.yaml: yaml-cpp: error at line 80, column 11: bad conversion
terminate called after throwing an instance of 'std::runtime_error'
terminate called after throwing an instance of 'std::runtime_error'
terminate called after throwing an instance of 'std::runtime_error'
terminate called after throwing an instance of 'std::runtime_error'
terminate called after throwing an instance of 'std::runtime_error'
  what():  Error while parsing easi model file.
  what():  Error while parsing easi model file.
terminate called after throwing an instance of 'std::runtime_error'
  what():  Error while parsing easi model file.
Haiti_initial_stress.yaml: yaml-cpp: error at line 80, column 11: bad conversion
  what():  Error while parsing easi model file.
  what():  Error while parsing easi model file.
  what():  Error while parsing easi model file.
terminate called after throwing an instance of 'std::runtime_error'
  what():  Error while parsing easi model file.
terminate called after throwing an instance of 'std::runtime_error'
Haiti_initial_stress.yaml: yaml-cpp: error at line 80, column 11: bad conversion
  what():  Error while parsing easi model file.
terminate called after throwing an instance of 'std::runtime_error'
  what():  Error while parsing easi model file.
Haiti_initial_stress.yaml: yaml-cpp: error at line 80, column 11: bad conversion
Haiti_initial_stress.yaml: yaml-cpp: error at line 80, column 11: bad conversion
terminate called after throwing an instance of 'std::runtime_error'
  what():  Error while parsing easi model file.
terminate called after throwing an instance of 'std::runtime_error'
  what():  Error while parsing easi model file.
srun: error: i01r01c03s02: task 0: Aborted (core dumped)
srun: launch/slurm: _step_signal: Terminating StepId=3956060.0
srun: error: i01r01c04s03: task 13: Aborted (core dumped)
srun: error: i01r01c03s03: task 1: Aborted (core dumped)
srun: error: i01r01c04s01: task 11: Aborted (core dumped)
srun: error: i01r01c03s05: task 3: Aborted (core dumped)
srun: error: i01r01c03s11: task 9: Aborted (core dumped)
srun: error: i01r01c04s02: task 12: Aborted (core dumped)
srun: error: i01r01c03s08: task 6: Aborted (core dumped)
srun: error: i01r01c03s12: task 10: Aborted (core dumped)
srun: error: i01r01c03s04: task 2: Aborted (core dumped)
srun: error: i01r01c03s06: task 4: Aborted (core dumped)
srun: error: i01r01c03s10: task 8: Aborted (core dumped)
srun: error: i01r01c03s09: task 7: Aborted (core dumped)
srun: error: i01r01c03s07: task 5: Aborted (core dumped)
srun: error: i01r01c04s05: task 15: Aborted (core dumped)
srun: error: i01r01c04s04: task 14: Aborted (core dumped)
cp: cannot create directory '/hppfs/scratch/01/di35poq/haiti-rupture-outputs/dynamic-rupture-outputs/variable_SH_max/jobid_3956060/logs': No such file or directory
/var/spool/slurm/job3956060/slurm_script: line 80: pushd: /hppfs/scratch/01/di35poq/haiti-rupture-outputs/dynamic-rupture-outputs/variable_SH_max/jobid_3956060: No such file or directory
Traceback (most recent call last):
  File "/dss/dsshome1/01/di35poq/.local/bin/seissol_output_extractor", line 8, in <module>
    sys.exit(main())
  File "/dss/dsshome1/01/di35poq/.local/lib/python3.8/site-packages/seissolxdmfwriter/seissol_output_extractor.py", line 143, in main
    sx = SeissolxdmfExtended(args.xdmfFilename)
  File "/dss/dsshome1/01/di35poq/.local/lib/python3.8/site-packages/seissolxdmf/seissolxdmf.py", line 14, in __init__
    with open (xdmfFilename, "r") as fid:
FileNotFoundError: [Errno 2] No such file or directory: 'output-surface.xdmf'
Traceback (most recent call last):
  File "/dss/dsshome1/01/di35poq/soft/calc-moment-rate_supermuc.py", line 30, in find_xdmffile_wahweap
    xdmfFile = glob.glob(datadir + '*/jobid_'+jobid+'*/*extracted-fault.xdmf')[0]
IndexError: list index out of range

During handling of the above exception, another exception occurred:

Traceback (most recent call last):
  File "/dss/dsshome1/01/di35poq/soft/calc-moment-rate_supermuc.py", line 211, in <module>
    generateMoment(jobid_list)
  File "/dss/dsshome1/01/di35poq/soft/calc-moment-rate_supermuc.py", line 87, in generateMoment
    xdmfFilename, momentCsvFile = find_xdmffile_wahweap(jobid)
  File "/dss/dsshome1/01/di35poq/soft/calc-moment-rate_supermuc.py", line 34, in find_xdmffile_wahweap
    xdmfFile = glob.glob(datadir + '*/jobid_'+jobid+'*/output-fault.xdmf')[0]
IndexError: list index out of range
Traceback (most recent call last):
  File "/dss/dsshome1/01/di35poq/soft/calc-R-rake_supermuc.py", line 83, in <module>
    jobdir, xdmfFile, momentCsvFile = find_xdmffile_wahweap(jobid)
  File "/dss/dsshome1/01/di35poq/soft/calc-R-rake_supermuc.py", line 32, in find_xdmffile_wahweap
    xdmfFile = glob.glob(datadir + '*/jobid_'+jobid+'*/output-fault.xdmf')[0]
IndexError: list index out of range
[0m[31m(   1.723s) [paraview        ]      vtkXdmfReader.cxx:253    ERR| vtkXdmfReader (0x2294cd0): Error opening file output_jobid_3956060_extracted-fault.xdmf[0m
[0m[31m(   1.724s) [paraview        ]       vtkExecutive.cxx:729    ERR| vtkPVCompositeDataPipeline (0x22a3fa0): Algorithm vtkFileSeriesReader (0x22a1a10) returned failure for request: vtkInformation (0x22a3590)
  Debug: Off
  Modified Time: 92784
  Reference Count: 1
  Registered Events: (none)
  Request: REQUEST_DATA_OBJECT
  ALGORITHM_AFTER_FORWARD: 1
  FORWARD_DIRECTION: 0

[0m
[0m[31m(   1.724s) [paraview        ]      vtkXdmfReader.cxx:253    ERR| vtkXdmfReader (0x2294cd0): Error opening file output_jobid_3956060_extracted-fault.xdmf[0m
[0m[31m(   1.724s) [paraview        ]       vtkExecutive.cxx:729    ERR| vtkPVCompositeDataPipeline (0x2297930): Algorithm vtkXdmfReader (0x2294cd0) returned failure for request: vtkInformation (0x22967e0)
  Debug: Off
  Modified Time: 92671
  Reference Count: 1
  Registered Events: (none)
  Request: REQUEST_DATA_OBJECT
  ALGORITHM_AFTER_FORWARD: 1
  FORWARD_DIRECTION: 0

[0m
[0m[31m(   1.724s) [paraview        ]      vtkXdmfReader.cxx:253    ERR| vtkXdmfReader (0x2294cd0): Error opening file output_jobid_3956060_extracted-fault.xdmf[0m
[0m[31m(   1.724s) [paraview        ]       vtkExecutive.cxx:729    ERR| vtkPVCompositeDataPipeline (0x2297930): Algorithm vtkXdmfReader (0x2294cd0) returned failure for request: vtkInformation (0x22967e0)
  Debug: Off
  Modified Time: 92671
  Reference Count: 1
  Registered Events: (none)
  Request: REQUEST_DATA_OBJECT
  ALGORITHM_AFTER_FORWARD: 1
  FORWARD_DIRECTION: 0

[0m
[0m[31m(   1.724s) [paraview        ]      vtkXdmfReader.cxx:253    ERR| vtkXdmfReader (0x2294cd0): Error opening file output_jobid_3956060_extracted-fault.xdmf[0m
[0m[31m(   1.724s) [paraview        ]       vtkExecutive.cxx:729    ERR| vtkPVCompositeDataPipeline (0x22a3fa0): Algorithm vtkFileSeriesReader (0x22a1a10) returned failure for request: vtkInformation (0x22a3590)
  Debug: Off
  Modified Time: 92784
  Reference Count: 1
  Registered Events: (none)
  Request: REQUEST_DATA_OBJECT
  ALGORITHM_AFTER_FORWARD: 1
  FORWARD_DIRECTION: 0

[0m
[0m[31m(   1.724s) [paraview        ]      vtkXdmfReader.cxx:253    ERR| vtkXdmfReader (0x2294cd0): Error opening file output_jobid_3956060_extracted-fault.xdmf[0m
[0m[31m(   1.724s) [paraview        ]       vtkExecutive.cxx:729    ERR| vtkPVCompositeDataPipeline (0x2297930): Algorithm vtkXdmfReader (0x2294cd0) returned failure for request: vtkInformation (0x22967e0)
  Debug: Off
  Modified Time: 92671
  Reference Count: 1
  Registered Events: (none)
  Request: REQUEST_DATA_OBJECT
  ALGORITHM_AFTER_FORWARD: 1
  FORWARD_DIRECTION: 0

[0m
[0m[31m(   1.724s) [paraview        ]      vtkXdmfReader.cxx:253    ERR| vtkXdmfReader (0x2294cd0): Error opening file output_jobid_3956060_extracted-fault.xdmf[0m
[0m[31m(   1.724s) [paraview        ]       vtkExecutive.cxx:729    ERR| vtkPVCompositeDataPipeline (0x2297930): Algorithm vtkXdmfReader (0x2294cd0) returned failure for request: vtkInformation (0x22967e0)
  Debug: Off
  Modified Time: 92671
  Reference Count: 1
  Registered Events: (none)
  Request: REQUEST_DATA_OBJECT
  ALGORITHM_AFTER_FORWARD: 1
  FORWARD_DIRECTION: 0

[0m
[0m[31m(   1.726s) [paraview        ]      vtkXdmfReader.cxx:253    ERR| vtkXdmfReader (0x2294cd0): Error opening file output_jobid_3956060_extracted-fault.xdmf[0m
[0m[31m(   1.726s) [paraview        ]       vtkExecutive.cxx:729    ERR| vtkPVCompositeDataPipeline (0x22a3fa0): Algorithm vtkFileSeriesReader (0x22a1a10) returned failure for request: vtkInformation (0x22a3590)
  Debug: Off
  Modified Time: 92784
  Reference Count: 1
  Registered Events: (none)
  Request: REQUEST_DATA_OBJECT
  ALGORITHM_AFTER_FORWARD: 1
  FORWARD_DIRECTION: 0

[0m
[0m[31m(   1.726s) [paraview        ]      vtkXdmfReader.cxx:253    ERR| vtkXdmfReader (0x2294cd0): Error opening file output_jobid_3956060_extracted-fault.xdmf[0m
[0m[31m(   1.726s) [paraview        ]       vtkExecutive.cxx:729    ERR| vtkPVCompositeDataPipeline (0x2297930): Algorithm vtkXdmfReader (0x2294cd0) returned failure for request: vtkInformation (0x22967e0)
  Debug: Off
  Modified Time: 92671
  Reference Count: 1
  Registered Events: (none)
  Request: REQUEST_DATA_OBJECT
  ALGORITHM_AFTER_FORWARD: 1
  FORWARD_DIRECTION: 0

[0m
[0m[31m(   1.726s) [paraview        ]      vtkXdmfReader.cxx:253    ERR| vtkXdmfReader (0x2294cd0): Error opening file output_jobid_3956060_extracted-fault.xdmf[0m
[0m[31m(   1.726s) [paraview        ]       vtkExecutive.cxx:729    ERR| vtkPVCompositeDataPipeline (0x2297930): Algorithm vtkXdmfReader (0x2294cd0) returned failure for request: vtkInformation (0x22967e0)
  Debug: Off
  Modified Time: 92671
  Reference Count: 1
  Registered Events: (none)
  Request: REQUEST_DATA_OBJECT
  ALGORITHM_AFTER_FORWARD: 1
  FORWARD_DIRECTION: 0

[0m
[0m[31m(   1.827s) [paraview        ]      vtkXdmfReader.cxx:253    ERR| vtkXdmfReader (0x2294cd0): Error opening file output_jobid_3956060_extracted-fault.xdmf[0m
[0m[31m(   1.828s) [paraview        ]       vtkExecutive.cxx:729    ERR| vtkPVCompositeDataPipeline (0x22a3fa0): Algorithm vtkFileSeriesReader (0x22a1a10) returned failure for request: vtkInformation (0x3bb3830)
  Debug: Off
  Modified Time: 154809
  Reference Count: 1
  Registered Events: (none)
  Request: REQUEST_DATA_OBJECT
  FROM_OUTPUT_PORT: 0
  ALGORITHM_AFTER_FORWARD: 1
  FORWARD_DIRECTION: 0

[0m
[0m[31m(   1.828s) [paraview        ]      vtkXdmfReader.cxx:253    ERR| vtkXdmfReader (0x2294cd0): Error opening file output_jobid_3956060_extracted-fault.xdmf[0m
[0m[31m(   1.828s) [paraview        ]       vtkExecutive.cxx:729    ERR| vtkPVCompositeDataPipeline (0x22a3fa0): Algorithm vtkFileSeriesReader (0x22a1a10) returned failure for request: vtkInformation (0x3bb3830)
  Debug: Off
  Modified Time: 154809
  Reference Count: 1
  Registered Events: (none)
  Request: REQUEST_DATA_OBJECT
  FROM_OUTPUT_PORT: 0
  ALGORITHM_AFTER_FORWARD: 1
  FORWARD_DIRECTION: 0

[0m
[0m[33m(   1.971s) [paraview        ]vtkSMColorMapEditorHelp:772   WARN| Failed to determine the LookupTable being used.[0m
[0m[31m(   1.972s) [paraview        ]      vtkXdmfReader.cxx:253    ERR| vtkXdmfReader (0x2294cd0): Error opening file output_jobid_3956060_extracted-fault.xdmf[0m
[0m[31m(   1.972s) [paraview        ]       vtkExecutive.cxx:729    ERR| vtkPVCompositeDataPipeline (0x22a3fa0): Algorithm vtkFileSeriesReader (0x22a1a10) returned failure for request: vtkInformation (0x4731ff0)
  Debug: Off
  Modified Time: 878739
  Reference Count: 1
  Registered Events: (none)
  Request: REQUEST_DATA_OBJECT
  FROM_OUTPUT_PORT: 0
  ALGORITHM_AFTER_FORWARD: 1
  FORWARD_DIRECTION: 0

[0m
[0m[31m(   1.972s) [paraview        ]       vtkExecutive.cxx:729    ERR| vtkCompositeDataPipeline (0x4697310): Algorithm vtkPVGeometryFilter (0x47fd750) returned failure for request: vtkInformation (0x4698500)
  Debug: Off
  Modified Time: 878743
  Reference Count: 1
  Registered Events: (none)
  Request: REQUEST_DATA_OBJECT
  FROM_OUTPUT_PORT: 0
  ALGORITHM_AFTER_FORWARD: 1
  FORWARD_DIRECTION: 0

[0m
[0m[31m(   1.973s) [paraview        ]      vtkXdmfReader.cxx:253    ERR| vtkXdmfReader (0x2294cd0): Error opening file output_jobid_3956060_extracted-fault.xdmf[0m
[0m[31m(   1.973s) [paraview        ]       vtkExecutive.cxx:729    ERR| vtkPVCompositeDataPipeline (0x22a3fa0): Algorithm vtkFileSeriesReader (0x22a1a10) returned failure for request: vtkInformation (0x4655850)
  Debug: Off
  Modified Time: 878807
  Reference Count: 1
  Registered Events: (none)
  Request: REQUEST_DATA_OBJECT
  FROM_OUTPUT_PORT: 0
  ALGORITHM_AFTER_FORWARD: 1
  FORWARD_DIRECTION: 0

[0m
[0m[31m(   1.973s) [paraview        ]       vtkExecutive.cxx:729    ERR| vtkCompositeDataPipeline (0x4672ad0): Algorithm vtkPVGeometryFilter (0x4643440) returned failure for request: vtkInformation (0x4673ba0)
  Debug: Off
  Modified Time: 878812
  Reference Count: 1
  Registered Events: (none)
  Request: REQUEST_DATA_OBJECT
  FROM_OUTPUT_PORT: 0
  ALGORITHM_AFTER_FORWARD: 1
  FORWARD_DIRECTION: 0

[0m
[0m[31m(   1.973s) [paraview        ]      vtkXdmfReader.cxx:253    ERR| vtkXdmfReader (0x2294cd0): Error opening file output_jobid_3956060_extracted-fault.xdmf[0m
[0m[31m(   1.973s) [paraview        ]       vtkExecutive.cxx:729    ERR| vtkPVCompositeDataPipeline (0x22a3fa0): Algorithm vtkFileSeriesReader (0x22a1a10) returned failure for request: vtkInformation (0x40c86b0)
  Debug: Off
  Modified Time: 878870
  Reference Count: 1
  Registered Events: (none)
  Request: REQUEST_DATA_OBJECT
  FROM_OUTPUT_PORT: 0
  ALGORITHM_AFTER_FORWARD: 1
  FORWARD_DIRECTION: 0

[0m
[0m[31m(   1.981s) [paraview        ]       vtkExecutive.cxx:729    ERR| vtkCompositeDataPipeline (0x4697310): Algorithm vtkPVGeometryFilter (0x47fd750) returned failure for request: vtkInformation (0x4698500)
  Debug: Off
  Modified Time: 878743
  Reference Count: 1
  Registered Events: (none)
  Request: REQUEST_DATA_OBJECT
  FROM_OUTPUT_PORT: 0
  ALGORITHM_AFTER_FORWARD: 1
  FORWARD_DIRECTION: 0

[0m
[0m[31m(   1.981s) [paraview        ]       vtkExecutive.cxx:729    ERR| vtkCompositeDataPipeline (0x4672ad0): Algorithm vtkPVGeometryFilter (0x4643440) returned failure for request: vtkInformation (0x4673ba0)
  Debug: Off
  Modified Time: 878812
  Reference Count: 1
  Registered Events: (none)
  Request: REQUEST_DATA_OBJECT
  FROM_OUTPUT_PORT: 0
  ALGORITHM_AFTER_FORWARD: 1
  FORWARD_DIRECTION: 0

[0m
[0m[33m(   1.981s) [paraview        ]vtkSMColorMapEditorHelp:772   WARN| Failed to determine the LookupTable being used.[0m
[0m[31m(   1.981s) [paraview        ]       vtkExecutive.cxx:729    ERR| vtkCompositeDataPipeline (0x4697310): Algorithm vtkPVGeometryFilter (0x47fd750) returned failure for request: vtkInformation (0x4698500)
  Debug: Off
  Modified Time: 878743
  Reference Count: 1
  Registered Events: (none)
  Request: REQUEST_DATA_OBJECT
  FROM_OUTPUT_PORT: 0
  ALGORITHM_AFTER_FORWARD: 1
  FORWARD_DIRECTION: 0

[0m
[0m[31m(   1.981s) [paraview        ]       vtkExecutive.cxx:729    ERR| vtkCompositeDataPipeline (0x4672ad0): Algorithm vtkPVGeometryFilter (0x4643440) returned failure for request: vtkInformation (0x4673ba0)
  Debug: Off
  Modified Time: 878812
  Reference Count: 1
  Registered Events: (none)
  Request: REQUEST_DATA_OBJECT
  FROM_OUTPUT_PORT: 0
  ALGORITHM_AFTER_FORWARD: 1
  FORWARD_DIRECTION: 0

[0m
[0m[31m(   1.986s) [paraview        ]      vtkXdmfReader.cxx:253    ERR| vtkXdmfReader (0x2294cd0): Error opening file output_jobid_3956060_extracted-fault.xdmf[0m
[0m[31m(   1.986s) [paraview        ]       vtkExecutive.cxx:729    ERR| vtkPVCompositeDataPipeline (0x22a3fa0): Algorithm vtkFileSeriesReader (0x22a1a10) returned failure for request: vtkInformation (0x4fdfa20)
  Debug: Off
  Modified Time: 882184
  Reference Count: 1
  Registered Events: (none)
  Request: REQUEST_DATA_OBJECT
  FROM_OUTPUT_PORT: 0
  ALGORITHM_AFTER_FORWARD: 1
  FORWARD_DIRECTION: 0

[0m
[0m[31m(   1.987s) [paraview        ]      vtkXdmfReader.cxx:253    ERR| vtkXdmfReader (0x2294cd0): Error opening file output_jobid_3956060_extracted-fault.xdmf[0m
[0m[31m(   1.987s) [paraview        ]       vtkExecutive.cxx:729    ERR| vtkPVCompositeDataPipeline (0x22a3fa0): Algorithm vtkFileSeriesReader (0x22a1a10) returned failure for request: vtkInformation (0x5009530)
  Debug: Off
  Modified Time: 882366
  Reference Count: 1
  Registered Events: (none)
  Request: REQUEST_DATA_OBJECT
  FROM_OUTPUT_PORT: 0
  ALGORITHM_AFTER_FORWARD: 1
  FORWARD_DIRECTION: 0

[0m
[0m[31m(   1.987s) [paraview        ]      vtkXdmfReader.cxx:253    ERR| vtkXdmfReader (0x2294cd0): Error opening file output_jobid_3956060_extracted-fault.xdmf[0m
[0m[31m(   1.987s) [paraview        ]       vtkExecutive.cxx:729    ERR| vtkPVCompositeDataPipeline (0x22a3fa0): Algorithm vtkFileSeriesReader (0x22a1a10) returned failure for request: vtkInformation (0x5009530)
  Debug: Off
  Modified Time: 882366
  Reference Count: 1
  Registered Events: (none)
  Request: REQUEST_DATA_OBJECT
  FROM_OUTPUT_PORT: 0
  ALGORITHM_AFTER_FORWARD: 1
  FORWARD_DIRECTION: 0

[0m
[0m[31m(   2.102s) [paraview        ]      vtkXdmfReader.cxx:253    ERR| vtkXdmfReader (0x2294cd0): Error opening file output_jobid_3956060_extracted-fault.xdmf[0m
[0m[31m(   2.102s) [paraview        ]       vtkExecutive.cxx:729    ERR| vtkPVCompositeDataPipeline (0x22a3fa0): Algorithm vtkFileSeriesReader (0x22a1a10) returned failure for request: vtkInformation (0x5009530)
  Debug: Off
  Modified Time: 882366
  Reference Count: 1
  Registered Events: (none)
  Request: REQUEST_DATA_OBJECT
  FROM_OUTPUT_PORT: 0
  ALGORITHM_AFTER_FORWARD: 1
  FORWARD_DIRECTION: 0

[0m
[0m[31m(   2.102s) [paraview        ]      vtkXdmfReader.cxx:253    ERR| vtkXdmfReader (0x2294cd0): Error opening file output_jobid_3956060_extracted-fault.xdmf[0m
[0m[31m(   2.102s) [paraview        ]       vtkExecutive.cxx:729    ERR| vtkPVCompositeDataPipeline (0x22a3fa0): Algorithm vtkFileSeriesReader (0x22a1a10) returned failure for request: vtkInformation (0x5009530)
  Debug: Off
  Modified Time: 882366
  Reference Count: 1
  Registered Events: (none)
  Request: REQUEST_DATA_OBJECT
  FROM_OUTPUT_PORT: 0
  ALGORITHM_AFTER_FORWARD: 1
  FORWARD_DIRECTION: 0

[0m
[0m[33m(   2.116s) [paraview        ]vtkSMColorMapEditorHelp:772   WARN| Failed to determine the LookupTable being used.[0m
[0m[33m(   2.123s) [paraview        ]vtkSMColorMapEditorHelp:170   WARN| Could not determine array range.[0m
[0m[33m(   2.123s) [paraview        ]vtkSMColorMapEditorHelp:170   WARN| Could not determine array range.[0m
[0m[31m(   2.134s) [paraview        ]      vtkXdmfReader.cxx:253    ERR| vtkXdmfReader (0x2294cd0): Error opening file output_jobid_3956060_extracted-fault.xdmf[0m
[0m[31m(   2.134s) [paraview        ]       vtkExecutive.cxx:729    ERR| vtkPVCompositeDataPipeline (0x22a3fa0): Algorithm vtkFileSeriesReader (0x22a1a10) returned failure for request: vtkInformation (0x5eece50)
  Debug: Off
  Modified Time: 1029692
  Reference Count: 1
  Registered Events: (none)
  Request: REQUEST_DATA_OBJECT
  FROM_OUTPUT_PORT: 0
  ALGORITHM_AFTER_FORWARD: 1
  FORWARD_DIRECTION: 0

[0m
[0m[31m(   2.135s) [paraview        ]      vtkXdmfReader.cxx:253    ERR| vtkXdmfReader (0x2294cd0): Error opening file output_jobid_3956060_extracted-fault.xdmf[0m
[0m[31m(   2.135s) [paraview        ]       vtkExecutive.cxx:729    ERR| vtkPVCompositeDataPipeline (0x22a3fa0): Algorithm vtkFileSeriesReader (0x22a1a10) returned failure for request: vtkInformation (0x5eedb90)
  Debug: Off
  Modified Time: 1029874
  Reference Count: 1
  Registered Events: (none)
  Request: REQUEST_DATA_OBJECT
  FROM_OUTPUT_PORT: 0
  ALGORITHM_AFTER_FORWARD: 1
  FORWARD_DIRECTION: 0

[0m
[0m[31m(   2.135s) [paraview        ]      vtkXdmfReader.cxx:253    ERR| vtkXdmfReader (0x2294cd0): Error opening file output_jobid_3956060_extracted-fault.xdmf[0m
[0m[31m(   2.135s) [paraview        ]       vtkExecutive.cxx:729    ERR| vtkPVCompositeDataPipeline (0x22a3fa0): Algorithm vtkFileSeriesReader (0x22a1a10) returned failure for request: vtkInformation (0x5eedb90)
  Debug: Off
  Modified Time: 1029874
  Reference Count: 1
  Registered Events: (none)
  Request: REQUEST_DATA_OBJECT
  FROM_OUTPUT_PORT: 0
  ALGORITHM_AFTER_FORWARD: 1
  FORWARD_DIRECTION: 0

[0m
[0m[31m(   2.247s) [paraview        ]      vtkXdmfReader.cxx:253    ERR| vtkXdmfReader (0x2294cd0): Error opening file output_jobid_3956060_extracted-fault.xdmf[0m
[0m[31m(   2.247s) [paraview        ]       vtkExecutive.cxx:729    ERR| vtkPVCompositeDataPipeline (0x22a3fa0): Algorithm vtkFileSeriesReader (0x22a1a10) returned failure for request: vtkInformation (0x5eedb90)
  Debug: Off
  Modified Time: 1029874
  Reference Count: 1
  Registered Events: (none)
  Request: REQUEST_DATA_OBJECT
  FROM_OUTPUT_PORT: 0
  ALGORITHM_AFTER_FORWARD: 1
  FORWARD_DIRECTION: 0

[0m
[0m[31m(   2.247s) [paraview        ]      vtkXdmfReader.cxx:253    ERR| vtkXdmfReader (0x2294cd0): Error opening file output_jobid_3956060_extracted-fault.xdmf[0m
[0m[31m(   2.247s) [paraview        ]       vtkExecutive.cxx:729    ERR| vtkPVCompositeDataPipeline (0x22a3fa0): Algorithm vtkFileSeriesReader (0x22a1a10) returned failure for request: vtkInformation (0x5eedb90)
  Debug: Off
  Modified Time: 1029874
  Reference Count: 1
  Registered Events: (none)
  Request: REQUEST_DATA_OBJECT
  FROM_OUTPUT_PORT: 0
  ALGORITHM_AFTER_FORWARD: 1
  FORWARD_DIRECTION: 0

[0m
[0m[31m(   2.257s) [paraview        ]      vtkXdmfReader.cxx:253    ERR| vtkXdmfReader (0x2294cd0): Error opening file output_jobid_3956060_extracted-fault.xdmf[0m
[0m[31m(   2.258s) [paraview        ]       vtkExecutive.cxx:729    ERR| vtkPVCompositeDataPipeline (0x22a3fa0): Algorithm vtkFileSeriesReader (0x22a1a10) returned failure for request: vtkInformation (0x5eedb90)
  Debug: Off
  Modified Time: 1029874
  Reference Count: 1
  Registered Events: (none)
  Request: REQUEST_DATA_OBJECT
  FROM_OUTPUT_PORT: 0
  ALGORITHM_AFTER_FORWARD: 1
  FORWARD_DIRECTION: 0

[0m
[0m[31m(   2.258s) [paraview        ]      vtkXdmfReader.cxx:253    ERR| vtkXdmfReader (0x2294cd0): Error opening file output_jobid_3956060_extracted-fault.xdmf[0m
[0m[31m(   2.258s) [paraview        ]       vtkExecutive.cxx:729    ERR| vtkPVCompositeDataPipeline (0x22a3fa0): Algorithm vtkFileSeriesReader (0x22a1a10) returned failure for request: vtkInformation (0x5eedb90)
  Debug: Off
  Modified Time: 1029874
  Reference Count: 1
  Registered Events: (none)
  Request: REQUEST_DATA_OBJECT
  FROM_OUTPUT_PORT: 0
  ALGORITHM_AFTER_FORWARD: 1
  FORWARD_DIRECTION: 0

[0m
[0m[31m(   2.261s) [paraview        ]      vtkXdmfReader.cxx:253    ERR| vtkXdmfReader (0x2294cd0): Error opening file output_jobid_3956060_extracted-fault.xdmf[0m
[0m[31m(   2.261s) [paraview        ]       vtkExecutive.cxx:729    ERR| vtkPVCompositeDataPipeline (0x22a3fa0): Algorithm vtkFileSeriesReader (0x22a1a10) returned failure for request: vtkInformation (0x4fa42f0)
  Debug: Off
  Modified Time: 1171892
  Reference Count: 1
  Registered Events: (none)
  Request: REQUEST_DATA_OBJECT
  FROM_OUTPUT_PORT: 0
  ALGORITHM_AFTER_FORWARD: 1
  FORWARD_DIRECTION: 0

[0m
[0m[31m(   2.261s) [paraview        ]      vtkXdmfReader.cxx:253    ERR| vtkXdmfReader (0x2294cd0): Error opening file output_jobid_3956060_extracted-fault.xdmf[0m
[0m[31m(   2.261s) [paraview        ]       vtkExecutive.cxx:729    ERR| vtkPVCompositeDataPipeline (0x22a3fa0): Algorithm vtkFileSeriesReader (0x22a1a10) returned failure for request: vtkInformation (0x4fa42f0)
  Debug: Off
  Modified Time: 1171892
  Reference Count: 1
  Registered Events: (none)
  Request: REQUEST_DATA_OBJECT
  FROM_OUTPUT_PORT: 0
  ALGORITHM_AFTER_FORWARD: 1
  FORWARD_DIRECTION: 0

[0m
Traceback (most recent call last):
  File "/dss/dsshome1/01/di35poq/soft/plot_initial_stress_profile.py", line 58, in <module>
    data = pd.read_csv(csvfile)
  File "/dss/dsshome1/01/di35poq/.local/lib/python3.8/site-packages/pandas/io/parsers/readers.py", line 912, in read_csv
    return _read(filepath_or_buffer, kwds)
  File "/dss/dsshome1/01/di35poq/.local/lib/python3.8/site-packages/pandas/io/parsers/readers.py", line 577, in _read
    parser = TextFileReader(filepath_or_buffer, **kwds)
  File "/dss/dsshome1/01/di35poq/.local/lib/python3.8/site-packages/pandas/io/parsers/readers.py", line 1407, in __init__
    self._engine = self._make_engine(f, self.engine)
  File "/dss/dsshome1/01/di35poq/.local/lib/python3.8/site-packages/pandas/io/parsers/readers.py", line 1679, in _make_engine
    return mapping[engine](f, **self.options)
  File "/dss/dsshome1/01/di35poq/.local/lib/python3.8/site-packages/pandas/io/parsers/c_parser_wrapper.py", line 93, in __init__
    self._reader = parsers.TextReader(src, **kwds)
  File "pandas/_libs/parsers.pyx", line 557, in pandas._libs.parsers.TextReader.__cinit__
pandas.errors.EmptyDataError: No columns to parse from file
/var/spool/slurm/job3956060/slurm_script: line 95: popd: directory stack empty
cp: target '/hppfs/scratch/01/di35poq/haiti-rupture-outputs/dynamic-rupture-outputs/variable_SH_max/jobid_3956060/logs/' is not a directory
