Sat 28 Sep 2024 11:45:11 PM UTC
num_nodes: 16 ntasks: 16 cpus_per_task:
Line 63 replaced with: OutputFile='/hppfs/scratch/01/di35poq/haiti-rupture-outputs/dynamic-rupture-outputs/variable_SH_max/jobid_3956060'
Job log complete.
Starting SeisSol...
Sun Sep 29 01:45:13, Info:  Using the parameter file parameters.par 
Sun Sep 29 01:45:13, Info:  Reading SeisSol parameter file... 
Sun Sep 29 01:45:13, Info:  In your parameter file, you have specified a non-positive interval for "checkpointinterval" . This mechanism is deprecated and may be removed in a future version of SeisSol. Consider disabling the whole module by setting "checkpoint" to 0 instead by adding "checkpoint = 0" to the "output" section of your parameter file instead. 
Sun Sep 29 01:45:13, Info:  The field "printintervalcriterion" is no longer in use. You may safely remove it from your parameters file. 
Sun Sep 29 01:45:13, Info:  The field "printintervalcriterion" is no longer in use. You may safely remove it from your parameters file. 
Sun Sep 29 01:45:13, Info:  The field "pickdttype" is no longer in use. You may safely remove it from your parameters file. 
Sun Sep 29 01:45:13, Info:  The field "faultoutputflag" is no longer in use. You may safely remove it from your parameters file. 
Sun Sep 29 01:45:13, Info:  The field "boundaries" is no longer in use. You may safely remove it from your parameters file. 
Sun Sep 29 01:45:13, Info:  SeisSol parameter file read successfully. 
Sun Sep 29 01:45:13, Info:  Model information: 
Sun Sep 29 01:45:13, Info:  Elastic model: yes 
Sun Sep 29 01:45:13, Info:  Viscoelastic model: no 
Sun Sep 29 01:45:13, Info:  Anelastic model: no 
Sun Sep 29 01:45:13, Info:  Poroelastic model: no 
Sun Sep 29 01:45:13, Info:  Anisotropic model: no 
Sun Sep 29 01:45:13, Info:  Plasticity: no 
Sun Sep 29 01:45:13, Info:  Welcome to SeisSol 
Sun Sep 29 01:45:13, Info:  Copyright (c) 2012 - 2024  SeisSol Group 
Sun Sep 29 01:45:13, Info:  Version: v1.1.4-148-g60aedc8c (dirty) 
Sun Sep 29 01:45:13, Info:  Built on: Jun 17 2024 21:03:35 
Sun Sep 29 01:45:13, Info:  Last commit: 60aedc8c2ae0a5d9e5a46cc3a40e4eaf1c047225 at 2024-06-06T12:54:08+00:00 
Sun Sep 29 01:45:13, Info:  Compiled with HOST_ARCH = skx 
Sun Sep 29 01:45:13, Info:  Running on (rank=0): "i01r01c03s02" 
Sun Sep 29 01:45:13, Info:  Using MPI with #ranks: 16 
Sun Sep 29 01:45:13, Info:  Node-wide (shared memory) MPI with #ranks/node: 1 
Sun Sep 29 01:45:13, Info:  Using asynchronous MPI routines. 
Sun Sep 29 01:45:13, Info:  Using OMP with #threads/rank: 94 
Sun Sep 29 01:45:13, Info:  OpenMP worker affinity (this process): "0123456789|0123456789|0123456789|0123456789|0123456-89|0123456789|0123456789|0123456789|0123456789|01234-" 
Sun Sep 29 01:45:13, Info:  OpenMP worker affinity (this node)   : "0123456789|0123456789|0123456789|0123456789|0123456-89|0123456789|0123456789|0123456789|0123456789|01234-" 
Sun Sep 29 01:45:13, Info:  Using a communication thread for advancing MPI communication. 
Sun Sep 29 01:45:13, Info:  Communication thread affinity        : "----------|----------|----------|----------|-------7--|----------|----------|----------|----------|-----5" 
Sun Sep 29 01:45:13, Info:  The stack size ulimit is 2097152 [kiB] ( = 2.0000 GiB ). 
Sun Sep 29 01:45:13, Info:  Begin init mesh. 
Sun Sep 29 01:45:13, Info:  Mesh file: "/dss/dsshome1/01/di35poq/mesh/mesh_v07/Haiti_v07_lowres" 
Sun Sep 29 01:45:13, Info:  Running mini SeisSol to determine node weights. 
Sun Sep 29 01:45:13, Info:  miniSeisSol configured with 50000 elements and 10 repeats per process 
Sun Sep 29 01:45:13, Info:  Node weights: mean = 41.4078  std = 0.524043  min = 40.1287  median = 41.6538  max = 41.964 
Sun Sep 29 01:45:13, Info:  Reading PUML mesh 
Sun Sep 29 01:45:13, Info:  Inferring boundary format. 
Sun Sep 29 01:45:13, Info:  Boundary format not given in PUML file; inferring from array shape. 
Sun Sep 29 01:45:13, Info:  Using boundary format: i32 (4xi8) 
Sun Sep 29 01:45:13, Info:  Found 2685422 cells 
Sun Sep 29 01:45:13, Info:  Found 477078 vertices 
Sun Sep 29 01:45:15, Info:  Computing LTS weights. 
Sun Sep 29 01:45:17, Info:  Limiting number of clusters to 2147483646 
Sun Sep 29 01:45:17, Info:  Computing LTS weights. Done.  (108216 reductions.)
Sun Sep 29 01:45:17, Info:  Using the Parmetis partition library and strategy. 
Sun Sep 29 01:45:20, Info:  PUML mesh read in: 7.6190 s (min: 7.5509 s, max: 7.7497 s)
Sun Sep 29 01:45:20, Info:  The mesh has been read. Starting post processing. 
Sun Sep 29 01:45:20, Info:  Extracting fault information. 
Sun Sep 29 01:45:20, Info:  Exchanging ghostlayer metadata. 
Sun Sep 29 01:45:22, Info:  Mesh initialized in: 9.6243 s (min: 9.6239 s, max: 9.6251 s)
Sun Sep 29 01:45:22, Info:  End init mesh. 
Sun Sep 29 01:45:22, Info:  Begin init model. 
Sun Sep 29 01:45:22, Info:  Initialize LTS. 
Sun Sep 29 01:45:22, Info:  Deriving clusters ids for min. time step width / multiRate: 0.000213316 / 2 
Sun Sep 29 01:45:22, Info:  Due to wiggle factor of 1 the minimum timestep size is reduced to 0.000213316 
Sun Sep 29 01:45:22, Info:  Number of elements in time clusters: 
Sun Sep 29 01:45:22, Info:  0: 2088 
Sun Sep 29 01:45:22, Info:  1: 265401 
Sun Sep 29 01:45:22, Info:  2: 1618976 
Sun Sep 29 01:45:22, Info:  3: 538212 
Sun Sep 29 01:45:22, Info:  4: 147352 
Sun Sep 29 01:45:22, Info:  5: 35652 
Sun Sep 29 01:45:22, Info:  6: 11329 
Sun Sep 29 01:45:22, Info:  7: 18592 
Sun Sep 29 01:45:22, Info:  8: 47781 
Sun Sep 29 01:45:22, Info:  9: 39 
Sun Sep 29 01:45:22, Info:  maximum theoretical speedup (compared to GTS): 6.4313 per cell LTS, 4.34786 with the used clustering. 
Sun Sep 29 01:45:22, Info:  Number of elements in dynamic rupture time clusters: 
Sun Sep 29 01:45:22, Info:  0 (dr): 618 
Sun Sep 29 01:45:22, Info:  1 (dr): 78816 
Sun Sep 29 01:45:22, Info:  2 (dr): 309936 
Sun Sep 29 01:45:22, Info:  3 (dr): 2509 
Sun Sep 29 01:45:22, Info:  4 (dr): 0 
Sun Sep 29 01:45:22, Info:  5 (dr): 0 
Sun Sep 29 01:45:22, Info:  6 (dr): 0 
Sun Sep 29 01:45:22, Info:  7 (dr): 0 
Sun Sep 29 01:45:22, Info:  8 (dr): 0 
Sun Sep 29 01:45:22, Info:  9 (dr): 0 
Sun Sep 29 01:45:22, Info:  Initialize Friction Model 
SeisSol complete.
Working on JobID: 3956060
No matching file found for jobid 3956060. Assigning output-fault.xdmf instead
Looking for output-fault.xdmf
