Thu 22 Aug 2024 11:30:20 PM UTC
num_nodes: 16 ntasks: 16 cpus_per_task:
Line 63 replaced with: OutputFile='/hppfs/scratch/01/di35poq/haiti-rupture-outputs/dynamic-rupture-outputs/regional-only/jobid_3798868'
Job log complete.
Starting SeisSol...
Fri Aug 23 01:30:25, Info:  Using the parameter file parameters.par 
Fri Aug 23 01:30:25, Info:  Reading SeisSol parameter file... 
Fri Aug 23 01:30:25, Info:  In your parameter file, you have specified a non-positive interval for "checkpointinterval" . This mechanism is deprecated and may be removed in a future version of SeisSol. Consider disabling the whole module by setting "checkpoint" to 0 instead by adding "checkpoint = 0" to the "output" section of your parameter file instead. 
Fri Aug 23 01:30:25, Info:  The field "printintervalcriterion" is no longer in use. You may safely remove it from your parameters file. 
Fri Aug 23 01:30:25, Info:  Disabling the wavefield output by setting "outputformat = 10" is deprecated and may be removed in a future version of SeisSol. Consider using the parameter "wavefieldoutput" instead. To disable wavefield output, add "wavefieldoutput = 0" to the "output" section of your parameters file. 
Fri Aug 23 01:30:25, Info:  The field "printintervalcriterion" is no longer in use. You may safely remove it from your parameters file. 
Fri Aug 23 01:30:25, Info:  The field "pickdttype" is no longer in use. You may safely remove it from your parameters file. 
Fri Aug 23 01:30:25, Info:  The field "faultoutputflag" is no longer in use. You may safely remove it from your parameters file. 
Fri Aug 23 01:30:25, Info:  The field "boundaries" is no longer in use. You may safely remove it from your parameters file. 
Fri Aug 23 01:30:25, Info:  SeisSol parameter file read successfully. 
Fri Aug 23 01:30:25, Info:  Model information: 
Fri Aug 23 01:30:25, Info:  Elastic model: yes 
Fri Aug 23 01:30:25, Info:  Viscoelastic model: no 
Fri Aug 23 01:30:25, Info:  Anelastic model: no 
Fri Aug 23 01:30:25, Info:  Poroelastic model: no 
Fri Aug 23 01:30:25, Info:  Anisotropic model: no 
Fri Aug 23 01:30:25, Info:  Plasticity: no 
Fri Aug 23 01:30:25, Info:  Welcome to SeisSol 
Fri Aug 23 01:30:25, Info:  Copyright (c) 2012 - 2024  SeisSol Group 
Fri Aug 23 01:30:25, Info:  Version: v1.1.4-148-g60aedc8c (dirty) 
Fri Aug 23 01:30:25, Info:  Built on: Jun 17 2024 21:03:35 
Fri Aug 23 01:30:25, Info:  Last commit: 60aedc8c2ae0a5d9e5a46cc3a40e4eaf1c047225 at 2024-06-06T12:54:08+00:00 
Fri Aug 23 01:30:25, Info:  Compiled with HOST_ARCH = skx 
Fri Aug 23 01:30:25, Info:  Running on (rank=0): "i01r01c03s01" 
Fri Aug 23 01:30:25, Info:  Using MPI with #ranks: 16 
Fri Aug 23 01:30:25, Info:  Node-wide (shared memory) MPI with #ranks/node: 1 
Fri Aug 23 01:30:25, Info:  Using asynchronous MPI routines. 
Fri Aug 23 01:30:25, Info:  Using OMP with #threads/rank: 94 
Fri Aug 23 01:30:25, Info:  OpenMP worker affinity (this process): "0123456789|0123456789|0123456789|0123456789|0123456-89|0123456789|0123456789|0123456789|0123456789|01234-" 
Fri Aug 23 01:30:25, Info:  OpenMP worker affinity (this node)   : "0123456789|0123456789|0123456789|0123456789|0123456-89|0123456789|0123456789|0123456789|0123456789|01234-" 
Fri Aug 23 01:30:25, Info:  Using a communication thread for advancing MPI communication. 
Fri Aug 23 01:30:25, Info:  Communication thread affinity        : "----------|----------|----------|----------|-------7--|----------|----------|----------|----------|-----5" 
Fri Aug 23 01:30:25, Info:  The stack size ulimit is 2097152 [kiB] ( = 2.0000 GiB ). 
Fri Aug 23 01:30:25, Info:  Begin init mesh. 
Fri Aug 23 01:30:25, Info:  Mesh file: "/dss/dsshome1/01/di35poq/mesh/mesh_v07/Haiti_v07_lowres" 
Fri Aug 23 01:30:25, Info:  Running mini SeisSol to determine node weights. 
Fri Aug 23 01:30:25, Info:  miniSeisSol configured with 50000 elements and 10 repeats per process 
Fri Aug 23 01:30:25, Info:  Node weights: mean = 41.2647  std = 0.48243  min = 39.8648  median = 41.3418  max = 41.9215 
Fri Aug 23 01:30:25, Info:  Reading PUML mesh 
Fri Aug 23 01:30:25, Info:  Inferring boundary format. 
Fri Aug 23 01:30:25, Info:  Boundary format not given in PUML file; inferring from array shape. 
Fri Aug 23 01:30:25, Info:  Using boundary format: i32 (4xi8) 
Fri Aug 23 01:30:25, Info:  Found 2685422 cells 
Fri Aug 23 01:30:25, Info:  Found 477078 vertices 
Fri Aug 23 01:30:27, Info:  Computing LTS weights. 
Fri Aug 23 01:30:30, Info:  Limiting number of clusters to 2147483646 
Fri Aug 23 01:30:30, Info:  Computing LTS weights. Done.  (108216 reductions.)
Fri Aug 23 01:30:30, Info:  Using the Parmetis partition library and strategy. 
Fri Aug 23 01:30:33, Info:  PUML mesh read in: 7.8493 s (min: 7.7474 s, max: 7.9914 s)
Fri Aug 23 01:30:33, Info:  The mesh has been read. Starting post processing. 
Fri Aug 23 01:30:33, Info:  Extracting fault information. 
Fri Aug 23 01:30:33, Info:  Exchanging ghostlayer metadata. 
Fri Aug 23 01:30:35, Info:  Mesh initialized in: 9.8753 s (min: 9.8749 s, max: 9.8761 s)
Fri Aug 23 01:30:35, Info:  End init mesh. 
Fri Aug 23 01:30:35, Info:  Begin init model. 
Fri Aug 23 01:30:35, Info:  Initialize LTS. 
Fri Aug 23 01:30:35, Info:  Deriving clusters ids for min. time step width / multiRate: 0.000213316 / 2 
Fri Aug 23 01:30:35, Info:  Due to wiggle factor of 1 the minimum timestep size is reduced to 0.000213316 
Fri Aug 23 01:30:35, Info:  Number of elements in time clusters: 
Fri Aug 23 01:30:35, Info:  0: 2088 
Fri Aug 23 01:30:35, Info:  1: 265401 
Fri Aug 23 01:30:35, Info:  2: 1618976 
Fri Aug 23 01:30:35, Info:  3: 538212 
Fri Aug 23 01:30:35, Info:  4: 147352 
Fri Aug 23 01:30:35, Info:  5: 35652 
Fri Aug 23 01:30:35, Info:  6: 11329 
Fri Aug 23 01:30:35, Info:  7: 18592 
Fri Aug 23 01:30:35, Info:  8: 47781 
Fri Aug 23 01:30:35, Info:  9: 39 
Fri Aug 23 01:30:35, Info:  maximum theoretical speedup (compared to GTS): 6.4313 per cell LTS, 4.34786 with the used clustering. 
Fri Aug 23 01:30:35, Info:  Number of elements in dynamic rupture time clusters: 
Fri Aug 23 01:30:35, Info:  0 (dr): 618 
Fri Aug 23 01:30:35, Info:  1 (dr): 78823 
Fri Aug 23 01:30:35, Info:  2 (dr): 309979 
Fri Aug 23 01:30:35, Info:  3 (dr): 2509 
Fri Aug 23 01:30:35, Info:  4 (dr): 0 
Fri Aug 23 01:30:35, Info:  5 (dr): 0 
Fri Aug 23 01:30:35, Info:  6 (dr): 0 
Fri Aug 23 01:30:35, Info:  7 (dr): 0 
Fri Aug 23 01:30:35, Info:  8 (dr): 0 
Fri Aug 23 01:30:35, Info:  9 (dr): 0 
Fri Aug 23 01:30:35, Info:  Initialize Friction Model 
Fri Aug 23 01:30:39, Info:  Initialize cell material parameters. 
Fri Aug 23 01:30:40, Info:  Initialize Memory layout. 
Fri Aug 23 01:30:41, Info:  Initialize cell-local matrices. 
Fri Aug 23 01:30:41, Info:  Initializing Fault, using a quadrature rule with  25  points. 
Fri Aug 23 01:34:42, Info:  Model initialized in: 4 min 6.7602 s (min: 4 min 6.7578 s, max: 4 min 6.7630 s)
Fri Aug 23 01:34:42, Info:  End init model. 
Fri Aug 23 01:34:42, Info:  Setting initial conditions. 
Fri Aug 23 01:34:42, Info:  Using initial condition "Zero" . 
Fri Aug 23 01:34:42, Info:  Reading source. 
Fri Aug 23 01:34:42, Info:  No source term specified. 
Fri Aug 23 01:34:42, Info:  Setting up boundary conditions. 
Fri Aug 23 01:34:42, Info:  Begin init output. 
Fri Aug 23 01:34:42, Info:  Initializing free surface integrator. 
Fri Aug 23 01:34:42, Info:  Initializing free surface integrator. Done. 
Fri Aug 23 01:34:42, Info:  Enabling 2D fault output 
Fri Aug 23 01:34:42, Info:  Initializing Fault output. Number of sub-triangles: 4 
Fri Aug 23 01:34:42, Info:  Initializing XDMF fault output. 
Fri Aug 23 01:34:42, Info:  Fault writer thread affinity: "----------|----------|----------|----------|-------7--|----------|----------|----------|----------|-----5" 
Fri Aug 23 01:34:42, Info:  Initializing XDMF fault output. Done. 
Fri Aug 23 01:34:42, Info:  Initializing free surface output. 
Fri Aug 23 01:34:42, Info:  Free surface writer thread affinity: "----------|----------|----------|----------|-------7--|----------|----------|----------|----------|-----5" 
Fri Aug 23 01:34:42, Info:  No record points read. 
Fri Aug 23 01:34:42, Info:  Finding meshIds for receivers... 
Fri Aug 23 01:34:42, Info:  Cleaning possible double occurring receivers for MPI... 
Fri Aug 23 01:34:42, Info:  Mapping receivers to LTS cells... 
Fri Aug 23 01:34:42, Info:  Initializing energy output. 
Fri Aug 23 01:34:42, Info:  End init output. 
Fri Aug 23 01:34:42, Info:  Initializing free surface output. Done. 
Fri Aug 23 01:34:42, Info:  Finishing initialization... 
Fri Aug 23 01:34:42, Info:  Starting simulation. 
Fri Aug 23 01:34:42, Info:  Writing faultoutput at time 0.
Fri Aug 23 01:34:42, Info:  Writing faultoutput at time 0. Done.
Fri Aug 23 01:34:42, Info:  Writing free surface at time 0.
Fri Aug 23 01:34:42, Info:  Writing free surface at time 0. Done.
Fri Aug 23 01:34:42, Info:  Writing energy output at time 0 
Fri Aug 23 01:34:42, Info:  Total momentum (X, Y, Z): 0  , 0  , 0 
Fri Aug 23 01:34:42, Info:  Writing energy output at time 0 Done. 
Fri Aug 23 01:34:42, Info:  Time spent for initial IO: 51.5389 ms (min: 41.7002 ms, max: 69.7870 ms)
Fri Aug 23 01:35:09, Info:  Writing faultoutput at time 0.5.
Fri Aug 23 01:35:09, Info:  Writing faultoutput at time 0.5. Done.
Fri Aug 23 01:35:09, Info:  Writing energy output at time 0.5 
Fri Aug 23 01:35:09, Info:  Elastic energy (total, % kinematic, % potential):  1.01403e+12  , 24.1869  , 75.8131 
Fri Aug 23 01:35:09, Info:  Total momentum (X, Y, Z): -0.00775992  , 0.0058826  , 0.00144188 
Fri Aug 23 01:35:09, Info:  Frictional work (total, % static, % radiated):  1.02482e+12  , 73.3858  , 26.6142 
Fri Aug 23 01:35:09, Info:  Seismic moment (without plasticity): 1.42595e+16  Mw: 4.6994 
Fri Aug 23 01:35:09, Info:  Writing energy output at time 0.5 Done. 
Fri Aug 23 01:35:09, Info:  Time spent this phase (total): 26.6633 s (min: 26.6229 s, max: 26.6807 s)
Fri Aug 23 01:35:09, Info:  Time spent this phase (compute): 26.6118 s (min: 26.5770 s, max: 26.6377 s)
Fri Aug 23 01:35:09, Info:  Time spent this phase (IO): 50.3845 ms (min: 39.8533 ms, max: 91.4620 ms)
Fri Aug 23 01:35:09, Info:  Performance since the start: 9.4399 TFLOP/s (rank 0: 577.7814 GFLOP/s , average over ranks: 589.9941 GFLOP/s ) 
Fri Aug 23 01:35:09, Info:  Performance since last sync point: 9.4399 TFLOP/s (rank 0: 577.7814 GFLOP/s , average over ranks: 589.9941 GFLOP/s ) 
Fri Aug 23 01:35:35, Info:  Writing faultoutput at time 1.
Fri Aug 23 01:35:35, Info:  Writing faultoutput at time 1. Done.
Fri Aug 23 01:35:35, Info:  Writing free surface at time 1.
Fri Aug 23 01:35:35, Info:  Writing free surface at time 1. Done.
Fri Aug 23 01:35:35, Info:  Writing energy output at time 1 
Fri Aug 23 01:35:35, Info:  Elastic energy (total, % kinematic, % potential):  7.25278e+12  , 22.3719  , 77.6281 
Fri Aug 23 01:35:35, Info:  Total momentum (X, Y, Z): 0.568384  , 0.33006  , -0.0184575 
Fri Aug 23 01:35:35, Info:  Frictional work (total, % static, % radiated):  7.45496e+12  , 74.5659  , 25.4341 
Fri Aug 23 01:35:35, Info:  Seismic moment (without plasticity): 1.01002e+17  Mw: 5.26622 
Fri Aug 23 01:35:35, Info:  Writing energy output at time 1 Done. 
Fri Aug 23 01:35:35, Info:  Time spent this phase (total): 26.4530 s (min: 26.4205 s, max: 26.4767 s)
Fri Aug 23 01:35:35, Info:  Time spent this phase (compute): 26.4528 s (min: 26.4204 s, max: 26.4765 s)
Fri Aug 23 01:35:35, Info:  Time spent this phase (IO): 51.4182 ms (min: 39.9044 ms, max: 71.3182 ms)
Fri Aug 23 01:35:35, Info:  Performance since the start: 9.4773 TFLOP/s (rank 0: 580.2134 GFLOP/s , average over ranks: 592.3287 GFLOP/s ) 
Fri Aug 23 01:35:35, Info:  Performance since last sync point: 9.5149 TFLOP/s (rank 0: 582.6660 GFLOP/s , average over ranks: 594.6823 GFLOP/s ) 
Fri Aug 23 01:36:01, Info:  Writing faultoutput at time 1.5.
Fri Aug 23 01:36:01, Info:  Writing faultoutput at time 1.5. Done.
Fri Aug 23 01:36:01, Info:  Writing energy output at time 1.5 
Fri Aug 23 01:36:02, Info:  Elastic energy (total, % kinematic, % potential):  1.99098e+13  , 18.5369  , 81.4631 
Fri Aug 23 01:36:02, Info:  Total momentum (X, Y, Z): 0.147682  , -0.329222  , 0.229292 
Fri Aug 23 01:36:02, Info:  Frictional work (total, % static, % radiated):  2.02445e+13  , 78.4289  , 21.5711 
Fri Aug 23 01:36:02, Info:  Seismic moment (without plasticity): 2.86054e+17  Mw: 5.56763 
Fri Aug 23 01:36:02, Info:  Writing energy output at time 1.5 Done. 
Fri Aug 23 01:36:02, Info:  Time spent this phase (total): 26.4493 s (min: 26.4428 s, max: 26.4647 s)
Fri Aug 23 01:36:02, Info:  Time spent this phase (compute): 26.4493 s (min: 26.4427 s, max: 26.4646 s)
Fri Aug 23 01:36:02, Info:  Time spent this phase (IO): 48.8542 ms (min: 39.8603 ms, max: 72.4117 ms)
Fri Aug 23 01:36:02, Info:  Performance since the start: 9.4902 TFLOP/s (rank 0: 581.1054 GFLOP/s , average over ranks: 593.1389 GFLOP/s ) 
Fri Aug 23 01:36:02, Info:  Performance since last sync point: 9.5163 TFLOP/s (rank 0: 582.8975 GFLOP/s , average over ranks: 594.7660 GFLOP/s ) 
Fri Aug 23 01:36:28, Info:  Writing faultoutput at time 2.
Fri Aug 23 01:36:28, Info:  Writing faultoutput at time 2. Done.
Fri Aug 23 01:36:28, Info:  Writing free surface at time 2.
Fri Aug 23 01:36:28, Info:  Writing free surface at time 2. Done.
Fri Aug 23 01:36:28, Info:  Writing energy output at time 2 
Fri Aug 23 01:36:28, Info:  Elastic energy (total, % kinematic, % potential):  3.93751e+13  , 18.0322  , 81.9678 
Fri Aug 23 01:36:28, Info:  Total momentum (X, Y, Z): -0.0256614  , -0.580661  , 0.186733 
Fri Aug 23 01:36:28, Info:  Frictional work (total, % static, % radiated):  3.97553e+13  , 81.2672  , 18.7328 
Fri Aug 23 01:36:28, Info:  Seismic moment (without plasticity): 5.67324e+17  Mw: 5.76589 
Fri Aug 23 01:36:28, Info:  Writing energy output at time 2 Done. 
Fri Aug 23 01:36:28, Info:  Time spent this phase (total): 26.4769 s (min: 26.4567 s, max: 26.4999 s)
Fri Aug 23 01:36:28, Info:  Time spent this phase (compute): 26.4768 s (min: 26.4566 s, max: 26.4999 s)
Fri Aug 23 01:36:28, Info:  Time spent this phase (IO): 51.9572 ms (min: 39.9783 ms, max: 85.9467 ms)
Fri Aug 23 01:36:28, Info:  Performance since the start: 9.4942 TFLOP/s (rank 0: 581.3068 GFLOP/s , average over ranks: 593.3906 GFLOP/s ) 
Fri Aug 23 01:36:28, Info:  Performance since last sync point: 9.5064 TFLOP/s (rank 0: 581.9120 GFLOP/s , average over ranks: 594.1470 GFLOP/s ) 
Fri Aug 23 01:36:54, Info:  Writing faultoutput at time 2.5.
Fri Aug 23 01:36:54, Info:  Writing faultoutput at time 2.5. Done.
Fri Aug 23 01:36:54, Info:  Writing energy output at time 2.5 
Fri Aug 23 01:36:54, Info:  Elastic energy (total, % kinematic, % potential):  8.03435e+13  , 21.8006  , 78.1994 
Fri Aug 23 01:36:54, Info:  Total momentum (X, Y, Z): -7.68826  , -2.69125  , 1.96646 
Fri Aug 23 01:36:54, Info:  Frictional work (total, % static, % radiated):  8.10075e+13  , 79.3443  , 20.6557 
Fri Aug 23 01:36:54, Info:  Seismic moment (without plasticity): 1.0894e+18  Mw: 5.95479 
Fri Aug 23 01:36:54, Info:  Writing energy output at time 2.5 Done. 
Fri Aug 23 01:36:54, Info:  Time spent this phase (total): 26.4159 s (min: 26.3925 s, max: 26.4257 s)
Fri Aug 23 01:36:54, Info:  Time spent this phase (compute): 26.4158 s (min: 26.3925 s, max: 26.4256 s)
Fri Aug 23 01:36:54, Info:  Time spent this phase (IO): 49.0663 ms (min: 39.9166 ms, max: 82.9312 ms)
Fri Aug 23 01:36:54, Info:  Performance since the start: 9.5010 TFLOP/s (rank 0: 581.8163 GFLOP/s , average over ranks: 593.8150 GFLOP/s ) 
Fri Aug 23 01:36:54, Info:  Performance since last sync point: 9.5283 TFLOP/s (rank 0: 583.8633 GFLOP/s , average over ranks: 595.5191 GFLOP/s ) 
Fri Aug 23 01:37:21, Info:  Writing faultoutput at time 3.
Fri Aug 23 01:37:21, Info:  Writing faultoutput at time 3. Done.
Fri Aug 23 01:37:21, Info:  Writing free surface at time 3.
Fri Aug 23 01:37:21, Info:  Writing free surface at time 3. Done.
Fri Aug 23 01:37:21, Info:  Writing energy output at time 3 
Fri Aug 23 01:37:21, Info:  Elastic energy (total, % kinematic, % potential):  1.66287e+14  , 25.6691  , 74.3309 
Fri Aug 23 01:37:21, Info:  Total momentum (X, Y, Z): -22.46  , -1.85215  , 7.90645 
Fri Aug 23 01:37:21, Info:  Frictional work (total, % static, % radiated):  1.68249e+14  , 74.6739  , 25.3261 
Fri Aug 23 01:37:21, Info:  Seismic moment (without plasticity): 2.06085e+18  Mw: 6.13936 
Fri Aug 23 01:37:21, Info:  Writing energy output at time 3 Done. 
Fri Aug 23 01:37:21, Info:  Time spent this phase (total): 26.3742 s (min: 26.3566 s, max: 26.3935 s)
Fri Aug 23 01:37:21, Info:  Time spent this phase (compute): 26.3741 s (min: 26.3565 s, max: 26.3934 s)
Fri Aug 23 01:37:21, Info:  Time spent this phase (IO): 51.0538 ms (min: 40.0774 ms, max: 76.0318 ms)
Fri Aug 23 01:37:21, Info:  Performance since the start: 9.5081 TFLOP/s (rank 0: 582.2529 GFLOP/s , average over ranks: 594.2542 GFLOP/s ) 
Fri Aug 23 01:37:21, Info:  Performance since last sync point: 9.5434 TFLOP/s (rank 0: 584.4456 GFLOP/s , average over ranks: 596.4603 GFLOP/s ) 
Fri Aug 23 01:37:47, Info:  Writing faultoutput at time 3.5.
Fri Aug 23 01:37:47, Info:  Writing faultoutput at time 3.5. Done.
Fri Aug 23 01:37:47, Info:  Writing energy output at time 3.5 
Fri Aug 23 01:37:47, Info:  Elastic energy (total, % kinematic, % potential):  3.25881e+14  , 28.3823  , 71.6177 
Fri Aug 23 01:37:47, Info:  Total momentum (X, Y, Z): -53.7905  , -5.18978  , 21.0823 
Fri Aug 23 01:37:47, Info:  Frictional work (total, % static, % radiated):  3.30745e+14  , 70.2432  , 29.7568 
Fri Aug 23 01:37:47, Info:  Seismic moment (without plasticity): 3.69875e+18  Mw: 6.3087 
Fri Aug 23 01:37:47, Info:  Writing energy output at time 3.5 Done. 
Fri Aug 23 01:37:47, Info:  Time spent this phase (total): 26.5573 s (min: 26.5393 s, max: 26.5748 s)
Fri Aug 23 01:37:47, Info:  Time spent this phase (compute): 26.5572 s (min: 26.5392 s, max: 26.5747 s)
Fri Aug 23 01:37:47, Info:  Time spent this phase (IO): 50.0724 ms (min: 39.9518 ms, max: 78.5012 ms)
Fri Aug 23 01:37:47, Info:  Performance since the start: 9.5037 TFLOP/s (rank 0: 581.9981 GFLOP/s , average over ranks: 593.9811 GFLOP/s ) 
Fri Aug 23 01:37:47, Info:  Performance since last sync point: 9.4776 TFLOP/s (rank 0: 580.4740 GFLOP/s , average over ranks: 592.3477 GFLOP/s ) 
Fri Aug 23 01:38:14, Info:  Writing faultoutput at time 4.
Fri Aug 23 01:38:14, Info:  Writing faultoutput at time 4. Done.
Fri Aug 23 01:38:14, Info:  Writing free surface at time 4.
Fri Aug 23 01:38:14, Info:  Writing free surface at time 4. Done.
Fri Aug 23 01:38:14, Info:  Writing energy output at time 4 
Fri Aug 23 01:38:14, Info:  Elastic energy (total, % kinematic, % potential):  5.95341e+14  , 30.1783  , 69.8217 
Fri Aug 23 01:38:14, Info:  Total momentum (X, Y, Z): -146.531  , -15.0137  , 56.7582 
Fri Aug 23 01:38:14, Info:  Frictional work (total, % static, % radiated):  6.05937e+14  , 66.6778  , 33.3222 
Fri Aug 23 01:38:14, Info:  Seismic moment (without plasticity): 6.24674e+18  Mw: 6.46044 
Fri Aug 23 01:38:14, Info:  Writing energy output at time 4 Done. 
Fri Aug 23 01:38:14, Info:  Time spent this phase (total): 26.3207 s (min: 26.2982 s, max: 26.3423 s)
Fri Aug 23 01:38:14, Info:  Time spent this phase (compute): 26.3207 s (min: 26.2981 s, max: 26.3422 s)
Fri Aug 23 01:38:14, Info:  Time spent this phase (IO): 52.1553 ms (min: 39.9790 ms, max: 88.8704 ms)
Fri Aug 23 01:38:14, Info:  Performance since the start: 9.5110 TFLOP/s (rank 0: 582.4313 GFLOP/s , average over ranks: 594.4401 GFLOP/s ) 
Fri Aug 23 01:38:14, Info:  Performance since last sync point: 9.5628 TFLOP/s (rank 0: 585.4819 GFLOP/s , average over ranks: 597.6729 GFLOP/s ) 
Fri Aug 23 01:38:40, Info:  Writing faultoutput at time 4.5.
Fri Aug 23 01:38:40, Info:  Writing faultoutput at time 4.5. Done.
Fri Aug 23 01:38:40, Info:  Writing energy output at time 4.5 
Fri Aug 23 01:38:40, Info:  Elastic energy (total, % kinematic, % potential):  1.01723e+15  , 31.3872  , 68.6128 
Fri Aug 23 01:38:40, Info:  Total momentum (X, Y, Z): 0.60733  , 33.0868  , 33.3909 
Fri Aug 23 01:38:40, Info:  Frictional work (total, % static, % radiated):  1.03686e+15  , 64.0336  , 35.9664 
Fri Aug 23 01:38:40, Info:  Seismic moment (without plasticity): 9.96596e+18  Mw: 6.59568 
Fri Aug 23 01:38:40, Info:  Writing energy output at time 4.5 Done. 
Fri Aug 23 01:38:40, Info:  Time spent this phase (total): 26.3547 s (min: 26.3301 s, max: 26.3788 s)
Fri Aug 23 01:38:40, Info:  Time spent this phase (compute): 26.3544 s (min: 26.3300 s, max: 26.3788 s)
Fri Aug 23 01:38:40, Info:  Time spent this phase (IO): 50.2081 ms (min: 39.8853 ms, max: 78.3883 ms)
Fri Aug 23 01:38:40, Info:  Performance since the start: 9.5154 TFLOP/s (rank 0: 582.7316 GFLOP/s , average over ranks: 594.7126 GFLOP/s ) 
Fri Aug 23 01:38:40, Info:  Performance since last sync point: 9.5504 TFLOP/s (rank 0: 585.1449 GFLOP/s , average over ranks: 596.9019 GFLOP/s ) 
Fri Aug 23 01:39:06, Info:  Writing faultoutput at time 5.
Fri Aug 23 01:39:06, Info:  Writing faultoutput at time 5. Done.
Fri Aug 23 01:39:06, Info:  Writing free surface at time 5.
Fri Aug 23 01:39:06, Info:  Writing free surface at time 5. Done.
Fri Aug 23 01:39:06, Info:  Writing energy output at time 5 
Fri Aug 23 01:39:06, Info:  Elastic energy (total, % kinematic, % potential):  1.64061e+15  , 32.2057  , 67.7943 
Fri Aug 23 01:39:06, Info:  Total momentum (X, Y, Z): 202.474  , 121.702  , -132.435 
Fri Aug 23 01:39:06, Info:  Frictional work (total, % static, % radiated):  1.67737e+15  , 62.0349  , 37.9651 
Fri Aug 23 01:39:06, Info:  Seismic moment (without plasticity): 1.51508e+19  Mw: 6.71696 
Fri Aug 23 01:39:06, Info:  Writing energy output at time 5 Done. 
Fri Aug 23 01:39:06, Info:  Time spent this phase (total): 26.3383 s (min: 26.3114 s, max: 26.3658 s)
Fri Aug 23 01:39:06, Info:  Time spent this phase (compute): 26.3382 s (min: 26.3113 s, max: 26.3658 s)
Fri Aug 23 01:39:06, Info:  Time spent this phase (IO): 51.8009 ms (min: 39.9724 ms, max: 75.1685 ms)
Fri Aug 23 01:39:06, Info:  Performance since the start: 9.5195 TFLOP/s (rank 0: 582.9804 GFLOP/s , average over ranks: 594.9676 GFLOP/s ) 
Fri Aug 23 01:39:06, Info:  Performance since last sync point: 9.5564 TFLOP/s (rank 0: 585.2291 GFLOP/s , average over ranks: 597.2727 GFLOP/s ) 
Fri Aug 23 01:39:33, Info:  Writing faultoutput at time 5.5.
Fri Aug 23 01:39:33, Info:  Writing faultoutput at time 5.5. Done.
Fri Aug 23 01:39:33, Info:  Writing energy output at time 5.5 
Fri Aug 23 01:39:33, Info:  Elastic energy (total, % kinematic, % potential):  2.52807e+15  , 32.7811  , 67.2189 
Fri Aug 23 01:39:33, Info:  Total momentum (X, Y, Z): 480.034  , 145.903  , 131.622 
Fri Aug 23 01:39:33, Info:  Frictional work (total, % static, % radiated):  2.58899e+15  , 60.5512  , 39.4488 
Fri Aug 23 01:39:33, Info:  Seismic moment (without plasticity): 2.21186e+19  Mw: 6.82651 
Fri Aug 23 01:39:33, Info:  Writing energy output at time 5.5 Done. 
Fri Aug 23 01:39:33, Info:  Time spent this phase (total): 26.5181 s (min: 26.5104 s, max: 26.5246 s)
Fri Aug 23 01:39:33, Info:  Time spent this phase (compute): 26.5181 s (min: 26.5104 s, max: 26.5246 s)
Fri Aug 23 01:39:33, Info:  Time spent this phase (IO): 50.5252 ms (min: 39.8983 ms, max: 74.1474 ms)
Fri Aug 23 01:39:33, Info:  Performance since the start: 9.5169 TFLOP/s (rank 0: 582.8329 GFLOP/s , average over ranks: 594.8086 GFLOP/s ) 
Fri Aug 23 01:39:33, Info:  Performance since last sync point: 9.4916 TFLOP/s (rank 0: 581.3627 GFLOP/s , average over ranks: 593.2228 GFLOP/s ) 
Fri Aug 23 01:39:59, Info:  Writing faultoutput at time 6.
Fri Aug 23 01:39:59, Info:  Writing faultoutput at time 6. Done.
Fri Aug 23 01:39:59, Info:  Writing free surface at time 6.
Fri Aug 23 01:39:59, Info:  Writing free surface at time 6. Done.
Fri Aug 23 01:39:59, Info:  Writing energy output at time 6 
Fri Aug 23 01:39:59, Info:  Elastic energy (total, % kinematic, % potential):  3.75197e+15  , 33.2415  , 66.7585 
Fri Aug 23 01:39:59, Info:  Total momentum (X, Y, Z): 409.182  , 499.213  , 56.7754 
Fri Aug 23 01:39:59, Info:  Frictional work (total, % static, % radiated):  3.84572e+15  , 59.4369  , 40.5631 
Fri Aug 23 01:39:59, Info:  Seismic moment (without plasticity): 3.12749e+19  Mw: 6.9268 
Fri Aug 23 01:39:59, Info:  Writing energy output at time 6 Done. 
Fri Aug 23 01:39:59, Info:  Time spent this phase (total): 26.5618 s (min: 26.5479 s, max: 26.5809 s)
Fri Aug 23 01:39:59, Info:  Time spent this phase (compute): 26.5618 s (min: 26.5479 s, max: 26.5808 s)
Fri Aug 23 01:39:59, Info:  Time spent this phase (IO): 52.1057 ms (min: 39.9808 ms, max: 81.1611 ms)
Fri Aug 23 01:39:59, Info:  Performance since the start: 9.5135 TFLOP/s (rank 0: 582.6107 GFLOP/s , average over ranks: 594.5943 GFLOP/s ) 
Fri Aug 23 01:39:59, Info:  Performance since last sync point: 9.4760 TFLOP/s (rank 0: 580.1778 GFLOP/s , average over ranks: 592.2474 GFLOP/s ) 
Fri Aug 23 01:40:26, Info:  Writing faultoutput at time 6.5.
Fri Aug 23 01:40:26, Info:  Writing faultoutput at time 6.5. Done.
Fri Aug 23 01:40:26, Info:  Writing energy output at time 6.5 
Fri Aug 23 01:40:26, Info:  Elastic energy (total, % kinematic, % potential):  5.18333e+15  , 32.0291  , 67.9709 
Fri Aug 23 01:40:26, Info:  Total momentum (X, Y, Z): 1667.39  , -50.9414  , -3276.22 
Fri Aug 23 01:40:26, Info:  Frictional work (total, % static, % radiated):  5.3161e+15  , 58.6618  , 41.3382 
Fri Aug 23 01:40:26, Info:  Seismic moment (without plasticity): 4.22186e+19  Mw: 7.01367 
Fri Aug 23 01:40:26, Info:  Writing energy output at time 6.5 Done. 
Fri Aug 23 01:40:26, Info:  Time spent this phase (total): 26.4261 s (min: 26.4180 s, max: 26.4415 s)
Fri Aug 23 01:40:26, Info:  Time spent this phase (compute): 26.4261 s (min: 26.4176 s, max: 26.4415 s)
Fri Aug 23 01:40:26, Info:  Time spent this phase (IO): 50.1130 ms (min: 39.9349 ms, max: 94.8090 ms)
Fri Aug 23 01:40:26, Info:  Performance since the start: 9.5144 TFLOP/s (rank 0: 582.6810 GFLOP/s , average over ranks: 594.6476 GFLOP/s ) 
Fri Aug 23 01:40:26, Info:  Performance since last sync point: 9.5246 TFLOP/s (rank 0: 583.5255 GFLOP/s , average over ranks: 595.2879 GFLOP/s ) 
Fri Aug 23 01:40:52, Info:  Writing faultoutput at time 7.
Fri Aug 23 01:40:52, Info:  Writing faultoutput at time 7. Done.
Fri Aug 23 01:40:52, Info:  Writing free surface at time 7.
Fri Aug 23 01:40:52, Info:  Writing free surface at time 7. Done.
Fri Aug 23 01:40:52, Info:  Writing energy output at time 7 
Fri Aug 23 01:40:52, Info:  Elastic energy (total, % kinematic, % potential):  6.66867e+15  , 30.3521  , 69.6479 
Fri Aug 23 01:40:52, Info:  Total momentum (X, Y, Z): -2297.89  , 2417.12  , 13965.9 
Fri Aug 23 01:40:52, Info:  Frictional work (total, % static, % radiated):  6.83897e+15  , 58.081  , 41.919 
Fri Aug 23 01:40:52, Info:  Seismic moment (without plasticity): 5.35662e+19  Mw: 7.08259 
Fri Aug 23 01:40:52, Info:  Writing energy output at time 7 Done. 
Fri Aug 23 01:40:52, Info:  Time spent this phase (total): 26.4497 s (min: 26.4210 s, max: 26.4815 s)
Fri Aug 23 01:40:52, Info:  Time spent this phase (compute): 26.4496 s (min: 26.4209 s, max: 26.4811 s)
Fri Aug 23 01:40:52, Info:  Time spent this phase (IO): 53.1576 ms (min: 39.9521 ms, max: 74.0626 ms)
Fri Aug 23 01:40:52, Info:  Performance since the start: 9.5145 TFLOP/s (rank 0: 582.6413 GFLOP/s , average over ranks: 594.6555 GFLOP/s ) 
Fri Aug 23 01:40:52, Info:  Performance since last sync point: 9.5161 TFLOP/s (rank 0: 582.1257 GFLOP/s , average over ranks: 594.7591 GFLOP/s ) 
Fri Aug 23 01:41:19, Info:  Writing faultoutput at time 7.5.
Fri Aug 23 01:41:19, Info:  Writing faultoutput at time 7.5. Done.
Fri Aug 23 01:41:19, Info:  Writing energy output at time 7.5 
Fri Aug 23 01:41:19, Info:  Elastic energy (total, % kinematic, % potential):  8.16282e+15  , 29.122  , 70.878 
Fri Aug 23 01:41:19, Info:  Total momentum (X, Y, Z): 11470.4  , -6714.09  , -32378.7 
Fri Aug 23 01:41:19, Info:  Frictional work (total, % static, % radiated):  8.37271e+15  , 57.8261  , 42.1739 
Fri Aug 23 01:41:19, Info:  Seismic moment (without plasticity): 6.52505e+19  Mw: 7.13972 
Fri Aug 23 01:41:19, Info:  Writing energy output at time 7.5 Done. 
Fri Aug 23 01:41:19, Info:  Time spent this phase (total): 26.3042 s (min: 26.2715 s, max: 26.3363 s)
Fri Aug 23 01:41:19, Info:  Time spent this phase (compute): 26.3038 s (min: 26.2687 s, max: 26.3362 s)
Fri Aug 23 01:41:19, Info:  Time spent this phase (IO): 50.8227 ms (min: 39.9145 ms, max: 81.1575 ms)
Fri Aug 23 01:41:19, Info:  Performance since the start: 9.5181 TFLOP/s (rank 0: 582.9115 GFLOP/s , average over ranks: 594.8803 GFLOP/s ) 
Fri Aug 23 01:41:19, Info:  Performance since last sync point: 9.5687 TFLOP/s (rank 0: 586.7215 GFLOP/s , average over ranks: 598.0453 GFLOP/s ) 
Fri Aug 23 01:41:45, Info:  Writing faultoutput at time 8.
Fri Aug 23 01:41:45, Info:  Writing faultoutput at time 8. Done.
Fri Aug 23 01:41:45, Info:  Writing free surface at time 8.
Fri Aug 23 01:41:45, Info:  Writing free surface at time 8. Done.
Fri Aug 23 01:41:45, Info:  Writing energy output at time 8 
Fri Aug 23 01:41:45, Info:  Elastic energy (total, % kinematic, % potential):  9.67589e+15  , 28.2241  , 71.7759 
Fri Aug 23 01:41:45, Info:  Total momentum (X, Y, Z): -25806.3  , 24066.6  , -8578.55 
Fri Aug 23 01:41:45, Info:  Frictional work (total, % static, % radiated):  9.92518e+15  , 57.7861  , 42.2139 
Fri Aug 23 01:41:45, Info:  Seismic moment (without plasticity): 7.73146e+19  Mw: 7.18884 
Fri Aug 23 01:41:45, Info:  Writing energy output at time 8 Done. 
Fri Aug 23 01:41:45, Info:  Time spent this phase (total): 26.4629 s (min: 26.4475 s, max: 26.4803 s)
Fri Aug 23 01:41:45, Info:  Time spent this phase (compute): 26.4628 s (min: 26.4475 s, max: 26.4802 s)
Fri Aug 23 01:41:45, Info:  Time spent this phase (IO): 50.3731 ms (min: 39.9715 ms, max: 72.5922 ms)
Fri Aug 23 01:41:45, Info:  Performance since the start: 9.5177 TFLOP/s (rank 0: 582.8915 GFLOP/s , average over ranks: 594.8541 GFLOP/s ) 
Fri Aug 23 01:41:45, Info:  Performance since last sync point: 9.5114 TFLOP/s (rank 0: 582.5914 GFLOP/s , average over ranks: 594.4607 GFLOP/s ) 
Fri Aug 23 01:42:11, Info:  Writing faultoutput at time 8.5.
Fri Aug 23 01:42:11, Info:  Writing faultoutput at time 8.5. Done.
Fri Aug 23 01:42:11, Info:  Writing energy output at time 8.5 
Fri Aug 23 01:42:12, Info:  Elastic energy (total, % kinematic, % potential):  1.12186e+16  , 27.5682  , 72.4318 
Fri Aug 23 01:42:12, Info:  Total momentum (X, Y, Z): 56234.5  , -49006.7  , 387783 
Fri Aug 23 01:42:12, Info:  Frictional work (total, % static, % radiated):  1.15e+16  , 57.8499  , 42.1501 
Fri Aug 23 01:42:12, Info:  Seismic moment (without plasticity): 8.9784e+19  Mw: 7.23213 
Fri Aug 23 01:42:12, Info:  Writing energy output at time 8.5 Done. 
Fri Aug 23 01:42:12, Info:  Time spent this phase (total): 26.4473 s (min: 26.4177 s, max: 26.4908 s)
Fri Aug 23 01:42:12, Info:  Time spent this phase (compute): 26.4473 s (min: 26.4177 s, max: 26.4907 s)
Fri Aug 23 01:42:12, Info:  Time spent this phase (IO): 52.7988 ms (min: 39.9156 ms, max: 96.8743 ms)
Fri Aug 23 01:42:12, Info:  Performance since the start: 9.5176 TFLOP/s (rank 0: 582.8828 GFLOP/s , average over ranks: 594.8515 GFLOP/s ) 
Fri Aug 23 01:42:12, Info:  Performance since last sync point: 9.5170 TFLOP/s (rank 0: 582.7424 GFLOP/s , average over ranks: 594.8107 GFLOP/s ) 
Fri Aug 23 01:42:38, Info:  Writing faultoutput at time 9.
Fri Aug 23 01:42:38, Info:  Writing faultoutput at time 9. Done.
Fri Aug 23 01:42:38, Info:  Writing free surface at time 9.
Fri Aug 23 01:42:38, Info:  Writing free surface at time 9. Done.
Fri Aug 23 01:42:38, Info:  Writing energy output at time 9 
Fri Aug 23 01:42:38, Info:  Elastic energy (total, % kinematic, % potential):  1.28019e+16  , 27.0973  , 72.9027 
Fri Aug 23 01:42:38, Info:  Total momentum (X, Y, Z): -71157.7  , 70335.3  , -1.85678e+06 
Fri Aug 23 01:42:38, Info:  Frictional work (total, % static, % radiated):  1.3109e+16  , 57.9623  , 42.0377 
Fri Aug 23 01:42:38, Info:  Seismic moment (without plasticity): 1.02687e+20  Mw: 7.27101 
Fri Aug 23 01:42:38, Info:  Writing energy output at time 9 Done. 
Fri Aug 23 01:42:38, Info:  Time spent this phase (total): 26.4961 s (min: 26.4637 s, max: 26.5209 s)
Fri Aug 23 01:42:38, Info:  Time spent this phase (compute): 26.4960 s (min: 26.4637 s, max: 26.5208 s)
Fri Aug 23 01:42:38, Info:  Time spent this phase (IO): 52.2269 ms (min: 40.0838 ms, max: 82.3204 ms)
Fri Aug 23 01:42:38, Info:  Performance since the start: 9.5166 TFLOP/s (rank 0: 582.8340 GFLOP/s , average over ranks: 594.7883 GFLOP/s ) 
Fri Aug 23 01:42:38, Info:  Performance since last sync point: 9.4995 TFLOP/s (rank 0: 582.0060 GFLOP/s , average over ranks: 593.7164 GFLOP/s ) 
Fri Aug 23 01:43:04, Info:  Writing faultoutput at time 9.5.
Fri Aug 23 01:43:04, Info:  Writing faultoutput at time 9.5. Done.
Fri Aug 23 01:43:04, Info:  Writing energy output at time 9.5 
Fri Aug 23 01:43:04, Info:  Elastic energy (total, % kinematic, % potential):  1.44328e+16  , 26.7617  , 73.2383 
Fri Aug 23 01:43:04, Info:  Total momentum (X, Y, Z): 57796.8  , -114075  , 5.67392e+06 
Fri Aug 23 01:43:04, Info:  Frictional work (total, % static, % radiated):  1.4763e+16  , 58.0744  , 41.9256 
Fri Aug 23 01:43:04, Info:  Seismic moment (without plasticity): 1.16064e+20  Mw: 7.30647 
Fri Aug 23 01:43:04, Info:  Writing energy output at time 9.5 Done. 
Fri Aug 23 01:43:04, Info:  Time spent this phase (total): 26.2128 s (min: 26.1808 s, max: 26.2462 s)
Fri Aug 23 01:43:04, Info:  Time spent this phase (compute): 26.2127 s (min: 26.1808 s, max: 26.2461 s)
Fri Aug 23 01:43:04, Info:  Time spent this phase (IO): 50.7823 ms (min: 39.9165 ms, max: 74.3241 ms)
Fri Aug 23 01:43:04, Info:  Performance since the start: 9.5211 TFLOP/s (rank 0: 583.1028 GFLOP/s , average over ranks: 595.0673 GFLOP/s ) 
Fri Aug 23 01:43:04, Info:  Performance since last sync point: 9.6022 TFLOP/s (rank 0: 587.9848 GFLOP/s , average over ranks: 600.1354 GFLOP/s ) 
Fri Aug 23 01:43:31, Info:  Writing faultoutput at time 10.
Fri Aug 23 01:43:31, Info:  Writing faultoutput at time 10. Done.
Fri Aug 23 01:43:31, Info:  Writing free surface at time 10.
Fri Aug 23 01:43:31, Info:  Writing free surface at time 10. Done.
Fri Aug 23 01:43:31, Info:  Wrote receivers in 3.55e-07 seconds. 
Fri Aug 23 01:43:31, Info:  Writing energy output at time 10 
Fri Aug 23 01:43:31, Info:  Elastic energy (total, % kinematic, % potential):  1.61137e+16  , 26.5081  , 73.4919 
Fri Aug 23 01:43:31, Info:  Total momentum (X, Y, Z): 166647  , 461277  , -1.17633e+07 
Fri Aug 23 01:43:31, Info:  Frictional work (total, % static, % radiated):  1.64752e+16  , 58.1865  , 41.8135 
Fri Aug 23 01:43:31, Info:  Seismic moment (without plasticity): 1.2995e+20  Mw: 7.33919 
Fri Aug 23 01:43:31, Info:  Writing energy output at time 10 Done. 
Fri Aug 23 01:43:31, Info:  Time spent this phase (total): 26.4712 s (min: 26.4257 s, max: 26.5065 s)
Fri Aug 23 01:43:31, Info:  Time spent this phase (compute): 26.4711 s (min: 26.4256 s, max: 26.5064 s)
Fri Aug 23 01:43:31, Info:  Time spent this phase (IO): 54.0714 ms (min: 40.0510 ms, max: 111.9930 ms)
Fri Aug 23 01:43:31, Info:  Performance since the start: 9.5204 TFLOP/s (rank 0: 583.0483 GFLOP/s , average over ranks: 595.0277 GFLOP/s ) 
Fri Aug 23 01:43:31, Info:  Performance since last sync point: 9.5084 TFLOP/s (rank 0: 582.0134 GFLOP/s , average over ranks: 594.2769 GFLOP/s ) 
Fri Aug 23 01:43:57, Info:  Writing faultoutput at time 10.5.
Fri Aug 23 01:43:57, Info:  Writing faultoutput at time 10.5. Done.
Fri Aug 23 01:43:57, Info:  Writing energy output at time 10.5 
Fri Aug 23 01:43:57, Info:  Elastic energy (total, % kinematic, % potential):  1.78632e+16  , 26.2997  , 73.7003 
Fri Aug 23 01:43:57, Info:  Total momentum (X, Y, Z): -1.00656e+06  , -1.21813e+06  , 7.27923e+06 
Fri Aug 23 01:43:57, Info:  Frictional work (total, % static, % radiated):  1.82521e+16  , 58.3051  , 41.6949 
Fri Aug 23 01:43:57, Info:  Seismic moment (without plasticity): 1.44382e+20  Mw: 7.36968 
Fri Aug 23 01:43:57, Info:  Writing energy output at time 10.5 Done. 
Fri Aug 23 01:43:57, Info:  Time spent this phase (total): 26.3553 s (min: 26.3230 s, max: 26.3995 s)
Fri Aug 23 01:43:57, Info:  Time spent this phase (compute): 26.3552 s (min: 26.3229 s, max: 26.3994 s)
Fri Aug 23 01:43:57, Info:  Time spent this phase (IO): 50.7875 ms (min: 39.8323 ms, max: 73.9920 ms)
Fri Aug 23 01:43:57, Info:  Performance since the start: 9.5219 TFLOP/s (rank 0: 583.1564 GFLOP/s , average over ranks: 595.1160 GFLOP/s ) 
Fri Aug 23 01:43:57, Info:  Performance since last sync point: 9.5502 TFLOP/s (rank 0: 585.3277 GFLOP/s , average over ranks: 596.8869 GFLOP/s ) 
Fri Aug 23 01:44:23, Info:  Writing faultoutput at time 11.
Fri Aug 23 01:44:23, Info:  Writing faultoutput at time 11. Done.
Fri Aug 23 01:44:23, Info:  Writing free surface at time 11.
Fri Aug 23 01:44:23, Info:  Writing free surface at time 11. Done.
Fri Aug 23 01:44:23, Info:  Writing energy output at time 11 
Fri Aug 23 01:44:23, Info:  Elastic energy (total, % kinematic, % potential):  1.96853e+16  , 26.1218  , 73.8782 
Fri Aug 23 01:44:23, Info:  Total momentum (X, Y, Z): 3.04985e+06  , 54344  , 5.78221e+07 
Fri Aug 23 01:44:23, Info:  Frictional work (total, % static, % radiated):  2.01062e+16  , 58.3967  , 41.6033 
Fri Aug 23 01:44:23, Info:  Seismic moment (without plasticity): 1.59385e+20  Mw: 7.3983 
Fri Aug 23 01:44:23, Info:  Writing energy output at time 11 Done. 
Fri Aug 23 01:44:23, Info:  Time spent this phase (total): 26.3689 s (min: 26.3539 s, max: 26.3907 s)
Fri Aug 23 01:44:23, Info:  Time spent this phase (compute): 26.3689 s (min: 26.3539 s, max: 26.3905 s)
Fri Aug 23 01:44:23, Info:  Time spent this phase (IO): 52.3830 ms (min: 40.0484 ms, max: 73.5348 ms)
Fri Aug 23 01:44:23, Info:  Performance since the start: 9.5229 TFLOP/s (rank 0: 583.2155 GFLOP/s , average over ranks: 595.1823 GFLOP/s ) 
Fri Aug 23 01:44:23, Info:  Performance since last sync point: 9.5453 TFLOP/s (rank 0: 584.4600 GFLOP/s , average over ranks: 596.5791 GFLOP/s ) 
Fri Aug 23 01:44:50, Info:  Writing faultoutput at time 11.5.
Fri Aug 23 01:44:50, Info:  Writing faultoutput at time 11.5. Done.
Fri Aug 23 01:44:50, Info:  Writing energy output at time 11.5 
Fri Aug 23 01:44:50, Info:  Elastic energy (total, % kinematic, % potential):  2.15921e+16  , 25.9551  , 74.0449 
Fri Aug 23 01:44:50, Info:  Total momentum (X, Y, Z): -4.53462e+06  , 8.239e+06  , -2.26994e+08 
Fri Aug 23 01:44:50, Info:  Frictional work (total, % static, % radiated):  2.20499e+16  , 58.4597  , 41.5403 
Fri Aug 23 01:44:50, Info:  Seismic moment (without plasticity): 1.75e+20  Mw: 7.42536 
Fri Aug 23 01:44:50, Info:  Writing energy output at time 11.5 Done. 
Fri Aug 23 01:44:50, Info:  Time spent this phase (total): 26.5653 s (min: 26.5210 s, max: 26.5957 s)
Fri Aug 23 01:44:50, Info:  Time spent this phase (compute): 26.5653 s (min: 26.5209 s, max: 26.5956 s)
Fri Aug 23 01:44:50, Info:  Time spent this phase (IO): 52.7481 ms (min: 40.1492 ms, max: 100.4838 ms)
Fri Aug 23 01:44:50, Info:  Performance since the start: 9.5208 TFLOP/s (rank 0: 583.0800 GFLOP/s , average over ranks: 595.0507 GFLOP/s ) 
Fri Aug 23 01:44:50, Info:  Performance since last sync point: 9.4747 TFLOP/s (rank 0: 580.1153 GFLOP/s , average over ranks: 592.1694 GFLOP/s ) 
Fri Aug 23 01:45:17, Info:  Writing faultoutput at time 12.
Fri Aug 23 01:45:17, Info:  Writing faultoutput at time 12. Done.
Fri Aug 23 01:45:17, Info:  Writing free surface at time 12.
Fri Aug 23 01:45:17, Info:  Writing free surface at time 12. Done.
Fri Aug 23 01:45:17, Info:  Writing energy output at time 12 
Fri Aug 23 01:45:17, Info:  Elastic energy (total, % kinematic, % potential):  2.35982e+16  , 25.7962  , 74.2038 
Fri Aug 23 01:45:17, Info:  Total momentum (X, Y, Z): -178312  , -1.99336e+07  , 2.4504e+08 
Fri Aug 23 01:45:17, Info:  Frictional work (total, % static, % radiated):  2.4092e+16  , 58.5222  , 41.4778 
Fri Aug 23 01:45:17, Info:  Seismic moment (without plasticity): 1.91253e+20  Mw: 7.45107 
Fri Aug 23 01:45:17, Info:  Writing energy output at time 12 Done. 
Fri Aug 23 01:45:17, Info:  Time spent this phase (total): 26.5863 s (min: 26.5492 s, max: 26.6220 s)
Fri Aug 23 01:45:17, Info:  Time spent this phase (compute): 26.5862 s (min: 26.5492 s, max: 26.6220 s)
Fri Aug 23 01:45:17, Info:  Time spent this phase (IO): 53.2582 ms (min: 39.9656 ms, max: 101.3485 ms)
Fri Aug 23 01:45:17, Info:  Performance since the start: 9.5186 TFLOP/s (rank 0: 582.9469 GFLOP/s , average over ranks: 594.9103 GFLOP/s ) 
Fri Aug 23 01:45:17, Info:  Performance since last sync point: 9.4672 TFLOP/s (rank 0: 579.9023 GFLOP/s , average over ranks: 591.7008 GFLOP/s ) 
Fri Aug 23 01:45:43, Info:  Writing faultoutput at time 12.5.
Fri Aug 23 01:45:43, Info:  Writing faultoutput at time 12.5. Done.
Fri Aug 23 01:45:43, Info:  Writing energy output at time 12.5 
Fri Aug 23 01:45:43, Info:  Elastic energy (total, % kinematic, % potential):  2.57131e+16  , 25.6303  , 74.3697 
Fri Aug 23 01:45:43, Info:  Total momentum (X, Y, Z): 1.54684e+07  , 6.80347e+06  , 6.7185e+08 
Fri Aug 23 01:45:43, Info:  Frictional work (total, % static, % radiated):  2.62402e+16  , 58.5659  , 41.4341 
Fri Aug 23 01:45:43, Info:  Seismic moment (without plasticity): 2.08197e+20  Mw: 7.47565 
Fri Aug 23 01:45:43, Info:  Writing energy output at time 12.5 Done. 
Fri Aug 23 01:45:43, Info:  Time spent this phase (total): 26.3736 s (min: 26.3509 s, max: 26.3876 s)
Fri Aug 23 01:45:43, Info:  Time spent this phase (compute): 26.3736 s (min: 26.3509 s, max: 26.3876 s)
Fri Aug 23 01:45:43, Info:  Time spent this phase (IO): 51.4522 ms (min: 39.9649 ms, max: 81.6568 ms)
Fri Aug 23 01:45:43, Info:  Performance since the start: 9.5196 TFLOP/s (rank 0: 583.0148 GFLOP/s , average over ranks: 594.9727 GFLOP/s ) 
Fri Aug 23 01:45:43, Info:  Performance since last sync point: 9.5436 TFLOP/s (rank 0: 584.6470 GFLOP/s , average over ranks: 596.4745 GFLOP/s ) 
Fri Aug 23 01:46:09, Info:  Writing faultoutput at time 13.
Fri Aug 23 01:46:09, Info:  Writing faultoutput at time 13. Done.
Fri Aug 23 01:46:09, Info:  Writing free surface at time 13.
Fri Aug 23 01:46:09, Info:  Writing free surface at time 13. Done.
Fri Aug 23 01:46:09, Info:  Writing energy output at time 13 
Fri Aug 23 01:46:09, Info:  Elastic energy (total, % kinematic, % potential):  2.79429e+16  , 25.4594  , 74.5406 
Fri Aug 23 01:46:09, Info:  Total momentum (X, Y, Z): -2.3495e+07  , 5.08636e+07  , -2.10137e+09 
Fri Aug 23 01:46:09, Info:  Frictional work (total, % static, % radiated):  2.84946e+16  , 58.5923  , 41.4077 
Fri Aug 23 01:46:09, Info:  Seismic moment (without plasticity): 2.25833e+20  Mw: 7.49919 
Fri Aug 23 01:46:09, Info:  Writing energy output at time 13 Done. 
Fri Aug 23 01:46:09, Info:  Time spent this phase (total): 26.3460 s (min: 26.3413 s, max: 26.3651 s)
Fri Aug 23 01:46:09, Info:  Time spent this phase (compute): 26.3459 s (min: 26.3413 s, max: 26.3650 s)
Fri Aug 23 01:46:09, Info:  Time spent this phase (IO): 52.4225 ms (min: 40.0855 ms, max: 78.4566 ms)
Fri Aug 23 01:46:09, Info:  Performance since the start: 9.5209 TFLOP/s (rank 0: 583.0959 GFLOP/s , average over ranks: 595.0542 GFLOP/s ) 
Fri Aug 23 01:46:09, Info:  Performance since last sync point: 9.5536 TFLOP/s (rank 0: 585.1326 GFLOP/s , average over ranks: 597.0992 GFLOP/s ) 
Fri Aug 23 01:46:36, Info:  Writing faultoutput at time 13.5.
Fri Aug 23 01:46:36, Info:  Writing faultoutput at time 13.5. Done.
Fri Aug 23 01:46:36, Info:  Writing energy output at time 13.5 
Fri Aug 23 01:46:36, Info:  Elastic energy (total, % kinematic, % potential):  3.02723e+16  , 25.2477  , 74.7523 
Fri Aug 23 01:46:36, Info:  Total momentum (X, Y, Z): 8.38189e+08  , 1.57332e+08  , -7.90349e+08 
Fri Aug 23 01:46:36, Info:  Frictional work (total, % static, % radiated):  3.08467e+16  , 58.594  , 41.406 
Fri Aug 23 01:46:36, Info:  Seismic moment (without plasticity): 2.44141e+20  Mw: 7.52176 
Fri Aug 23 01:46:36, Info:  Writing energy output at time 13.5 Done. 
Fri Aug 23 01:46:36, Info:  Time spent this phase (total): 26.2539 s (min: 26.2413 s, max: 26.2793 s)
Fri Aug 23 01:46:36, Info:  Time spent this phase (compute): 26.2539 s (min: 26.2413 s, max: 26.2792 s)
Fri Aug 23 01:46:36, Info:  Time spent this phase (IO): 50.0094 ms (min: 39.9142 ms, max: 74.0120 ms)
Fri Aug 23 01:46:36, Info:  Performance since the start: 9.5233 TFLOP/s (rank 0: 583.2519 GFLOP/s , average over ranks: 595.2065 GFLOP/s ) 
Fri Aug 23 01:46:36, Info:  Performance since last sync point: 9.5871 TFLOP/s (rank 0: 587.3354 GFLOP/s , average over ranks: 599.1923 GFLOP/s ) 
Fri Aug 23 01:47:02, Info:  Writing faultoutput at time 14.
Fri Aug 23 01:47:02, Info:  Writing faultoutput at time 14. Done.
Fri Aug 23 01:47:02, Info:  Writing free surface at time 14.
Fri Aug 23 01:47:02, Info:  Writing free surface at time 14. Done.
Fri Aug 23 01:47:02, Info:  Writing energy output at time 14 
Fri Aug 23 01:47:02, Info:  Elastic energy (total, % kinematic, % potential):  3.26832e+16  , 24.994  , 75.006 
Fri Aug 23 01:47:02, Info:  Total momentum (X, Y, Z): 3.79566e+09  , 1.00267e+09  , 8.77105e+09 
Fri Aug 23 01:47:02, Info:  Frictional work (total, % static, % radiated):  3.32856e+16  , 58.606  , 41.394 
Fri Aug 23 01:47:02, Info:  Seismic moment (without plasticity): 2.63126e+20  Mw: 7.54344 
Fri Aug 23 01:47:02, Info:  Writing energy output at time 14 Done. 
Fri Aug 23 01:47:02, Info:  Time spent this phase (total): 26.5302 s (min: 26.5117 s, max: 26.5444 s)
Fri Aug 23 01:47:02, Info:  Time spent this phase (compute): 26.5301 s (min: 26.5116 s, max: 26.5443 s)
Fri Aug 23 01:47:02, Info:  Time spent this phase (IO): 52.1508 ms (min: 40.0639 ms, max: 74.1958 ms)
Fri Aug 23 01:47:02, Info:  Performance since the start: 9.5220 TFLOP/s (rank 0: 583.1668 GFLOP/s , average over ranks: 595.1257 GFLOP/s ) 
Fri Aug 23 01:47:02, Info:  Performance since last sync point: 9.4872 TFLOP/s (rank 0: 580.8806 GFLOP/s , average over ranks: 592.9530 GFLOP/s ) 
Fri Aug 23 01:47:28, Info:  Writing faultoutput at time 14.5.
Fri Aug 23 01:47:28, Info:  Writing faultoutput at time 14.5. Done.
Fri Aug 23 01:47:28, Info:  Writing energy output at time 14.5 
Fri Aug 23 01:47:28, Info:  Elastic energy (total, % kinematic, % potential):  3.50821e+16  , 24.3694  , 75.6306 
Fri Aug 23 01:47:28, Info:  Total momentum (X, Y, Z): 7.16975e+09  , 2.32072e+09  , -9.19954e+09 
Fri Aug 23 01:47:28, Info:  Frictional work (total, % static, % radiated):  3.5719e+16  , 58.6131  , 41.3869 
Fri Aug 23 01:47:28, Info:  Seismic moment (without plasticity): 2.82176e+20  Mw: 7.56368 
Fri Aug 23 01:47:28, Info:  Writing energy output at time 14.5 Done. 
Fri Aug 23 01:47:28, Info:  Time spent this phase (total): 26.3272 s (min: 26.3118 s, max: 26.3500 s)
Fri Aug 23 01:47:28, Info:  Time spent this phase (compute): 26.3271 s (min: 26.3117 s, max: 26.3500 s)
Fri Aug 23 01:47:28, Info:  Time spent this phase (IO): 52.3339 ms (min: 39.8814 ms, max: 88.2425 ms)
Fri Aug 23 01:47:28, Info:  Performance since the start: 9.5233 TFLOP/s (rank 0: 583.2434 GFLOP/s , average over ranks: 595.2081 GFLOP/s ) 
Fri Aug 23 01:47:28, Info:  Performance since last sync point: 9.5604 TFLOP/s (rank 0: 585.3945 GFLOP/s , average over ranks: 597.5262 GFLOP/s ) 
Fri Aug 23 01:47:55, Info:  Writing faultoutput at time 15.
Fri Aug 23 01:47:55, Info:  Writing faultoutput at time 15. Done.
Fri Aug 23 01:47:55, Info:  Writing free surface at time 15.
Fri Aug 23 01:47:55, Info:  Writing free surface at time 15. Done.
Fri Aug 23 01:47:55, Info:  Writing energy output at time 15 
Fri Aug 23 01:47:55, Info:  Elastic energy (total, % kinematic, % potential):  3.72217e+16  , 23.5292  , 76.4708 
Fri Aug 23 01:47:55, Info:  Total momentum (X, Y, Z): 1.14131e+10  , 3.03505e+09  , -3.21124e+10 
Fri Aug 23 01:47:55, Info:  Frictional work (total, % static, % radiated):  3.78995e+16  , 58.7195  , 41.2805 
Fri Aug 23 01:47:55, Info:  Seismic moment (without plasticity): 2.99874e+20  Mw: 7.58129 
Fri Aug 23 01:47:55, Info:  Writing energy output at time 15 Done. 
Fri Aug 23 01:47:55, Info:  Time spent this phase (total): 26.2805 s (min: 26.2609 s, max: 26.3002 s)
Fri Aug 23 01:47:55, Info:  Time spent this phase (compute): 26.2804 s (min: 26.2609 s, max: 26.3002 s)
Fri Aug 23 01:47:55, Info:  Time spent this phase (IO): 53.3287 ms (min: 39.9860 ms, max: 76.0955 ms)
Fri Aug 23 01:47:55, Info:  Performance since the start: 9.5251 TFLOP/s (rank 0: 583.3556 GFLOP/s , average over ranks: 595.3201 GFLOP/s ) 
Fri Aug 23 01:47:55, Info:  Performance since last sync point: 9.5774 TFLOP/s (rank 0: 586.6303 GFLOP/s , average over ranks: 598.5858 GFLOP/s ) 
Fri Aug 23 01:48:21, Info:  Writing faultoutput at time 15.5.
Fri Aug 23 01:48:21, Info:  Writing faultoutput at time 15.5. Done.
Fri Aug 23 01:48:21, Info:  Writing energy output at time 15.5 
Fri Aug 23 01:48:21, Info:  Elastic energy (total, % kinematic, % potential):  3.92728e+16  , 22.7786  , 77.2214 
Fri Aug 23 01:48:21, Info:  Total momentum (X, Y, Z): 1.30827e+10  , 2.89301e+09  , 2.49939e+10 
Fri Aug 23 01:48:21, Info:  Frictional work (total, % static, % radiated):  3.99902e+16  , 58.9319  , 41.0681 
Fri Aug 23 01:48:21, Info:  Seismic moment (without plasticity): 3.1714e+20  Mw: 7.5975 
Fri Aug 23 01:48:21, Info:  Writing energy output at time 15.5 Done. 
Fri Aug 23 01:48:21, Info:  Time spent this phase (total): 26.2485 s (min: 26.2261 s, max: 26.2659 s)
Fri Aug 23 01:48:21, Info:  Time spent this phase (compute): 26.2484 s (min: 26.2260 s, max: 26.2658 s)
Fri Aug 23 01:48:21, Info:  Time spent this phase (IO): 51.0919 ms (min: 39.8411 ms, max: 76.2621 ms)
Fri Aug 23 01:48:21, Info:  Performance since the start: 9.5272 TFLOP/s (rank 0: 583.4877 GFLOP/s , average over ranks: 595.4482 GFLOP/s ) 
Fri Aug 23 01:48:21, Info:  Performance since last sync point: 9.5891 TFLOP/s (rank 0: 587.4773 GFLOP/s , average over ranks: 599.3158 GFLOP/s ) 
Fri Aug 23 01:48:47, Info:  Writing faultoutput at time 16.
Fri Aug 23 01:48:47, Info:  Writing faultoutput at time 16. Done.
Fri Aug 23 01:48:47, Info:  Writing free surface at time 16.
Fri Aug 23 01:48:47, Info:  Writing free surface at time 16. Done.
Fri Aug 23 01:48:47, Info:  Writing energy output at time 16 
Fri Aug 23 01:48:47, Info:  Elastic energy (total, % kinematic, % potential):  4.10356e+16  , 21.5555  , 78.4445 
Fri Aug 23 01:48:47, Info:  Total momentum (X, Y, Z): 1.3296e+10  , 5.52376e+09  , 4.12522e+10 
Fri Aug 23 01:48:47, Info:  Frictional work (total, % static, % radiated):  4.18099e+16  , 59.3799  , 40.6201 
Fri Aug 23 01:48:47, Info:  Seismic moment (without plasticity): 3.32631e+20  Mw: 7.61131 
Fri Aug 23 01:48:47, Info:  Writing energy output at time 16 Done. 
Fri Aug 23 01:48:47, Info:  Time spent this phase (total): 26.2710 s (min: 26.2522 s, max: 26.3012 s)
Fri Aug 23 01:48:47, Info:  Time spent this phase (compute): 26.2709 s (min: 26.2522 s, max: 26.3011 s)
Fri Aug 23 01:48:47, Info:  Time spent this phase (IO): 53.8581 ms (min: 40.0247 ms, max: 104.7218 ms)
Fri Aug 23 01:48:47, Info:  Performance since the start: 9.5288 TFLOP/s (rank 0: 583.5834 GFLOP/s , average over ranks: 595.5524 GFLOP/s ) 
Fri Aug 23 01:48:47, Info:  Performance since last sync point: 9.5808 TFLOP/s (rank 0: 586.5672 GFLOP/s , average over ranks: 598.8017 GFLOP/s ) 
Fri Aug 23 01:49:14, Info:  Writing faultoutput at time 16.5.
Fri Aug 23 01:49:14, Info:  Writing faultoutput at time 16.5. Done.
Fri Aug 23 01:49:14, Info:  Writing energy output at time 16.5 
Fri Aug 23 01:49:14, Info:  Elastic energy (total, % kinematic, % potential):  4.26131e+16  , 20.458  , 79.542 
Fri Aug 23 01:49:14, Info:  Total momentum (X, Y, Z): 1.0454e+10  , 2.38823e+09  , -5.81545e+10 
Fri Aug 23 01:49:14, Info:  Frictional work (total, % static, % radiated):  4.34672e+16  , 59.8793  , 40.1207 
Fri Aug 23 01:49:14, Info:  Seismic moment (without plasticity): 3.46999e+20  Mw: 7.62355 
Fri Aug 23 01:49:14, Info:  Writing energy output at time 16.5 Done. 
Fri Aug 23 01:49:14, Info:  Time spent this phase (total): 26.5577 s (min: 26.5351 s, max: 26.5706 s)
Fri Aug 23 01:49:14, Info:  Time spent this phase (compute): 26.5576 s (min: 26.5351 s, max: 26.5706 s)
Fri Aug 23 01:49:14, Info:  Time spent this phase (IO): 51.5142 ms (min: 39.9660 ms, max: 81.7362 ms)
Fri Aug 23 01:49:14, Info:  Performance since the start: 9.5273 TFLOP/s (rank 0: 583.4945 GFLOP/s , average over ranks: 595.4545 GFLOP/s ) 
Fri Aug 23 01:49:14, Info:  Performance since last sync point: 9.4774 TFLOP/s (rank 0: 580.6627 GFLOP/s , average over ranks: 592.3396 GFLOP/s ) 
Fri Aug 23 01:49:40, Info:  Writing faultoutput at time 17.
Fri Aug 23 01:49:40, Info:  Writing faultoutput at time 17. Done.
Fri Aug 23 01:49:40, Info:  Writing free surface at time 17.
Fri Aug 23 01:49:40, Info:  Writing free surface at time 17. Done.
Fri Aug 23 01:49:40, Info:  Writing energy output at time 17 
Fri Aug 23 01:49:40, Info:  Elastic energy (total, % kinematic, % potential):  4.41598e+16  , 19.4302  , 80.5698 
Fri Aug 23 01:49:40, Info:  Total momentum (X, Y, Z): 1.21185e+10  , 1.10872e+09  , -6.98838e+10 
Fri Aug 23 01:49:40, Info:  Frictional work (total, % static, % radiated):  4.50691e+16  , 60.3187  , 39.6813 
Fri Aug 23 01:49:40, Info:  Seismic moment (without plasticity): 3.60849e+20  Mw: 7.63488 
Fri Aug 23 01:49:40, Info:  Writing energy output at time 17 Done. 
Fri Aug 23 01:49:40, Info:  Time spent this phase (total): 26.4593 s (min: 26.4357 s, max: 26.4785 s)
Fri Aug 23 01:49:40, Info:  Time spent this phase (compute): 26.4592 s (min: 26.4357 s, max: 26.4785 s)
Fri Aug 23 01:49:40, Info:  Time spent this phase (IO): 54.9343 ms (min: 40.1582 ms, max: 82.5093 ms)
Fri Aug 23 01:49:40, Info:  Performance since the start: 9.5268 TFLOP/s (rank 0: 583.4699 GFLOP/s , average over ranks: 595.4277 GFLOP/s ) 
Fri Aug 23 01:49:40, Info:  Performance since last sync point: 9.5127 TFLOP/s (rank 0: 582.6601 GFLOP/s , average over ranks: 594.5428 GFLOP/s ) 
Fri Aug 23 01:50:07, Info:  Writing faultoutput at time 17.5.
Fri Aug 23 01:50:07, Info:  Writing faultoutput at time 17.5. Done.
Fri Aug 23 01:50:07, Info:  Writing energy output at time 17.5 
Fri Aug 23 01:50:07, Info:  Elastic energy (total, % kinematic, % potential):  4.57481e+16  , 18.5447  , 81.4553 
Fri Aug 23 01:50:07, Info:  Total momentum (X, Y, Z): 1.3197e+10  , 6.55765e+09  , -2.7189e+09 
Fri Aug 23 01:50:07, Info:  Frictional work (total, % static, % radiated):  4.66919e+16  , 60.8409  , 39.1591 
Fri Aug 23 01:50:07, Info:  Seismic moment (without plasticity): 3.74683e+20  Mw: 7.64578 
Fri Aug 23 01:50:07, Info:  Writing energy output at time 17.5 Done. 
Fri Aug 23 01:50:07, Info:  Time spent this phase (total): 26.4483 s (min: 26.4178 s, max: 26.4648 s)
Fri Aug 23 01:50:07, Info:  Time spent this phase (compute): 26.4482 s (min: 26.4177 s, max: 26.4647 s)
Fri Aug 23 01:50:07, Info:  Time spent this phase (IO): 51.4073 ms (min: 40.5710 ms, max: 74.0367 ms)
Fri Aug 23 01:50:07, Info:  Performance since the start: 9.5266 TFLOP/s (rank 0: 583.4507 GFLOP/s , average over ranks: 595.4094 GFLOP/s ) 
Fri Aug 23 01:50:07, Info:  Performance since last sync point: 9.5166 TFLOP/s (rank 0: 582.7966 GFLOP/s , average over ranks: 594.7883 GFLOP/s ) 
Fri Aug 23 01:50:33, Info:  Writing faultoutput at time 18.
Fri Aug 23 01:50:33, Info:  Writing faultoutput at time 18. Done.
Fri Aug 23 01:50:33, Info:  Writing free surface at time 18.
Fri Aug 23 01:50:33, Info:  Writing free surface at time 18. Done.
Fri Aug 23 01:50:33, Info:  Writing energy output at time 18 
Fri Aug 23 01:50:33, Info:  Elastic energy (total, % kinematic, % potential):  4.72593e+16  , 17.634  , 82.366 
Fri Aug 23 01:50:33, Info:  Total momentum (X, Y, Z): 7.23139e+09  , 7.58156e+09  , 1.27462e+12 
Fri Aug 23 01:50:33, Info:  Frictional work (total, % static, % radiated):  4.8243e+16  , 61.4179  , 38.5821 
Fri Aug 23 01:50:33, Info:  Seismic moment (without plasticity): 3.88149e+20  Mw: 7.656 
Fri Aug 23 01:50:33, Info:  Writing energy output at time 18 Done. 
Fri Aug 23 01:50:33, Info:  Time spent this phase (total): 26.4270 s (min: 26.4168 s, max: 26.4505 s)
Fri Aug 23 01:50:33, Info:  Time spent this phase (compute): 26.4269 s (min: 26.4168 s, max: 26.4504 s)
Fri Aug 23 01:50:33, Info:  Time spent this phase (IO): 52.5121 ms (min: 40.8859 ms, max: 75.1058 ms)
Fri Aug 23 01:50:33, Info:  Performance since the start: 9.5265 TFLOP/s (rank 0: 583.4442 GFLOP/s , average over ranks: 595.4055 GFLOP/s ) 
Fri Aug 23 01:50:33, Info:  Performance since last sync point: 9.5243 TFLOP/s (rank 0: 583.2169 GFLOP/s , average over ranks: 595.2693 GFLOP/s ) 
Fri Aug 23 01:50:59, Info:  Writing faultoutput at time 18.5.
Fri Aug 23 01:50:59, Info:  Writing faultoutput at time 18.5. Done.
Fri Aug 23 01:50:59, Info:  Writing energy output at time 18.5 
Fri Aug 23 01:50:59, Info:  Elastic energy (total, % kinematic, % potential):  4.86609e+16  , 16.6588  , 83.3412 
Fri Aug 23 01:50:59, Info:  Total momentum (X, Y, Z): 4.93499e+08  , 3.23894e+09  , 5.34101e+12 
Fri Aug 23 01:50:59, Info:  Frictional work (total, % static, % radiated):  4.96863e+16  , 62.0381  , 37.9619 
Fri Aug 23 01:50:59, Info:  Seismic moment (without plasticity): 4.00615e+20  Mw: 7.66515 
Fri Aug 23 01:50:59, Info:  Writing energy output at time 18.5 Done. 
Fri Aug 23 01:50:59, Info:  Time spent this phase (total): 26.2380 s (min: 26.2263 s, max: 26.2601 s)
Fri Aug 23 01:50:59, Info:  Time spent this phase (compute): 26.2380 s (min: 26.2263 s, max: 26.2600 s)
Fri Aug 23 01:50:59, Info:  Time spent this phase (IO): 52.0258 ms (min: 40.7422 ms, max: 80.0773 ms)
Fri Aug 23 01:50:59, Info:  Performance since the start: 9.5283 TFLOP/s (rank 0: 583.5518 GFLOP/s , average over ranks: 595.5169 GFLOP/s ) 
Fri Aug 23 01:50:59, Info:  Performance since last sync point: 9.5929 TFLOP/s (rank 0: 587.4551 GFLOP/s , average over ranks: 599.5561 GFLOP/s ) 
Fri Aug 23 01:51:26, Info:  Writing faultoutput at time 19.
Fri Aug 23 01:51:26, Info:  Writing faultoutput at time 19. Done.
Fri Aug 23 01:51:26, Info:  Writing free surface at time 19.
Fri Aug 23 01:51:26, Info:  Writing free surface at time 19. Done.
Fri Aug 23 01:51:26, Info:  Writing energy output at time 19 
Fri Aug 23 01:51:26, Info:  Elastic energy (total, % kinematic, % potential):  4.99432e+16  , 15.6438  , 84.3562 
Fri Aug 23 01:51:26, Info:  Total momentum (X, Y, Z): 2.62469e+10  , -9.0317e+09  , 1.13113e+13 
Fri Aug 23 01:51:26, Info:  Frictional work (total, % static, % radiated):  5.10031e+16  , 62.6086  , 37.3914 
Fri Aug 23 01:51:26, Info:  Seismic moment (without plasticity): 4.1148e+20  Mw: 7.6729 
Fri Aug 23 01:51:26, Info:  Writing energy output at time 19 Done. 
Fri Aug 23 01:51:26, Info:  Time spent this phase (total): 26.4029 s (min: 26.3812 s, max: 26.4166 s)
Fri Aug 23 01:51:26, Info:  Time spent this phase (compute): 26.4028 s (min: 26.3812 s, max: 26.4166 s)
Fri Aug 23 01:51:26, Info:  Time spent this phase (IO): 53.3481 ms (min: 40.8965 ms, max: 74.3690 ms)
Fri Aug 23 01:51:26, Info:  Performance since the start: 9.5284 TFLOP/s (rank 0: 583.5601 GFLOP/s , average over ranks: 595.5247 GFLOP/s ) 
Fri Aug 23 01:51:26, Info:  Performance since last sync point: 9.5330 TFLOP/s (rank 0: 583.8673 GFLOP/s , average over ranks: 595.8127 GFLOP/s ) 
Fri Aug 23 01:51:52, Info:  Writing faultoutput at time 19.5.
Fri Aug 23 01:51:52, Info:  Writing faultoutput at time 19.5. Done.
Fri Aug 23 01:51:52, Info:  Writing energy output at time 19.5 
Fri Aug 23 01:51:52, Info:  Elastic energy (total, % kinematic, % potential):  5.11004e+16  , 14.7832  , 85.2168 
Fri Aug 23 01:51:52, Info:  Total momentum (X, Y, Z): 5.60812e+10  , -2.23864e+09  , 2.32629e+13 
Fri Aug 23 01:51:52, Info:  Frictional work (total, % static, % radiated):  5.2177e+16  , 63.3284  , 36.6716 
Fri Aug 23 01:51:52, Info:  Seismic moment (without plasticity): 4.20712e+20  Mw: 7.67932 
Fri Aug 23 01:51:52, Info:  Writing energy output at time 19.5 Done. 
Fri Aug 23 01:51:52, Info:  Time spent this phase (total): 26.4247 s (min: 26.4007 s, max: 26.4506 s)
Fri Aug 23 01:51:52, Info:  Time spent this phase (compute): 26.4247 s (min: 26.4006 s, max: 26.4505 s)
Fri Aug 23 01:51:52, Info:  Time spent this phase (IO): 52.3615 ms (min: 40.7638 ms, max: 81.4997 ms)
Fri Aug 23 01:51:52, Info:  Performance since the start: 9.5283 TFLOP/s (rank 0: 583.5595 GFLOP/s , average over ranks: 595.5194 GFLOP/s ) 
Fri Aug 23 01:51:52, Info:  Performance since last sync point: 9.5251 TFLOP/s (rank 0: 583.5371 GFLOP/s , average over ranks: 595.3180 GFLOP/s ) 
Fri Aug 23 01:52:19, Info:  Writing faultoutput at time 20.
Fri Aug 23 01:52:19, Info:  Writing faultoutput at time 20. Done.
Fri Aug 23 01:52:19, Info:  Writing free surface at time 20.
Fri Aug 23 01:52:19, Info:  Writing free surface at time 20. Done.
Fri Aug 23 01:52:19, Info:  Wrote receivers in 6.03e-07 seconds. 
Fri Aug 23 01:52:19, Info:  Writing energy output at time 20 
Fri Aug 23 01:52:19, Info:  Elastic energy (total, % kinematic, % potential):  5.21438e+16  , 14.1275  , 85.8725 
Fri Aug 23 01:52:19, Info:  Total momentum (X, Y, Z): 3.94712e+09  , 3.29124e+10  , 5.68345e+13 
Fri Aug 23 01:52:19, Info:  Frictional work (total, % static, % radiated):  5.32359e+16  , 64.114  , 35.886 
Fri Aug 23 01:52:19, Info:  Seismic moment (without plasticity): 4.28674e+20  Mw: 7.68475 
Fri Aug 23 01:52:19, Info:  Writing energy output at time 20 Done. 
Fri Aug 23 01:52:19, Info:  Time spent this phase (total): 26.4838 s (min: 26.4825 s, max: 26.4882 s)
Fri Aug 23 01:52:19, Info:  Time spent this phase (compute): 26.4837 s (min: 26.4824 s, max: 26.4881 s)
Fri Aug 23 01:52:19, Info:  Time spent this phase (IO): 52.7557 ms (min: 40.9126 ms, max: 81.7563 ms)
Fri Aug 23 01:52:19, Info:  Performance since the start: 9.5277 TFLOP/s (rank 0: 583.5228 GFLOP/s , average over ranks: 595.4811 GFLOP/s ) 
Fri Aug 23 01:52:19, Info:  Performance since last sync point: 9.5039 TFLOP/s (rank 0: 582.0929 GFLOP/s , average over ranks: 593.9923 GFLOP/s ) 
Fri Aug 23 01:52:19, Info:  Ignoring duplicate synchronisation point at time 20 ; the last sync point was at  20 
Fri Aug 23 01:52:19, Info:  Ignoring duplicate synchronisation point at time 20 ; the last sync point was at  20 
Fri Aug 23 01:52:19, Info:  Ignoring duplicate synchronisation point at time 20 ; the last sync point was at  20 
Fri Aug 23 01:52:19, Info:  Ignoring duplicate synchronisation point at time 20 ; the last sync point was at  20 
Fri Aug 23 01:52:19, Info:  Simulation time (total): 17 min 36.7028 s (min: 17 min 36.6692 s, max: 17 min 36.7262 s)
Fri Aug 23 01:52:19, Info:  Simulation time (compute): 17 min 34.5779 s (min: 17 min 33.6742 s, max: 17 min 35.0407 s)
Fri Aug 23 01:52:19, Info:  Simulation time (IO): 2.1191 s (min: 1.6432 s, max: 3.0351 s)
Fri Aug 23 01:52:19, Info:  Time spent in compute kernels: mean = 1009.02  std = 19.3096  min = 970.899  median = 1008.8  max = 1038.9 
Fri Aug 23 01:52:19, Info:  Load imbalance: 2.87625 % 
Fri Aug 23 01:52:19, Info:  Regression analysis of compute kernels: 
Fri Aug 23 01:52:19, Info:  "computeLocalIntegration" (total time): 4905.05 s ( = 1 h 21 min 45.0545 s ) 
Fri Aug 23 01:52:19, Info:  "computeLocalIntegration" ( constant ): 2.06302e-05 (sample size: 5.14092e+06 , standard error: 4.52881e-12 ) 
Fri Aug 23 01:52:19, Info:  "computeLocalIntegration" ( per element ): 8.28108e-08 (sample size: 5.14092e+06 , standard error: 4.52881e-12 ) 
Fri Aug 23 01:52:19, Info:  "computeNeighboringIntegration" (total time): 5945.75 s ( = 1 h 39 min 5.7539 s ) 
Fri Aug 23 01:52:19, Info:  "computeNeighboringIntegration" ( constant ): 0.000136111 (sample size: 5.14092e+06 , standard error: 6.7604e-12 ) 
Fri Aug 23 01:52:19, Info:  "computeNeighboringIntegration" ( per element ): 9.05245e-08 (sample size: 5.14092e+06 , standard error: 6.7604e-12 ) 
Fri Aug 23 01:52:19, Info:  "computeDynamicRupture" (total time): 5293.55 s ( = 1 h 28 min 13.5532 s ) 
Fri Aug 23 01:52:19, Info:  "computeDynamicRupture" ( constant ): 8.24765e-05 (sample size: 4.05512e+06 , standard error: 3.86636e-11 ) 
Fri Aug 23 01:52:19, Info:  "computeDynamicRupture" ( per element ): 4.48849e-07 (sample size: 4.05512e+06 , standard error: 3.86636e-11 ) 
Fri Aug 23 01:52:19, Info:  "computePointSources" (total time): 0 s ( = 0.0000 s ) 
Fri Aug 23 01:52:19, Info:  "computePointSources" ( constant ): -nan (sample size: 0 , standard error: -nan ) 
Fri Aug 23 01:52:19, Info:  "computePointSources" ( per element ): -nan (sample size: 0 , standard error: -nan ) 
Fri Aug 23 01:52:19, Info:  Total time spent in compute kernels: 16144.4 s ( = 4 h 29 min 4.3616 s ) 
Fri Aug 23 01:52:19, Info:  Total calculated HW-FLOP:  10.0679 PFLOP 
Fri Aug 23 01:52:19, Info:  Total calculated NZ-FLOP:  4.0247 PFLOP 
Fri Aug 23 01:52:19, Info:  Total calculated HW-FLOP/s:  9.5275 TFLOP/s 
Fri Aug 23 01:52:19, Info:  Total calculated NZ-FLOP/s:  3.8086 TFLOP/s 
Fri Aug 23 01:52:19, Info:  WP calculated HW-FLOP:  8.3419 PFLOP 
Fri Aug 23 01:52:19, Info:  WP calculated NZ-FLOP:  2.7413 PFLOP 
Fri Aug 23 01:52:19, Info:  DR calculated HW-FLOP:  1.7261 PFLOP 
Fri Aug 23 01:52:19, Info:  DR calculated NZ-FLOP:  1.2834 PFLOP 
Fri Aug 23 01:52:19, Info:  PL calculated HW-FLOP:  0.0000 FLOP 
Fri Aug 23 01:52:19, Info:  PL calculated NZ-FLOP:  0.0000 FLOP 
Fri Aug 23 01:52:19, Info:  Time spent in simulation: 17 min 36.7267 s (min: 17 min 36.7266 s, max: 17 min 36.7276 s)
Fri Aug 23 01:52:19, Info:  Simulation done. 
Fri Aug 23 01:52:19, Info:  Closing IO. 
Fri Aug 23 01:52:19, Info:  Time free surface writer backend: 733.5319 ms (min: 5.4466 ms, max: 6.6476 s)
Fri Aug 23 01:52:20, Info:  Time fault writer backend: 4.1584 s (min: 1.8035 s, max: 27.0222 s)
Fri Aug 23 01:52:20, Info:  Time fault writer frontend: 45.7144 ms (min: 38.4658 ms, max: 50.1382 ms)
Fri Aug 23 01:52:20, Info:  Time free surface writer frontend: 6.9599 ms (min: 405.0020 s, max: 20.0603 ms)
Fri Aug 23 01:52:20, Info:  SeisSol done. Goodbye. 
SeisSol complete.
/hppfs/scratch/01/di35poq/haiti-rupture-outputs/dynamic-rupture-outputs/regional-only/jobid_3798868 ~/haiti-rupture-inputs/dynamic-rupture/regional-only
Writing hdf5 output with compression enabled (compression_level=4). 
Use --compression=0 if you want to speed-up data extraction.
u1: 0it [00:00, ?it/s]u1: 2it [00:00, 18.46it/s]u1: 6it [00:00, 29.68it/s]u1: 12it [00:00, 32.43it/s]u1: 20it [00:00, 42.34it/s]
u2: 0it [00:00, ?it/s]u2: 1it [00:00,  5.11it/s]u2: 8it [00:00, 29.75it/s]u2: 12it [00:00, 33.35it/s]u2: 20it [00:00, 40.09it/s]
u3: 0it [00:00, ?it/s]u3: 1it [00:00,  4.12it/s]u3: 6it [00:00, 21.09it/s]u3: 16it [00:00, 45.89it/s]u3: 20it [00:00, 40.05it/s]
done writing output_jobid_3798868_extracted-surface.h5
done writing output_jobid_3798868_extracted-surface.xdmf
full path: /hppfs/scratch/01/di35poq/haiti-rupture-outputs/dynamic-rupture-outputs/regional-only/jobid_3798868/output_jobid_3798868_extracted-surface.xdmf
Working on JobID: 3798868
No matching file found for jobid 3798868. Assigning output-fault.xdmf instead
/hppfs/scratch/01/di35poq/haiti-rupture-outputs/dynamic-rupture-outputs/regional-only/jobid_3798868/output-fault.xdmf
warning: Mw computed over 0-85s (avoiding contribution of small residual moment after rupture)
jobid_3798868 moment magnitude: 7.6847514289434 (M0 = 4.2867e+20)
Finished writing /hppfs/scratch/01/di35poq/haiti-rupture-outputs/dynamic-rupture-outputs/regional-only/jobid_3798868/moment_rate_mainshock.png
No matching file found for jobid 3798868. Assigning output-fault.xdmf instead
mu_s: 0.6
mu_d: 0.5
done writing /hppfs/scratch/01/di35poq/haiti-rupture-outputs/dynamic-rupture-outputs/regional-only/jobid_3798868/output_jobid_3798868_extracted-fault.xdmf
full path: /hppfs/scratch/01/di35poq/haiti-rupture-outputs/dynamic-rupture-outputs/regional-only/jobid_3798868/output_jobid_3798868_extracted-fault.xdmf
done writing /hppfs/scratch/01/di35poq/haiti-rupture-outputs/dynamic-rupture-outputs/regional-only/jobid_3798868/output_jobid_3798868_extracted-fault.h5
Job ID set as: 3798868
mu_s: 0.6
mu_d: 0.5
~/haiti-rupture-inputs/dynamic-rupture/regional-only
