Fri 06 Sep 2024 10:50:54 PM UTC
num_nodes: 16 ntasks: 16 cpus_per_task:
Line 63 replaced with: OutputFile='/hppfs/scratch/01/di35poq/haiti-rupture-outputs/dynamic-rupture-outputs/combined_FL33-regional/jobid_3888598'
Job log complete.
Starting SeisSol...
Sat Sep 07 00:50:55, Info:  Using the parameter file parameters.par 
Sat Sep 07 00:50:55, Info:  Reading SeisSol parameter file... 
Sat Sep 07 00:50:55, Info:  In your parameter file, you have specified a non-positive interval for "checkpointinterval" . This mechanism is deprecated and may be removed in a future version of SeisSol. Consider disabling the whole module by setting "checkpoint" to 0 instead by adding "checkpoint = 0" to the "output" section of your parameter file instead. 
Sat Sep 07 00:50:55, Info:  The field "printintervalcriterion" is no longer in use. You may safely remove it from your parameters file. 
Sat Sep 07 00:50:55, Info:  Disabling the wavefield output by setting "outputformat = 10" is deprecated and may be removed in a future version of SeisSol. Consider using the parameter "wavefieldoutput" instead. To disable wavefield output, add "wavefieldoutput = 0" to the "output" section of your parameters file. 
Sat Sep 07 00:50:55, Info:  The field "printintervalcriterion" is no longer in use. You may safely remove it from your parameters file. 
Sat Sep 07 00:50:55, Info:  The field "pickdttype" is no longer in use. You may safely remove it from your parameters file. 
Sat Sep 07 00:50:55, Info:  The field "faultoutputflag" is no longer in use. You may safely remove it from your parameters file. 
Sat Sep 07 00:50:55, Info:  The field "boundaries" is no longer in use. You may safely remove it from your parameters file. 
Sat Sep 07 00:50:55, Info:  SeisSol parameter file read successfully. 
Sat Sep 07 00:50:55, Info:  Model information: 
Sat Sep 07 00:50:55, Info:  Elastic model: yes 
Sat Sep 07 00:50:55, Info:  Viscoelastic model: no 
Sat Sep 07 00:50:55, Info:  Anelastic model: no 
Sat Sep 07 00:50:55, Info:  Poroelastic model: no 
Sat Sep 07 00:50:55, Info:  Anisotropic model: no 
Sat Sep 07 00:50:55, Info:  Plasticity: no 
Sat Sep 07 00:50:55, Info:  Welcome to SeisSol 
Sat Sep 07 00:50:55, Info:  Copyright (c) 2012 - 2024  SeisSol Group 
Sat Sep 07 00:50:55, Info:  Version: v1.1.4-148-g60aedc8c (dirty) 
Sat Sep 07 00:50:55, Info:  Built on: Jun 17 2024 21:03:35 
Sat Sep 07 00:50:55, Info:  Last commit: 60aedc8c2ae0a5d9e5a46cc3a40e4eaf1c047225 at 2024-06-06T12:54:08+00:00 
Sat Sep 07 00:50:55, Info:  Compiled with HOST_ARCH = skx 
Sat Sep 07 00:50:55, Info:  Running on (rank=0): "i01r01c03s01" 
Sat Sep 07 00:50:55, Info:  Using MPI with #ranks: 16 
Sat Sep 07 00:50:55, Info:  Node-wide (shared memory) MPI with #ranks/node: 1 
Sat Sep 07 00:50:55, Info:  Using asynchronous MPI routines. 
Sat Sep 07 00:50:55, Info:  Using OMP with #threads/rank: 94 
Sat Sep 07 00:50:55, Info:  OpenMP worker affinity (this process): "0123456789|0123456789|0123456789|0123456789|0123456-89|0123456789|0123456789|0123456789|0123456789|01234-" 
Sat Sep 07 00:50:55, Info:  OpenMP worker affinity (this node)   : "0123456789|0123456789|0123456789|0123456789|0123456-89|0123456789|0123456789|0123456789|0123456789|01234-" 
Sat Sep 07 00:50:55, Info:  Using a communication thread for advancing MPI communication. 
Sat Sep 07 00:50:55, Info:  Communication thread affinity        : "----------|----------|----------|----------|-------7--|----------|----------|----------|----------|-----5" 
Sat Sep 07 00:50:55, Info:  The stack size ulimit is 2097152 [kiB] ( = 2.0000 GiB ). 
Sat Sep 07 00:50:55, Info:  Begin init mesh. 
Sat Sep 07 00:50:55, Info:  Mesh file: "/dss/dsshome1/01/di35poq/mesh/mesh_v07/Haiti_v07_lowres" 
Sat Sep 07 00:50:55, Info:  Running mini SeisSol to determine node weights. 
Sat Sep 07 00:50:55, Info:  miniSeisSol configured with 50000 elements and 10 repeats per process 
Sat Sep 07 00:50:55, Info:  Node weights: mean = 41.2928  std = 0.414236  min = 39.9022  median = 41.3984  max = 41.7354 
Sat Sep 07 00:50:55, Info:  Reading PUML mesh 
Sat Sep 07 00:50:55, Info:  Inferring boundary format. 
Sat Sep 07 00:50:55, Info:  Boundary format not given in PUML file; inferring from array shape. 
Sat Sep 07 00:50:55, Info:  Using boundary format: i32 (4xi8) 
Sat Sep 07 00:50:55, Info:  Found 2685422 cells 
Sat Sep 07 00:50:55, Info:  Found 477078 vertices 
Sat Sep 07 00:50:57, Info:  Computing LTS weights. 
Sat Sep 07 00:50:59, Info:  Limiting number of clusters to 2147483646 
Sat Sep 07 00:50:59, Info:  Computing LTS weights. Done.  (108216 reductions.)
Sat Sep 07 00:50:59, Info:  Using the Parmetis partition library and strategy. 
Sat Sep 07 00:51:03, Info:  PUML mesh read in: 7.6506 s (min: 7.5897 s, max: 7.8134 s)
Sat Sep 07 00:51:03, Info:  The mesh has been read. Starting post processing. 
Sat Sep 07 00:51:03, Info:  Extracting fault information. 
Sat Sep 07 00:51:03, Info:  Exchanging ghostlayer metadata. 
Sat Sep 07 00:51:05, Info:  Mesh initialized in: 9.7424 s (min: 9.7423 s, max: 9.7429 s)
Sat Sep 07 00:51:05, Info:  End init mesh. 
Sat Sep 07 00:51:05, Info:  Begin init model. 
Sat Sep 07 00:51:05, Info:  Initialize LTS. 
Sat Sep 07 00:51:05, Info:  Deriving clusters ids for min. time step width / multiRate: 0.000213316 / 2 
Sat Sep 07 00:51:05, Info:  Due to wiggle factor of 1 the minimum timestep size is reduced to 0.000213316 
Sat Sep 07 00:51:05, Info:  Number of elements in time clusters: 
Sat Sep 07 00:51:05, Info:  0: 2088 
Sat Sep 07 00:51:05, Info:  1: 265401 
Sat Sep 07 00:51:05, Info:  2: 1618976 
Sat Sep 07 00:51:05, Info:  3: 538212 
Sat Sep 07 00:51:05, Info:  4: 147352 
Sat Sep 07 00:51:05, Info:  5: 35652 
Sat Sep 07 00:51:05, Info:  6: 11329 
Sat Sep 07 00:51:05, Info:  7: 18592 
Sat Sep 07 00:51:05, Info:  8: 47781 
Sat Sep 07 00:51:05, Info:  9: 39 
Sat Sep 07 00:51:05, Info:  maximum theoretical speedup (compared to GTS): 6.4313 per cell LTS, 4.34786 with the used clustering. 
Sat Sep 07 00:51:05, Info:  Number of elements in dynamic rupture time clusters: 
Sat Sep 07 00:51:05, Info:  0 (dr): 617 
Sat Sep 07 00:51:05, Info:  1 (dr): 78816 
Sat Sep 07 00:51:05, Info:  2 (dr): 309959 
Sat Sep 07 00:51:05, Info:  3 (dr): 2510 
Sat Sep 07 00:51:05, Info:  4 (dr): 0 
Sat Sep 07 00:51:05, Info:  5 (dr): 0 
Sat Sep 07 00:51:05, Info:  6 (dr): 0 
Sat Sep 07 00:51:05, Info:  7 (dr): 0 
Sat Sep 07 00:51:05, Info:  8 (dr): 0 
Sat Sep 07 00:51:05, Info:  9 (dr): 0 
Sat Sep 07 00:51:05, Info:  Initialize Friction Model 
Sat Sep 07 00:51:05, Info:  Initialize cell material parameters. 
Sat Sep 07 00:51:07, Info:  Initialize Memory layout. 
Sat Sep 07 00:51:07, Info:  Initialize cell-local matrices. 
Sat Sep 07 00:51:07, Info:  Initializing Fault, using a quadrature rule with  25  points. 
Sat Sep 07 00:53:47, Info:  Model initialized in: 2 min 42.4199 s (min: 2 min 42.4178 s, max: 2 min 42.4228 s)
Sat Sep 07 00:53:47, Info:  End init model. 
Sat Sep 07 00:53:47, Info:  Setting initial conditions. 
Sat Sep 07 00:53:47, Info:  Using initial condition "Zero" . 
Sat Sep 07 00:53:47, Info:  Reading source. 
Sat Sep 07 00:53:47, Info:  No source term specified. 
Sat Sep 07 00:53:47, Info:  Setting up boundary conditions. 
Sat Sep 07 00:53:47, Info:  Begin init output. 
Sat Sep 07 00:53:47, Info:  Initializing free surface integrator. 
Sat Sep 07 00:53:47, Info:  Initializing free surface integrator. Done. 
Sat Sep 07 00:53:47, Info:  Enabling 2D fault output 
Sat Sep 07 00:53:47, Info:  Initializing Fault output. Number of sub-triangles: 4 
Sat Sep 07 00:53:47, Info:  Initializing XDMF fault output. 
Sat Sep 07 00:53:47, Info:  Fault writer thread affinity: "----------|----------|----------|----------|-------7--|----------|----------|----------|----------|-----5" 
Sat Sep 07 00:53:47, Info:  Initializing XDMF fault output. Done. 
Sat Sep 07 00:53:47, Info:  Initializing free surface output. 
Sat Sep 07 00:53:47, Info:  Free surface writer thread affinity: "----------|----------|----------|----------|-------7--|----------|----------|----------|----------|-----5" 
Sat Sep 07 00:53:47, Info:  Initializing free surface output. Done. 
Sat Sep 07 00:53:47, Info:  No record points read. 
Sat Sep 07 00:53:47, Info:  Finding meshIds for receivers... 
Sat Sep 07 00:53:47, Info:  Cleaning possible double occurring receivers for MPI... 
Sat Sep 07 00:53:47, Info:  Mapping receivers to LTS cells... 
Sat Sep 07 00:53:47, Info:  Initializing energy output. 
Sat Sep 07 00:53:47, Info:  End init output. 
Sat Sep 07 00:53:47, Info:  Finishing initialization... 
Sat Sep 07 00:53:47, Info:  Starting simulation. 
Sat Sep 07 00:53:47, Info:  Writing faultoutput at time 0.
Sat Sep 07 00:53:47, Info:  Writing faultoutput at time 0. Done.
Sat Sep 07 00:53:47, Info:  Writing free surface at time 0.
Sat Sep 07 00:53:47, Info:  Writing free surface at time 0. Done.
Sat Sep 07 00:53:47, Info:  Writing energy output at time 0 
Sat Sep 07 00:53:47, Info:  Total momentum (X, Y, Z): 0  , 0  , 0 
Sat Sep 07 00:53:47, Info:  Writing energy output at time 0 Done. 
Sat Sep 07 00:53:47, Info:  Time spent for initial IO: 50.3919 ms (min: 41.3584 ms, max: 67.9785 ms)
Sat Sep 07 00:54:14, Info:  Writing faultoutput at time 0.5.
Sat Sep 07 00:54:14, Info:  Writing faultoutput at time 0.5. Done.
Sat Sep 07 00:54:14, Info:  Writing energy output at time 0.5 
Sat Sep 07 00:54:14, Info:  Elastic energy (total, % kinematic, % potential):  1.59015e+12  , 24.9466  , 75.0534 
Sat Sep 07 00:54:14, Info:  Total momentum (X, Y, Z): 0.00130865  , 0.00274776  , 0.00216683 
Sat Sep 07 00:54:14, Info:  Frictional work (total, % static, % radiated):  1.60876e+12  , 72.9148  , 27.0852 
Sat Sep 07 00:54:14, Info:  Seismic moment (without plasticity): 1.79729e+16  Mw: 4.76641 
Sat Sep 07 00:54:14, Info:  Writing energy output at time 0.5 Done. 
Sat Sep 07 00:54:14, Info:  Time spent this phase (total): 26.6265 s (min: 26.5951 s, max: 26.6489 s)
Sat Sep 07 00:54:14, Info:  Time spent this phase (compute): 26.5761 s (min: 26.5502 s, max: 26.5982 s)
Sat Sep 07 00:54:14, Info:  Time spent this phase (IO): 50.6157 ms (min: 39.7138 ms, max: 71.6723 ms)
Sat Sep 07 00:54:14, Info:  Performance since the start: 9.4527 TFLOP/s (rank 0: 596.4872 GFLOP/s , average over ranks: 590.7911 GFLOP/s ) 
Sat Sep 07 00:54:14, Info:  Performance since last sync point: 9.4527 TFLOP/s (rank 0: 596.4872 GFLOP/s , average over ranks: 590.7911 GFLOP/s ) 
Sat Sep 07 00:54:40, Info:  Writing faultoutput at time 1.
Sat Sep 07 00:54:40, Info:  Writing faultoutput at time 1. Done.
Sat Sep 07 00:54:40, Info:  Writing free surface at time 1.
Sat Sep 07 00:54:40, Info:  Writing free surface at time 1. Done.
Sat Sep 07 00:54:40, Info:  Writing energy output at time 1 
Sat Sep 07 00:54:40, Info:  Elastic energy (total, % kinematic, % potential):  1.21855e+13  , 24.0137  , 75.9863 
Sat Sep 07 00:54:40, Info:  Total momentum (X, Y, Z): 0.572219  , 0.343648  , -0.296745 
Sat Sep 07 00:54:40, Info:  Frictional work (total, % static, % radiated):  1.25958e+13  , 72.383  , 27.617 
Sat Sep 07 00:54:40, Info:  Seismic moment (without plasticity): 1.34396e+17  Mw: 5.34892 
Sat Sep 07 00:54:40, Info:  Writing energy output at time 1 Done. 
Sat Sep 07 00:54:40, Info:  Time spent this phase (total): 26.3691 s (min: 26.3552 s, max: 26.3908 s)
Sat Sep 07 00:54:40, Info:  Time spent this phase (compute): 26.3690 s (min: 26.3551 s, max: 26.3907 s)
Sat Sep 07 00:54:40, Info:  Time spent this phase (IO): 51.3511 ms (min: 39.8374 ms, max: 75.7317 ms)
Sat Sep 07 00:54:40, Info:  Performance since the start: 9.4986 TFLOP/s (rank 0: 599.6684 GFLOP/s , average over ranks: 593.6633 GFLOP/s ) 
Sat Sep 07 00:54:40, Info:  Performance since last sync point: 9.5450 TFLOP/s (rank 0: 602.8837 GFLOP/s , average over ranks: 596.5637 GFLOP/s ) 
Sat Sep 07 00:55:07, Info:  Writing faultoutput at time 1.5.
Sat Sep 07 00:55:07, Info:  Writing faultoutput at time 1.5. Done.
Sat Sep 07 00:55:07, Info:  Writing energy output at time 1.5 
Sat Sep 07 00:55:07, Info:  Elastic energy (total, % kinematic, % potential):  3.72756e+13  , 22.9453  , 77.0547 
Sat Sep 07 00:55:07, Info:  Total momentum (X, Y, Z): -0.184382  , -0.124537  , -0.137204 
Sat Sep 07 00:55:07, Info:  Frictional work (total, % static, % radiated):  3.8417e+13  , 73.6852  , 26.3148 
Sat Sep 07 00:55:07, Info:  Seismic moment (without plasticity): 4.22176e+17  Mw: 5.68033 
Sat Sep 07 00:55:07, Info:  Writing energy output at time 1.5 Done. 
Sat Sep 07 00:55:07, Info:  Time spent this phase (total): 26.3012 s (min: 26.2791 s, max: 26.3109 s)
Sat Sep 07 00:55:07, Info:  Time spent this phase (compute): 26.3012 s (min: 26.2789 s, max: 26.3108 s)
Sat Sep 07 00:55:07, Info:  Time spent this phase (IO): 50.2374 ms (min: 39.7370 ms, max: 72.4945 ms)
Sat Sep 07 00:55:07, Info:  Performance since the start: 9.5222 TFLOP/s (rank 0: 601.2147 GFLOP/s , average over ranks: 595.1344 GFLOP/s ) 
Sat Sep 07 00:55:07, Info:  Performance since last sync point: 9.5696 TFLOP/s (rank 0: 604.3312 GFLOP/s , average over ranks: 598.0987 GFLOP/s ) 
Sat Sep 07 00:55:33, Info:  Writing faultoutput at time 2.
Sat Sep 07 00:55:33, Info:  Writing faultoutput at time 2. Done.
Sat Sep 07 00:55:33, Info:  Writing free surface at time 2.
Sat Sep 07 00:55:33, Info:  Writing free surface at time 2. Done.
Sat Sep 07 00:55:33, Info:  Writing energy output at time 2 
Sat Sep 07 00:55:33, Info:  Elastic energy (total, % kinematic, % potential):  7.9159e+13  , 22.0754  , 77.9246 
Sat Sep 07 00:55:33, Info:  Total momentum (X, Y, Z): 0.340887  , 0.355411  , -0.213887 
Sat Sep 07 00:55:33, Info:  Frictional work (total, % static, % radiated):  8.126e+13  , 74.8599  , 25.1401 
Sat Sep 07 00:55:33, Info:  Seismic moment (without plasticity): 9.24102e+17  Mw: 5.90715 
Sat Sep 07 00:55:33, Info:  Writing energy output at time 2 Done. 
Sat Sep 07 00:55:33, Info:  Time spent this phase (total): 26.3192 s (min: 26.2970 s, max: 26.3526 s)
Sat Sep 07 00:55:33, Info:  Time spent this phase (compute): 26.3191 s (min: 26.2970 s, max: 26.3525 s)
Sat Sep 07 00:55:33, Info:  Time spent this phase (IO): 51.4430 ms (min: 39.7562 ms, max: 78.8862 ms)
Sat Sep 07 00:55:33, Info:  Performance since the start: 9.5324 TFLOP/s (rank 0: 601.9074 GFLOP/s , average over ranks: 595.7730 GFLOP/s ) 
Sat Sep 07 00:55:33, Info:  Performance since last sync point: 9.5632 TFLOP/s (rank 0: 603.9951 GFLOP/s , average over ranks: 597.6973 GFLOP/s ) 
Sat Sep 07 00:56:00, Info:  Writing faultoutput at time 2.5.
Sat Sep 07 00:56:00, Info:  Writing faultoutput at time 2.5. Done.
Sat Sep 07 00:56:00, Info:  Writing energy output at time 2.5 
Sat Sep 07 00:56:00, Info:  Elastic energy (total, % kinematic, % potential):  1.42651e+14  , 22.3603  , 77.6397 
Sat Sep 07 00:56:00, Info:  Total momentum (X, Y, Z): -12.6162  , -5.04098  , 9.01512 
Sat Sep 07 00:56:00, Info:  Frictional work (total, % static, % radiated):  1.46274e+14  , 74.7492  , 25.2508 
Sat Sep 07 00:56:00, Info:  Seismic moment (without plasticity): 1.7072e+18  Mw: 6.08486 
Sat Sep 07 00:56:00, Info:  Writing energy output at time 2.5 Done. 
Sat Sep 07 00:56:00, Info:  Time spent this phase (total): 26.4989 s (min: 26.4663 s, max: 26.5341 s)
Sat Sep 07 00:56:00, Info:  Time spent this phase (compute): 26.4988 s (min: 26.4663 s, max: 26.5340 s)
Sat Sep 07 00:56:00, Info:  Time spent this phase (IO): 49.0349 ms (min: 39.6659 ms, max: 67.2808 ms)
Sat Sep 07 00:56:00, Info:  Performance since the start: 9.5255 TFLOP/s (rank 0: 601.3960 GFLOP/s , average over ranks: 595.3445 GFLOP/s ) 
Sat Sep 07 00:56:00, Info:  Performance since last sync point: 9.4982 TFLOP/s (rank 0: 599.3589 GFLOP/s , average over ranks: 593.6373 GFLOP/s ) 
Sat Sep 07 00:56:26, Info:  Writing faultoutput at time 3.
Sat Sep 07 00:56:26, Info:  Writing faultoutput at time 3. Done.
Sat Sep 07 00:56:26, Info:  Writing free surface at time 3.
Sat Sep 07 00:56:26, Info:  Writing free surface at time 3. Done.
Sat Sep 07 00:56:26, Info:  Writing energy output at time 3 
Sat Sep 07 00:56:26, Info:  Elastic energy (total, % kinematic, % potential):  2.32015e+14  , 23.0712  , 76.9288 
Sat Sep 07 00:56:26, Info:  Total momentum (X, Y, Z): -31.7364  , -12.2239  , 26.5757 
Sat Sep 07 00:56:26, Info:  Frictional work (total, % static, % radiated):  2.37784e+14  , 73.8  , 26.2 
Sat Sep 07 00:56:26, Info:  Seismic moment (without plasticity): 2.84879e+18  Mw: 6.23311 
Sat Sep 07 00:56:26, Info:  Writing energy output at time 3 Done. 
Sat Sep 07 00:56:26, Info:  Time spent this phase (total): 26.3543 s (min: 26.3311 s, max: 26.3967 s)
Sat Sep 07 00:56:26, Info:  Time spent this phase (compute): 26.3542 s (min: 26.3310 s, max: 26.3966 s)
Sat Sep 07 00:56:26, Info:  Time spent this phase (IO): 50.9703 ms (min: 39.8105 ms, max: 72.3715 ms)
Sat Sep 07 00:56:26, Info:  Performance since the start: 9.5296 TFLOP/s (rank 0: 601.7541 GFLOP/s , average over ranks: 595.6024 GFLOP/s ) 
Sat Sep 07 00:56:26, Info:  Performance since last sync point: 9.5503 TFLOP/s (rank 0: 603.5515 GFLOP/s , average over ranks: 596.8957 GFLOP/s ) 
Sat Sep 07 00:56:52, Info:  Writing faultoutput at time 3.5.
Sat Sep 07 00:56:52, Info:  Writing faultoutput at time 3.5. Done.
Sat Sep 07 00:56:52, Info:  Writing energy output at time 3.5 
Sat Sep 07 00:56:52, Info:  Elastic energy (total, % kinematic, % potential):  3.47339e+14  , 23.6788  , 76.3212 
Sat Sep 07 00:56:52, Info:  Total momentum (X, Y, Z): -70.7761  , -25.0238  , 57.6405 
Sat Sep 07 00:56:52, Info:  Frictional work (total, % static, % radiated):  3.56434e+14  , 72.5414  , 27.4586 
Sat Sep 07 00:56:52, Info:  Seismic moment (without plasticity): 4.40509e+18  Mw: 6.3593 
Sat Sep 07 00:56:52, Info:  Writing energy output at time 3.5 Done. 
Sat Sep 07 00:56:52, Info:  Time spent this phase (total): 26.3372 s (min: 26.2953 s, max: 26.3590 s)
Sat Sep 07 00:56:52, Info:  Time spent this phase (compute): 26.3371 s (min: 26.2953 s, max: 26.3589 s)
Sat Sep 07 00:56:52, Info:  Time spent this phase (IO): 49.2196 ms (min: 39.6854 ms, max: 67.3111 ms)
Sat Sep 07 00:56:52, Info:  Performance since the start: 9.5335 TFLOP/s (rank 0: 601.9585 GFLOP/s , average over ranks: 595.8422 GFLOP/s ) 
Sat Sep 07 00:56:52, Info:  Performance since last sync point: 9.5566 TFLOP/s (rank 0: 603.1878 GFLOP/s , average over ranks: 597.2858 GFLOP/s ) 
Sat Sep 07 00:57:18, Info:  Writing faultoutput at time 4.
Sat Sep 07 00:57:18, Info:  Writing faultoutput at time 4. Done.
Sat Sep 07 00:57:18, Info:  Writing free surface at time 4.
Sat Sep 07 00:57:18, Info:  Writing free surface at time 4. Done.
Sat Sep 07 00:57:18, Info:  Writing energy output at time 4 
Sat Sep 07 00:57:19, Info:  Elastic energy (total, % kinematic, % potential):  4.86876e+14  , 24.2719  , 75.7281 
Sat Sep 07 00:57:19, Info:  Total momentum (X, Y, Z): -141.015  , -43.7919  , 115.63 
Sat Sep 07 00:57:19, Info:  Frictional work (total, % static, % radiated):  5.00022e+14  , 71.6138  , 28.3862 
Sat Sep 07 00:57:19, Info:  Seismic moment (without plasticity): 6.4262e+18  Mw: 6.46864 
Sat Sep 07 00:57:19, Info:  Writing energy output at time 4 Done. 
Sat Sep 07 00:57:19, Info:  Time spent this phase (total): 26.2912 s (min: 26.2856 s, max: 26.3119 s)
Sat Sep 07 00:57:19, Info:  Time spent this phase (compute): 26.2911 s (min: 26.2856 s, max: 26.3119 s)
Sat Sep 07 00:57:19, Info:  Time spent this phase (IO): 50.1897 ms (min: 39.8176 ms, max: 70.9066 ms)
Sat Sep 07 00:57:19, Info:  Performance since the start: 9.5384 TFLOP/s (rank 0: 602.2924 GFLOP/s , average over ranks: 596.1518 GFLOP/s ) 
Sat Sep 07 00:57:19, Info:  Performance since last sync point: 9.5732 TFLOP/s (rank 0: 604.6396 GFLOP/s , average over ranks: 598.3280 GFLOP/s ) 
Sat Sep 07 00:57:45, Info:  Writing faultoutput at time 4.5.
Sat Sep 07 00:57:45, Info:  Writing faultoutput at time 4.5. Done.
Sat Sep 07 00:57:45, Info:  Writing energy output at time 4.5 
Sat Sep 07 00:57:45, Info:  Elastic energy (total, % kinematic, % potential):  6.53495e+14  , 25.0536  , 74.9464 
Sat Sep 07 00:57:45, Info:  Total momentum (X, Y, Z): -76.9458  , 19.7714  , 111.604 
Sat Sep 07 00:57:45, Info:  Frictional work (total, % static, % radiated):  6.71685e+14  , 70.8489  , 29.1511 
Sat Sep 07 00:57:45, Info:  Seismic moment (without plasticity): 8.99199e+18  Mw: 6.5659 
Sat Sep 07 00:57:45, Info:  Writing energy output at time 4.5 Done. 
Sat Sep 07 00:57:45, Info:  Time spent this phase (total): 26.1848 s (min: 26.1652 s, max: 26.2115 s)
Sat Sep 07 00:57:45, Info:  Time spent this phase (compute): 26.1847 s (min: 26.1652 s, max: 26.2115 s)
Sat Sep 07 00:57:45, Info:  Time spent this phase (IO): 50.7002 ms (min: 39.6870 ms, max: 70.0137 ms)
Sat Sep 07 00:57:45, Info:  Performance since the start: 9.5466 TFLOP/s (rank 0: 602.8669 GFLOP/s , average over ranks: 596.6604 GFLOP/s ) 
Sat Sep 07 00:57:45, Info:  Performance since last sync point: 9.6122 TFLOP/s (rank 0: 607.5027 GFLOP/s , average over ranks: 600.7606 GFLOP/s ) 
Sat Sep 07 00:58:11, Info:  Writing faultoutput at time 5.
Sat Sep 07 00:58:11, Info:  Writing faultoutput at time 5. Done.
Sat Sep 07 00:58:11, Info:  Writing free surface at time 5.
Sat Sep 07 00:58:11, Info:  Writing free surface at time 5. Done.
Sat Sep 07 00:58:11, Info:  Writing energy output at time 5 
Sat Sep 07 00:58:11, Info:  Elastic energy (total, % kinematic, % potential):  8.49758e+14  , 25.6128  , 74.3872 
Sat Sep 07 00:58:11, Info:  Total momentum (X, Y, Z): -17.9637  , 139.988  , -131.485 
Sat Sep 07 00:58:11, Info:  Frictional work (total, % static, % radiated):  8.73209e+14  , 70.2184  , 29.7816 
Sat Sep 07 00:58:11, Info:  Seismic moment (without plasticity): 1.21489e+19  Mw: 6.65302 
Sat Sep 07 00:58:11, Info:  Writing energy output at time 5 Done. 
Sat Sep 07 00:58:11, Info:  Time spent this phase (total): 26.6726 s (min: 26.6278 s, max: 26.7037 s)
Sat Sep 07 00:58:11, Info:  Time spent this phase (compute): 26.6726 s (min: 26.6278 s, max: 26.7037 s)
Sat Sep 07 00:58:11, Info:  Time spent this phase (IO): 50.7594 ms (min: 39.8560 ms, max: 76.5347 ms)
Sat Sep 07 00:58:11, Info:  Performance since the start: 9.5354 TFLOP/s (rank 0: 602.1428 GFLOP/s , average over ranks: 595.9647 GFLOP/s ) 
Sat Sep 07 00:58:11, Info:  Performance since last sync point: 9.4364 TFLOP/s (rank 0: 595.7039 GFLOP/s , average over ranks: 589.7763 GFLOP/s ) 
Sat Sep 07 00:58:38, Info:  Writing faultoutput at time 5.5.
Sat Sep 07 00:58:38, Info:  Writing faultoutput at time 5.5. Done.
Sat Sep 07 00:58:38, Info:  Writing energy output at time 5.5 
Sat Sep 07 00:58:38, Info:  Elastic energy (total, % kinematic, % potential):  1.08004e+15  , 26.0642  , 73.9358 
Sat Sep 07 00:58:38, Info:  Total momentum (X, Y, Z): 203.269  , 43.0565  , 580.125 
Sat Sep 07 00:58:38, Info:  Frictional work (total, % static, % radiated):  1.11006e+15  , 69.4573  , 30.5427 
Sat Sep 07 00:58:38, Info:  Seismic moment (without plasticity): 1.59471e+19  Mw: 6.73179 
Sat Sep 07 00:58:38, Info:  Writing energy output at time 5.5 Done. 
Sat Sep 07 00:58:38, Info:  Time spent this phase (total): 26.2406 s (min: 26.2170 s, max: 26.2675 s)
Sat Sep 07 00:58:38, Info:  Time spent this phase (compute): 26.2406 s (min: 26.2170 s, max: 26.2674 s)
Sat Sep 07 00:58:38, Info:  Time spent this phase (IO): 51.0581 ms (min: 39.7277 ms, max: 78.5179 ms)
Sat Sep 07 00:58:38, Info:  Performance since the start: 9.5405 TFLOP/s (rank 0: 602.4759 GFLOP/s , average over ranks: 596.2825 GFLOP/s ) 
Sat Sep 07 00:58:38, Info:  Performance since last sync point: 9.5917 TFLOP/s (rank 0: 605.8265 GFLOP/s , average over ranks: 599.4797 GFLOP/s ) 
Sat Sep 07 00:59:04, Info:  Writing faultoutput at time 6.
Sat Sep 07 00:59:04, Info:  Writing faultoutput at time 6. Done.
Sat Sep 07 00:59:04, Info:  Writing free surface at time 6.
Sat Sep 07 00:59:04, Info:  Writing free surface at time 6. Done.
Sat Sep 07 00:59:04, Info:  Writing energy output at time 6 
Sat Sep 07 00:59:04, Info:  Elastic energy (total, % kinematic, % potential):  1.35577e+15  , 26.5711  , 73.4289 
Sat Sep 07 00:59:04, Info:  Total momentum (X, Y, Z): -395.401  , 737.608  , -171.125 
Sat Sep 07 00:59:04, Info:  Frictional work (total, % static, % radiated):  1.3945e+15  , 68.5324  , 31.4676 
Sat Sep 07 00:59:04, Info:  Seismic moment (without plasticity): 2.04572e+19  Mw: 6.8039 
Sat Sep 07 00:59:04, Info:  Writing energy output at time 6 Done. 
Sat Sep 07 00:59:04, Info:  Time spent this phase (total): 26.4726 s (min: 26.4530 s, max: 26.4899 s)
Sat Sep 07 00:59:04, Info:  Time spent this phase (compute): 26.4725 s (min: 26.4529 s, max: 26.4898 s)
Sat Sep 07 00:59:04, Info:  Time spent this phase (IO): 49.5104 ms (min: 39.8651 ms, max: 69.8272 ms)
Sat Sep 07 00:59:04, Info:  Performance since the start: 9.5378 TFLOP/s (rank 0: 602.3221 GFLOP/s , average over ranks: 596.1111 GFLOP/s ) 
Sat Sep 07 00:59:04, Info:  Performance since last sync point: 9.5077 TFLOP/s (rank 0: 600.6365 GFLOP/s , average over ranks: 594.2320 GFLOP/s ) 
Sat Sep 07 00:59:30, Info:  Writing faultoutput at time 6.5.
Sat Sep 07 00:59:30, Info:  Writing faultoutput at time 6.5. Done.
Sat Sep 07 00:59:30, Info:  Writing energy output at time 6.5 
Sat Sep 07 00:59:31, Info:  Elastic energy (total, % kinematic, % potential):  1.6775e+15  , 26.8699  , 73.1301 
Sat Sep 07 00:59:31, Info:  Total momentum (X, Y, Z): 2155.82  , -941.148  , -5871.41 
Sat Sep 07 00:59:31, Info:  Frictional work (total, % static, % radiated):  1.7264e+15  , 67.5621  , 32.4379 
Sat Sep 07 00:59:31, Info:  Seismic moment (without plasticity): 2.56797e+19  Mw: 6.86973 
Sat Sep 07 00:59:31, Info:  Writing energy output at time 6.5 Done. 
Sat Sep 07 00:59:31, Info:  Time spent this phase (total): 26.3687 s (min: 26.3468 s, max: 26.3930 s)
Sat Sep 07 00:59:31, Info:  Time spent this phase (compute): 26.3686 s (min: 26.3467 s, max: 26.3930 s)
Sat Sep 07 00:59:31, Info:  Time spent this phase (IO): 51.3695 ms (min: 41.9257 ms, max: 69.3041 ms)
Sat Sep 07 00:59:31, Info:  Performance since the start: 9.5383 TFLOP/s (rank 0: 602.3259 GFLOP/s , average over ranks: 596.1463 GFLOP/s ) 
Sat Sep 07 00:59:31, Info:  Performance since last sync point: 9.5451 TFLOP/s (rank 0: 602.3708 GFLOP/s , average over ranks: 596.5688 GFLOP/s ) 
Sat Sep 07 00:59:57, Info:  Writing faultoutput at time 7.
Sat Sep 07 00:59:57, Info:  Writing faultoutput at time 7. Done.
Sat Sep 07 00:59:57, Info:  Writing free surface at time 7.
Sat Sep 07 00:59:57, Info:  Writing free surface at time 7. Done.
Sat Sep 07 00:59:57, Info:  Writing energy output at time 7 
Sat Sep 07 00:59:57, Info:  Elastic energy (total, % kinematic, % potential):  2.03847e+15  , 26.7537  , 73.2463 
Sat Sep 07 00:59:57, Info:  Total momentum (X, Y, Z): -6714.86  , 4744.92  , 28585.8 
Sat Sep 07 00:59:57, Info:  Frictional work (total, % static, % radiated):  2.09812e+15  , 66.4798  , 33.5202 
Sat Sep 07 00:59:57, Info:  Seismic moment (without plasticity): 3.12585e+19  Mw: 6.92665 
Sat Sep 07 00:59:57, Info:  Writing energy output at time 7 Done. 
Sat Sep 07 00:59:57, Info:  Time spent this phase (total): 26.3803 s (min: 26.3702 s, max: 26.4070 s)
Sat Sep 07 00:59:57, Info:  Time spent this phase (compute): 26.3802 s (min: 26.3701 s, max: 26.4069 s)
Sat Sep 07 00:59:57, Info:  Time spent this phase (IO): 50.7767 ms (min: 39.7971 ms, max: 73.7527 ms)
Sat Sep 07 00:59:57, Info:  Performance since the start: 9.5385 TFLOP/s (rank 0: 602.3457 GFLOP/s , average over ranks: 596.1577 GFLOP/s ) 
Sat Sep 07 00:59:57, Info:  Performance since last sync point: 9.5409 TFLOP/s (rank 0: 602.6030 GFLOP/s , average over ranks: 596.3068 GFLOP/s ) 
Sat Sep 07 01:00:23, Info:  Writing faultoutput at time 7.5.
Sat Sep 07 01:00:23, Info:  Writing faultoutput at time 7.5. Done.
Sat Sep 07 01:00:23, Info:  Writing energy output at time 7.5 
Sat Sep 07 01:00:23, Info:  Elastic energy (total, % kinematic, % potential):  2.42209e+15  , 26.5623  , 73.4377 
Sat Sep 07 01:00:23, Info:  Total momentum (X, Y, Z): 21822.1  , -15012  , -67510.5 
Sat Sep 07 01:00:23, Info:  Frictional work (total, % static, % radiated):  2.49276e+15  , 65.5665  , 34.4335 
Sat Sep 07 01:00:23, Info:  Seismic moment (without plasticity): 3.70976e+19  Mw: 6.97623 
Sat Sep 07 01:00:23, Info:  Writing energy output at time 7.5 Done. 
Sat Sep 07 01:00:23, Info:  Time spent this phase (total): 26.3298 s (min: 26.3151 s, max: 26.3356 s)
Sat Sep 07 01:00:23, Info:  Time spent this phase (compute): 26.3294 s (min: 26.3150 s, max: 26.3355 s)
Sat Sep 07 01:00:23, Info:  Time spent this phase (IO): 49.3812 ms (min: 40.5986 ms, max: 66.9662 ms)
Sat Sep 07 01:00:23, Info:  Performance since the start: 9.5399 TFLOP/s (rank 0: 602.4398 GFLOP/s , average over ranks: 596.2439 GFLOP/s ) 
Sat Sep 07 01:00:23, Info:  Performance since last sync point: 9.5592 TFLOP/s (rank 0: 603.7609 GFLOP/s , average over ranks: 597.4523 GFLOP/s ) 
Sat Sep 07 01:00:50, Info:  Writing faultoutput at time 8.
Sat Sep 07 01:00:50, Info:  Writing faultoutput at time 8. Done.
Sat Sep 07 01:00:50, Info:  Writing free surface at time 8.
Sat Sep 07 01:00:50, Info:  Writing free surface at time 8. Done.
Sat Sep 07 01:00:50, Info:  Writing energy output at time 8 
Sat Sep 07 01:00:50, Info:  Elastic energy (total, % kinematic, % potential):  2.81134e+15  , 26.3504  , 73.6496 
Sat Sep 07 01:00:50, Info:  Total momentum (X, Y, Z): -54257.6  , 47926  , 1233.6 
Sat Sep 07 01:00:50, Info:  Frictional work (total, % static, % radiated):  2.89391e+15  , 64.8861  , 35.1139 
Sat Sep 07 01:00:50, Info:  Seismic moment (without plasticity): 4.3188e+19  Mw: 7.02024 
Sat Sep 07 01:00:50, Info:  Writing energy output at time 8 Done. 
Sat Sep 07 01:00:50, Info:  Time spent this phase (total): 26.4338 s (min: 26.4036 s, max: 26.4466 s)
Sat Sep 07 01:00:50, Info:  Time spent this phase (compute): 26.4337 s (min: 26.4035 s, max: 26.4462 s)
Sat Sep 07 01:00:50, Info:  Time spent this phase (IO): 50.9521 ms (min: 40.6986 ms, max: 76.6786 ms)
Sat Sep 07 01:00:50, Info:  Performance since the start: 9.5388 TFLOP/s (rank 0: 602.3529 GFLOP/s , average over ranks: 596.1724 GFLOP/s ) 
Sat Sep 07 01:00:50, Info:  Performance since last sync point: 9.5216 TFLOP/s (rank 0: 601.0519 GFLOP/s , average over ranks: 595.1024 GFLOP/s ) 
Sat Sep 07 01:01:16, Info:  Writing faultoutput at time 8.5.
Sat Sep 07 01:01:16, Info:  Writing faultoutput at time 8.5. Done.
Sat Sep 07 01:01:16, Info:  Writing energy output at time 8.5 
Sat Sep 07 01:01:16, Info:  Elastic energy (total, % kinematic, % potential):  3.19752e+15  , 26.1435  , 73.8565 
Sat Sep 07 01:01:16, Info:  Total momentum (X, Y, Z): 108036  , -102436  , 704741 
Sat Sep 07 01:01:16, Info:  Frictional work (total, % static, % radiated):  3.29187e+15  , 64.4143  , 35.5857 
Sat Sep 07 01:01:16, Info:  Seismic moment (without plasticity): 4.95387e+19  Mw: 7.05996 
Sat Sep 07 01:01:16, Info:  Writing energy output at time 8.5 Done. 
Sat Sep 07 01:01:16, Info:  Time spent this phase (total): 26.4910 s (min: 26.4684 s, max: 26.5393 s)
Sat Sep 07 01:01:16, Info:  Time spent this phase (compute): 26.4910 s (min: 26.4680 s, max: 26.5392 s)
Sat Sep 07 01:01:16, Info:  Time spent this phase (IO): 51.1685 ms (min: 40.6042 ms, max: 73.6841 ms)
Sat Sep 07 01:01:16, Info:  Performance since the start: 9.5365 TFLOP/s (rank 0: 602.2469 GFLOP/s , average over ranks: 596.0331 GFLOP/s ) 
Sat Sep 07 01:01:16, Info:  Performance since last sync point: 9.5010 TFLOP/s (rank 0: 600.5559 GFLOP/s , average over ranks: 593.8146 GFLOP/s ) 
Sat Sep 07 01:01:42, Info:  Writing faultoutput at time 9.
Sat Sep 07 01:01:42, Info:  Writing faultoutput at time 9. Done.
Sat Sep 07 01:01:42, Info:  Writing free surface at time 9.
Sat Sep 07 01:01:42, Info:  Writing free surface at time 9. Done.
Sat Sep 07 01:01:42, Info:  Writing energy output at time 9 
Sat Sep 07 01:01:43, Info:  Elastic energy (total, % kinematic, % potential):  3.58751e+15  , 25.9409  , 74.0591 
Sat Sep 07 01:01:43, Info:  Total momentum (X, Y, Z): -141654  , 150085  , -3.49118e+06 
Sat Sep 07 01:01:43, Info:  Frictional work (total, % static, % radiated):  3.69435e+15  , 64.0234  , 35.9766 
Sat Sep 07 01:01:43, Info:  Seismic moment (without plasticity): 5.61839e+19  Mw: 7.09641 
Sat Sep 07 01:01:43, Info:  Writing energy output at time 9 Done. 
Sat Sep 07 01:01:43, Info:  Time spent this phase (total): 26.4080 s (min: 26.3995 s, max: 26.4182 s)
Sat Sep 07 01:01:43, Info:  Time spent this phase (compute): 26.4079 s (min: 26.3994 s, max: 26.4181 s)
Sat Sep 07 01:01:43, Info:  Time spent this phase (IO): 53.2571 ms (min: 40.7320 ms, max: 79.8861 ms)
Sat Sep 07 01:01:43, Info:  Performance since the start: 9.5362 TFLOP/s (rank 0: 602.2290 GFLOP/s , average over ranks: 596.0137 GFLOP/s ) 
Sat Sep 07 01:01:43, Info:  Performance since last sync point: 9.5309 TFLOP/s (rank 0: 601.9242 GFLOP/s , average over ranks: 595.6830 GFLOP/s ) 
Sat Sep 07 01:02:09, Info:  Writing faultoutput at time 9.5.
Sat Sep 07 01:02:09, Info:  Writing faultoutput at time 9.5. Done.
Sat Sep 07 01:02:09, Info:  Writing energy output at time 9.5 
Sat Sep 07 01:02:09, Info:  Elastic energy (total, % kinematic, % potential):  3.99353e+15  , 25.6926  , 74.3074 
Sat Sep 07 01:02:09, Info:  Total momentum (X, Y, Z): 42344.2  , -182137  , 1.05985e+07 
Sat Sep 07 01:02:09, Info:  Frictional work (total, % static, % radiated):  4.11356e+15  , 63.645  , 36.355 
Sat Sep 07 01:02:09, Info:  Seismic moment (without plasticity): 6.31497e+19  Mw: 7.13025 
Sat Sep 07 01:02:09, Info:  Writing energy output at time 9.5 Done. 
Sat Sep 07 01:02:09, Info:  Time spent this phase (total): 26.3142 s (min: 26.2885 s, max: 26.3693 s)
Sat Sep 07 01:02:09, Info:  Time spent this phase (compute): 26.3142 s (min: 26.2884 s, max: 26.3692 s)
Sat Sep 07 01:02:09, Info:  Time spent this phase (IO): 56.9183 ms (min: 40.5804 ms, max: 93.6358 ms)
Sat Sep 07 01:02:09, Info:  Performance since the start: 9.5377 TFLOP/s (rank 0: 602.3060 GFLOP/s , average over ranks: 596.1079 GFLOP/s ) 
Sat Sep 07 01:02:09, Info:  Performance since last sync point: 9.5649 TFLOP/s (rank 0: 603.6959 GFLOP/s , average over ranks: 597.8093 GFLOP/s ) 
Sat Sep 07 01:02:35, Info:  Writing faultoutput at time 10.
Sat Sep 07 01:02:35, Info:  Writing faultoutput at time 10. Done.
Sat Sep 07 01:02:35, Info:  Writing free surface at time 10.
Sat Sep 07 01:02:35, Info:  Writing free surface at time 10. Done.
Sat Sep 07 01:02:35, Info:  Wrote receivers in 4.44e-07 seconds. 
Sat Sep 07 01:02:35, Info:  Writing energy output at time 10 
Sat Sep 07 01:02:35, Info:  Elastic energy (total, % kinematic, % potential):  4.41991e+15  , 25.4179  , 74.5821 
Sat Sep 07 01:02:35, Info:  Total momentum (X, Y, Z): 628065  , 447762  , -2.02976e+07 
Sat Sep 07 01:02:35, Info:  Frictional work (total, % static, % radiated):  4.55374e+15  , 63.309  , 36.691 
Sat Sep 07 01:02:35, Info:  Seismic moment (without plasticity): 7.04431e+19  Mw: 7.16189 
Sat Sep 07 01:02:35, Info:  Writing energy output at time 10 Done. 
Sat Sep 07 01:02:35, Info:  Time spent this phase (total): 26.2615 s (min: 26.2233 s, max: 26.2903 s)
Sat Sep 07 01:02:35, Info:  Time spent this phase (compute): 26.2614 s (min: 26.2232 s, max: 26.2903 s)
Sat Sep 07 01:02:35, Info:  Time spent this phase (IO): 51.0107 ms (min: 40.8290 ms, max: 75.5551 ms)
Sat Sep 07 01:02:35, Info:  Performance since the start: 9.5400 TFLOP/s (rank 0: 602.4799 GFLOP/s , average over ranks: 596.2521 GFLOP/s ) 
Sat Sep 07 01:02:35, Info:  Performance since last sync point: 9.5841 TFLOP/s (rank 0: 605.8036 GFLOP/s , average over ranks: 599.0051 GFLOP/s ) 
Sat Sep 07 01:03:01, Info:  Writing faultoutput at time 10.5.
Sat Sep 07 01:03:01, Info:  Writing faultoutput at time 10.5. Done.
Sat Sep 07 01:03:01, Info:  Writing energy output at time 10.5 
Sat Sep 07 01:03:01, Info:  Elastic energy (total, % kinematic, % potential):  4.87237e+15  , 25.092  , 74.908 
Sat Sep 07 01:03:01, Info:  Total momentum (X, Y, Z): -2.73099e+06  , -713437  , 2.86004e+06 
Sat Sep 07 01:03:01, Info:  Frictional work (total, % static, % radiated):  5.02047e+15  , 63.0014  , 36.9986 
Sat Sep 07 01:03:01, Info:  Seismic moment (without plasticity): 7.80866e+19  Mw: 7.19172 
Sat Sep 07 01:03:01, Info:  Writing energy output at time 10.5 Done. 
Sat Sep 07 01:03:01, Info:  Time spent this phase (total): 26.3044 s (min: 26.2766 s, max: 26.3300 s)
Sat Sep 07 01:03:01, Info:  Time spent this phase (compute): 26.3043 s (min: 26.2766 s, max: 26.3299 s)
Sat Sep 07 01:03:01, Info:  Time spent this phase (IO): 50.4133 ms (min: 40.6129 ms, max: 68.4887 ms)
Sat Sep 07 01:03:01, Info:  Performance since the start: 9.5414 TFLOP/s (rank 0: 602.5650 GFLOP/s , average over ranks: 596.3364 GFLOP/s ) 
Sat Sep 07 01:03:01, Info:  Performance since last sync point: 9.5685 TFLOP/s (rank 0: 604.2727 GFLOP/s , average over ranks: 598.0291 GFLOP/s ) 
Sat Sep 07 01:03:28, Info:  Writing faultoutput at time 11.
Sat Sep 07 01:03:28, Info:  Writing faultoutput at time 11. Done.
Sat Sep 07 01:03:28, Info:  Writing free surface at time 11.
Sat Sep 07 01:03:28, Info:  Writing free surface at time 11. Done.
Sat Sep 07 01:03:28, Info:  Writing energy output at time 11 
Sat Sep 07 01:03:28, Info:  Elastic energy (total, % kinematic, % potential):  5.35021e+15  , 24.7411  , 75.2589 
Sat Sep 07 01:03:28, Info:  Total momentum (X, Y, Z): 6.34207e+06  , -2.84273e+06  , 1.37205e+08 
Sat Sep 07 01:03:28, Info:  Frictional work (total, % static, % radiated):  5.51281e+15  , 62.6608  , 37.3392 
Sat Sep 07 01:03:28, Info:  Seismic moment (without plasticity): 8.6065e+19  Mw: 7.21988 
Sat Sep 07 01:03:28, Info:  Writing energy output at time 11 Done. 
Sat Sep 07 01:03:28, Info:  Time spent this phase (total): 26.4537 s (min: 26.4352 s, max: 26.4754 s)
Sat Sep 07 01:03:28, Info:  Time spent this phase (compute): 26.4536 s (min: 26.4352 s, max: 26.4749 s)
Sat Sep 07 01:03:28, Info:  Time spent this phase (IO): 50.6658 ms (min: 40.8001 ms, max: 71.0387 ms)
Sat Sep 07 01:03:28, Info:  Performance since the start: 9.5402 TFLOP/s (rank 0: 602.4662 GFLOP/s , average over ranks: 596.2597 GFLOP/s ) 
Sat Sep 07 01:03:28, Info:  Performance since last sync point: 9.5144 TFLOP/s (rank 0: 600.3980 GFLOP/s , average over ranks: 594.6528 GFLOP/s ) 
Sat Sep 07 01:03:54, Info:  Writing faultoutput at time 11.5.
Sat Sep 07 01:03:54, Info:  Writing faultoutput at time 11.5. Done.
Sat Sep 07 01:03:54, Info:  Writing energy output at time 11.5 
Sat Sep 07 01:03:54, Info:  Elastic energy (total, % kinematic, % potential):  5.84746e+15  , 24.3909  , 75.6091 
Sat Sep 07 01:03:54, Info:  Total momentum (X, Y, Z): -5.3764e+06  , 1.69972e+07  , -4.26436e+08 
Sat Sep 07 01:03:54, Info:  Frictional work (total, % static, % radiated):  6.02618e+15  , 62.3572  , 37.6428 
Sat Sep 07 01:03:54, Info:  Seismic moment (without plasticity): 9.43269e+19  Mw: 7.24642 
Sat Sep 07 01:03:54, Info:  Writing energy output at time 11.5 Done. 
Sat Sep 07 01:03:54, Info:  Time spent this phase (total): 26.4895 s (min: 26.4656 s, max: 26.5045 s)
Sat Sep 07 01:03:54, Info:  Time spent this phase (compute): 26.4894 s (min: 26.4655 s, max: 26.5044 s)
Sat Sep 07 01:03:54, Info:  Time spent this phase (IO): 49.6249 ms (min: 40.6239 ms, max: 70.0623 ms)
Sat Sep 07 01:03:54, Info:  Performance since the start: 9.5385 TFLOP/s (rank 0: 602.3825 GFLOP/s , average over ranks: 596.1547 GFLOP/s ) 
Sat Sep 07 01:03:54, Info:  Performance since last sync point: 9.5017 TFLOP/s (rank 0: 600.5466 GFLOP/s , average over ranks: 593.8535 GFLOP/s ) 
Sat Sep 07 01:04:21, Info:  Writing faultoutput at time 12.
Sat Sep 07 01:04:21, Info:  Writing faultoutput at time 12. Done.
Sat Sep 07 01:04:21, Info:  Writing free surface at time 12.
Sat Sep 07 01:04:21, Info:  Writing free surface at time 12. Done.
Sat Sep 07 01:04:21, Info:  Writing energy output at time 12 
Sat Sep 07 01:04:21, Info:  Elastic energy (total, % kinematic, % potential):  6.36551e+15  , 24.0553  , 75.9447 
Sat Sep 07 01:04:21, Info:  Total momentum (X, Y, Z): 3.84032e+09  , 1.70008e+09  , -3.43883e+09 
Sat Sep 07 01:04:21, Info:  Frictional work (total, % static, % radiated):  6.56147e+15  , 62.0969  , 37.9031 
Sat Sep 07 01:04:21, Info:  Seismic moment (without plasticity): 1.02831e+20  Mw: 7.27142 
Sat Sep 07 01:04:21, Info:  Writing energy output at time 12 Done. 
Sat Sep 07 01:04:21, Info:  Time spent this phase (total): 26.4262 s (min: 26.4106 s, max: 26.4523 s)
Sat Sep 07 01:04:21, Info:  Time spent this phase (compute): 26.4262 s (min: 26.4105 s, max: 26.4520 s)
Sat Sep 07 01:04:21, Info:  Time spent this phase (IO): 51.3813 ms (min: 40.6881 ms, max: 76.7934 ms)
Sat Sep 07 01:04:21, Info:  Performance since the start: 9.5379 TFLOP/s (rank 0: 602.3215 GFLOP/s , average over ranks: 596.1177 GFLOP/s ) 
Sat Sep 07 01:04:21, Info:  Performance since last sync point: 9.5243 TFLOP/s (rank 0: 600.9215 GFLOP/s , average over ranks: 595.2686 GFLOP/s ) 
Sat Sep 07 01:04:47, Info:  Writing faultoutput at time 12.5.
Sat Sep 07 01:04:47, Info:  Writing faultoutput at time 12.5. Done.
Sat Sep 07 01:04:47, Info:  Writing energy output at time 12.5 
Sat Sep 07 01:04:47, Info:  Elastic energy (total, % kinematic, % potential):  6.89846e+15  , 23.724  , 76.276 
Sat Sep 07 01:04:47, Info:  Total momentum (X, Y, Z): 6.80514e+09  , 2.94512e+09  , -4.75159e+09 
Sat Sep 07 01:04:47, Info:  Frictional work (total, % static, % radiated):  7.11198e+15  , 61.8874  , 38.1126 
Sat Sep 07 01:04:47, Info:  Seismic moment (without plasticity): 1.11562e+20  Mw: 7.29501 
Sat Sep 07 01:04:47, Info:  Writing energy output at time 12.5 Done. 
Sat Sep 07 01:04:47, Info:  Time spent this phase (total): 26.2858 s (min: 26.2656 s, max: 26.3021 s)
Sat Sep 07 01:04:47, Info:  Time spent this phase (compute): 26.2857 s (min: 26.2655 s, max: 26.3020 s)
Sat Sep 07 01:04:47, Info:  Time spent this phase (IO): 49.9368 ms (min: 40.7010 ms, max: 68.5024 ms)
Sat Sep 07 01:04:47, Info:  Performance since the start: 9.5394 TFLOP/s (rank 0: 602.4204 GFLOP/s , average over ranks: 596.2107 GFLOP/s ) 
Sat Sep 07 01:04:47, Info:  Performance since last sync point: 9.5752 TFLOP/s (rank 0: 604.8038 GFLOP/s , average over ranks: 598.4515 GFLOP/s ) 
Sat Sep 07 01:05:13, Info:  Writing faultoutput at time 13.
Sat Sep 07 01:05:13, Info:  Writing faultoutput at time 13. Done.
Sat Sep 07 01:05:13, Info:  Writing free surface at time 13.
Sat Sep 07 01:05:13, Info:  Writing free surface at time 13. Done.
Sat Sep 07 01:05:13, Info:  Writing energy output at time 13 
Sat Sep 07 01:05:14, Info:  Elastic energy (total, % kinematic, % potential):  7.44089e+15  , 23.3805  , 76.6195 
Sat Sep 07 01:05:14, Info:  Total momentum (X, Y, Z): 9.64613e+09  , 4.28232e+09  , -1.20321e+10 
Sat Sep 07 01:05:14, Info:  Frictional work (total, % static, % radiated):  7.67235e+15  , 61.7245  , 38.2755 
Sat Sep 07 01:05:14, Info:  Seismic moment (without plasticity): 1.20505e+20  Mw: 7.31734 
Sat Sep 07 01:05:14, Info:  Writing energy output at time 13 Done. 
Sat Sep 07 01:05:14, Info:  Time spent this phase (total): 26.5033 s (min: 26.4688 s, max: 26.5503 s)
Sat Sep 07 01:05:14, Info:  Time spent this phase (compute): 26.5032 s (min: 26.4688 s, max: 26.5503 s)
Sat Sep 07 01:05:14, Info:  Time spent this phase (IO): 52.2582 ms (min: 40.7142 ms, max: 72.0739 ms)
Sat Sep 07 01:05:14, Info:  Performance since the start: 9.5377 TFLOP/s (rank 0: 602.3423 GFLOP/s , average over ranks: 596.1076 GFLOP/s ) 
Sat Sep 07 01:05:14, Info:  Performance since last sync point: 9.4967 TFLOP/s (rank 0: 600.3979 GFLOP/s , average over ranks: 593.5422 GFLOP/s ) 
Sat Sep 07 01:05:40, Info:  Writing faultoutput at time 13.5.
Sat Sep 07 01:05:40, Info:  Writing faultoutput at time 13.5. Done.
Sat Sep 07 01:05:40, Info:  Writing energy output at time 13.5 
Sat Sep 07 01:05:40, Info:  Elastic energy (total, % kinematic, % potential):  7.9923e+15  , 23.0667  , 76.9333 
Sat Sep 07 01:05:40, Info:  Total momentum (X, Y, Z): 1.2113e+10  , 4.98116e+09  , -1.44019e+10 
Sat Sep 07 01:05:40, Info:  Frictional work (total, % static, % radiated):  8.24249e+15  , 61.5786  , 38.4214 
Sat Sep 07 01:05:40, Info:  Seismic moment (without plasticity): 1.29654e+20  Mw: 7.33852 
Sat Sep 07 01:05:40, Info:  Writing energy output at time 13.5 Done. 
Sat Sep 07 01:05:40, Info:  Time spent this phase (total): 26.2165 s (min: 26.1985 s, max: 26.2359 s)
Sat Sep 07 01:05:40, Info:  Time spent this phase (compute): 26.2164 s (min: 26.1984 s, max: 26.2358 s)
Sat Sep 07 01:05:40, Info:  Time spent this phase (IO): 52.1181 ms (min: 40.6022 ms, max: 93.0915 ms)
Sat Sep 07 01:05:40, Info:  Performance since the start: 9.5400 TFLOP/s (rank 0: 602.4845 GFLOP/s , average over ranks: 596.2522 GFLOP/s ) 
Sat Sep 07 01:05:40, Info:  Performance since last sync point: 9.6006 TFLOP/s (rank 0: 606.2058 GFLOP/s , average over ranks: 600.0375 GFLOP/s ) 
Sat Sep 07 01:06:06, Info:  Writing faultoutput at time 14.
Sat Sep 07 01:06:06, Info:  Writing faultoutput at time 14. Done.
Sat Sep 07 01:06:06, Info:  Writing free surface at time 14.
Sat Sep 07 01:06:06, Info:  Writing free surface at time 14. Done.
Sat Sep 07 01:06:06, Info:  Writing energy output at time 14 
Sat Sep 07 01:06:06, Info:  Elastic energy (total, % kinematic, % potential):  8.55378e+15  , 22.7754  , 77.2246 
Sat Sep 07 01:06:06, Info:  Total momentum (X, Y, Z): 1.4783e+10  , 6.1866e+09  , 9.97663e+08 
Sat Sep 07 01:06:06, Info:  Frictional work (total, % static, % radiated):  8.82157e+15  , 61.434  , 38.566 
Sat Sep 07 01:06:06, Info:  Seismic moment (without plasticity): 1.39001e+20  Mw: 7.35868 
Sat Sep 07 01:06:06, Info:  Writing energy output at time 14 Done. 
Sat Sep 07 01:06:06, Info:  Time spent this phase (total): 26.3745 s (min: 26.3403 s, max: 26.4152 s)
Sat Sep 07 01:06:06, Info:  Time spent this phase (compute): 26.3744 s (min: 26.3402 s, max: 26.4152 s)
Sat Sep 07 01:06:06, Info:  Time spent this phase (IO): 51.1879 ms (min: 40.7394 ms, max: 72.1821 ms)
Sat Sep 07 01:06:06, Info:  Performance since the start: 9.5401 TFLOP/s (rank 0: 602.4811 GFLOP/s , average over ranks: 596.2587 GFLOP/s ) 
Sat Sep 07 01:06:06, Info:  Performance since last sync point: 9.5430 TFLOP/s (rank 0: 602.3892 GFLOP/s , average over ranks: 596.4353 GFLOP/s ) 
Sat Sep 07 01:06:32, Info:  Writing faultoutput at time 14.5.
Sat Sep 07 01:06:32, Info:  Writing faultoutput at time 14.5. Done.
Sat Sep 07 01:06:32, Info:  Writing energy output at time 14.5 
Sat Sep 07 01:06:33, Info:  Elastic energy (total, % kinematic, % potential):  9.12445e+15  , 22.478  , 77.522 
Sat Sep 07 01:06:33, Info:  Total momentum (X, Y, Z): 1.7152e+10  , 7.477e+09  , -1.23776e+10 
Sat Sep 07 01:06:33, Info:  Frictional work (total, % static, % radiated):  9.41067e+15  , 61.2968  , 38.7032 
Sat Sep 07 01:06:33, Info:  Seismic moment (without plasticity): 1.48557e+20  Mw: 7.37793 
Sat Sep 07 01:06:33, Info:  Writing energy output at time 14.5 Done. 
Sat Sep 07 01:06:33, Info:  Time spent this phase (total): 26.3285 s (min: 26.2954 s, max: 26.3422 s)
Sat Sep 07 01:06:33, Info:  Time spent this phase (compute): 26.3284 s (min: 26.2954 s, max: 26.3421 s)
Sat Sep 07 01:06:33, Info:  Time spent this phase (IO): 50.4942 ms (min: 40.6705 ms, max: 66.8848 ms)
Sat Sep 07 01:06:33, Info:  Performance since the start: 9.5408 TFLOP/s (rank 0: 602.5248 GFLOP/s , average over ranks: 596.3008 GFLOP/s ) 
Sat Sep 07 01:06:33, Info:  Performance since last sync point: 9.5597 TFLOP/s (rank 0: 603.7516 GFLOP/s , average over ranks: 597.4826 GFLOP/s ) 
Sat Sep 07 01:06:59, Info:  Writing faultoutput at time 15.
Sat Sep 07 01:06:59, Info:  Writing faultoutput at time 15. Done.
Sat Sep 07 01:06:59, Info:  Writing free surface at time 15.
Sat Sep 07 01:06:59, Info:  Writing free surface at time 15. Done.
Sat Sep 07 01:06:59, Info:  Writing energy output at time 15 
Sat Sep 07 01:06:59, Info:  Elastic energy (total, % kinematic, % potential):  9.70039e+15  , 22.1764  , 77.8236 
Sat Sep 07 01:06:59, Info:  Total momentum (X, Y, Z): 1.92795e+10  , 7.77303e+09  , -6.8833e+10 
Sat Sep 07 01:06:59, Info:  Frictional work (total, % static, % radiated):  1.00046e+16  , 61.145  , 38.855 
Sat Sep 07 01:06:59, Info:  Seismic moment (without plasticity): 1.58287e+20  Mw: 7.3963 
Sat Sep 07 01:06:59, Info:  Writing energy output at time 15 Done. 
Sat Sep 07 01:06:59, Info:  Time spent this phase (total): 26.3799 s (min: 26.3559 s, max: 26.3872 s)
Sat Sep 07 01:06:59, Info:  Time spent this phase (compute): 26.3798 s (min: 26.3558 s, max: 26.3871 s)
Sat Sep 07 01:06:59, Info:  Time spent this phase (IO): 51.0504 ms (min: 40.7793 ms, max: 71.4835 ms)
Sat Sep 07 01:06:59, Info:  Performance since the start: 9.5408 TFLOP/s (rank 0: 602.5214 GFLOP/s , average over ranks: 596.3014 GFLOP/s ) 
Sat Sep 07 01:06:59, Info:  Performance since last sync point: 9.5411 TFLOP/s (rank 0: 602.4213 GFLOP/s , average over ranks: 596.3171 GFLOP/s ) 
Sat Sep 07 01:07:25, Info:  Writing faultoutput at time 15.5.
Sat Sep 07 01:07:25, Info:  Writing faultoutput at time 15.5. Done.
Sat Sep 07 01:07:25, Info:  Writing energy output at time 15.5 
Sat Sep 07 01:07:25, Info:  Elastic energy (total, % kinematic, % potential):  1.02845e+16  , 21.7954  , 78.2046 
Sat Sep 07 01:07:25, Info:  Total momentum (X, Y, Z): 2.07581e+10  , 8.263e+09  , -4.75347e+10 
Sat Sep 07 01:07:25, Info:  Frictional work (total, % static, % radiated):  1.06062e+16  , 60.925  , 39.075 
Sat Sep 07 01:07:25, Info:  Seismic moment (without plasticity): 1.6803e+20  Mw: 7.41359 
Sat Sep 07 01:07:25, Info:  Writing energy output at time 15.5 Done. 
Sat Sep 07 01:07:25, Info:  Time spent this phase (total): 26.4429 s (min: 26.3880 s, max: 26.5080 s)
Sat Sep 07 01:07:25, Info:  Time spent this phase (compute): 26.4428 s (min: 26.3879 s, max: 26.5079 s)
Sat Sep 07 01:07:25, Info:  Time spent this phase (IO): 55.4980 ms (min: 40.6068 ms, max: 110.6330 ms)
Sat Sep 07 01:07:25, Info:  Performance since the start: 9.5401 TFLOP/s (rank 0: 602.4842 GFLOP/s , average over ranks: 596.2559 GFLOP/s ) 
Sat Sep 07 01:07:25, Info:  Performance since last sync point: 9.5184 TFLOP/s (rank 0: 601.3691 GFLOP/s , average over ranks: 594.8970 GFLOP/s ) 
Sat Sep 07 01:07:52, Info:  Writing faultoutput at time 16.
Sat Sep 07 01:07:52, Info:  Writing faultoutput at time 16. Done.
Sat Sep 07 01:07:52, Info:  Writing free surface at time 16.
Sat Sep 07 01:07:52, Info:  Writing free surface at time 16. Done.
Sat Sep 07 01:07:52, Info:  Writing energy output at time 16 
Sat Sep 07 01:07:52, Info:  Elastic energy (total, % kinematic, % potential):  1.08434e+16  , 21.0927  , 78.9073 
Sat Sep 07 01:07:52, Info:  Total momentum (X, Y, Z): 2.20686e+10  , 1.06149e+10  , 7.90542e+10 
Sat Sep 07 01:07:52, Info:  Frictional work (total, % static, % radiated):  1.11848e+16  , 60.669  , 39.331 
Sat Sep 07 01:07:52, Info:  Seismic moment (without plasticity): 1.77045e+20  Mw: 7.42872 
Sat Sep 07 01:07:52, Info:  Writing energy output at time 16 Done. 
Sat Sep 07 01:07:52, Info:  Time spent this phase (total): 26.2628 s (min: 26.1907 s, max: 26.3176 s)
Sat Sep 07 01:07:52, Info:  Time spent this phase (compute): 26.2627 s (min: 26.1907 s, max: 26.3176 s)
Sat Sep 07 01:07:52, Info:  Time spent this phase (IO): 51.4775 ms (min: 40.6733 ms, max: 77.6060 ms)
Sat Sep 07 01:07:52, Info:  Performance since the start: 9.5414 TFLOP/s (rank 0: 602.5583 GFLOP/s , average over ranks: 596.3406 GFLOP/s ) 
Sat Sep 07 01:07:52, Info:  Performance since last sync point: 9.5837 TFLOP/s (rank 0: 604.8664 GFLOP/s , average over ranks: 598.9782 GFLOP/s ) 
Sat Sep 07 01:08:18, Info:  Writing faultoutput at time 16.5.
Sat Sep 07 01:08:18, Info:  Writing faultoutput at time 16.5. Done.
Sat Sep 07 01:08:18, Info:  Writing energy output at time 16.5 
Sat Sep 07 01:08:18, Info:  Elastic energy (total, % kinematic, % potential):  1.13495e+16  , 20.1478  , 79.8522 
Sat Sep 07 01:08:18, Info:  Total momentum (X, Y, Z): 2.37439e+10  , 1.03316e+10  , 9.54282e+10 
Sat Sep 07 01:08:18, Info:  Frictional work (total, % static, % radiated):  1.17097e+16  , 60.4627  , 39.5373 
Sat Sep 07 01:08:18, Info:  Seismic moment (without plasticity): 1.85127e+20  Mw: 7.44165 
Sat Sep 07 01:08:18, Info:  Writing energy output at time 16.5 Done. 
Sat Sep 07 01:08:18, Info:  Time spent this phase (total): 26.3143 s (min: 26.3088 s, max: 26.3204 s)
Sat Sep 07 01:08:18, Info:  Time spent this phase (compute): 26.3142 s (min: 26.3084 s, max: 26.3204 s)
Sat Sep 07 01:08:18, Info:  Time spent this phase (IO): 50.5724 ms (min: 40.6644 ms, max: 71.0780 ms)
Sat Sep 07 01:08:18, Info:  Performance since the start: 9.5422 TFLOP/s (rank 0: 602.6079 GFLOP/s , average over ranks: 596.3848 GFLOP/s ) 
Sat Sep 07 01:08:18, Info:  Performance since last sync point: 9.5649 TFLOP/s (rank 0: 604.1988 GFLOP/s , average over ranks: 597.8033 GFLOP/s ) 
Sat Sep 07 01:08:44, Info:  Writing faultoutput at time 17.
Sat Sep 07 01:08:44, Info:  Writing faultoutput at time 17. Done.
Sat Sep 07 01:08:44, Info:  Writing free surface at time 17.
Sat Sep 07 01:08:44, Info:  Writing free surface at time 17. Done.
Sat Sep 07 01:08:44, Info:  Writing energy output at time 17 
Sat Sep 07 01:08:45, Info:  Elastic energy (total, % kinematic, % potential):  1.17704e+16  , 19.0987  , 80.9013 
Sat Sep 07 01:08:45, Info:  Total momentum (X, Y, Z): 2.64277e+10  , 9.44889e+09  , -1.32706e+11 
Sat Sep 07 01:08:45, Info:  Frictional work (total, % static, % radiated):  1.21475e+16  , 60.4139  , 39.5861 
Sat Sep 07 01:08:45, Info:  Seismic moment (without plasticity): 1.91793e+20  Mw: 7.45189 
Sat Sep 07 01:08:45, Info:  Writing energy output at time 17 Done. 
Sat Sep 07 01:08:45, Info:  Time spent this phase (total): 26.6868 s (min: 26.6177 s, max: 26.7393 s)
Sat Sep 07 01:08:45, Info:  Time spent this phase (compute): 26.6867 s (min: 26.6177 s, max: 26.7393 s)
Sat Sep 07 01:08:45, Info:  Time spent this phase (IO): 55.3388 ms (min: 40.7319 ms, max: 112.6948 ms)
Sat Sep 07 01:08:45, Info:  Performance since the start: 9.5389 TFLOP/s (rank 0: 602.4156 GFLOP/s , average over ranks: 596.1789 GFLOP/s ) 
Sat Sep 07 01:08:45, Info:  Performance since last sync point: 9.4314 TFLOP/s (rank 0: 596.1394 GFLOP/s , average over ranks: 589.4631 GFLOP/s ) 
Sat Sep 07 01:09:11, Info:  Writing faultoutput at time 17.5.
Sat Sep 07 01:09:11, Info:  Writing faultoutput at time 17.5. Done.
Sat Sep 07 01:09:11, Info:  Writing energy output at time 17.5 
Sat Sep 07 01:09:11, Info:  Elastic energy (total, % kinematic, % potential):  1.21044e+16  , 17.7079  , 82.2921 
Sat Sep 07 01:09:11, Info:  Total momentum (X, Y, Z): 2.86444e+10  , 1.08962e+10  , -1.10715e+10 
Sat Sep 07 01:09:11, Info:  Frictional work (total, % static, % radiated):  1.24989e+16  , 60.2339  , 39.7661 
Sat Sep 07 01:09:11, Info:  Seismic moment (without plasticity): 1.97253e+20  Mw: 7.46002 
Sat Sep 07 01:09:11, Info:  Writing energy output at time 17.5 Done. 
Sat Sep 07 01:09:11, Info:  Time spent this phase (total): 26.4020 s (min: 26.3961 s, max: 26.4150 s)
Sat Sep 07 01:09:11, Info:  Time spent this phase (compute): 26.4019 s (min: 26.3961 s, max: 26.4150 s)
Sat Sep 07 01:09:11, Info:  Time spent this phase (IO): 55.5617 ms (min: 40.5934 ms, max: 116.7849 ms)
Sat Sep 07 01:09:11, Info:  Performance since the start: 9.5387 TFLOP/s (rank 0: 602.4039 GFLOP/s , average over ranks: 596.1685 GFLOP/s ) 
Sat Sep 07 01:09:11, Info:  Performance since last sync point: 9.5331 TFLOP/s (rank 0: 602.0047 GFLOP/s , average over ranks: 595.8172 GFLOP/s ) 
Sat Sep 07 01:09:37, Info:  Writing faultoutput at time 18.
Sat Sep 07 01:09:37, Info:  Writing faultoutput at time 18. Done.
Sat Sep 07 01:09:37, Info:  Writing free surface at time 18.
Sat Sep 07 01:09:37, Info:  Writing free surface at time 18. Done.
Sat Sep 07 01:09:37, Info:  Writing energy output at time 18 
Sat Sep 07 01:09:37, Info:  Elastic energy (total, % kinematic, % potential):  1.23641e+16  , 16.287  , 83.713 
Sat Sep 07 01:09:37, Info:  Total momentum (X, Y, Z): 2.77116e+10  , 1.14543e+10  , 3.02941e+12 
Sat Sep 07 01:09:37, Info:  Frictional work (total, % static, % radiated):  1.27715e+16  , 60.0904  , 39.9096 
Sat Sep 07 01:09:37, Info:  Seismic moment (without plasticity): 2.01602e+20  Mw: 7.46633 
Sat Sep 07 01:09:37, Info:  Writing energy output at time 18 Done. 
Sat Sep 07 01:09:37, Info:  Time spent this phase (total): 26.2246 s (min: 26.1707 s, max: 26.2881 s)
Sat Sep 07 01:09:37, Info:  Time spent this phase (compute): 26.2245 s (min: 26.1706 s, max: 26.2880 s)
Sat Sep 07 01:09:37, Info:  Time spent this phase (IO): 51.6071 ms (min: 40.7055 ms, max: 77.5894 ms)
Sat Sep 07 01:09:37, Info:  Performance since the start: 9.5403 TFLOP/s (rank 0: 602.4942 GFLOP/s , average over ranks: 596.2700 GFLOP/s ) 
Sat Sep 07 01:09:37, Info:  Performance since last sync point: 9.5975 TFLOP/s (rank 0: 605.6728 GFLOP/s , average over ranks: 599.8461 GFLOP/s ) 
Sat Sep 07 01:10:03, Info:  Writing faultoutput at time 18.5.
Sat Sep 07 01:10:03, Info:  Writing faultoutput at time 18.5. Done.
Sat Sep 07 01:10:03, Info:  Writing energy output at time 18.5 
Sat Sep 07 01:10:04, Info:  Elastic energy (total, % kinematic, % potential):  1.25488e+16  , 15.0472  , 84.9528 
Sat Sep 07 01:10:04, Info:  Total momentum (X, Y, Z): 2.29608e+10  , 1.39474e+10  , 1.34236e+13 
Sat Sep 07 01:10:04, Info:  Frictional work (total, % static, % radiated):  1.29661e+16  , 60.1123  , 39.8877 
Sat Sep 07 01:10:04, Info:  Seismic moment (without plasticity): 2.04941e+20  Mw: 7.47109 
Sat Sep 07 01:10:04, Info:  Writing energy output at time 18.5 Done. 
Sat Sep 07 01:10:04, Info:  Time spent this phase (total): 26.3326 s (min: 26.3098 s, max: 26.3610 s)
Sat Sep 07 01:10:04, Info:  Time spent this phase (compute): 26.3325 s (min: 26.3093 s, max: 26.3609 s)
Sat Sep 07 01:10:04, Info:  Time spent this phase (IO): 52.1097 ms (min: 40.5762 ms, max: 73.3177 ms)
Sat Sep 07 01:10:04, Info:  Performance since the start: 9.5408 TFLOP/s (rank 0: 602.5396 GFLOP/s , average over ranks: 596.3002 GFLOP/s ) 
Sat Sep 07 01:10:04, Info:  Performance since last sync point: 9.5582 TFLOP/s (rank 0: 604.1763 GFLOP/s , average over ranks: 597.3896 GFLOP/s ) 
Sat Sep 07 01:10:30, Info:  Writing faultoutput at time 19.
Sat Sep 07 01:10:30, Info:  Writing faultoutput at time 19. Done.
Sat Sep 07 01:10:30, Info:  Writing free surface at time 19.
Sat Sep 07 01:10:30, Info:  Writing free surface at time 19. Done.
Sat Sep 07 01:10:30, Info:  Writing energy output at time 19 
Sat Sep 07 01:10:30, Info:  Elastic energy (total, % kinematic, % potential):  1.26713e+16  , 13.9794  , 86.0206 
Sat Sep 07 01:10:30, Info:  Total momentum (X, Y, Z): 2.60311e+10  , 1.07599e+10  , 3.5495e+13 
Sat Sep 07 01:10:30, Info:  Frictional work (total, % static, % radiated):  1.30979e+16  , 60.5301  , 39.4699 
Sat Sep 07 01:10:30, Info:  Seismic moment (without plasticity): 2.07427e+20  Mw: 7.47458 
Sat Sep 07 01:10:30, Info:  Writing energy output at time 19 Done. 
Sat Sep 07 01:10:30, Info:  Time spent this phase (total): 26.3226 s (min: 26.2969 s, max: 26.3291 s)
Sat Sep 07 01:10:30, Info:  Time spent this phase (compute): 26.3226 s (min: 26.2969 s, max: 26.3288 s)
Sat Sep 07 01:10:30, Info:  Time spent this phase (IO): 53.4343 ms (min: 40.7383 ms, max: 80.7629 ms)
Sat Sep 07 01:10:30, Info:  Performance since the start: 9.5414 TFLOP/s (rank 0: 602.5709 GFLOP/s , average over ranks: 596.3347 GFLOP/s ) 
Sat Sep 07 01:10:30, Info:  Performance since last sync point: 9.5618 TFLOP/s (rank 0: 603.7323 GFLOP/s , average over ranks: 597.6136 GFLOP/s ) 
Sat Sep 07 01:10:56, Info:  Writing faultoutput at time 19.5.
Sat Sep 07 01:10:56, Info:  Writing faultoutput at time 19.5. Done.
Sat Sep 07 01:10:56, Info:  Writing energy output at time 19.5 
Sat Sep 07 01:10:56, Info:  Elastic energy (total, % kinematic, % potential):  1.27541e+16  , 13.0449  , 86.9551 
Sat Sep 07 01:10:56, Info:  Total momentum (X, Y, Z): 3.35828e+10  , 9.55867e+08  , 7.41417e+13 
Sat Sep 07 01:10:56, Info:  Frictional work (total, % static, % radiated):  1.31905e+16  , 61.1577  , 38.8423 
Sat Sep 07 01:10:56, Info:  Seismic moment (without plasticity): 2.09261e+20  Mw: 7.47713 
Sat Sep 07 01:10:56, Info:  Writing energy output at time 19.5 Done. 
Sat Sep 07 01:10:56, Info:  Time spent this phase (total): 26.5239 s (min: 26.5025 s, max: 26.5470 s)
Sat Sep 07 01:10:56, Info:  Time spent this phase (compute): 26.5238 s (min: 26.5024 s, max: 26.5469 s)
Sat Sep 07 01:10:56, Info:  Time spent this phase (IO): 49.8817 ms (min: 40.6127 ms, max: 72.7288 ms)
Sat Sep 07 01:10:56, Info:  Performance since the start: 9.5400 TFLOP/s (rank 0: 602.4740 GFLOP/s , average over ranks: 596.2508 GFLOP/s ) 
Sat Sep 07 01:10:56, Info:  Performance since last sync point: 9.4893 TFLOP/s (rank 0: 598.8162 GFLOP/s , average over ranks: 593.0785 GFLOP/s ) 
Sat Sep 07 01:11:23, Info:  Writing faultoutput at time 20.
Sat Sep 07 01:11:23, Info:  Writing faultoutput at time 20. Done.
Sat Sep 07 01:11:23, Info:  Writing free surface at time 20.
Sat Sep 07 01:11:23, Info:  Writing free surface at time 20. Done.
Sat Sep 07 01:11:23, Info:  Wrote receivers in 5.05e-07 seconds. 
Sat Sep 07 01:11:23, Info:  Writing energy output at time 20 
Sat Sep 07 01:11:23, Info:  Elastic energy (total, % kinematic, % potential):  1.28108e+16  , 12.3348  , 87.6652 
Sat Sep 07 01:11:23, Info:  Total momentum (X, Y, Z): 2.11711e+10  , 4.91773e+09  , 1.36525e+14 
Sat Sep 07 01:11:23, Info:  Frictional work (total, % static, % radiated):  1.32567e+16  , 62.0399  , 37.9601 
Sat Sep 07 01:11:23, Info:  Seismic moment (without plasticity): 2.10522e+20  Mw: 7.47887 
Sat Sep 07 01:11:23, Info:  Writing energy output at time 20 Done. 
Sat Sep 07 01:11:23, Info:  Time spent this phase (total): 26.3435 s (min: 26.3065 s, max: 26.3801 s)
Sat Sep 07 01:11:23, Info:  Time spent this phase (compute): 26.3434 s (min: 26.3064 s, max: 26.3800 s)
Sat Sep 07 01:11:23, Info:  Time spent this phase (IO): 54.4816 ms (min: 40.7652 ms, max: 86.0479 ms)
Sat Sep 07 01:11:23, Info:  Performance since the start: 9.5404 TFLOP/s (rank 0: 602.5079 GFLOP/s , average over ranks: 596.2730 GFLOP/s ) 
Sat Sep 07 01:11:23, Info:  Performance since last sync point: 9.5543 TFLOP/s (rank 0: 603.8301 GFLOP/s , average over ranks: 597.1410 GFLOP/s ) 
Sat Sep 07 01:11:23, Info:  Ignoring duplicate synchronisation point at time 20 ; the last sync point was at  20 
Sat Sep 07 01:11:23, Info:  Ignoring duplicate synchronisation point at time 20 ; the last sync point was at  20 
Sat Sep 07 01:11:23, Info:  Ignoring duplicate synchronisation point at time 20 ; the last sync point was at  20 
Sat Sep 07 01:11:23, Info:  Ignoring duplicate synchronisation point at time 20 ; the last sync point was at  20 
Sat Sep 07 01:11:23, Info:  Simulation time (total): 17 min 35.2742 s (min: 17 min 35.2461 s, max: 17 min 35.3066 s)
Sat Sep 07 01:11:23, Info:  Simulation time (compute): 17 min 33.1622 s (min: 17 min 32.1843 s, max: 17 min 33.5975 s)
Sat Sep 07 01:11:23, Info:  Simulation time (IO): 2.1065 s (min: 1.6741 s, max: 3.0963 s)
Sat Sep 07 01:11:23, Info:  Time spent in compute kernels: mean = 1010.17  std = 15.2498  min = 974.693  median = 1009.23  max = 1038.35 
Sat Sep 07 01:11:23, Info:  Load imbalance: 2.71338 % 
Sat Sep 07 01:11:23, Info:  Regression analysis of compute kernels: 
Sat Sep 07 01:11:23, Info:  "computeLocalIntegration" (total time): 4901.55 s ( = 1 h 21 min 41.5491 s ) 
Sat Sep 07 01:11:23, Info:  "computeLocalIntegration" ( constant ): 2.05016e-05 (sample size: 5.04876e+06 , standard error: 4.49313e-12 ) 
Sat Sep 07 01:11:23, Info:  "computeLocalIntegration" ( per element ): 8.27956e-08 (sample size: 5.04876e+06 , standard error: 4.49313e-12 ) 
Sat Sep 07 01:11:23, Info:  "computeNeighboringIntegration" (total time): 5978.13 s ( = 1 h 39 min 38.1252 s ) 
Sat Sep 07 01:11:23, Info:  "computeNeighboringIntegration" ( constant ): 0.000146476 (sample size: 5.04876e+06 , standard error: 7.13233e-12 ) 
Sat Sep 07 01:11:23, Info:  "computeNeighboringIntegration" ( per element ): 9.0398e-08 (sample size: 5.04876e+06 , standard error: 7.13233e-12 ) 
Sat Sep 07 01:11:23, Info:  "computeDynamicRupture" (total time): 5283.11 s ( = 1 h 28 min 3.1068 s ) 
Sat Sep 07 01:11:23, Info:  "computeDynamicRupture" ( constant ): 7.92307e-05 (sample size: 3.87932e+06 , standard error: 3.84106e-11 ) 
Sat Sep 07 01:11:23, Info:  "computeDynamicRupture" ( per element ): 4.50392e-07 (sample size: 3.87932e+06 , standard error: 3.84106e-11 ) 
Sat Sep 07 01:11:23, Info:  "computePointSources" (total time): 0 s ( = 0.0000 s ) 
Sat Sep 07 01:11:23, Info:  "computePointSources" ( constant ): -nan (sample size: 0 , standard error: -nan ) 
Sat Sep 07 01:11:23, Info:  "computePointSources" ( per element ): -nan (sample size: 0 , standard error: -nan ) 
Sat Sep 07 01:11:23, Info:  Total time spent in compute kernels: 16162.8 s ( = 4 h 29 min 22.7811 s ) 
Sat Sep 07 01:11:23, Info:  Total calculated HW-FLOP:  10.0677 PFLOP 
Sat Sep 07 01:11:23, Info:  Total calculated NZ-FLOP:  4.0245 PFLOP 
Sat Sep 07 01:11:23, Info:  Total calculated HW-FLOP/s:  9.5401 TFLOP/s 
Sat Sep 07 01:11:23, Info:  Total calculated NZ-FLOP/s:  3.8136 TFLOP/s 
Sat Sep 07 01:11:23, Info:  WP calculated HW-FLOP:  8.3418 PFLOP 
Sat Sep 07 01:11:23, Info:  WP calculated NZ-FLOP:  2.7412 PFLOP 
Sat Sep 07 01:11:23, Info:  DR calculated HW-FLOP:  1.7259 PFLOP 
Sat Sep 07 01:11:23, Info:  DR calculated NZ-FLOP:  1.2833 PFLOP 
Sat Sep 07 01:11:23, Info:  PL calculated HW-FLOP:  0.0000 FLOP 
Sat Sep 07 01:11:23, Info:  PL calculated NZ-FLOP:  0.0000 FLOP 
Sat Sep 07 01:11:23, Info:  Time spent in simulation: 17 min 35.3071 s (min: 17 min 35.3070 s, max: 17 min 35.3080 s)
Sat Sep 07 01:11:23, Info:  Simulation done. 
Sat Sep 07 01:11:23, Info:  Closing IO. 
Sat Sep 07 01:11:24, Info:  Time fault writer backend: 4.2907 s (min: 1.8296 s, max: 25.6518 s)
Sat Sep 07 01:11:24, Info:  Time fault writer frontend: 45.7331 ms (min: 38.5802 ms, max: 54.0475 ms)
Sat Sep 07 01:11:24, Info:  Time free surface writer backend: 727.9030 ms (min: 5.0602 ms, max: 6.4656 s)
Sat Sep 07 01:11:24, Info:  Time free surface writer frontend: 5.6801 ms (min: 400.7300 s, max: 20.5556 ms)
Sat Sep 07 01:11:24, Info:  SeisSol done. Goodbye. 
SeisSol complete.
/hppfs/scratch/01/di35poq/haiti-rupture-outputs/dynamic-rupture-outputs/combined_FL33-regional/jobid_3888598 ~/haiti-rupture-inputs/dynamic-rupture/combined_FL33-regional
Writing hdf5 output with compression enabled (compression_level=4). 
Use --compression=0 if you want to speed-up data extraction.
u1: 0it [00:00, ?it/s]u1: 1it [00:00,  8.93it/s]u1: 4it [00:00, 20.59it/s]u1: 8it [00:00, 27.27it/s]u1: 12it [00:00, 31.22it/s]u1: 20it [00:00, 39.78it/s]
u2: 0it [00:00, ?it/s]u2: 1it [00:00,  8.59it/s]u2: 4it [00:00, 19.65it/s]u2: 8it [00:00, 27.70it/s]u2: 20it [00:00, 61.08it/s]u2: 20it [00:00, 45.98it/s]
u3: 0it [00:00, ?it/s]u3: 1it [00:00,  9.26it/s]u3: 4it [00:00, 20.67it/s]u3: 8it [00:00, 28.48it/s]u3: 12it [00:00, 32.18it/s]u3: 20it [00:00, 40.91it/s]
done writing output_jobid_3888598_extracted-surface.h5
done writing output_jobid_3888598_extracted-surface.xdmf
full path: /hppfs/scratch/01/di35poq/haiti-rupture-outputs/dynamic-rupture-outputs/combined_FL33-regional/jobid_3888598/output_jobid_3888598_extracted-surface.xdmf
Working on JobID: 3888598
No matching file found for jobid 3888598. Assigning output-fault.xdmf instead
/hppfs/scratch/01/di35poq/haiti-rupture-outputs/dynamic-rupture-outputs/combined_FL33-regional/jobid_3888598/output-fault.xdmf
warning: Mw computed over 0-85s (avoiding contribution of small residual moment after rupture)
jobid_3888598 moment magnitude: 7.478864991497998 (M0 = 2.1052e+20)
Finished writing /hppfs/scratch/01/di35poq/haiti-rupture-outputs/dynamic-rupture-outputs/combined_FL33-regional/jobid_3888598/moment_rate_mainshock.png
No matching file found for jobid 3888598. Looking for output-fault.xdmf instead
mu_s: 0.55
mu_d: 0.31
done writing /hppfs/scratch/01/di35poq/haiti-rupture-outputs/dynamic-rupture-outputs/combined_FL33-regional/jobid_3888598/output_jobid_3888598_extracted-fault.xdmf
full path: /hppfs/scratch/01/di35poq/haiti-rupture-outputs/dynamic-rupture-outputs/combined_FL33-regional/jobid_3888598/output_jobid_3888598_extracted-fault.xdmf
done writing /hppfs/scratch/01/di35poq/haiti-rupture-outputs/dynamic-rupture-outputs/combined_FL33-regional/jobid_3888598/output_jobid_3888598_extracted-fault.h5
Job ID set as: 3888598
mu_s: 0.55
mu_d: 0.31
~/haiti-rupture-inputs/dynamic-rupture/combined_FL33-regional
