Wed Oct 16 19:23:43, Error: Error while reading the parameter file: "ParsingError: In block (&Output) found an identical field: OutputFile='/hppfs/scratch/01/di35poq/haiti-rupture-outputs/dynamic-relaxation-outputs/outputs_tmp/output'" 

Backtrace:
/dss/dsshome1/01/di35poq/SeisSol/build-release/SeisSol_Release_dskx_4_elastic(_ZN5utils6LoggerD1Ev+0x34d) [0x4816fd]
/dss/dsshome1/01/di35poq/SeisSol/build-release/SeisSol_Release_dskx_4_elastic() [0x415c63]
/dss/dsshome1/01/di35poq/SeisSol/build-release/SeisSol_Release_dskx_4_elastic() [0x41470c]
/lib64/libc.so.6(__libc_start_main+0xef) [0x7f6b356cd2bd]
/dss/dsshome1/01/di35poq/SeisSol/build-release/SeisSol_Release_dskx_4_elastic() [0x41402a]
Wed Oct 16 19:23:43, Error: Error while reading the parameter file: "ParsingError: In block (&Output) found an identical field: OutputFile='/hppfs/scratch/01/di35poq/haiti-rupture-outputs/dynamic-relaxation-outputs/outputs_tmp/output'" 

Backtrace:
/dss/dsshome1/01/di35poq/SeisSol/build-release/SeisSol_Release_dskx_4_elastic(_ZN5utils6LoggerD1Ev+0x34d) [0x4816fd]
/dss/dsshome1/01/di35poq/SeisSol/build-release/SeisSol_Release_dskx_4_elastic() [0x415c63]
/dss/dsshome1/01/di35poq/SeisSol/build-release/SeisSol_Release_dskx_4_elastic() [0x41470c]
/lib64/libc.so.6(__libc_start_main+0xef) [0x7f271f9db2bd]
/dss/dsshome1/01/di35poq/SeisSol/build-release/SeisSol_Release_dskx_4_elastic() [0x41402a]
Wed Oct 16 19:23:43, Error: Error while reading the parameter file: "ParsingError: In block (&Output) found an identical field: OutputFile='/hppfs/scratch/01/di35poq/haiti-rupture-outputs/dynamic-relaxation-outputs/outputs_tmp/output'" 

Backtrace:
/dss/dsshome1/01/di35poq/SeisSol/build-release/SeisSol_Release_dskx_4_elastic(_ZN5utils6LoggerD1Ev+0x34d) [0x4816fd]
/dss/dsshome1/01/di35poq/SeisSol/build-release/SeisSol_Release_dskx_4_elastic() [0x415c63]
/dss/dsshome1/01/di35poq/SeisSol/build-release/SeisSol_Release_dskx_4_elastic() [0x41470c]
/lib64/libc.so.6(__libc_start_main+0xef) [0x7f650a39c2bd]
/dss/dsshome1/01/di35poq/SeisSol/build-release/SeisSol_Release_dskx_4_elastic() [0x41402a]
Wed Oct 16 19:23:43, Error: Error while reading the parameter file: "ParsingError: In block (&Output) found an identical field: OutputFile='/hppfs/scratch/01/di35poq/haiti-rupture-outputs/dynamic-relaxation-outputs/outputs_tmp/output'" 

Backtrace:
/dss/dsshome1/01/di35poq/SeisSol/build-release/SeisSol_Release_dskx_4_elastic(_ZN5utils6LoggerD1Ev+0x34d) [0x4816fd]
/dss/dsshome1/01/di35poq/SeisSol/build-release/SeisSol_Release_dskx_4_elastic() [0x415c63]
/dss/dsshome1/01/di35poq/SeisSol/build-release/SeisSol_Release_dskx_4_elastic() [0x41470c]
/lib64/libc.so.6(__libc_start_main+0xef) [0x7f4e11ba92bd]
/dss/dsshome1/01/di35poq/SeisSol/build-release/SeisSol_Release_dskx_4_elastic() [0x41402a]
Wed Oct 16 19:23:43, Error: Error while reading the parameter file: "ParsingError: In block (&Output) found an identical field: OutputFile='/hppfs/scratch/01/di35poq/haiti-rupture-outputs/dynamic-relaxation-outputs/outputs_tmp/output'" 

Backtrace:
/dss/dsshome1/01/di35poq/SeisSol/build-release/SeisSol_Release_dskx_4_elastic(_ZN5utils6LoggerD1Ev+0x34d) [0x4816fd]
/dss/dsshome1/01/di35poq/SeisSol/build-release/SeisSol_Release_dskx_4_elastic() [0x415c63]
/dss/dsshome1/01/di35poq/SeisSol/build-release/SeisSol_Release_dskx_4_elastic() [0x41470c]
/lib64/libc.so.6(__libc_start_main+0xef) [0x7f8cf7e3a2bd]
/dss/dsshome1/01/di35poq/SeisSol/build-release/SeisSol_Release_dskx_4_elastic() [0x41402a]
Wed Oct 16 19:23:43, Error: Error while reading the parameter file: "ParsingError: In block (&Output) found an identical field: OutputFile='/hppfs/scratch/01/di35poq/haiti-rupture-outputs/dynamic-relaxation-outputs/outputs_tmp/output'" 

Backtrace:
/dss/dsshome1/01/di35poq/SeisSol/build-release/SeisSol_Release_dskx_4_elastic(_ZN5utils6LoggerD1Ev+0x34d) [0x4816fd]
/dss/dsshome1/01/di35poq/SeisSol/build-release/SeisSol_Release_dskx_4_elastic() [0x415c63]
/dss/dsshome1/01/di35poq/SeisSol/build-release/SeisSol_Release_dskx_4_elastic() [0x41470c]
/lib64/libc.so.6(__libc_start_main+0xef) [0x7f944835c2bd]
/dss/dsshome1/01/di35poq/SeisSol/build-release/SeisSol_Release_dskx_4_elastic() [0x41402a]
Wed Oct 16 19:23:43, Error: Error while reading the parameter file: "ParsingError: In block (&Output) found an identical field: OutputFile='/hppfs/scratch/01/di35poq/haiti-rupture-outputs/dynamic-relaxation-outputs/outputs_tmp/output'" 

Backtrace:
/dss/dsshome1/01/di35poq/SeisSol/build-release/SeisSol_Release_dskx_4_elastic(_ZN5utils6LoggerD1Ev+0x34d) [0x4816fd]
/dss/dsshome1/01/di35poq/SeisSol/build-release/SeisSol_Release_dskx_4_elastic() [0x415c63]
/dss/dsshome1/01/di35poq/SeisSol/build-release/SeisSol_Release_dskx_4_elastic() [0x41470c]
/lib64/libc.so.6(__libc_start_main+0xef) [0x7f9caa9d22bd]
/dss/dsshome1/01/di35poq/SeisSol/build-release/SeisSol_Release_dskx_4_elastic() [0x41402a]
Wed Oct 16 19:23:43, Error: Error while reading the parameter file: "ParsingError: In block (&Output) found an identical field: OutputFile='/hppfs/scratch/01/di35poq/haiti-rupture-outputs/dynamic-relaxation-outputs/outputs_tmp/output'" 

Backtrace:
/dss/dsshome1/01/di35poq/SeisSol/build-release/SeisSol_Release_dskx_4_elastic(_ZN5utils6LoggerD1Ev+0x34d) [0x4816fd]
/dss/dsshome1/01/di35poq/SeisSol/build-release/SeisSol_Release_dskx_4_elastic() [0x415c63]
/dss/dsshome1/01/di35poq/SeisSol/build-release/SeisSol_Release_dskx_4_elastic() [0x41470c]
/lib64/libc.so.6(__libc_start_main+0xef) [0x7f295b26b2bd]
/dss/dsshome1/01/di35poq/SeisSol/build-release/SeisSol_Release_dskx_4_elastic() [0x41402a]
Wed Oct 16 19:23:43, Error: Error while reading the parameter file: "ParsingError: In block (&Output) found an identical field: OutputFile='/hppfs/scratch/01/di35poq/haiti-rupture-outputs/dynamic-relaxation-outputs/outputs_tmp/output'" 

Backtrace:
/dss/dsshome1/01/di35poq/SeisSol/build-release/SeisSol_Release_dskx_4_elastic(_ZN5utils6LoggerD1Ev+0x34d) [0x4816fd]
/dss/dsshome1/01/di35poq/SeisSol/build-release/SeisSol_Release_dskx_4_elastic() [0x415c63]
/dss/dsshome1/01/di35poq/SeisSol/build-release/SeisSol_Release_dskx_4_elastic() [0x41470c]
/lib64/libc.so.6(__libc_start_main+0xef) [0x7ff084b862bd]
/dss/dsshome1/01/di35poq/SeisSol/build-release/SeisSol_Release_dskx_4_elastic() [0x41402a]
Wed Oct 16 19:23:43, Error: Error while reading the parameter file: "ParsingError: In block (&Output) found an identical field: OutputFile='/hppfs/scratch/01/di35poq/haiti-rupture-outputs/dynamic-relaxation-outputs/outputs_tmp/output'" 

Backtrace:
/dss/dsshome1/01/di35poq/SeisSol/build-release/SeisSol_Release_dskx_4_elastic(_ZN5utils6LoggerD1Ev+0x34d) [0x4816fd]
/dss/dsshome1/01/di35poq/SeisSol/build-release/SeisSol_Release_dskx_4_elastic() [0x415c63]
/dss/dsshome1/01/di35poq/SeisSol/build-release/SeisSol_Release_dskx_4_elastic() [0x41470c]
/lib64/libc.so.6(__libc_start_main+0xef) [0x7f3ae47032bd]
/dss/dsshome1/01/di35poq/SeisSol/build-release/SeisSol_Release_dskx_4_elastic() [0x41402a]
Wed Oct 16 19:23:43, Error: Error while reading the parameter file: "ParsingError: In block (&Output) found an identical field: OutputFile='/hppfs/scratch/01/di35poq/haiti-rupture-outputs/dynamic-relaxation-outputs/outputs_tmp/output'" 

Backtrace:
/dss/dsshome1/01/di35poq/SeisSol/build-release/SeisSol_Release_dskx_4_elastic(_ZN5utils6LoggerD1Ev+0x34d) [0x4816fd]
/dss/dsshome1/01/di35poq/SeisSol/build-release/SeisSol_Release_dskx_4_elastic() [0x415c63]
/dss/dsshome1/01/di35poq/SeisSol/build-release/SeisSol_Release_dskx_4_elastic() [0x41470c]
/lib64/libc.so.6(__libc_start_main+0xef) [0x7fed3dc0b2bd]
/dss/dsshome1/01/di35poq/SeisSol/build-release/SeisSol_Release_dskx_4_elastic() [0x41402a]
Wed Oct 16 19:23:43, Error: Error while reading the parameter file: "ParsingError: In block (&Output) found an identical field: OutputFile='/hppfs/scratch/01/di35poq/haiti-rupture-outputs/dynamic-relaxation-outputs/outputs_tmp/output'" 

Backtrace:
/dss/dsshome1/01/di35poq/SeisSol/build-release/SeisSol_Release_dskx_4_elastic(_ZN5utils6LoggerD1Ev+0x34d) [0x4816fd]
/dss/dsshome1/01/di35poq/SeisSol/build-release/SeisSol_Release_dskx_4_elastic() [0x415c63]
/dss/dsshome1/01/di35poq/SeisSol/build-release/SeisSol_Release_dskx_4_elastic() [0x41470c]
/lib64/libc.so.6(__libc_start_main+0xef) [0x7f73390872bd]
/dss/dsshome1/01/di35poq/SeisSol/build-release/SeisSol_Release_dskx_4_elastic() [0x41402a]
Wed Oct 16 19:23:43, Error: Error while reading the parameter file: "ParsingError: In block (&Output) found an identical field: OutputFile='/hppfs/scratch/01/di35poq/haiti-rupture-outputs/dynamic-relaxation-outputs/outputs_tmp/output'" 

Backtrace:
/dss/dsshome1/01/di35poq/SeisSol/build-release/SeisSol_Release_dskx_4_elastic(_ZN5utils6LoggerD1Ev+0x34d) [0x4816fd]
/dss/dsshome1/01/di35poq/SeisSol/build-release/SeisSol_Release_dskx_4_elastic() [0x415c63]
/dss/dsshome1/01/di35poq/SeisSol/build-release/SeisSol_Release_dskx_4_elastic() [0x41470c]
/lib64/libc.so.6(__libc_start_main+0xef) [0x7f0004fde2bd]
/dss/dsshome1/01/di35poq/SeisSol/build-release/SeisSol_Release_dskx_4_elastic() [0x41402a]
Wed Oct 16 19:23:43, Error: Error while reading the parameter file: "ParsingError: In block (&Output) found an identical field: OutputFile='/hppfs/scratch/01/di35poq/haiti-rupture-outputs/dynamic-relaxation-outputs/outputs_tmp/output'" 

Backtrace:
/dss/dsshome1/01/di35poq/SeisSol/build-release/SeisSol_Release_dskx_4_elastic(_ZN5utils6LoggerD1Ev+0x34d) [0x4816fd]
/dss/dsshome1/01/di35poq/SeisSol/build-release/SeisSol_Release_dskx_4_elastic() [0x415c63]
/dss/dsshome1/01/di35poq/SeisSol/build-release/SeisSol_Release_dskx_4_elastic() [0x41470c]
/lib64/libc.so.6(__libc_start_main+0xef) [0x7f1560ae62bd]
/dss/dsshome1/01/di35poq/SeisSol/build-release/SeisSol_Release_dskx_4_elastic() [0x41402a]
Wed Oct 16 19:23:43, Error: Error while reading the parameter file: "ParsingError: In block (&Output) found an identical field: OutputFile='/hppfs/scratch/01/di35poq/haiti-rupture-outputs/dynamic-relaxation-outputs/outputs_tmp/output'" 

Backtrace:
/dss/dsshome1/01/di35poq/SeisSol/build-release/SeisSol_Release_dskx_4_elastic(_ZN5utils6LoggerD1Ev+0x34d) [0x4816fd]
/dss/dsshome1/01/di35poq/SeisSol/build-release/SeisSol_Release_dskx_4_elastic() [0x415c63]
/dss/dsshome1/01/di35poq/SeisSol/build-release/SeisSol_Release_dskx_4_elastic() [0x41470c]
/lib64/libc.so.6(__libc_start_main+0xef) [0x7fbd2998e2bd]
/dss/dsshome1/01/di35poq/SeisSol/build-release/SeisSol_Release_dskx_4_elastic() [0x41402a]
Wed Oct 16 19:23:43, Error: Error while reading the parameter file: "ParsingError: In block (&Output) found an identical field: OutputFile='/hppfs/scratch/01/di35poq/haiti-rupture-outputs/dynamic-relaxation-outputs/outputs_tmp/output'" 

Backtrace:
/dss/dsshome1/01/di35poq/SeisSol/build-release/SeisSol_Release_dskx_4_elastic(_ZN5utils6LoggerD1Ev+0x34d) [0x4816fd]
/dss/dsshome1/01/di35poq/SeisSol/build-release/SeisSol_Release_dskx_4_elastic() [0x415c63]
/dss/dsshome1/01/di35poq/SeisSol/build-release/SeisSol_Release_dskx_4_elastic() [0x41470c]
/lib64/libc.so.6(__libc_start_main+0xef) [0x7f747f2df2bd]
/dss/dsshome1/01/di35poq/SeisSol/build-release/SeisSol_Release_dskx_4_elastic() [0x41402a]
srun: error: i01r01c03s11: task 10: Aborted (core dumped)
srun: launch/slurm: _step_signal: Terminating StepId=4040977.0
srun: error: i01r01c03s01: task 0: Aborted (core dumped)
srun: error: i01r01c03s02: task 1: Aborted (core dumped)
srun: error: i01r01c04s02: task 13: Aborted (core dumped)
srun: error: i01r01c03s07: task 6: Aborted (core dumped)
srun: error: i01r01c03s06: task 5: Aborted (core dumped)
srun: error: i01r01c04s04: task 15: Aborted (core dumped)
srun: error: i01r01c04s01: task 12: Aborted (core dumped)
srun: error: i01r01c03s04: task 3: Aborted (core dumped)
srun: error: i01r01c03s03: task 2: Aborted (core dumped)
srun: error: i01r01c03s12: task 11: Aborted (core dumped)
srun: error: i01r01c04s03: task 14: Aborted (core dumped)
srun: error: i01r01c03s09: task 8: Aborted (core dumped)
srun: error: i01r01c03s10: task 9: Aborted (core dumped)
srun: error: i01r01c03s05: task 4: Aborted (core dumped)
srun: error: i01r01c03s08: task 7: Aborted (core dumped)
cp: cannot create directory '/hppfs/scratch/01/di35poq/haiti-rupture-outputs/dynamic-relaxation-outputs/jobid_4040977/logs': No such file or directory
/var/spool/slurm/job4040977/slurm_script: line 79: pushd: /hppfs/scratch/01/di35poq/haiti-rupture-outputs/dynamic-relaxation-outputs/jobid_4040977: No such file or directory
Traceback (most recent call last):
  File "/dss/dsshome1/01/di35poq/.local/bin/seissol_output_extractor", line 8, in <module>
    sys.exit(main())
  File "/dss/dsshome1/01/di35poq/.local/lib/python3.8/site-packages/seissolxdmfwriter/seissol_output_extractor.py", line 143, in main
    sx = SeissolxdmfExtended(args.xdmfFilename)
  File "/dss/dsshome1/01/di35poq/.local/lib/python3.8/site-packages/seissolxdmf/seissolxdmf.py", line 14, in __init__
    with open (xdmfFilename, "r") as fid:
FileNotFoundError: [Errno 2] No such file or directory: 'output-fault.xdmf'
Traceback (most recent call last):
  File "/dss/dsshome1/01/di35poq/.local/bin/seissol_output_extractor", line 8, in <module>
    sys.exit(main())
  File "/dss/dsshome1/01/di35poq/.local/lib/python3.8/site-packages/seissolxdmfwriter/seissol_output_extractor.py", line 143, in main
    sx = SeissolxdmfExtended(args.xdmfFilename)
  File "/dss/dsshome1/01/di35poq/.local/lib/python3.8/site-packages/seissolxdmf/seissolxdmf.py", line 14, in __init__
    with open (xdmfFilename, "r") as fid:
FileNotFoundError: [Errno 2] No such file or directory: 'output-surface.xdmf'
Traceback (most recent call last):
  File "/dss/dsshome1/01/di35poq/soft/extractDataFromUnstructuredOutput.py", line 91, in <module>
    sx = SeissolxdmfExtended(args.xdmfFilename)
  File "/dss/dsshome1/01/di35poq/.local/lib/python3.8/site-packages/seissolxdmf/seissolxdmf.py", line 14, in __init__
    with open (xdmfFilename, "r") as fid:
FileNotFoundError: [Errno 2] No such file or directory: 'output.xdmf'
Traceback (most recent call last):
  File "/dss/dsshome1/01/di35poq/soft/interpolate_seissol_data_to_grid.py", line 146, in <module>
    sx = seissolxdmfExtended(args.filename)
  File "/dss/dsshome1/01/di35poq/.local/lib/python3.8/site-packages/seissolxdmf/seissolxdmf.py", line 14, in __init__
    with open (xdmfFilename, "r") as fid:
FileNotFoundError: [Errno 2] No such file or directory: 'output_resampled.xdmf'
/var/spool/slurm/job4040977/slurm_script: line 86: popd: directory stack empty
cp: target '/hppfs/scratch/01/di35poq/haiti-rupture-outputs/dynamic-relaxation-outputs/jobid_4040977/logs/' is not a directory
