num_nodes: 16 ntasks: 16 cpus_per_task:
Line 63 replaced with: OutputFile='/hppfs/scratch/01/di35poq/haiti-rupture-outputs/dynamic-rupture-outputs/regional-only/jobid_3757561'
Job log complete.
Starting SeisSol...
Mon Aug 19 19:39:25, Info:  Using the parameter file parameters.par 
Mon Aug 19 19:39:25, Info:  Reading SeisSol parameter file... 
Mon Aug 19 19:39:25, Info:  In your parameter file, you have specified a non-positive interval for "checkpointinterval" . This mechanism is deprecated and may be removed in a future version of SeisSol. Consider disabling the whole module by setting "checkpoint" to 0 instead by adding "checkpoint = 0" to the "output" section of your parameter file instead. 
Mon Aug 19 19:39:25, Info:  The field "printintervalcriterion" is no longer in use. You may safely remove it from your parameters file. 
Mon Aug 19 19:39:25, Info:  Disabling the wavefield output by setting "outputformat = 10" is deprecated and may be removed in a future version of SeisSol. Consider using the parameter "wavefieldoutput" instead. To disable wavefield output, add "wavefieldoutput = 0" to the "output" section of your parameters file. 
Mon Aug 19 19:39:25, Info:  The field "printintervalcriterion" is no longer in use. You may safely remove it from your parameters file. 
Mon Aug 19 19:39:25, Info:  The field "pickdttype" is no longer in use. You may safely remove it from your parameters file. 
Mon Aug 19 19:39:25, Info:  The field "faultoutputflag" is no longer in use. You may safely remove it from your parameters file. 
Mon Aug 19 19:39:25, Info:  The field "boundaries" is no longer in use. You may safely remove it from your parameters file. 
Mon Aug 19 19:39:25, Info:  SeisSol parameter file read successfully. 
Mon Aug 19 19:39:25, Info:  Model information: 
Mon Aug 19 19:39:25, Info:  Elastic model: yes 
Mon Aug 19 19:39:25, Info:  Viscoelastic model: no 
Mon Aug 19 19:39:25, Info:  Anelastic model: no 
Mon Aug 19 19:39:25, Info:  Poroelastic model: no 
Mon Aug 19 19:39:25, Info:  Anisotropic model: no 
Mon Aug 19 19:39:25, Info:  Plasticity: no 
Mon Aug 19 19:39:25, Info:  Welcome to SeisSol 
Mon Aug 19 19:39:25, Info:  Copyright (c) 2012 - 2024  SeisSol Group 
Mon Aug 19 19:39:25, Info:  Version: v1.1.4-148-g60aedc8c (dirty) 
Mon Aug 19 19:39:25, Info:  Built on: Jun 17 2024 21:03:35 
Mon Aug 19 19:39:25, Info:  Last commit: 60aedc8c2ae0a5d9e5a46cc3a40e4eaf1c047225 at 2024-06-06T12:54:08+00:00 
Mon Aug 19 19:39:25, Info:  Compiled with HOST_ARCH = skx 
Mon Aug 19 19:39:25, Info:  Running on (rank=0): "i01r01c01s01" 
Mon Aug 19 19:39:25, Info:  Using MPI with #ranks: 16 
Mon Aug 19 19:39:25, Info:  Node-wide (shared memory) MPI with #ranks/node: 1 
Mon Aug 19 19:39:25, Info:  Using asynchronous MPI routines. 
Mon Aug 19 19:39:25, Info:  Using OMP with #threads/rank: 94 
Mon Aug 19 19:39:25, Info:  OpenMP worker affinity (this process): "0123456789|0123456789|0123456789|0123456789|0123456-89|0123456789|0123456789|0123456789|0123456789|01234-" 
Mon Aug 19 19:39:25, Info:  OpenMP worker affinity (this node)   : "0123456789|0123456789|0123456789|0123456789|0123456-89|0123456789|0123456789|0123456789|0123456789|01234-" 
Mon Aug 19 19:39:25, Info:  Using a communication thread for advancing MPI communication. 
Mon Aug 19 19:39:25, Info:  Communication thread affinity        : "----------|----------|----------|----------|-------7--|----------|----------|----------|----------|-----5" 
Mon Aug 19 19:39:25, Info:  The stack size ulimit is 2097152 [kiB] ( = 2.0000 GiB ). 
Mon Aug 19 19:39:25, Info:  Begin init mesh. 
Mon Aug 19 19:39:25, Info:  Mesh file: "/dss/dsshome1/01/di35poq/mesh/mesh_v07/Haiti_v07_lowres" 
Mon Aug 19 19:39:25, Info:  Running mini SeisSol to determine node weights. 
Mon Aug 19 19:39:25, Info:  miniSeisSol configured with 50000 elements and 10 repeats per process 
Mon Aug 19 19:39:25, Info:  Node weights: mean = 41.3465  std = 0.41861  min = 40.1974  median = 41.5111  max = 41.7105 
Mon Aug 19 19:39:25, Info:  Reading PUML mesh 
Mon Aug 19 19:39:25, Info:  Inferring boundary format. 
Mon Aug 19 19:39:25, Info:  Boundary format not given in PUML file; inferring from array shape. 
Mon Aug 19 19:39:25, Info:  Using boundary format: i32 (4xi8) 
Mon Aug 19 19:39:25, Info:  Found 2685422 cells 
Mon Aug 19 19:39:25, Info:  Found 477078 vertices 
Mon Aug 19 19:39:27, Info:  Computing LTS weights. 
Mon Aug 19 19:39:30, Info:  Limiting number of clusters to 2147483646 
Mon Aug 19 19:39:30, Info:  Computing LTS weights. Done.  (108216 reductions.)
Mon Aug 19 19:39:30, Info:  Using the Parmetis partition library and strategy. 
Mon Aug 19 19:39:33, Info:  PUML mesh read in: 7.7023 s (min: 7.6442 s, max: 7.8581 s)
Mon Aug 19 19:39:33, Info:  The mesh has been read. Starting post processing. 
Mon Aug 19 19:39:33, Info:  Extracting fault information. 
Mon Aug 19 19:39:33, Info:  Exchanging ghostlayer metadata. 
Mon Aug 19 19:39:35, Info:  Mesh initialized in: 9.7336 s (min: 9.7334 s, max: 9.7341 s)
Mon Aug 19 19:39:35, Info:  End init mesh. 
Mon Aug 19 19:39:35, Info:  Begin init model. 
Mon Aug 19 19:39:35, Info:  Initialize LTS. 
Mon Aug 19 19:39:35, Info:  Deriving clusters ids for min. time step width / multiRate: 0.000213316 / 2 
Mon Aug 19 19:39:35, Info:  Due to wiggle factor of 1 the minimum timestep size is reduced to 0.000213316 
Mon Aug 19 19:39:35, Info:  Number of elements in time clusters: 
Mon Aug 19 19:39:35, Info:  0: 2088 
Mon Aug 19 19:39:35, Info:  1: 265401 
Mon Aug 19 19:39:35, Info:  2: 1618976 
Mon Aug 19 19:39:35, Info:  3: 538212 
Mon Aug 19 19:39:35, Info:  4: 147352 
Mon Aug 19 19:39:35, Info:  5: 35652 
Mon Aug 19 19:39:35, Info:  6: 11329 
Mon Aug 19 19:39:35, Info:  7: 18592 
Mon Aug 19 19:39:35, Info:  8: 47781 
Mon Aug 19 19:39:35, Info:  9: 39 
Mon Aug 19 19:39:35, Info:  maximum theoretical speedup (compared to GTS): 6.4313 per cell LTS, 4.34786 with the used clustering. 
Mon Aug 19 19:39:35, Info:  Number of elements in dynamic rupture time clusters: 
Mon Aug 19 19:39:35, Info:  0 (dr): 617 
Mon Aug 19 19:39:35, Info:  1 (dr): 78804 
Mon Aug 19 19:39:35, Info:  2 (dr): 309917 
Mon Aug 19 19:39:35, Info:  3 (dr): 2509 
Mon Aug 19 19:39:35, Info:  4 (dr): 0 
Mon Aug 19 19:39:35, Info:  5 (dr): 0 
Mon Aug 19 19:39:35, Info:  6 (dr): 0 
Mon Aug 19 19:39:35, Info:  7 (dr): 0 
Mon Aug 19 19:39:35, Info:  8 (dr): 0 
Mon Aug 19 19:39:35, Info:  9 (dr): 0 
Mon Aug 19 19:39:35, Info:  Initialize Friction Model 
Mon Aug 19 19:39:38, Info:  Initialize cell material parameters. 
Mon Aug 19 19:39:39, Info:  Initialize Memory layout. 
Mon Aug 19 19:39:40, Info:  Initialize cell-local matrices. 
Mon Aug 19 19:39:40, Info:  Initializing Fault, using a quadrature rule with  25  points. 
Mon Aug 19 19:43:10, Info:  Model initialized in: 3 min 34.6687 s (min: 3 min 34.6665 s, max: 3 min 34.6723 s)
Mon Aug 19 19:43:10, Info:  End init model. 
Mon Aug 19 19:43:10, Info:  Setting initial conditions. 
Mon Aug 19 19:43:10, Info:  Using initial condition "Zero" . 
Mon Aug 19 19:43:10, Info:  Reading source. 
Mon Aug 19 19:43:10, Info:  No source term specified. 
Mon Aug 19 19:43:10, Info:  Setting up boundary conditions. 
Mon Aug 19 19:43:10, Info:  Begin init output. 
Mon Aug 19 19:43:10, Info:  Initializing free surface integrator. 
Mon Aug 19 19:43:10, Info:  Initializing free surface integrator. Done. 
Mon Aug 19 19:43:10, Info:  Enabling 2D fault output 
Mon Aug 19 19:43:10, Info:  Initializing Fault output. Number of sub-triangles: 4 
Mon Aug 19 19:43:10, Info:  Initializing XDMF fault output. 
Mon Aug 19 19:43:10, Info:  Fault writer thread affinity: "----------|----------|----------|----------|-------7--|----------|----------|----------|----------|-----5" 
Mon Aug 19 19:43:10, Info:  Initializing XDMF fault output. Done. 
Mon Aug 19 19:43:10, Info:  Initializing free surface output. 
Mon Aug 19 19:43:10, Info:  Free surface writer thread affinity: "----------|----------|----------|----------|-------7--|----------|----------|----------|----------|-----5" 
Mon Aug 19 19:43:10, Info:  No record points read. 
Mon Aug 19 19:43:10, Info:  Finding meshIds for receivers... 
Mon Aug 19 19:43:10, Info:  Cleaning possible double occurring receivers for MPI... 
Mon Aug 19 19:43:10, Info:  Mapping receivers to LTS cells... 
Mon Aug 19 19:43:10, Info:  Initializing energy output. 
Mon Aug 19 19:43:10, Info:  End init output. 
Mon Aug 19 19:43:10, Info:  Initializing free surface output. Done. 
Mon Aug 19 19:43:10, Info:  Finishing initialization... 
Mon Aug 19 19:43:10, Info:  Starting simulation. 
Mon Aug 19 19:43:10, Info:  Writing faultoutput at time 0.
Mon Aug 19 19:43:10, Info:  Writing faultoutput at time 0. Done.
Mon Aug 19 19:43:10, Info:  Writing free surface at time 0.
Mon Aug 19 19:43:10, Info:  Writing free surface at time 0. Done.
Mon Aug 19 19:43:10, Info:  Writing energy output at time 0 
Mon Aug 19 19:43:10, Info:  Total momentum (X, Y, Z): 0  , 0  , 0 
Mon Aug 19 19:43:10, Info:  Writing energy output at time 0 Done. 
Mon Aug 19 19:43:10, Info:  Time spent for initial IO: 50.8997 ms (min: 41.8376 ms, max: 60.2118 ms)
Mon Aug 19 19:43:36, Info:  Writing faultoutput at time 0.5.
Mon Aug 19 19:43:36, Info:  Writing faultoutput at time 0.5. Done.
Mon Aug 19 19:43:36, Info:  Writing energy output at time 0.5 
Mon Aug 19 19:43:37, Info:  Elastic energy (total, % kinematic, % potential):  1.014e+14  , 33.5709  , 66.4291 
Mon Aug 19 19:43:37, Info:  Total momentum (X, Y, Z): -0.120173  , 0.0374444  , 0.077344 
Mon Aug 19 19:43:37, Info:  Frictional work (total, % static, % radiated):  1.01556e+14  , 81.5338  , 18.4662 
Mon Aug 19 19:43:37, Info:  Seismic moment (without plasticity): 5.78808e+17  Mw: 5.77169 
Mon Aug 19 19:43:37, Info:  Writing energy output at time 0.5 Done. 
Mon Aug 19 19:43:37, Info:  Time spent this phase (total): 26.4453 s (min: 26.4032 s, max: 26.4749 s)
Mon Aug 19 19:43:37, Info:  Time spent this phase (compute): 26.3944 s (min: 26.3604 s, max: 26.4213 s)
Mon Aug 19 19:43:37, Info:  Time spent this phase (IO): 55.3074 ms (min: 40.4878 ms, max: 107.6064 ms)
Mon Aug 19 19:43:37, Info:  Performance since the start: 9.5166 TFLOP/s (rank 0: 603.9235 GFLOP/s , average over ranks: 594.7888 GFLOP/s ) 
Mon Aug 19 19:43:37, Info:  Performance since last sync point: 9.5166 TFLOP/s (rank 0: 603.9235 GFLOP/s , average over ranks: 594.7888 GFLOP/s ) 
Mon Aug 19 19:44:03, Info:  Writing faultoutput at time 1.
Mon Aug 19 19:44:03, Info:  Writing faultoutput at time 1. Done.
Mon Aug 19 19:44:03, Info:  Writing free surface at time 1.
Mon Aug 19 19:44:03, Info:  Writing free surface at time 1. Done.
Mon Aug 19 19:44:03, Info:  Writing energy output at time 1 
Mon Aug 19 19:44:03, Info:  Elastic energy (total, % kinematic, % potential):  7.01932e+14  , 26.7791  , 73.2209 
Mon Aug 19 19:44:03, Info:  Total momentum (X, Y, Z): -2.01471  , -1.81561  , -0.875227 
Mon Aug 19 19:44:03, Info:  Frictional work (total, % static, % radiated):  7.02398e+14  , 67.9495  , 32.0505 
Mon Aug 19 19:44:03, Info:  Seismic moment (without plasticity): 2.82283e+18  Mw: 6.23046 
Mon Aug 19 19:44:03, Info:  Writing energy output at time 1 Done. 
Mon Aug 19 19:44:03, Info:  Time spent this phase (total): 26.3711 s (min: 26.3560 s, max: 26.3931 s)
Mon Aug 19 19:44:03, Info:  Time spent this phase (compute): 26.3709 s (min: 26.3559 s, max: 26.3929 s)
Mon Aug 19 19:44:03, Info:  Time spent this phase (IO): 52.2665 ms (min: 40.6053 ms, max: 78.8830 ms)
Mon Aug 19 19:44:03, Info:  Performance since the start: 9.5299 TFLOP/s (rank 0: 605.1558 GFLOP/s , average over ranks: 595.6216 GFLOP/s ) 
Mon Aug 19 19:44:03, Info:  Performance since last sync point: 9.5433 TFLOP/s (rank 0: 606.3932 GFLOP/s , average over ranks: 596.4572 GFLOP/s ) 
Mon Aug 19 19:44:29, Info:  Writing faultoutput at time 1.5.
Mon Aug 19 19:44:29, Info:  Writing faultoutput at time 1.5. Done.
Mon Aug 19 19:44:29, Info:  Writing energy output at time 1.5 
Mon Aug 19 19:44:29, Info:  Elastic energy (total, % kinematic, % potential):  1.49072e+15  , 26.1018  , 73.8982 
Mon Aug 19 19:44:29, Info:  Total momentum (X, Y, Z): -12.2983  , 1.48042  , -8.01074 
Mon Aug 19 19:44:29, Info:  Frictional work (total, % static, % radiated):  1.49143e+15  , 65.4238  , 34.5762 
Mon Aug 19 19:44:29, Info:  Seismic moment (without plasticity): 6.09296e+18  Mw: 6.45322 
Mon Aug 19 19:44:29, Info:  Writing energy output at time 1.5 Done. 
Mon Aug 19 19:44:29, Info:  Time spent this phase (total): 26.3275 s (min: 26.3003 s, max: 26.3366 s)
Mon Aug 19 19:44:29, Info:  Time spent this phase (compute): 26.3275 s (min: 26.3003 s, max: 26.3366 s)
Mon Aug 19 19:44:29, Info:  Time spent this phase (IO): 55.9768 ms (min: 40.4839 ms, max: 116.7446 ms)
Mon Aug 19 19:44:29, Info:  Performance since the start: 9.5397 TFLOP/s (rank 0: 605.8009 GFLOP/s , average over ranks: 596.2288 GFLOP/s ) 
Mon Aug 19 19:44:29, Info:  Performance since last sync point: 9.5592 TFLOP/s (rank 0: 607.0951 GFLOP/s , average over ranks: 597.4470 GFLOP/s ) 
Mon Aug 19 19:44:55, Info:  Writing faultoutput at time 2.
Mon Aug 19 19:44:55, Info:  Writing faultoutput at time 2. Done.
Mon Aug 19 19:44:55, Info:  Writing free surface at time 2.
Mon Aug 19 19:44:55, Info:  Writing free surface at time 2. Done.
Mon Aug 19 19:44:55, Info:  Writing energy output at time 2 
Mon Aug 19 19:44:56, Info:  Elastic energy (total, % kinematic, % potential):  2.25581e+15  , 27.6352  , 72.3648 
Mon Aug 19 19:44:56, Info:  Total momentum (X, Y, Z): -37.142  , 4.94422  , -42.5175 
Mon Aug 19 19:44:56, Info:  Frictional work (total, % static, % radiated):  2.25784e+15  , 64.0661  , 35.9339 
Mon Aug 19 19:44:56, Info:  Seismic moment (without plasticity): 9.73176e+18  Mw: 6.58879 
Mon Aug 19 19:44:56, Info:  Writing energy output at time 2 Done. 
Mon Aug 19 19:44:56, Info:  Time spent this phase (total): 26.3139 s (min: 26.2951 s, max: 26.3708 s)
Mon Aug 19 19:44:56, Info:  Time spent this phase (compute): 26.3138 s (min: 26.2951 s, max: 26.3707 s)
Mon Aug 19 19:44:56, Info:  Time spent this phase (IO): 56.3762 ms (min: 40.5602 ms, max: 128.5929 ms)
Mon Aug 19 19:44:56, Info:  Performance since the start: 9.5457 TFLOP/s (rank 0: 606.2683 GFLOP/s , average over ranks: 596.6089 GFLOP/s ) 
Mon Aug 19 19:44:56, Info:  Performance since last sync point: 9.5640 TFLOP/s (rank 0: 607.6751 GFLOP/s , average over ranks: 597.7528 GFLOP/s ) 
Mon Aug 19 19:45:22, Info:  Writing faultoutput at time 2.5.
Mon Aug 19 19:45:22, Info:  Writing faultoutput at time 2.5. Done.
Mon Aug 19 19:45:22, Info:  Writing energy output at time 2.5 
Mon Aug 19 19:45:22, Info:  Elastic energy (total, % kinematic, % potential):  3.02278e+15  , 28.9979  , 71.0021 
Mon Aug 19 19:45:22, Info:  Total momentum (X, Y, Z): -11.0243  , 6.26272  , 27.1969 
Mon Aug 19 19:45:22, Info:  Frictional work (total, % static, % radiated):  3.02661e+15  , 64.2454  , 35.7546 
Mon Aug 19 19:45:22, Info:  Seismic moment (without plasticity): 1.36313e+19  Mw: 6.68636 
Mon Aug 19 19:45:22, Info:  Writing energy output at time 2.5 Done. 
Mon Aug 19 19:45:22, Info:  Time spent this phase (total): 26.4943 s (min: 26.4718 s, max: 26.5139 s)
Mon Aug 19 19:45:22, Info:  Time spent this phase (compute): 26.4943 s (min: 26.4718 s, max: 26.5138 s)
Mon Aug 19 19:45:22, Info:  Time spent this phase (IO): 53.3108 ms (min: 40.4781 ms, max: 98.3082 ms)
Mon Aug 19 19:45:22, Info:  Performance since the start: 9.5363 TFLOP/s (rank 0: 605.7596 GFLOP/s , average over ranks: 596.0216 GFLOP/s ) 
Mon Aug 19 19:45:22, Info:  Performance since last sync point: 9.4989 TFLOP/s (rank 0: 603.7330 GFLOP/s , average over ranks: 593.6842 GFLOP/s ) 
Mon Aug 19 19:45:48, Info:  Writing faultoutput at time 3.
Mon Aug 19 19:45:48, Info:  Writing faultoutput at time 3. Done.
Mon Aug 19 19:45:48, Info:  Writing free surface at time 3.
Mon Aug 19 19:45:48, Info:  Writing free surface at time 3. Done.
Mon Aug 19 19:45:48, Info:  Writing energy output at time 3 
Mon Aug 19 19:45:48, Info:  Elastic energy (total, % kinematic, % potential):  3.95952e+15  , 30.3475  , 69.6525 
Mon Aug 19 19:45:48, Info:  Total momentum (X, Y, Z): 63.2817  , -29.4658  , 215.625 
Mon Aug 19 19:45:48, Info:  Frictional work (total, % static, % radiated):  3.96527e+15  , 65.7871  , 34.2129 
Mon Aug 19 19:45:48, Info:  Seismic moment (without plasticity): 1.83248e+19  Mw: 6.77203 
Mon Aug 19 19:45:48, Info:  Writing energy output at time 3 Done. 
Mon Aug 19 19:45:48, Info:  Time spent this phase (total): 26.2013 s (min: 26.1522 s, max: 26.2200 s)
Mon Aug 19 19:45:48, Info:  Time spent this phase (compute): 26.2012 s (min: 26.1522 s, max: 26.2199 s)
Mon Aug 19 19:45:48, Info:  Time spent this phase (IO): 54.3845 ms (min: 40.6377 ms, max: 108.1496 ms)
Mon Aug 19 19:45:48, Info:  Performance since the start: 9.5478 TFLOP/s (rank 0: 606.4639 GFLOP/s , average over ranks: 596.7351 GFLOP/s ) 
Mon Aug 19 19:45:48, Info:  Performance since last sync point: 9.6053 TFLOP/s (rank 0: 610.0102 GFLOP/s , average over ranks: 600.3286 GFLOP/s ) 
Mon Aug 19 19:46:14, Info:  Writing faultoutput at time 3.5.
Mon Aug 19 19:46:14, Info:  Writing faultoutput at time 3.5. Done.
Mon Aug 19 19:46:14, Info:  Writing energy output at time 3.5 
Mon Aug 19 19:46:15, Info:  Elastic energy (total, % kinematic, % potential):  5.16878e+15  , 29.6058  , 70.3942 
Mon Aug 19 19:46:15, Info:  Total momentum (X, Y, Z): 216.628  , -27.202  , 479.162 
Mon Aug 19 19:46:15, Info:  Frictional work (total, % static, % radiated):  5.17366e+15  , 64.661  , 35.339 
Mon Aug 19 19:46:15, Info:  Seismic moment (without plasticity): 2.39114e+19  Mw: 6.84907 
Mon Aug 19 19:46:15, Info:  Writing energy output at time 3.5 Done. 
Mon Aug 19 19:46:15, Info:  Time spent this phase (total): 26.3612 s (min: 26.3524 s, max: 26.3947 s)
Mon Aug 19 19:46:15, Info:  Time spent this phase (compute): 26.3611 s (min: 26.3524 s, max: 26.3947 s)
Mon Aug 19 19:46:15, Info:  Time spent this phase (IO): 55.4472 ms (min: 40.4363 ms, max: 111.8603 ms)
Mon Aug 19 19:46:15, Info:  Performance since the start: 9.5476 TFLOP/s (rank 0: 606.4904 GFLOP/s , average over ranks: 596.7275 GFLOP/s ) 
Mon Aug 19 19:46:15, Info:  Performance since last sync point: 9.5469 TFLOP/s (rank 0: 606.6498 GFLOP/s , average over ranks: 596.6822 GFLOP/s ) 
Mon Aug 19 19:46:41, Info:  Writing faultoutput at time 4.
Mon Aug 19 19:46:41, Info:  Writing faultoutput at time 4. Done.
Mon Aug 19 19:46:41, Info:  Writing free surface at time 4.
Mon Aug 19 19:46:41, Info:  Writing free surface at time 4. Done.
Mon Aug 19 19:46:41, Info:  Writing energy output at time 4 
Mon Aug 19 19:46:41, Info:  Elastic energy (total, % kinematic, % potential):  6.35183e+15  , 26.0261  , 73.9739 
Mon Aug 19 19:46:41, Info:  Total momentum (X, Y, Z): 458.549  , 6.02869  , 745.844 
Mon Aug 19 19:46:41, Info:  Frictional work (total, % static, % radiated):  6.35503e+15  , 62.2404  , 37.7596 
Mon Aug 19 19:46:41, Info:  Seismic moment (without plasticity): 2.96114e+19  Mw: 6.91097 
Mon Aug 19 19:46:41, Info:  Writing energy output at time 4 Done. 
Mon Aug 19 19:46:41, Info:  Time spent this phase (total): 26.5798 s (min: 26.5463 s, max: 26.5875 s)
Mon Aug 19 19:46:41, Info:  Time spent this phase (compute): 26.5797 s (min: 26.5462 s, max: 26.5874 s)
Mon Aug 19 19:46:41, Info:  Time spent this phase (IO): 55.8696 ms (min: 40.5677 ms, max: 112.8478 ms)
Mon Aug 19 19:46:41, Info:  Performance since the start: 9.5377 TFLOP/s (rank 0: 605.8487 GFLOP/s , average over ranks: 596.1042 GFLOP/s ) 
Mon Aug 19 19:46:41, Info:  Performance since last sync point: 9.4684 TFLOP/s (rank 0: 601.3945 GFLOP/s , average over ranks: 591.7776 GFLOP/s ) 
Mon Aug 19 19:47:08, Info:  Writing faultoutput at time 4.5.
Mon Aug 19 19:47:08, Info:  Writing faultoutput at time 4.5. Done.
Mon Aug 19 19:47:08, Info:  Writing energy output at time 4.5 
Mon Aug 19 19:47:08, Info:  Elastic energy (total, % kinematic, % potential):  7.55188e+15  , 22.2131  , 77.7869 
Mon Aug 19 19:47:08, Info:  Total momentum (X, Y, Z): 689.89  , -32.1548  , 920.488 
Mon Aug 19 19:47:08, Info:  Frictional work (total, % static, % radiated):  7.55311e+15  , 60.8362  , 39.1638 
Mon Aug 19 19:47:08, Info:  Seismic moment (without plasticity): 3.56606e+19  Mw: 6.96479 
Mon Aug 19 19:47:08, Info:  Writing energy output at time 4.5 Done. 
Mon Aug 19 19:47:08, Info:  Time spent this phase (total): 26.6570 s (min: 26.6560 s, max: 26.6624 s)
Mon Aug 19 19:47:08, Info:  Time spent this phase (compute): 26.6570 s (min: 26.6560 s, max: 26.6624 s)
Mon Aug 19 19:47:08, Info:  Time spent this phase (IO): 55.3078 ms (min: 40.5085 ms, max: 111.8726 ms)
Mon Aug 19 19:47:08, Info:  Performance since the start: 9.5268 TFLOP/s (rank 0: 605.1717 GFLOP/s , average over ranks: 595.4267 GFLOP/s ) 
Mon Aug 19 19:47:08, Info:  Performance since last sync point: 9.4410 TFLOP/s (rank 0: 599.8096 GFLOP/s , average over ranks: 590.0609 GFLOP/s ) 
Mon Aug 19 19:47:34, Info:  Writing faultoutput at time 5.
Mon Aug 19 19:47:34, Info:  Writing faultoutput at time 5. Done.
Mon Aug 19 19:47:34, Info:  Writing free surface at time 5.
Mon Aug 19 19:47:34, Info:  Writing free surface at time 5. Done.
Mon Aug 19 19:47:34, Info:  Writing energy output at time 5 
Mon Aug 19 19:47:34, Info:  Elastic energy (total, % kinematic, % potential):  8.88414e+15  , 19.8818  , 80.1182 
Mon Aug 19 19:47:34, Info:  Total momentum (X, Y, Z): 941.711  , -21.7207  , 842.03 
Mon Aug 19 19:47:34, Info:  Frictional work (total, % static, % radiated):  8.88763e+15  , 60.2541  , 39.7459 
Mon Aug 19 19:47:34, Info:  Seismic moment (without plasticity): 4.25236e+19  Mw: 7.01575 
Mon Aug 19 19:47:34, Info:  Writing energy output at time 5 Done. 
Mon Aug 19 19:47:34, Info:  Time spent this phase (total): 26.3191 s (min: 26.3141 s, max: 26.3386 s)
Mon Aug 19 19:47:34, Info:  Time spent this phase (compute): 26.3190 s (min: 26.3140 s, max: 26.3386 s)
Mon Aug 19 19:47:34, Info:  Time spent this phase (IO): 52.6389 ms (min: 40.6236 ms, max: 88.4198 ms)
Mon Aug 19 19:47:34, Info:  Performance since the start: 9.5304 TFLOP/s (rank 0: 605.4017 GFLOP/s , average over ranks: 595.6469 GFLOP/s ) 
Mon Aug 19 19:47:34, Info:  Performance since last sync point: 9.5622 TFLOP/s (rank 0: 607.4791 GFLOP/s , average over ranks: 597.6366 GFLOP/s ) 
Mon Aug 19 19:48:00, Info:  Writing faultoutput at time 5.5.
Mon Aug 19 19:48:00, Info:  Writing faultoutput at time 5.5. Done.
Mon Aug 19 19:48:00, Info:  Writing energy output at time 5.5 
Mon Aug 19 19:48:00, Info:  Elastic energy (total, % kinematic, % potential):  1.03836e+16  , 19.3528  , 80.6472 
Mon Aug 19 19:48:00, Info:  Total momentum (X, Y, Z): 1401.61  , -205.823  , 1470.28 
Mon Aug 19 19:48:00, Info:  Frictional work (total, % static, % radiated):  1.03989e+16  , 61.4462  , 38.5538 
Mon Aug 19 19:48:00, Info:  Seismic moment (without plasticity): 5.04842e+19  Mw: 7.06544 
Mon Aug 19 19:48:00, Info:  Writing energy output at time 5.5 Done. 
Mon Aug 19 19:48:00, Info:  Time spent this phase (total): 26.2582 s (min: 26.2336 s, max: 26.2650 s)
Mon Aug 19 19:48:00, Info:  Time spent this phase (compute): 26.2582 s (min: 26.2335 s, max: 26.2650 s)
Mon Aug 19 19:48:00, Info:  Time spent this phase (IO): 55.7977 ms (min: 40.4719 ms, max: 113.0990 ms)
Mon Aug 19 19:48:00, Info:  Performance since the start: 9.5352 TFLOP/s (rank 0: 605.7187 GFLOP/s , average over ranks: 595.9523 GFLOP/s ) 
Mon Aug 19 19:48:00, Info:  Performance since last sync point: 9.5844 TFLOP/s (rank 0: 608.9072 GFLOP/s , average over ranks: 599.0236 GFLOP/s ) 
Mon Aug 19 19:48:27, Info:  Writing faultoutput at time 6.
Mon Aug 19 19:48:27, Info:  Writing faultoutput at time 6. Done.
Mon Aug 19 19:48:27, Info:  Writing free surface at time 6.
Mon Aug 19 19:48:27, Info:  Writing free surface at time 6. Done.
Mon Aug 19 19:48:27, Info:  Writing energy output at time 6 
Mon Aug 19 19:48:27, Info:  Elastic energy (total, % kinematic, % potential):  1.22602e+16  , 20.0796  , 79.9204 
Mon Aug 19 19:48:27, Info:  Total momentum (X, Y, Z): 1268.37  , 272.437  , 1446.62 
Mon Aug 19 19:48:27, Info:  Frictional work (total, % static, % radiated):  1.22991e+16  , 62.9262  , 37.0738 
Mon Aug 19 19:48:27, Info:  Seismic moment (without plasticity): 6.02449e+19  Mw: 7.11661 
Mon Aug 19 19:48:27, Info:  Writing energy output at time 6 Done. 
Mon Aug 19 19:48:27, Info:  Time spent this phase (total): 26.2264 s (min: 26.2131 s, max: 26.2543 s)
Mon Aug 19 19:48:27, Info:  Time spent this phase (compute): 26.2263 s (min: 26.2130 s, max: 26.2542 s)
Mon Aug 19 19:48:27, Info:  Time spent this phase (IO): 51.5306 ms (min: 40.4209 ms, max: 72.8218 ms)
Mon Aug 19 19:48:27, Info:  Performance since the start: 9.5403 TFLOP/s (rank 0: 606.0679 GFLOP/s , average over ranks: 596.2668 GFLOP/s ) 
Mon Aug 19 19:48:27, Info:  Performance since last sync point: 9.5960 TFLOP/s (rank 0: 609.9361 GFLOP/s , average over ranks: 599.7483 GFLOP/s ) 
Mon Aug 19 19:48:53, Info:  Writing faultoutput at time 6.5.
Mon Aug 19 19:48:53, Info:  Writing faultoutput at time 6.5. Done.
Mon Aug 19 19:48:53, Info:  Writing energy output at time 6.5 
Mon Aug 19 19:48:53, Info:  Elastic energy (total, % kinematic, % potential):  1.46915e+16  , 21.4571  , 78.5429 
Mon Aug 19 19:48:53, Info:  Total momentum (X, Y, Z): 3807.36  , -1000.14  , -6820.58 
Mon Aug 19 19:48:53, Info:  Frictional work (total, % static, % radiated):  1.47668e+16  , 64.1637  , 35.8363 
Mon Aug 19 19:48:53, Info:  Seismic moment (without plasticity): 7.22305e+19  Mw: 7.16915 
Mon Aug 19 19:48:53, Info:  Writing energy output at time 6.5 Done. 
Mon Aug 19 19:48:53, Info:  Time spent this phase (total): 26.3584 s (min: 26.3326 s, max: 26.3721 s)
Mon Aug 19 19:48:53, Info:  Time spent this phase (compute): 26.3583 s (min: 26.3326 s, max: 26.3720 s)
Mon Aug 19 19:48:53, Info:  Time spent this phase (IO): 50.6844 ms (min: 40.4279 ms, max: 70.2464 ms)
Mon Aug 19 19:48:53, Info:  Performance since the start: 9.5409 TFLOP/s (rank 0: 606.1034 GFLOP/s , average over ranks: 596.3037 GFLOP/s ) 
Mon Aug 19 19:48:53, Info:  Performance since last sync point: 9.5480 TFLOP/s (rank 0: 606.5292 GFLOP/s , average over ranks: 596.7470 GFLOP/s ) 
Mon Aug 19 19:49:19, Info:  Writing faultoutput at time 7.
Mon Aug 19 19:49:19, Info:  Writing faultoutput at time 7. Done.
Mon Aug 19 19:49:19, Info:  Writing free surface at time 7.
Mon Aug 19 19:49:19, Info:  Writing free surface at time 7. Done.
Mon Aug 19 19:49:19, Info:  Writing energy output at time 7 
Mon Aug 19 19:49:19, Info:  Elastic energy (total, % kinematic, % potential):  1.75839e+16  , 22.4175  , 77.5825 
Mon Aug 19 19:49:19, Info:  Total momentum (X, Y, Z): -4264.79  , 4281.43  , 39322.7 
Mon Aug 19 19:49:19, Info:  Frictional work (total, % static, % radiated):  1.77119e+16  , 64.3461  , 35.6539 
Mon Aug 19 19:49:19, Info:  Seismic moment (without plasticity): 8.6521e+19  Mw: 7.22141 
Mon Aug 19 19:49:19, Info:  Writing energy output at time 7 Done. 
Mon Aug 19 19:49:19, Info:  Time spent this phase (total): 26.2388 s (min: 26.2116 s, max: 26.2823 s)
Mon Aug 19 19:49:19, Info:  Time spent this phase (compute): 26.2388 s (min: 26.2115 s, max: 26.2822 s)
Mon Aug 19 19:49:19, Info:  Time spent this phase (IO): 54.0331 ms (min: 40.5849 ms, max: 75.4486 ms)
Mon Aug 19 19:49:19, Info:  Performance since the start: 9.5445 TFLOP/s (rank 0: 606.3019 GFLOP/s , average over ranks: 596.5285 GFLOP/s ) 
Mon Aug 19 19:49:19, Info:  Performance since last sync point: 9.5915 TFLOP/s (rank 0: 608.8952 GFLOP/s , average over ranks: 599.4675 GFLOP/s ) 
Mon Aug 19 19:49:45, Info:  Writing faultoutput at time 7.5.
Mon Aug 19 19:49:45, Info:  Writing faultoutput at time 7.5. Done.
Mon Aug 19 19:49:45, Info:  Writing energy output at time 7.5 
Mon Aug 19 19:49:45, Info:  Elastic energy (total, % kinematic, % potential):  2.04415e+16  , 22.2192  , 77.7808 
Mon Aug 19 19:49:45, Info:  Total momentum (X, Y, Z): 27741  , -20849  , -86278.9 
Mon Aug 19 19:49:45, Info:  Frictional work (total, % static, % radiated):  2.06245e+16  , 64.4434  , 35.5566 
Mon Aug 19 19:49:45, Info:  Seismic moment (without plasticity): 1.00925e+20  Mw: 7.266 
Mon Aug 19 19:49:45, Info:  Writing energy output at time 7.5 Done. 
Mon Aug 19 19:49:45, Info:  Time spent this phase (total): 26.2459 s (min: 26.1952 s, max: 26.3010 s)
Mon Aug 19 19:49:45, Info:  Time spent this phase (compute): 26.2455 s (min: 26.1952 s, max: 26.3010 s)
Mon Aug 19 19:49:45, Info:  Time spent this phase (IO): 56.2095 ms (min: 40.6461 ms, max: 113.9734 ms)
Mon Aug 19 19:49:45, Info:  Performance since the start: 9.5474 TFLOP/s (rank 0: 606.5142 GFLOP/s , average over ranks: 596.7127 GFLOP/s ) 
Mon Aug 19 19:49:45, Info:  Performance since last sync point: 9.5889 TFLOP/s (rank 0: 609.5019 GFLOP/s , average over ranks: 599.3035 GFLOP/s ) 
Mon Aug 19 19:50:12, Info:  Writing faultoutput at time 8.
Mon Aug 19 19:50:12, Info:  Writing faultoutput at time 8. Done.
Mon Aug 19 19:50:12, Info:  Writing free surface at time 8.
Mon Aug 19 19:50:12, Info:  Writing free surface at time 8. Done.
Mon Aug 19 19:50:12, Info:  Writing energy output at time 8 
Mon Aug 19 19:50:12, Info:  Elastic energy (total, % kinematic, % potential):  2.31224e+16  , 21.9172  , 78.0828 
Mon Aug 19 19:50:12, Info:  Total momentum (X, Y, Z): -76074.1  , 77059.7  , 89429.6 
Mon Aug 19 19:50:12, Info:  Frictional work (total, % static, % radiated):  2.33663e+16  , 64.3775  , 35.6225 
Mon Aug 19 19:50:12, Info:  Seismic moment (without plasticity): 1.14893e+20  Mw: 7.30353 
Mon Aug 19 19:50:12, Info:  Writing energy output at time 8 Done. 
Mon Aug 19 19:50:12, Info:  Time spent this phase (total): 26.3622 s (min: 26.3305 s, max: 26.3956 s)
Mon Aug 19 19:50:12, Info:  Time spent this phase (compute): 26.3621 s (min: 26.3304 s, max: 26.3956 s)
Mon Aug 19 19:50:12, Info:  Time spent this phase (IO): 51.8876 ms (min: 40.8215 ms, max: 78.1777 ms)
Mon Aug 19 19:50:12, Info:  Performance since the start: 9.5474 TFLOP/s (rank 0: 606.5161 GFLOP/s , average over ranks: 596.7094 GFLOP/s ) 
Mon Aug 19 19:50:12, Info:  Performance since last sync point: 9.5466 TFLOP/s (rank 0: 606.5445 GFLOP/s , average over ranks: 596.6610 GFLOP/s ) 
Mon Aug 19 19:50:38, Info:  Writing faultoutput at time 8.5.
Mon Aug 19 19:50:38, Info:  Writing faultoutput at time 8.5. Done.
Mon Aug 19 19:50:38, Info:  Writing energy output at time 8.5 
Mon Aug 19 19:50:38, Info:  Elastic energy (total, % kinematic, % potential):  2.56367e+16  , 21.7001  , 78.2999 
Mon Aug 19 19:50:38, Info:  Total momentum (X, Y, Z): 217788  , -147201  , -390861 
Mon Aug 19 19:50:38, Info:  Frictional work (total, % static, % radiated):  2.59426e+16  , 64.2881  , 35.7119 
Mon Aug 19 19:50:38, Info:  Seismic moment (without plasticity): 1.28405e+20  Mw: 7.33572 
Mon Aug 19 19:50:38, Info:  Writing energy output at time 8.5 Done. 
Mon Aug 19 19:50:38, Info:  Time spent this phase (total): 26.2334 s (min: 26.2036 s, max: 26.2403 s)
Mon Aug 19 19:50:38, Info:  Time spent this phase (compute): 26.2334 s (min: 26.2036 s, max: 26.2402 s)
Mon Aug 19 19:50:38, Info:  Time spent this phase (IO): 56.3416 ms (min: 40.4951 ms, max: 113.8583 ms)
Mon Aug 19 19:50:38, Info:  Performance since the start: 9.5500 TFLOP/s (rank 0: 606.6818 GFLOP/s , average over ranks: 596.8781 GFLOP/s ) 
Mon Aug 19 19:50:38, Info:  Performance since last sync point: 9.5934 TFLOP/s (rank 0: 609.3455 GFLOP/s , average over ranks: 599.5900 GFLOP/s ) 
Mon Aug 19 19:51:04, Info:  Writing faultoutput at time 9.
Mon Aug 19 19:51:04, Info:  Writing faultoutput at time 9. Done.
Mon Aug 19 19:51:04, Info:  Writing free surface at time 9.
Mon Aug 19 19:51:04, Info:  Writing free surface at time 9. Done.
Mon Aug 19 19:51:04, Info:  Writing energy output at time 9 
Mon Aug 19 19:51:04, Info:  Elastic energy (total, % kinematic, % potential):  2.80127e+16  , 21.5618  , 78.4382 
Mon Aug 19 19:51:04, Info:  Total momentum (X, Y, Z): -503704  , 40854.6  , 6.02167e+06 
Mon Aug 19 19:51:04, Info:  Frictional work (total, % static, % radiated):  2.83848e+16  , 64.0508  , 35.9492 
Mon Aug 19 19:51:04, Info:  Seismic moment (without plasticity): 1.41505e+20  Mw: 7.36385 
Mon Aug 19 19:51:04, Info:  Writing energy output at time 9 Done. 
Mon Aug 19 19:51:04, Info:  Time spent this phase (total): 26.3593 s (min: 26.3458 s, max: 26.3997 s)
Mon Aug 19 19:51:04, Info:  Time spent this phase (compute): 26.3592 s (min: 26.3457 s, max: 26.3997 s)
Mon Aug 19 19:51:04, Info:  Time spent this phase (IO): 50.9370 ms (min: 39.5844 ms, max: 72.0630 ms)
Mon Aug 19 19:51:04, Info:  Performance since the start: 9.5499 TFLOP/s (rank 0: 606.6843 GFLOP/s , average over ranks: 596.8696 GFLOP/s ) 
Mon Aug 19 19:51:04, Info:  Performance since last sync point: 9.5476 TFLOP/s (rank 0: 606.7269 GFLOP/s , average over ranks: 596.7261 GFLOP/s ) 
Mon Aug 19 19:51:31, Info:  Writing faultoutput at time 9.5.
Mon Aug 19 19:51:31, Info:  Writing faultoutput at time 9.5. Done.
Mon Aug 19 19:51:31, Info:  Writing energy output at time 9.5 
Mon Aug 19 19:51:31, Info:  Elastic energy (total, % kinematic, % potential):  3.02466e+16  , 21.4416  , 78.5584 
Mon Aug 19 19:51:31, Info:  Total momentum (X, Y, Z): 1.27456e+06  , 714882  , -3.77197e+07 
Mon Aug 19 19:51:31, Info:  Frictional work (total, % static, % radiated):  3.06911e+16  , 63.7706  , 36.2294 
Mon Aug 19 19:51:31, Info:  Seismic moment (without plasticity): 1.54315e+20  Mw: 7.38894 
Mon Aug 19 19:51:31, Info:  Writing energy output at time 9.5 Done. 
Mon Aug 19 19:51:31, Info:  Time spent this phase (total): 26.3785 s (min: 26.3381 s, max: 26.3922 s)
Mon Aug 19 19:51:31, Info:  Time spent this phase (compute): 26.3784 s (min: 26.3381 s, max: 26.3921 s)
Mon Aug 19 19:51:31, Info:  Time spent this phase (IO): 56.3064 ms (min: 40.4648 ms, max: 114.4535 ms)
Mon Aug 19 19:51:31, Info:  Performance since the start: 9.5494 TFLOP/s (rank 0: 606.6467 GFLOP/s , average over ranks: 596.8393 GFLOP/s ) 
Mon Aug 19 19:51:31, Info:  Performance since last sync point: 9.5407 TFLOP/s (rank 0: 605.9706 GFLOP/s , average over ranks: 596.2938 GFLOP/s ) 
Mon Aug 19 19:51:57, Info:  Writing faultoutput at time 10.
Mon Aug 19 19:51:57, Info:  Writing faultoutput at time 10. Done.
Mon Aug 19 19:51:57, Info:  Writing free surface at time 10.
Mon Aug 19 19:51:57, Info:  Writing free surface at time 10. Done.
Mon Aug 19 19:51:57, Info:  Wrote receivers in 3.77e-07 seconds. 
Mon Aug 19 19:51:57, Info:  Writing energy output at time 10 
Mon Aug 19 19:51:57, Info:  Elastic energy (total, % kinematic, % potential):  3.23346e+16  , 21.2573  , 78.7427 
Mon Aug 19 19:51:57, Info:  Total momentum (X, Y, Z): -3.99328e+06  , -2.77764e+06  , 1.34388e+08 
Mon Aug 19 19:51:57, Info:  Frictional work (total, % static, % radiated):  3.2857e+16  , 63.5472  , 36.4528 
Mon Aug 19 19:51:57, Info:  Seismic moment (without plasticity): 1.66907e+20  Mw: 7.41165 
Mon Aug 19 19:51:57, Info:  Writing energy output at time 10 Done. 
Mon Aug 19 19:51:57, Info:  Time spent this phase (total): 26.5435 s (min: 26.5369 s, max: 26.5701 s)
Mon Aug 19 19:51:57, Info:  Time spent this phase (compute): 26.5434 s (min: 26.5369 s, max: 26.5701 s)
Mon Aug 19 19:51:57, Info:  Time spent this phase (IO): 52.2803 ms (min: 40.6545 ms, max: 81.5167 ms)
Mon Aug 19 19:51:57, Info:  Performance since the start: 9.5460 TFLOP/s (rank 0: 606.4381 GFLOP/s , average over ranks: 596.6251 GFLOP/s ) 
Mon Aug 19 19:51:57, Info:  Performance since last sync point: 9.4814 TFLOP/s (rank 0: 602.5020 GFLOP/s , average over ranks: 592.5848 GFLOP/s ) 
Mon Aug 19 19:52:24, Info:  Writing faultoutput at time 10.5.
Mon Aug 19 19:52:24, Info:  Writing faultoutput at time 10.5. Done.
Mon Aug 19 19:52:24, Info:  Writing energy output at time 10.5 
Mon Aug 19 19:52:24, Info:  Elastic energy (total, % kinematic, % potential):  3.42771e+16  , 21.1299  , 78.8701 
Mon Aug 19 19:52:24, Info:  Total momentum (X, Y, Z): 1.59212e+07  , 6.39142e+06  , -2.82237e+08 
Mon Aug 19 19:52:24, Info:  Frictional work (total, % static, % radiated):  3.48816e+16  , 63.3624  , 36.6376 
Mon Aug 19 19:52:24, Info:  Seismic moment (without plasticity): 1.79349e+20  Mw: 7.43247 
Mon Aug 19 19:52:24, Info:  Writing energy output at time 10.5 Done. 
Mon Aug 19 19:52:24, Info:  Time spent this phase (total): 26.5219 s (min: 26.5111 s, max: 26.5515 s)
Mon Aug 19 19:52:24, Info:  Time spent this phase (compute): 26.5218 s (min: 26.5110 s, max: 26.5515 s)
Mon Aug 19 19:52:24, Info:  Time spent this phase (IO): 53.2478 ms (min: 40.6162 ms, max: 89.2906 ms)
Mon Aug 19 19:52:24, Info:  Performance since the start: 9.5433 TFLOP/s (rank 0: 606.2696 GFLOP/s , average over ranks: 596.4547 GFLOP/s ) 
Mon Aug 19 19:52:24, Info:  Performance since last sync point: 9.4891 TFLOP/s (rank 0: 602.9184 GFLOP/s , average over ranks: 593.0677 GFLOP/s ) 
Mon Aug 19 19:52:50, Info:  Writing faultoutput at time 11.
Mon Aug 19 19:52:50, Info:  Writing faultoutput at time 11. Done.
Mon Aug 19 19:52:50, Info:  Writing free surface at time 11.
Mon Aug 19 19:52:50, Info:  Writing free surface at time 11. Done.
Mon Aug 19 19:52:50, Info:  Writing energy output at time 11 
Mon Aug 19 19:52:50, Info:  Elastic energy (total, % kinematic, % potential):  3.60861e+16  , 20.8636  , 79.1364 
Mon Aug 19 19:52:50, Info:  Total momentum (X, Y, Z): -5.69477e+07  , -8.70537e+06  , 5.06524e+07 
Mon Aug 19 19:52:50, Info:  Frictional work (total, % static, % radiated):  3.67732e+16  , 63.2423  , 36.7577 
Mon Aug 19 19:52:50, Info:  Seismic moment (without plasticity): 1.91637e+20  Mw: 7.45165 
Mon Aug 19 19:52:50, Info:  Writing energy output at time 11 Done. 
Mon Aug 19 19:52:50, Info:  Time spent this phase (total): 26.3731 s (min: 26.3363 s, max: 26.3926 s)
Mon Aug 19 19:52:50, Info:  Time spent this phase (compute): 26.3730 s (min: 26.3362 s, max: 26.3926 s)
Mon Aug 19 19:52:50, Info:  Time spent this phase (IO): 51.6675 ms (min: 40.8442 ms, max: 70.7664 ms)
Mon Aug 19 19:52:50, Info:  Performance since the start: 9.5432 TFLOP/s (rank 0: 606.2702 GFLOP/s , average over ranks: 596.4529 GFLOP/s ) 
Mon Aug 19 19:52:50, Info:  Performance since last sync point: 9.5426 TFLOP/s (rank 0: 606.2826 GFLOP/s , average over ranks: 596.4155 GFLOP/s ) 
Mon Aug 19 19:53:16, Info:  Writing faultoutput at time 11.5.
Mon Aug 19 19:53:16, Info:  Writing faultoutput at time 11.5. Done.
Mon Aug 19 19:53:16, Info:  Writing energy output at time 11.5 
Mon Aug 19 19:53:17, Info:  Elastic energy (total, % kinematic, % potential):  3.77438e+16  , 20.6405  , 79.3595 
Mon Aug 19 19:53:17, Info:  Total momentum (X, Y, Z): 1.52717e+08  , -9.28087e+06  , 2.19809e+09 
Mon Aug 19 19:53:17, Info:  Frictional work (total, % static, % radiated):  3.85216e+16  , 63.1628  , 36.8372 
Mon Aug 19 19:53:17, Info:  Seismic moment (without plasticity): 2.03754e+20  Mw: 7.4694 
Mon Aug 19 19:53:17, Info:  Writing energy output at time 11.5 Done. 
Mon Aug 19 19:53:17, Info:  Time spent this phase (total): 26.3369 s (min: 26.2858 s, max: 26.3892 s)
Mon Aug 19 19:53:17, Info:  Time spent this phase (compute): 26.3368 s (min: 26.2858 s, max: 26.3891 s)
Mon Aug 19 19:53:17, Info:  Time spent this phase (IO): 57.5723 ms (min: 40.5292 ms, max: 120.5191 ms)
Mon Aug 19 19:53:17, Info:  Performance since the start: 9.5438 TFLOP/s (rank 0: 606.3036 GFLOP/s , average over ranks: 596.4868 GFLOP/s ) 
Mon Aug 19 19:53:17, Info:  Performance since last sync point: 9.5557 TFLOP/s (rank 0: 607.0398 GFLOP/s , average over ranks: 597.2326 GFLOP/s ) 
Mon Aug 19 19:53:43, Info:  Writing faultoutput at time 12.
Mon Aug 19 19:53:43, Info:  Writing faultoutput at time 12. Done.
Mon Aug 19 19:53:43, Info:  Writing free surface at time 12.
Mon Aug 19 19:53:43, Info:  Writing free surface at time 12. Done.
Mon Aug 19 19:53:43, Info:  Writing energy output at time 12 
Mon Aug 19 19:53:43, Info:  Elastic energy (total, % kinematic, % potential):  3.92813e+16  , 20.4551  , 79.5449 
Mon Aug 19 19:53:43, Info:  Total momentum (X, Y, Z): -2.84794e+08  , 1.22373e+08  , -8.24404e+09 
Mon Aug 19 19:53:43, Info:  Frictional work (total, % static, % radiated):  4.01415e+16  , 63.1361  , 36.8639 
Mon Aug 19 19:53:43, Info:  Seismic moment (without plasticity): 2.15755e+20  Mw: 7.48597 
Mon Aug 19 19:53:43, Info:  Writing energy output at time 12 Done. 
Mon Aug 19 19:53:43, Info:  Time spent this phase (total): 26.2558 s (min: 26.2208 s, max: 26.2774 s)
Mon Aug 19 19:53:43, Info:  Time spent this phase (compute): 26.2557 s (min: 26.2207 s, max: 26.2773 s)
Mon Aug 19 19:53:43, Info:  Time spent this phase (IO): 55.9044 ms (min: 40.5188 ms, max: 105.3171 ms)
Mon Aug 19 19:53:43, Info:  Performance since the start: 9.5455 TFLOP/s (rank 0: 606.4083 GFLOP/s , average over ranks: 596.5943 GFLOP/s ) 
Mon Aug 19 19:53:43, Info:  Performance since last sync point: 9.5853 TFLOP/s (rank 0: 608.8265 GFLOP/s , average over ranks: 599.0791 GFLOP/s ) 
Mon Aug 19 19:54:09, Info:  Writing faultoutput at time 12.5.
Mon Aug 19 19:54:09, Info:  Writing faultoutput at time 12.5. Done.
Mon Aug 19 19:54:09, Info:  Writing energy output at time 12.5 
Mon Aug 19 19:54:09, Info:  Elastic energy (total, % kinematic, % potential):  4.07036e+16  , 20.1776  , 79.8224 
Mon Aug 19 19:54:09, Info:  Total momentum (X, Y, Z): 3.27471e+08  , -4.36127e+08  , 1.04888e+10 
Mon Aug 19 19:54:09, Info:  Frictional work (total, % static, % radiated):  4.1641e+16  , 63.1724  , 36.8276 
Mon Aug 19 19:54:09, Info:  Seismic moment (without plasticity): 2.27636e+20  Mw: 7.50149 
Mon Aug 19 19:54:09, Info:  Writing energy output at time 12.5 Done. 
Mon Aug 19 19:54:09, Info:  Time spent this phase (total): 26.3459 s (min: 26.3377 s, max: 26.3495 s)
Mon Aug 19 19:54:09, Info:  Time spent this phase (compute): 26.3458 s (min: 26.3377 s, max: 26.3495 s)
Mon Aug 19 19:54:09, Info:  Time spent this phase (IO): 56.6399 ms (min: 40.4315 ms, max: 117.6465 ms)
Mon Aug 19 19:54:09, Info:  Performance since the start: 9.5458 TFLOP/s (rank 0: 606.4241 GFLOP/s , average over ranks: 596.6118 GFLOP/s ) 
Mon Aug 19 19:54:09, Info:  Performance since last sync point: 9.5525 TFLOP/s (rank 0: 606.8029 GFLOP/s , average over ranks: 597.0310 GFLOP/s ) 
Mon Aug 19 19:54:35, Info:  Writing faultoutput at time 13.
Mon Aug 19 19:54:35, Info:  Writing faultoutput at time 13. Done.
Mon Aug 19 19:54:35, Info:  Writing free surface at time 13.
Mon Aug 19 19:54:35, Info:  Writing free surface at time 13. Done.
Mon Aug 19 19:54:35, Info:  Writing energy output at time 13 
Mon Aug 19 19:54:35, Info:  Elastic energy (total, % kinematic, % potential):  4.20045e+16  , 19.7681  , 80.2319 
Mon Aug 19 19:54:35, Info:  Total momentum (X, Y, Z): -1.01086e+08  , 6.48341e+08  , 2.39676e+10 
Mon Aug 19 19:54:35, Info:  Frictional work (total, % static, % radiated):  4.30118e+16  , 63.304  , 36.696 
Mon Aug 19 19:54:35, Info:  Seismic moment (without plasticity): 2.39318e+20  Mw: 7.51598 
Mon Aug 19 19:54:35, Info:  Writing energy output at time 13 Done. 
Mon Aug 19 19:54:35, Info:  Time spent this phase (total): 26.1287 s (min: 26.1251 s, max: 26.1372 s)
Mon Aug 19 19:54:35, Info:  Time spent this phase (compute): 26.1286 s (min: 26.1251 s, max: 26.1372 s)
Mon Aug 19 19:54:35, Info:  Time spent this phase (IO): 57.7168 ms (min: 41.1531 ms, max: 114.1859 ms)
Mon Aug 19 19:54:35, Info:  Performance since the start: 9.5491 TFLOP/s (rank 0: 606.6366 GFLOP/s , average over ranks: 596.8169 GFLOP/s ) 
Mon Aug 19 19:54:35, Info:  Performance since last sync point: 9.6319 TFLOP/s (rank 0: 611.9994 GFLOP/s , average over ranks: 601.9922 GFLOP/s ) 
Mon Aug 19 19:55:02, Info:  Writing faultoutput at time 13.5.
Mon Aug 19 19:55:02, Info:  Writing faultoutput at time 13.5. Done.
Mon Aug 19 19:55:02, Info:  Writing energy output at time 13.5 
Mon Aug 19 19:55:02, Info:  Elastic energy (total, % kinematic, % potential):  4.31715e+16  , 19.2159  , 80.7841 
Mon Aug 19 19:55:02, Info:  Total momentum (X, Y, Z): -1.10782e+09  , 8.93708e+08  , -1.06613e+11 
Mon Aug 19 19:55:02, Info:  Frictional work (total, % static, % radiated):  4.42444e+16  , 63.5334  , 36.4666 
Mon Aug 19 19:55:02, Info:  Seismic moment (without plasticity): 2.50688e+20  Mw: 7.52942 
Mon Aug 19 19:55:02, Info:  Writing energy output at time 13.5 Done. 
Mon Aug 19 19:55:02, Info:  Time spent this phase (total): 26.3570 s (min: 26.3473 s, max: 26.3609 s)
Mon Aug 19 19:55:02, Info:  Time spent this phase (compute): 26.3569 s (min: 26.3472 s, max: 26.3608 s)
Mon Aug 19 19:55:02, Info:  Time spent this phase (IO): 56.3653 ms (min: 40.5566 ms, max: 114.4599 ms)
Mon Aug 19 19:55:02, Info:  Performance since the start: 9.5490 TFLOP/s (rank 0: 606.6345 GFLOP/s , average over ranks: 596.8155 GFLOP/s ) 
Mon Aug 19 19:55:02, Info:  Performance since last sync point: 9.5485 TFLOP/s (rank 0: 606.5792 GFLOP/s , average over ranks: 596.7783 GFLOP/s ) 
Mon Aug 19 19:55:28, Info:  Writing faultoutput at time 14.
Mon Aug 19 19:55:28, Info:  Writing faultoutput at time 14. Done.
Mon Aug 19 19:55:28, Info:  Writing free surface at time 14.
Mon Aug 19 19:55:28, Info:  Writing free surface at time 14. Done.
Mon Aug 19 19:55:28, Info:  Writing energy output at time 14 
Mon Aug 19 19:55:28, Info:  Elastic energy (total, % kinematic, % potential):  4.42108e+16  , 18.5478  , 81.4522 
Mon Aug 19 19:55:28, Info:  Total momentum (X, Y, Z): 4.5181e+09  , -5.42507e+09  , 5.26527e+10 
Mon Aug 19 19:55:28, Info:  Frictional work (total, % static, % radiated):  4.53434e+16  , 63.8468  , 36.1532 
Mon Aug 19 19:55:28, Info:  Seismic moment (without plasticity): 2.61632e+20  Mw: 7.54179 
Mon Aug 19 19:55:28, Info:  Writing energy output at time 14 Done. 
Mon Aug 19 19:55:28, Info:  Time spent this phase (total): 26.2378 s (min: 26.2328 s, max: 26.2618 s)
Mon Aug 19 19:55:28, Info:  Time spent this phase (compute): 26.2377 s (min: 26.2328 s, max: 26.2617 s)
Mon Aug 19 19:55:28, Info:  Time spent this phase (IO): 53.0934 ms (min: 40.5447 ms, max: 86.5241 ms)
Mon Aug 19 19:55:28, Info:  Performance since the start: 9.5506 TFLOP/s (rank 0: 606.7357 GFLOP/s , average over ranks: 596.9105 GFLOP/s ) 
Mon Aug 19 19:55:28, Info:  Performance since last sync point: 9.5918 TFLOP/s (rank 0: 609.4820 GFLOP/s , average over ranks: 599.4881 GFLOP/s ) 
Mon Aug 19 19:55:54, Info:  Writing faultoutput at time 14.5.
Mon Aug 19 19:55:54, Info:  Writing faultoutput at time 14.5. Done.
Mon Aug 19 19:55:54, Info:  Writing energy output at time 14.5 
Mon Aug 19 19:55:54, Info:  Elastic energy (total, % kinematic, % potential):  4.51309e+16  , 17.7744  , 82.2256 
Mon Aug 19 19:55:54, Info:  Total momentum (X, Y, Z): -4.7272e+09  , 5.09464e+09  , 3.94829e+11 
Mon Aug 19 19:55:54, Info:  Frictional work (total, % static, % radiated):  4.63248e+16  , 64.2298  , 35.7702 
Mon Aug 19 19:55:54, Info:  Seismic moment (without plasticity): 2.72046e+20  Mw: 7.55309 
Mon Aug 19 19:55:54, Info:  Writing energy output at time 14.5 Done. 
Mon Aug 19 19:55:54, Info:  Time spent this phase (total): 26.3220 s (min: 26.3125 s, max: 26.3371 s)
Mon Aug 19 19:55:54, Info:  Time spent this phase (compute): 26.3219 s (min: 26.3124 s, max: 26.3371 s)
Mon Aug 19 19:55:54, Info:  Time spent this phase (IO): 50.5819 ms (min: 39.3503 ms, max: 69.7375 ms)
Mon Aug 19 19:55:54, Info:  Performance since the start: 9.5509 TFLOP/s (rank 0: 606.7631 GFLOP/s , average over ranks: 596.9333 GFLOP/s ) 
Mon Aug 19 19:55:54, Info:  Performance since last sync point: 9.5611 TFLOP/s (rank 0: 607.5309 GFLOP/s , average over ranks: 597.5710 GFLOP/s ) 
Mon Aug 19 19:56:21, Info:  Writing faultoutput at time 15.
Mon Aug 19 19:56:21, Info:  Writing faultoutput at time 15. Done.
Mon Aug 19 19:56:21, Info:  Writing free surface at time 15.
Mon Aug 19 19:56:21, Info:  Writing free surface at time 15. Done.
Mon Aug 19 19:56:21, Info:  Writing energy output at time 15 
Mon Aug 19 19:56:21, Info:  Elastic energy (total, % kinematic, % potential):  4.59717e+16  , 16.9452  , 83.0548 
Mon Aug 19 19:56:21, Info:  Total momentum (X, Y, Z): -1.00865e+10  , 1.30181e+10  , -6.23578e+11 
Mon Aug 19 19:56:21, Info:  Frictional work (total, % static, % radiated):  4.72121e+16  , 64.6454  , 35.3546 
Mon Aug 19 19:56:21, Info:  Seismic moment (without plasticity): 2.81795e+20  Mw: 7.56329 
Mon Aug 19 19:56:21, Info:  Writing energy output at time 15 Done. 
Mon Aug 19 19:56:21, Info:  Time spent this phase (total): 26.3583 s (min: 26.3479 s, max: 26.3697 s)
Mon Aug 19 19:56:21, Info:  Time spent this phase (compute): 26.3582 s (min: 26.3478 s, max: 26.3697 s)
Mon Aug 19 19:56:21, Info:  Time spent this phase (IO): 51.1194 ms (min: 40.7956 ms, max: 74.3002 ms)
Mon Aug 19 19:56:21, Info:  Performance since the start: 9.5508 TFLOP/s (rank 0: 606.7581 GFLOP/s , average over ranks: 596.9272 GFLOP/s ) 
Mon Aug 19 19:56:21, Info:  Performance since last sync point: 9.5480 TFLOP/s (rank 0: 606.6124 GFLOP/s , average over ranks: 596.7502 GFLOP/s ) 
Mon Aug 19 19:56:21, Info:  Ignoring duplicate synchronisation point at time 15 ; the last sync point was at  15 
Mon Aug 19 19:56:21, Info:  Ignoring duplicate synchronisation point at time 15 ; the last sync point was at  15 
Mon Aug 19 19:56:21, Info:  Wrote receivers in 4.34e-07 seconds. 
Mon Aug 19 19:56:21, Info:  Ignoring duplicate synchronisation point at time 15 ; the last sync point was at  15 
Mon Aug 19 19:56:21, Info:  Simulation time (total): 13 min 10.5125 s (min: 13 min 10.4725 s, max: 13 min 10.5366 s)
Mon Aug 19 19:56:21, Info:  Simulation time (compute): 13 min 8.8327 s (min: 13 min 7.5611 s, max: 13 min 9.2327 s)
Mon Aug 19 19:56:21, Info:  Simulation time (IO): 1.6756 s (min: 1.2692 s, max: 2.9547 s)
Mon Aug 19 19:56:21, Info:  Time spent in compute kernels: mean = 759.52  std = 7.91315  min = 748.375  median = 757.495  max = 777.886 
Mon Aug 19 19:56:21, Info:  Load imbalance: 2.36096 % 
Mon Aug 19 19:56:21, Info:  Regression analysis of compute kernels: 
Mon Aug 19 19:56:21, Info:  "computeLocalIntegration" (total time): 3689.11 s ( = 1 h 1 min 29.1070 s ) 
Mon Aug 19 19:56:21, Info:  "computeLocalIntegration" ( constant ): 1.99473e-05 (sample size: 4.06845e+06 , standard error: 5.21886e-12 ) 
Mon Aug 19 19:56:21, Info:  "computeLocalIntegration" ( per element ): 8.30197e-08 (sample size: 4.06845e+06 , standard error: 5.21886e-12 ) 
Mon Aug 19 19:56:21, Info:  "computeNeighboringIntegration" (total time): 4494.81 s ( = 1 h 14 min 54.8131 s ) 
Mon Aug 19 19:56:21, Info:  "computeNeighboringIntegration" ( constant ): 0.000132889 (sample size: 4.06845e+06 , standard error: 7.96962e-12 ) 
Mon Aug 19 19:56:21, Info:  "computeNeighboringIntegration" ( per element ): 9.0986e-08 (sample size: 4.06845e+06 , standard error: 7.96962e-12 ) 
Mon Aug 19 19:56:21, Info:  "computeDynamicRupture" (total time): 3968.41 s ( = 1 h 6 min 8.4062 s ) 
Mon Aug 19 19:56:21, Info:  "computeDynamicRupture" ( constant ): 8.39034e-05 (sample size: 2.89191e+06 , standard error: 4.6166e-11 ) 
Mon Aug 19 19:56:21, Info:  "computeDynamicRupture" ( per element ): 4.49726e-07 (sample size: 2.89191e+06 , standard error: 4.6166e-11 ) 
Mon Aug 19 19:56:21, Info:  "computePointSources" (total time): 0 s ( = 0.0000 s ) 
Mon Aug 19 19:56:21, Info:  "computePointSources" ( constant ): -nan (sample size: 0 , standard error: -nan ) 
Mon Aug 19 19:56:21, Info:  "computePointSources" ( per element ): -nan (sample size: 0 , standard error: -nan ) 
Mon Aug 19 19:56:21, Info:  Total time spent in compute kernels: 12152.3 s ( = 3 h 22 min 32.3263 s ) 
Mon Aug 19 19:56:21, Info:  Total calculated HW-FLOP:  7.5501 PFLOP 
Mon Aug 19 19:56:21, Info:  Total calculated NZ-FLOP:  3.0181 PFLOP 
Mon Aug 19 19:56:21, Info:  Total calculated HW-FLOP/s:  9.5505 TFLOP/s 
Mon Aug 19 19:56:21, Info:  Total calculated NZ-FLOP/s:  3.8178 TFLOP/s 
Mon Aug 19 19:56:21, Info:  WP calculated HW-FLOP:  6.2558 PFLOP 
Mon Aug 19 19:56:21, Info:  WP calculated NZ-FLOP:  2.0557 PFLOP 
Mon Aug 19 19:56:21, Info:  DR calculated HW-FLOP:  1.2943 PFLOP 
Mon Aug 19 19:56:21, Info:  DR calculated NZ-FLOP:  962.3534 TFLOP 
Mon Aug 19 19:56:21, Info:  PL calculated HW-FLOP:  0.0000 FLOP 
Mon Aug 19 19:56:21, Info:  PL calculated NZ-FLOP:  0.0000 FLOP 
Mon Aug 19 19:56:21, Info:  Time spent in simulation: 13 min 10.5371 s (min: 13 min 10.5370 s, max: 13 min 10.5381 s)
Mon Aug 19 19:56:21, Info:  Simulation done. 
Mon Aug 19 19:56:21, Info:  Closing IO. 
Mon Aug 19 19:56:21, Info:  Time free surface writer backend: 497.9962 ms (min: 2.6581 ms, max: 4.8542 s)
Mon Aug 19 19:56:21, Info:  Time fault writer backend: 3.0157 s (min: 1.2466 s, max: 19.6395 s)
Mon Aug 19 19:56:21, Info:  Time fault writer frontend: 34.5681 ms (min: 29.8851 ms, max: 38.3328 ms)
Mon Aug 19 19:56:21, Info:  Time free surface writer frontend: 3.1865 ms (min: 301.0230 s, max: 21.4340 ms)
Mon Aug 19 19:56:22, Info:  SeisSol done. Goodbye. 
SeisSol complete.
/hppfs/scratch/01/di35poq/haiti-rupture-outputs/dynamic-rupture-outputs/regional-only/jobid_3757561 ~/haiti-rupture-inputs/dynamic-rupture/regional-only
Writing hdf5 output with compression enabled (compression_level=4). 
Use --compression=0 if you want to speed-up data extraction.
ASl: 0it [00:00, ?it/s]ASl: 4it [00:00, 19.51it/s]ASl: 8it [00:00, 25.58it/s]ASl: 14it [00:00, 35.66it/s]ASl: 19it [00:00, 38.42it/s]ASl: 24it [00:00, 37.59it/s]ASl: 28it [00:00, 37.38it/s]ASl: 30it [00:00, 34.59it/s]
Sls: 0it [00:00, ?it/s]Sls: 4it [00:00, 30.39it/s]Sls: 8it [00:00, 31.28it/s]Sls: 12it [00:00, 30.94it/s]Sls: 16it [00:00, 29.98it/s]Sls: 20it [00:00, 28.87it/s]Sls: 23it [00:00, 28.76it/s]Sls: 26it [00:00, 24.09it/s]Sls: 29it [00:01, 24.21it/s]Sls: 30it [00:01, 26.50it/s]
Sld: 0it [00:00, ?it/s]Sld: 4it [00:00, 30.80it/s]Sld: 8it [00:00, 32.31it/s]Sld: 12it [00:00, 32.23it/s]Sld: 16it [00:00, 31.23it/s]Sld: 20it [00:00, 30.20it/s]Sld: 24it [00:00, 28.83it/s]Sld: 27it [00:00, 28.73it/s]Sld: 30it [00:01, 27.68it/s]Sld: 30it [00:01, 29.31it/s]
Ts0: 0it [00:00, ?it/s]Ts0: 2it [00:00, 11.83it/s]Ts0: 4it [00:00, 11.79it/s]Ts0: 6it [00:00, 12.11it/s]Ts0: 8it [00:00, 11.90it/s]Ts0: 10it [00:00, 12.06it/s]Ts0: 12it [00:01, 11.87it/s]Ts0: 14it [00:01, 12.01it/s]Ts0: 16it [00:01, 11.74it/s]Ts0: 18it [00:01, 11.87it/s]Ts0: 20it [00:01, 11.66it/s]Ts0: 22it [00:01, 11.76it/s]Ts0: 24it [00:02, 11.54it/s]Ts0: 26it [00:02, 11.64it/s]Ts0: 28it [00:02, 11.48it/s]Ts0: 30it [00:02, 11.57it/s]Ts0: 30it [00:02, 11.74it/s]
Td0: 0it [00:00, ?it/s]Td0: 2it [00:00, 12.42it/s]Td0: 4it [00:00, 12.32it/s]Td0: 6it [00:00, 12.81it/s]Td0: 8it [00:00, 12.62it/s]Td0: 10it [00:00, 12.83it/s]Td0: 12it [00:00, 12.60it/s]Td0: 14it [00:01, 12.76it/s]Td0: 16it [00:01, 12.55it/s]Td0: 18it [00:01, 12.72it/s]Td0: 20it [00:01, 12.54it/s]Td0: 22it [00:01, 12.68it/s]Td0: 24it [00:01, 12.46it/s]Td0: 26it [00:02, 12.58it/s]Td0: 28it [00:02, 11.34it/s]Td0: 30it [00:02, 11.73it/s]Td0: 30it [00:02, 12.32it/s]
Pn0: 0it [00:00, ?it/s]Pn0: 2it [00:00, 11.16it/s]Pn0: 4it [00:00,  8.87it/s]Pn0: 6it [00:00, 10.01it/s]Pn0: 8it [00:00, 10.37it/s]Pn0: 10it [00:00, 10.80it/s]Pn0: 12it [00:01, 10.76it/s]Pn0: 14it [00:01, 11.01it/s]Pn0: 16it [00:01, 10.92it/s]Pn0: 18it [00:01, 11.07it/s]Pn0: 20it [00:01, 10.93it/s]Pn0: 22it [00:02, 11.04it/s]Pn0: 24it [00:02, 10.85it/s]Pn0: 26it [00:02, 10.94it/s]Pn0: 28it [00:02, 10.75it/s]Pn0: 30it [00:02, 10.83it/s]Pn0: 30it [00:02, 10.74it/s]
T_s: 0it [00:00, ?it/s]T_s: 2it [00:00, 15.33it/s]T_s: 4it [00:00, 14.71it/s]T_s: 6it [00:00, 14.92it/s]T_s: 8it [00:00, 14.27it/s]T_s: 10it [00:00, 14.23it/s]T_s: 12it [00:00, 13.70it/s]T_s: 14it [00:00, 13.62it/s]T_s: 16it [00:01, 13.16it/s]T_s: 18it [00:01, 13.10it/s]T_s: 20it [00:01, 12.71it/s]T_s: 22it [00:01, 12.68it/s]T_s: 24it [00:01, 12.31it/s]T_s: 26it [00:01, 12.33it/s]T_s: 28it [00:02, 12.09it/s]T_s: 30it [00:02, 12.13it/s]T_s: 30it [00:02, 12.97it/s]
T_d: 0it [00:00, ?it/s]T_d: 1it [00:00,  6.73it/s]T_d: 3it [00:00, 11.73it/s]T_d: 5it [00:00, 11.64it/s]T_d: 7it [00:00, 12.79it/s]T_d: 9it [00:00, 12.85it/s]T_d: 11it [00:00, 13.25it/s]T_d: 13it [00:01, 12.95it/s]T_d: 15it [00:01, 13.10it/s]T_d: 17it [00:01, 12.85it/s]T_d: 19it [00:01, 12.94it/s]T_d: 21it [00:01, 12.58it/s]T_d: 23it [00:01, 12.66it/s]T_d: 25it [00:01, 12.41it/s]T_d: 27it [00:02, 12.48it/s]T_d: 29it [00:02, 12.26it/s]T_d: 30it [00:02, 12.47it/s]
P_n: 0it [00:00, ?it/s]P_n: 2it [00:00, 15.08it/s]P_n: 4it [00:00, 14.61it/s]P_n: 6it [00:00, 14.80it/s]P_n: 8it [00:00, 14.01it/s]P_n: 10it [00:00, 14.03it/s]P_n: 12it [00:00, 13.54it/s]P_n: 14it [00:01, 13.49it/s]P_n: 16it [00:01, 12.97it/s]P_n: 18it [00:01, 13.01it/s]P_n: 20it [00:01, 12.67it/s]P_n: 22it [00:01, 12.73it/s]P_n: 24it [00:01, 12.48it/s]P_n: 26it [00:01, 12.54it/s]P_n: 28it [00:02, 12.30it/s]P_n: 30it [00:02, 12.37it/s]P_n: 30it [00:02, 13.01it/s]
Mud: 0it [00:00, ?it/s]Mud: 4it [00:00, 34.11it/s]Mud: 8it [00:00, 30.05it/s]Mud: 15it [00:00, 45.05it/s]Mud: 21it [00:00, 49.58it/s]Mud: 28it [00:00, 52.48it/s]Mud: 30it [00:00, 48.56it/s]
done writing output_jobid_3757561_extracted-fault.h5
done writing output_jobid_3757561_extracted-fault.xdmf
full path: /hppfs/scratch/01/di35poq/haiti-rupture-outputs/dynamic-rupture-outputs/regional-only/jobid_3757561/output_jobid_3757561_extracted-fault.xdmf
Writing hdf5 output with compression enabled (compression_level=4). 
Use --compression=0 if you want to speed-up data extraction.
u1: 0it [00:00, ?it/s]u1: 7it [00:00, 68.42it/s]u1: 15it [00:00, 90.08it/s]
u2: 0it [00:00, ?it/s]u2: 12it [00:00, 112.76it/s]u2: 15it [00:00, 123.17it/s]
u3: 0it [00:00, ?it/s]u3: 12it [00:00, 114.20it/s]u3: 15it [00:00, 124.57it/s]
done writing output_jobid_3757561_extracted-surface.h5
done writing output_jobid_3757561_extracted-surface.xdmf
full path: /hppfs/scratch/01/di35poq/haiti-rupture-outputs/dynamic-rupture-outputs/regional-only/jobid_3757561/output_jobid_3757561_extracted-surface.xdmf
Working on JobID: 3757561
/hppfs/scratch/01/di35poq/haiti-rupture-outputs/dynamic-rupture-outputs/regional-only/jobid_3757561/output_jobid_3757561_extracted-fault.xdmf
mu_s: 0.6
mu_d: 0.5
done writing /hppfs/scratch/01/di35poq/haiti-rupture-outputs/dynamic-rupture-outputs/regional-only/jobid_3757561/jobid_3757561_R-fault.xdmf
full path: /hppfs/scratch/01/di35poq/haiti-rupture-outputs/dynamic-rupture-outputs/regional-only/jobid_3757561/jobid_3757561_R-fault.xdmf
done writing /hppfs/scratch/01/di35poq/haiti-rupture-outputs/dynamic-rupture-outputs/regional-only/jobid_3757561/jobid_3757561_R-fault.h5
warning: Mw computed over 0-85s (avoiding contribution of small residual moment after rupture)
jobid_3757561 moment magnitude: 7.563288855322101 (M0 = 2.8180e+20)
Finished writing /hppfs/scratch/01/di35poq/haiti-rupture-outputs/dynamic-rupture-outputs/regional-only/jobid_3757561/moment_rate_mainshock.png
Job ID set as: 3757561
mu_s: 0.6
mu_d: 0.5
~/haiti-rupture-inputs/dynamic-rupture/regional-only
