Mon 26 Aug 2024 07:52:07 PM UTC
num_nodes: 16 ntasks: 16 cpus_per_task:
Line 63 replaced with: OutputFile='/hppfs/scratch/01/di35poq/haiti-rupture-outputs/dynamic-rupture-outputs/regional-only/jobid_3838283'
Job log complete.
Starting SeisSol...
Mon Aug 26 21:52:09, Info:  Using the parameter file parameters.par 
Mon Aug 26 21:52:09, Info:  Reading SeisSol parameter file... 
Mon Aug 26 21:52:09, Info:  In your parameter file, you have specified a non-positive interval for "checkpointinterval" . This mechanism is deprecated and may be removed in a future version of SeisSol. Consider disabling the whole module by setting "checkpoint" to 0 instead by adding "checkpoint = 0" to the "output" section of your parameter file instead. 
Mon Aug 26 21:52:09, Info:  The field "printintervalcriterion" is no longer in use. You may safely remove it from your parameters file. 
Mon Aug 26 21:52:09, Info:  Disabling the wavefield output by setting "outputformat = 10" is deprecated and may be removed in a future version of SeisSol. Consider using the parameter "wavefieldoutput" instead. To disable wavefield output, add "wavefieldoutput = 0" to the "output" section of your parameters file. 
Mon Aug 26 21:52:09, Info:  The field "printintervalcriterion" is no longer in use. You may safely remove it from your parameters file. 
Mon Aug 26 21:52:09, Info:  The field "pickdttype" is no longer in use. You may safely remove it from your parameters file. 
Mon Aug 26 21:52:09, Info:  The field "faultoutputflag" is no longer in use. You may safely remove it from your parameters file. 
Mon Aug 26 21:52:09, Info:  The field "boundaries" is no longer in use. You may safely remove it from your parameters file. 
Mon Aug 26 21:52:09, Info:  SeisSol parameter file read successfully. 
Mon Aug 26 21:52:09, Info:  Model information: 
Mon Aug 26 21:52:09, Info:  Elastic model: yes 
Mon Aug 26 21:52:09, Info:  Viscoelastic model: no 
Mon Aug 26 21:52:09, Info:  Anelastic model: no 
Mon Aug 26 21:52:09, Info:  Poroelastic model: no 
Mon Aug 26 21:52:09, Info:  Anisotropic model: no 
Mon Aug 26 21:52:09, Info:  Plasticity: no 
Mon Aug 26 21:52:09, Info:  Welcome to SeisSol 
Mon Aug 26 21:52:09, Info:  Copyright (c) 2012 - 2024  SeisSol Group 
Mon Aug 26 21:52:09, Info:  Version: v1.1.4-148-g60aedc8c (dirty) 
Mon Aug 26 21:52:09, Info:  Built on: Jun 17 2024 21:03:35 
Mon Aug 26 21:52:09, Info:  Last commit: 60aedc8c2ae0a5d9e5a46cc3a40e4eaf1c047225 at 2024-06-06T12:54:08+00:00 
Mon Aug 26 21:52:09, Info:  Compiled with HOST_ARCH = skx 
Mon Aug 26 21:52:09, Info:  Running on (rank=0): "i01r01c03s01" 
Mon Aug 26 21:52:09, Info:  Using MPI with #ranks: 16 
Mon Aug 26 21:52:09, Info:  Node-wide (shared memory) MPI with #ranks/node: 1 
Mon Aug 26 21:52:09, Info:  Using asynchronous MPI routines. 
Mon Aug 26 21:52:09, Info:  Using OMP with #threads/rank: 94 
Mon Aug 26 21:52:09, Info:  OpenMP worker affinity (this process): "0123456789|0123456789|0123456789|0123456789|0123456-89|0123456789|0123456789|0123456789|0123456789|01234-" 
Mon Aug 26 21:52:09, Info:  OpenMP worker affinity (this node)   : "0123456789|0123456789|0123456789|0123456789|0123456-89|0123456789|0123456789|0123456789|0123456789|01234-" 
Mon Aug 26 21:52:09, Info:  Using a communication thread for advancing MPI communication. 
Mon Aug 26 21:52:09, Info:  Communication thread affinity        : "----------|----------|----------|----------|-------7--|----------|----------|----------|----------|-----5" 
Mon Aug 26 21:52:09, Info:  The stack size ulimit is 2097152 [kiB] ( = 2.0000 GiB ). 
Mon Aug 26 21:52:09, Info:  Begin init mesh. 
Mon Aug 26 21:52:09, Info:  Mesh file: "/dss/dsshome1/01/di35poq/mesh/mesh_v07/Haiti_v07_lowres" 
Mon Aug 26 21:52:09, Info:  Running mini SeisSol to determine node weights. 
Mon Aug 26 21:52:09, Info:  miniSeisSol configured with 50000 elements and 10 repeats per process 
Mon Aug 26 21:52:09, Info:  Node weights: mean = 41.2953  std = 0.471195  min = 40.2809  median = 41.3882  max = 41.9416 
Mon Aug 26 21:52:09, Info:  Reading PUML mesh 
Mon Aug 26 21:52:09, Info:  Inferring boundary format. 
Mon Aug 26 21:52:09, Info:  Boundary format not given in PUML file; inferring from array shape. 
Mon Aug 26 21:52:09, Info:  Using boundary format: i32 (4xi8) 
Mon Aug 26 21:52:09, Info:  Found 2685422 cells 
Mon Aug 26 21:52:09, Info:  Found 477078 vertices 
Mon Aug 26 21:52:10, Info:  Computing LTS weights. 
Mon Aug 26 21:52:13, Info:  Limiting number of clusters to 2147483646 
Mon Aug 26 21:52:13, Info:  Computing LTS weights. Done.  (108216 reductions.)
Mon Aug 26 21:52:13, Info:  Using the Parmetis partition library and strategy. 
Mon Aug 26 21:52:16, Info:  PUML mesh read in: 7.5752 s (min: 7.5102 s, max: 7.7084 s)
Mon Aug 26 21:52:16, Info:  The mesh has been read. Starting post processing. 
Mon Aug 26 21:52:16, Info:  Extracting fault information. 
Mon Aug 26 21:52:16, Info:  Exchanging ghostlayer metadata. 
Mon Aug 26 21:52:18, Info:  Mesh initialized in: 9.5784 s (min: 9.5781 s, max: 9.5790 s)
Mon Aug 26 21:52:18, Info:  End init mesh. 
Mon Aug 26 21:52:18, Info:  Begin init model. 
Mon Aug 26 21:52:18, Info:  Initialize LTS. 
Mon Aug 26 21:52:18, Info:  Deriving clusters ids for min. time step width / multiRate: 0.000213316 / 2 
Mon Aug 26 21:52:18, Info:  Due to wiggle factor of 1 the minimum timestep size is reduced to 0.000213316 
Mon Aug 26 21:52:18, Info:  Number of elements in time clusters: 
Mon Aug 26 21:52:18, Info:  0: 2088 
Mon Aug 26 21:52:18, Info:  1: 265401 
Mon Aug 26 21:52:18, Info:  2: 1618976 
Mon Aug 26 21:52:18, Info:  3: 538212 
Mon Aug 26 21:52:18, Info:  4: 147352 
Mon Aug 26 21:52:18, Info:  5: 35652 
Mon Aug 26 21:52:18, Info:  6: 11329 
Mon Aug 26 21:52:18, Info:  7: 18592 
Mon Aug 26 21:52:18, Info:  8: 47781 
Mon Aug 26 21:52:18, Info:  9: 39 
Mon Aug 26 21:52:18, Info:  maximum theoretical speedup (compared to GTS): 6.4313 per cell LTS, 4.34786 with the used clustering. 
Mon Aug 26 21:52:18, Info:  Number of elements in dynamic rupture time clusters: 
Mon Aug 26 21:52:18, Info:  0 (dr): 617 
Mon Aug 26 21:52:18, Info:  1 (dr): 78797 
Mon Aug 26 21:52:18, Info:  2 (dr): 309951 
Mon Aug 26 21:52:18, Info:  3 (dr): 2510 
Mon Aug 26 21:52:18, Info:  4 (dr): 0 
Mon Aug 26 21:52:18, Info:  5 (dr): 0 
Mon Aug 26 21:52:18, Info:  6 (dr): 0 
Mon Aug 26 21:52:18, Info:  7 (dr): 0 
Mon Aug 26 21:52:18, Info:  8 (dr): 0 
Mon Aug 26 21:52:18, Info:  9 (dr): 0 
Mon Aug 26 21:52:18, Info:  Initialize Friction Model 
Mon Aug 26 21:52:21, Info:  Initialize cell material parameters. 
Mon Aug 26 21:52:22, Info:  Initialize Memory layout. 
Mon Aug 26 21:52:23, Info:  Initialize cell-local matrices. 
Mon Aug 26 21:52:23, Info:  Initializing Fault, using a quadrature rule with  25  points. 
Mon Aug 26 21:55:25, Info:  Model initialized in: 3 min 7.2567 s (min: 3 min 7.2547 s, max: 3 min 7.2595 s)
Mon Aug 26 21:55:25, Info:  End init model. 
Mon Aug 26 21:55:25, Info:  Setting initial conditions. 
Mon Aug 26 21:55:25, Info:  Using initial condition "Zero" . 
Mon Aug 26 21:55:25, Info:  Reading source. 
Mon Aug 26 21:55:25, Info:  No source term specified. 
Mon Aug 26 21:55:25, Info:  Setting up boundary conditions. 
Mon Aug 26 21:55:25, Info:  Begin init output. 
Mon Aug 26 21:55:25, Info:  Initializing free surface integrator. 
Mon Aug 26 21:55:25, Info:  Initializing free surface integrator. Done. 
Mon Aug 26 21:55:25, Info:  Enabling 2D fault output 
Mon Aug 26 21:55:25, Info:  Initializing Fault output. Number of sub-triangles: 4 
Mon Aug 26 21:55:26, Info:  Initializing XDMF fault output. 
Mon Aug 26 21:55:26, Info:  Fault writer thread affinity: "----------|----------|----------|----------|-------7--|----------|----------|----------|----------|-----5" 
Mon Aug 26 21:55:26, Info:  Initializing XDMF fault output. Done. 
Mon Aug 26 21:55:26, Info:  Initializing free surface output. 
Mon Aug 26 21:55:26, Info:  Free surface writer thread affinity: "----------|----------|----------|----------|-------7--|----------|----------|----------|----------|-----5" 
Mon Aug 26 21:55:26, Info:  Initializing free surface output. Done. 
Mon Aug 26 21:55:26, Info:  No record points read. 
Mon Aug 26 21:55:26, Info:  Finding meshIds for receivers... 
Mon Aug 26 21:55:26, Info:  Cleaning possible double occurring receivers for MPI... 
Mon Aug 26 21:55:26, Info:  Mapping receivers to LTS cells... 
Mon Aug 26 21:55:26, Info:  Initializing energy output. 
Mon Aug 26 21:55:26, Info:  End init output. 
Mon Aug 26 21:55:26, Info:  Finishing initialization... 
Mon Aug 26 21:55:26, Info:  Starting simulation. 
Mon Aug 26 21:55:26, Info:  Writing faultoutput at time 0.
Mon Aug 26 21:55:26, Info:  Writing faultoutput at time 0. Done.
Mon Aug 26 21:55:26, Info:  Writing free surface at time 0.
Mon Aug 26 21:55:26, Info:  Writing free surface at time 0. Done.
Mon Aug 26 21:55:26, Info:  Writing energy output at time 0 
Mon Aug 26 21:55:26, Info:  Total momentum (X, Y, Z): 0  , 0  , 0 
Mon Aug 26 21:55:26, Info:  Writing energy output at time 0 Done. 
Mon Aug 26 21:55:26, Info:  Time spent for initial IO: 52.6498 ms (min: 41.0505 ms, max: 70.3834 ms)
Mon Aug 26 21:55:53, Info:  Writing faultoutput at time 0.5.
Mon Aug 26 21:55:53, Info:  Writing faultoutput at time 0.5. Done.
Mon Aug 26 21:55:53, Info:  Writing energy output at time 0.5 
Mon Aug 26 21:55:53, Info:  Elastic energy (total, % kinematic, % potential):  7.42993e+11  , 24.3619  , 75.6381 
Mon Aug 26 21:55:53, Info:  Total momentum (X, Y, Z): 0.0171368  , -0.00223521  , -0.0017119 
Mon Aug 26 21:55:53, Info:  Frictional work (total, % static, % radiated):  7.50564e+11  , 73.2351  , 26.7649 
Mon Aug 26 21:55:53, Info:  Seismic moment (without plasticity): 1.22329e+16  Mw: 4.65502 
Mon Aug 26 21:55:53, Info:  Writing energy output at time 0.5 Done. 
Mon Aug 26 21:55:53, Info:  Time spent this phase (total): 26.8010 s (min: 26.7743 s, max: 26.8316 s)
Mon Aug 26 21:55:53, Info:  Time spent this phase (compute): 26.7484 s (min: 26.7204 s, max: 26.7766 s)
Mon Aug 26 21:55:53, Info:  Time spent this phase (IO): 50.4509 ms (min: 39.6393 ms, max: 92.6224 ms)
Mon Aug 26 21:55:53, Info:  Performance since the start: 9.3902 TFLOP/s (rank 0: 579.9793 GFLOP/s , average over ranks: 586.8856 GFLOP/s ) 
Mon Aug 26 21:55:53, Info:  Performance since last sync point: 9.3902 TFLOP/s (rank 0: 579.9793 GFLOP/s , average over ranks: 586.8856 GFLOP/s ) 
Mon Aug 26 21:56:19, Info:  Writing faultoutput at time 1.
Mon Aug 26 21:56:19, Info:  Writing faultoutput at time 1. Done.
Mon Aug 26 21:56:19, Info:  Writing free surface at time 1.
Mon Aug 26 21:56:19, Info:  Writing free surface at time 1. Done.
Mon Aug 26 21:56:19, Info:  Writing energy output at time 1 
Mon Aug 26 21:56:19, Info:  Elastic energy (total, % kinematic, % potential):  5.58103e+12  , 22.5192  , 77.4808 
Mon Aug 26 21:56:19, Info:  Total momentum (X, Y, Z): 0.527896  , 0.232033  , 0.0363893 
Mon Aug 26 21:56:19, Info:  Frictional work (total, % static, % radiated):  5.74593e+12  , 73.7773  , 26.2227 
Mon Aug 26 21:56:19, Info:  Seismic moment (without plasticity): 9.11215e+16  Mw: 5.23641 
Mon Aug 26 21:56:19, Info:  Writing energy output at time 1 Done. 
Mon Aug 26 21:56:19, Info:  Time spent this phase (total): 26.2619 s (min: 26.2207 s, max: 26.2961 s)
Mon Aug 26 21:56:19, Info:  Time spent this phase (compute): 26.2617 s (min: 26.2206 s, max: 26.2960 s)
Mon Aug 26 21:56:19, Info:  Time spent this phase (IO): 47.7552 ms (min: 39.7816 ms, max: 65.4018 ms)
Mon Aug 26 21:56:19, Info:  Performance since the start: 9.4857 TFLOP/s (rank 0: 586.1049 GFLOP/s , average over ranks: 592.8532 GFLOP/s ) 
Mon Aug 26 21:56:19, Info:  Performance since last sync point: 9.5831 TFLOP/s (rank 0: 592.3613 GFLOP/s , average over ranks: 598.9440 GFLOP/s ) 
Mon Aug 26 21:56:45, Info:  Writing faultoutput at time 1.5.
Mon Aug 26 21:56:45, Info:  Writing faultoutput at time 1.5. Done.
Mon Aug 26 21:56:45, Info:  Writing energy output at time 1.5 
Mon Aug 26 21:56:45, Info:  Elastic energy (total, % kinematic, % potential):  1.59301e+13  , 19.7725  , 80.2275 
Mon Aug 26 21:56:45, Info:  Total momentum (X, Y, Z): -0.0254965  , -0.0769348  , 0.0350418 
Mon Aug 26 21:56:45, Info:  Frictional work (total, % static, % radiated):  1.62748e+13  , 76.8912  , 23.1088 
Mon Aug 26 21:56:45, Info:  Seismic moment (without plasticity): 2.67303e+17  Mw: 5.548 
Mon Aug 26 21:56:45, Info:  Writing energy output at time 1.5 Done. 
Mon Aug 26 21:56:45, Info:  Time spent this phase (total): 26.4424 s (min: 26.4106 s, max: 26.4734 s)
Mon Aug 26 21:56:45, Info:  Time spent this phase (compute): 26.4423 s (min: 26.4105 s, max: 26.4733 s)
Mon Aug 26 21:56:45, Info:  Time spent this phase (IO): 50.9405 ms (min: 39.6535 ms, max: 91.3110 ms)
Mon Aug 26 21:56:45, Info:  Performance since the start: 9.4962 TFLOP/s (rank 0: 586.9590 GFLOP/s , average over ranks: 593.5153 GFLOP/s ) 
Mon Aug 26 21:56:45, Info:  Performance since last sync point: 9.5175 TFLOP/s (rank 0: 588.6746 GFLOP/s , average over ranks: 594.8444 GFLOP/s ) 
Mon Aug 26 21:57:12, Info:  Writing faultoutput at time 2.
Mon Aug 26 21:57:12, Info:  Writing faultoutput at time 2. Done.
Mon Aug 26 21:57:12, Info:  Writing free surface at time 2.
Mon Aug 26 21:57:12, Info:  Writing free surface at time 2. Done.
Mon Aug 26 21:57:12, Info:  Writing energy output at time 2 
Mon Aug 26 21:57:12, Info:  Elastic energy (total, % kinematic, % potential):  2.95985e+13  , 16.3659  , 83.6341 
Mon Aug 26 21:57:12, Info:  Total momentum (X, Y, Z): 0.336823  , -0.324127  , 0.421555 
Mon Aug 26 21:57:12, Info:  Frictional work (total, % static, % radiated):  2.99904e+13  , 80.6676  , 19.3324 
Mon Aug 26 21:57:12, Info:  Seismic moment (without plasticity): 5.0946e+17  Mw: 5.73474 
Mon Aug 26 21:57:12, Info:  Writing energy output at time 2 Done. 
Mon Aug 26 21:57:12, Info:  Time spent this phase (total): 26.5204 s (min: 26.5045 s, max: 26.5419 s)
Mon Aug 26 21:57:12, Info:  Time spent this phase (compute): 26.5203 s (min: 26.5045 s, max: 26.5419 s)
Mon Aug 26 21:57:12, Info:  Time spent this phase (IO): 50.1251 ms (min: 39.7240 ms, max: 81.3194 ms)
Mon Aug 26 21:57:12, Info:  Performance since the start: 9.4946 TFLOP/s (rank 0: 586.9327 GFLOP/s , average over ranks: 593.4120 GFLOP/s ) 
Mon Aug 26 21:57:12, Info:  Performance since last sync point: 9.4896 TFLOP/s (rank 0: 586.8538 GFLOP/s , average over ranks: 593.1025 GFLOP/s ) 
Mon Aug 26 21:57:38, Info:  Writing faultoutput at time 2.5.
Mon Aug 26 21:57:38, Info:  Writing faultoutput at time 2.5. Done.
Mon Aug 26 21:57:38, Info:  Writing energy output at time 2.5 
Mon Aug 26 21:57:38, Info:  Elastic energy (total, % kinematic, % potential):  5.13905e+13  , 17.7076  , 82.2924 
Mon Aug 26 21:57:38, Info:  Total momentum (X, Y, Z): -7.45557  , -1.60303  , 0.052002 
Mon Aug 26 21:57:38, Info:  Frictional work (total, % static, % radiated):  5.18548e+13  , 82.3745  , 17.6255 
Mon Aug 26 21:57:38, Info:  Seismic moment (without plasticity): 8.70802e+17  Mw: 5.88995 
Mon Aug 26 21:57:38, Info:  Writing energy output at time 2.5 Done. 
Mon Aug 26 21:57:38, Info:  Time spent this phase (total): 26.3415 s (min: 26.3204 s, max: 26.3576 s)
Mon Aug 26 21:57:38, Info:  Time spent this phase (compute): 26.3414 s (min: 26.3204 s, max: 26.3576 s)
Mon Aug 26 21:57:38, Info:  Time spent this phase (IO): 48.9711 ms (min: 39.6503 ms, max: 87.5274 ms)
Mon Aug 26 21:57:38, Info:  Performance since the start: 9.5064 TFLOP/s (rank 0: 587.6868 GFLOP/s , average over ranks: 594.1509 GFLOP/s ) 
Mon Aug 26 21:57:38, Info:  Performance since last sync point: 9.5540 TFLOP/s (rank 0: 590.7229 GFLOP/s , average over ranks: 597.1250 GFLOP/s ) 
Mon Aug 26 21:58:05, Info:  Writing faultoutput at time 3.
Mon Aug 26 21:58:05, Info:  Writing faultoutput at time 3. Done.
Mon Aug 26 21:58:05, Info:  Writing free surface at time 3.
Mon Aug 26 21:58:05, Info:  Writing free surface at time 3. Done.
Mon Aug 26 21:58:05, Info:  Writing energy output at time 3 
Mon Aug 26 21:58:05, Info:  Elastic energy (total, % kinematic, % potential):  9.54332e+13  , 21.611  , 78.389 
Mon Aug 26 21:58:05, Info:  Total momentum (X, Y, Z): -20.873  , -0.828125  , 2.70508 
Mon Aug 26 21:58:05, Info:  Frictional work (total, % static, % radiated):  9.62462e+13  , 80.1235  , 19.8765 
Mon Aug 26 21:58:05, Info:  Seismic moment (without plasticity): 1.51644e+18  Mw: 6.05055 
Mon Aug 26 21:58:05, Info:  Writing energy output at time 3 Done. 
Mon Aug 26 21:58:05, Info:  Time spent this phase (total): 26.5555 s (min: 26.5340 s, max: 26.6085 s)
Mon Aug 26 21:58:05, Info:  Time spent this phase (compute): 26.5554 s (min: 26.5339 s, max: 26.6084 s)
Mon Aug 26 21:58:05, Info:  Time spent this phase (IO): 49.9838 ms (min: 39.7343 ms, max: 75.7055 ms)
Mon Aug 26 21:58:05, Info:  Performance since the start: 9.5015 TFLOP/s (rank 0: 587.4021 GFLOP/s , average over ranks: 593.8449 GFLOP/s ) 
Mon Aug 26 21:58:05, Info:  Performance since last sync point: 9.4771 TFLOP/s (rank 0: 585.9823 GFLOP/s , average over ranks: 592.3203 GFLOP/s ) 
Mon Aug 26 21:58:31, Info:  Writing faultoutput at time 3.5.
Mon Aug 26 21:58:31, Info:  Writing faultoutput at time 3.5. Done.
Mon Aug 26 21:58:31, Info:  Writing energy output at time 3.5 
Mon Aug 26 21:58:31, Info:  Elastic energy (total, % kinematic, % potential):  1.80352e+14  , 25.182  , 74.818 
Mon Aug 26 21:58:31, Info:  Total momentum (X, Y, Z): -40.8525  , -0.00390625  , 8.78516 
Mon Aug 26 21:58:31, Info:  Frictional work (total, % static, % radiated):  1.8213e+14  , 75.8509  , 24.1491 
Mon Aug 26 21:58:31, Info:  Seismic moment (without plasticity): 2.63149e+18  Mw: 6.21013 
Mon Aug 26 21:58:31, Info:  Writing energy output at time 3.5 Done. 
Mon Aug 26 21:58:31, Info:  Time spent this phase (total): 26.3490 s (min: 26.3081 s, max: 26.3681 s)
Mon Aug 26 21:58:31, Info:  Time spent this phase (compute): 26.3489 s (min: 26.3081 s, max: 26.3680 s)
Mon Aug 26 21:58:31, Info:  Time spent this phase (IO): 48.0964 ms (min: 39.6301 ms, max: 73.7660 ms)
Mon Aug 26 21:58:31, Info:  Performance since the start: 9.5086 TFLOP/s (rank 0: 587.8691 GFLOP/s , average over ranks: 594.2871 GFLOP/s ) 
Mon Aug 26 21:58:31, Info:  Performance since last sync point: 9.5513 TFLOP/s (rank 0: 590.6869 GFLOP/s , average over ranks: 596.9544 GFLOP/s ) 
Mon Aug 26 21:58:58, Info:  Writing faultoutput at time 4.
Mon Aug 26 21:58:58, Info:  Writing faultoutput at time 4. Done.
Mon Aug 26 21:58:58, Info:  Writing free surface at time 4.
Mon Aug 26 21:58:58, Info:  Writing free surface at time 4. Done.
Mon Aug 26 21:58:58, Info:  Writing energy output at time 4 
Mon Aug 26 21:58:58, Info:  Elastic energy (total, % kinematic, % potential):  3.29946e+14  , 27.8414  , 72.1586 
Mon Aug 26 21:58:58, Info:  Total momentum (X, Y, Z): -97.1797  , 1.61328  , 23.2539 
Mon Aug 26 21:58:58, Info:  Frictional work (total, % static, % radiated):  3.34158e+14  , 71.5629  , 28.4371 
Mon Aug 26 21:58:58, Info:  Seismic moment (without plasticity): 4.41831e+18  Mw: 6.36017 
Mon Aug 26 21:58:58, Info:  Writing energy output at time 4 Done. 
Mon Aug 26 21:58:58, Info:  Time spent this phase (total): 26.4892 s (min: 26.4852 s, max: 26.4986 s)
Mon Aug 26 21:58:58, Info:  Time spent this phase (compute): 26.4891 s (min: 26.4852 s, max: 26.4985 s)
Mon Aug 26 21:58:58, Info:  Time spent this phase (IO): 48.3913 ms (min: 39.7396 ms, max: 73.3961 ms)
Mon Aug 26 21:58:58, Info:  Performance since the start: 9.5076 TFLOP/s (rank 0: 587.8192 GFLOP/s , average over ranks: 594.2259 GFLOP/s ) 
Mon Aug 26 21:58:58, Info:  Performance since last sync point: 9.5008 TFLOP/s (rank 0: 587.4706 GFLOP/s , average over ranks: 593.7979 GFLOP/s ) 
Mon Aug 26 21:59:24, Info:  Writing faultoutput at time 4.5.
Mon Aug 26 21:59:24, Info:  Writing faultoutput at time 4.5. Done.
Mon Aug 26 21:59:24, Info:  Writing energy output at time 4.5 
Mon Aug 26 21:59:24, Info:  Elastic energy (total, % kinematic, % potential):  5.73142e+14  , 29.6584  , 70.3416 
Mon Aug 26 21:59:24, Info:  Total momentum (X, Y, Z): -14.0732  , 17.4648  , 18.668 
Mon Aug 26 21:59:24, Info:  Frictional work (total, % static, % radiated):  5.81624e+14  , 68.0424  , 31.9576 
Mon Aug 26 21:59:24, Info:  Seismic moment (without plasticity): 7.09985e+18  Mw: 6.4975 
Mon Aug 26 21:59:24, Info:  Writing energy output at time 4.5 Done. 
Mon Aug 26 21:59:24, Info:  Time spent this phase (total): 26.5510 s (min: 26.5357 s, max: 26.5582 s)
Mon Aug 26 21:59:24, Info:  Time spent this phase (compute): 26.5506 s (min: 26.5356 s, max: 26.5582 s)
Mon Aug 26 21:59:24, Info:  Time spent this phase (IO): 51.1786 ms (min: 39.6049 ms, max: 91.8722 ms)
Mon Aug 26 21:59:24, Info:  Performance since the start: 9.5044 TFLOP/s (rank 0: 587.6228 GFLOP/s , average over ranks: 594.0241 GFLOP/s ) 
Mon Aug 26 21:59:24, Info:  Performance since last sync point: 9.4786 TFLOP/s (rank 0: 586.0556 GFLOP/s , average over ranks: 592.4144 GFLOP/s ) 
Mon Aug 26 21:59:50, Info:  Writing faultoutput at time 5.
Mon Aug 26 21:59:50, Info:  Writing faultoutput at time 5. Done.
Mon Aug 26 21:59:50, Info:  Writing free surface at time 5.
Mon Aug 26 21:59:50, Info:  Writing free surface at time 5. Done.
Mon Aug 26 21:59:50, Info:  Writing energy output at time 5 
Mon Aug 26 21:59:51, Info:  Elastic energy (total, % kinematic, % potential):  9.43318e+14  , 30.906  , 69.094 
Mon Aug 26 21:59:51, Info:  Total momentum (X, Y, Z): 149.638  , 67.2656  , -68.1797 
Mon Aug 26 21:59:51, Info:  Frictional work (total, % static, % radiated):  9.5985e+14  , 65.3136  , 34.6864 
Mon Aug 26 21:59:51, Info:  Seismic moment (without plasticity): 1.09127e+19  Mw: 6.62195 
Mon Aug 26 21:59:51, Info:  Writing energy output at time 5 Done. 
Mon Aug 26 21:59:51, Info:  Time spent this phase (total): 26.2792 s (min: 26.2721 s, max: 26.2840 s)
Mon Aug 26 21:59:51, Info:  Time spent this phase (compute): 26.2791 s (min: 26.2720 s, max: 26.2839 s)
Mon Aug 26 21:59:51, Info:  Time spent this phase (IO): 51.9995 ms (min: 39.7582 ms, max: 95.5861 ms)
Mon Aug 26 21:59:51, Info:  Performance since the start: 9.5116 TFLOP/s (rank 0: 588.0665 GFLOP/s , average over ranks: 594.4730 GFLOP/s ) 
Mon Aug 26 21:59:51, Info:  Performance since last sync point: 9.5767 TFLOP/s (rank 0: 592.0906 GFLOP/s , average over ranks: 598.5445 GFLOP/s ) 
Mon Aug 26 22:00:17, Info:  Writing faultoutput at time 5.5.
Mon Aug 26 22:00:17, Info:  Writing faultoutput at time 5.5. Done.
Mon Aug 26 22:00:17, Info:  Writing energy output at time 5.5 
Mon Aug 26 22:00:17, Info:  Elastic energy (total, % kinematic, % potential):  1.48037e+15  , 31.7366  , 68.2634 
Mon Aug 26 22:00:17, Info:  Total momentum (X, Y, Z): 374.086  , 94.4688  , 63.5781 
Mon Aug 26 22:00:17, Info:  Frictional work (total, % static, % radiated):  1.51027e+15  , 63.2126  , 36.7874 
Mon Aug 26 22:00:17, Info:  Seismic moment (without plasticity): 1.61112e+19  Mw: 6.73475 
Mon Aug 26 22:00:17, Info:  Writing energy output at time 5.5 Done. 
Mon Aug 26 22:00:17, Info:  Time spent this phase (total): 26.4103 s (min: 26.3754 s, max: 26.4360 s)
Mon Aug 26 22:00:17, Info:  Time spent this phase (compute): 26.4102 s (min: 26.3753 s, max: 26.4360 s)
Mon Aug 26 22:00:17, Info:  Time spent this phase (IO): 49.6740 ms (min: 39.6242 ms, max: 83.2543 ms)
Mon Aug 26 22:00:17, Info:  Performance since the start: 9.5132 TFLOP/s (rank 0: 588.1811 GFLOP/s , average over ranks: 594.5730 GFLOP/s ) 
Mon Aug 26 22:00:17, Info:  Performance since last sync point: 9.5292 TFLOP/s (rank 0: 589.3299 GFLOP/s , average over ranks: 595.5751 GFLOP/s ) 
Mon Aug 26 22:00:43, Info:  Writing faultoutput at time 6.
Mon Aug 26 22:00:43, Info:  Writing faultoutput at time 6. Done.
Mon Aug 26 22:00:43, Info:  Writing free surface at time 6.
Mon Aug 26 22:00:43, Info:  Writing free surface at time 6. Done.
Mon Aug 26 22:00:43, Info:  Writing energy output at time 6 
Mon Aug 26 22:00:44, Info:  Elastic energy (total, % kinematic, % potential):  2.233e+15  , 32.3521  , 67.6479 
Mon Aug 26 22:00:44, Info:  Total momentum (X, Y, Z): 415.453  , 297.188  , 94.5625 
Mon Aug 26 22:00:44, Info:  Frictional work (total, % static, % radiated):  2.28192e+15  , 61.6237  , 38.3763 
Mon Aug 26 22:00:44, Info:  Seismic moment (without plasticity): 2.29968e+19  Mw: 6.83778 
Mon Aug 26 22:00:44, Info:  Writing energy output at time 6 Done. 
Mon Aug 26 22:00:44, Info:  Time spent this phase (total): 26.6291 s (min: 26.5996 s, max: 26.6658 s)
Mon Aug 26 22:00:44, Info:  Time spent this phase (compute): 26.6290 s (min: 26.5995 s, max: 26.6657 s)
Mon Aug 26 22:00:44, Info:  Time spent this phase (IO): 50.3374 ms (min: 39.7024 ms, max: 86.3868 ms)
Mon Aug 26 22:00:44, Info:  Performance since the start: 9.5079 TFLOP/s (rank 0: 587.8640 GFLOP/s , average over ranks: 594.2463 GFLOP/s ) 
Mon Aug 26 22:00:44, Info:  Performance since last sync point: 9.4508 TFLOP/s (rank 0: 584.3975 GFLOP/s , average over ranks: 590.6759 GFLOP/s ) 
Mon Aug 26 22:01:10, Info:  Writing faultoutput at time 6.5.
Mon Aug 26 22:01:10, Info:  Writing faultoutput at time 6.5. Done.
Mon Aug 26 22:01:10, Info:  Writing energy output at time 6.5 
Mon Aug 26 22:01:10, Info:  Elastic energy (total, % kinematic, % potential):  3.21032e+15  , 32.2506  , 67.7494 
Mon Aug 26 22:01:10, Info:  Total momentum (X, Y, Z): 1093.36  , 131.875  , -2091 
Mon Aug 26 22:01:10, Info:  Frictional work (total, % static, % radiated):  3.28575e+15  , 60.4432  , 39.5568 
Mon Aug 26 22:01:10, Info:  Seismic moment (without plasticity): 3.17757e+19  Mw: 6.9314 
Mon Aug 26 22:01:10, Info:  Writing energy output at time 6.5 Done. 
Mon Aug 26 22:01:10, Info:  Time spent this phase (total): 26.4352 s (min: 26.4080 s, max: 26.4714 s)
Mon Aug 26 22:01:10, Info:  Time spent this phase (compute): 26.4351 s (min: 26.4079 s, max: 26.4714 s)
Mon Aug 26 22:01:10, Info:  Time spent this phase (IO): 51.8792 ms (min: 39.6664 ms, max: 104.0893 ms)
Mon Aug 26 22:01:10, Info:  Performance since the start: 9.5089 TFLOP/s (rank 0: 587.9200 GFLOP/s , average over ranks: 594.3047 GFLOP/s ) 
Mon Aug 26 22:01:10, Info:  Performance since last sync point: 9.5201 TFLOP/s (rank 0: 588.5932 GFLOP/s , average over ranks: 595.0074 GFLOP/s ) 
Mon Aug 26 22:01:36, Info:  Writing faultoutput at time 7.
Mon Aug 26 22:01:36, Info:  Writing faultoutput at time 7. Done.
Mon Aug 26 22:01:36, Info:  Writing free surface at time 7.
Mon Aug 26 22:01:36, Info:  Writing free surface at time 7. Done.
Mon Aug 26 22:01:36, Info:  Writing energy output at time 7 
Mon Aug 26 22:01:36, Info:  Elastic energy (total, % kinematic, % potential):  4.26643e+15  , 30.5144  , 69.4856 
Mon Aug 26 22:01:36, Info:  Total momentum (X, Y, Z): -580.438  , 934.125  , 10063.6 
Mon Aug 26 22:01:36, Info:  Frictional work (total, % static, % radiated):  4.36958e+15  , 59.4945  , 40.5055 
Mon Aug 26 22:01:36, Info:  Seismic moment (without plasticity): 4.12952e+19  Mw: 7.00727 
Mon Aug 26 22:01:36, Info:  Writing energy output at time 7 Done. 
Mon Aug 26 22:01:36, Info:  Time spent this phase (total): 26.2892 s (min: 26.2535 s, max: 26.3076 s)
Mon Aug 26 22:01:36, Info:  Time spent this phase (compute): 26.2891 s (min: 26.2535 s, max: 26.3075 s)
Mon Aug 26 22:01:36, Info:  Time spent this phase (IO): 50.2864 ms (min: 39.7276 ms, max: 82.6481 ms)
Mon Aug 26 22:01:36, Info:  Performance since the start: 9.5134 TFLOP/s (rank 0: 588.2138 GFLOP/s , average over ranks: 594.5896 GFLOP/s ) 
Mon Aug 26 22:01:36, Info:  Performance since last sync point: 9.5731 TFLOP/s (rank 0: 592.0596 GFLOP/s , average over ranks: 598.3186 GFLOP/s ) 
Mon Aug 26 22:02:02, Info:  Writing faultoutput at time 7.5.
Mon Aug 26 22:02:02, Info:  Writing faultoutput at time 7.5. Done.
Mon Aug 26 22:02:02, Info:  Writing energy output at time 7.5 
Mon Aug 26 22:02:03, Info:  Elastic energy (total, % kinematic, % potential):  5.34225e+15  , 29.0794  , 70.9206 
Mon Aug 26 22:02:03, Info:  Total momentum (X, Y, Z): 5485.88  , -1990  , -27944.4 
Mon Aug 26 22:02:03, Info:  Frictional work (total, % static, % radiated):  5.47245e+15  , 58.9154  , 41.0846 
Mon Aug 26 22:02:03, Info:  Seismic moment (without plasticity): 5.10623e+19  Mw: 7.06873 
Mon Aug 26 22:02:03, Info:  Writing energy output at time 7.5 Done. 
Mon Aug 26 22:02:03, Info:  Time spent this phase (total): 26.2952 s (min: 26.2790 s, max: 26.2992 s)
Mon Aug 26 22:02:03, Info:  Time spent this phase (compute): 26.2949 s (min: 26.2790 s, max: 26.2991 s)
Mon Aug 26 22:02:03, Info:  Time spent this phase (IO): 51.5169 ms (min: 39.6358 ms, max: 92.9064 ms)
Mon Aug 26 22:02:03, Info:  Performance since the start: 9.5172 TFLOP/s (rank 0: 588.4462 GFLOP/s , average over ranks: 594.8275 GFLOP/s ) 
Mon Aug 26 22:02:03, Info:  Performance since last sync point: 9.5709 TFLOP/s (rank 0: 591.7203 GFLOP/s , average over ranks: 598.1781 GFLOP/s ) 
Mon Aug 26 22:02:29, Info:  Writing faultoutput at time 8.
Mon Aug 26 22:02:29, Info:  Writing faultoutput at time 8. Done.
Mon Aug 26 22:02:29, Info:  Writing free surface at time 8.
Mon Aug 26 22:02:29, Info:  Writing free surface at time 8. Done.
Mon Aug 26 22:02:29, Info:  Writing energy output at time 8 
Mon Aug 26 22:02:29, Info:  Elastic energy (total, % kinematic, % potential):  6.42196e+15  , 28.0192  , 71.9808 
Mon Aug 26 22:02:29, Info:  Total momentum (X, Y, Z): -10382.9  , 8765  , 34889.9 
Mon Aug 26 22:02:29, Info:  Frictional work (total, % static, % radiated):  6.58468e+15  , 58.5972  , 41.4028 
Mon Aug 26 22:02:29, Info:  Seismic moment (without plasticity): 6.11131e+19  Mw: 7.12076 
Mon Aug 26 22:02:29, Info:  Writing energy output at time 8 Done. 
Mon Aug 26 22:02:29, Info:  Time spent this phase (total): 26.4560 s (min: 26.4163 s, max: 26.4915 s)
Mon Aug 26 22:02:29, Info:  Time spent this phase (compute): 26.4559 s (min: 26.4163 s, max: 26.4914 s)
Mon Aug 26 22:02:29, Info:  Time spent this phase (IO): 50.1854 ms (min: 39.7688 ms, max: 81.1556 ms)
Mon Aug 26 22:02:29, Info:  Performance since the start: 9.5170 TFLOP/s (rank 0: 588.4415 GFLOP/s , average over ranks: 594.8100 GFLOP/s ) 
Mon Aug 26 22:02:29, Info:  Performance since last sync point: 9.5128 TFLOP/s (rank 0: 588.3698 GFLOP/s , average over ranks: 594.5477 GFLOP/s ) 
Mon Aug 26 22:02:55, Info:  Writing faultoutput at time 8.5.
Mon Aug 26 22:02:55, Info:  Writing faultoutput at time 8.5. Done.
Mon Aug 26 22:02:55, Info:  Writing energy output at time 8.5 
Mon Aug 26 22:02:55, Info:  Elastic energy (total, % kinematic, % potential):  7.51128e+15  , 27.2301  , 72.7699 
Mon Aug 26 22:02:55, Info:  Total momentum (X, Y, Z): 23183.6  , -14219.2  , 80521.1 
Mon Aug 26 22:02:55, Info:  Frictional work (total, % static, % radiated):  7.7025e+15  , 58.4334  , 41.5666 
Mon Aug 26 22:02:55, Info:  Seismic moment (without plasticity): 7.14409e+19  Mw: 7.16596 
Mon Aug 26 22:02:55, Info:  Writing energy output at time 8.5 Done. 
Mon Aug 26 22:02:55, Info:  Time spent this phase (total): 26.4367 s (min: 26.4011 s, max: 26.4763 s)
Mon Aug 26 22:02:55, Info:  Time spent this phase (compute): 26.4366 s (min: 26.4011 s, max: 26.4762 s)
Mon Aug 26 22:02:55, Info:  Time spent this phase (IO): 51.3264 ms (min: 39.6345 ms, max: 92.6381 ms)
Mon Aug 26 22:02:55, Info:  Performance since the start: 9.5171 TFLOP/s (rank 0: 588.4444 GFLOP/s , average over ranks: 594.8197 GFLOP/s ) 
Mon Aug 26 22:02:55, Info:  Performance since last sync point: 9.5196 TFLOP/s (rank 0: 588.4910 GFLOP/s , average over ranks: 594.9745 GFLOP/s ) 
Mon Aug 26 22:03:22, Info:  Writing faultoutput at time 9.
Mon Aug 26 22:03:22, Info:  Writing faultoutput at time 9. Done.
Mon Aug 26 22:03:22, Info:  Writing free surface at time 9.
Mon Aug 26 22:03:22, Info:  Writing free surface at time 9. Done.
Mon Aug 26 22:03:22, Info:  Writing energy output at time 9 
Mon Aug 26 22:03:22, Info:  Elastic energy (total, % kinematic, % potential):  8.612e+15  , 26.6561  , 73.3439 
Mon Aug 26 22:03:22, Info:  Total momentum (X, Y, Z): -23325.1  , 15832.5  , -637343 
Mon Aug 26 22:03:22, Info:  Frictional work (total, % static, % radiated):  8.8295e+15  , 58.3513  , 41.6487 
Mon Aug 26 22:03:22, Info:  Seismic moment (without plasticity): 8.20595e+19  Mw: 7.20609 
Mon Aug 26 22:03:22, Info:  Writing energy output at time 9 Done. 
Mon Aug 26 22:03:22, Info:  Time spent this phase (total): 26.3939 s (min: 26.3900 s, max: 26.4004 s)
Mon Aug 26 22:03:22, Info:  Time spent this phase (compute): 26.3938 s (min: 26.3897 s, max: 26.4003 s)
Mon Aug 26 22:03:22, Info:  Time spent this phase (IO): 51.2412 ms (min: 39.7587 ms, max: 85.3635 ms)
Mon Aug 26 22:03:22, Info:  Performance since the start: 9.5181 TFLOP/s (rank 0: 588.5131 GFLOP/s , average over ranks: 594.8819 GFLOP/s ) 
Mon Aug 26 22:03:22, Info:  Performance since last sync point: 9.5351 TFLOP/s (rank 0: 589.6841 GFLOP/s , average over ranks: 595.9419 GFLOP/s ) 
Mon Aug 26 22:03:48, Info:  Writing faultoutput at time 9.5.
Mon Aug 26 22:03:48, Info:  Writing faultoutput at time 9.5. Done.
Mon Aug 26 22:03:48, Info:  Writing energy output at time 9.5 
Mon Aug 26 22:03:48, Info:  Elastic energy (total, % kinematic, % potential):  9.72517e+15  , 26.2411  , 73.7589 
Mon Aug 26 22:03:48, Info:  Total momentum (X, Y, Z): 35911.6  , -62499.5  , 2.24467e+06 
Mon Aug 26 22:03:48, Info:  Frictional work (total, % static, % radiated):  9.9693e+15  , 58.2958  , 41.7042 
Mon Aug 26 22:03:48, Info:  Seismic moment (without plasticity): 9.29834e+19  Mw: 7.24227 
Mon Aug 26 22:03:48, Info:  Writing energy output at time 9.5 Done. 
Mon Aug 26 22:03:48, Info:  Time spent this phase (total): 26.2739 s (min: 26.2634 s, max: 26.3055 s)
Mon Aug 26 22:03:48, Info:  Time spent this phase (compute): 26.2739 s (min: 26.2633 s, max: 26.3055 s)
Mon Aug 26 22:03:48, Info:  Time spent this phase (IO): 52.9917 ms (min: 39.9748 ms, max: 92.3072 ms)
Mon Aug 26 22:03:48, Info:  Performance since the start: 9.5213 TFLOP/s (rank 0: 588.7091 GFLOP/s , average over ranks: 595.0797 GFLOP/s ) 
Mon Aug 26 22:03:48, Info:  Performance since last sync point: 9.5786 TFLOP/s (rank 0: 592.2586 GFLOP/s , average over ranks: 598.6621 GFLOP/s ) 
Mon Aug 26 22:04:14, Info:  Writing faultoutput at time 10.
Mon Aug 26 22:04:14, Info:  Writing faultoutput at time 10. Done.
Mon Aug 26 22:04:14, Info:  Writing free surface at time 10.
Mon Aug 26 22:04:14, Info:  Writing free surface at time 10. Done.
Mon Aug 26 22:04:14, Info:  Wrote receivers in 4.81e-07 seconds. 
Mon Aug 26 22:04:14, Info:  Writing energy output at time 10 
Mon Aug 26 22:04:14, Info:  Elastic energy (total, % kinematic, % potential):  1.08501e+16  , 25.9451  , 74.0549 
Mon Aug 26 22:04:14, Info:  Total momentum (X, Y, Z): -24852.5  , 402792  , -5.26465e+06 
Mon Aug 26 22:04:14, Info:  Frictional work (total, % static, % radiated):  1.11265e+16  , 58.2575  , 41.7425 
Mon Aug 26 22:04:14, Info:  Seismic moment (without plasticity): 1.04227e+20  Mw: 7.27532 
Mon Aug 26 22:04:14, Info:  Writing energy output at time 10 Done. 
Mon Aug 26 22:04:14, Info:  Time spent this phase (total): 26.3154 s (min: 26.2790 s, max: 26.3295 s)
Mon Aug 26 22:04:14, Info:  Time spent this phase (compute): 26.3153 s (min: 26.2790 s, max: 26.3295 s)
Mon Aug 26 22:04:14, Info:  Time spent this phase (IO): 50.2655 ms (min: 40.4787 ms, max: 83.4062 ms)
Mon Aug 26 22:04:14, Info:  Performance since the start: 9.5234 TFLOP/s (rank 0: 588.8431 GFLOP/s , average over ranks: 595.2112 GFLOP/s ) 
Mon Aug 26 22:04:14, Info:  Performance since last sync point: 9.5636 TFLOP/s (rank 0: 591.4017 GFLOP/s , average over ranks: 597.7225 GFLOP/s ) 
Mon Aug 26 22:04:41, Info:  Writing faultoutput at time 10.5.
Mon Aug 26 22:04:41, Info:  Writing faultoutput at time 10.5. Done.
Mon Aug 26 22:04:41, Info:  Writing energy output at time 10.5 
Mon Aug 26 22:04:41, Info:  Elastic energy (total, % kinematic, % potential):  1.19964e+16  , 25.7426  , 74.2574 
Mon Aug 26 22:04:41, Info:  Total momentum (X, Y, Z): -101868  , -1.10562e+06  , 5.02319e+06 
Mon Aug 26 22:04:41, Info:  Frictional work (total, % static, % radiated):  1.23062e+16  , 58.2479  , 41.7521 
Mon Aug 26 22:04:41, Info:  Seismic moment (without plasticity): 1.15809e+20  Mw: 7.30583 
Mon Aug 26 22:04:41, Info:  Writing energy output at time 10.5 Done. 
Mon Aug 26 22:04:41, Info:  Time spent this phase (total): 26.2622 s (min: 26.2439 s, max: 26.2892 s)
Mon Aug 26 22:04:41, Info:  Time spent this phase (compute): 26.2621 s (min: 26.2438 s, max: 26.2892 s)
Mon Aug 26 22:04:41, Info:  Time spent this phase (IO): 49.4078 ms (min: 40.2370 ms, max: 78.0238 ms)
Mon Aug 26 22:04:41, Info:  Performance since the start: 9.5262 TFLOP/s (rank 0: 589.0241 GFLOP/s , average over ranks: 595.3873 GFLOP/s ) 
Mon Aug 26 22:04:41, Info:  Performance since last sync point: 9.5829 TFLOP/s (rank 0: 592.6683 GFLOP/s , average over ranks: 598.9305 GFLOP/s ) 
Mon Aug 26 22:05:07, Info:  Writing faultoutput at time 11.
Mon Aug 26 22:05:07, Info:  Writing faultoutput at time 11. Done.
Mon Aug 26 22:05:07, Info:  Writing free surface at time 11.
Mon Aug 26 22:05:07, Info:  Writing free surface at time 11. Done.
Mon Aug 26 22:05:07, Info:  Writing energy output at time 11 
Mon Aug 26 22:05:07, Info:  Elastic energy (total, % kinematic, % potential):  1.31778e+16  , 25.6009  , 74.3991 
Mon Aug 26 22:05:07, Info:  Total momentum (X, Y, Z): 793114  , 584066  , 2.0118e+07 
Mon Aug 26 22:05:07, Info:  Frictional work (total, % static, % radiated):  1.35225e+16  , 58.2387  , 41.7613 
Mon Aug 26 22:05:07, Info:  Seismic moment (without plasticity): 1.27776e+20  Mw: 7.3343 
Mon Aug 26 22:05:07, Info:  Writing energy output at time 11 Done. 
Mon Aug 26 22:05:07, Info:  Time spent this phase (total): 26.5389 s (min: 26.5047 s, max: 26.5604 s)
Mon Aug 26 22:05:07, Info:  Time spent this phase (compute): 26.5389 s (min: 26.5046 s, max: 26.5604 s)
Mon Aug 26 22:05:07, Info:  Time spent this phase (IO): 48.1066 ms (min: 40.3318 ms, max: 73.1066 ms)
Mon Aug 26 22:05:07, Info:  Performance since the start: 9.5242 TFLOP/s (rank 0: 588.8880 GFLOP/s , average over ranks: 595.2640 GFLOP/s ) 
Mon Aug 26 22:05:07, Info:  Performance since last sync point: 9.4830 TFLOP/s (rank 0: 586.0445 GFLOP/s , average over ranks: 592.6878 GFLOP/s ) 
Mon Aug 26 22:05:34, Info:  Writing faultoutput at time 11.5.
Mon Aug 26 22:05:34, Info:  Writing faultoutput at time 11.5. Done.
Mon Aug 26 22:05:34, Info:  Writing energy output at time 11.5 
Mon Aug 26 22:05:34, Info:  Elastic energy (total, % kinematic, % potential):  1.44367e+16  , 25.5081  , 74.4919 
Mon Aug 26 22:05:34, Info:  Total momentum (X, Y, Z): -2.36823e+06  , 3.99939e+06  , -9.05617e+07 
Mon Aug 26 22:05:34, Info:  Frictional work (total, % static, % radiated):  1.48228e+16  , 58.2378  , 41.7622 
Mon Aug 26 22:05:34, Info:  Seismic moment (without plasticity): 1.40256e+20  Mw: 7.36128 
Mon Aug 26 22:05:34, Info:  Writing energy output at time 11.5 Done. 
Mon Aug 26 22:05:34, Info:  Time spent this phase (total): 26.5260 s (min: 26.4988 s, max: 26.5535 s)
Mon Aug 26 22:05:34, Info:  Time spent this phase (compute): 26.5259 s (min: 26.4988 s, max: 26.5535 s)
Mon Aug 26 22:05:34, Info:  Time spent this phase (IO): 51.8774 ms (min: 40.2266 ms, max: 95.8699 ms)
Mon Aug 26 22:05:34, Info:  Performance since the start: 9.5226 TFLOP/s (rank 0: 588.7939 GFLOP/s , average over ranks: 595.1639 GFLOP/s ) 
Mon Aug 26 22:05:34, Info:  Performance since last sync point: 9.4875 TFLOP/s (rank 0: 586.7307 GFLOP/s , average over ranks: 592.9702 GFLOP/s ) 
Mon Aug 26 22:06:00, Info:  Writing faultoutput at time 12.
Mon Aug 26 22:06:00, Info:  Writing faultoutput at time 12. Done.
Mon Aug 26 22:06:00, Info:  Writing free surface at time 12.
Mon Aug 26 22:06:00, Info:  Writing free surface at time 12. Done.
Mon Aug 26 22:06:00, Info:  Writing energy output at time 12 
Mon Aug 26 22:06:00, Info:  Elastic energy (total, % kinematic, % potential):  1.584e+16  , 25.4785  , 74.5215 
Mon Aug 26 22:06:00, Info:  Total momentum (X, Y, Z): 4.60345e+06  , -9.07369e+06  , 9.28972e+07 
Mon Aug 26 22:06:00, Info:  Frictional work (total, % static, % radiated):  1.62735e+16  , 58.3113  , 41.6887 
Mon Aug 26 22:06:00, Info:  Seismic moment (without plasticity): 1.53451e+20  Mw: 7.38731 
Mon Aug 26 22:06:00, Info:  Writing energy output at time 12 Done. 
Mon Aug 26 22:06:00, Info:  Time spent this phase (total): 26.5354 s (min: 26.5223 s, max: 26.5672 s)
Mon Aug 26 22:06:00, Info:  Time spent this phase (compute): 26.5353 s (min: 26.5223 s, max: 26.5672 s)
Mon Aug 26 22:06:00, Info:  Time spent this phase (IO): 49.1076 ms (min: 40.4099 ms, max: 78.8655 ms)
Mon Aug 26 22:06:00, Info:  Performance since the start: 9.5210 TFLOP/s (rank 0: 588.6966 GFLOP/s , average over ranks: 595.0637 GFLOP/s ) 
Mon Aug 26 22:06:00, Info:  Performance since last sync point: 9.4843 TFLOP/s (rank 0: 586.4670 GFLOP/s , average over ranks: 592.7676 GFLOP/s ) 
Mon Aug 26 22:06:27, Info:  Writing faultoutput at time 12.5.
Mon Aug 26 22:06:27, Info:  Writing faultoutput at time 12.5. Done.
Mon Aug 26 22:06:27, Info:  Writing energy output at time 12.5 
Mon Aug 26 22:06:27, Info:  Elastic energy (total, % kinematic, % potential):  1.7492e+16  , 25.5357  , 74.4643 
Mon Aug 26 22:06:27, Info:  Total momentum (X, Y, Z): -1.89246e+06  , 579988  , 3.02416e+08 
Mon Aug 26 22:06:27, Info:  Frictional work (total, % static, % radiated):  1.79766e+16  , 58.5806  , 41.4194 
Mon Aug 26 22:06:27, Info:  Seismic moment (without plasticity): 1.67696e+20  Mw: 7.41301 
Mon Aug 26 22:06:27, Info:  Writing energy output at time 12.5 Done. 
Mon Aug 26 22:06:27, Info:  Time spent this phase (total): 26.2929 s (min: 26.2637 s, max: 26.3062 s)
Mon Aug 26 22:06:27, Info:  Time spent this phase (compute): 26.2929 s (min: 26.2637 s, max: 26.3061 s)
Mon Aug 26 22:06:27, Info:  Time spent this phase (IO): 51.9477 ms (min: 40.2771 ms, max: 92.7995 ms)
Mon Aug 26 22:06:27, Info:  Performance since the start: 9.5230 TFLOP/s (rank 0: 588.8245 GFLOP/s , average over ranks: 595.1896 GFLOP/s ) 
Mon Aug 26 22:06:27, Info:  Performance since last sync point: 9.5716 TFLOP/s (rank 0: 591.9109 GFLOP/s , average over ranks: 598.2280 GFLOP/s ) 
Mon Aug 26 22:06:53, Info:  Writing faultoutput at time 13.
Mon Aug 26 22:06:53, Info:  Writing faultoutput at time 13. Done.
Mon Aug 26 22:06:53, Info:  Writing free surface at time 13.
Mon Aug 26 22:06:53, Info:  Writing free surface at time 13. Done.
Mon Aug 26 22:06:53, Info:  Writing energy output at time 13 
Mon Aug 26 22:06:53, Info:  Elastic energy (total, % kinematic, % potential):  1.95152e+16  , 25.6506  , 74.3494 
Mon Aug 26 22:06:53, Info:  Total momentum (X, Y, Z): -2.11016e+07  , 1.81447e+07  , -7.97031e+08 
Mon Aug 26 22:06:53, Info:  Frictional work (total, % static, % radiated):  2.00607e+16  , 59.0145  , 40.9855 
Mon Aug 26 22:06:53, Info:  Seismic moment (without plasticity): 1.83448e+20  Mw: 7.43901 
Mon Aug 26 22:06:53, Info:  Writing energy output at time 13 Done. 
Mon Aug 26 22:06:53, Info:  Time spent this phase (total): 26.3354 s (min: 26.3294 s, max: 26.3543 s)
Mon Aug 26 22:06:53, Info:  Time spent this phase (compute): 26.3353 s (min: 26.3294 s, max: 26.3543 s)
Mon Aug 26 22:06:53, Info:  Time spent this phase (IO): 51.2637 ms (min: 40.4215 ms, max: 89.7930 ms)
Mon Aug 26 22:06:53, Info:  Performance since the start: 9.5243 TFLOP/s (rank 0: 588.9078 GFLOP/s , average over ranks: 595.2692 GFLOP/s ) 
Mon Aug 26 22:06:53, Info:  Performance since last sync point: 9.5563 TFLOP/s (rank 0: 590.9975 GFLOP/s , average over ranks: 597.2660 GFLOP/s ) 
Mon Aug 26 22:07:19, Info:  Writing faultoutput at time 13.5.
Mon Aug 26 22:07:19, Info:  Writing faultoutput at time 13.5. Done.
Mon Aug 26 22:07:19, Info:  Writing energy output at time 13.5 
Mon Aug 26 22:07:19, Info:  Elastic energy (total, % kinematic, % potential):  2.20343e+16  , 25.8793  , 74.1207 
Mon Aug 26 22:07:19, Info:  Total momentum (X, Y, Z): 5.61704e+07  , -6.56798e+06  , -7.04592e+08 
Mon Aug 26 22:07:19, Info:  Frictional work (total, % static, % radiated):  2.26462e+16  , 59.1026  , 40.8974 
Mon Aug 26 22:07:19, Info:  Seismic moment (without plasticity): 2.01082e+20  Mw: 7.46558 
Mon Aug 26 22:07:19, Info:  Writing energy output at time 13.5 Done. 
Mon Aug 26 22:07:19, Info:  Time spent this phase (total): 26.3531 s (min: 26.3405 s, max: 26.3729 s)
Mon Aug 26 22:07:19, Info:  Time spent this phase (compute): 26.3530 s (min: 26.3404 s, max: 26.3729 s)
Mon Aug 26 22:07:19, Info:  Time spent this phase (IO): 50.5055 ms (min: 40.2840 ms, max: 92.0654 ms)
Mon Aug 26 22:07:19, Info:  Performance since the start: 9.5252 TFLOP/s (rank 0: 588.9659 GFLOP/s , average over ranks: 595.3281 GFLOP/s ) 
Mon Aug 26 22:07:19, Info:  Performance since last sync point: 9.5498 TFLOP/s (rank 0: 590.4820 GFLOP/s , average over ranks: 596.8637 GFLOP/s ) 
Mon Aug 26 22:07:46, Info:  Writing faultoutput at time 14.
Mon Aug 26 22:07:46, Info:  Writing faultoutput at time 14. Done.
Mon Aug 26 22:07:46, Info:  Writing free surface at time 14.
Mon Aug 26 22:07:46, Info:  Writing free surface at time 14. Done.
Mon Aug 26 22:07:46, Info:  Writing energy output at time 14 
Mon Aug 26 22:07:46, Info:  Elastic energy (total, % kinematic, % potential):  2.48448e+16  , 25.8052  , 74.1948 
Mon Aug 26 22:07:46, Info:  Total momentum (X, Y, Z): 317926  , -2.21368e+07  , 4.41381e+09 
Mon Aug 26 22:07:46, Info:  Frictional work (total, % static, % radiated):  2.55352e+16  , 59.1241  , 40.8759 
Mon Aug 26 22:07:46, Info:  Seismic moment (without plasticity): 2.20159e+20  Mw: 7.49182 
Mon Aug 26 22:07:46, Info:  Writing energy output at time 14 Done. 
Mon Aug 26 22:07:46, Info:  Time spent this phase (total): 26.5451 s (min: 26.5067 s, max: 26.5606 s)
Mon Aug 26 22:07:46, Info:  Time spent this phase (compute): 26.5450 s (min: 26.5067 s, max: 26.5605 s)
Mon Aug 26 22:07:46, Info:  Time spent this phase (IO): 51.6330 ms (min: 40.4157 ms, max: 82.5882 ms)
Mon Aug 26 22:07:46, Info:  Performance since the start: 9.5237 TFLOP/s (rank 0: 588.8687 GFLOP/s , average over ranks: 595.2285 GFLOP/s ) 
Mon Aug 26 22:07:46, Info:  Performance since last sync point: 9.4808 TFLOP/s (rank 0: 586.2542 GFLOP/s , average over ranks: 592.5506 GFLOP/s ) 
Mon Aug 26 22:08:12, Info:  Writing faultoutput at time 14.5.
Mon Aug 26 22:08:12, Info:  Writing faultoutput at time 14.5. Done.
Mon Aug 26 22:08:12, Info:  Writing energy output at time 14.5 
Mon Aug 26 22:08:12, Info:  Elastic energy (total, % kinematic, % potential):  2.77314e+16  , 25.4922  , 74.5078 
Mon Aug 26 22:08:12, Info:  Total momentum (X, Y, Z): -2.28381e+08  , -5.53894e+07  , -1.18156e+09 
Mon Aug 26 22:08:12, Info:  Frictional work (total, % static, % radiated):  2.85078e+16  , 58.9785  , 41.0215 
Mon Aug 26 22:08:12, Info:  Seismic moment (without plasticity): 2.39751e+20  Mw: 7.51651 
Mon Aug 26 22:08:12, Info:  Writing energy output at time 14.5 Done. 
Mon Aug 26 22:08:12, Info:  Time spent this phase (total): 26.3885 s (min: 26.3736 s, max: 26.4006 s)
Mon Aug 26 22:08:12, Info:  Time spent this phase (compute): 26.3884 s (min: 26.3735 s, max: 26.4005 s)
Mon Aug 26 22:08:12, Info:  Time spent this phase (IO): 50.9407 ms (min: 40.2810 ms, max: 85.5733 ms)
Mon Aug 26 22:08:12, Info:  Performance since the start: 9.5241 TFLOP/s (rank 0: 588.9010 GFLOP/s , average over ranks: 595.2573 GFLOP/s ) 
Mon Aug 26 22:08:12, Info:  Performance since last sync point: 9.5371 TFLOP/s (rank 0: 589.8075 GFLOP/s , average over ranks: 596.0666 GFLOP/s ) 
Mon Aug 26 22:08:39, Info:  Writing faultoutput at time 15.
Mon Aug 26 22:08:39, Info:  Writing faultoutput at time 15. Done.
Mon Aug 26 22:08:39, Info:  Writing free surface at time 15.
Mon Aug 26 22:08:39, Info:  Writing free surface at time 15. Done.
Mon Aug 26 22:08:39, Info:  Writing energy output at time 15 
Mon Aug 26 22:08:39, Info:  Elastic energy (total, % kinematic, % potential):  3.06956e+16  , 25.2538  , 74.7462 
Mon Aug 26 22:08:39, Info:  Total momentum (X, Y, Z): 2.24709e+08  , 2.12553e+08  , -1.60061e+10 
Mon Aug 26 22:08:39, Info:  Frictional work (total, % static, % radiated):  3.15818e+16  , 58.2503  , 41.7497 
Mon Aug 26 22:08:39, Info:  Seismic moment (without plasticity): 2.59688e+20  Mw: 7.53963 
Mon Aug 26 22:08:39, Info:  Writing energy output at time 15 Done. 
Mon Aug 26 22:08:39, Info:  Time spent this phase (total): 26.4010 s (min: 26.3788 s, max: 26.4251 s)
Mon Aug 26 22:08:39, Info:  Time spent this phase (compute): 26.4010 s (min: 26.3788 s, max: 26.4250 s)
Mon Aug 26 22:08:39, Info:  Time spent this phase (IO): 48.6911 ms (min: 40.4468 ms, max: 73.2393 ms)
Mon Aug 26 22:08:39, Info:  Performance since the start: 9.5244 TFLOP/s (rank 0: 588.9082 GFLOP/s , average over ranks: 595.2748 GFLOP/s ) 
Mon Aug 26 22:08:39, Info:  Performance since last sync point: 9.5325 TFLOP/s (rank 0: 589.1166 GFLOP/s , average over ranks: 595.7824 GFLOP/s ) 
Mon Aug 26 22:08:39, Info:  Ignoring duplicate synchronisation point at time 15 ; the last sync point was at  15 
Mon Aug 26 22:08:39, Info:  Ignoring duplicate synchronisation point at time 15 ; the last sync point was at  15 
Mon Aug 26 22:08:39, Info:  Wrote receivers in 5.33e-07 seconds. 
Mon Aug 26 22:08:39, Info:  Ignoring duplicate synchronisation point at time 15 ; the last sync point was at  15 
Mon Aug 26 22:08:39, Info:  Simulation time (total): 13 min 12.7047 s (min: 13 min 12.6835 s, max: 13 min 12.7439 s)
Mon Aug 26 22:08:39, Info:  Simulation time (compute): 13 min 11.1387 s (min: 13 min 10.1575 s, max: 13 min 11.4484 s)
Mon Aug 26 22:08:39, Info:  Simulation time (IO): 1.5616 s (min: 1.2514 s, max: 2.5638 s)
Mon Aug 26 22:08:39, Info:  Time spent in compute kernels: mean = 756.746  std = 13.9589  min = 721.562  median = 755.084  max = 781.12 
Mon Aug 26 22:08:39, Info:  Load imbalance: 3.1203 % 
Mon Aug 26 22:08:39, Info:  Regression analysis of compute kernels: 
Mon Aug 26 22:08:39, Info:  "computeLocalIntegration" (total time): 3667.88 s ( = 1 h 1 min 7.8752 s ) 
Mon Aug 26 22:08:39, Info:  "computeLocalIntegration" ( constant ): 1.99724e-05 (sample size: 3.99753e+06 , standard error: 5.0013e-12 ) 
Mon Aug 26 22:08:39, Info:  "computeLocalIntegration" ( per element ): 8.25623e-08 (sample size: 3.99753e+06 , standard error: 5.0013e-12 ) 
Mon Aug 26 22:08:39, Info:  "computeNeighboringIntegration" (total time): 4474.3 s ( = 1 h 14 min 34.2983 s ) 
Mon Aug 26 22:08:39, Info:  "computeNeighboringIntegration" ( constant ): 0.000135676 (sample size: 3.99753e+06 , standard error: 8.23971e-12 ) 
Mon Aug 26 22:08:39, Info:  "computeNeighboringIntegration" ( per element ): 9.04754e-08 (sample size: 3.99753e+06 , standard error: 8.23971e-12 ) 
Mon Aug 26 22:08:39, Info:  "computeDynamicRupture" (total time): 3965.77 s ( = 1 h 6 min 5.7676 s ) 
Mon Aug 26 22:08:39, Info:  "computeDynamicRupture" ( constant ): 7.86112e-05 (sample size: 2.9007e+06 , standard error: 4.39816e-11 ) 
Mon Aug 26 22:08:39, Info:  "computeDynamicRupture" ( per element ): 4.51151e-07 (sample size: 2.9007e+06 , standard error: 4.39816e-11 ) 
Mon Aug 26 22:08:39, Info:  "computePointSources" (total time): 0 s ( = 0.0000 s ) 
Mon Aug 26 22:08:39, Info:  "computePointSources" ( constant ): -nan (sample size: 0 , standard error: -nan ) 
Mon Aug 26 22:08:39, Info:  "computePointSources" ( per element ): -nan (sample size: 0 , standard error: -nan ) 
Mon Aug 26 22:08:39, Info:  Total time spent in compute kernels: 12107.9 s ( = 3 h 21 min 47.9410 s ) 
Mon Aug 26 22:08:39, Info:  Total calculated HW-FLOP:  7.5500 PFLOP 
Mon Aug 26 22:08:39, Info:  Total calculated NZ-FLOP:  3.0181 PFLOP 
Mon Aug 26 22:08:39, Info:  Total calculated HW-FLOP/s:  9.5239 TFLOP/s 
Mon Aug 26 22:08:39, Info:  Total calculated NZ-FLOP/s:  3.8072 TFLOP/s 
Mon Aug 26 22:08:39, Info:  WP calculated HW-FLOP:  6.2557 PFLOP 
Mon Aug 26 22:08:39, Info:  WP calculated NZ-FLOP:  2.0557 PFLOP 
Mon Aug 26 22:08:39, Info:  DR calculated HW-FLOP:  1.2943 PFLOP 
Mon Aug 26 22:08:39, Info:  DR calculated NZ-FLOP:  962.3851 TFLOP 
Mon Aug 26 22:08:39, Info:  PL calculated HW-FLOP:  0.0000 FLOP 
Mon Aug 26 22:08:39, Info:  PL calculated NZ-FLOP:  0.0000 FLOP 
Mon Aug 26 22:08:39, Info:  Time spent in simulation: 13 min 12.7445 s (min: 13 min 12.7444 s, max: 13 min 12.7455 s)
Mon Aug 26 22:08:39, Info:  Simulation done. 
Mon Aug 26 22:08:39, Info:  Closing IO. 
Mon Aug 26 22:08:40, Info:  Time fault writer backend: 3.1729 s (min: 1.3381 s, max: 19.3867 s)
Mon Aug 26 22:08:40, Info:  Time fault writer frontend: 34.5829 ms (min: 29.7421 ms, max: 42.4357 ms)
Mon Aug 26 22:08:40, Info:  Time free surface writer backend: 598.3141 ms (min: 33.3522 ms, max: 4.7953 s)
Mon Aug 26 22:08:40, Info:  Time free surface writer frontend: 4.2798 ms (min: 293.8050 s, max: 19.9489 ms)
Mon Aug 26 22:08:40, Info:  SeisSol done. Goodbye. 
SeisSol complete.
/hppfs/scratch/01/di35poq/haiti-rupture-outputs/dynamic-rupture-outputs/regional-only/jobid_3838283 ~/haiti-rupture-inputs/dynamic-rupture/regional-only
Writing hdf5 output with compression enabled (compression_level=4). 
Use --compression=0 if you want to speed-up data extraction.
u1: 0it [00:00, ?it/s]u1: 1it [00:00,  7.91it/s]u1: 12it [00:00, 49.73it/s]u1: 15it [00:00, 52.01it/s]
u2: 0it [00:00, ?it/s]u2: 1it [00:00,  9.75it/s]u2: 8it [00:00, 35.04it/s]u2: 15it [00:00, 51.02it/s]
u3: 0it [00:00, ?it/s]u3: 1it [00:00,  7.45it/s]u3: 10it [00:00, 49.19it/s]u3: 15it [00:00, 55.08it/s]
done writing output_jobid_3838283_extracted-surface.h5
done writing output_jobid_3838283_extracted-surface.xdmf
full path: /hppfs/scratch/01/di35poq/haiti-rupture-outputs/dynamic-rupture-outputs/regional-only/jobid_3838283/output_jobid_3838283_extracted-surface.xdmf
Working on JobID: 3838283
No matching file found for jobid 3838283. Assigning output-fault.xdmf instead
/hppfs/scratch/01/di35poq/haiti-rupture-outputs/dynamic-rupture-outputs/regional-only/jobid_3838283/output-fault.xdmf
warning: Mw computed over 0-85s (avoiding contribution of small residual moment after rupture)
jobid_3838283 moment magnitude: 7.53963458776675 (M0 = 2.5969e+20)
Finished writing /hppfs/scratch/01/di35poq/haiti-rupture-outputs/dynamic-rupture-outputs/regional-only/jobid_3838283/moment_rate_mainshock.png
No matching file found for jobid 3838283. Looking for output-fault.xdmf instead
mu_s: 0.55
mu_d: 0.42
done writing /hppfs/scratch/01/di35poq/haiti-rupture-outputs/dynamic-rupture-outputs/regional-only/jobid_3838283/output_jobid_3838283_extracted-fault.xdmf
full path: /hppfs/scratch/01/di35poq/haiti-rupture-outputs/dynamic-rupture-outputs/regional-only/jobid_3838283/output_jobid_3838283_extracted-fault.xdmf
done writing /hppfs/scratch/01/di35poq/haiti-rupture-outputs/dynamic-rupture-outputs/regional-only/jobid_3838283/output_jobid_3838283_extracted-fault.h5
Job ID set as: 3838283
mu_s: 0.55
mu_d: 0.42
~/haiti-rupture-inputs/dynamic-rupture/regional-only
