Wed 25 Sep 2024 06:01:10 PM UTC
num_nodes: 16 ntasks: 16 cpus_per_task:
Line 63 replaced with: OutputFile='/hppfs/scratch/01/di35poq/haiti-rupture-outputs/dynamic-rupture-outputs/variable_SH_max/jobid_3932412'
Job log complete.
Starting SeisSol...
Wed Sep 25 20:01:11, Info:  Using the parameter file parameters.par 
Wed Sep 25 20:01:11, Info:  Reading SeisSol parameter file... 
Wed Sep 25 20:01:11, Info:  In your parameter file, you have specified a non-positive interval for "checkpointinterval" . This mechanism is deprecated and may be removed in a future version of SeisSol. Consider disabling the whole module by setting "checkpoint" to 0 instead by adding "checkpoint = 0" to the "output" section of your parameter file instead. 
Wed Sep 25 20:01:11, Info:  The field "printintervalcriterion" is no longer in use. You may safely remove it from your parameters file. 
Wed Sep 25 20:01:11, Info:  Disabling the wavefield output by setting "outputformat = 10" is deprecated and may be removed in a future version of SeisSol. Consider using the parameter "wavefieldoutput" instead. To disable wavefield output, add "wavefieldoutput = 0" to the "output" section of your parameters file. 
Wed Sep 25 20:01:11, Info:  The field "printintervalcriterion" is no longer in use. You may safely remove it from your parameters file. 
Wed Sep 25 20:01:11, Info:  The field "pickdttype" is no longer in use. You may safely remove it from your parameters file. 
Wed Sep 25 20:01:11, Info:  The field "faultoutputflag" is no longer in use. You may safely remove it from your parameters file. 
Wed Sep 25 20:01:11, Info:  The field "boundaries" is no longer in use. You may safely remove it from your parameters file. 
Wed Sep 25 20:01:11, Info:  SeisSol parameter file read successfully. 
Wed Sep 25 20:01:11, Info:  Model information: 
Wed Sep 25 20:01:11, Info:  Elastic model: yes 
Wed Sep 25 20:01:11, Info:  Viscoelastic model: no 
Wed Sep 25 20:01:11, Info:  Anelastic model: no 
Wed Sep 25 20:01:11, Info:  Poroelastic model: no 
Wed Sep 25 20:01:11, Info:  Anisotropic model: no 
Wed Sep 25 20:01:11, Info:  Plasticity: no 
Wed Sep 25 20:01:11, Info:  Welcome to SeisSol 
Wed Sep 25 20:01:11, Info:  Copyright (c) 2012 - 2024  SeisSol Group 
Wed Sep 25 20:01:11, Info:  Version: v1.1.4-148-g60aedc8c (dirty) 
Wed Sep 25 20:01:11, Info:  Built on: Jun 17 2024 21:03:35 
Wed Sep 25 20:01:11, Info:  Last commit: 60aedc8c2ae0a5d9e5a46cc3a40e4eaf1c047225 at 2024-06-06T12:54:08+00:00 
Wed Sep 25 20:01:11, Info:  Compiled with HOST_ARCH = skx 
Wed Sep 25 20:01:11, Info:  Running on (rank=0): "i01r01c03s01" 
Wed Sep 25 20:01:11, Info:  Using MPI with #ranks: 16 
Wed Sep 25 20:01:11, Info:  Node-wide (shared memory) MPI with #ranks/node: 1 
Wed Sep 25 20:01:11, Info:  Using asynchronous MPI routines. 
Wed Sep 25 20:01:11, Info:  Using OMP with #threads/rank: 94 
Wed Sep 25 20:01:11, Info:  OpenMP worker affinity (this process): "0123456789|0123456789|0123456789|0123456789|0123456-89|0123456789|0123456789|0123456789|0123456789|01234-" 
Wed Sep 25 20:01:11, Info:  OpenMP worker affinity (this node)   : "0123456789|0123456789|0123456789|0123456789|0123456-89|0123456789|0123456789|0123456789|0123456789|01234-" 
Wed Sep 25 20:01:11, Info:  Using a communication thread for advancing MPI communication. 
Wed Sep 25 20:01:11, Info:  Communication thread affinity        : "----------|----------|----------|----------|-------7--|----------|----------|----------|----------|-----5" 
Wed Sep 25 20:01:11, Info:  The stack size ulimit is 2097152 [kiB] ( = 2.0000 GiB ). 
Wed Sep 25 20:01:11, Info:  Begin init mesh. 
Wed Sep 25 20:01:11, Info:  Mesh file: "/dss/dsshome1/01/di35poq/mesh/mesh_v07/Haiti_v07_lowres" 
Wed Sep 25 20:01:11, Info:  Running mini SeisSol to determine node weights. 
Wed Sep 25 20:01:11, Info:  miniSeisSol configured with 50000 elements and 10 repeats per process 
Wed Sep 25 20:01:11, Info:  Node weights: mean = 41.4261  std = 0.364127  min = 40.4761  median = 41.5041  max = 41.8971 
Wed Sep 25 20:01:11, Info:  Reading PUML mesh 
Wed Sep 25 20:01:11, Info:  Inferring boundary format. 
Wed Sep 25 20:01:11, Info:  Boundary format not given in PUML file; inferring from array shape. 
Wed Sep 25 20:01:11, Info:  Using boundary format: i32 (4xi8) 
Wed Sep 25 20:01:11, Info:  Found 2685422 cells 
Wed Sep 25 20:01:11, Info:  Found 477078 vertices 
Wed Sep 25 20:01:13, Info:  Computing LTS weights. 
Wed Sep 25 20:01:16, Info:  Limiting number of clusters to 2147483646 
Wed Sep 25 20:01:16, Info:  Computing LTS weights. Done.  (108216 reductions.)
Wed Sep 25 20:01:16, Info:  Using the Parmetis partition library and strategy. 
Wed Sep 25 20:01:19, Info:  PUML mesh read in: 7.9069 s (min: 7.8358 s, max: 8.1091 s)
Wed Sep 25 20:01:19, Info:  The mesh has been read. Starting post processing. 
Wed Sep 25 20:01:19, Info:  Extracting fault information. 
Wed Sep 25 20:01:19, Info:  Exchanging ghostlayer metadata. 
Wed Sep 25 20:01:21, Info:  Mesh initialized in: 9.8412 s (min: 9.8408 s, max: 9.8419 s)
Wed Sep 25 20:01:21, Info:  End init mesh. 
Wed Sep 25 20:01:21, Info:  Begin init model. 
Wed Sep 25 20:01:21, Info:  Initialize LTS. 
Wed Sep 25 20:01:21, Info:  Deriving clusters ids for min. time step width / multiRate: 0.000213316 / 2 
Wed Sep 25 20:01:21, Info:  Due to wiggle factor of 1 the minimum timestep size is reduced to 0.000213316 
Wed Sep 25 20:01:21, Info:  Number of elements in time clusters: 
Wed Sep 25 20:01:21, Info:  0: 2088 
Wed Sep 25 20:01:21, Info:  1: 265401 
Wed Sep 25 20:01:21, Info:  2: 1618976 
Wed Sep 25 20:01:21, Info:  3: 538212 
Wed Sep 25 20:01:21, Info:  4: 147352 
Wed Sep 25 20:01:21, Info:  5: 35652 
Wed Sep 25 20:01:21, Info:  6: 11329 
Wed Sep 25 20:01:21, Info:  7: 18592 
Wed Sep 25 20:01:21, Info:  8: 47781 
Wed Sep 25 20:01:21, Info:  9: 39 
Wed Sep 25 20:01:21, Info:  maximum theoretical speedup (compared to GTS): 6.4313 per cell LTS, 4.34786 with the used clustering. 
Wed Sep 25 20:01:21, Info:  Number of elements in dynamic rupture time clusters: 
Wed Sep 25 20:01:21, Info:  0 (dr): 618 
Wed Sep 25 20:01:21, Info:  1 (dr): 78805 
Wed Sep 25 20:01:21, Info:  2 (dr): 309975 
Wed Sep 25 20:01:21, Info:  3 (dr): 2511 
Wed Sep 25 20:01:21, Info:  4 (dr): 0 
Wed Sep 25 20:01:21, Info:  5 (dr): 0 
Wed Sep 25 20:01:21, Info:  6 (dr): 0 
Wed Sep 25 20:01:21, Info:  7 (dr): 0 
Wed Sep 25 20:01:21, Info:  8 (dr): 0 
Wed Sep 25 20:01:21, Info:  9 (dr): 0 
Wed Sep 25 20:01:21, Info:  Initialize Friction Model 
Wed Sep 25 20:01:22, Info:  Initialize cell material parameters. 
Wed Sep 25 20:01:23, Info:  Initialize Memory layout. 
Wed Sep 25 20:01:24, Info:  Initialize cell-local matrices. 
Wed Sep 25 20:01:24, Info:  Initializing Fault, using a quadrature rule with  25  points. 
Wed Sep 25 20:03:50, Info:  Model initialized in: 2 min 29.0459 s (min: 2 min 29.0438 s, max: 2 min 29.0497 s)
Wed Sep 25 20:03:50, Info:  End init model. 
Wed Sep 25 20:03:50, Info:  Setting initial conditions. 
Wed Sep 25 20:03:50, Info:  Using initial condition "Zero" . 
Wed Sep 25 20:03:50, Info:  Reading source. 
Wed Sep 25 20:03:50, Info:  No source term specified. 
Wed Sep 25 20:03:50, Info:  Setting up boundary conditions. 
Wed Sep 25 20:03:50, Info:  Begin init output. 
Wed Sep 25 20:03:50, Info:  Initializing free surface integrator. 
Wed Sep 25 20:03:50, Info:  Initializing free surface integrator. Done. 
Wed Sep 25 20:03:50, Info:  Enabling 2D fault output 
Wed Sep 25 20:03:50, Info:  Initializing Fault output. Number of sub-triangles: 4 
Wed Sep 25 20:03:50, Info:  Initializing XDMF fault output. 
Wed Sep 25 20:03:50, Info:  Fault writer thread affinity: "----------|----------|----------|----------|-------7--|----------|----------|----------|----------|-----5" 
Wed Sep 25 20:03:50, Info:  Initializing XDMF fault output. Done. 
Wed Sep 25 20:03:50, Info:  Initializing free surface output. 
Wed Sep 25 20:03:50, Info:  Free surface writer thread affinity: "----------|----------|----------|----------|-------7--|----------|----------|----------|----------|-----5" 
Wed Sep 25 20:03:50, Info:  Initializing free surface output. Done. 
Wed Sep 25 20:03:50, Info:  No record points read. 
Wed Sep 25 20:03:50, Info:  Finding meshIds for receivers... 
Wed Sep 25 20:03:50, Info:  Cleaning possible double occurring receivers for MPI... 
Wed Sep 25 20:03:50, Info:  Mapping receivers to LTS cells... 
Wed Sep 25 20:03:50, Info:  Initializing energy output. 
Wed Sep 25 20:03:50, Info:  End init output. 
Wed Sep 25 20:03:50, Info:  Finishing initialization... 
Wed Sep 25 20:03:50, Info:  Starting simulation. 
Wed Sep 25 20:03:50, Info:  Writing faultoutput at time 0.
Wed Sep 25 20:03:50, Info:  Writing faultoutput at time 0. Done.
Wed Sep 25 20:03:50, Info:  Writing free surface at time 0.
Wed Sep 25 20:03:50, Info:  Writing free surface at time 0. Done.
Wed Sep 25 20:03:50, Info:  Writing energy output at time 0 
Wed Sep 25 20:03:50, Info:  Total momentum (X, Y, Z): 0  , 0  , 0 
Wed Sep 25 20:03:50, Info:  Writing energy output at time 0 Done. 
Wed Sep 25 20:03:50, Info:  Time spent for initial IO: 52.6607 ms (min: 40.8622 ms, max: 68.6445 ms)
Wed Sep 25 20:04:17, Info:  Writing faultoutput at time 0.5.
Wed Sep 25 20:04:17, Info:  Writing faultoutput at time 0.5. Done.
Wed Sep 25 20:04:17, Info:  Writing energy output at time 0.5 
Wed Sep 25 20:04:17, Info:  Elastic energy (total, % kinematic, % potential):  1.34089e+12  , 24.8953  , 75.1047 
Wed Sep 25 20:04:17, Info:  Total momentum (X, Y, Z): 0.00851737  , 0.0149537  , -0.0037257 
Wed Sep 25 20:04:17, Info:  Frictional work (total, % static, % radiated):  1.35674e+12  , 72.8795  , 27.1205 
Wed Sep 25 20:04:17, Info:  Seismic moment (without plasticity): 1.65144e+16  Mw: 4.74191 
Wed Sep 25 20:04:17, Info:  Writing energy output at time 0.5 Done. 
Wed Sep 25 20:04:17, Info:  Time spent this phase (total): 26.6763 s (min: 26.6454 s, max: 26.6909 s)
Wed Sep 25 20:04:17, Info:  Time spent this phase (compute): 26.6236 s (min: 26.6039 s, max: 26.6487 s)
Wed Sep 25 20:04:17, Info:  Time spent this phase (IO): 46.9350 ms (min: 39.6123 ms, max: 60.5517 ms)
Wed Sep 25 20:04:17, Info:  Performance since the start: 9.4349 TFLOP/s (rank 0: 588.1550 GFLOP/s , average over ranks: 589.6816 GFLOP/s ) 
Wed Sep 25 20:04:17, Info:  Performance since last sync point: 9.4349 TFLOP/s (rank 0: 588.1550 GFLOP/s , average over ranks: 589.6816 GFLOP/s ) 
Wed Sep 25 20:04:44, Info:  Writing faultoutput at time 1.
Wed Sep 25 20:04:44, Info:  Writing faultoutput at time 1. Done.
Wed Sep 25 20:04:44, Info:  Writing free surface at time 1.
Wed Sep 25 20:04:44, Info:  Writing free surface at time 1. Done.
Wed Sep 25 20:04:44, Info:  Writing energy output at time 1 
Wed Sep 25 20:04:44, Info:  Elastic energy (total, % kinematic, % potential):  1.02002e+13  , 23.9796  , 76.0204 
Wed Sep 25 20:04:44, Info:  Total momentum (X, Y, Z): 0.399122  , 0.316862  , -0.27639 
Wed Sep 25 20:04:44, Info:  Frictional work (total, % static, % radiated):  1.05549e+13  , 72.3299  , 27.6701 
Wed Sep 25 20:04:44, Info:  Seismic moment (without plasticity): 1.22896e+17  Mw: 5.32303 
Wed Sep 25 20:04:44, Info:  Writing energy output at time 1 Done. 
Wed Sep 25 20:04:44, Info:  Time spent this phase (total): 26.5182 s (min: 26.4784 s, max: 26.5416 s)
Wed Sep 25 20:04:44, Info:  Time spent this phase (compute): 26.5180 s (min: 26.4782 s, max: 26.5414 s)
Wed Sep 25 20:04:44, Info:  Time spent this phase (IO): 48.0237 ms (min: 39.8184 ms, max: 62.8080 ms)
Wed Sep 25 20:04:44, Info:  Performance since the start: 9.4629 TFLOP/s (rank 0: 590.0049 GFLOP/s , average over ranks: 591.4333 GFLOP/s ) 
Wed Sep 25 20:04:44, Info:  Performance since last sync point: 9.4911 TFLOP/s (rank 0: 591.8665 GFLOP/s , average over ranks: 593.1957 GFLOP/s ) 
Wed Sep 25 20:05:10, Info:  Writing faultoutput at time 1.5.
Wed Sep 25 20:05:10, Info:  Writing faultoutput at time 1.5. Done.
Wed Sep 25 20:05:10, Info:  Writing energy output at time 1.5 
Wed Sep 25 20:05:10, Info:  Elastic energy (total, % kinematic, % potential):  3.11316e+13  , 22.8008  , 77.1992 
Wed Sep 25 20:05:10, Info:  Total momentum (X, Y, Z): -0.221695  , -0.127304  , -0.0856934 
Wed Sep 25 20:05:10, Info:  Frictional work (total, % static, % radiated):  3.22354e+13  , 73.41  , 26.59 
Wed Sep 25 20:05:10, Info:  Seismic moment (without plasticity): 3.85164e+17  Mw: 5.65376 
Wed Sep 25 20:05:10, Info:  Writing energy output at time 1.5 Done. 
Wed Sep 25 20:05:10, Info:  Time spent this phase (total): 26.5168 s (min: 26.5011 s, max: 26.5239 s)
Wed Sep 25 20:05:10, Info:  Time spent this phase (compute): 26.5167 s (min: 26.5011 s, max: 26.5238 s)
Wed Sep 25 20:05:10, Info:  Time spent this phase (IO): 46.9136 ms (min: 39.5978 ms, max: 60.5390 ms)
Wed Sep 25 20:05:10, Info:  Performance since the start: 9.4725 TFLOP/s (rank 0: 590.6618 GFLOP/s , average over ranks: 592.0304 GFLOP/s ) 
Wed Sep 25 20:05:10, Info:  Performance since last sync point: 9.4917 TFLOP/s (rank 0: 591.9798 GFLOP/s , average over ranks: 593.2285 GFLOP/s ) 
Wed Sep 25 20:05:37, Info:  Writing faultoutput at time 2.
Wed Sep 25 20:05:37, Info:  Writing faultoutput at time 2. Done.
Wed Sep 25 20:05:37, Info:  Writing free surface at time 2.
Wed Sep 25 20:05:37, Info:  Writing free surface at time 2. Done.
Wed Sep 25 20:05:37, Info:  Writing energy output at time 2 
Wed Sep 25 20:05:37, Info:  Elastic energy (total, % kinematic, % potential):  6.47437e+13  , 21.0739  , 78.9261 
Wed Sep 25 20:05:37, Info:  Total momentum (X, Y, Z): -0.384033  , -0.380707  , -0.615479 
Wed Sep 25 20:05:37, Info:  Frictional work (total, % static, % radiated):  6.69555e+13  , 74.7813  , 25.2187 
Wed Sep 25 20:05:37, Info:  Seismic moment (without plasticity): 8.28014e+17  Mw: 5.87536 
Wed Sep 25 20:05:37, Info:  Writing energy output at time 2 Done. 
Wed Sep 25 20:05:37, Info:  Time spent this phase (total): 26.4831 s (min: 26.4691 s, max: 26.4939 s)
Wed Sep 25 20:05:37, Info:  Time spent this phase (compute): 26.4830 s (min: 26.4690 s, max: 26.4938 s)
Wed Sep 25 20:05:37, Info:  Time spent this phase (IO): 47.3029 ms (min: 39.6903 ms, max: 61.4888 ms)
Wed Sep 25 20:05:37, Info:  Performance since the start: 9.4803 TFLOP/s (rank 0: 591.1459 GFLOP/s , average over ranks: 592.5171 GFLOP/s ) 
Wed Sep 25 20:05:37, Info:  Performance since last sync point: 9.5037 TFLOP/s (rank 0: 592.6031 GFLOP/s , average over ranks: 593.9820 GFLOP/s ) 
Wed Sep 25 20:06:03, Info:  Writing faultoutput at time 2.5.
Wed Sep 25 20:06:03, Info:  Writing faultoutput at time 2.5. Done.
Wed Sep 25 20:06:03, Info:  Writing energy output at time 2.5 
Wed Sep 25 20:06:03, Info:  Elastic energy (total, % kinematic, % potential):  1.07945e+14  , 19.1543  , 80.8457 
Wed Sep 25 20:06:03, Info:  Total momentum (X, Y, Z): -8.85059  , -5.45074  , 9.39062 
Wed Sep 25 20:06:03, Info:  Frictional work (total, % static, % radiated):  1.11299e+14  , 76.3591  , 23.6409 
Wed Sep 25 20:06:03, Info:  Seismic moment (without plasticity): 1.43353e+18  Mw: 6.03427 
Wed Sep 25 20:06:03, Info:  Writing energy output at time 2.5 Done. 
Wed Sep 25 20:06:03, Info:  Time spent this phase (total): 26.5913 s (min: 26.5822 s, max: 26.5958 s)
Wed Sep 25 20:06:03, Info:  Time spent this phase (compute): 26.5912 s (min: 26.5819 s, max: 26.5957 s)
Wed Sep 25 20:06:03, Info:  Time spent this phase (IO): 46.8661 ms (min: 39.7828 ms, max: 60.6193 ms)
Wed Sep 25 20:06:03, Info:  Performance since the start: 9.4772 TFLOP/s (rank 0: 591.0287 GFLOP/s , average over ranks: 592.3263 GFLOP/s ) 
Wed Sep 25 20:06:03, Info:  Performance since last sync point: 9.4650 TFLOP/s (rank 0: 590.5603 GFLOP/s , average over ranks: 591.5645 GFLOP/s ) 
Wed Sep 25 20:06:30, Info:  Writing faultoutput at time 3.
Wed Sep 25 20:06:30, Info:  Writing faultoutput at time 3. Done.
Wed Sep 25 20:06:30, Info:  Writing free surface at time 3.
Wed Sep 25 20:06:30, Info:  Writing free surface at time 3. Done.
Wed Sep 25 20:06:30, Info:  Writing energy output at time 3 
Wed Sep 25 20:06:30, Info:  Elastic energy (total, % kinematic, % potential):  1.59289e+14  , 18.307  , 81.693 
Wed Sep 25 20:06:30, Info:  Total momentum (X, Y, Z): -24.998  , -12.4912  , 27.1445 
Wed Sep 25 20:06:30, Info:  Frictional work (total, % static, % radiated):  1.63922e+14  , 77.4896  , 22.5104 
Wed Sep 25 20:06:30, Info:  Seismic moment (without plasticity): 2.20526e+18  Mw: 6.15897 
Wed Sep 25 20:06:30, Info:  Writing energy output at time 3 Done. 
Wed Sep 25 20:06:30, Info:  Time spent this phase (total): 26.5289 s (min: 26.4967 s, max: 26.5615 s)
Wed Sep 25 20:06:30, Info:  Time spent this phase (compute): 26.5288 s (min: 26.4967 s, max: 26.5614 s)
Wed Sep 25 20:06:30, Info:  Time spent this phase (IO): 49.3998 ms (min: 39.7059 ms, max: 70.6968 ms)
Wed Sep 25 20:06:30, Info:  Performance since the start: 9.4789 TFLOP/s (rank 0: 591.1572 GFLOP/s , average over ranks: 592.4306 GFLOP/s ) 
Wed Sep 25 20:06:30, Info:  Performance since last sync point: 9.4872 TFLOP/s (rank 0: 591.8007 GFLOP/s , average over ranks: 592.9529 GFLOP/s ) 
Wed Sep 25 20:06:56, Info:  Writing faultoutput at time 3.5.
Wed Sep 25 20:06:56, Info:  Writing faultoutput at time 3.5. Done.
Wed Sep 25 20:06:56, Info:  Writing energy output at time 3.5 
Wed Sep 25 20:06:56, Info:  Elastic energy (total, % kinematic, % potential):  2.20811e+14  , 18.3874  , 81.6126 
Wed Sep 25 20:06:56, Info:  Total momentum (X, Y, Z): -43.8477  , -24.1445  , 53.582 
Wed Sep 25 20:06:56, Info:  Frictional work (total, % static, % radiated):  2.27214e+14  , 77.874  , 22.126 
Wed Sep 25 20:06:56, Info:  Seismic moment (without plasticity): 3.18629e+18  Mw: 6.26552 
Wed Sep 25 20:06:56, Info:  Writing energy output at time 3.5 Done. 
Wed Sep 25 20:06:56, Info:  Time spent this phase (total): 26.4135 s (min: 26.3789 s, max: 26.4396 s)
Wed Sep 25 20:06:56, Info:  Time spent this phase (compute): 26.4134 s (min: 26.3788 s, max: 26.4396 s)
Wed Sep 25 20:06:56, Info:  Time spent this phase (IO): 46.4793 ms (min: 39.7606 ms, max: 60.5090 ms)
Wed Sep 25 20:06:56, Info:  Performance since the start: 9.4860 TFLOP/s (rank 0: 591.5945 GFLOP/s , average over ranks: 592.8743 GFLOP/s ) 
Wed Sep 25 20:06:56, Info:  Performance since last sync point: 9.5288 TFLOP/s (rank 0: 594.2316 GFLOP/s , average over ranks: 595.5510 GFLOP/s ) 
Wed Sep 25 20:07:23, Info:  Writing faultoutput at time 4.
Wed Sep 25 20:07:23, Info:  Writing faultoutput at time 4. Done.
Wed Sep 25 20:07:23, Info:  Writing free surface at time 4.
Wed Sep 25 20:07:23, Info:  Writing free surface at time 4. Done.
Wed Sep 25 20:07:23, Info:  Writing energy output at time 4 
Wed Sep 25 20:07:23, Info:  Elastic energy (total, % kinematic, % potential):  2.93766e+14  , 18.828  , 81.172 
Wed Sep 25 20:07:23, Info:  Total momentum (X, Y, Z): -76.3281  , -39.8125  , 95.4375 
Wed Sep 25 20:07:23, Info:  Frictional work (total, % static, % radiated):  3.0257e+14  , 77.6726  , 22.3274 
Wed Sep 25 20:07:23, Info:  Seismic moment (without plasticity): 4.4086e+18  Mw: 6.35953 
Wed Sep 25 20:07:23, Info:  Writing energy output at time 4 Done. 
Wed Sep 25 20:07:23, Info:  Time spent this phase (total): 26.5101 s (min: 26.5009 s, max: 26.5347 s)
Wed Sep 25 20:07:23, Info:  Time spent this phase (compute): 26.5100 s (min: 26.5008 s, max: 26.5346 s)
Wed Sep 25 20:07:23, Info:  Time spent this phase (IO): 47.3959 ms (min: 39.8497 ms, max: 62.3053 ms)
Wed Sep 25 20:07:23, Info:  Performance since the start: 9.4870 TFLOP/s (rank 0: 591.6640 GFLOP/s , average over ranks: 592.9371 GFLOP/s ) 
Wed Sep 25 20:07:23, Info:  Performance since last sync point: 9.4940 TFLOP/s (rank 0: 592.1511 GFLOP/s , average over ranks: 593.3772 GFLOP/s ) 
Wed Sep 25 20:07:49, Info:  Writing faultoutput at time 4.5.
Wed Sep 25 20:07:49, Info:  Writing faultoutput at time 4.5. Done.
Wed Sep 25 20:07:49, Info:  Writing energy output at time 4.5 
Wed Sep 25 20:07:49, Info:  Elastic energy (total, % kinematic, % potential):  3.80624e+14  , 19.4459  , 80.5541 
Wed Sep 25 20:07:49, Info:  Total momentum (X, Y, Z): -58.5547  , 4.25  , 111.219 
Wed Sep 25 20:07:49, Info:  Frictional work (total, % static, % radiated):  3.92563e+14  , 77.3289  , 22.6711 
Wed Sep 25 20:07:49, Info:  Seismic moment (without plasticity): 5.92952e+18  Mw: 6.44535 
Wed Sep 25 20:07:49, Info:  Writing energy output at time 4.5 Done. 
Wed Sep 25 20:07:49, Info:  Time spent this phase (total): 26.5394 s (min: 26.4976 s, max: 26.5883 s)
Wed Sep 25 20:07:49, Info:  Time spent this phase (compute): 26.5393 s (min: 26.4975 s, max: 26.5883 s)
Wed Sep 25 20:07:49, Info:  Time spent this phase (IO): 54.0474 ms (min: 39.4792 ms, max: 116.1070 ms)
Wed Sep 25 20:07:49, Info:  Performance since the start: 9.4866 TFLOP/s (rank 0: 591.6141 GFLOP/s , average over ranks: 592.9126 GFLOP/s ) 
Wed Sep 25 20:07:49, Info:  Performance since last sync point: 9.4835 TFLOP/s (rank 0: 591.2155 GFLOP/s , average over ranks: 592.7175 GFLOP/s ) 
Wed Sep 25 20:08:16, Info:  Writing faultoutput at time 5.
Wed Sep 25 20:08:16, Info:  Writing faultoutput at time 5. Done.
Wed Sep 25 20:08:16, Info:  Writing free surface at time 5.
Wed Sep 25 20:08:16, Info:  Writing free surface at time 5. Done.
Wed Sep 25 20:08:16, Info:  Writing energy output at time 5 
Wed Sep 25 20:08:16, Info:  Elastic energy (total, % kinematic, % potential):  4.83654e+14  , 20.1652  , 79.8348 
Wed Sep 25 20:08:16, Info:  Total momentum (X, Y, Z): -44.2812  , 106.766  , -123.094 
Wed Sep 25 20:08:16, Info:  Frictional work (total, % static, % radiated):  4.99233e+14  , 76.9536  , 23.0464 
Wed Sep 25 20:08:16, Info:  Seismic moment (without plasticity): 7.82102e+18  Mw: 6.52551 
Wed Sep 25 20:08:16, Info:  Writing energy output at time 5 Done. 
Wed Sep 25 20:08:16, Info:  Time spent this phase (total): 26.8230 s (min: 26.7487 s, max: 26.8705 s)
Wed Sep 25 20:08:16, Info:  Time spent this phase (compute): 26.8229 s (min: 26.7486 s, max: 26.8704 s)
Wed Sep 25 20:08:16, Info:  Time spent this phase (IO): 47.6026 ms (min: 39.8599 ms, max: 61.4913 ms)
Wed Sep 25 20:08:16, Info:  Performance since the start: 9.4762 TFLOP/s (rank 0: 590.9946 GFLOP/s , average over ranks: 592.2607 GFLOP/s ) 
Wed Sep 25 20:08:16, Info:  Performance since last sync point: 9.3833 TFLOP/s (rank 0: 585.4772 GFLOP/s , average over ranks: 586.4590 GFLOP/s ) 
Wed Sep 25 20:08:42, Info:  Writing faultoutput at time 5.5.
Wed Sep 25 20:08:42, Info:  Writing faultoutput at time 5.5. Done.
Wed Sep 25 20:08:42, Info:  Writing energy output at time 5.5 
Wed Sep 25 20:08:43, Info:  Elastic energy (total, % kinematic, % potential):  6.06222e+14  , 20.7095  , 79.2905 
Wed Sep 25 20:08:43, Info:  Total momentum (X, Y, Z): 174.875  , -3.71875  , 654.656 
Wed Sep 25 20:08:43, Info:  Frictional work (total, % static, % radiated):  6.26062e+14  , 76.355  , 23.645 
Wed Sep 25 20:08:43, Info:  Seismic moment (without plasticity): 1.01511e+19  Mw: 6.60101 
Wed Sep 25 20:08:43, Info:  Writing energy output at time 5.5 Done. 
Wed Sep 25 20:08:43, Info:  Time spent this phase (total): 26.5205 s (min: 26.4945 s, max: 26.5422 s)
Wed Sep 25 20:08:43, Info:  Time spent this phase (compute): 26.5204 s (min: 26.4944 s, max: 26.5421 s)
Wed Sep 25 20:08:43, Info:  Time spent this phase (IO): 49.6824 ms (min: 39.7065 ms, max: 75.9337 ms)
Wed Sep 25 20:08:43, Info:  Performance since the start: 9.4774 TFLOP/s (rank 0: 591.0778 GFLOP/s , average over ranks: 592.3406 GFLOP/s ) 
Wed Sep 25 20:08:43, Info:  Performance since last sync point: 9.4902 TFLOP/s (rank 0: 591.9107 GFLOP/s , average over ranks: 593.1406 GFLOP/s ) 
Wed Sep 25 20:09:09, Info:  Writing faultoutput at time 6.
Wed Sep 25 20:09:09, Info:  Writing faultoutput at time 6. Done.
Wed Sep 25 20:09:09, Info:  Writing free surface at time 6.
Wed Sep 25 20:09:09, Info:  Writing free surface at time 6. Done.
Wed Sep 25 20:09:09, Info:  Writing energy output at time 6 
Wed Sep 25 20:09:09, Info:  Elastic energy (total, % kinematic, % potential):  7.45228e+14  , 21.0925  , 78.9075 
Wed Sep 25 20:09:09, Info:  Total momentum (X, Y, Z): -495.062  , 748.844  , -164.812 
Wed Sep 25 20:09:09, Info:  Frictional work (total, % static, % radiated):  7.69615e+14  , 75.8582  , 24.1418 
Wed Sep 25 20:09:09, Info:  Seismic moment (without plasticity): 1.2916e+19  Mw: 6.67075 
Wed Sep 25 20:09:09, Info:  Writing energy output at time 6 Done. 
Wed Sep 25 20:09:09, Info:  Time spent this phase (total): 26.4056 s (min: 26.3798 s, max: 26.4316 s)
Wed Sep 25 20:09:09, Info:  Time spent this phase (compute): 26.4056 s (min: 26.3798 s, max: 26.4316 s)
Wed Sep 25 20:09:09, Info:  Time spent this phase (IO): 49.2532 ms (min: 39.8006 ms, max: 75.8283 ms)
Wed Sep 25 20:09:09, Info:  Performance since the start: 9.4819 TFLOP/s (rank 0: 591.3599 GFLOP/s , average over ranks: 592.6213 GFLOP/s ) 
Wed Sep 25 20:09:09, Info:  Performance since last sync point: 9.5316 TFLOP/s (rank 0: 594.4815 GFLOP/s , average over ranks: 595.7267 GFLOP/s ) 
Wed Sep 25 20:09:35, Info:  Writing faultoutput at time 6.5.
Wed Sep 25 20:09:35, Info:  Writing faultoutput at time 6.5. Done.
Wed Sep 25 20:09:35, Info:  Writing energy output at time 6.5 
Wed Sep 25 20:09:35, Info:  Elastic energy (total, % kinematic, % potential):  9.04707e+14  , 21.5249  , 78.4751 
Wed Sep 25 20:09:35, Info:  Total momentum (X, Y, Z): 2252.44  , -1121.12  , -6555.94 
Wed Sep 25 20:09:35, Info:  Frictional work (total, % static, % radiated):  9.34291e+14  , 75.2822  , 24.7178 
Wed Sep 25 20:09:35, Info:  Seismic moment (without plasticity): 1.61703e+19  Mw: 6.73581 
Wed Sep 25 20:09:35, Info:  Writing energy output at time 6.5 Done. 
Wed Sep 25 20:09:35, Info:  Time spent this phase (total): 26.5271 s (min: 26.4989 s, max: 26.5435 s)
Wed Sep 25 20:09:35, Info:  Time spent this phase (compute): 26.5270 s (min: 26.4987 s, max: 26.5435 s)
Wed Sep 25 20:09:35, Info:  Time spent this phase (IO): 47.4204 ms (min: 39.6893 ms, max: 68.2525 ms)
Wed Sep 25 20:09:35, Info:  Performance since the start: 9.4824 TFLOP/s (rank 0: 591.3826 GFLOP/s , average over ranks: 592.6501 GFLOP/s ) 
Wed Sep 25 20:09:35, Info:  Performance since last sync point: 9.4879 TFLOP/s (rank 0: 591.6547 GFLOP/s , average over ranks: 592.9963 GFLOP/s ) 
Wed Sep 25 20:10:02, Info:  Writing faultoutput at time 7.
Wed Sep 25 20:10:02, Info:  Writing faultoutput at time 7. Done.
Wed Sep 25 20:10:02, Info:  Writing free surface at time 7.
Wed Sep 25 20:10:02, Info:  Writing free surface at time 7. Done.
Wed Sep 25 20:10:02, Info:  Writing energy output at time 7 
Wed Sep 25 20:10:02, Info:  Elastic energy (total, % kinematic, % potential):  1.08914e+15  , 22.0444  , 77.9556 
Wed Sep 25 20:10:02, Info:  Total momentum (X, Y, Z): -7196.16  , 5079  , 31230.9 
Wed Sep 25 20:10:02, Info:  Frictional work (total, % static, % radiated):  1.12517e+15  , 74.6328  , 25.3672 
Wed Sep 25 20:10:02, Info:  Seismic moment (without plasticity): 1.99825e+19  Mw: 6.7971 
Wed Sep 25 20:10:02, Info:  Writing energy output at time 7 Done. 
Wed Sep 25 20:10:02, Info:  Time spent this phase (total): 26.4516 s (min: 26.4347 s, max: 26.4638 s)
Wed Sep 25 20:10:02, Info:  Time spent this phase (compute): 26.4515 s (min: 26.4347 s, max: 26.4637 s)
Wed Sep 25 20:10:02, Info:  Time spent this phase (IO): 47.9709 ms (min: 39.7487 ms, max: 61.0258 ms)
Wed Sep 25 20:10:02, Info:  Performance since the start: 9.4847 TFLOP/s (rank 0: 591.5472 GFLOP/s , average over ranks: 592.7952 GFLOP/s ) 
Wed Sep 25 20:10:02, Info:  Performance since last sync point: 9.5150 TFLOP/s (rank 0: 593.6955 GFLOP/s , average over ranks: 594.6883 GFLOP/s ) 
Wed Sep 25 20:10:28, Info:  Writing faultoutput at time 7.5.
Wed Sep 25 20:10:28, Info:  Writing faultoutput at time 7.5. Done.
Wed Sep 25 20:10:28, Info:  Writing energy output at time 7.5 
Wed Sep 25 20:10:28, Info:  Elastic energy (total, % kinematic, % potential):  1.29443e+15  , 22.235  , 77.765 
Wed Sep 25 20:10:28, Info:  Total momentum (X, Y, Z): 22744.7  , -16175.1  , -69358 
Wed Sep 25 20:10:28, Info:  Frictional work (total, % static, % radiated):  1.33761e+15  , 73.8629  , 26.1371 
Wed Sep 25 20:10:28, Info:  Seismic moment (without plasticity): 2.42565e+19  Mw: 6.85322 
Wed Sep 25 20:10:28, Info:  Writing energy output at time 7.5 Done. 
Wed Sep 25 20:10:28, Info:  Time spent this phase (total): 26.5598 s (min: 26.5434 s, max: 26.5845 s)
Wed Sep 25 20:10:28, Info:  Time spent this phase (compute): 26.5596 s (min: 26.5433 s, max: 26.5845 s)
Wed Sep 25 20:10:28, Info:  Time spent this phase (IO): 49.9411 ms (min: 39.9834 ms, max: 66.8126 ms)
Wed Sep 25 20:10:28, Info:  Performance since the start: 9.4842 TFLOP/s (rank 0: 591.5243 GFLOP/s , average over ranks: 592.7598 GFLOP/s ) 
Wed Sep 25 20:10:28, Info:  Performance since last sync point: 9.4762 TFLOP/s (rank 0: 591.2040 GFLOP/s , average over ranks: 592.2649 GFLOP/s ) 
Wed Sep 25 20:10:55, Info:  Writing faultoutput at time 8.
Wed Sep 25 20:10:55, Info:  Writing faultoutput at time 8. Done.
Wed Sep 25 20:10:55, Info:  Writing free surface at time 8.
Wed Sep 25 20:10:55, Info:  Writing free surface at time 8. Done.
Wed Sep 25 20:10:55, Info:  Writing energy output at time 8 
Wed Sep 25 20:10:55, Info:  Elastic energy (total, % kinematic, % potential):  1.5209e+15  , 22.1968  , 77.8032 
Wed Sep 25 20:10:55, Info:  Total momentum (X, Y, Z): -56321.4  , 50794.7  , -18345.9 
Wed Sep 25 20:10:55, Info:  Frictional work (total, % static, % radiated):  1.57122e+15  , 72.899  , 27.101 
Wed Sep 25 20:10:55, Info:  Seismic moment (without plasticity): 2.87725e+19  Mw: 6.90265 
Wed Sep 25 20:10:55, Info:  Writing energy output at time 8 Done. 
Wed Sep 25 20:10:55, Info:  Time spent this phase (total): 26.6253 s (min: 26.5925 s, max: 26.6468 s)
Wed Sep 25 20:10:55, Info:  Time spent this phase (compute): 26.6253 s (min: 26.5924 s, max: 26.6467 s)
Wed Sep 25 20:10:55, Info:  Time spent this phase (IO): 50.2690 ms (min: 39.7772 ms, max: 76.7102 ms)
Wed Sep 25 20:10:55, Info:  Performance since the start: 9.4822 TFLOP/s (rank 0: 591.3763 GFLOP/s , average over ranks: 592.6374 GFLOP/s ) 
Wed Sep 25 20:10:55, Info:  Performance since last sync point: 9.4529 TFLOP/s (rank 0: 589.1645 GFLOP/s , average over ranks: 590.8075 GFLOP/s ) 
Wed Sep 25 20:11:21, Info:  Writing faultoutput at time 8.5.
Wed Sep 25 20:11:21, Info:  Writing faultoutput at time 8.5. Done.
Wed Sep 25 20:11:21, Info:  Writing energy output at time 8.5 
Wed Sep 25 20:11:22, Info:  Elastic energy (total, % kinematic, % potential):  1.759e+15  , 22.04  , 77.96 
Wed Sep 25 20:11:22, Info:  Total momentum (X, Y, Z): 110049  , -107599  , 791088 
Wed Sep 25 20:11:22, Info:  Frictional work (total, % static, % radiated):  1.81655e+15  , 71.9931  , 28.0069 
Wed Sep 25 20:11:22, Info:  Seismic moment (without plasticity): 3.34684e+19  Mw: 6.94642 
Wed Sep 25 20:11:22, Info:  Writing energy output at time 8.5 Done. 
Wed Sep 25 20:11:22, Info:  Time spent this phase (total): 26.4581 s (min: 26.4375 s, max: 26.4911 s)
Wed Sep 25 20:11:22, Info:  Time spent this phase (compute): 26.4581 s (min: 26.4374 s, max: 26.4911 s)
Wed Sep 25 20:11:22, Info:  Time spent this phase (IO): 47.6603 ms (min: 39.9271 ms, max: 60.5243 ms)
Wed Sep 25 20:11:22, Info:  Performance since the start: 9.4840 TFLOP/s (rank 0: 591.5159 GFLOP/s , average over ranks: 592.7492 GFLOP/s ) 
Wed Sep 25 20:11:22, Info:  Performance since last sync point: 9.5127 TFLOP/s (rank 0: 593.7592 GFLOP/s , average over ranks: 594.5427 GFLOP/s ) 
Wed Sep 25 20:11:48, Info:  Writing faultoutput at time 9.
Wed Sep 25 20:11:48, Info:  Writing faultoutput at time 9. Done.
Wed Sep 25 20:11:48, Info:  Writing free surface at time 9.
Wed Sep 25 20:11:48, Info:  Writing free surface at time 9. Done.
Wed Sep 25 20:11:48, Info:  Writing energy output at time 9 
Wed Sep 25 20:11:48, Info:  Elastic energy (total, % kinematic, % potential):  2.00133e+15  , 21.7869  , 78.2131 
Wed Sep 25 20:11:48, Info:  Total momentum (X, Y, Z): -138182  , 149332  , -3.67682e+06 
Wed Sep 25 20:11:48, Info:  Frictional work (total, % static, % radiated):  2.06619e+15  , 71.2332  , 28.7668 
Wed Sep 25 20:11:48, Info:  Seismic moment (without plasticity): 3.83042e+19  Mw: 6.9855 
Wed Sep 25 20:11:48, Info:  Writing energy output at time 9 Done. 
Wed Sep 25 20:11:48, Info:  Time spent this phase (total): 26.4704 s (min: 26.4687 s, max: 26.4742 s)
Wed Sep 25 20:11:48, Info:  Time spent this phase (compute): 26.4703 s (min: 26.4686 s, max: 26.4738 s)
Wed Sep 25 20:11:48, Info:  Time spent this phase (IO): 48.2400 ms (min: 39.8186 ms, max: 61.9310 ms)
Wed Sep 25 20:11:48, Info:  Performance since the start: 9.4853 TFLOP/s (rank 0: 591.5965 GFLOP/s , average over ranks: 592.8332 GFLOP/s ) 
Wed Sep 25 20:11:48, Info:  Performance since last sync point: 9.5083 TFLOP/s (rank 0: 592.9704 GFLOP/s , average over ranks: 594.2657 GFLOP/s ) 
Wed Sep 25 20:12:14, Info:  Writing faultoutput at time 9.5.
Wed Sep 25 20:12:14, Info:  Writing faultoutput at time 9.5. Done.
Wed Sep 25 20:12:14, Info:  Writing energy output at time 9.5 
Wed Sep 25 20:12:14, Info:  Elastic energy (total, % kinematic, % potential):  2.24308e+15  , 21.4455  , 78.5545 
Wed Sep 25 20:12:14, Info:  Total momentum (X, Y, Z): -7196.31  , -142897  , 1.07212e+07 
Wed Sep 25 20:12:14, Info:  Frictional work (total, % static, % radiated):  2.3149e+15  , 70.6464  , 29.3536 
Wed Sep 25 20:12:14, Info:  Seismic moment (without plasticity): 4.32691e+19  Mw: 7.02079 
Wed Sep 25 20:12:14, Info:  Writing energy output at time 9.5 Done. 
Wed Sep 25 20:12:14, Info:  Time spent this phase (total): 26.4739 s (min: 26.4649 s, max: 26.4801 s)
Wed Sep 25 20:12:14, Info:  Time spent this phase (compute): 26.4738 s (min: 26.4648 s, max: 26.4800 s)
Wed Sep 25 20:12:14, Info:  Time spent this phase (IO): 46.9884 ms (min: 39.7508 ms, max: 60.5810 ms)
Wed Sep 25 20:12:14, Info:  Performance since the start: 9.4865 TFLOP/s (rank 0: 591.6733 GFLOP/s , average over ranks: 592.9044 GFLOP/s ) 
Wed Sep 25 20:12:14, Info:  Performance since last sync point: 9.5070 TFLOP/s (rank 0: 593.0581 GFLOP/s , average over ranks: 594.1879 GFLOP/s ) 
Wed Sep 25 20:12:41, Info:  Writing faultoutput at time 10.
Wed Sep 25 20:12:41, Info:  Writing faultoutput at time 10. Done.
Wed Sep 25 20:12:41, Info:  Writing free surface at time 10.
Wed Sep 25 20:12:41, Info:  Writing free surface at time 10. Done.
Wed Sep 25 20:12:41, Info:  Wrote receivers in 5.27e-07 seconds. 
Wed Sep 25 20:12:41, Info:  Writing energy output at time 10 
Wed Sep 25 20:12:41, Info:  Elastic energy (total, % kinematic, % potential):  2.48432e+15  , 21.0746  , 78.9254 
Wed Sep 25 20:12:41, Info:  Total momentum (X, Y, Z): 834976  , 277286  , -1.89779e+07 
Wed Sep 25 20:12:41, Info:  Frictional work (total, % static, % radiated):  2.56336e+15  , 70.183  , 29.817 
Wed Sep 25 20:12:41, Info:  Seismic moment (without plasticity): 4.83841e+19  Mw: 7.05314 
Wed Sep 25 20:12:41, Info:  Writing energy output at time 10 Done. 
Wed Sep 25 20:12:41, Info:  Time spent this phase (total): 26.4624 s (min: 26.4488 s, max: 26.4683 s)
Wed Sep 25 20:12:41, Info:  Time spent this phase (compute): 26.4623 s (min: 26.4487 s, max: 26.4682 s)
Wed Sep 25 20:12:41, Info:  Time spent this phase (IO): 48.9102 ms (min: 39.6999 ms, max: 64.7155 ms)
Wed Sep 25 20:12:41, Info:  Performance since the start: 9.4877 TFLOP/s (rank 0: 591.7450 GFLOP/s , average over ranks: 592.9812 GFLOP/s ) 
Wed Sep 25 20:12:41, Info:  Performance since last sync point: 9.5111 TFLOP/s (rank 0: 593.1103 GFLOP/s , average over ranks: 594.4453 GFLOP/s ) 
Wed Sep 25 20:13:08, Info:  Writing faultoutput at time 10.5.
Wed Sep 25 20:13:08, Info:  Writing faultoutput at time 10.5. Done.
Wed Sep 25 20:13:08, Info:  Writing energy output at time 10.5 
Wed Sep 25 20:13:08, Info:  Elastic energy (total, % kinematic, % potential):  2.72682e+15  , 20.711  , 79.289 
Wed Sep 25 20:13:08, Info:  Total momentum (X, Y, Z): -3.26126e+06  , -182884  , -6.14498e+06 
Wed Sep 25 20:13:08, Info:  Frictional work (total, % static, % radiated):  2.81355e+15  , 69.7705  , 30.2295 
Wed Sep 25 20:13:08, Info:  Seismic moment (without plasticity): 5.36637e+19  Mw: 7.08312 
Wed Sep 25 20:13:08, Info:  Writing energy output at time 10.5 Done. 
Wed Sep 25 20:13:08, Info:  Time spent this phase (total): 26.7884 s (min: 26.7835 s, max: 26.7935 s)
Wed Sep 25 20:13:08, Info:  Time spent this phase (compute): 26.7883 s (min: 26.7832 s, max: 26.7934 s)
Wed Sep 25 20:13:08, Info:  Time spent this phase (IO): 48.0642 ms (min: 39.6629 ms, max: 60.9884 ms)
Wed Sep 25 20:13:08, Info:  Performance since the start: 9.4833 TFLOP/s (rank 0: 591.4747 GFLOP/s , average over ranks: 592.7039 GFLOP/s ) 
Wed Sep 25 20:13:08, Info:  Performance since last sync point: 9.3954 TFLOP/s (rank 0: 586.1212 GFLOP/s , average over ranks: 587.2112 GFLOP/s ) 
Wed Sep 25 20:13:34, Info:  Writing faultoutput at time 11.
Wed Sep 25 20:13:34, Info:  Writing faultoutput at time 11. Done.
Wed Sep 25 20:13:34, Info:  Writing free surface at time 11.
Wed Sep 25 20:13:34, Info:  Writing free surface at time 11. Done.
Wed Sep 25 20:13:34, Info:  Writing energy output at time 11 
Wed Sep 25 20:13:34, Info:  Elastic energy (total, % kinematic, % potential):  2.9678e+15  , 20.3512  , 79.6488 
Wed Sep 25 20:13:34, Info:  Total momentum (X, Y, Z): 6.64479e+06  , -4.19496e+06  , 1.67966e+08 
Wed Sep 25 20:13:34, Info:  Frictional work (total, % static, % radiated):  3.06217e+15  , 69.4433  , 30.5567 
Wed Sep 25 20:13:34, Info:  Seismic moment (without plasticity): 5.91023e+19  Mw: 7.11107 
Wed Sep 25 20:13:34, Info:  Writing energy output at time 11 Done. 
Wed Sep 25 20:13:34, Info:  Time spent this phase (total): 26.4981 s (min: 26.4795 s, max: 26.5044 s)
Wed Sep 25 20:13:34, Info:  Time spent this phase (compute): 26.4980 s (min: 26.4794 s, max: 26.5044 s)
Wed Sep 25 20:13:34, Info:  Time spent this phase (IO): 48.1772 ms (min: 39.7998 ms, max: 61.2817 ms)
Wed Sep 25 20:13:34, Info:  Performance since the start: 9.4839 TFLOP/s (rank 0: 591.5126 GFLOP/s , average over ranks: 592.7466 GFLOP/s ) 
Wed Sep 25 20:13:34, Info:  Performance since last sync point: 9.4983 TFLOP/s (rank 0: 592.3092 GFLOP/s , average over ranks: 593.6454 GFLOP/s ) 
Wed Sep 25 20:14:01, Info:  Writing faultoutput at time 11.5.
Wed Sep 25 20:14:01, Info:  Writing faultoutput at time 11.5. Done.
Wed Sep 25 20:14:01, Info:  Writing energy output at time 11.5 
Wed Sep 25 20:14:01, Info:  Elastic energy (total, % kinematic, % potential):  3.20628e+15  , 20.0089  , 79.9911 
Wed Sep 25 20:14:01, Info:  Total momentum (X, Y, Z): -2.4055e+06  , 1.89887e+07  , -4.65222e+08 
Wed Sep 25 20:14:01, Info:  Frictional work (total, % static, % radiated):  3.3087e+15  , 69.2063  , 30.7937 
Wed Sep 25 20:14:01, Info:  Seismic moment (without plasticity): 6.47094e+19  Mw: 7.13731 
Wed Sep 25 20:14:01, Info:  Writing energy output at time 11.5 Done. 
Wed Sep 25 20:14:01, Info:  Time spent this phase (total): 26.4956 s (min: 26.4844 s, max: 26.5083 s)
Wed Sep 25 20:14:01, Info:  Time spent this phase (compute): 26.4955 s (min: 26.4843 s, max: 26.5083 s)
Wed Sep 25 20:14:01, Info:  Time spent this phase (IO): 47.0958 ms (min: 39.6862 ms, max: 60.5823 ms)
Wed Sep 25 20:14:01, Info:  Performance since the start: 9.4846 TFLOP/s (rank 0: 591.5585 GFLOP/s , average over ranks: 592.7880 GFLOP/s ) 
Wed Sep 25 20:14:01, Info:  Performance since last sync point: 9.4992 TFLOP/s (rank 0: 592.5689 GFLOP/s , average over ranks: 593.7012 GFLOP/s ) 
Wed Sep 25 20:14:27, Info:  Writing faultoutput at time 12.
Wed Sep 25 20:14:27, Info:  Writing faultoutput at time 12. Done.
Wed Sep 25 20:14:27, Info:  Writing free surface at time 12.
Wed Sep 25 20:14:27, Info:  Writing free surface at time 12. Done.
Wed Sep 25 20:14:27, Info:  Writing energy output at time 12 
Wed Sep 25 20:14:27, Info:  Elastic energy (total, % kinematic, % potential):  3.44775e+15  , 19.6631  , 80.3369 
Wed Sep 25 20:14:27, Info:  Total momentum (X, Y, Z): -2.32669e+07  , -3.08353e+07  , 1.43835e+08 
Wed Sep 25 20:14:27, Info:  Frictional work (total, % static, % radiated):  3.55893e+15  , 68.9851  , 31.0149 
Wed Sep 25 20:14:27, Info:  Seismic moment (without plasticity): 7.04795e+19  Mw: 7.16204 
Wed Sep 25 20:14:27, Info:  Writing energy output at time 12 Done. 
Wed Sep 25 20:14:27, Info:  Time spent this phase (total): 26.3569 s (min: 26.3407 s, max: 26.3697 s)
Wed Sep 25 20:14:27, Info:  Time spent this phase (compute): 26.3568 s (min: 26.3406 s, max: 26.3697 s)
Wed Sep 25 20:14:27, Info:  Time spent this phase (IO): 48.2636 ms (min: 39.6249 ms, max: 61.3006 ms)
Wed Sep 25 20:14:27, Info:  Performance since the start: 9.4873 TFLOP/s (rank 0: 591.7214 GFLOP/s , average over ranks: 592.9552 GFLOP/s ) 
Wed Sep 25 20:14:27, Info:  Performance since last sync point: 9.5492 TFLOP/s (rank 0: 595.4932 GFLOP/s , average over ranks: 596.8269 GFLOP/s ) 
Wed Sep 25 20:14:54, Info:  Writing faultoutput at time 12.5.
Wed Sep 25 20:14:54, Info:  Writing faultoutput at time 12.5. Done.
Wed Sep 25 20:14:54, Info:  Writing energy output at time 12.5 
Wed Sep 25 20:14:54, Info:  Elastic energy (total, % kinematic, % potential):  3.69443e+15  , 19.2948  , 80.7052 
Wed Sep 25 20:14:54, Info:  Total momentum (X, Y, Z): 5.54951e+07  , -1.51747e+07  , 2.17507e+09 
Wed Sep 25 20:14:54, Info:  Frictional work (total, % static, % radiated):  3.81517e+15  , 68.7696  , 31.2304 
Wed Sep 25 20:14:54, Info:  Seismic moment (without plasticity): 7.63948e+19  Mw: 7.18538 
Wed Sep 25 20:14:54, Info:  Writing energy output at time 12.5 Done. 
Wed Sep 25 20:14:54, Info:  Time spent this phase (total): 26.4790 s (min: 26.4710 s, max: 26.5001 s)
Wed Sep 25 20:14:54, Info:  Time spent this phase (compute): 26.4789 s (min: 26.4705 s, max: 26.5000 s)
Wed Sep 25 20:14:54, Info:  Time spent this phase (IO): 47.2163 ms (min: 39.7050 ms, max: 60.4571 ms)
Wed Sep 25 20:14:54, Info:  Performance since the start: 9.4880 TFLOP/s (rank 0: 591.7741 GFLOP/s , average over ranks: 592.9998 GFLOP/s ) 
Wed Sep 25 20:14:54, Info:  Performance since last sync point: 9.5052 TFLOP/s (rank 0: 593.0415 GFLOP/s , average over ranks: 594.0727 GFLOP/s ) 
Wed Sep 25 20:15:20, Info:  Writing faultoutput at time 13.
Wed Sep 25 20:15:20, Info:  Writing faultoutput at time 13. Done.
Wed Sep 25 20:15:20, Info:  Writing free surface at time 13.
Wed Sep 25 20:15:20, Info:  Writing free surface at time 13. Done.
Wed Sep 25 20:15:20, Info:  Writing energy output at time 13 
Wed Sep 25 20:15:20, Info:  Elastic energy (total, % kinematic, % potential):  3.94529e+15  , 18.8854  , 81.1146 
Wed Sep 25 20:15:20, Info:  Total momentum (X, Y, Z): -2.04907e+07  , 1.49875e+08  , -3.7252e+09 
Wed Sep 25 20:15:20, Info:  Frictional work (total, % static, % radiated):  4.07541e+15  , 68.5906  , 31.4094 
Wed Sep 25 20:15:20, Info:  Seismic moment (without plasticity): 8.24051e+19  Mw: 7.2073 
Wed Sep 25 20:15:20, Info:  Writing energy output at time 13 Done. 
Wed Sep 25 20:15:20, Info:  Time spent this phase (total): 26.6351 s (min: 26.6293 s, max: 26.6407 s)
Wed Sep 25 20:15:20, Info:  Time spent this phase (compute): 26.6350 s (min: 26.6293 s, max: 26.6406 s)
Wed Sep 25 20:15:20, Info:  Time spent this phase (IO): 48.6341 ms (min: 39.8026 ms, max: 61.1886 ms)
Wed Sep 25 20:15:20, Info:  Performance since the start: 9.4865 TFLOP/s (rank 0: 591.6789 GFLOP/s , average over ranks: 592.9068 GFLOP/s ) 
Wed Sep 25 20:15:20, Info:  Performance since last sync point: 9.4495 TFLOP/s (rank 0: 589.3104 GFLOP/s , average over ranks: 590.5911 GFLOP/s ) 
Wed Sep 25 20:15:47, Info:  Writing faultoutput at time 13.5.
Wed Sep 25 20:15:47, Info:  Writing faultoutput at time 13.5. Done.
Wed Sep 25 20:15:47, Info:  Writing energy output at time 13.5 
Wed Sep 25 20:15:47, Info:  Elastic energy (total, % kinematic, % potential):  4.20087e+15  , 18.4876  , 81.5124 
Wed Sep 25 20:15:47, Info:  Total momentum (X, Y, Z): -1.05812e+08  , -1.99318e+08  , -5.53866e+09 
Wed Sep 25 20:15:47, Info:  Frictional work (total, % static, % radiated):  4.34079e+15  , 68.4111  , 31.5889 
Wed Sep 25 20:15:47, Info:  Seismic moment (without plasticity): 8.85091e+19  Mw: 7.22799 
Wed Sep 25 20:15:47, Info:  Writing energy output at time 13.5 Done. 
Wed Sep 25 20:15:47, Info:  Time spent this phase (total): 26.6441 s (min: 26.6154 s, max: 26.6507 s)
Wed Sep 25 20:15:47, Info:  Time spent this phase (compute): 26.6440 s (min: 26.6153 s, max: 26.6506 s)
Wed Sep 25 20:15:47, Info:  Time spent this phase (IO): 48.0682 ms (min: 39.7284 ms, max: 61.0800 ms)
Wed Sep 25 20:15:47, Info:  Performance since the start: 9.4850 TFLOP/s (rank 0: 591.5842 GFLOP/s , average over ranks: 592.8133 GFLOP/s ) 
Wed Sep 25 20:15:47, Info:  Performance since last sync point: 9.4463 TFLOP/s (rank 0: 589.1325 GFLOP/s , average over ranks: 590.3916 GFLOP/s ) 
Wed Sep 25 20:16:13, Info:  Writing faultoutput at time 14.
Wed Sep 25 20:16:13, Info:  Writing faultoutput at time 14. Done.
Wed Sep 25 20:16:13, Info:  Writing free surface at time 14.
Wed Sep 25 20:16:13, Info:  Writing free surface at time 14. Done.
Wed Sep 25 20:16:13, Info:  Writing energy output at time 14 
Wed Sep 25 20:16:13, Info:  Elastic energy (total, % kinematic, % potential):  4.45764e+15  , 18.0815  , 81.9185 
Wed Sep 25 20:16:13, Info:  Total momentum (X, Y, Z): 1.01264e+08  , -1.28532e+08  , 1.92526e+10 
Wed Sep 25 20:16:13, Info:  Frictional work (total, % static, % radiated):  4.60746e+15  , 68.24  , 31.76 
Wed Sep 25 20:16:13, Info:  Seismic moment (without plasticity): 9.46962e+19  Mw: 7.24756 
Wed Sep 25 20:16:13, Info:  Writing energy output at time 14 Done. 
Wed Sep 25 20:16:13, Info:  Time spent this phase (total): 26.4661 s (min: 26.4520 s, max: 26.4890 s)
Wed Sep 25 20:16:13, Info:  Time spent this phase (compute): 26.4661 s (min: 26.4519 s, max: 26.4890 s)
Wed Sep 25 20:16:13, Info:  Time spent this phase (IO): 49.9774 ms (min: 39.9387 ms, max: 78.4552 ms)
Wed Sep 25 20:16:13, Info:  Performance since the start: 9.4859 TFLOP/s (rank 0: 591.6354 GFLOP/s , average over ranks: 592.8684 GFLOP/s ) 
Wed Sep 25 20:16:13, Info:  Performance since last sync point: 9.5098 TFLOP/s (rank 0: 593.0216 GFLOP/s , average over ranks: 594.3597 GFLOP/s ) 
Wed Sep 25 20:16:40, Info:  Writing faultoutput at time 14.5.
Wed Sep 25 20:16:40, Info:  Writing faultoutput at time 14.5. Done.
Wed Sep 25 20:16:40, Info:  Writing energy output at time 14.5 
Wed Sep 25 20:16:40, Info:  Elastic energy (total, % kinematic, % potential):  4.71117e+15  , 17.6757  , 82.3243 
Wed Sep 25 20:16:40, Info:  Total momentum (X, Y, Z): 1.05639e+08  , 5.84259e+08  , 8.1036e+09 
Wed Sep 25 20:16:40, Info:  Frictional work (total, % static, % radiated):  4.87095e+15  , 68.0882  , 31.9118 
Wed Sep 25 20:16:40, Info:  Seismic moment (without plasticity): 1.00938e+20  Mw: 7.26604 
Wed Sep 25 20:16:40, Info:  Writing energy output at time 14.5 Done. 
Wed Sep 25 20:16:40, Info:  Time spent this phase (total): 26.4272 s (min: 26.4060 s, max: 26.4395 s)
Wed Sep 25 20:16:40, Info:  Time spent this phase (compute): 26.4271 s (min: 26.4059 s, max: 26.4394 s)
Wed Sep 25 20:16:40, Info:  Time spent this phase (IO): 48.0968 ms (min: 39.6539 ms, max: 61.4751 ms)
Wed Sep 25 20:16:40, Info:  Performance since the start: 9.4872 TFLOP/s (rank 0: 591.7222 GFLOP/s , average over ranks: 592.9499 GFLOP/s ) 
Wed Sep 25 20:16:40, Info:  Performance since last sync point: 9.5239 TFLOP/s (rank 0: 594.1620 GFLOP/s , average over ranks: 595.2406 GFLOP/s ) 
Wed Sep 25 20:17:06, Info:  Writing faultoutput at time 15.
Wed Sep 25 20:17:06, Info:  Writing faultoutput at time 15. Done.
Wed Sep 25 20:17:06, Info:  Writing free surface at time 15.
Wed Sep 25 20:17:06, Info:  Writing free surface at time 15. Done.
Wed Sep 25 20:17:06, Info:  Writing energy output at time 15 
Wed Sep 25 20:17:06, Info:  Elastic energy (total, % kinematic, % potential):  4.96226e+15  , 17.3061  , 82.6939 
Wed Sep 25 20:17:06, Info:  Total momentum (X, Y, Z): -6.82705e+06  , -2.54601e+08  , -7.54172e+10 
Wed Sep 25 20:17:06, Info:  Frictional work (total, % static, % radiated):  5.13269e+15  , 67.9296  , 32.0704 
Wed Sep 25 20:17:06, Info:  Seismic moment (without plasticity): 1.07229e+20  Mw: 7.28354 
Wed Sep 25 20:17:06, Info:  Writing energy output at time 15 Done. 
Wed Sep 25 20:17:06, Info:  Time spent this phase (total): 26.4127 s (min: 26.3994 s, max: 26.4292 s)
Wed Sep 25 20:17:06, Info:  Time spent this phase (compute): 26.4126 s (min: 26.3993 s, max: 26.4287 s)
Wed Sep 25 20:17:06, Info:  Time spent this phase (IO): 50.4290 ms (min: 39.7408 ms, max: 73.5724 ms)
Wed Sep 25 20:17:06, Info:  Performance since the start: 9.4886 TFLOP/s (rank 0: 591.7971 GFLOP/s , average over ranks: 593.0367 GFLOP/s ) 
Wed Sep 25 20:17:06, Info:  Performance since last sync point: 9.5290 TFLOP/s (rank 0: 593.9785 GFLOP/s , average over ranks: 595.5647 GFLOP/s ) 
Wed Sep 25 20:17:33, Info:  Writing faultoutput at time 15.5.
Wed Sep 25 20:17:33, Info:  Writing faultoutput at time 15.5. Done.
Wed Sep 25 20:17:33, Info:  Writing energy output at time 15.5 
Wed Sep 25 20:17:33, Info:  Elastic energy (total, % kinematic, % potential):  5.21058e+15  , 16.9625  , 83.0375 
Wed Sep 25 20:17:33, Info:  Total momentum (X, Y, Z): -6.53866e+08  , -5.68821e+08  , -4.13324e+10 
Wed Sep 25 20:17:33, Info:  Frictional work (total, % static, % radiated):  5.39123e+15  , 67.7946  , 32.2054 
Wed Sep 25 20:17:33, Info:  Seismic moment (without plasticity): 1.13568e+20  Mw: 7.30017 
Wed Sep 25 20:17:33, Info:  Writing energy output at time 15.5 Done. 
Wed Sep 25 20:17:33, Info:  Time spent this phase (total): 26.5579 s (min: 26.5366 s, max: 26.5803 s)
Wed Sep 25 20:17:33, Info:  Time spent this phase (compute): 26.5578 s (min: 26.5362 s, max: 26.5803 s)
Wed Sep 25 20:17:33, Info:  Time spent this phase (IO): 47.6954 ms (min: 39.9776 ms, max: 60.5112 ms)
Wed Sep 25 20:17:33, Info:  Performance since the start: 9.4882 TFLOP/s (rank 0: 591.7900 GFLOP/s , average over ranks: 593.0131 GFLOP/s ) 
Wed Sep 25 20:17:33, Info:  Performance since last sync point: 9.4769 TFLOP/s (rank 0: 591.5757 GFLOP/s , average over ranks: 592.3082 GFLOP/s ) 
Wed Sep 25 20:17:59, Info:  Writing faultoutput at time 16.
Wed Sep 25 20:17:59, Info:  Writing faultoutput at time 16. Done.
Wed Sep 25 20:17:59, Info:  Writing free surface at time 16.
Wed Sep 25 20:17:59, Info:  Writing free surface at time 16. Done.
Wed Sep 25 20:17:59, Info:  Writing energy output at time 16 
Wed Sep 25 20:17:59, Info:  Elastic energy (total, % kinematic, % potential):  5.45858e+15  , 16.6671  , 83.3329 
Wed Sep 25 20:17:59, Info:  Total momentum (X, Y, Z): -1.26686e+09  , 9.80581e+08  , 1.89401e+11 
Wed Sep 25 20:17:59, Info:  Frictional work (total, % static, % radiated):  5.64962e+15  , 67.6516  , 32.3484 
Wed Sep 25 20:17:59, Info:  Seismic moment (without plasticity): 1.19954e+20  Mw: 7.31601 
Wed Sep 25 20:17:59, Info:  Writing energy output at time 16 Done. 
Wed Sep 25 20:17:59, Info:  Time spent this phase (total): 26.6799 s (min: 26.6605 s, max: 26.7076 s)
Wed Sep 25 20:17:59, Info:  Time spent this phase (compute): 26.6798 s (min: 26.6605 s, max: 26.7076 s)
Wed Sep 25 20:17:59, Info:  Time spent this phase (IO): 49.9097 ms (min: 39.6014 ms, max: 72.1717 ms)
Wed Sep 25 20:17:59, Info:  Performance since the start: 9.4865 TFLOP/s (rank 0: 591.6757 GFLOP/s , average over ranks: 592.9059 GFLOP/s ) 
Wed Sep 25 20:17:59, Info:  Performance since last sync point: 9.4336 TFLOP/s (rank 0: 588.1556 GFLOP/s , average over ranks: 589.5999 GFLOP/s ) 
Wed Sep 25 20:18:26, Info:  Writing faultoutput at time 16.5.
Wed Sep 25 20:18:26, Info:  Writing faultoutput at time 16.5. Done.
Wed Sep 25 20:18:26, Info:  Writing energy output at time 16.5 
Wed Sep 25 20:18:26, Info:  Elastic energy (total, % kinematic, % potential):  5.70537e+15  , 16.3918  , 83.6082 
Wed Sep 25 20:18:26, Info:  Total momentum (X, Y, Z): 8.03562e+08  , 8.68996e+08  , 1.79456e+11 
Wed Sep 25 20:18:26, Info:  Frictional work (total, % static, % radiated):  5.90673e+15  , 67.5007  , 32.4993 
Wed Sep 25 20:18:26, Info:  Seismic moment (without plasticity): 1.26358e+20  Mw: 7.33107 
Wed Sep 25 20:18:26, Info:  Writing energy output at time 16.5 Done. 
Wed Sep 25 20:18:26, Info:  Time spent this phase (total): 26.5950 s (min: 26.5663 s, max: 26.6156 s)
Wed Sep 25 20:18:26, Info:  Time spent this phase (compute): 26.5949 s (min: 26.5662 s, max: 26.6155 s)
Wed Sep 25 20:18:26, Info:  Time spent this phase (IO): 47.8360 ms (min: 39.6789 ms, max: 60.9964 ms)
Wed Sep 25 20:18:26, Info:  Performance since the start: 9.4858 TFLOP/s (rank 0: 591.6399 GFLOP/s , average over ranks: 592.8626 GFLOP/s ) 
Wed Sep 25 20:18:26, Info:  Performance since last sync point: 9.4637 TFLOP/s (rank 0: 590.4956 GFLOP/s , average over ranks: 591.4828 GFLOP/s ) 
Wed Sep 25 20:18:52, Info:  Writing faultoutput at time 17.
Wed Sep 25 20:18:52, Info:  Writing faultoutput at time 17. Done.
Wed Sep 25 20:18:52, Info:  Writing free surface at time 17.
Wed Sep 25 20:18:52, Info:  Writing free surface at time 17. Done.
Wed Sep 25 20:18:52, Info:  Writing energy output at time 17 
Wed Sep 25 20:18:52, Info:  Elastic energy (total, % kinematic, % potential):  5.95203e+15  , 16.1424  , 83.8576 
Wed Sep 25 20:18:52, Info:  Total momentum (X, Y, Z): 3.5943e+09  , -6.29484e+08  , -3.50559e+11 
Wed Sep 25 20:18:52, Info:  Frictional work (total, % static, % radiated):  6.16325e+15  , 67.3623  , 32.6377 
Wed Sep 25 20:18:52, Info:  Seismic moment (without plasticity): 1.32766e+20  Mw: 7.34539 
Wed Sep 25 20:18:52, Info:  Writing energy output at time 17 Done. 
Wed Sep 25 20:18:52, Info:  Time spent this phase (total): 26.4433 s (min: 26.4332 s, max: 26.4495 s)
Wed Sep 25 20:18:52, Info:  Time spent this phase (compute): 26.4432 s (min: 26.4332 s, max: 26.4494 s)
Wed Sep 25 20:18:52, Info:  Time spent this phase (IO): 48.1678 ms (min: 40.1539 ms, max: 60.9747 ms)
Wed Sep 25 20:18:52, Info:  Performance since the start: 9.4867 TFLOP/s (rank 0: 591.6954 GFLOP/s , average over ranks: 592.9217 GFLOP/s ) 
Wed Sep 25 20:18:52, Info:  Performance since last sync point: 9.5180 TFLOP/s (rank 0: 593.5316 GFLOP/s , average over ranks: 594.8763 GFLOP/s ) 
Wed Sep 25 20:19:19, Info:  Writing faultoutput at time 17.5.
Wed Sep 25 20:19:19, Info:  Writing faultoutput at time 17.5. Done.
Wed Sep 25 20:19:19, Info:  Writing energy output at time 17.5 
Wed Sep 25 20:19:19, Info:  Elastic energy (total, % kinematic, % potential):  6.19648e+15  , 15.6941  , 84.3059 
Wed Sep 25 20:19:19, Info:  Total momentum (X, Y, Z): 1.26204e+09  , -2.14138e+09  , -1.37761e+11 
Wed Sep 25 20:19:19, Info:  Frictional work (total, % static, % radiated):  6.41899e+15  , 67.1558  , 32.8442 
Wed Sep 25 20:19:19, Info:  Seismic moment (without plasticity): 1.38943e+20  Mw: 7.35856 
Wed Sep 25 20:19:19, Info:  Writing energy output at time 17.5 Done. 
Wed Sep 25 20:19:19, Info:  Time spent this phase (total): 26.5601 s (min: 26.5323 s, max: 26.6284 s)
Wed Sep 25 20:19:19, Info:  Time spent this phase (compute): 26.5600 s (min: 26.5322 s, max: 26.6283 s)
Wed Sep 25 20:19:19, Info:  Time spent this phase (IO): 50.8821 ms (min: 39.7490 ms, max: 85.7394 ms)
Wed Sep 25 20:19:19, Info:  Performance since the start: 9.4864 TFLOP/s (rank 0: 591.6773 GFLOP/s , average over ranks: 592.9026 GFLOP/s ) 
Wed Sep 25 20:19:19, Info:  Performance since last sync point: 9.4761 TFLOP/s (rank 0: 591.0656 GFLOP/s , average over ranks: 592.2564 GFLOP/s ) 
Wed Sep 25 20:19:46, Info:  Writing faultoutput at time 18.
Wed Sep 25 20:19:46, Info:  Writing faultoutput at time 18. Done.
Wed Sep 25 20:19:46, Info:  Writing free surface at time 18.
Wed Sep 25 20:19:46, Info:  Writing free surface at time 18. Done.
Wed Sep 25 20:19:46, Info:  Writing energy output at time 18 
Wed Sep 25 20:19:46, Info:  Elastic energy (total, % kinematic, % potential):  6.42946e+15  , 15.0481  , 84.9519 
Wed Sep 25 20:19:46, Info:  Total momentum (X, Y, Z): -4.08719e+09  , 2.05682e+09  , 3.79745e+12 
Wed Sep 25 20:19:46, Info:  Frictional work (total, % static, % radiated):  6.66242e+15  , 66.9912  , 33.0088 
Wed Sep 25 20:19:46, Info:  Seismic moment (without plasticity): 1.44483e+20  Mw: 7.36988 
Wed Sep 25 20:19:46, Info:  Writing energy output at time 18 Done. 
Wed Sep 25 20:19:46, Info:  Time spent this phase (total): 26.5648 s (min: 26.5119 s, max: 26.5885 s)
Wed Sep 25 20:19:46, Info:  Time spent this phase (compute): 26.5647 s (min: 26.5118 s, max: 26.5885 s)
Wed Sep 25 20:19:46, Info:  Time spent this phase (IO): 48.8414 ms (min: 39.8214 ms, max: 62.8696 ms)
Wed Sep 25 20:19:46, Info:  Performance since the start: 9.4861 TFLOP/s (rank 0: 591.6577 GFLOP/s , average over ranks: 592.8819 GFLOP/s ) 
Wed Sep 25 20:19:46, Info:  Performance since last sync point: 9.4745 TFLOP/s (rank 0: 590.9723 GFLOP/s , average over ranks: 592.1586 GFLOP/s ) 
Wed Sep 25 20:20:12, Info:  Writing faultoutput at time 18.5.
Wed Sep 25 20:20:12, Info:  Writing faultoutput at time 18.5. Done.
Wed Sep 25 20:20:12, Info:  Writing energy output at time 18.5 
Wed Sep 25 20:20:12, Info:  Elastic energy (total, % kinematic, % potential):  6.71504e+15  , 14.4318  , 85.5682 
Wed Sep 25 20:20:12, Info:  Total momentum (X, Y, Z): -4.88295e+09  , 6.17442e+09  , 1.46792e+13 
Wed Sep 25 20:20:12, Info:  Frictional work (total, % static, % radiated):  6.96125e+15  , 66.8339  , 33.1661 
Wed Sep 25 20:20:12, Info:  Seismic moment (without plasticity): 1.49384e+20  Mw: 7.37954 
Wed Sep 25 20:20:12, Info:  Writing energy output at time 18.5 Done. 
Wed Sep 25 20:20:12, Info:  Time spent this phase (total): 26.5955 s (min: 26.5569 s, max: 26.6604 s)
Wed Sep 25 20:20:12, Info:  Time spent this phase (compute): 26.5954 s (min: 26.5569 s, max: 26.6603 s)
Wed Sep 25 20:20:12, Info:  Time spent this phase (IO): 56.2394 ms (min: 39.6915 ms, max: 132.1826 ms)
Wed Sep 25 20:20:12, Info:  Performance since the start: 9.4855 TFLOP/s (rank 0: 591.5895 GFLOP/s , average over ranks: 592.8436 GFLOP/s ) 
Wed Sep 25 20:20:12, Info:  Performance since last sync point: 9.4635 TFLOP/s (rank 0: 589.1415 GFLOP/s , average over ranks: 591.4697 GFLOP/s ) 
Wed Sep 25 20:20:39, Info:  Writing faultoutput at time 19.
Wed Sep 25 20:20:39, Info:  Writing faultoutput at time 19. Done.
Wed Sep 25 20:20:39, Info:  Writing free surface at time 19.
Wed Sep 25 20:20:39, Info:  Writing free surface at time 19. Done.
Wed Sep 25 20:20:39, Info:  Writing energy output at time 19 
Wed Sep 25 20:20:39, Info:  Elastic energy (total, % kinematic, % potential):  7.15896e+15  , 14.3729  , 85.6271 
Wed Sep 25 20:20:39, Info:  Total momentum (X, Y, Z): -1.48989e+09  , -2.87586e+09  , 3.49913e+13 
Wed Sep 25 20:20:39, Info:  Frictional work (total, % static, % radiated):  7.42437e+15  , 66.6191  , 33.3809 
Wed Sep 25 20:20:39, Info:  Seismic moment (without plasticity): 1.54255e+20  Mw: 7.38883 
Wed Sep 25 20:20:39, Info:  Writing energy output at time 19 Done. 
Wed Sep 25 20:20:39, Info:  Time spent this phase (total): 26.5810 s (min: 26.5163 s, max: 26.6079 s)
Wed Sep 25 20:20:39, Info:  Time spent this phase (compute): 26.5810 s (min: 26.5163 s, max: 26.6078 s)
Wed Sep 25 20:20:39, Info:  Time spent this phase (IO): 48.6664 ms (min: 39.7402 ms, max: 62.4556 ms)
Wed Sep 25 20:20:39, Info:  Performance since the start: 9.4851 TFLOP/s (rank 0: 591.5916 GFLOP/s , average over ranks: 592.8160 GFLOP/s ) 
Wed Sep 25 20:20:39, Info:  Performance since last sync point: 9.4687 TFLOP/s (rank 0: 591.6696 GFLOP/s , average over ranks: 591.7950 GFLOP/s ) 
Wed Sep 25 20:21:05, Info:  Writing faultoutput at time 19.5.
Wed Sep 25 20:21:05, Info:  Writing faultoutput at time 19.5. Done.
Wed Sep 25 20:21:05, Info:  Writing energy output at time 19.5 
Wed Sep 25 20:21:05, Info:  Elastic energy (total, % kinematic, % potential):  7.90615e+15  , 15.273  , 84.727 
Wed Sep 25 20:21:05, Info:  Total momentum (X, Y, Z): 2.50598e+09  , -1.58224e+10  , 6.65597e+13 
Wed Sep 25 20:21:05, Info:  Frictional work (total, % static, % radiated):  8.20055e+15  , 66.2691  , 33.7309 
Wed Sep 25 20:21:05, Info:  Seismic moment (without plasticity): 1.59787e+20  Mw: 7.39903 
Wed Sep 25 20:21:05, Info:  Writing energy output at time 19.5 Done. 
Wed Sep 25 20:21:05, Info:  Time spent this phase (total): 26.4386 s (min: 26.4336 s, max: 26.4550 s)
Wed Sep 25 20:21:05, Info:  Time spent this phase (compute): 26.4385 s (min: 26.4331 s, max: 26.4549 s)
Wed Sep 25 20:21:05, Info:  Time spent this phase (IO): 47.8487 ms (min: 39.5647 ms, max: 60.5740 ms)
Wed Sep 25 20:21:05, Info:  Performance since the start: 9.4859 TFLOP/s (rank 0: 591.6500 GFLOP/s , average over ranks: 592.8713 GFLOP/s ) 
Wed Sep 25 20:21:05, Info:  Performance since last sync point: 9.5197 TFLOP/s (rank 0: 593.8805 GFLOP/s , average over ranks: 594.9814 GFLOP/s ) 
Wed Sep 25 20:21:32, Info:  Writing faultoutput at time 20.
Wed Sep 25 20:21:32, Info:  Writing faultoutput at time 20. Done.
Wed Sep 25 20:21:32, Info:  Writing free surface at time 20.
Wed Sep 25 20:21:32, Info:  Writing free surface at time 20. Done.
Wed Sep 25 20:21:32, Info:  Wrote receivers in 8.4e-07 seconds. 
Wed Sep 25 20:21:32, Info:  Writing energy output at time 20 
Wed Sep 25 20:21:32, Info:  Elastic energy (total, % kinematic, % potential):  9.09787e+15  , 17.15  , 82.85 
Wed Sep 25 20:21:32, Info:  Total momentum (X, Y, Z): 7.67887e+09  , -1.04735e+10  , 1.11705e+14 
Wed Sep 25 20:21:32, Info:  Frictional work (total, % static, % radiated):  9.43599e+15  , 65.8802  , 34.1198 
Wed Sep 25 20:21:32, Info:  Seismic moment (without plasticity): 1.66717e+20  Mw: 7.41132 
Wed Sep 25 20:21:32, Info:  Writing energy output at time 20 Done. 
Wed Sep 25 20:21:32, Info:  Time spent this phase (total): 26.5326 s (min: 26.5262 s, max: 26.5410 s)
Wed Sep 25 20:21:32, Info:  Time spent this phase (compute): 26.5325 s (min: 26.5261 s, max: 26.5404 s)
Wed Sep 25 20:21:32, Info:  Time spent this phase (IO): 48.7058 ms (min: 39.7525 ms, max: 66.4529 ms)
Wed Sep 25 20:21:32, Info:  Performance since the start: 9.4859 TFLOP/s (rank 0: 591.6457 GFLOP/s , average over ranks: 592.8713 GFLOP/s ) 
Wed Sep 25 20:21:32, Info:  Performance since last sync point: 9.4860 TFLOP/s (rank 0: 591.4782 GFLOP/s , average over ranks: 592.8723 GFLOP/s ) 
Wed Sep 25 20:21:32, Info:  Ignoring duplicate synchronisation point at time 20 ; the last sync point was at  20 
Wed Sep 25 20:21:32, Info:  Ignoring duplicate synchronisation point at time 20 ; the last sync point was at  20 
Wed Sep 25 20:21:32, Info:  Ignoring duplicate synchronisation point at time 20 ; the last sync point was at  20 
Wed Sep 25 20:21:32, Info:  Ignoring duplicate synchronisation point at time 20 ; the last sync point was at  20 
Wed Sep 25 20:21:32, Info:  Simulation time (total): 17 min 41.3074 s (min: 17 min 41.2639 s, max: 17 min 41.3386 s)
Wed Sep 25 20:21:32, Info:  Simulation time (compute): 17 min 39.3060 s (min: 17 min 38.6404 s, max: 17 min 39.6766 s)
Wed Sep 25 20:21:32, Info:  Simulation time (IO): 1.9957 s (min: 1.6427 s, max: 2.6737 s)
Wed Sep 25 20:21:32, Info:  Time spent in compute kernels: mean = 1010.12  std = 26.4941  min = 957.22  median = 1014.68  max = 1044.45 
Wed Sep 25 20:21:32, Info:  Load imbalance: 3.28639 % 
Wed Sep 25 20:21:32, Info:  Regression analysis of compute kernels: 
Wed Sep 25 20:21:32, Info:  "computeLocalIntegration" (total time): 4905.5 s ( = 1 h 21 min 45.5042 s ) 
Wed Sep 25 20:21:32, Info:  "computeLocalIntegration" ( constant ): 2.08303e-05 (sample size: 5.14252e+06 , standard error: 4.16132e-12 ) 
Wed Sep 25 20:21:32, Info:  "computeLocalIntegration" ( per element ): 8.28034e-08 (sample size: 5.14252e+06 , standard error: 4.16132e-12 ) 
Wed Sep 25 20:21:32, Info:  "computeNeighboringIntegration" (total time): 5943.23 s ( = 1 h 39 min 3.2294 s ) 
Wed Sep 25 20:21:32, Info:  "computeNeighboringIntegration" ( constant ): 0.000140077 (sample size: 5.14252e+06 , standard error: 6.93339e-12 ) 
Wed Sep 25 20:21:32, Info:  "computeNeighboringIntegration" ( per element ): 9.01288e-08 (sample size: 5.14252e+06 , standard error: 6.93339e-12 ) 
Wed Sep 25 20:21:32, Info:  "computeDynamicRupture" (total time): 5313.22 s ( = 1 h 28 min 33.2152 s ) 
Wed Sep 25 20:21:32, Info:  "computeDynamicRupture" ( constant ): 8.01915e-05 (sample size: 4.06684e+06 , standard error: 3.39817e-11 ) 
Wed Sep 25 20:21:32, Info:  "computeDynamicRupture" ( per element ): 4.5142e-07 (sample size: 4.06684e+06 , standard error: 3.39817e-11 ) 
Wed Sep 25 20:21:32, Info:  "computePointSources" (total time): 0 s ( = 0.0000 s ) 
Wed Sep 25 20:21:32, Info:  "computePointSources" ( constant ): -nan (sample size: 0 , standard error: -nan ) 
Wed Sep 25 20:21:32, Info:  "computePointSources" ( per element ): -nan (sample size: 0 , standard error: -nan ) 
Wed Sep 25 20:21:32, Info:  Total time spent in compute kernels: 16161.9 s ( = 4 h 29 min 21.9488 s ) 
Wed Sep 25 20:21:32, Info:  Total calculated HW-FLOP:  10.0675 PFLOP 
Wed Sep 25 20:21:32, Info:  Total calculated NZ-FLOP:  4.0245 PFLOP 
Wed Sep 25 20:21:32, Info:  Total calculated HW-FLOP/s:  9.4857 TFLOP/s 
Wed Sep 25 20:21:32, Info:  Total calculated NZ-FLOP/s:  3.7919 TFLOP/s 
Wed Sep 25 20:21:32, Info:  WP calculated HW-FLOP:  8.3416 PFLOP 
Wed Sep 25 20:21:32, Info:  WP calculated NZ-FLOP:  2.7412 PFLOP 
Wed Sep 25 20:21:32, Info:  DR calculated HW-FLOP:  1.7259 PFLOP 
Wed Sep 25 20:21:32, Info:  DR calculated NZ-FLOP:  1.2833 PFLOP 
Wed Sep 25 20:21:32, Info:  PL calculated HW-FLOP:  0.0000 FLOP 
Wed Sep 25 20:21:32, Info:  PL calculated NZ-FLOP:  0.0000 FLOP 
Wed Sep 25 20:21:32, Info:  Time spent in simulation: 17 min 41.3392 s (min: 17 min 41.3391 s, max: 17 min 41.3399 s)
Wed Sep 25 20:21:32, Info:  Simulation done. 
Wed Sep 25 20:21:32, Info:  Closing IO. 
Wed Sep 25 20:21:33, Info:  Time fault writer backend: 4.8378 s (min: 2.3803 s, max: 27.2056 s)
Wed Sep 25 20:21:33, Info:  Time fault writer frontend: 45.8379 ms (min: 38.1079 ms, max: 56.7288 ms)
Wed Sep 25 20:21:33, Info:  Time free surface writer backend: 865.0263 ms (min: 18.6646 ms, max: 6.1124 s)
Wed Sep 25 20:21:33, Info:  Time free surface writer frontend: 5.8361 ms (min: 425.6180 s, max: 30.5127 ms)
Wed Sep 25 20:21:33, Info:  SeisSol done. Goodbye. 
SeisSol complete.
/hppfs/scratch/01/di35poq/haiti-rupture-outputs/dynamic-rupture-outputs/variable_SH_max/jobid_3932412 ~/haiti-rupture-inputs/dynamic-rupture/variable_SH_max
Writing hdf5 output with compression enabled (compression_level=4). 
Use --compression=0 if you want to speed-up data extraction.
u1: 0it [00:00, ?it/s]u1: 4it [00:00, 23.39it/s]u1: 12it [00:00, 41.96it/s]u1: 20it [00:00, 51.24it/s]
u2: 0it [00:00, ?it/s]u2: 1it [00:00,  7.43it/s]u2: 8it [00:00, 32.56it/s]u2: 12it [00:00, 34.94it/s]u2: 17it [00:00, 39.59it/s]u2: 20it [00:00, 39.05it/s]
u3: 0it [00:00, ?it/s]u3: 2it [00:00, 18.37it/s]u3: 4it [00:00, 18.39it/s]u3: 10it [00:00, 36.41it/s]u3: 16it [00:00, 42.10it/s]u3: 20it [00:00, 42.34it/s]
done writing output_jobid_3932412_extracted-surface.h5
done writing output_jobid_3932412_extracted-surface.xdmf
full path: /hppfs/scratch/01/di35poq/haiti-rupture-outputs/dynamic-rupture-outputs/variable_SH_max/jobid_3932412/output_jobid_3932412_extracted-surface.xdmf
Working on JobID: 3932412
No matching file found for jobid 3932412. Assigning output-fault.xdmf instead
/hppfs/scratch/01/di35poq/haiti-rupture-outputs/dynamic-rupture-outputs/variable_SH_max/jobid_3932412/output-fault.xdmf
warning: Mw computed over 0-85s (avoiding contribution of small residual moment after rupture)
jobid_3932412 moment magnitude: 7.411319924499454 (M0 = 1.6672e+20)
Finished writing /hppfs/scratch/01/di35poq/haiti-rupture-outputs/dynamic-rupture-outputs/variable_SH_max/jobid_3932412/moment_rate_mainshock.png
Looking for output-fault.xdmf
mu_s: 0.52
mu_d: 0.16
done writing /hppfs/scratch/01/di35poq/haiti-rupture-outputs/dynamic-rupture-outputs/variable_SH_max/jobid_3932412/output_jobid_3932412_extracted-fault.xdmf
full path: /hppfs/scratch/01/di35poq/haiti-rupture-outputs/dynamic-rupture-outputs/variable_SH_max/jobid_3932412/output_jobid_3932412_extracted-fault.xdmf
done writing /hppfs/scratch/01/di35poq/haiti-rupture-outputs/dynamic-rupture-outputs/variable_SH_max/jobid_3932412/output_jobid_3932412_extracted-fault.h5
Job ID set as: 3932412
mu_s: 0.52
mu_d: 0.16
~/haiti-rupture-inputs/dynamic-rupture/variable_SH_max
