Fri Jun 07 20:50:34, Info:  Using the parameter file parameters.par 
Fri Jun 07 20:50:34, Info:  Reading SeisSol parameter file... 
Fri Jun 07 20:50:34, Info:  In your parameter file, you have specified a non-positive interval for "checkpointinterval" . This mechanism is deprecated and may be removed in a future version of SeisSol. Consider disabling the whole module by setting "checkpoint" to 0 instead by adding "checkpoint = 0" to the "output" section of your parameter file instead. 
Fri Jun 07 20:50:34, Info:  The field "printintervalcriterion" is no longer in use. You may safely remove it from your parameters file. 
Fri Jun 07 20:50:34, Info:  The field "printintervalcriterion" is no longer in use. You may safely remove it from your parameters file. 
Fri Jun 07 20:50:34, Info:  The field "pickdttype" is no longer in use. You may safely remove it from your parameters file. 
Fri Jun 07 20:50:34, Info:  The field "faultoutputflag" is no longer in use. You may safely remove it from your parameters file. 
Fri Jun 07 20:50:34, Info:  The field "boundaries" is no longer in use. You may safely remove it from your parameters file. 
Fri Jun 07 20:50:34, Info:  SeisSol parameter file read successfully. 
Fri Jun 07 20:50:34, Info:  Model information: 
Fri Jun 07 20:50:34, Info:  Elastic model: yes 
Fri Jun 07 20:50:34, Info:  Viscoelastic model: no 
Fri Jun 07 20:50:34, Info:  Anelastic model: no 
Fri Jun 07 20:50:34, Info:  Poroelastic model: no 
Fri Jun 07 20:50:34, Info:  Anisotropic model: no 
Fri Jun 07 20:50:34, Info:  Plasticity: no 
Fri Jun 07 20:50:34, Info:  Welcome to SeisSol 
Fri Jun 07 20:50:34, Info:  Copyright (c) 2012 - 2024  SeisSol Group 
Fri Jun 07 20:50:34, Info:  Version: v1.1.3-268-gcb972500 
Fri Jun 07 20:50:34, Info:  Built on: May  2 2024 00:53:22 
Fri Jun 07 20:50:34, Info:  Last commit: cb9725002e29ee55d54f8b57cf2181d2e26c4745 at 2024-04-30T18:04:04+00:00 
Fri Jun 07 20:50:34, Info:  Compiled with HOST_ARCH = skx 
Fri Jun 07 20:50:34, Info:  Running on (rank=0): "i01r01c01s02" 
Fri Jun 07 20:50:34, Info:  Using MPI with #ranks: 16 
Fri Jun 07 20:50:34, Info:  Node-wide (shared memory) MPI with #ranks/node: 1 
Fri Jun 07 20:50:34, Info:  Using asynchronous MPI routines. 
Fri Jun 07 20:50:34, Info:  Using OMP with #threads/rank: 94 
Fri Jun 07 20:50:34, Info:  OpenMP worker affinity (this process): "0123456789|0123456789|0123456789|0123456789|0123456-89|0123456789|0123456789|0123456789|0123456789|01234-" 
Fri Jun 07 20:50:34, Info:  OpenMP worker affinity (this node)   : "0123456789|0123456789|0123456789|0123456789|0123456-89|0123456789|0123456789|0123456789|0123456789|01234-" 
Fri Jun 07 20:50:34, Info:  Using a communication thread for advancing MPI communication. 
Fri Jun 07 20:50:34, Info:  Communication thread affinity        : "----------|----------|----------|----------|-------7--|----------|----------|----------|----------|-----5" 
Fri Jun 07 20:50:34, Info:  The stack size ulimit is 2097152 [kiB] ( = 2.0000 GiB ). 
Fri Jun 07 20:50:34, Info:  Begin init mesh. 
Fri Jun 07 20:50:34, Info:  Mesh file: "../../mesh/Haiti_v05_lowres" 
Fri Jun 07 20:50:34, Info:  Running mini SeisSol to determine node weights. 
Fri Jun 07 20:50:34, Info:  miniSeisSol configured with 50000 elements and 10 repeats per process 
Fri Jun 07 20:50:34, Info:  Node weights: mean = 41.5759  std = 0.47161  min = 39.9665  median = 41.6795  max = 42.0088 
Fri Jun 07 20:50:34, Info:  Reading PUML mesh 
Fri Jun 07 20:50:34, Info:  Inferring boundary format. 
Fri Jun 07 20:50:34, Info:  Boundary format not given in PUML file; inferring from array shape. 
Fri Jun 07 20:50:34, Info:  Using boundary format: i32 (4xi8) 
Fri Jun 07 20:50:34, Info:  Found 2740523 cells 
Fri Jun 07 20:50:34, Info:  Found 486340 vertices 
Fri Jun 07 20:50:36, Info:  Computing LTS weights. 
Fri Jun 07 20:50:39, Info:  Limiting number of clusters to 2147483646 
Fri Jun 07 20:50:39, Info:  Computing LTS weights. Done.  (113725 reductions.)
Fri Jun 07 20:50:39, Info:  Using the Parmetis partition library and strategy. 
Fri Jun 07 20:50:42, Info:  PUML mesh read in: 8.3905 s (min: 8.3478 s, max: 8.4745 s)
Fri Jun 07 20:50:42, Info:  The mesh has been read. Starting post processing. 
Fri Jun 07 20:50:42, Info:  Extracting fault information. 
Fri Jun 07 20:50:42, Info:  Exchanging ghostlayer metadata. 
Fri Jun 07 20:50:44, Info:  Mesh initialized in: 10.0587 s (min: 10.0582 s, max: 10.0596 s)
Fri Jun 07 20:50:44, Info:  End init mesh. 
Fri Jun 07 20:50:44, Info:  Begin init model. 
Fri Jun 07 20:50:44, Info:  Initialize LTS. 
Fri Jun 07 20:50:44, Info:  Deriving clusters ids for min. time step width / multiRate: 0.000160691 / 2 
Fri Jun 07 20:50:44, Info:  Due to wiggle factor of 1 the minimum timestep size is reduced to 0.000160691 
Fri Jun 07 20:50:44, Info:  Number of elements in time clusters: 
Fri Jun 07 20:50:44, Info:  0: 206 
Fri Jun 07 20:50:44, Info:  1: 46408 
Fri Jun 07 20:50:44, Info:  2: 1359891 
Fri Jun 07 20:50:44, Info:  3: 972785 
Fri Jun 07 20:50:44, Info:  4: 240660 
Fri Jun 07 20:50:44, Info:  5: 57262 
Fri Jun 07 20:50:44, Info:  6: 14346 
Fri Jun 07 20:50:44, Info:  7: 6539 
Fri Jun 07 20:50:44, Info:  8: 36729 
Fri Jun 07 20:50:44, Info:  9: 5697 
Fri Jun 07 20:50:44, Info:  maximum theoretical speedup (compared to GTS): 8.29988 per cell LTS, 5.45659 with the used clustering. 
Fri Jun 07 20:50:44, Info:  Number of elements in dynamic rupture time clusters: 
Fri Jun 07 20:50:44, Info:  0 (dr): 73 
Fri Jun 07 20:50:44, Info:  1 (dr): 14050 
Fri Jun 07 20:50:44, Info:  2 (dr): 324887 
Fri Jun 07 20:50:44, Info:  3 (dr): 46480 
Fri Jun 07 20:50:44, Info:  4 (dr): 0 
Fri Jun 07 20:50:44, Info:  5 (dr): 0 
Fri Jun 07 20:50:44, Info:  6 (dr): 0 
Fri Jun 07 20:50:44, Info:  7 (dr): 0 
Fri Jun 07 20:50:44, Info:  8 (dr): 0 
Fri Jun 07 20:50:44, Info:  9 (dr): 0 
Fri Jun 07 20:50:44, Info:  Initialize Friction Model 
Fri Jun 07 20:50:44, Info:  Initialize cell material parameters. 
Fri Jun 07 20:50:46, Info:  Initialize Memory layout. 
Fri Jun 07 20:50:46, Info:  Initialize cell-local matrices. 
Fri Jun 07 20:50:46, Info:  Initializing Fault, using a quadrature rule with  25  points. 
Fri Jun 07 20:50:48, Info:  Model initialized in: 4.1997 s (min: 4.1982 s, max: 4.2017 s)
Fri Jun 07 20:50:48, Info:  End init model. 
Fri Jun 07 20:50:48, Info:  Setting initial conditions. 
Fri Jun 07 20:50:48, Info:  Using initial condition "Zero" . 
Fri Jun 07 20:50:48, Info:  Reading source. 
Fri Jun 07 20:50:48, Info:  No source term specified. 
Fri Jun 07 20:50:48, Info:  Setting up boundary conditions. 
Fri Jun 07 20:50:48, Info:  Begin init output. 
Fri Jun 07 20:50:48, Info:  Initializing free surface integrator. 
Fri Jun 07 20:50:48, Info:  Initializing free surface integrator. Done. 
Fri Jun 07 20:50:48, Info:  Enabling 2D fault output 
Fri Jun 07 20:50:48, Info:  Initializing Fault output. Number of sub-triangles: 4 
Fri Jun 07 20:50:48, Info:  Initializing XDMF fault output. 
Fri Jun 07 20:50:48, Info:  Fault writer thread affinity: "----------|----------|----------|----------|-------7--|----------|----------|----------|----------|-----5" 
Fri Jun 07 20:50:48, Info:  Initializing XDMF fault output. Done. 
Fri Jun 07 20:50:48, Info:  Wave field writer thread affinity: "----------|----------|----------|----------|-------7--|----------|----------|----------|----------|-----5" 
Fri Jun 07 20:50:48, Info:  Initializing XDMF wave field output. 
Fri Jun 07 20:50:48, Info:  Refinement is turned off. 
Fri Jun 07 20:50:48, Info:  Refinement class initialized 
Fri Jun 07 20:50:48, Info:  VariableSubsampler initialized 
Fri Jun 07 20:50:49, Info:  High order output initialized 
Fri Jun 07 20:50:49, Info:  Initializing XDMF wave field output. Done. 
Fri Jun 07 20:50:49, Info:  Initializing free surface output. 
Fri Jun 07 20:50:49, Info:  Free surface writer thread affinity: "----------|----------|----------|----------|-------7--|----------|----------|----------|----------|-----5" 
Fri Jun 07 20:50:49, Info:  Initializing free surface output. Done. 
Fri Jun 07 20:50:49, Info:  No record points read. 
Fri Jun 07 20:50:49, Info:  Finding meshIds for receivers... 
Fri Jun 07 20:50:49, Info:  Cleaning possible double occurring receivers for MPI... 
Fri Jun 07 20:50:49, Info:  Mapping receivers to LTS cells... 
Fri Jun 07 20:50:49, Info:  Initializing energy output. 
Fri Jun 07 20:50:49, Info:  End init output. 
Fri Jun 07 20:50:49, Info:  Finishing initialization... 
Fri Jun 07 20:50:49, Info:  Starting simulation. 
Fri Jun 07 20:50:49, Info:  Writing faultoutput at time 0.
Fri Jun 07 20:50:49, Info:  Writing faultoutput at time 0. Done.
Fri Jun 07 20:50:49, Info:  Waiting for last wave field. 
Fri Jun 07 20:50:49, Info:  Writing wave field at time 0.
Fri Jun 07 20:50:49, Info:  Writing wave field at time 0. Done.
Fri Jun 07 20:50:49, Info:  Writing free surface at time 0.
Fri Jun 07 20:50:49, Info:  Writing free surface at time 0. Done.
Fri Jun 07 20:50:49, Info:  Writing energy output at time 0 
Fri Jun 07 20:50:49, Info:  Total momentum (X, Y, Z): 0  , 0  , 0 
Fri Jun 07 20:50:49, Info:  Writing energy output at time 0 Done. 
Fri Jun 07 20:50:49, Info:  Time spent for initial IO: 63.8121 ms (min: 52.5557 ms, max: 86.8834 ms)
Fri Jun 07 20:51:20, Info:  Writing energy output at time 0.5 
Fri Jun 07 20:51:20, Info:  Elastic energy (total, % kinematic, % potential):  2.7458e+16  , 45.2615  , 54.7385 
Fri Jun 07 20:51:20, Info:  Total momentum (X, Y, Z): 14.3556  , -3.7385  , 2.93862 
Fri Jun 07 20:51:20, Info:  Frictional work (total, % static, % radiated):  2.86691e+16  , 22.6692  , 77.3308 
Fri Jun 07 20:51:20, Info:  Seismic moment (without plasticity): 7.46183e+19  Mw: 7.17856 
Fri Jun 07 20:51:20, Info:  Writing energy output at time 0.5 Done. 
Fri Jun 07 20:51:20, Info:  Time spent this phase (total): 30.9828 s (min: 30.9422 s, max: 31.0097 s)
Fri Jun 07 20:51:20, Info:  Time spent this phase (compute): 30.9189 s (min: 30.8878 s, max: 30.9492 s)
Fri Jun 07 20:51:20, Info:  Time spent this phase (IO): 49.6945 ms (min: 39.4764 ms, max: 81.9903 ms)
Fri Jun 07 20:51:20, Info:  Performance since the start: 8.7549 TFLOP/s (rank 0: 552.1012 GFLOP/s , average over ranks: 547.1787 GFLOP/s ) 
Fri Jun 07 20:51:20, Info:  Performance since last sync point: 8.7549 TFLOP/s (rank 0: 552.1012 GFLOP/s , average over ranks: 547.1787 GFLOP/s ) 
Fri Jun 07 20:51:51, Info:  Writing energy output at time 1 
Fri Jun 07 20:51:51, Info:  Elastic energy (total, % kinematic, % potential):  2.72974e+16  , 41.0189  , 58.9811 
Fri Jun 07 20:51:51, Info:  Total momentum (X, Y, Z): 118.513  , -66.6711  , 24.6881 
Fri Jun 07 20:51:51, Info:  Frictional work (total, % static, % radiated):  3.11401e+16  , 12.8931  , 87.1069 
Fri Jun 07 20:51:51, Info:  Seismic moment (without plasticity): 9.13341e+19  Mw: 7.23709 
Fri Jun 07 20:51:51, Info:  Writing energy output at time 1 Done. 
Fri Jun 07 20:51:51, Info:  Time spent this phase (total): 31.0544 s (min: 31.0379 s, max: 31.0773 s)
Fri Jun 07 20:51:51, Info:  Time spent this phase (compute): 31.0543 s (min: 31.0378 s, max: 31.0772 s)
Fri Jun 07 20:51:51, Info:  Time spent this phase (IO): 48.4136 ms (min: 39.5201 ms, max: 77.9549 ms)
Fri Jun 07 20:51:51, Info:  Performance since the start: 8.7448 TFLOP/s (rank 0: 551.8148 GFLOP/s , average over ranks: 546.5481 GFLOP/s ) 
Fri Jun 07 20:51:51, Info:  Performance since last sync point: 8.7347 TFLOP/s (rank 0: 551.5287 GFLOP/s , average over ranks: 545.9193 GFLOP/s ) 
Fri Jun 07 20:52:20, Info:  Writing energy output at time 1.5 
Fri Jun 07 20:52:20, Info:  Elastic energy (total, % kinematic, % potential):  2.53238e+16  , 39.3432  , 60.6568 
Fri Jun 07 20:52:20, Info:  Total momentum (X, Y, Z): 147.922  , 33.9858  , 92.5734 
Fri Jun 07 20:52:20, Info:  Frictional work (total, % static, % radiated):  3.11423e+16  , 15.1033  , 84.8967 
Fri Jun 07 20:52:20, Info:  Seismic moment (without plasticity): 9.13915e+19  Mw: 7.23727 
Fri Jun 07 20:52:20, Info:  Writing energy output at time 1.5 Done. 
Fri Jun 07 20:52:20, Info:  Time spent this phase (total): 28.7715 s (min: 28.7517 s, max: 28.7834 s)
Fri Jun 07 20:52:20, Info:  Time spent this phase (compute): 28.7714 s (min: 28.7516 s, max: 28.7834 s)
Fri Jun 07 20:52:20, Info:  Time spent this phase (IO): 49.6593 ms (min: 39.5388 ms, max: 87.4441 ms)
Fri Jun 07 20:52:20, Info:  Performance since the start: 8.9612 TFLOP/s (rank 0: 565.4764 GFLOP/s , average over ranks: 560.0722 GFLOP/s ) 
Fri Jun 07 20:52:20, Info:  Performance since last sync point: 9.4277 TFLOP/s (rank 0: 594.9348 GFLOP/s , average over ranks: 589.2329 GFLOP/s ) 
Fri Jun 07 20:52:49, Info:  Writing faultoutput at time 2.
Fri Jun 07 20:52:49, Info:  Writing faultoutput at time 2. Done.
Fri Jun 07 20:52:49, Info:  Wrote receivers in 3.4279e-05 seconds. 
Fri Jun 07 20:52:49, Info:  Writing energy output at time 2 
Fri Jun 07 20:52:49, Info:  Elastic energy (total, % kinematic, % potential):  2.34848e+16  , 37.981  , 62.019 
Fri Jun 07 20:52:49, Info:  Total momentum (X, Y, Z): 378.699  , 83.9447  , 226.72 
Fri Jun 07 20:52:49, Info:  Frictional work (total, % static, % radiated):  3.11425e+16  , 15.8215  , 84.1785 
Fri Jun 07 20:52:49, Info:  Seismic moment (without plasticity): 9.14182e+19  Mw: 7.23736 
Fri Jun 07 20:52:49, Info:  Writing energy output at time 2 Done. 
Fri Jun 07 20:52:49, Info:  Time spent this phase (total): 28.9527 s (min: 28.9331 s, max: 28.9602 s)
Fri Jun 07 20:52:49, Info:  Time spent this phase (compute): 28.9526 s (min: 28.9330 s, max: 28.9602 s)
Fri Jun 07 20:52:49, Info:  Time spent this phase (IO): 52.7716 ms (min: 42.9173 ms, max: 92.0590 ms)
Fri Jun 07 20:52:49, Info:  Performance since the start: 9.0597 TFLOP/s (rank 0: 571.6923 GFLOP/s , average over ranks: 566.2308 GFLOP/s ) 
Fri Jun 07 20:52:49, Info:  Performance since last sync point: 9.3687 TFLOP/s (rank 0: 591.1878 GFLOP/s , average over ranks: 585.5469 GFLOP/s ) 
Fri Jun 07 20:52:49, Info:  Ignoring duplicate synchronisation point at time 2 ; the last sync point was at  2 
Fri Jun 07 20:52:49, Info:  Waiting for last wave field. 
Fri Jun 07 20:52:49, Info:  Writing wave field at time 2.
Fri Jun 07 20:52:49, Info:  Writing wave field at time 2. Done.
Fri Jun 07 20:52:49, Info:  Writing free surface at time 2.
Fri Jun 07 20:52:49, Info:  Writing free surface at time 2. Done.
Fri Jun 07 20:52:49, Info:  Ignoring duplicate synchronisation point at time 2 ; the last sync point was at  2 
Fri Jun 07 20:52:49, Info:  Ignoring duplicate synchronisation point at time 2 ; the last sync point was at  2 
Fri Jun 07 20:52:49, Info:  Simulation time (total): 1 min 59.7722 s (min: 1 min 59.7384 s, max: 1 min 59.8037 s)
Fri Jun 07 20:52:49, Info:  Simulation time (compute): 1 min 59.4969 s (min: 1 min 59.3806 s, max: 1 min 59.5619 s)
Fri Jun 07 20:52:49, Info:  Simulation time (IO): 264.1077 ms (min: 214.1526 ms, max: 405.7582 ms)
Fri Jun 07 20:52:49, Info:  Time spent in compute kernels: mean = 113.126  std = 2.7651  min = 107.982  median = 112.911  max = 117.818 
Fri Jun 07 20:52:49, Info:  Load imbalance: 3.98214 % 
Fri Jun 07 20:52:49, Info:  Regression analysis of compute kernels: 
Fri Jun 07 20:52:49, Info:  "computeLocalIntegration" (total time): 539.175 s ( = 8 min 59.1751 s ) 
Fri Jun 07 20:52:49, Info:  "computeLocalIntegration" ( constant ): 2.8194e-05 (sample size: 621200 , standard error: 1.50957e-11 ) 
Fri Jun 07 20:52:49, Info:  "computeLocalIntegration" ( per element ): 8.33822e-08 (sample size: 621200 , standard error: 1.50957e-11 ) 
Fri Jun 07 20:52:49, Info:  "computeNeighboringIntegration" (total time): 669.783 s ( = 11 min 9.7833 s ) 
Fri Jun 07 20:52:49, Info:  "computeNeighboringIntegration" ( constant ): 7.91717e-05 (sample size: 621200 , standard error: 2.2954e-11 ) 
Fri Jun 07 20:52:49, Info:  "computeNeighboringIntegration" ( per element ): 9.91969e-08 (sample size: 621200 , standard error: 2.2954e-11 ) 
Fri Jun 07 20:52:49, Info:  "computeDynamicRupture" (total time): 601.056 s ( = 10 min 1.0564 s ) 
Fri Jun 07 20:52:49, Info:  "computeDynamicRupture" ( constant ): 7.95952e-05 (sample size: 485472 , standard error: 1.40619e-10 ) 
Fri Jun 07 20:52:49, Info:  "computeDynamicRupture" ( per element ): 4.79988e-07 (sample size: 485472 , standard error: 1.40619e-10 ) 
Fri Jun 07 20:52:49, Info:  "computePointSources" (total time): 0 s ( = 0.0000 s ) 
Fri Jun 07 20:52:49, Info:  "computePointSources" ( constant ): -nan (sample size: 0 , standard error: -nan ) 
Fri Jun 07 20:52:49, Info:  "computePointSources" ( per element ): -nan (sample size: 0 , standard error: -nan ) 
Fri Jun 07 20:52:49, Info:  Total time spent in compute kernels: 1810.01 s ( = 30 min 10.0147 s ) 
Fri Jun 07 20:52:49, Info:  Total calculated HW-FLOP:  1.0850 PFLOP 
Fri Jun 07 20:52:49, Info:  Total calculated NZ-FLOP:  431.7733 TFLOP 
Fri Jun 07 20:52:49, Info:  Total calculated HW-FLOP/s:  9.0565 TFLOP/s 
Fri Jun 07 20:52:49, Info:  Total calculated NZ-FLOP/s:  3.6040 TFLOP/s 
Fri Jun 07 20:52:49, Info:  WP calculated HW-FLOP:  901.9550 TFLOP 
Fri Jun 07 20:52:49, Info:  WP calculated NZ-FLOP:  295.6702 TFLOP 
Fri Jun 07 20:52:49, Info:  DR calculated HW-FLOP:  183.0466 TFLOP 
Fri Jun 07 20:52:49, Info:  DR calculated NZ-FLOP:  136.1031 TFLOP 
Fri Jun 07 20:52:49, Info:  PL calculated HW-FLOP:  0.0000 FLOP 
Fri Jun 07 20:52:49, Info:  PL calculated NZ-FLOP:  0.0000 FLOP 
Fri Jun 07 20:52:49, Info:  Time spent in simulation: 1 min 59.8065 s (min: 1 min 59.8061 s, max: 1 min 59.8113 s)
Fri Jun 07 20:52:49, Info:  Simulation done. 
Fri Jun 07 20:52:49, Info:  Closing IO. 
Fri Jun 07 20:52:50, Info:  Time wave field writer backend: 1.3271 s (min: 1.0197 s, max: 2.3742 s)
Fri Jun 07 20:52:50, Info:  Time wave field writer frontend: 20.0756 ms (min: 17.7795 ms, max: 26.3185 ms)
Fri Jun 07 20:52:50, Info:  Time fault writer backend: 211.1064 ms (min: 87.3154 ms, max: 1.6427 s)
Fri Jun 07 20:52:50, Info:  Time fault writer frontend: 1.9283 ms (min: 1.6249 ms, max: 2.1799 ms)
Fri Jun 07 20:52:50, Info:  Time free surface writer backend: 106.9824 ms (min: 6.7838 ms, max: 857.4095 ms)
Fri Jun 07 20:52:50, Info:  Time free surface writer frontend: 366.0807 µs (min: 34.8010 µs, max: 2.6729 ms)
Fri Jun 07 20:52:50, Info:  SeisSol done. Goodbye. 
