Thu Aug 08 18:38:59, Info:  Using the parameter file parameters.par 
Thu Aug 08 18:38:59, Info:  Reading SeisSol parameter file... 
Thu Aug 08 18:38:59, Info:  In your parameter file, you have specified a non-positive interval for "checkpointinterval" . This mechanism is deprecated and may be removed in a future version of SeisSol. Consider disabling the whole module by setting "checkpoint" to 0 instead by adding "checkpoint = 0" to the "output" section of your parameter file instead. 
Thu Aug 08 18:38:59, Info:  The field "printintervalcriterion" is no longer in use. You may safely remove it from your parameters file. 
Thu Aug 08 18:38:59, Info:  Disabling the wavefield output by setting "outputformat = 10" is deprecated and may be removed in a future version of SeisSol. Consider using the parameter "wavefieldoutput" instead. To disable wavefield output, add "wavefieldoutput = 0" to the "output" section of your parameters file. 
Thu Aug 08 18:38:59, Info:  The field "printintervalcriterion" is no longer in use. You may safely remove it from your parameters file. 
Thu Aug 08 18:38:59, Info:  The field "pickdttype" is no longer in use. You may safely remove it from your parameters file. 
Thu Aug 08 18:38:59, Info:  The field "faultoutputflag" is no longer in use. You may safely remove it from your parameters file. 
Thu Aug 08 18:38:59, Info:  The field "boundaries" is no longer in use. You may safely remove it from your parameters file. 
Thu Aug 08 18:38:59, Info:  SeisSol parameter file read successfully. 
Thu Aug 08 18:38:59, Info:  Model information: 
Thu Aug 08 18:38:59, Info:  Elastic model: yes 
Thu Aug 08 18:38:59, Info:  Viscoelastic model: no 
Thu Aug 08 18:38:59, Info:  Anelastic model: no 
Thu Aug 08 18:38:59, Info:  Poroelastic model: no 
Thu Aug 08 18:38:59, Info:  Anisotropic model: no 
Thu Aug 08 18:38:59, Info:  Plasticity: no 
Thu Aug 08 18:38:59, Info:  Welcome to SeisSol 
Thu Aug 08 18:38:59, Info:  Copyright (c) 2012 - 2024  SeisSol Group 
Thu Aug 08 18:38:59, Info:  Version: v1.1.4-148-g60aedc8c (dirty) 
Thu Aug 08 18:38:59, Info:  Built on: Jun 17 2024 21:03:35 
Thu Aug 08 18:38:59, Info:  Last commit: 60aedc8c2ae0a5d9e5a46cc3a40e4eaf1c047225 at 2024-06-06T12:54:08+00:00 
Thu Aug 08 18:38:59, Info:  Compiled with HOST_ARCH = skx 
Thu Aug 08 18:38:59, Info:  Running on (rank=0): "i01r01c01s01" 
Thu Aug 08 18:38:59, Info:  Using MPI with #ranks: 16 
Thu Aug 08 18:38:59, Info:  Node-wide (shared memory) MPI with #ranks/node: 1 
Thu Aug 08 18:38:59, Info:  Using asynchronous MPI routines. 
Thu Aug 08 18:38:59, Info:  Using OMP with #threads/rank: 94 
Thu Aug 08 18:38:59, Info:  OpenMP worker affinity (this process): "0123456789|0123456789|0123456789|0123456789|0123456-89|0123456789|0123456789|0123456789|0123456789|01234-" 
Thu Aug 08 18:38:59, Info:  OpenMP worker affinity (this node)   : "0123456789|0123456789|0123456789|0123456789|0123456-89|0123456789|0123456789|0123456789|0123456789|01234-" 
Thu Aug 08 18:38:59, Info:  Using a communication thread for advancing MPI communication. 
Thu Aug 08 18:38:59, Info:  Communication thread affinity        : "----------|----------|----------|----------|-------7--|----------|----------|----------|----------|-----5" 
Thu Aug 08 18:38:59, Info:  The stack size ulimit is 2097152 [kiB] ( = 2.0000 GiB ). 
Thu Aug 08 18:38:59, Info:  Begin init mesh. 
Thu Aug 08 18:38:59, Info:  Mesh file: "/dss/dsshome1/01/di35poq/mesh/mesh_v07/Haiti_v07_lowres" 
Thu Aug 08 18:38:59, Info:  Running mini SeisSol to determine node weights. 
Thu Aug 08 18:38:59, Info:  miniSeisSol configured with 50000 elements and 10 repeats per process 
Thu Aug 08 18:38:59, Info:  Node weights: mean = 41.4492  std = 0.624301  min = 39.7109  median = 41.5957  max = 42.0145 
Thu Aug 08 18:38:59, Info:  Reading PUML mesh 
Thu Aug 08 18:38:59, Info:  Inferring boundary format. 
Thu Aug 08 18:38:59, Info:  Boundary format not given in PUML file; inferring from array shape. 
Thu Aug 08 18:38:59, Info:  Using boundary format: i32 (4xi8) 
Thu Aug 08 18:38:59, Info:  Found 2685422 cells 
Thu Aug 08 18:38:59, Info:  Found 477078 vertices 
Thu Aug 08 18:39:01, Info:  Computing LTS weights. 
Thu Aug 08 18:39:04, Info:  Limiting number of clusters to 2147483646 
Thu Aug 08 18:39:04, Info:  Computing LTS weights. Done.  (108216 reductions.)
Thu Aug 08 18:39:04, Info:  Using the Parmetis partition library and strategy. 
Thu Aug 08 18:39:07, Info:  PUML mesh read in: 7.8268 s (min: 7.7618 s, max: 7.9673 s)
Thu Aug 08 18:39:07, Info:  The mesh has been read. Starting post processing. 
Thu Aug 08 18:39:07, Info:  Extracting fault information. 
Thu Aug 08 18:39:07, Info:  Exchanging ghostlayer metadata. 
Thu Aug 08 18:39:09, Info:  Mesh initialized in: 9.9030 s (min: 9.9027 s, max: 9.9035 s)
Thu Aug 08 18:39:09, Info:  End init mesh. 
Thu Aug 08 18:39:09, Info:  Begin init model. 
Thu Aug 08 18:39:09, Info:  Initialize LTS. 
Thu Aug 08 18:39:09, Info:  Deriving clusters ids for min. time step width / multiRate: 0.000213316 / 2 
Thu Aug 08 18:39:09, Info:  Due to wiggle factor of 1 the minimum timestep size is reduced to 0.000213316 
Thu Aug 08 18:39:09, Info:  Number of elements in time clusters: 
Thu Aug 08 18:39:09, Info:  0: 2088 
Thu Aug 08 18:39:09, Info:  1: 265401 
Thu Aug 08 18:39:09, Info:  2: 1618976 
Thu Aug 08 18:39:09, Info:  3: 538212 
Thu Aug 08 18:39:09, Info:  4: 147352 
Thu Aug 08 18:39:09, Info:  5: 35652 
Thu Aug 08 18:39:09, Info:  6: 11329 
Thu Aug 08 18:39:09, Info:  7: 18592 
Thu Aug 08 18:39:09, Info:  8: 47781 
Thu Aug 08 18:39:09, Info:  9: 39 
Thu Aug 08 18:39:09, Info:  maximum theoretical speedup (compared to GTS): 6.4313 per cell LTS, 4.34786 with the used clustering. 
Thu Aug 08 18:39:09, Info:  Number of elements in dynamic rupture time clusters: 
Thu Aug 08 18:39:09, Info:  0 (dr): 618 
Thu Aug 08 18:39:09, Info:  1 (dr): 78840 
Thu Aug 08 18:39:09, Info:  2 (dr): 310035 
Thu Aug 08 18:39:09, Info:  3 (dr): 2509 
Thu Aug 08 18:39:09, Info:  4 (dr): 0 
Thu Aug 08 18:39:09, Info:  5 (dr): 0 
Thu Aug 08 18:39:09, Info:  6 (dr): 0 
Thu Aug 08 18:39:09, Info:  7 (dr): 0 
Thu Aug 08 18:39:09, Info:  8 (dr): 0 
Thu Aug 08 18:39:09, Info:  9 (dr): 0 
Thu Aug 08 18:39:09, Info:  Initialize Friction Model 
Thu Aug 08 18:39:10, Info:  Initialize cell material parameters. 
Thu Aug 08 18:39:12, Info:  Initialize Memory layout. 
Thu Aug 08 18:39:12, Info:  Initialize cell-local matrices. 
Thu Aug 08 18:39:12, Info:  Initializing Fault, using a quadrature rule with  25  points. 
Thu Aug 08 18:42:07, Info:  Model initialized in: 2 min 57.9086 s (min: 2 min 57.9059 s, max: 2 min 57.9119 s)
Thu Aug 08 18:42:07, Info:  End init model. 
Thu Aug 08 18:42:07, Info:  Setting initial conditions. 
Thu Aug 08 18:42:07, Info:  Using initial condition "Zero" . 
Thu Aug 08 18:42:07, Info:  Reading source. 
Thu Aug 08 18:42:07, Info:  No source term specified. 
Thu Aug 08 18:42:07, Info:  Setting up boundary conditions. 
Thu Aug 08 18:42:07, Info:  Begin init output. 
Thu Aug 08 18:42:07, Info:  Initializing free surface integrator. 
Thu Aug 08 18:42:07, Info:  Initializing free surface integrator. Done. 
Thu Aug 08 18:42:07, Info:  Enabling 2D fault output 
Thu Aug 08 18:42:07, Info:  Initializing Fault output. Number of sub-triangles: 4 
Thu Aug 08 18:42:07, Info:  Initializing XDMF fault output. 
Thu Aug 08 18:42:07, Info:  Fault writer thread affinity: "----------|----------|----------|----------|-------7--|----------|----------|----------|----------|-----5" 
Thu Aug 08 18:42:07, Info:  Initializing XDMF fault output. Done. 
Thu Aug 08 18:42:07, Info:  Initializing free surface output. 
Thu Aug 08 18:42:07, Info:  Free surface writer thread affinity: "----------|----------|----------|----------|-------7--|----------|----------|----------|----------|-----5" 
Thu Aug 08 18:42:07, Info:  No record points read. 
Thu Aug 08 18:42:07, Info:  Finding meshIds for receivers... 
Thu Aug 08 18:42:07, Info:  Cleaning possible double occurring receivers for MPI... 
Thu Aug 08 18:42:07, Info:  Mapping receivers to LTS cells... 
Thu Aug 08 18:42:07, Info:  Initializing energy output. 
Thu Aug 08 18:42:07, Info:  End init output. 
Thu Aug 08 18:42:07, Info:  Initializing free surface output. Done. 
Thu Aug 08 18:42:08, Info:  Finishing initialization... 
Thu Aug 08 18:42:08, Info:  Starting simulation. 
Thu Aug 08 18:42:08, Info:  Writing faultoutput at time 0.
Thu Aug 08 18:42:08, Info:  Writing faultoutput at time 0. Done.
Thu Aug 08 18:42:08, Info:  Writing free surface at time 0.
Thu Aug 08 18:42:08, Info:  Writing free surface at time 0. Done.
Thu Aug 08 18:42:08, Info:  Writing energy output at time 0 
Thu Aug 08 18:42:08, Info:  Total momentum (X, Y, Z): 0  , 0  , 0 
Thu Aug 08 18:42:08, Info:  Writing energy output at time 0 Done. 
Thu Aug 08 18:42:08, Info:  Time spent for initial IO: 50.1071 ms (min: 42.0216 ms, max: 60.5403 ms)
Thu Aug 08 18:42:34, Info:  Writing faultoutput at time 0.5.
Thu Aug 08 18:42:34, Info:  Writing faultoutput at time 0.5. Done.
Thu Aug 08 18:42:34, Info:  Writing energy output at time 0.5 
Thu Aug 08 18:42:34, Info:  Elastic energy (total, % kinematic, % potential):  1.36645e+13  , 25.8544  , 74.1456 
Thu Aug 08 18:42:34, Info:  Total momentum (X, Y, Z): 0.00765606  , 0.00534272  , -0.00244304 
Thu Aug 08 18:42:34, Info:  Frictional work (total, % static, % radiated):  1.39397e+13  , 75.8956  , 24.1044 
Thu Aug 08 18:42:34, Info:  Seismic moment (without plasticity): 5.43487e+16  Mw: 5.08679 
Thu Aug 08 18:42:34, Info:  Writing energy output at time 0.5 Done. 
Thu Aug 08 18:42:34, Info:  Time spent this phase (total): 26.8440 s (min: 26.8065 s, max: 26.8631 s)
Thu Aug 08 18:42:34, Info:  Time spent this phase (compute): 26.7939 s (min: 26.7620 s, max: 26.8144 s)
Thu Aug 08 18:42:34, Info:  Time spent this phase (IO): 48.7239 ms (min: 40.2050 ms, max: 64.9767 ms)
Thu Aug 08 18:42:34, Info:  Performance since the start: 9.3767 TFLOP/s (rank 0: 584.7677 GFLOP/s , average over ranks: 586.0420 GFLOP/s ) 
Thu Aug 08 18:42:34, Info:  Performance since last sync point: 9.3767 TFLOP/s (rank 0: 584.7677 GFLOP/s , average over ranks: 586.0420 GFLOP/s ) 
Thu Aug 08 18:43:01, Info:  Writing faultoutput at time 1.
Thu Aug 08 18:43:01, Info:  Writing faultoutput at time 1. Done.
Thu Aug 08 18:43:01, Info:  Writing free surface at time 1.
Thu Aug 08 18:43:01, Info:  Writing free surface at time 1. Done.
Thu Aug 08 18:43:01, Info:  Writing energy output at time 1 
Thu Aug 08 18:43:01, Info:  Elastic energy (total, % kinematic, % potential):  8.73825e+13  , 23.1334  , 76.8666 
Thu Aug 08 18:43:01, Info:  Total momentum (X, Y, Z): 0.150366  , 0.0305289  , -0.131183 
Thu Aug 08 18:43:01, Info:  Frictional work (total, % static, % radiated):  8.82792e+13  , 73.2687  , 26.7313 
Thu Aug 08 18:43:01, Info:  Seismic moment (without plasticity): 3.09156e+17  Mw: 5.59012 
Thu Aug 08 18:43:01, Info:  Writing energy output at time 1 Done. 
Thu Aug 08 18:43:01, Info:  Time spent this phase (total): 26.8058 s (min: 26.7942 s, max: 26.8178 s)
Thu Aug 08 18:43:01, Info:  Time spent this phase (compute): 26.8056 s (min: 26.7941 s, max: 26.8177 s)
Thu Aug 08 18:43:01, Info:  Time spent this phase (IO): 50.3585 ms (min: 40.1761 ms, max: 81.8589 ms)
Thu Aug 08 18:43:01, Info:  Performance since the start: 9.3834 TFLOP/s (rank 0: 585.3834 GFLOP/s , average over ranks: 586.4596 GFLOP/s ) 
Thu Aug 08 18:43:01, Info:  Performance since last sync point: 9.3900 TFLOP/s (rank 0: 586.0004 GFLOP/s , average over ranks: 586.8780 GFLOP/s ) 
Thu Aug 08 18:43:28, Info:  Writing faultoutput at time 1.5.
Thu Aug 08 18:43:28, Info:  Writing faultoutput at time 1.5. Done.
Thu Aug 08 18:43:28, Info:  Writing energy output at time 1.5 
Thu Aug 08 18:43:28, Info:  Elastic energy (total, % kinematic, % potential):  2.36888e+14  , 24.1218  , 75.8782 
Thu Aug 08 18:43:28, Info:  Total momentum (X, Y, Z): 1.9136  , 0.584976  , 0.841042 
Thu Aug 08 18:43:28, Info:  Frictional work (total, % static, % radiated):  2.38994e+14  , 70.3222  , 29.6778 
Thu Aug 08 18:43:28, Info:  Seismic moment (without plasticity): 7.72856e+17  Mw: 5.8554 
Thu Aug 08 18:43:28, Info:  Writing energy output at time 1.5 Done. 
Thu Aug 08 18:43:28, Info:  Time spent this phase (total): 26.6697 s (min: 26.6573 s, max: 26.6846 s)
Thu Aug 08 18:43:28, Info:  Time spent this phase (compute): 26.6696 s (min: 26.6573 s, max: 26.6845 s)
Thu Aug 08 18:43:28, Info:  Time spent this phase (IO): 50.6596 ms (min: 40.2372 ms, max: 89.3499 ms)
Thu Aug 08 18:43:28, Info:  Performance since the start: 9.4015 TFLOP/s (rank 0: 586.5221 GFLOP/s , average over ranks: 587.5927 GFLOP/s ) 
Thu Aug 08 18:43:28, Info:  Performance since last sync point: 9.4380 TFLOP/s (rank 0: 588.8128 GFLOP/s , average over ranks: 589.8721 GFLOP/s ) 
Thu Aug 08 18:43:54, Info:  Writing faultoutput at time 2.
Thu Aug 08 18:43:54, Info:  Writing faultoutput at time 2. Done.
Thu Aug 08 18:43:54, Info:  Writing free surface at time 2.
Thu Aug 08 18:43:54, Info:  Writing free surface at time 2. Done.
Thu Aug 08 18:43:54, Info:  Writing energy output at time 2 
Thu Aug 08 18:43:54, Info:  Elastic energy (total, % kinematic, % potential):  4.71855e+14  , 25.2368  , 74.7632 
Thu Aug 08 18:43:54, Info:  Total momentum (X, Y, Z): -0.530273  , -0.0612793  , 1.78143 
Thu Aug 08 18:43:54, Info:  Frictional work (total, % static, % radiated):  4.76818e+14  , 69.1369  , 30.8631 
Thu Aug 08 18:43:54, Info:  Seismic moment (without plasticity): 1.52956e+18  Mw: 6.05304 
Thu Aug 08 18:43:54, Info:  Writing energy output at time 2 Done. 
Thu Aug 08 18:43:54, Info:  Time spent this phase (total): 26.5913 s (min: 26.5545 s, max: 26.6133 s)
Thu Aug 08 18:43:54, Info:  Time spent this phase (compute): 26.5912 s (min: 26.5545 s, max: 26.6133 s)
Thu Aug 08 18:43:54, Info:  Time spent this phase (IO): 57.6770 ms (min: 40.2611 ms, max: 144.4314 ms)
Thu Aug 08 18:43:54, Info:  Performance since the start: 9.4175 TFLOP/s (rank 0: 587.4684 GFLOP/s , average over ranks: 588.5924 GFLOP/s ) 
Thu Aug 08 18:43:54, Info:  Performance since last sync point: 9.4658 TFLOP/s (rank 0: 590.3256 GFLOP/s , average over ranks: 591.6126 GFLOP/s ) 
Thu Aug 08 18:44:21, Info:  Writing faultoutput at time 2.5.
Thu Aug 08 18:44:21, Info:  Writing faultoutput at time 2.5. Done.
Thu Aug 08 18:44:21, Info:  Writing energy output at time 2.5 
Thu Aug 08 18:44:21, Info:  Elastic energy (total, % kinematic, % potential):  7.87519e+14  , 24.9718  , 75.0282 
Thu Aug 08 18:44:21, Info:  Total momentum (X, Y, Z): 29.3262  , 17.46  , 1.50488 
Thu Aug 08 18:44:21, Info:  Frictional work (total, % static, % radiated):  7.95384e+14  , 69.3304  , 30.6696 
Thu Aug 08 18:44:21, Info:  Seismic moment (without plasticity): 2.66094e+18  Mw: 6.21336 
Thu Aug 08 18:44:21, Info:  Writing energy output at time 2.5 Done. 
Thu Aug 08 18:44:21, Info:  Time spent this phase (total): 26.8073 s (min: 26.7761 s, max: 26.8536 s)
Thu Aug 08 18:44:21, Info:  Time spent this phase (compute): 26.8072 s (min: 26.7760 s, max: 26.8536 s)
Thu Aug 08 18:44:21, Info:  Time spent this phase (IO): 49.1591 ms (min: 39.8059 ms, max: 71.6458 ms)
Thu Aug 08 18:44:21, Info:  Performance since the start: 9.4119 TFLOP/s (rank 0: 587.3042 GFLOP/s , average over ranks: 588.2425 GFLOP/s ) 
Thu Aug 08 18:44:21, Info:  Performance since last sync point: 9.3896 TFLOP/s (rank 0: 586.6483 GFLOP/s , average over ranks: 586.8479 GFLOP/s ) 
Thu Aug 08 18:44:48, Info:  Writing faultoutput at time 3.
Thu Aug 08 18:44:48, Info:  Writing faultoutput at time 3. Done.
Thu Aug 08 18:44:48, Info:  Writing free surface at time 3.
Thu Aug 08 18:44:48, Info:  Writing free surface at time 3. Done.
Thu Aug 08 18:44:48, Info:  Writing energy output at time 3 
Thu Aug 08 18:44:48, Info:  Elastic energy (total, % kinematic, % potential):  1.1897e+15  , 24.3782  , 75.6218 
Thu Aug 08 18:44:48, Info:  Total momentum (X, Y, Z): 128.859  , 44.7227  , 5.66211 
Thu Aug 08 18:44:48, Info:  Frictional work (total, % static, % radiated):  1.20091e+15  , 69.9629  , 30.0371 
Thu Aug 08 18:44:48, Info:  Seismic moment (without plasticity): 4.2049e+18  Mw: 6.34584 
Thu Aug 08 18:44:48, Info:  Writing energy output at time 3 Done. 
Thu Aug 08 18:44:48, Info:  Time spent this phase (total): 26.6194 s (min: 26.5732 s, max: 26.6513 s)
Thu Aug 08 18:44:48, Info:  Time spent this phase (compute): 26.6193 s (min: 26.5732 s, max: 26.6512 s)
Thu Aug 08 18:44:48, Info:  Time spent this phase (IO): 57.9324 ms (min: 40.3649 ms, max: 146.4478 ms)
Thu Aug 08 18:44:48, Info:  Performance since the start: 9.4192 TFLOP/s (rank 0: 587.6554 GFLOP/s , average over ranks: 588.6981 GFLOP/s ) 
Thu Aug 08 18:44:48, Info:  Performance since last sync point: 9.4558 TFLOP/s (rank 0: 589.4181 GFLOP/s , average over ranks: 590.9874 GFLOP/s ) 
Thu Aug 08 18:45:14, Info:  Writing faultoutput at time 3.5.
Thu Aug 08 18:45:14, Info:  Writing faultoutput at time 3.5. Done.
Thu Aug 08 18:45:14, Info:  Writing energy output at time 3.5 
Thu Aug 08 18:45:15, Info:  Elastic energy (total, % kinematic, % potential):  1.70037e+15  , 23.7015  , 76.2985 
Thu Aug 08 18:45:15, Info:  Total momentum (X, Y, Z): 304.656  , 102.047  , 24.1875 
Thu Aug 08 18:45:15, Info:  Frictional work (total, % static, % radiated):  1.7171e+15  , 70.5988  , 29.4012 
Thu Aug 08 18:45:15, Info:  Seismic moment (without plasticity): 6.24393e+18  Mw: 6.46031 
Thu Aug 08 18:45:15, Info:  Writing energy output at time 3.5 Done. 
Thu Aug 08 18:45:15, Info:  Time spent this phase (total): 26.7249 s (min: 26.7208 s, max: 26.7324 s)
Thu Aug 08 18:45:15, Info:  Time spent this phase (compute): 26.7248 s (min: 26.7203 s, max: 26.7323 s)
Thu Aug 08 18:45:15, Info:  Time spent this phase (IO): 56.4527 ms (min: 40.1918 ms, max: 134.7302 ms)
Thu Aug 08 18:45:15, Info:  Performance since the start: 9.4191 TFLOP/s (rank 0: 587.6876 GFLOP/s , average over ranks: 588.6920 GFLOP/s ) 
Thu Aug 08 18:45:15, Info:  Performance since last sync point: 9.4185 TFLOP/s (rank 0: 587.8807 GFLOP/s , average over ranks: 588.6558 GFLOP/s ) 
Thu Aug 08 18:45:41, Info:  Writing faultoutput at time 4.
Thu Aug 08 18:45:41, Info:  Writing faultoutput at time 4. Done.
Thu Aug 08 18:45:41, Info:  Writing free surface at time 4.
Thu Aug 08 18:45:41, Info:  Writing free surface at time 4. Done.
Thu Aug 08 18:45:41, Info:  Writing energy output at time 4 
Thu Aug 08 18:45:41, Info:  Elastic energy (total, % kinematic, % potential):  2.26681e+15  , 22.3529  , 77.6471 
Thu Aug 08 18:45:41, Info:  Total momentum (X, Y, Z): 582.344  , 177.062  , 55.0312 
Thu Aug 08 18:45:41, Info:  Frictional work (total, % static, % radiated):  2.28952e+15  , 71.4547  , 28.5453 
Thu Aug 08 18:45:41, Info:  Seismic moment (without plasticity): 8.75559e+18  Mw: 6.55819 
Thu Aug 08 18:45:41, Info:  Writing energy output at time 4 Done. 
Thu Aug 08 18:45:41, Info:  Time spent this phase (total): 26.7395 s (min: 26.7229 s, max: 26.7678 s)
Thu Aug 08 18:45:41, Info:  Time spent this phase (compute): 26.7394 s (min: 26.7224 s, max: 26.7677 s)
Thu Aug 08 18:45:41, Info:  Time spent this phase (IO): 51.1463 ms (min: 40.2933 ms, max: 90.0783 ms)
Thu Aug 08 18:45:41, Info:  Performance since the start: 9.4184 TFLOP/s (rank 0: 587.7059 GFLOP/s , average over ranks: 588.6473 GFLOP/s ) 
Thu Aug 08 18:45:41, Info:  Performance since last sync point: 9.4133 TFLOP/s (rank 0: 587.8344 GFLOP/s , average over ranks: 588.3343 GFLOP/s ) 
Thu Aug 08 18:46:09, Info:  Writing faultoutput at time 4.5.
Thu Aug 08 18:46:09, Info:  Writing faultoutput at time 4.5. Done.
Thu Aug 08 18:46:09, Info:  Writing energy output at time 4.5 
Thu Aug 08 18:46:09, Info:  Elastic energy (total, % kinematic, % potential):  2.82389e+15  , 20.5006  , 79.4994 
Thu Aug 08 18:46:09, Info:  Total momentum (X, Y, Z): 586.719  , 124  , 84.4307 
Thu Aug 08 18:46:09, Info:  Frictional work (total, % static, % radiated):  2.84954e+15  , 72.363  , 27.637 
Thu Aug 08 18:46:09, Info:  Seismic moment (without plasticity): 1.15317e+19  Mw: 6.63793 
Thu Aug 08 18:46:09, Info:  Writing energy output at time 4.5 Done. 
Thu Aug 08 18:46:09, Info:  Time spent this phase (total): 27.2578 s (min: 27.2254 s, max: 27.2980 s)
Thu Aug 08 18:46:09, Info:  Time spent this phase (compute): 27.2577 s (min: 27.2253 s, max: 27.2979 s)
Thu Aug 08 18:46:09, Info:  Time spent this phase (IO): 53.4727 ms (min: 40.7483 ms, max: 81.3459 ms)
Thu Aug 08 18:46:09, Info:  Performance since the start: 9.3976 TFLOP/s (rank 0: 586.4346 GFLOP/s , average over ranks: 587.3470 GFLOP/s ) 
Thu Aug 08 18:46:09, Info:  Performance since last sync point: 9.2344 TFLOP/s (rank 0: 576.4582 GFLOP/s , average over ranks: 577.1489 GFLOP/s ) 
Thu Aug 08 18:46:35, Info:  Writing faultoutput at time 5.
Thu Aug 08 18:46:35, Info:  Writing faultoutput at time 5. Done.
Thu Aug 08 18:46:35, Info:  Writing free surface at time 5.
Thu Aug 08 18:46:35, Info:  Writing free surface at time 5. Done.
Thu Aug 08 18:46:35, Info:  Writing energy output at time 5 
Thu Aug 08 18:46:35, Info:  Elastic energy (total, % kinematic, % potential):  3.34261e+15  , 18.584  , 81.416 
Thu Aug 08 18:46:35, Info:  Total momentum (X, Y, Z): 580  , 79.4375  , 98.7896 
Thu Aug 08 18:46:35, Info:  Frictional work (total, % static, % radiated):  3.3724e+15  , 72.9429  , 27.0571 
Thu Aug 08 18:46:35, Info:  Seismic moment (without plasticity): 1.43442e+19  Mw: 6.70112 
Thu Aug 08 18:46:35, Info:  Writing energy output at time 5 Done. 
Thu Aug 08 18:46:35, Info:  Time spent this phase (total): 26.6927 s (min: 26.6461 s, max: 26.7452 s)
Thu Aug 08 18:46:35, Info:  Time spent this phase (compute): 26.6926 s (min: 26.6460 s, max: 26.7452 s)
Thu Aug 08 18:46:35, Info:  Time spent this phase (IO): 58.3728 ms (min: 40.3682 ms, max: 152.4688 ms)
Thu Aug 08 18:46:35, Info:  Performance since the start: 9.4008 TFLOP/s (rank 0: 586.5695 GFLOP/s , average over ranks: 587.5482 GFLOP/s ) 
Thu Aug 08 18:46:35, Info:  Performance since last sync point: 9.4298 TFLOP/s (rank 0: 587.7865 GFLOP/s , average over ranks: 589.3656 GFLOP/s ) 
Thu Aug 08 18:47:02, Info:  Writing faultoutput at time 5.5.
Thu Aug 08 18:47:02, Info:  Writing faultoutput at time 5.5. Done.
Thu Aug 08 18:47:02, Info:  Writing energy output at time 5.5 
Thu Aug 08 18:47:02, Info:  Elastic energy (total, % kinematic, % potential):  3.79149e+15  , 16.7655  , 83.2345 
Thu Aug 08 18:47:02, Info:  Total momentum (X, Y, Z): 573.75  , 73.75  , 10.2812 
Thu Aug 08 18:47:02, Info:  Frictional work (total, % static, % radiated):  3.82469e+15  , 73.4664  , 26.5336 
Thu Aug 08 18:47:02, Info:  Seismic moment (without plasticity): 1.70382e+19  Mw: 6.75095 
Thu Aug 08 18:47:02, Info:  Writing energy output at time 5.5 Done. 
Thu Aug 08 18:47:02, Info:  Time spent this phase (total): 26.7559 s (min: 26.7323 s, max: 26.7922 s)
Thu Aug 08 18:47:02, Info:  Time spent this phase (compute): 26.7558 s (min: 26.7318 s, max: 26.7922 s)
Thu Aug 08 18:47:02, Info:  Time spent this phase (IO): 51.2756 ms (min: 40.2170 ms, max: 92.1274 ms)
Thu Aug 08 18:47:02, Info:  Performance since the start: 9.4014 TFLOP/s (rank 0: 586.6657 GFLOP/s , average over ranks: 587.5867 GFLOP/s ) 
Thu Aug 08 18:47:02, Info:  Performance since last sync point: 9.4076 TFLOP/s (rank 0: 587.6296 GFLOP/s , average over ranks: 587.9727 GFLOP/s ) 
Thu Aug 08 18:47:29, Info:  Writing faultoutput at time 6.
Thu Aug 08 18:47:29, Info:  Writing faultoutput at time 6. Done.
Thu Aug 08 18:47:29, Info:  Writing free surface at time 6.
Thu Aug 08 18:47:29, Info:  Writing free surface at time 6. Done.
Thu Aug 08 18:47:29, Info:  Writing energy output at time 6 
Thu Aug 08 18:47:29, Info:  Elastic energy (total, % kinematic, % potential):  4.16414e+15  , 15.2575  , 84.7425 
Thu Aug 08 18:47:29, Info:  Total momentum (X, Y, Z): 643.375  , -8.75  , 660.129 
Thu Aug 08 18:47:29, Info:  Frictional work (total, % static, % radiated):  4.19802e+15  , 73.8854  , 26.1146 
Thu Aug 08 18:47:29, Info:  Seismic moment (without plasticity): 1.94941e+19  Mw: 6.78994 
Thu Aug 08 18:47:29, Info:  Writing energy output at time 6 Done. 
Thu Aug 08 18:47:29, Info:  Time spent this phase (total): 26.7882 s (min: 26.7687 s, max: 26.8005 s)
Thu Aug 08 18:47:29, Info:  Time spent this phase (compute): 26.7881 s (min: 26.7687 s, max: 26.8004 s)
Thu Aug 08 18:47:29, Info:  Time spent this phase (IO): 49.9186 ms (min: 40.0294 ms, max: 74.9294 ms)
Thu Aug 08 18:47:29, Info:  Performance since the start: 9.4010 TFLOP/s (rank 0: 586.6672 GFLOP/s , average over ranks: 587.5600 GFLOP/s ) 
Thu Aug 08 18:47:29, Info:  Performance since last sync point: 9.3963 TFLOP/s (rank 0: 586.6840 GFLOP/s , average over ranks: 587.2666 GFLOP/s ) 
Thu Aug 08 18:47:55, Info:  Writing faultoutput at time 6.5.
Thu Aug 08 18:47:55, Info:  Writing faultoutput at time 6.5. Done.
Thu Aug 08 18:47:55, Info:  Writing energy output at time 6.5 
Thu Aug 08 18:47:55, Info:  Elastic energy (total, % kinematic, % potential):  4.47052e+15  , 14.1287  , 85.8713 
Thu Aug 08 18:47:55, Info:  Total momentum (X, Y, Z): 308.375  , 322.5  , -1862.51 
Thu Aug 08 18:47:55, Info:  Frictional work (total, % static, % radiated):  4.50419e+15  , 74.3108  , 25.6892 
Thu Aug 08 18:47:55, Info:  Seismic moment (without plasticity): 2.17066e+19  Mw: 6.82106 
Thu Aug 08 18:47:55, Info:  Writing energy output at time 6.5 Done. 
Thu Aug 08 18:47:55, Info:  Time spent this phase (total): 26.6128 s (min: 26.5567 s, max: 26.6749 s)
Thu Aug 08 18:47:55, Info:  Time spent this phase (compute): 26.6127 s (min: 26.5567 s, max: 26.6748 s)
Thu Aug 08 18:47:55, Info:  Time spent this phase (IO): 57.7902 ms (min: 40.2627 ms, max: 154.2018 ms)
Thu Aug 08 18:47:55, Info:  Performance since the start: 9.4053 TFLOP/s (rank 0: 586.8914 GFLOP/s , average over ranks: 587.8334 GFLOP/s ) 
Thu Aug 08 18:47:55, Info:  Performance since last sync point: 9.4582 TFLOP/s (rank 0: 589.5950 GFLOP/s , average over ranks: 591.1356 GFLOP/s ) 
Thu Aug 08 18:48:22, Info:  Writing faultoutput at time 7.
Thu Aug 08 18:48:22, Info:  Writing faultoutput at time 7. Done.
Thu Aug 08 18:48:22, Info:  Writing free surface at time 7.
Thu Aug 08 18:48:22, Info:  Writing free surface at time 7. Done.
Thu Aug 08 18:48:22, Info:  Writing energy output at time 7 
Thu Aug 08 18:48:22, Info:  Elastic energy (total, % kinematic, % potential):  4.72397e+15  , 13.1802  , 86.8198 
Thu Aug 08 18:48:22, Info:  Total momentum (X, Y, Z): 1101.12  , -395.25  , 3494.22 
Thu Aug 08 18:48:22, Info:  Frictional work (total, % static, % radiated):  4.75738e+15  , 74.8888  , 25.1112 
Thu Aug 08 18:48:22, Info:  Seismic moment (without plasticity): 2.37934e+19  Mw: 6.84764 
Thu Aug 08 18:48:22, Info:  Writing energy output at time 7 Done. 
Thu Aug 08 18:48:22, Info:  Time spent this phase (total): 26.7962 s (min: 26.7689 s, max: 26.8104 s)
Thu Aug 08 18:48:22, Info:  Time spent this phase (compute): 26.7961 s (min: 26.7689 s, max: 26.8103 s)
Thu Aug 08 18:48:22, Info:  Time spent this phase (IO): 57.7589 ms (min: 40.3599 ms, max: 139.0355 ms)
Thu Aug 08 18:48:22, Info:  Performance since the start: 9.4045 TFLOP/s (rank 0: 586.8448 GFLOP/s , average over ranks: 587.7801 GFLOP/s ) 
Thu Aug 08 18:48:22, Info:  Performance since last sync point: 9.3934 TFLOP/s (rank 0: 586.2396 GFLOP/s , average over ranks: 587.0881 GFLOP/s ) 
Thu Aug 08 18:48:49, Info:  Writing faultoutput at time 7.5.
Thu Aug 08 18:48:49, Info:  Writing faultoutput at time 7.5. Done.
Thu Aug 08 18:48:49, Info:  Writing energy output at time 7.5 
Thu Aug 08 18:48:49, Info:  Elastic energy (total, % kinematic, % potential):  4.94313e+15  , 12.2505  , 87.7495 
Thu Aug 08 18:48:49, Info:  Total momentum (X, Y, Z): -20759.1  , -974.25  , 1755.34 
Thu Aug 08 18:48:49, Info:  Frictional work (total, % static, % radiated):  4.97764e+15  , 75.5442  , 24.4558 
Thu Aug 08 18:48:49, Info:  Seismic moment (without plasticity): 2.57643e+19  Mw: 6.87068 
Thu Aug 08 18:48:49, Info:  Writing energy output at time 7.5 Done. 
Thu Aug 08 18:48:49, Info:  Time spent this phase (total): 26.6304 s (min: 26.6255 s, max: 26.6325 s)
Thu Aug 08 18:48:49, Info:  Time spent this phase (compute): 26.6299 s (min: 26.6237 s, max: 26.6324 s)
Thu Aug 08 18:48:49, Info:  Time spent this phase (IO): 56.9685 ms (min: 40.2132 ms, max: 137.7944 ms)
Thu Aug 08 18:48:49, Info:  Performance since the start: 9.4076 TFLOP/s (rank 0: 587.0461 GFLOP/s , average over ranks: 587.9767 GFLOP/s ) 
Thu Aug 08 18:48:49, Info:  Performance since last sync point: 9.4519 TFLOP/s (rank 0: 589.8797 GFLOP/s , average over ranks: 590.7434 GFLOP/s ) 
Thu Aug 08 18:49:16, Info:  Writing faultoutput at time 8.
Thu Aug 08 18:49:16, Info:  Writing faultoutput at time 8. Done.
Thu Aug 08 18:49:16, Info:  Writing free surface at time 8.
Thu Aug 08 18:49:16, Info:  Writing free surface at time 8. Done.
Thu Aug 08 18:49:16, Info:  Writing energy output at time 8 
Thu Aug 08 18:49:16, Info:  Elastic energy (total, % kinematic, % potential):  5.14715e+15  , 11.4114  , 88.5886 
Thu Aug 08 18:49:16, Info:  Total momentum (X, Y, Z): -5188.75  , -8376.75  , -21785.6 
Thu Aug 08 18:49:16, Info:  Frictional work (total, % static, % radiated):  5.18253e+15  , 76.287  , 23.713 
Thu Aug 08 18:49:16, Info:  Seismic moment (without plasticity): 2.76496e+19  Mw: 6.89113 
Thu Aug 08 18:49:16, Info:  Writing energy output at time 8 Done. 
Thu Aug 08 18:49:16, Info:  Time spent this phase (total): 26.8176 s (min: 26.7639 s, max: 26.8643 s)
Thu Aug 08 18:49:16, Info:  Time spent this phase (compute): 26.8175 s (min: 26.7639 s, max: 26.8642 s)
Thu Aug 08 18:49:16, Info:  Time spent this phase (IO): 50.2045 ms (min: 39.9746 ms, max: 76.1125 ms)
Thu Aug 08 18:49:16, Info:  Performance since the start: 9.4063 TFLOP/s (rank 0: 586.9973 GFLOP/s , average over ranks: 587.8920 GFLOP/s ) 
Thu Aug 08 18:49:16, Info:  Performance since last sync point: 9.3860 TFLOP/s (rank 0: 586.2661 GFLOP/s , average over ranks: 586.6247 GFLOP/s ) 
Thu Aug 08 18:49:42, Info:  Writing faultoutput at time 8.5.
Thu Aug 08 18:49:42, Info:  Writing faultoutput at time 8.5. Done.
Thu Aug 08 18:49:42, Info:  Writing energy output at time 8.5 
Thu Aug 08 18:49:43, Info:  Elastic energy (total, % kinematic, % potential):  5.34849e+15  , 10.7011  , 89.2989 
Thu Aug 08 18:49:43, Info:  Total momentum (X, Y, Z): -56856.5  , 27412  , 78360.4 
Thu Aug 08 18:49:43, Info:  Frictional work (total, % static, % radiated):  5.38633e+15  , 77.2071  , 22.7929 
Thu Aug 08 18:49:43, Info:  Seismic moment (without plasticity): 2.95307e+19  Mw: 6.91018 
Thu Aug 08 18:49:43, Info:  Writing energy output at time 8.5 Done. 
Thu Aug 08 18:49:43, Info:  Time spent this phase (total): 26.8595 s (min: 26.8444 s, max: 26.8958 s)
Thu Aug 08 18:49:43, Info:  Time spent this phase (compute): 26.8595 s (min: 26.8443 s, max: 26.8957 s)
Thu Aug 08 18:49:43, Info:  Time spent this phase (IO): 50.0758 ms (min: 39.8420 ms, max: 77.6865 ms)
Thu Aug 08 18:49:43, Info:  Performance since the start: 9.4042 TFLOP/s (rank 0: 586.8818 GFLOP/s , average over ranks: 587.7627 GFLOP/s ) 
Thu Aug 08 18:49:43, Info:  Performance since last sync point: 9.3713 TFLOP/s (rank 0: 585.0393 GFLOP/s , average over ranks: 585.7033 GFLOP/s ) 
Thu Aug 08 18:50:09, Info:  Writing faultoutput at time 9.
Thu Aug 08 18:50:09, Info:  Writing faultoutput at time 9. Done.
Thu Aug 08 18:50:09, Info:  Writing free surface at time 9.
Thu Aug 08 18:50:09, Info:  Writing free surface at time 9. Done.
Thu Aug 08 18:50:09, Info:  Writing energy output at time 9 
Thu Aug 08 18:50:09, Info:  Elastic energy (total, % kinematic, % potential):  5.558e+15  , 10.2315  , 89.7685 
Thu Aug 08 18:50:09, Info:  Total momentum (X, Y, Z): 89889.2  , -122135  , -12629.6 
Thu Aug 08 18:50:09, Info:  Frictional work (total, % static, % radiated):  5.59817e+15  , 78.456  , 21.544 
Thu Aug 08 18:50:09, Info:  Seismic moment (without plasticity): 3.15359e+19  Mw: 6.9292 
Thu Aug 08 18:50:09, Info:  Writing energy output at time 9 Done. 
Thu Aug 08 18:50:09, Info:  Time spent this phase (total): 26.8220 s (min: 26.8043 s, max: 26.8405 s)
Thu Aug 08 18:50:09, Info:  Time spent this phase (compute): 26.8219 s (min: 26.8042 s, max: 26.8405 s)
Thu Aug 08 18:50:09, Info:  Time spent this phase (IO): 53.6831 ms (min: 40.3251 ms, max: 82.8093 ms)
Thu Aug 08 18:50:09, Info:  Performance since the start: 9.4031 TFLOP/s (rank 0: 586.8082 GFLOP/s , average over ranks: 587.6938 GFLOP/s ) 
Thu Aug 08 18:50:09, Info:  Performance since last sync point: 9.3844 TFLOP/s (rank 0: 585.5594 GFLOP/s , average over ranks: 586.5241 GFLOP/s ) 
Thu Aug 08 18:50:36, Info:  Writing faultoutput at time 9.5.
Thu Aug 08 18:50:36, Info:  Writing faultoutput at time 9.5. Done.
Thu Aug 08 18:50:36, Info:  Writing energy output at time 9.5 
Thu Aug 08 18:50:36, Info:  Elastic energy (total, % kinematic, % potential):  5.79718e+15  , 10.0582  , 89.9418 
Thu Aug 08 18:50:36, Info:  Total momentum (X, Y, Z): -315448  , 379408  , -1.00765e+06 
Thu Aug 08 18:50:36, Info:  Frictional work (total, % static, % radiated):  5.83973e+15  , 79.8904  , 20.1096 
Thu Aug 08 18:50:36, Info:  Seismic moment (without plasticity): 3.38052e+19  Mw: 6.94932 
Thu Aug 08 18:50:36, Info:  Writing energy output at time 9.5 Done. 
Thu Aug 08 18:50:36, Info:  Time spent this phase (total): 26.7863 s (min: 26.7679 s, max: 26.8063 s)
Thu Aug 08 18:50:36, Info:  Time spent this phase (compute): 26.7862 s (min: 26.7678 s, max: 26.8062 s)
Thu Aug 08 18:50:36, Info:  Time spent this phase (IO): 51.1022 ms (min: 39.8563 ms, max: 78.6264 ms)
Thu Aug 08 18:50:36, Info:  Performance since the start: 9.4028 TFLOP/s (rank 0: 586.7812 GFLOP/s , average over ranks: 587.6733 GFLOP/s ) 
Thu Aug 08 18:50:36, Info:  Performance since last sync point: 9.3969 TFLOP/s (rank 0: 586.2971 GFLOP/s , average over ranks: 587.3055 GFLOP/s ) 
Thu Aug 08 18:51:03, Info:  Writing faultoutput at time 10.
Thu Aug 08 18:51:03, Info:  Writing faultoutput at time 10. Done.
Thu Aug 08 18:51:03, Info:  Writing free surface at time 10.
Thu Aug 08 18:51:03, Info:  Writing free surface at time 10. Done.
Thu Aug 08 18:51:03, Info:  Wrote receivers in 1.017e-06 seconds. 
Thu Aug 08 18:51:03, Info:  Writing energy output at time 10 
Thu Aug 08 18:51:03, Info:  Elastic energy (total, % kinematic, % potential):  6.09657e+15  , 10.1953  , 89.8047 
Thu Aug 08 18:51:03, Info:  Total momentum (X, Y, Z): 650881  , -963779  , 5.99699e+06 
Thu Aug 08 18:51:03, Info:  Frictional work (total, % static, % radiated):  6.14146e+15  , 81.3392  , 18.6608 
Thu Aug 08 18:51:03, Info:  Seismic moment (without plasticity): 3.64852e+19  Mw: 6.97141 
Thu Aug 08 18:51:03, Info:  Writing energy output at time 10 Done. 
Thu Aug 08 18:51:03, Info:  Time spent this phase (total): 27.0919 s (min: 27.0693 s, max: 27.1437 s)
Thu Aug 08 18:51:03, Info:  Time spent this phase (compute): 27.0918 s (min: 27.0693 s, max: 27.1436 s)
Thu Aug 08 18:51:03, Info:  Time spent this phase (IO): 52.2153 ms (min: 40.3634 ms, max: 96.3214 ms)
Thu Aug 08 18:51:03, Info:  Performance since the start: 9.3971 TFLOP/s (rank 0: 586.4243 GFLOP/s , average over ranks: 587.3196 GFLOP/s ) 
Thu Aug 08 18:51:03, Info:  Performance since last sync point: 9.2909 TFLOP/s (rank 0: 579.7231 GFLOP/s , average over ranks: 580.6799 GFLOP/s ) 
Thu Aug 08 18:51:30, Info:  Writing faultoutput at time 10.5.
Thu Aug 08 18:51:30, Info:  Writing faultoutput at time 10.5. Done.
Thu Aug 08 18:51:30, Info:  Writing energy output at time 10.5 
Thu Aug 08 18:51:30, Info:  Elastic energy (total, % kinematic, % potential):  6.49801e+15  , 10.5394  , 89.4606 
Thu Aug 08 18:51:30, Info:  Total momentum (X, Y, Z): -1.09704e+06  , 1.79693e+06  , -2.15824e+07 
Thu Aug 08 18:51:30, Info:  Frictional work (total, % static, % radiated):  6.5478e+15  , 82.507  , 17.493 
Thu Aug 08 18:51:30, Info:  Seismic moment (without plasticity): 3.96821e+19  Mw: 6.99573 
Thu Aug 08 18:51:30, Info:  Writing energy output at time 10.5 Done. 
Thu Aug 08 18:51:30, Info:  Time spent this phase (total): 27.0939 s (min: 26.9918 s, max: 27.1572 s)
Thu Aug 08 18:51:30, Info:  Time spent this phase (compute): 27.0938 s (min: 26.9918 s, max: 27.1571 s)
Thu Aug 08 18:51:30, Info:  Time spent this phase (IO): 55.1366 ms (min: 40.1814 ms, max: 131.4154 ms)
Thu Aug 08 18:51:30, Info:  Performance since the start: 9.3920 TFLOP/s (rank 0: 586.0742 GFLOP/s , average over ranks: 586.9981 GFLOP/s ) 
Thu Aug 08 18:51:30, Info:  Performance since last sync point: 9.2903 TFLOP/s (rank 0: 579.1592 GFLOP/s , average over ranks: 580.6420 GFLOP/s ) 
Thu Aug 08 18:51:57, Info:  Writing faultoutput at time 11.
Thu Aug 08 18:51:57, Info:  Writing faultoutput at time 11. Done.
Thu Aug 08 18:51:57, Info:  Writing free surface at time 11.
Thu Aug 08 18:51:57, Info:  Writing free surface at time 11. Done.
Thu Aug 08 18:51:57, Info:  Writing energy output at time 11 
Thu Aug 08 18:51:57, Info:  Elastic energy (total, % kinematic, % potential):  7.02876e+15  , 10.7893  , 89.2107 
Thu Aug 08 18:51:57, Info:  Total momentum (X, Y, Z): 358306  , -2.10115e+06  , 5.18323e+07 
Thu Aug 08 18:51:57, Info:  Frictional work (total, % static, % radiated):  7.08941e+15  , 83.0404  , 16.9596 
Thu Aug 08 18:51:57, Info:  Seismic moment (without plasticity): 4.32787e+19  Mw: 7.02085 
Thu Aug 08 18:51:57, Info:  Writing energy output at time 11 Done. 
Thu Aug 08 18:51:57, Info:  Time spent this phase (total): 26.8436 s (min: 26.8028 s, max: 26.8840 s)
Thu Aug 08 18:51:57, Info:  Time spent this phase (compute): 26.8435 s (min: 26.8028 s, max: 26.8840 s)
Thu Aug 08 18:51:57, Info:  Time spent this phase (IO): 52.0602 ms (min: 40.0546 ms, max: 91.9057 ms)
Thu Aug 08 18:51:57, Info:  Performance since the start: 9.3913 TFLOP/s (rank 0: 586.0676 GFLOP/s , average over ranks: 586.9550 GFLOP/s ) 
Thu Aug 08 18:51:57, Info:  Performance since last sync point: 9.3769 TFLOP/s (rank 0: 585.9286 GFLOP/s , average over ranks: 586.0532 GFLOP/s ) 
Thu Aug 08 18:52:24, Info:  Writing faultoutput at time 11.5.
Thu Aug 08 18:52:24, Info:  Writing faultoutput at time 11.5. Done.
Thu Aug 08 18:52:24, Info:  Writing energy output at time 11.5 
Thu Aug 08 18:52:24, Info:  Elastic energy (total, % kinematic, % potential):  7.70365e+15  , 11.185  , 88.815 
Thu Aug 08 18:52:24, Info:  Total momentum (X, Y, Z): 3.91781e+06  , 2034  , -6.59236e+07 
Thu Aug 08 18:52:24, Info:  Frictional work (total, % static, % radiated):  7.77235e+15  , 83.3428  , 16.6572 
Thu Aug 08 18:52:24, Info:  Seismic moment (without plasticity): 4.73542e+19  Mw: 7.04691 
Thu Aug 08 18:52:24, Info:  Writing energy output at time 11.5 Done. 
Thu Aug 08 18:52:24, Info:  Time spent this phase (total): 26.7187 s (min: 26.6877 s, max: 26.7864 s)
Thu Aug 08 18:52:24, Info:  Time spent this phase (compute): 26.7186 s (min: 26.6877 s, max: 26.7864 s)
Thu Aug 08 18:52:24, Info:  Time spent this phase (IO): 53.7055 ms (min: 40.2463 ms, max: 110.3234 ms)
Thu Aug 08 18:52:24, Info:  Performance since the start: 9.3926 TFLOP/s (rank 0: 586.1380 GFLOP/s , average over ranks: 587.0346 GFLOP/s ) 
Thu Aug 08 18:52:24, Info:  Performance since last sync point: 9.4206 TFLOP/s (rank 0: 587.6920 GFLOP/s , average over ranks: 588.7904 GFLOP/s ) 
Thu Aug 08 18:52:51, Info:  Writing faultoutput at time 12.
Thu Aug 08 18:52:51, Info:  Writing faultoutput at time 12. Done.
Thu Aug 08 18:52:51, Info:  Writing free surface at time 12.
Thu Aug 08 18:52:51, Info:  Writing free surface at time 12. Done.
Thu Aug 08 18:52:51, Info:  Writing energy output at time 12 
Thu Aug 08 18:52:51, Info:  Elastic energy (total, % kinematic, % potential):  8.56477e+15  , 11.7587  , 88.2413 
Thu Aug 08 18:52:51, Info:  Total momentum (X, Y, Z): -1.31821e+07  , 6.61548e+06  , -5.07995e+07 
Thu Aug 08 18:52:51, Info:  Frictional work (total, % static, % radiated):  8.64468e+15  , 83.4402  , 16.5598 
Thu Aug 08 18:52:51, Info:  Seismic moment (without plasticity): 5.20967e+19  Mw: 7.07454 
Thu Aug 08 18:52:51, Info:  Writing energy output at time 12 Done. 
Thu Aug 08 18:52:51, Info:  Time spent this phase (total): 26.7229 s (min: 26.6620 s, max: 26.7552 s)
Thu Aug 08 18:52:51, Info:  Time spent this phase (compute): 26.7228 s (min: 26.6619 s, max: 26.7552 s)
Thu Aug 08 18:52:51, Info:  Time spent this phase (IO): 51.5465 ms (min: 39.9952 ms, max: 78.9060 ms)
Thu Aug 08 18:52:51, Info:  Performance since the start: 9.3937 TFLOP/s (rank 0: 586.2194 GFLOP/s , average over ranks: 587.1038 GFLOP/s ) 
Thu Aug 08 18:52:51, Info:  Performance since last sync point: 9.4192 TFLOP/s (rank 0: 588.0989 GFLOP/s , average over ranks: 588.7019 GFLOP/s ) 
Thu Aug 08 18:53:17, Info:  Writing faultoutput at time 12.5.
Thu Aug 08 18:53:17, Info:  Writing faultoutput at time 12.5. Done.
Thu Aug 08 18:53:17, Info:  Writing energy output at time 12.5 
Thu Aug 08 18:53:17, Info:  Elastic energy (total, % kinematic, % potential):  9.66753e+15  , 12.4786  , 87.5214 
Thu Aug 08 18:53:17, Info:  Total momentum (X, Y, Z): 1.86924e+07  , -1.97415e+07  , 4.0932e+08 
Thu Aug 08 18:53:17, Info:  Frictional work (total, % static, % radiated):  9.76524e+15  , 83.2868  , 16.7132 
Thu Aug 08 18:53:17, Info:  Seismic moment (without plasticity): 5.77111e+19  Mw: 7.10417 
Thu Aug 08 18:53:17, Info:  Writing energy output at time 12.5 Done. 
Thu Aug 08 18:53:17, Info:  Time spent this phase (total): 26.7509 s (min: 26.7459 s, max: 26.7535 s)
Thu Aug 08 18:53:17, Info:  Time spent this phase (compute): 26.7508 s (min: 26.7459 s, max: 26.7535 s)
Thu Aug 08 18:53:17, Info:  Time spent this phase (IO): 51.0504 ms (min: 39.7982 ms, max: 78.6552 ms)
Thu Aug 08 18:53:17, Info:  Performance since the start: 9.3943 TFLOP/s (rank 0: 586.2588 GFLOP/s , average over ranks: 587.1429 GFLOP/s ) 
Thu Aug 08 18:53:17, Info:  Performance since last sync point: 9.4093 TFLOP/s (rank 0: 587.2048 GFLOP/s , average over ranks: 588.0820 GFLOP/s ) 
Thu Aug 08 18:53:44, Info:  Writing faultoutput at time 13.
Thu Aug 08 18:53:44, Info:  Writing faultoutput at time 13. Done.
Thu Aug 08 18:53:44, Info:  Writing free surface at time 13.
Thu Aug 08 18:53:44, Info:  Writing free surface at time 13. Done.
Thu Aug 08 18:53:44, Info:  Writing energy output at time 13 
Thu Aug 08 18:53:44, Info:  Elastic energy (total, % kinematic, % potential):  1.10568e+16  , 13.2373  , 86.7627 
Thu Aug 08 18:53:44, Info:  Total momentum (X, Y, Z): 1.71578e+06  , 4.19427e+07  , -6.42676e+08 
Thu Aug 08 18:53:44, Info:  Frictional work (total, % static, % radiated):  1.1175e+16  , 82.9503  , 17.0497 
Thu Aug 08 18:53:44, Info:  Seismic moment (without plasticity): 6.43518e+19  Mw: 7.13571 
Thu Aug 08 18:53:44, Info:  Writing energy output at time 13 Done. 
Thu Aug 08 18:53:44, Info:  Time spent this phase (total): 26.7867 s (min: 26.7836 s, max: 26.7987 s)
Thu Aug 08 18:53:44, Info:  Time spent this phase (compute): 26.7866 s (min: 26.7835 s, max: 26.7987 s)
Thu Aug 08 18:53:44, Info:  Time spent this phase (IO): 50.6652 ms (min: 40.0099 ms, max: 78.5287 ms)
Thu Aug 08 18:53:44, Info:  Performance since the start: 9.3944 TFLOP/s (rank 0: 586.2665 GFLOP/s , average over ranks: 587.1488 GFLOP/s ) 
Thu Aug 08 18:53:44, Info:  Performance since last sync point: 9.3967 TFLOP/s (rank 0: 586.4605 GFLOP/s , average over ranks: 587.2966 GFLOP/s ) 
Thu Aug 08 18:54:11, Info:  Writing faultoutput at time 13.5.
Thu Aug 08 18:54:11, Info:  Writing faultoutput at time 13.5. Done.
Thu Aug 08 18:54:11, Info:  Writing energy output at time 13.5 
Thu Aug 08 18:54:11, Info:  Elastic energy (total, % kinematic, % potential):  1.28224e+16  , 14.0945  , 85.9055 
Thu Aug 08 18:54:11, Info:  Total momentum (X, Y, Z): -5.13812e+07  , -6.28618e+07  , -4.37971e+08 
Thu Aug 08 18:54:11, Info:  Frictional work (total, % static, % radiated):  1.29836e+16  , 82.3182  , 17.6818 
Thu Aug 08 18:54:11, Info:  Seismic moment (without plasticity): 7.22975e+19  Mw: 7.16942 
Thu Aug 08 18:54:11, Info:  Writing energy output at time 13.5 Done. 
Thu Aug 08 18:54:11, Info:  Time spent this phase (total): 26.8609 s (min: 26.8557 s, max: 26.8712 s)
Thu Aug 08 18:54:11, Info:  Time spent this phase (compute): 26.8608 s (min: 26.8556 s, max: 26.8712 s)
Thu Aug 08 18:54:11, Info:  Time spent this phase (IO): 50.0743 ms (min: 39.8286 ms, max: 79.6302 ms)
Thu Aug 08 18:54:11, Info:  Performance since the start: 9.3935 TFLOP/s (rank 0: 586.2150 GFLOP/s , average over ranks: 587.0940 GFLOP/s ) 
Thu Aug 08 18:54:11, Info:  Performance since last sync point: 9.3708 TFLOP/s (rank 0: 584.8778 GFLOP/s , average over ranks: 585.6742 GFLOP/s ) 
Thu Aug 08 18:54:38, Info:  Writing faultoutput at time 14.
Thu Aug 08 18:54:38, Info:  Writing faultoutput at time 14. Done.
Thu Aug 08 18:54:38, Info:  Writing free surface at time 14.
Thu Aug 08 18:54:38, Info:  Writing free surface at time 14. Done.
Thu Aug 08 18:54:38, Info:  Writing energy output at time 14 
Thu Aug 08 18:54:38, Info:  Elastic energy (total, % kinematic, % potential):  1.50602e+16  , 14.9643  , 85.0357 
Thu Aug 08 18:54:38, Info:  Total momentum (X, Y, Z): 4.63736e+07  , 1.36208e+07  , 2.74166e+09 
Thu Aug 08 18:54:38, Info:  Frictional work (total, % static, % radiated):  1.5273e+16  , 81.488  , 18.512 
Thu Aug 08 18:54:38, Info:  Seismic moment (without plasticity): 8.1854e+19  Mw: 7.20536 
Thu Aug 08 18:54:38, Info:  Writing energy output at time 14 Done. 
Thu Aug 08 18:54:38, Info:  Time spent this phase (total): 26.8162 s (min: 26.7947 s, max: 26.8330 s)
Thu Aug 08 18:54:38, Info:  Time spent this phase (compute): 26.8161 s (min: 26.7946 s, max: 26.8329 s)
Thu Aug 08 18:54:38, Info:  Time spent this phase (IO): 53.5231 ms (min: 40.6387 ms, max: 90.1519 ms)
Thu Aug 08 18:54:38, Info:  Performance since the start: 9.3933 TFLOP/s (rank 0: 586.1989 GFLOP/s , average over ranks: 587.0782 GFLOP/s ) 
Thu Aug 08 18:54:38, Info:  Performance since last sync point: 9.3864 TFLOP/s (rank 0: 585.7661 GFLOP/s , average over ranks: 586.6503 GFLOP/s ) 
Thu Aug 08 18:55:05, Info:  Writing faultoutput at time 14.5.
Thu Aug 08 18:55:05, Info:  Writing faultoutput at time 14.5. Done.
Thu Aug 08 18:55:05, Info:  Writing energy output at time 14.5 
Thu Aug 08 18:55:05, Info:  Elastic energy (total, % kinematic, % potential):  1.79133e+16  , 16.0178  , 83.9822 
Thu Aug 08 18:55:05, Info:  Total momentum (X, Y, Z): 1.06476e+08  , 2.04527e+08  , -8.64661e+08 
Thu Aug 08 18:55:05, Info:  Frictional work (total, % static, % radiated):  1.81916e+16  , 80.4181  , 19.5819 
Thu Aug 08 18:55:05, Info:  Seismic moment (without plasticity): 9.34018e+19  Mw: 7.24357 
Thu Aug 08 18:55:05, Info:  Writing energy output at time 14.5 Done. 
Thu Aug 08 18:55:05, Info:  Time spent this phase (total): 26.8062 s (min: 26.7909 s, max: 26.8296 s)
Thu Aug 08 18:55:05, Info:  Time spent this phase (compute): 26.8061 s (min: 26.7909 s, max: 26.8296 s)
Thu Aug 08 18:55:05, Info:  Time spent this phase (IO): 50.7614 ms (min: 40.2548 ms, max: 74.4416 ms)
Thu Aug 08 18:55:05, Info:  Performance since the start: 9.3931 TFLOP/s (rank 0: 586.1947 GFLOP/s , average over ranks: 587.0710 GFLOP/s ) 
Thu Aug 08 18:55:05, Info:  Performance since last sync point: 9.3899 TFLOP/s (rank 0: 586.0749 GFLOP/s , average over ranks: 586.8699 GFLOP/s ) 
Thu Aug 08 18:55:31, Info:  Writing faultoutput at time 15.
Thu Aug 08 18:55:31, Info:  Writing faultoutput at time 15. Done.
Thu Aug 08 18:55:31, Info:  Writing free surface at time 15.
Thu Aug 08 18:55:31, Info:  Writing free surface at time 15. Done.
Thu Aug 08 18:55:31, Info:  Writing energy output at time 15 
Thu Aug 08 18:55:32, Info:  Elastic energy (total, % kinematic, % potential):  2.09775e+16  , 15.8052  , 84.1948 
Thu Aug 08 18:55:32, Info:  Total momentum (X, Y, Z): -1.54453e+08  , -4.37665e+08  , -8.92264e+09 
Thu Aug 08 18:55:32, Info:  Frictional work (total, % static, % radiated):  2.13373e+16  , 79.5544  , 20.4456 
Thu Aug 08 18:55:32, Info:  Seismic moment (without plasticity): 1.06544e+20  Mw: 7.28169 
Thu Aug 08 18:55:32, Info:  Writing energy output at time 15 Done. 
Thu Aug 08 18:55:32, Info:  Time spent this phase (total): 26.9111 s (min: 26.8973 s, max: 26.9194 s)
Thu Aug 08 18:55:32, Info:  Time spent this phase (compute): 26.9111 s (min: 26.8973 s, max: 26.9193 s)
Thu Aug 08 18:55:32, Info:  Time spent this phase (IO): 50.6131 ms (min: 40.8590 ms, max: 75.9049 ms)
Thu Aug 08 18:55:32, Info:  Performance since the start: 9.3918 TFLOP/s (rank 0: 586.1120 GFLOP/s , average over ranks: 586.9876 GFLOP/s ) 
Thu Aug 08 18:55:32, Info:  Performance since last sync point: 9.3533 TFLOP/s (rank 0: 583.7261 GFLOP/s , average over ranks: 584.5806 GFLOP/s ) 
Thu Aug 08 18:55:58, Info:  Writing faultoutput at time 15.5.
Thu Aug 08 18:55:58, Info:  Writing faultoutput at time 15.5. Done.
Thu Aug 08 18:55:58, Info:  Writing energy output at time 15.5 
Thu Aug 08 18:55:59, Info:  Elastic energy (total, % kinematic, % potential):  2.35151e+16  , 13.7616  , 86.2384 
Thu Aug 08 18:55:59, Info:  Total momentum (X, Y, Z): -3.62635e+08  , 1.54759e+08  , 7.15931e+09 
Thu Aug 08 18:55:59, Info:  Frictional work (total, % static, % radiated):  2.39018e+16  , 78.7963  , 21.2037 
Thu Aug 08 18:55:59, Info:  Seismic moment (without plasticity): 1.18248e+20  Mw: 7.31186 
Thu Aug 08 18:55:59, Info:  Writing energy output at time 15.5 Done. 
Thu Aug 08 18:55:59, Info:  Time spent this phase (total): 27.0121 s (min: 27.0058 s, max: 27.0258 s)
Thu Aug 08 18:55:59, Info:  Time spent this phase (compute): 27.0120 s (min: 27.0058 s, max: 27.0257 s)
Thu Aug 08 18:55:59, Info:  Time spent this phase (IO): 50.4926 ms (min: 40.2534 ms, max: 80.3968 ms)
Thu Aug 08 18:55:59, Info:  Performance since the start: 9.3894 TFLOP/s (rank 0: 585.9647 GFLOP/s , average over ranks: 586.8384 GFLOP/s ) 
Thu Aug 08 18:55:59, Info:  Performance since last sync point: 9.3183 TFLOP/s (rank 0: 581.5772 GFLOP/s , average over ranks: 582.3963 GFLOP/s ) 
Thu Aug 08 18:56:26, Info:  Writing faultoutput at time 16.
Thu Aug 08 18:56:26, Info:  Writing faultoutput at time 16. Done.
Thu Aug 08 18:56:26, Info:  Writing free surface at time 16.
Thu Aug 08 18:56:26, Info:  Writing free surface at time 16. Done.
Thu Aug 08 18:56:26, Info:  Writing energy output at time 16 
Thu Aug 08 18:56:26, Info:  Elastic energy (total, % kinematic, % potential):  2.57373e+16  , 12.614  , 87.386 
Thu Aug 08 18:56:26, Info:  Total momentum (X, Y, Z): 7.52369e+08  , 6.35299e+08  , 2.92028e+10 
Thu Aug 08 18:56:26, Info:  Frictional work (total, % static, % radiated):  2.61541e+16  , 78.4429  , 21.5571 
Thu Aug 08 18:56:26, Info:  Seismic moment (without plasticity): 1.27936e+20  Mw: 7.33466 
Thu Aug 08 18:56:26, Info:  Writing energy output at time 16 Done. 
Thu Aug 08 18:56:26, Info:  Time spent this phase (total): 27.0972 s (min: 27.0631 s, max: 27.1295 s)
Thu Aug 08 18:56:26, Info:  Time spent this phase (compute): 27.0972 s (min: 27.0630 s, max: 27.1294 s)
Thu Aug 08 18:56:26, Info:  Time spent this phase (IO): 57.0814 ms (min: 40.2882 ms, max: 132.7519 ms)
Thu Aug 08 18:56:26, Info:  Performance since the start: 9.3862 TFLOP/s (rank 0: 585.7495 GFLOP/s , average over ranks: 586.6403 GFLOP/s ) 
Thu Aug 08 18:56:26, Info:  Performance since last sync point: 9.2891 TFLOP/s (rank 0: 579.1583 GFLOP/s , average over ranks: 580.5658 GFLOP/s ) 
Thu Aug 08 18:56:52, Info:  Writing faultoutput at time 16.5.
Thu Aug 08 18:56:52, Info:  Writing faultoutput at time 16.5. Done.
Thu Aug 08 18:56:52, Info:  Writing energy output at time 16.5 
Thu Aug 08 18:56:52, Info:  Elastic energy (total, % kinematic, % potential):  2.76659e+16  , 12.0165  , 87.9835 
Thu Aug 08 18:56:52, Info:  Total momentum (X, Y, Z): 6.52116e+08  , -7.38329e+08  , -2.16182e+10 
Thu Aug 08 18:56:52, Info:  Frictional work (total, % static, % radiated):  2.81122e+16  , 78.4196  , 21.5804 
Thu Aug 08 18:56:52, Info:  Seismic moment (without plasticity): 1.36857e+20  Mw: 7.35418 
Thu Aug 08 18:56:52, Info:  Writing energy output at time 16.5 Done. 
Thu Aug 08 18:56:52, Info:  Time spent this phase (total): 26.8094 s (min: 26.7535 s, max: 26.8518 s)
Thu Aug 08 18:56:52, Info:  Time spent this phase (compute): 26.8093 s (min: 26.7535 s, max: 26.8518 s)
Thu Aug 08 18:56:52, Info:  Time spent this phase (IO): 50.8734 ms (min: 40.2608 ms, max: 79.8710 ms)
Thu Aug 08 18:56:52, Info:  Performance since the start: 9.3863 TFLOP/s (rank 0: 585.7681 GFLOP/s , average over ranks: 586.6452 GFLOP/s ) 
Thu Aug 08 18:56:52, Info:  Performance since last sync point: 9.3889 TFLOP/s (rank 0: 586.3614 GFLOP/s , average over ranks: 586.8034 GFLOP/s ) 
Thu Aug 08 18:57:19, Info:  Writing faultoutput at time 17.
Thu Aug 08 18:57:19, Info:  Writing faultoutput at time 17. Done.
Thu Aug 08 18:57:19, Info:  Writing free surface at time 17.
Thu Aug 08 18:57:19, Info:  Writing free surface at time 17. Done.
Thu Aug 08 18:57:19, Info:  Writing energy output at time 17 
Thu Aug 08 18:57:19, Info:  Elastic energy (total, % kinematic, % potential):  2.94278e+16  , 11.6831  , 88.3169 
Thu Aug 08 18:57:19, Info:  Total momentum (X, Y, Z): -1.71603e+09  , -4.61002e+08  , -9.30679e+10 
Thu Aug 08 18:57:19, Info:  Frictional work (total, % static, % radiated):  2.99118e+16  , 78.3471  , 21.6529 
Thu Aug 08 18:57:19, Info:  Seismic moment (without plasticity): 1.45374e+20  Mw: 7.37166 
Thu Aug 08 18:57:19, Info:  Writing energy output at time 17 Done. 
Thu Aug 08 18:57:19, Info:  Time spent this phase (total): 26.7694 s (min: 26.7538 s, max: 26.8080 s)
Thu Aug 08 18:57:19, Info:  Time spent this phase (compute): 26.7694 s (min: 26.7538 s, max: 26.8080 s)
Thu Aug 08 18:57:19, Info:  Time spent this phase (IO): 51.6992 ms (min: 40.2829 ms, max: 85.7849 ms)
Thu Aug 08 18:57:19, Info:  Performance since the start: 9.3868 TFLOP/s (rank 0: 585.7976 GFLOP/s , average over ranks: 586.6754 GFLOP/s ) 
Thu Aug 08 18:57:19, Info:  Performance since last sync point: 9.4028 TFLOP/s (rank 0: 586.7744 GFLOP/s , average over ranks: 587.6733 GFLOP/s ) 
Thu Aug 08 18:57:46, Info:  Writing faultoutput at time 17.5.
Thu Aug 08 18:57:46, Info:  Writing faultoutput at time 17.5. Done.
Thu Aug 08 18:57:46, Info:  Writing energy output at time 17.5 
Thu Aug 08 18:57:46, Info:  Elastic energy (total, % kinematic, % potential):  3.10461e+16  , 11.0244  , 88.9756 
Thu Aug 08 18:57:46, Info:  Total momentum (X, Y, Z): -1.67048e+09  , 1.1124e+09  , 3.99116e+10 
Thu Aug 08 18:57:46, Info:  Frictional work (total, % static, % radiated):  3.15903e+16  , 77.9147  , 22.0853 
Thu Aug 08 18:57:46, Info:  Seismic moment (without plasticity): 1.52905e+20  Mw: 7.38628 
Thu Aug 08 18:57:46, Info:  Writing energy output at time 17.5 Done. 
Thu Aug 08 18:57:46, Info:  Time spent this phase (total): 27.0159 s (min: 26.9642 s, max: 27.0338 s)
Thu Aug 08 18:57:46, Info:  Time spent this phase (compute): 27.0159 s (min: 26.9642 s, max: 27.0337 s)
Thu Aug 08 18:57:46, Info:  Time spent this phase (IO): 51.9430 ms (min: 40.2467 ms, max: 80.0994 ms)
Thu Aug 08 18:57:46, Info:  Performance since the start: 9.3848 TFLOP/s (rank 0: 585.6724 GFLOP/s , average over ranks: 586.5499 GFLOP/s ) 
Thu Aug 08 18:57:46, Info:  Performance since last sync point: 9.3171 TFLOP/s (rank 0: 581.4468 GFLOP/s , average over ranks: 582.3157 GFLOP/s ) 
Thu Aug 08 18:58:13, Info:  Writing faultoutput at time 18.
Thu Aug 08 18:58:13, Info:  Writing faultoutput at time 18. Done.
Thu Aug 08 18:58:13, Info:  Writing free surface at time 18.
Thu Aug 08 18:58:13, Info:  Writing free surface at time 18. Done.
Thu Aug 08 18:58:13, Info:  Writing energy output at time 18 
Thu Aug 08 18:58:13, Info:  Elastic energy (total, % kinematic, % potential):  3.22798e+16  , 10.0911  , 89.9089 
Thu Aug 08 18:58:13, Info:  Total momentum (X, Y, Z): 1.381e+09  , -4.30162e+07  , 2.39341e+11 
Thu Aug 08 18:58:13, Info:  Frictional work (total, % static, % radiated):  3.28712e+16  , 77.4577  , 22.5423 
Thu Aug 08 18:58:13, Info:  Seismic moment (without plasticity): 1.58461e+20  Mw: 7.39662 
Thu Aug 08 18:58:13, Info:  Writing energy output at time 18 Done. 
Thu Aug 08 18:58:13, Info:  Time spent this phase (total): 26.8121 s (min: 26.8060 s, max: 26.8306 s)
Thu Aug 08 18:58:13, Info:  Time spent this phase (compute): 26.8120 s (min: 26.8059 s, max: 26.8305 s)
Thu Aug 08 18:58:13, Info:  Time spent this phase (IO): 50.8198 ms (min: 40.3476 ms, max: 79.3259 ms)
Thu Aug 08 18:58:13, Info:  Performance since the start: 9.3849 TFLOP/s (rank 0: 585.6813 GFLOP/s , average over ranks: 586.5552 GFLOP/s ) 
Thu Aug 08 18:58:13, Info:  Performance since last sync point: 9.3878 TFLOP/s (rank 0: 585.9946 GFLOP/s , average over ranks: 586.7398 GFLOP/s ) 
Thu Aug 08 18:58:40, Info:  Writing faultoutput at time 18.5.
Thu Aug 08 18:58:40, Info:  Writing faultoutput at time 18.5. Done.
Thu Aug 08 18:58:40, Info:  Writing energy output at time 18.5 
Thu Aug 08 18:58:40, Info:  Elastic energy (total, % kinematic, % potential):  3.30902e+16  , 9.27016  , 90.7298 
Thu Aug 08 18:58:40, Info:  Total momentum (X, Y, Z): 3.58983e+09  , -1.35454e+09  , -1.21041e+11 
Thu Aug 08 18:58:40, Info:  Frictional work (total, % static, % radiated):  3.37188e+16  , 77.2234  , 22.7766 
Thu Aug 08 18:58:40, Info:  Seismic moment (without plasticity): 1.62168e+20  Mw: 7.40331 
Thu Aug 08 18:58:40, Info:  Writing energy output at time 18.5 Done. 
Thu Aug 08 18:58:40, Info:  Time spent this phase (total): 26.7677 s (min: 26.7528 s, max: 26.7850 s)
Thu Aug 08 18:58:40, Info:  Time spent this phase (compute): 26.7676 s (min: 26.7527 s, max: 26.7849 s)
Thu Aug 08 18:58:40, Info:  Time spent this phase (IO): 51.9817 ms (min: 40.5190 ms, max: 82.0342 ms)
Thu Aug 08 18:58:40, Info:  Performance since the start: 9.3854 TFLOP/s (rank 0: 585.7132 GFLOP/s , average over ranks: 586.5865 GFLOP/s ) 
Thu Aug 08 18:58:40, Info:  Performance since last sync point: 9.4034 TFLOP/s (rank 0: 586.8636 GFLOP/s , average over ranks: 587.7146 GFLOP/s ) 
Thu Aug 08 18:59:07, Info:  Writing faultoutput at time 19.
Thu Aug 08 18:59:07, Info:  Writing faultoutput at time 19. Done.
Thu Aug 08 18:59:07, Info:  Writing free surface at time 19.
Thu Aug 08 18:59:07, Info:  Writing free surface at time 19. Done.
Thu Aug 08 18:59:07, Info:  Writing energy output at time 19 
Thu Aug 08 18:59:07, Info:  Elastic energy (total, % kinematic, % potential):  3.35983e+16  , 8.74429  , 91.2557 
Thu Aug 08 18:59:07, Info:  Total momentum (X, Y, Z): 3.34535e+09  , 1.1437e+09  , -1.36363e+12 
Thu Aug 08 18:59:07, Info:  Frictional work (total, % static, % radiated):  3.42657e+16  , 77.5515  , 22.4485 
Thu Aug 08 18:59:07, Info:  Seismic moment (without plasticity): 1.64535e+20  Mw: 7.4075 
Thu Aug 08 18:59:07, Info:  Writing energy output at time 19 Done. 
Thu Aug 08 18:59:07, Info:  Time spent this phase (total): 26.8138 s (min: 26.8029 s, max: 26.8212 s)
Thu Aug 08 18:59:07, Info:  Time spent this phase (compute): 26.8137 s (min: 26.8028 s, max: 26.8212 s)
Thu Aug 08 18:59:07, Info:  Time spent this phase (IO): 52.3199 ms (min: 40.3722 ms, max: 81.9709 ms)
Thu Aug 08 18:59:07, Info:  Performance since the start: 9.3854 TFLOP/s (rank 0: 585.7130 GFLOP/s , average over ranks: 586.5896 GFLOP/s ) 
Thu Aug 08 18:59:07, Info:  Performance since last sync point: 9.3873 TFLOP/s (rank 0: 585.7049 GFLOP/s , average over ranks: 586.7046 GFLOP/s ) 
Thu Aug 08 18:59:33, Info:  Writing faultoutput at time 19.5.
Thu Aug 08 18:59:33, Info:  Writing faultoutput at time 19.5. Done.
Thu Aug 08 18:59:33, Info:  Writing energy output at time 19.5 
Thu Aug 08 18:59:33, Info:  Elastic energy (total, % kinematic, % potential):  3.39457e+16  , 8.38455  , 91.6154 
Thu Aug 08 18:59:33, Info:  Total momentum (X, Y, Z): 1.31981e+09  , 3.28749e+09  , -3.12582e+12 
Thu Aug 08 18:59:33, Info:  Frictional work (total, % static, % radiated):  3.46603e+16  , 77.9639  , 22.0361 
Thu Aug 08 18:59:33, Info:  Seismic moment (without plasticity): 1.66232e+20  Mw: 7.41048 
Thu Aug 08 18:59:33, Info:  Writing energy output at time 19.5 Done. 
Thu Aug 08 18:59:33, Info:  Time spent this phase (total): 26.8074 s (min: 26.8032 s, max: 26.8179 s)
Thu Aug 08 18:59:33, Info:  Time spent this phase (compute): 26.8073 s (min: 26.8032 s, max: 26.8178 s)
Thu Aug 08 18:59:33, Info:  Time spent this phase (IO): 51.4349 ms (min: 40.2644 ms, max: 76.1912 ms)
Thu Aug 08 18:59:33, Info:  Performance since the start: 9.3855 TFLOP/s (rank 0: 585.7216 GFLOP/s , average over ranks: 586.5961 GFLOP/s ) 
Thu Aug 08 18:59:33, Info:  Performance since last sync point: 9.3895 TFLOP/s (rank 0: 586.0482 GFLOP/s , average over ranks: 586.8437 GFLOP/s ) 
Thu Aug 08 19:00:00, Info:  Writing faultoutput at time 20.
Thu Aug 08 19:00:00, Info:  Writing faultoutput at time 20. Done.
Thu Aug 08 19:00:00, Info:  Writing free surface at time 20.
Thu Aug 08 19:00:00, Info:  Writing free surface at time 20. Done.
Thu Aug 08 19:00:00, Info:  Wrote receivers in 5.23e-07 seconds. 
Thu Aug 08 19:00:00, Info:  Writing energy output at time 20 
Thu Aug 08 19:00:00, Info:  Elastic energy (total, % kinematic, % potential):  3.4176e+16  , 8.08239  , 91.9176 
Thu Aug 08 19:00:00, Info:  Total momentum (X, Y, Z): -1.10576e+10  , 1.64096e+09  , -4.94469e+12 
Thu Aug 08 19:00:00, Info:  Frictional work (total, % static, % radiated):  3.49442e+16  , 78.4007  , 21.5993 
Thu Aug 08 19:00:00, Info:  Seismic moment (without plasticity): 1.67519e+20  Mw: 7.41271 
Thu Aug 08 19:00:00, Info:  Writing energy output at time 20 Done. 
Thu Aug 08 19:00:00, Info:  Time spent this phase (total): 26.7570 s (min: 26.7497 s, max: 26.7607 s)
Thu Aug 08 19:00:00, Info:  Time spent this phase (compute): 26.7569 s (min: 26.7496 s, max: 26.7606 s)
Thu Aug 08 19:00:00, Info:  Time spent this phase (IO): 51.2079 ms (min: 40.3736 ms, max: 79.6881 ms)
Thu Aug 08 19:00:00, Info:  Performance since the start: 9.3861 TFLOP/s (rank 0: 585.7553 GFLOP/s , average over ranks: 586.6298 GFLOP/s ) 
Thu Aug 08 19:00:00, Info:  Performance since last sync point: 9.4072 TFLOP/s (rank 0: 587.0731 GFLOP/s , average over ranks: 587.9487 GFLOP/s ) 
Thu Aug 08 19:00:00, Info:  Ignoring duplicate synchronisation point at time 20 ; the last sync point was at  20 
Thu Aug 08 19:00:00, Info:  Ignoring duplicate synchronisation point at time 20 ; the last sync point was at  20 
Thu Aug 08 19:00:00, Info:  Ignoring duplicate synchronisation point at time 20 ; the last sync point was at  20 
Thu Aug 08 19:00:00, Info:  Ignoring duplicate synchronisation point at time 20 ; the last sync point was at  20 
Thu Aug 08 19:00:00, Info:  Simulation time (total): 17 min 52.6867 s (min: 17 min 52.6432 s, max: 17 min 52.7125 s)
Thu Aug 08 19:00:00, Info:  Simulation time (compute): 17 min 50.5298 s (min: 17 min 49.0767 s, max: 17 min 51.0214 s)
Thu Aug 08 19:00:00, Info:  Simulation time (IO): 2.1511 s (min: 1.6816 s, max: 3.6062 s)
Thu Aug 08 19:00:00, Info:  Time spent in compute kernels: mean = 1010.67  std = 26.0658  min = 954.948  median = 1009.81  max = 1056.23 
Thu Aug 08 19:00:00, Info:  Load imbalance: 4.31335 % 
Thu Aug 08 19:00:00, Info:  Regression analysis of compute kernels: 
Thu Aug 08 19:00:00, Info:  "computeLocalIntegration" (total time): 4920.13 s ( = 1 h 22 min 127.2699 ms ) 
Thu Aug 08 19:00:00, Info:  "computeLocalIntegration" ( constant ): 1.9703e-05 (sample size: 5.14492e+06 , standard error: 4.68035e-12 ) 
Thu Aug 08 19:00:00, Info:  "computeLocalIntegration" ( per element ): 8.31509e-08 (sample size: 5.14492e+06 , standard error: 4.68035e-12 ) 
Thu Aug 08 19:00:00, Info:  "computeNeighboringIntegration" (total time): 5953.41 s ( = 1 h 39 min 13.4127 s ) 
Thu Aug 08 19:00:00, Info:  "computeNeighboringIntegration" ( constant ): 0.000132378 (sample size: 5.14492e+06 , standard error: 7.14673e-12 ) 
Thu Aug 08 19:00:00, Info:  "computeNeighboringIntegration" ( per element ): 9.09777e-08 (sample size: 5.14492e+06 , standard error: 7.14673e-12 ) 
Thu Aug 08 19:00:00, Info:  "computeDynamicRupture" (total time): 5297.2 s ( = 1 h 28 min 17.2010 s ) 
Thu Aug 08 19:00:00, Info:  "computeDynamicRupture" ( constant ): 8.25103e-05 (sample size: 4.03168e+06 , standard error: 4.00918e-11 ) 
Thu Aug 08 19:00:00, Info:  "computeDynamicRupture" ( per element ): 4.49256e-07 (sample size: 4.03168e+06 , standard error: 4.00918e-11 ) 
Thu Aug 08 19:00:00, Info:  "computePointSources" (total time): 0 s ( = 0.0000 s ) 
Thu Aug 08 19:00:00, Info:  "computePointSources" ( constant ): -nan (sample size: 0 , standard error: -nan ) 
Thu Aug 08 19:00:00, Info:  "computePointSources" ( per element ): -nan (sample size: 0 , standard error: -nan ) 
Thu Aug 08 19:00:00, Info:  Total time spent in compute kernels: 16170.7 s ( = 4 h 29 min 30.7409 s ) 
Thu Aug 08 19:00:00, Info:  Total calculated HW-FLOP:  10.0683 PFLOP 
Thu Aug 08 19:00:00, Info:  Total calculated NZ-FLOP:  4.0249 PFLOP 
Thu Aug 08 19:00:00, Info:  Total calculated HW-FLOP/s:  9.3858 TFLOP/s 
Thu Aug 08 19:00:00, Info:  Total calculated NZ-FLOP/s:  3.7521 TFLOP/s 
Thu Aug 08 19:00:00, Info:  WP calculated HW-FLOP:  8.3420 PFLOP 
Thu Aug 08 19:00:00, Info:  WP calculated NZ-FLOP:  2.7413 PFLOP 
Thu Aug 08 19:00:00, Info:  DR calculated HW-FLOP:  1.7263 PFLOP 
Thu Aug 08 19:00:00, Info:  DR calculated NZ-FLOP:  1.2836 PFLOP 
Thu Aug 08 19:00:00, Info:  PL calculated HW-FLOP:  0.0000 FLOP 
Thu Aug 08 19:00:00, Info:  PL calculated NZ-FLOP:  0.0000 FLOP 
Thu Aug 08 19:00:00, Info:  Time spent in simulation: 17 min 52.7130 s (min: 17 min 52.7128 s, max: 17 min 52.7139 s)
Thu Aug 08 19:00:00, Info:  Simulation done. 
Thu Aug 08 19:00:00, Info:  Closing IO. 
Thu Aug 08 19:00:01, Info:  Time free surface writer backend: 761.9683 ms (min: 4.5391 ms, max: 6.7270 s)
Thu Aug 08 19:00:01, Info:  Time fault writer backend: 4.2549 s (min: 2.0789 s, max: 25.4896 s)
Thu Aug 08 19:00:01, Info:  Time fault writer frontend: 45.8391 ms (min: 38.8113 ms, max: 50.7344 ms)
Thu Aug 08 19:00:01, Info:  Time free surface writer frontend: 3.5067 ms (min: 381.8680 s, max: 23.5736 ms)
Thu Aug 08 19:00:01, Info:  SeisSol done. Goodbye. 
/hppfs/scratch/01/di35poq/haiti-rupture-outputs/dynamic-rupture-outputs/outputs_tmp ~/haiti-rupture-inputs/dynamic-rupture/FL33-only
Writing hdf5 output with compression enabled (compression_level=4). 
Use --compression=0 if you want to speed-up data extraction.
ASl: 0it [00:00, ?it/s]ASl: 6it [00:00, 57.46it/s]ASl: 12it [00:00, 48.75it/s]ASl: 19it [00:00, 55.77it/s]ASl: 26it [00:00, 58.37it/s]ASl: 33it [00:00, 60.13it/s]ASl: 40it [00:00, 60.45it/s]ASl: 40it [00:00, 58.40it/s]
Sls: 0it [00:00, ?it/s]Sls: 4it [00:00, 31.25it/s]Sls: 8it [00:00, 33.33it/s]Sls: 12it [00:00, 26.27it/s]Sls: 16it [00:00, 25.77it/s]Sls: 20it [00:00, 27.70it/s]Sls: 24it [00:00, 30.07it/s]Sls: 28it [00:00, 31.58it/s]Sls: 32it [00:01, 32.35it/s]Sls: 36it [00:01, 32.79it/s]Sls: 40it [00:01, 33.08it/s]Sls: 40it [00:01, 30.85it/s]
Sld: 0it [00:00, ?it/s]Sld: 1it [00:00,  6.99it/s]Sld: 5it [00:00, 22.50it/s]Sld: 8it [00:00, 23.06it/s]Sld: 11it [00:00, 22.13it/s]Sld: 14it [00:00, 20.42it/s]Sld: 18it [00:00, 24.39it/s]Sld: 22it [00:00, 27.16it/s]Sld: 26it [00:01, 30.14it/s]Sld: 30it [00:01, 32.13it/s]Sld: 34it [00:01, 28.82it/s]Sld: 38it [00:01, 30.76it/s]Sld: 40it [00:01, 27.13it/s]
Ts0: 0it [00:00, ?it/s]Ts0: 1it [00:00,  7.46it/s]Ts0: 3it [00:00, 10.83it/s]Ts0: 5it [00:00,  9.07it/s]Ts0: 7it [00:00, 10.30it/s]Ts0: 9it [00:00,  9.52it/s]Ts0: 11it [00:01, 10.37it/s]Ts0: 13it [00:01, 10.73it/s]Ts0: 15it [00:01, 11.17it/s]Ts0: 17it [00:01, 11.21it/s]Ts0: 19it [00:01, 11.45it/s]Ts0: 21it [00:01, 11.32it/s]Ts0: 23it [00:02, 11.48it/s]Ts0: 25it [00:02, 11.39it/s]Ts0: 27it [00:02, 11.53it/s]Ts0: 29it [00:02, 11.64it/s]Ts0: 31it [00:02, 11.73it/s]Ts0: 33it [00:02, 11.80it/s]Ts0: 35it [00:03, 11.87it/s]Ts0: 37it [00:03, 11.93it/s]Ts0: 39it [00:03, 11.95it/s]Ts0: 40it [00:03, 11.23it/s]
Td0: 0it [00:00, ?it/s]Td0: 2it [00:00, 12.69it/s]Td0: 4it [00:00, 12.80it/s]Td0: 6it [00:00, 13.24it/s]Td0: 8it [00:00, 10.81it/s]Td0: 10it [00:00, 11.69it/s]Td0: 12it [00:01, 10.57it/s]Td0: 14it [00:01, 11.35it/s]Td0: 16it [00:01, 11.55it/s]Td0: 18it [00:01, 12.02it/s]Td0: 20it [00:01, 12.05it/s]Td0: 22it [00:01, 12.33it/s]Td0: 24it [00:02, 12.18it/s]Td0: 26it [00:02, 12.36it/s]Td0: 28it [00:02, 12.20it/s]Td0: 30it [00:02, 12.34it/s]Td0: 32it [00:02, 12.44it/s]Td0: 34it [00:02, 12.52it/s]Td0: 36it [00:02, 12.58it/s]Td0: 38it [00:03, 12.60it/s]Td0: 40it [00:03, 12.62it/s]Td0: 40it [00:03, 12.15it/s]
Pn0: 0it [00:00, ?it/s]Pn0: 2it [00:00, 11.17it/s]Pn0: 4it [00:00, 11.23it/s]Pn0: 6it [00:00, 11.61it/s]Pn0: 8it [00:00,  9.70it/s]Pn0: 10it [00:00, 10.40it/s]Pn0: 12it [00:01, 10.59it/s]Pn0: 14it [00:01, 10.94it/s]Pn0: 16it [00:01, 10.90it/s]Pn0: 18it [00:01, 11.08it/s]Pn0: 20it [00:01, 10.92it/s]Pn0: 22it [00:02, 11.03it/s]Pn0: 24it [00:02, 10.86it/s]Pn0: 26it [00:02, 10.97it/s]Pn0: 28it [00:02, 10.74it/s]Pn0: 30it [00:02, 10.89it/s]Pn0: 32it [00:02, 10.96it/s]Pn0: 34it [00:03, 11.03it/s]Pn0: 36it [00:03, 11.08it/s]Pn0: 38it [00:03, 11.11it/s]Pn0: 40it [00:03, 11.13it/s]Pn0: 40it [00:03, 10.92it/s]
T_s: 0it [00:00, ?it/s]T_s: 1it [00:00,  9.54it/s]T_s: 3it [00:00, 13.66it/s]T_s: 5it [00:00, 13.96it/s]T_s: 7it [00:00, 14.47it/s]T_s: 9it [00:00, 11.59it/s]T_s: 11it [00:00, 12.48it/s]T_s: 13it [00:01, 12.67it/s]T_s: 15it [00:01, 13.04it/s]T_s: 17it [00:01, 12.90it/s]T_s: 19it [00:01, 13.06it/s]T_s: 21it [00:01, 12.79it/s]T_s: 23it [00:01, 12.85it/s]T_s: 25it [00:02, 10.79it/s]T_s: 27it [00:02, 11.28it/s]T_s: 29it [00:02, 11.38it/s]T_s: 31it [00:02, 11.70it/s]T_s: 33it [00:02, 11.73it/s]T_s: 35it [00:02, 11.94it/s]T_s: 37it [00:03, 12.07it/s]T_s: 39it [00:03, 12.11it/s]T_s: 40it [00:03, 12.23it/s]
T_d: 0it [00:00, ?it/s]T_d: 2it [00:00, 15.83it/s]T_d: 4it [00:00, 14.82it/s]T_d: 6it [00:00, 15.07it/s]T_d: 8it [00:00, 14.53it/s]T_d: 10it [00:00, 14.58it/s]T_d: 12it [00:00, 13.95it/s]T_d: 14it [00:00, 13.97it/s]T_d: 16it [00:01, 12.14it/s]T_d: 18it [00:01, 12.56it/s]T_d: 20it [00:01, 12.52it/s]T_d: 22it [00:01, 12.72it/s]T_d: 24it [00:01, 12.43it/s]T_d: 26it [00:01, 12.59it/s]T_d: 28it [00:02, 12.43it/s]T_d: 30it [00:02, 12.55it/s]T_d: 32it [00:02, 12.34it/s]T_d: 34it [00:02, 12.44it/s]T_d: 36it [00:02, 12.49it/s]T_d: 38it [00:02, 12.49it/s]T_d: 40it [00:03, 12.51it/s]T_d: 40it [00:03, 12.92it/s]
P_n: 0it [00:00, ?it/s]P_n: 1it [00:00,  4.97it/s]P_n: 3it [00:00, 10.17it/s]P_n: 5it [00:00,  9.72it/s]P_n: 7it [00:00, 11.44it/s]P_n: 9it [00:00, 12.17it/s]P_n: 11it [00:00, 12.87it/s]P_n: 13it [00:01, 11.32it/s]P_n: 15it [00:01, 12.04it/s]P_n: 17it [00:01, 10.32it/s]P_n: 19it [00:01, 11.14it/s]P_n: 21it [00:01, 11.40it/s]P_n: 23it [00:02, 11.90it/s]P_n: 25it [00:02, 11.98it/s]P_n: 27it [00:02, 12.28it/s]P_n: 29it [00:02, 12.22it/s]P_n: 31it [00:02, 12.41it/s]P_n: 33it [00:02, 11.19it/s]P_n: 35it [00:03, 11.56it/s]P_n: 37it [00:03, 11.58it/s]P_n: 39it [00:03, 11.85it/s]P_n: 40it [00:03, 11.53it/s]
Mud: 0it [00:00, ?it/s]Mud: 4it [00:00, 27.93it/s]Mud: 8it [00:00, 29.43it/s]Mud: 16it [00:00, 45.16it/s]Mud: 24it [00:00, 43.19it/s]Mud: 32it [00:00, 49.49it/s]Mud: 40it [00:00, 55.75it/s]Mud: 40it [00:00, 48.31it/s]
done writing output_jobid_3490962_extracted-fault.h5
done writing output_jobid_3490962_extracted-fault.xdmf
full path: /hppfs/scratch/01/di35poq/haiti-rupture-outputs/dynamic-rupture-outputs/outputs_tmp/output_jobid_3490962_extracted-fault.xdmf
Writing hdf5 output with compression enabled (compression_level=4). 
Use --compression=0 if you want to speed-up data extraction.
u1: 0it [00:00, ?it/s]u1: 4it [00:00, 37.84it/s]u1: 15it [00:00, 78.28it/s]u1: 20it [00:00, 74.43it/s]
u2: 0it [00:00, ?it/s]u2: 1it [00:00,  8.62it/s]u2: 4it [00:00, 20.03it/s]u2: 14it [00:00, 54.32it/s]u2: 20it [00:00, 51.28it/s]
u3: 0it [00:00, ?it/s]u3: 1it [00:00,  8.21it/s]u3: 12it [00:00, 58.18it/s]u3: 20it [00:00, 62.81it/s]
done writing output_jobid_3490962_extracted-surface.h5
done writing output_jobid_3490962_extracted-surface.xdmf
full path: /hppfs/scratch/01/di35poq/haiti-rupture-outputs/dynamic-rupture-outputs/outputs_tmp/output_jobid_3490962_extracted-surface.xdmf
~/haiti-rupture-inputs/dynamic-rupture/FL33-only
