Error running function f [string "function f (x)..."]:15: attempt to compare nil with number
Error running function f [string "function f (x)..."]:15: attempt to compare nil with number
Error running function f [string "function f (x)..."]:15: attempt to compare nil with number
Error running function f [string "function f (x)..."]:15: attempt to compare nil with number
Error running function f [string "function f (x)..."]:15: attempt to compare nil with number
Error running function f [string "function f (x)..."]:15: attempt to compare nil with number
Error running function f [string "function f (x)..."]:15: attempt to compare nil with number
Error running function f [string "function f (x)..."]:15: attempt to compare nil with number
srun: error: i01r01c03s10: task 9: Aborted (core dumped)
srun: launch/slurm: _step_signal: Terminating StepId=3932930.0
srun: error: i01r01c03s11: task 10: Aborted (core dumped)
srun: error: i01r01c03s01: task 0: Aborted (core dumped)
srun: error: i01r01c03s12: task 11: Aborted (core dumped)
srun: error: i01r01c03s02: task 1: Aborted (core dumped)
srun: error: i01r01c03s04: task 3: Aborted (core dumped)
srun: error: i01r01c03s09: task 8: Aborted (core dumped)
srun: error: i01r01c03s03: task 2: Aborted (core dumped)
srun: error: i01r01c04s01: task 12: Terminated
srun: error: i01r01c03s08: task 7: Terminated
srun: error: i01r01c04s02: task 13: Terminated
srun: error: i01r01c04s03: task 14: Terminated
srun: error: i01r01c03s06: task 5: Terminated
srun: error: i01r01c04s04: task 15: Terminated
srun: error: i01r01c03s05: task 4: Terminated
srun: error: i01r01c03s07: task 6: Terminated
srun: Force Terminated StepId=3932930.0
cp: cannot create directory '/hppfs/scratch/01/di35poq/haiti-rupture-outputs/dynamic-rupture-outputs/variable_SH_max/jobid_3932930/logs': No such file or directory
/var/spool/slurm/job3932930/slurm_script: line 80: pushd: /hppfs/scratch/01/di35poq/haiti-rupture-outputs/dynamic-rupture-outputs/variable_SH_max/jobid_3932930: No such file or directory
Traceback (most recent call last):
  File "/dss/dsshome1/01/di35poq/.local/bin/seissol_output_extractor", line 8, in <module>
    sys.exit(main())
  File "/dss/dsshome1/01/di35poq/.local/lib/python3.8/site-packages/seissolxdmfwriter/seissol_output_extractor.py", line 143, in main
    sx = SeissolxdmfExtended(args.xdmfFilename)
  File "/dss/dsshome1/01/di35poq/.local/lib/python3.8/site-packages/seissolxdmf/seissolxdmf.py", line 14, in __init__
    with open (xdmfFilename, "r") as fid:
FileNotFoundError: [Errno 2] No such file or directory: 'output-surface.xdmf'
Traceback (most recent call last):
  File "/dss/dsshome1/01/di35poq/soft/calc-moment-rate_supermuc.py", line 30, in find_xdmffile_wahweap
    xdmfFile = glob.glob(datadir + '*/jobid_'+jobid+'*/*extracted-fault.xdmf')[0]
IndexError: list index out of range

During handling of the above exception, another exception occurred:

Traceback (most recent call last):
  File "/dss/dsshome1/01/di35poq/soft/calc-moment-rate_supermuc.py", line 211, in <module>
    generateMoment(jobid_list)
  File "/dss/dsshome1/01/di35poq/soft/calc-moment-rate_supermuc.py", line 87, in generateMoment
    xdmfFilename, momentCsvFile = find_xdmffile_wahweap(jobid)
  File "/dss/dsshome1/01/di35poq/soft/calc-moment-rate_supermuc.py", line 34, in find_xdmffile_wahweap
    xdmfFile = glob.glob(datadir + '*/jobid_'+jobid+'*/output-fault.xdmf')[0]
IndexError: list index out of range
Traceback (most recent call last):
  File "/dss/dsshome1/01/di35poq/soft/calc-R-rake_supermuc.py", line 83, in <module>
    jobdir, xdmfFile, momentCsvFile = find_xdmffile_wahweap(jobid)
  File "/dss/dsshome1/01/di35poq/soft/calc-R-rake_supermuc.py", line 32, in find_xdmffile_wahweap
    xdmfFile = glob.glob(datadir + '*/jobid_'+jobid+'*/output-fault.xdmf')[0]
IndexError: list index out of range
[0m[31m(   1.655s) [paraview        ]      vtkXdmfReader.cxx:253    ERR| vtkXdmfReader (0x2e85040): Error opening file output_jobid_3932930_extracted-fault.xdmf[0m
[0m[31m(   1.657s) [paraview        ]       vtkExecutive.cxx:729    ERR| vtkPVCompositeDataPipeline (0x2e94310): Algorithm vtkFileSeriesReader (0x2e91d80) returned failure for request: vtkInformation (0x2e93900)
  Debug: Off
  Modified Time: 92784
  Reference Count: 1
  Registered Events: (none)
  Request: REQUEST_DATA_OBJECT
  ALGORITHM_AFTER_FORWARD: 1
  FORWARD_DIRECTION: 0

[0m
[0m[31m(   1.657s) [paraview        ]      vtkXdmfReader.cxx:253    ERR| vtkXdmfReader (0x2e85040): Error opening file output_jobid_3932930_extracted-fault.xdmf[0m
[0m[31m(   1.657s) [paraview        ]       vtkExecutive.cxx:729    ERR| vtkPVCompositeDataPipeline (0x2e87ca0): Algorithm vtkXdmfReader (0x2e85040) returned failure for request: vtkInformation (0x2e86b50)
  Debug: Off
  Modified Time: 92671
  Reference Count: 1
  Registered Events: (none)
  Request: REQUEST_DATA_OBJECT
  ALGORITHM_AFTER_FORWARD: 1
  FORWARD_DIRECTION: 0

[0m
[0m[31m(   1.657s) [paraview        ]      vtkXdmfReader.cxx:253    ERR| vtkXdmfReader (0x2e85040): Error opening file output_jobid_3932930_extracted-fault.xdmf[0m
[0m[31m(   1.657s) [paraview        ]       vtkExecutive.cxx:729    ERR| vtkPVCompositeDataPipeline (0x2e87ca0): Algorithm vtkXdmfReader (0x2e85040) returned failure for request: vtkInformation (0x2e86b50)
  Debug: Off
  Modified Time: 92671
  Reference Count: 1
  Registered Events: (none)
  Request: REQUEST_DATA_OBJECT
  ALGORITHM_AFTER_FORWARD: 1
  FORWARD_DIRECTION: 0

[0m
[0m[31m(   1.658s) [paraview        ]      vtkXdmfReader.cxx:253    ERR| vtkXdmfReader (0x2e85040): Error opening file output_jobid_3932930_extracted-fault.xdmf[0m
[0m[31m(   1.658s) [paraview        ]       vtkExecutive.cxx:729    ERR| vtkPVCompositeDataPipeline (0x2e94310): Algorithm vtkFileSeriesReader (0x2e91d80) returned failure for request: vtkInformation (0x2e93900)
  Debug: Off
  Modified Time: 92784
  Reference Count: 1
  Registered Events: (none)
  Request: REQUEST_DATA_OBJECT
  ALGORITHM_AFTER_FORWARD: 1
  FORWARD_DIRECTION: 0

[0m
[0m[31m(   1.658s) [paraview        ]      vtkXdmfReader.cxx:253    ERR| vtkXdmfReader (0x2e85040): Error opening file output_jobid_3932930_extracted-fault.xdmf[0m
[0m[31m(   1.658s) [paraview        ]       vtkExecutive.cxx:729    ERR| vtkPVCompositeDataPipeline (0x2e87ca0): Algorithm vtkXdmfReader (0x2e85040) returned failure for request: vtkInformation (0x2e86b50)
  Debug: Off
  Modified Time: 92671
  Reference Count: 1
  Registered Events: (none)
  Request: REQUEST_DATA_OBJECT
  ALGORITHM_AFTER_FORWARD: 1
  FORWARD_DIRECTION: 0

[0m
[0m[31m(   1.658s) [paraview        ]      vtkXdmfReader.cxx:253    ERR| vtkXdmfReader (0x2e85040): Error opening file output_jobid_3932930_extracted-fault.xdmf[0m
[0m[31m(   1.658s) [paraview        ]       vtkExecutive.cxx:729    ERR| vtkPVCompositeDataPipeline (0x2e87ca0): Algorithm vtkXdmfReader (0x2e85040) returned failure for request: vtkInformation (0x2e86b50)
  Debug: Off
  Modified Time: 92671
  Reference Count: 1
  Registered Events: (none)
  Request: REQUEST_DATA_OBJECT
  ALGORITHM_AFTER_FORWARD: 1
  FORWARD_DIRECTION: 0

[0m
[0m[31m(   1.660s) [paraview        ]      vtkXdmfReader.cxx:253    ERR| vtkXdmfReader (0x2e85040): Error opening file output_jobid_3932930_extracted-fault.xdmf[0m
[0m[31m(   1.660s) [paraview        ]       vtkExecutive.cxx:729    ERR| vtkPVCompositeDataPipeline (0x2e94310): Algorithm vtkFileSeriesReader (0x2e91d80) returned failure for request: vtkInformation (0x2e93900)
  Debug: Off
  Modified Time: 92784
  Reference Count: 1
  Registered Events: (none)
  Request: REQUEST_DATA_OBJECT
  ALGORITHM_AFTER_FORWARD: 1
  FORWARD_DIRECTION: 0

[0m
[0m[31m(   1.660s) [paraview        ]      vtkXdmfReader.cxx:253    ERR| vtkXdmfReader (0x2e85040): Error opening file output_jobid_3932930_extracted-fault.xdmf[0m
[0m[31m(   1.660s) [paraview        ]       vtkExecutive.cxx:729    ERR| vtkPVCompositeDataPipeline (0x2e87ca0): Algorithm vtkXdmfReader (0x2e85040) returned failure for request: vtkInformation (0x2e86b50)
  Debug: Off
  Modified Time: 92671
  Reference Count: 1
  Registered Events: (none)
  Request: REQUEST_DATA_OBJECT
  ALGORITHM_AFTER_FORWARD: 1
  FORWARD_DIRECTION: 0

[0m
[0m[31m(   1.660s) [paraview        ]      vtkXdmfReader.cxx:253    ERR| vtkXdmfReader (0x2e85040): Error opening file output_jobid_3932930_extracted-fault.xdmf[0m
[0m[31m(   1.660s) [paraview        ]       vtkExecutive.cxx:729    ERR| vtkPVCompositeDataPipeline (0x2e87ca0): Algorithm vtkXdmfReader (0x2e85040) returned failure for request: vtkInformation (0x2e86b50)
  Debug: Off
  Modified Time: 92671
  Reference Count: 1
  Registered Events: (none)
  Request: REQUEST_DATA_OBJECT
  ALGORITHM_AFTER_FORWARD: 1
  FORWARD_DIRECTION: 0

[0m
[0m[31m(   1.756s) [paraview        ]      vtkXdmfReader.cxx:253    ERR| vtkXdmfReader (0x2e85040): Error opening file output_jobid_3932930_extracted-fault.xdmf[0m
[0m[31m(   1.756s) [paraview        ]       vtkExecutive.cxx:729    ERR| vtkPVCompositeDataPipeline (0x2e94310): Algorithm vtkFileSeriesReader (0x2e91d80) returned failure for request: vtkInformation (0x47a3610)
  Debug: Off
  Modified Time: 154805
  Reference Count: 1
  Registered Events: (none)
  Request: REQUEST_DATA_OBJECT
  FROM_OUTPUT_PORT: 0
  ALGORITHM_AFTER_FORWARD: 1
  FORWARD_DIRECTION: 0

[0m
[0m[31m(   1.756s) [paraview        ]      vtkXdmfReader.cxx:253    ERR| vtkXdmfReader (0x2e85040): Error opening file output_jobid_3932930_extracted-fault.xdmf[0m
[0m[31m(   1.756s) [paraview        ]       vtkExecutive.cxx:729    ERR| vtkPVCompositeDataPipeline (0x2e94310): Algorithm vtkFileSeriesReader (0x2e91d80) returned failure for request: vtkInformation (0x47a3610)
  Debug: Off
  Modified Time: 154805
  Reference Count: 1
  Registered Events: (none)
  Request: REQUEST_DATA_OBJECT
  FROM_OUTPUT_PORT: 0
  ALGORITHM_AFTER_FORWARD: 1
  FORWARD_DIRECTION: 0

[0m
[0m[33m(   1.900s) [paraview        ]vtkSMColorMapEditorHelp:772   WARN| Failed to determine the LookupTable being used.[0m
[0m[31m(   1.900s) [paraview        ]      vtkXdmfReader.cxx:253    ERR| vtkXdmfReader (0x2e85040): Error opening file output_jobid_3932930_extracted-fault.xdmf[0m
[0m[31m(   1.900s) [paraview        ]       vtkExecutive.cxx:729    ERR| vtkPVCompositeDataPipeline (0x2e94310): Algorithm vtkFileSeriesReader (0x2e91d80) returned failure for request: vtkInformation (0x5322150)
  Debug: Off
  Modified Time: 878731
  Reference Count: 1
  Registered Events: (none)
  Request: REQUEST_DATA_OBJECT
  FROM_OUTPUT_PORT: 0
  ALGORITHM_AFTER_FORWARD: 1
  FORWARD_DIRECTION: 0

[0m
[0m[31m(   1.901s) [paraview        ]       vtkExecutive.cxx:729    ERR| vtkCompositeDataPipeline (0x5287360): Algorithm vtkPVGeometryFilter (0x53ed4f0) returned failure for request: vtkInformation (0x5288300)
  Debug: Off
  Modified Time: 878735
  Reference Count: 1
  Registered Events: (none)
  Request: REQUEST_DATA_OBJECT
  FROM_OUTPUT_PORT: 0
  ALGORITHM_AFTER_FORWARD: 1
  FORWARD_DIRECTION: 0

[0m
[0m[31m(   1.901s) [paraview        ]      vtkXdmfReader.cxx:253    ERR| vtkXdmfReader (0x2e85040): Error opening file output_jobid_3932930_extracted-fault.xdmf[0m
[0m[31m(   1.901s) [paraview        ]       vtkExecutive.cxx:729    ERR| vtkPVCompositeDataPipeline (0x2e94310): Algorithm vtkFileSeriesReader (0x2e91d80) returned failure for request: vtkInformation (0x52455d0)
  Debug: Off
  Modified Time: 878799
  Reference Count: 1
  Registered Events: (none)
  Request: REQUEST_DATA_OBJECT
  FROM_OUTPUT_PORT: 0
  ALGORITHM_AFTER_FORWARD: 1
  FORWARD_DIRECTION: 0

[0m
[0m[31m(   1.901s) [paraview        ]       vtkExecutive.cxx:729    ERR| vtkCompositeDataPipeline (0x5262850): Algorithm vtkPVGeometryFilter (0x52331c0) returned failure for request: vtkInformation (0x5263920)
  Debug: Off
  Modified Time: 878804
  Reference Count: 1
  Registered Events: (none)
  Request: REQUEST_DATA_OBJECT
  FROM_OUTPUT_PORT: 0
  ALGORITHM_AFTER_FORWARD: 1
  FORWARD_DIRECTION: 0

[0m
[0m[31m(   1.901s) [paraview        ]      vtkXdmfReader.cxx:253    ERR| vtkXdmfReader (0x2e85040): Error opening file output_jobid_3932930_extracted-fault.xdmf[0m
[0m[31m(   1.901s) [paraview        ]       vtkExecutive.cxx:729    ERR| vtkPVCompositeDataPipeline (0x2e94310): Algorithm vtkFileSeriesReader (0x2e91d80) returned failure for request: vtkInformation (0x4cb85c0)
  Debug: Off
  Modified Time: 878862
  Reference Count: 1
  Registered Events: (none)
  Request: REQUEST_DATA_OBJECT
  FROM_OUTPUT_PORT: 0
  ALGORITHM_AFTER_FORWARD: 1
  FORWARD_DIRECTION: 0

[0m
[0m[31m(   1.910s) [paraview        ]       vtkExecutive.cxx:729    ERR| vtkCompositeDataPipeline (0x5287360): Algorithm vtkPVGeometryFilter (0x53ed4f0) returned failure for request: vtkInformation (0x5288300)
  Debug: Off
  Modified Time: 878735
  Reference Count: 1
  Registered Events: (none)
  Request: REQUEST_DATA_OBJECT
  FROM_OUTPUT_PORT: 0
  ALGORITHM_AFTER_FORWARD: 1
  FORWARD_DIRECTION: 0

[0m
[0m[31m(   1.910s) [paraview        ]       vtkExecutive.cxx:729    ERR| vtkCompositeDataPipeline (0x5262850): Algorithm vtkPVGeometryFilter (0x52331c0) returned failure for request: vtkInformation (0x5263920)
  Debug: Off
  Modified Time: 878804
  Reference Count: 1
  Registered Events: (none)
  Request: REQUEST_DATA_OBJECT
  FROM_OUTPUT_PORT: 0
  ALGORITHM_AFTER_FORWARD: 1
  FORWARD_DIRECTION: 0

[0m
[0m[33m(   1.910s) [paraview        ]vtkSMColorMapEditorHelp:772   WARN| Failed to determine the LookupTable being used.[0m
[0m[31m(   1.910s) [paraview        ]       vtkExecutive.cxx:729    ERR| vtkCompositeDataPipeline (0x5287360): Algorithm vtkPVGeometryFilter (0x53ed4f0) returned failure for request: vtkInformation (0x5288300)
  Debug: Off
  Modified Time: 878735
  Reference Count: 1
  Registered Events: (none)
  Request: REQUEST_DATA_OBJECT
  FROM_OUTPUT_PORT: 0
  ALGORITHM_AFTER_FORWARD: 1
  FORWARD_DIRECTION: 0

[0m
[0m[31m(   1.910s) [paraview        ]       vtkExecutive.cxx:729    ERR| vtkCompositeDataPipeline (0x5262850): Algorithm vtkPVGeometryFilter (0x52331c0) returned failure for request: vtkInformation (0x5263920)
  Debug: Off
  Modified Time: 878804
  Reference Count: 1
  Registered Events: (none)
  Request: REQUEST_DATA_OBJECT
  FROM_OUTPUT_PORT: 0
  ALGORITHM_AFTER_FORWARD: 1
  FORWARD_DIRECTION: 0

[0m
[0m[31m(   1.916s) [paraview        ]      vtkXdmfReader.cxx:253    ERR| vtkXdmfReader (0x2e85040): Error opening file output_jobid_3932930_extracted-fault.xdmf[0m
[0m[31m(   1.916s) [paraview        ]       vtkExecutive.cxx:729    ERR| vtkPVCompositeDataPipeline (0x2e94310): Algorithm vtkFileSeriesReader (0x2e91d80) returned failure for request: vtkInformation (0x5bcfa60)
  Debug: Off
  Modified Time: 882178
  Reference Count: 1
  Registered Events: (none)
  Request: REQUEST_DATA_OBJECT
  FROM_OUTPUT_PORT: 0
  ALGORITHM_AFTER_FORWARD: 1
  FORWARD_DIRECTION: 0

[0m
[0m[31m(   1.917s) [paraview        ]      vtkXdmfReader.cxx:253    ERR| vtkXdmfReader (0x2e85040): Error opening file output_jobid_3932930_extracted-fault.xdmf[0m
[0m[31m(   1.917s) [paraview        ]       vtkExecutive.cxx:729    ERR| vtkPVCompositeDataPipeline (0x2e94310): Algorithm vtkFileSeriesReader (0x2e91d80) returned failure for request: vtkInformation (0x5bf9570)
  Debug: Off
  Modified Time: 882360
  Reference Count: 1
  Registered Events: (none)
  Request: REQUEST_DATA_OBJECT
  FROM_OUTPUT_PORT: 0
  ALGORITHM_AFTER_FORWARD: 1
  FORWARD_DIRECTION: 0

[0m
[0m[31m(   1.917s) [paraview        ]      vtkXdmfReader.cxx:253    ERR| vtkXdmfReader (0x2e85040): Error opening file output_jobid_3932930_extracted-fault.xdmf[0m
[0m[31m(   1.917s) [paraview        ]       vtkExecutive.cxx:729    ERR| vtkPVCompositeDataPipeline (0x2e94310): Algorithm vtkFileSeriesReader (0x2e91d80) returned failure for request: vtkInformation (0x5bf9570)
  Debug: Off
  Modified Time: 882360
  Reference Count: 1
  Registered Events: (none)
  Request: REQUEST_DATA_OBJECT
  FROM_OUTPUT_PORT: 0
  ALGORITHM_AFTER_FORWARD: 1
  FORWARD_DIRECTION: 0

[0m
[0m[31m(   2.031s) [paraview        ]      vtkXdmfReader.cxx:253    ERR| vtkXdmfReader (0x2e85040): Error opening file output_jobid_3932930_extracted-fault.xdmf[0m
[0m[31m(   2.031s) [paraview        ]       vtkExecutive.cxx:729    ERR| vtkPVCompositeDataPipeline (0x2e94310): Algorithm vtkFileSeriesReader (0x2e91d80) returned failure for request: vtkInformation (0x5bf9570)
  Debug: Off
  Modified Time: 882360
  Reference Count: 1
  Registered Events: (none)
  Request: REQUEST_DATA_OBJECT
  FROM_OUTPUT_PORT: 0
  ALGORITHM_AFTER_FORWARD: 1
  FORWARD_DIRECTION: 0

[0m
[0m[31m(   2.031s) [paraview        ]      vtkXdmfReader.cxx:253    ERR| vtkXdmfReader (0x2e85040): Error opening file output_jobid_3932930_extracted-fault.xdmf[0m
[0m[31m(   2.031s) [paraview        ]       vtkExecutive.cxx:729    ERR| vtkPVCompositeDataPipeline (0x2e94310): Algorithm vtkFileSeriesReader (0x2e91d80) returned failure for request: vtkInformation (0x5bf9570)
  Debug: Off
  Modified Time: 882360
  Reference Count: 1
  Registered Events: (none)
  Request: REQUEST_DATA_OBJECT
  FROM_OUTPUT_PORT: 0
  ALGORITHM_AFTER_FORWARD: 1
  FORWARD_DIRECTION: 0

[0m
[0m[33m(   2.042s) [paraview        ]vtkSMColorMapEditorHelp:772   WARN| Failed to determine the LookupTable being used.[0m
[0m[33m(   2.048s) [paraview        ]vtkSMColorMapEditorHelp:170   WARN| Could not determine array range.[0m
[0m[33m(   2.048s) [paraview        ]vtkSMColorMapEditorHelp:170   WARN| Could not determine array range.[0m
[0m[31m(   2.059s) [paraview        ]      vtkXdmfReader.cxx:253    ERR| vtkXdmfReader (0x2e85040): Error opening file output_jobid_3932930_extracted-fault.xdmf[0m
[0m[31m(   2.059s) [paraview        ]       vtkExecutive.cxx:729    ERR| vtkPVCompositeDataPipeline (0x2e94310): Algorithm vtkFileSeriesReader (0x2e91d80) returned failure for request: vtkInformation (0x6a74720)
  Debug: Off
  Modified Time: 1029676
  Reference Count: 1
  Registered Events: (none)
  Request: REQUEST_DATA_OBJECT
  FROM_OUTPUT_PORT: 0
  ALGORITHM_AFTER_FORWARD: 1
  FORWARD_DIRECTION: 0

[0m
[0m[31m(   2.060s) [paraview        ]      vtkXdmfReader.cxx:253    ERR| vtkXdmfReader (0x2e85040): Error opening file output_jobid_3932930_extracted-fault.xdmf[0m
[0m[31m(   2.060s) [paraview        ]       vtkExecutive.cxx:729    ERR| vtkPVCompositeDataPipeline (0x2e94310): Algorithm vtkFileSeriesReader (0x2e91d80) returned failure for request: vtkInformation (0x6ae7320)
  Debug: Off
  Modified Time: 1029858
  Reference Count: 1
  Registered Events: (none)
  Request: REQUEST_DATA_OBJECT
  FROM_OUTPUT_PORT: 0
  ALGORITHM_AFTER_FORWARD: 1
  FORWARD_DIRECTION: 0

[0m
[0m[31m(   2.060s) [paraview        ]      vtkXdmfReader.cxx:253    ERR| vtkXdmfReader (0x2e85040): Error opening file output_jobid_3932930_extracted-fault.xdmf[0m
[0m[31m(   2.060s) [paraview        ]       vtkExecutive.cxx:729    ERR| vtkPVCompositeDataPipeline (0x2e94310): Algorithm vtkFileSeriesReader (0x2e91d80) returned failure for request: vtkInformation (0x6ae7320)
  Debug: Off
  Modified Time: 1029858
  Reference Count: 1
  Registered Events: (none)
  Request: REQUEST_DATA_OBJECT
  FROM_OUTPUT_PORT: 0
  ALGORITHM_AFTER_FORWARD: 1
  FORWARD_DIRECTION: 0

[0m
[0m[31m(   2.172s) [paraview        ]      vtkXdmfReader.cxx:253    ERR| vtkXdmfReader (0x2e85040): Error opening file output_jobid_3932930_extracted-fault.xdmf[0m
[0m[31m(   2.172s) [paraview        ]       vtkExecutive.cxx:729    ERR| vtkPVCompositeDataPipeline (0x2e94310): Algorithm vtkFileSeriesReader (0x2e91d80) returned failure for request: vtkInformation (0x6ae7320)
  Debug: Off
  Modified Time: 1029858
  Reference Count: 1
  Registered Events: (none)
  Request: REQUEST_DATA_OBJECT
  FROM_OUTPUT_PORT: 0
  ALGORITHM_AFTER_FORWARD: 1
  FORWARD_DIRECTION: 0

[0m
[0m[31m(   2.172s) [paraview        ]      vtkXdmfReader.cxx:253    ERR| vtkXdmfReader (0x2e85040): Error opening file output_jobid_3932930_extracted-fault.xdmf[0m
[0m[31m(   2.172s) [paraview        ]       vtkExecutive.cxx:729    ERR| vtkPVCompositeDataPipeline (0x2e94310): Algorithm vtkFileSeriesReader (0x2e91d80) returned failure for request: vtkInformation (0x6ae7320)
  Debug: Off
  Modified Time: 1029858
  Reference Count: 1
  Registered Events: (none)
  Request: REQUEST_DATA_OBJECT
  FROM_OUTPUT_PORT: 0
  ALGORITHM_AFTER_FORWARD: 1
  FORWARD_DIRECTION: 0

[0m
[0m[31m(   2.182s) [paraview        ]      vtkXdmfReader.cxx:253    ERR| vtkXdmfReader (0x2e85040): Error opening file output_jobid_3932930_extracted-fault.xdmf[0m
[0m[31m(   2.182s) [paraview        ]       vtkExecutive.cxx:729    ERR| vtkPVCompositeDataPipeline (0x2e94310): Algorithm vtkFileSeriesReader (0x2e91d80) returned failure for request: vtkInformation (0x6ae7320)
  Debug: Off
  Modified Time: 1029858
  Reference Count: 1
  Registered Events: (none)
  Request: REQUEST_DATA_OBJECT
  FROM_OUTPUT_PORT: 0
  ALGORITHM_AFTER_FORWARD: 1
  FORWARD_DIRECTION: 0

[0m
[0m[31m(   2.182s) [paraview        ]      vtkXdmfReader.cxx:253    ERR| vtkXdmfReader (0x2e85040): Error opening file output_jobid_3932930_extracted-fault.xdmf[0m
[0m[31m(   2.182s) [paraview        ]       vtkExecutive.cxx:729    ERR| vtkPVCompositeDataPipeline (0x2e94310): Algorithm vtkFileSeriesReader (0x2e91d80) returned failure for request: vtkInformation (0x6ae7320)
  Debug: Off
  Modified Time: 1029858
  Reference Count: 1
  Registered Events: (none)
  Request: REQUEST_DATA_OBJECT
  FROM_OUTPUT_PORT: 0
  ALGORITHM_AFTER_FORWARD: 1
  FORWARD_DIRECTION: 0

[0m
[0m[31m(   2.186s) [paraview        ]      vtkXdmfReader.cxx:253    ERR| vtkXdmfReader (0x2e85040): Error opening file output_jobid_3932930_extracted-fault.xdmf[0m
[0m[31m(   2.186s) [paraview        ]       vtkExecutive.cxx:729    ERR| vtkPVCompositeDataPipeline (0x2e94310): Algorithm vtkFileSeriesReader (0x2e91d80) returned failure for request: vtkInformation (0x6b18310)
  Debug: Off
  Modified Time: 1171868
  Reference Count: 1
  Registered Events: (none)
  Request: REQUEST_DATA_OBJECT
  FROM_OUTPUT_PORT: 0
  ALGORITHM_AFTER_FORWARD: 1
  FORWARD_DIRECTION: 0

[0m
[0m[31m(   2.186s) [paraview        ]      vtkXdmfReader.cxx:253    ERR| vtkXdmfReader (0x2e85040): Error opening file output_jobid_3932930_extracted-fault.xdmf[0m
[0m[31m(   2.186s) [paraview        ]       vtkExecutive.cxx:729    ERR| vtkPVCompositeDataPipeline (0x2e94310): Algorithm vtkFileSeriesReader (0x2e91d80) returned failure for request: vtkInformation (0x6b18310)
  Debug: Off
  Modified Time: 1171868
  Reference Count: 1
  Registered Events: (none)
  Request: REQUEST_DATA_OBJECT
  FROM_OUTPUT_PORT: 0
  ALGORITHM_AFTER_FORWARD: 1
  FORWARD_DIRECTION: 0

[0m
Traceback (most recent call last):
  File "/dss/dsshome1/01/di35poq/soft/plot_initial_stress_profile.py", line 58, in <module>
    data = pd.read_csv(csvfile)
  File "/dss/dsshome1/01/di35poq/.local/lib/python3.8/site-packages/pandas/io/parsers/readers.py", line 912, in read_csv
    return _read(filepath_or_buffer, kwds)
  File "/dss/dsshome1/01/di35poq/.local/lib/python3.8/site-packages/pandas/io/parsers/readers.py", line 577, in _read
    parser = TextFileReader(filepath_or_buffer, **kwds)
  File "/dss/dsshome1/01/di35poq/.local/lib/python3.8/site-packages/pandas/io/parsers/readers.py", line 1407, in __init__
    self._engine = self._make_engine(f, self.engine)
  File "/dss/dsshome1/01/di35poq/.local/lib/python3.8/site-packages/pandas/io/parsers/readers.py", line 1679, in _make_engine
    return mapping[engine](f, **self.options)
  File "/dss/dsshome1/01/di35poq/.local/lib/python3.8/site-packages/pandas/io/parsers/c_parser_wrapper.py", line 93, in __init__
    self._reader = parsers.TextReader(src, **kwds)
  File "pandas/_libs/parsers.pyx", line 557, in pandas._libs.parsers.TextReader.__cinit__
pandas.errors.EmptyDataError: No columns to parse from file
/var/spool/slurm/job3932930/slurm_script: line 95: popd: directory stack empty
cp: target '/hppfs/scratch/01/di35poq/haiti-rupture-outputs/dynamic-rupture-outputs/variable_SH_max/jobid_3932930/logs/' is not a directory
