Fri Jun 21 12:08:33, Info:  Using the parameter file parameters.par 
Fri Jun 21 12:08:33, Info:  Reading SeisSol parameter file... 
Fri Jun 21 12:08:33, Info:  In your parameter file, you have specified a non-positive interval for "checkpointinterval" . This mechanism is deprecated and may be removed in a future version of SeisSol. Consider disabling the whole module by setting "checkpoint" to 0 instead by adding "checkpoint = 0" to the "output" section of your parameter file instead. 
Fri Jun 21 12:08:33, Info:  The field "printintervalcriterion" is no longer in use. You may safely remove it from your parameters file. 
Fri Jun 21 12:08:33, Info:  The field "printintervalcriterion" is no longer in use. You may safely remove it from your parameters file. 
Fri Jun 21 12:08:33, Info:  The field "pickdttype" is no longer in use. You may safely remove it from your parameters file. 
Fri Jun 21 12:08:33, Info:  The field "faultoutputflag" is no longer in use. You may safely remove it from your parameters file. 
Fri Jun 21 12:08:33, Info:  The field "boundaries" is no longer in use. You may safely remove it from your parameters file. 
Fri Jun 21 12:08:33, Info:  SeisSol parameter file read successfully. 
Fri Jun 21 12:08:33, Info:  Model information: 
Fri Jun 21 12:08:33, Info:  Elastic model: yes 
Fri Jun 21 12:08:33, Info:  Viscoelastic model: no 
Fri Jun 21 12:08:33, Info:  Anelastic model: no 
Fri Jun 21 12:08:33, Info:  Poroelastic model: no 
Fri Jun 21 12:08:33, Info:  Anisotropic model: no 
Fri Jun 21 12:08:33, Info:  Plasticity: no 
Fri Jun 21 12:08:33, Info:  Welcome to SeisSol 
Fri Jun 21 12:08:33, Info:  Copyright (c) 2012 - 2024  SeisSol Group 
Fri Jun 21 12:08:33, Info:  Version: v1.1.4-148-g60aedc8c (dirty) 
Fri Jun 21 12:08:33, Info:  Built on: Jun 17 2024 21:03:35 
Fri Jun 21 12:08:33, Info:  Last commit: 60aedc8c2ae0a5d9e5a46cc3a40e4eaf1c047225 at 2024-06-06T12:54:08+00:00 
Fri Jun 21 12:08:33, Info:  Compiled with HOST_ARCH = skx 
Fri Jun 21 12:08:33, Info:  Running on (rank=0): "i01r01c01s02" 
Fri Jun 21 12:08:33, Info:  Using MPI with #ranks: 16 
Fri Jun 21 12:08:33, Info:  Node-wide (shared memory) MPI with #ranks/node: 1 
Fri Jun 21 12:08:33, Info:  Using asynchronous MPI routines. 
Fri Jun 21 12:08:33, Info:  Using OMP with #threads/rank: 94 
Fri Jun 21 12:08:33, Info:  OpenMP worker affinity (this process): "0123456789|0123456789|0123456789|0123456789|0123456-89|0123456789|0123456789|0123456789|0123456789|01234-" 
Fri Jun 21 12:08:33, Info:  OpenMP worker affinity (this node)   : "0123456789|0123456789|0123456789|0123456789|0123456-89|0123456789|0123456789|0123456789|0123456789|01234-" 
Fri Jun 21 12:08:33, Info:  Using a communication thread for advancing MPI communication. 
Fri Jun 21 12:08:33, Info:  Communication thread affinity        : "----------|----------|----------|----------|-------7--|----------|----------|----------|----------|-----5" 
Fri Jun 21 12:08:33, Info:  The stack size ulimit is 2097152 [kiB] ( = 2.0000 GiB ). 
Fri Jun 21 12:08:33, Info:  Begin init mesh. 
Fri Jun 21 12:08:33, Info:  Mesh file: "/dss/dsshome1/01/di35poq/mesh/mesh_v07/Haiti_v07_lowres" 
Fri Jun 21 12:08:33, Info:  Running mini SeisSol to determine node weights. 
Fri Jun 21 12:08:33, Info:  miniSeisSol configured with 50000 elements and 10 repeats per process 
Fri Jun 21 12:08:33, Info:  Node weights: mean = 41.3382  std = 0.4343  min = 39.9894  median = 41.4173  max = 41.8915 
Fri Jun 21 12:08:33, Info:  Reading PUML mesh 
Fri Jun 21 12:08:33, Info:  Inferring boundary format. 
Fri Jun 21 12:08:33, Info:  Boundary format not given in PUML file; inferring from array shape. 
Fri Jun 21 12:08:33, Info:  Using boundary format: i32 (4xi8) 
Fri Jun 21 12:08:33, Info:  Found 2685422 cells 
Fri Jun 21 12:08:33, Info:  Found 477078 vertices 
Fri Jun 21 12:08:35, Info:  Computing LTS weights. 
Fri Jun 21 12:08:38, Info:  Limiting number of clusters to 2147483646 
Fri Jun 21 12:08:38, Info:  Computing LTS weights. Done.  (108216 reductions.)
Fri Jun 21 12:08:38, Info:  Using the Parmetis partition library and strategy. 
Fri Jun 21 12:08:41, Info:  PUML mesh read in: 8.0096 s (min: 7.9376 s, max: 8.2117 s)
Fri Jun 21 12:08:41, Info:  The mesh has been read. Starting post processing. 
Fri Jun 21 12:08:41, Info:  Extracting fault information. 
Fri Jun 21 12:08:41, Info:  Exchanging ghostlayer metadata. 
Fri Jun 21 12:08:43, Info:  Mesh initialized in: 9.9718 s (min: 9.9715 s, max: 9.9723 s)
Fri Jun 21 12:08:43, Info:  End init mesh. 
Fri Jun 21 12:08:43, Info:  Begin init model. 
Fri Jun 21 12:08:43, Info:  Initialize LTS. 
Fri Jun 21 12:08:43, Info:  Deriving clusters ids for min. time step width / multiRate: 0.000213316 / 2 
Fri Jun 21 12:08:43, Info:  Due to wiggle factor of 1 the minimum timestep size is reduced to 0.000213316 
Fri Jun 21 12:08:43, Info:  Number of elements in time clusters: 
Fri Jun 21 12:08:43, Info:  0: 2088 
Fri Jun 21 12:08:43, Info:  1: 265401 
Fri Jun 21 12:08:43, Info:  2: 1618976 
Fri Jun 21 12:08:43, Info:  3: 538212 
Fri Jun 21 12:08:43, Info:  4: 147352 
Fri Jun 21 12:08:43, Info:  5: 35652 
Fri Jun 21 12:08:43, Info:  6: 11329 
Fri Jun 21 12:08:43, Info:  7: 18592 
Fri Jun 21 12:08:43, Info:  8: 47781 
Fri Jun 21 12:08:43, Info:  9: 39 
Fri Jun 21 12:08:43, Info:  maximum theoretical speedup (compared to GTS): 6.4313 per cell LTS, 4.34786 with the used clustering. 
Fri Jun 21 12:08:43, Info:  Number of elements in dynamic rupture time clusters: 
Fri Jun 21 12:08:43, Info:  0 (dr): 619 
Fri Jun 21 12:08:43, Info:  1 (dr): 78802 
Fri Jun 21 12:08:43, Info:  2 (dr): 309942 
Fri Jun 21 12:08:43, Info:  3 (dr): 2509 
Fri Jun 21 12:08:43, Info:  4 (dr): 0 
Fri Jun 21 12:08:43, Info:  5 (dr): 0 
Fri Jun 21 12:08:43, Info:  6 (dr): 0 
Fri Jun 21 12:08:43, Info:  7 (dr): 0 
Fri Jun 21 12:08:43, Info:  8 (dr): 0 
Fri Jun 21 12:08:43, Info:  9 (dr): 0 
Fri Jun 21 12:08:43, Info:  Initialize Friction Model 
Fri Jun 21 12:08:43, Info:  Initialize cell material parameters. 
Fri Jun 21 12:08:45, Info:  Initialize Memory layout. 
Fri Jun 21 12:08:45, Info:  Initialize cell-local matrices. 
Fri Jun 21 12:08:45, Info:  Initializing Fault, using a quadrature rule with  25  points. 
Fri Jun 21 12:08:48, Info:  Model initialized in: 4.8826 s (min: 4.8807 s, max: 4.8865 s)
Fri Jun 21 12:08:48, Info:  End init model. 
Fri Jun 21 12:08:48, Info:  Setting initial conditions. 
Fri Jun 21 12:08:48, Info:  Using initial condition "Zero" . 
Fri Jun 21 12:08:48, Info:  Reading source. 
Fri Jun 21 12:08:48, Info:  No source term specified. 
Fri Jun 21 12:08:48, Info:  Setting up boundary conditions. 
Fri Jun 21 12:08:48, Info:  Begin init output. 
Fri Jun 21 12:08:48, Info:  Initializing free surface integrator. 
Fri Jun 21 12:08:48, Info:  Initializing free surface integrator. Done. 
Fri Jun 21 12:08:48, Info:  Enabling 2D fault output 
Fri Jun 21 12:08:48, Info:  Initializing Fault output. Number of sub-triangles: 4 
Fri Jun 21 12:08:48, Info:  Initializing XDMF fault output. 
Fri Jun 21 12:08:48, Info:  Fault writer thread affinity: "----------|----------|----------|----------|-------7--|----------|----------|----------|----------|-----5" 
Fri Jun 21 12:08:48, Info:  Initializing XDMF fault output. Done. 
Fri Jun 21 12:08:48, Info:  Wave field writer thread affinity: "----------|----------|----------|----------|-------7--|----------|----------|----------|----------|-----5" 
Fri Jun 21 12:08:48, Info:  Initializing XDMF wave field output. 
Fri Jun 21 12:08:48, Info:  Refinement is turned off. 
Fri Jun 21 12:08:48, Info:  Refinement class initialized 
Fri Jun 21 12:08:48, Info:  VariableSubsampler initialized 
Fri Jun 21 12:08:48, Info:  High order output initialized 
Fri Jun 21 12:08:48, Info:  Initializing XDMF wave field output. Done. 
Fri Jun 21 12:08:48, Info:  Initializing free surface output. 
Fri Jun 21 12:08:48, Info:  Free surface writer thread affinity: "----------|----------|----------|----------|-------7--|----------|----------|----------|----------|-----5" 
Fri Jun 21 12:08:49, Info:  Initializing free surface output. Done. 
Fri Jun 21 12:08:49, Info:  No record points read. 
Fri Jun 21 12:08:49, Info:  Finding meshIds for receivers... 
Fri Jun 21 12:08:49, Info:  Cleaning possible double occurring receivers for MPI... 
Fri Jun 21 12:08:49, Info:  Mapping receivers to LTS cells... 
Fri Jun 21 12:08:49, Info:  Initializing energy output. 
Fri Jun 21 12:08:49, Info:  End init output. 
Fri Jun 21 12:08:49, Info:  Finishing initialization... 
Fri Jun 21 12:08:49, Info:  Starting simulation. 
Fri Jun 21 12:08:49, Info:  Writing faultoutput at time 0.
Fri Jun 21 12:08:49, Info:  Writing faultoutput at time 0. Done.
Fri Jun 21 12:08:49, Info:  Waiting for last wave field. 
Fri Jun 21 12:08:49, Info:  Writing wave field at time 0.
Fri Jun 21 12:08:49, Info:  Writing wave field at time 0. Done.
Fri Jun 21 12:08:49, Info:  Writing free surface at time 0.
Fri Jun 21 12:08:49, Info:  Writing free surface at time 0. Done.
Fri Jun 21 12:08:49, Info:  Writing energy output at time 0 
Fri Jun 21 12:08:49, Info:  Total momentum (X, Y, Z): 0  , 0  , 0 
Fri Jun 21 12:08:49, Info:  Writing energy output at time 0 Done. 
Fri Jun 21 12:08:49, Info:  Time spent for initial IO: 60.9528 ms (min: 50.2563 ms, max: 88.1014 ms)
Fri Jun 21 12:09:17, Info:  Writing faultoutput at time 0.5.
Fri Jun 21 12:09:17, Info:  Writing faultoutput at time 0.5. Done.
Fri Jun 21 12:09:17, Info:  Writing energy output at time 0.5 
Fri Jun 21 12:09:17, Info:  Elastic energy (total, % kinematic, % potential):  2.50891e+16  , 47.7514  , 52.2486 
Fri Jun 21 12:09:17, Info:  Total momentum (X, Y, Z): 1.23438  , 2.35938  , -5.1875 
Fri Jun 21 12:09:17, Info:  Frictional work (total, % static, % radiated):  2.64964e+16  , 19.3877  , 80.6123 
Fri Jun 21 12:09:17, Info:  Seismic moment (without plasticity): 6.56408e+19  Mw: 7.14145 
Fri Jun 21 12:09:17, Info:  Writing energy output at time 0.5 Done. 
Fri Jun 21 12:09:17, Info:  Time spent this phase (total): 28.1679 s (min: 28.1385 s, max: 28.2084 s)
Fri Jun 21 12:09:17, Info:  Time spent this phase (compute): 28.1069 s (min: 28.0854 s, max: 28.1248 s)
Fri Jun 21 12:09:17, Info:  Time spent this phase (IO): 49.6112 ms (min: 39.5083 ms, max: 76.3148 ms)
Fri Jun 21 12:09:17, Info:  Performance since the start: 8.9349 TFLOP/s (rank 0: 563.3468 GFLOP/s , average over ranks: 558.4322 GFLOP/s ) 
Fri Jun 21 12:09:17, Info:  Performance since last sync point: 8.9349 TFLOP/s (rank 0: 563.3468 GFLOP/s , average over ranks: 558.4322 GFLOP/s ) 
Fri Jun 21 12:09:45, Info:  Writing faultoutput at time 1.
Fri Jun 21 12:09:45, Info:  Writing faultoutput at time 1. Done.
Fri Jun 21 12:09:45, Info:  Writing energy output at time 1 
Fri Jun 21 12:09:45, Info:  Elastic energy (total, % kinematic, % potential):  2.44731e+16  , 45.0731  , 54.9269 
Fri Jun 21 12:09:45, Info:  Total momentum (X, Y, Z): 67.9688  , 36.2188  , -67.5 
Fri Jun 21 12:09:45, Info:  Frictional work (total, % static, % radiated):  2.8269e+16  , 6.61475  , 93.3853 
Fri Jun 21 12:09:45, Info:  Seismic moment (without plasticity): 8.03441e+19  Mw: 7.19997 
Fri Jun 21 12:09:45, Info:  Writing energy output at time 1 Done. 
Fri Jun 21 12:09:45, Info:  Time spent this phase (total): 28.1599 s (min: 28.1361 s, max: 28.1760 s)
Fri Jun 21 12:09:45, Info:  Time spent this phase (compute): 28.1598 s (min: 28.1357 s, max: 28.1759 s)
Fri Jun 21 12:09:45, Info:  Time spent this phase (IO): 48.4364 ms (min: 39.4502 ms, max: 67.9413 ms)
Fri Jun 21 12:09:45, Info:  Performance since the start: 8.9362 TFLOP/s (rank 0: 564.0698 GFLOP/s , average over ranks: 558.5111 GFLOP/s ) 
Fri Jun 21 12:09:45, Info:  Performance since last sync point: 8.9374 TFLOP/s (rank 0: 564.7946 GFLOP/s , average over ranks: 558.5902 GFLOP/s ) 
Fri Jun 21 12:10:11, Info:  Writing faultoutput at time 1.5.
Fri Jun 21 12:10:11, Info:  Writing faultoutput at time 1.5. Done.
Fri Jun 21 12:10:11, Info:  Writing energy output at time 1.5 
Fri Jun 21 12:10:11, Info:  Elastic energy (total, % kinematic, % potential):  2.23472e+16  , 43.7919  , 56.2081 
Fri Jun 21 12:10:11, Info:  Total momentum (X, Y, Z): 133.938  , -19.8125  , -122.938 
Fri Jun 21 12:10:11, Info:  Frictional work (total, % static, % radiated):  2.827e+16  , 8.26208  , 91.7379 
Fri Jun 21 12:10:11, Info:  Seismic moment (without plasticity): 8.04014e+19  Mw: 7.20018 
Fri Jun 21 12:10:11, Info:  Writing energy output at time 1.5 Done. 
Fri Jun 21 12:10:11, Info:  Time spent this phase (total): 26.2889 s (min: 26.2694 s, max: 26.2993 s)
Fri Jun 21 12:10:11, Info:  Time spent this phase (compute): 26.2888 s (min: 26.2694 s, max: 26.2992 s)
Fri Jun 21 12:10:11, Info:  Time spent this phase (IO): 47.7892 ms (min: 39.4514 ms, max: 66.1187 ms)
Fri Jun 21 12:10:11, Info:  Performance since the start: 9.1390 TFLOP/s (rank 0: 576.9214 GFLOP/s , average over ranks: 571.1866 GFLOP/s ) 
Fri Jun 21 12:10:11, Info:  Performance since last sync point: 9.5735 TFLOP/s (rank 0: 604.4655 GFLOP/s , average over ranks: 598.3458 GFLOP/s ) 
Fri Jun 21 12:10:38, Info:  Writing faultoutput at time 2.
Fri Jun 21 12:10:38, Info:  Writing faultoutput at time 2. Done.
Fri Jun 21 12:10:38, Info:  Writing energy output at time 2 
Fri Jun 21 12:10:38, Info:  Elastic energy (total, % kinematic, % potential):  2.05563e+16  , 42.7902  , 57.2098 
Fri Jun 21 12:10:38, Info:  Total momentum (X, Y, Z): 97  , -148.375  , -186.5 
Fri Jun 21 12:10:38, Info:  Frictional work (total, % static, % radiated):  2.82692e+16  , 8.91566  , 91.0843 
Fri Jun 21 12:10:38, Info:  Seismic moment (without plasticity): 8.04274e+19  Mw: 7.20027 
Fri Jun 21 12:10:38, Info:  Writing energy output at time 2 Done. 
Fri Jun 21 12:10:38, Info:  Time spent this phase (total): 26.2725 s (min: 26.2561 s, max: 26.2918 s)
Fri Jun 21 12:10:38, Info:  Time spent this phase (compute): 26.2724 s (min: 26.2561 s, max: 26.2918 s)
Fri Jun 21 12:10:38, Info:  Time spent this phase (IO): 48.8018 ms (min: 39.4892 ms, max: 81.3461 ms)
Fri Jun 21 12:10:38, Info:  Performance since the start: 9.2453 TFLOP/s (rank 0: 583.6049 GFLOP/s , average over ranks: 577.8295 GFLOP/s ) 
Fri Jun 21 12:10:38, Info:  Performance since last sync point: 9.5795 TFLOP/s (rank 0: 604.6177 GFLOP/s , average over ranks: 598.7191 GFLOP/s ) 
Fri Jun 21 12:11:04, Info:  Writing faultoutput at time 2.5.
Fri Jun 21 12:11:04, Info:  Writing faultoutput at time 2.5. Done.
Fri Jun 21 12:11:04, Info:  Writing energy output at time 2.5 
Fri Jun 21 12:11:04, Info:  Elastic energy (total, % kinematic, % potential):  1.92254e+16  , 42.112  , 57.888 
Fri Jun 21 12:11:04, Info:  Total momentum (X, Y, Z): 94  , 72.8125  , 103 
Fri Jun 21 12:11:04, Info:  Frictional work (total, % static, % radiated):  2.82691e+16  , 9.68287  , 90.3171 
Fri Jun 21 12:11:04, Info:  Seismic moment (without plasticity): 8.04409e+19  Mw: 7.20032 
Fri Jun 21 12:11:04, Info:  Writing energy output at time 2.5 Done. 
Fri Jun 21 12:11:04, Info:  Time spent this phase (total): 26.4256 s (min: 26.4083 s, max: 26.4420 s)
Fri Jun 21 12:11:04, Info:  Time spent this phase (compute): 26.4255 s (min: 26.4082 s, max: 26.4420 s)
Fri Jun 21 12:11:04, Info:  Time spent this phase (IO): 48.4667 ms (min: 39.4512 ms, max: 78.2006 ms)
Fri Jun 21 12:11:04, Info:  Performance since the start: 9.2997 TFLOP/s (rank 0: 587.1173 GFLOP/s , average over ranks: 581.2317 GFLOP/s ) 
Fri Jun 21 12:11:04, Info:  Performance since last sync point: 9.5240 TFLOP/s (rank 0: 601.6003 GFLOP/s , average over ranks: 595.2507 GFLOP/s ) 
Fri Jun 21 12:11:30, Info:  Writing faultoutput at time 3.
Fri Jun 21 12:11:30, Info:  Writing faultoutput at time 3. Done.
Fri Jun 21 12:11:30, Info:  Writing energy output at time 3 
Fri Jun 21 12:11:30, Info:  Elastic energy (total, % kinematic, % potential):  1.81271e+16  , 41.4943  , 58.5057 
Fri Jun 21 12:11:30, Info:  Total momentum (X, Y, Z): -162.25  , 238.5  , -782.125 
Fri Jun 21 12:11:30, Info:  Frictional work (total, % static, % radiated):  2.82691e+16  , 10.0437  , 89.9563 
Fri Jun 21 12:11:30, Info:  Seismic moment (without plasticity): 8.04498e+19  Mw: 7.20035 
Fri Jun 21 12:11:30, Info:  Writing energy output at time 3 Done. 
Fri Jun 21 12:11:30, Info:  Time spent this phase (total): 26.4281 s (min: 26.4176 s, max: 26.4347 s)
Fri Jun 21 12:11:30, Info:  Time spent this phase (compute): 26.4280 s (min: 26.4176 s, max: 26.4346 s)
Fri Jun 21 12:11:30, Info:  Time spent this phase (IO): 48.3459 ms (min: 39.7002 ms, max: 75.2977 ms)
Fri Jun 21 12:11:30, Info:  Performance since the start: 9.3362 TFLOP/s (rank 0: 589.4419 GFLOP/s , average over ranks: 583.5129 GFLOP/s ) 
Fri Jun 21 12:11:30, Info:  Performance since last sync point: 9.5231 TFLOP/s (rank 0: 601.3464 GFLOP/s , average over ranks: 595.1932 GFLOP/s ) 
Fri Jun 21 12:11:57, Info:  Writing faultoutput at time 3.5.
Fri Jun 21 12:11:57, Info:  Writing faultoutput at time 3.5. Done.
Fri Jun 21 12:11:57, Info:  Writing energy output at time 3.5 
Fri Jun 21 12:11:57, Info:  Elastic energy (total, % kinematic, % potential):  1.72482e+16  , 40.7566  , 59.2434 
Fri Jun 21 12:11:57, Info:  Total momentum (X, Y, Z): 2757.75  , 725.75  , 2588.88 
Fri Jun 21 12:11:57, Info:  Frictional work (total, % static, % radiated):  2.82691e+16  , 10.5326  , 89.4674 
Fri Jun 21 12:11:57, Info:  Seismic moment (without plasticity): 8.04564e+19  Mw: 7.20037 
Fri Jun 21 12:11:57, Info:  Writing energy output at time 3.5 Done. 
Fri Jun 21 12:11:57, Info:  Time spent this phase (total): 26.5208 s (min: 26.5116 s, max: 26.5323 s)
Fri Jun 21 12:11:57, Info:  Time spent this phase (compute): 26.5208 s (min: 26.5116 s, max: 26.5322 s)
Fri Jun 21 12:11:57, Info:  Time spent this phase (IO): 48.1276 ms (min: 39.4706 ms, max: 67.9790 ms)
Fri Jun 21 12:11:57, Info:  Performance since the start: 9.3578 TFLOP/s (rank 0: 590.8166 GFLOP/s , average over ranks: 584.8653 GFLOP/s ) 
Fri Jun 21 12:11:57, Info:  Performance since last sync point: 9.4898 TFLOP/s (rank 0: 599.2013 GFLOP/s , average over ranks: 593.1128 GFLOP/s ) 
Fri Jun 21 12:12:23, Info:  Writing faultoutput at time 4.
Fri Jun 21 12:12:23, Info:  Writing faultoutput at time 4. Done.
Fri Jun 21 12:12:23, Info:  Writing energy output at time 4 
Fri Jun 21 12:12:23, Info:  Elastic energy (total, % kinematic, % potential):  1.6482e+16  , 40.0751  , 59.9249 
Fri Jun 21 12:12:23, Info:  Total momentum (X, Y, Z): -5437.75  , -11445.8  , 267325 
Fri Jun 21 12:12:23, Info:  Frictional work (total, % static, % radiated):  2.82691e+16  , 10.5438  , 89.4562 
Fri Jun 21 12:12:23, Info:  Seismic moment (without plasticity): 8.04614e+19  Mw: 7.20039 
Fri Jun 21 12:12:23, Info:  Writing energy output at time 4 Done. 
Fri Jun 21 12:12:23, Info:  Time spent this phase (total): 26.2591 s (min: 26.2432 s, max: 26.2707 s)
Fri Jun 21 12:12:23, Info:  Time spent this phase (compute): 26.2590 s (min: 26.2431 s, max: 26.2706 s)
Fri Jun 21 12:12:23, Info:  Time spent this phase (IO): 49.0054 ms (min: 39.3964 ms, max: 86.5155 ms)
Fri Jun 21 12:12:23, Info:  Performance since the start: 9.3856 TFLOP/s (rank 0: 592.5589 GFLOP/s , average over ranks: 586.5983 GFLOP/s ) 
Fri Jun 21 12:12:23, Info:  Performance since last sync point: 9.5844 TFLOP/s (rank 0: 605.0493 GFLOP/s , average over ranks: 599.0234 GFLOP/s ) 
Fri Jun 21 12:12:50, Info:  Writing faultoutput at time 4.5.
Fri Jun 21 12:12:50, Info:  Writing faultoutput at time 4.5. Done.
Fri Jun 21 12:12:50, Info:  Writing energy output at time 4.5 
Fri Jun 21 12:12:50, Info:  Elastic energy (total, % kinematic, % potential):  1.57845e+16  , 38.8813  , 61.1187 
Fri Jun 21 12:12:50, Info:  Total momentum (X, Y, Z): 75566.2  , 28216.8  , -1.70577e+06 
Fri Jun 21 12:12:50, Info:  Frictional work (total, % static, % radiated):  2.82691e+16  , 10.7337  , 89.2663 
Fri Jun 21 12:12:50, Info:  Seismic moment (without plasticity): 8.04651e+19  Mw: 7.2004 
Fri Jun 21 12:12:50, Info:  Writing energy output at time 4.5 Done. 
Fri Jun 21 12:12:50, Info:  Time spent this phase (total): 26.4002 s (min: 26.3980 s, max: 26.4055 s)
Fri Jun 21 12:12:50, Info:  Time spent this phase (compute): 26.4001 s (min: 26.3978 s, max: 26.4054 s)
Fri Jun 21 12:12:50, Info:  Time spent this phase (IO): 48.8943 ms (min: 39.4949 ms, max: 84.1395 ms)
Fri Jun 21 12:12:50, Info:  Performance since the start: 9.4017 TFLOP/s (rank 0: 593.5907 GFLOP/s , average over ranks: 587.6092 GFLOP/s ) 
Fri Jun 21 12:12:50, Info:  Performance since last sync point: 9.5332 TFLOP/s (rank 0: 601.9764 GFLOP/s , average over ranks: 595.8232 GFLOP/s ) 
Fri Jun 21 12:13:16, Info:  Writing faultoutput at time 5.
Fri Jun 21 12:13:16, Info:  Writing faultoutput at time 5. Done.
Fri Jun 21 12:13:16, Info:  Writing free surface at time 5.
Fri Jun 21 12:13:16, Info:  Writing free surface at time 5. Done.
Fri Jun 21 12:13:16, Info:  Writing energy output at time 5 
Fri Jun 21 12:13:16, Info:  Elastic energy (total, % kinematic, % potential):  1.51968e+16  , 38.4623  , 61.5377 
Fri Jun 21 12:13:16, Info:  Total momentum (X, Y, Z): -726820  , 288218  , 4.46905e+06 
Fri Jun 21 12:13:16, Info:  Frictional work (total, % static, % radiated):  2.82691e+16  , 10.6907  , 89.3093 
Fri Jun 21 12:13:16, Info:  Seismic moment (without plasticity): 8.04679e+19  Mw: 7.20042 
Fri Jun 21 12:13:16, Info:  Writing energy output at time 5 Done. 
Fri Jun 21 12:13:16, Info:  Time spent this phase (total): 26.3116 s (min: 26.3037 s, max: 26.3334 s)
Fri Jun 21 12:13:16, Info:  Time spent this phase (compute): 26.3115 s (min: 26.3037 s, max: 26.3330 s)
Fri Jun 21 12:13:16, Info:  Time spent this phase (IO): 50.7551 ms (min: 39.6134 ms, max: 86.3175 ms)
Fri Jun 21 12:13:16, Info:  Performance since the start: 9.4178 TFLOP/s (rank 0: 594.5630 GFLOP/s , average over ranks: 588.6154 GFLOP/s ) 
Fri Jun 21 12:13:16, Info:  Performance since last sync point: 9.5653 TFLOP/s (rank 0: 603.4592 GFLOP/s , average over ranks: 597.8291 GFLOP/s ) 
Fri Jun 21 12:13:42, Info:  Writing faultoutput at time 5.5.
Fri Jun 21 12:13:42, Info:  Writing faultoutput at time 5.5. Done.
Fri Jun 21 12:13:42, Info:  Writing energy output at time 5.5 
Fri Jun 21 12:13:42, Info:  Elastic energy (total, % kinematic, % potential):  1.46823e+16  , 37.5344  , 62.4656 
Fri Jun 21 12:13:42, Info:  Total momentum (X, Y, Z): 2.94267e+06  , -1.49883e+06  , -6.9094e+06 
Fri Jun 21 12:13:42, Info:  Frictional work (total, % static, % radiated):  2.82691e+16  , 10.8211  , 89.1789 
Fri Jun 21 12:13:42, Info:  Seismic moment (without plasticity): 8.04701e+19  Mw: 7.20042 
Fri Jun 21 12:13:42, Info:  Writing energy output at time 5.5 Done. 
Fri Jun 21 12:13:42, Info:  Time spent this phase (total): 26.2736 s (min: 26.2528 s, max: 26.2872 s)
Fri Jun 21 12:13:42, Info:  Time spent this phase (compute): 26.2735 s (min: 26.2524 s, max: 26.2871 s)
Fri Jun 21 12:13:42, Info:  Time spent this phase (IO): 48.9934 ms (min: 39.5001 ms, max: 86.2894 ms)
Fri Jun 21 12:13:42, Info:  Performance since the start: 9.4323 TFLOP/s (rank 0: 595.5243 GFLOP/s , average over ranks: 589.5177 GFLOP/s ) 
Fri Jun 21 12:13:42, Info:  Performance since last sync point: 9.5791 TFLOP/s (rank 0: 605.3110 GFLOP/s , average over ranks: 598.6951 GFLOP/s ) 
Fri Jun 21 12:14:08, Info:  Writing faultoutput at time 6.
Fri Jun 21 12:14:08, Info:  Writing faultoutput at time 6. Done.
Fri Jun 21 12:14:08, Info:  Writing energy output at time 6 
Fri Jun 21 12:14:08, Info:  Elastic energy (total, % kinematic, % potential):  1.42209e+16  , 36.9803  , 63.0197 
Fri Jun 21 12:14:08, Info:  Total momentum (X, Y, Z): -6.71035e+06  , 2.01495e+06  , -7.06038e+06 
Fri Jun 21 12:14:08, Info:  Frictional work (total, % static, % radiated):  2.82691e+16  , 10.9391  , 89.0609 
Fri Jun 21 12:14:08, Info:  Seismic moment (without plasticity): 8.04719e+19  Mw: 7.20043 
Fri Jun 21 12:14:08, Info:  Writing energy output at time 6 Done. 
Fri Jun 21 12:14:08, Info:  Time spent this phase (total): 26.1842 s (min: 26.1623 s, max: 26.2048 s)
Fri Jun 21 12:14:08, Info:  Time spent this phase (compute): 26.1841 s (min: 26.1622 s, max: 26.2048 s)
Fri Jun 21 12:14:08, Info:  Time spent this phase (IO): 48.5535 ms (min: 39.4155 ms, max: 72.1923 ms)
Fri Jun 21 12:14:08, Info:  Performance since the start: 9.4470 TFLOP/s (rank 0: 596.4192 GFLOP/s , average over ranks: 590.4366 GFLOP/s ) 
Fri Jun 21 12:14:08, Info:  Performance since last sync point: 9.6118 TFLOP/s (rank 0: 606.4431 GFLOP/s , average over ranks: 600.7375 GFLOP/s ) 
Fri Jun 21 12:14:35, Info:  Writing faultoutput at time 6.5.
Fri Jun 21 12:14:35, Info:  Writing faultoutput at time 6.5. Done.
Fri Jun 21 12:14:35, Info:  Writing energy output at time 6.5 
Fri Jun 21 12:14:35, Info:  Elastic energy (total, % kinematic, % potential):  1.38275e+16  , 36.7045  , 63.2955 
Fri Jun 21 12:14:35, Info:  Total momentum (X, Y, Z): 8.34425e+06  , 6.64082e+06  , 1.12143e+08 
Fri Jun 21 12:14:35, Info:  Frictional work (total, % static, % radiated):  2.82691e+16  , 11.0109  , 88.9891 
Fri Jun 21 12:14:35, Info:  Seismic moment (without plasticity): 8.04734e+19  Mw: 7.20044 
Fri Jun 21 12:14:35, Info:  Writing energy output at time 6.5 Done. 
Fri Jun 21 12:14:35, Info:  Time spent this phase (total): 26.1813 s (min: 26.1530 s, max: 26.2340 s)
Fri Jun 21 12:14:35, Info:  Time spent this phase (compute): 26.1812 s (min: 26.1529 s, max: 26.2339 s)
Fri Jun 21 12:14:35, Info:  Time spent this phase (IO): 49.6076 ms (min: 39.3978 ms, max: 81.7060 ms)
Fri Jun 21 12:14:35, Info:  Performance since the start: 9.4595 TFLOP/s (rank 0: 597.2440 GFLOP/s , average over ranks: 591.2214 GFLOP/s ) 
Fri Jun 21 12:14:35, Info:  Performance since last sync point: 9.6129 TFLOP/s (rank 0: 607.3231 GFLOP/s , average over ranks: 600.8045 GFLOP/s ) 
Fri Jun 21 12:15:01, Info:  Writing faultoutput at time 7.
Fri Jun 21 12:15:01, Info:  Writing faultoutput at time 7. Done.
Fri Jun 21 12:15:01, Info:  Writing energy output at time 7 
Fri Jun 21 12:15:01, Info:  Elastic energy (total, % kinematic, % potential):  1.34587e+16  , 36.3578  , 63.6422 
Fri Jun 21 12:15:01, Info:  Total momentum (X, Y, Z): -3.70881e+06  , -3.42886e+07  , -3.30681e+08 
Fri Jun 21 12:15:01, Info:  Frictional work (total, % static, % radiated):  2.82691e+16  , 11.5418  , 88.4582 
Fri Jun 21 12:15:01, Info:  Seismic moment (without plasticity): 8.04747e+19  Mw: 7.20044 
Fri Jun 21 12:15:01, Info:  Writing energy output at time 7 Done. 
Fri Jun 21 12:15:01, Info:  Time spent this phase (total): 26.2685 s (min: 26.2228 s, max: 26.2872 s)
Fri Jun 21 12:15:01, Info:  Time spent this phase (compute): 26.2684 s (min: 26.2227 s, max: 26.2871 s)
Fri Jun 21 12:15:01, Info:  Time spent this phase (IO): 48.3575 ms (min: 39.4925 ms, max: 75.4744 ms)
Fri Jun 21 12:15:01, Info:  Performance since the start: 9.4681 TFLOP/s (rank 0: 597.7990 GFLOP/s , average over ranks: 591.7571 GFLOP/s ) 
Fri Jun 21 12:15:01, Info:  Performance since last sync point: 9.5810 TFLOP/s (rank 0: 605.1087 GFLOP/s , average over ranks: 598.8112 GFLOP/s ) 
Fri Jun 21 12:15:27, Info:  Writing faultoutput at time 7.5.
Fri Jun 21 12:15:27, Info:  Writing faultoutput at time 7.5. Done.
Fri Jun 21 12:15:27, Info:  Writing energy output at time 7.5 
Fri Jun 21 12:15:27, Info:  Elastic energy (total, % kinematic, % potential):  1.3109e+16  , 36.0807  , 63.9193 
Fri Jun 21 12:15:27, Info:  Total momentum (X, Y, Z): 2.74617e+06  , 5.5512e+07  , 1.08527e+08 
Fri Jun 21 12:15:27, Info:  Frictional work (total, % static, % radiated):  2.82691e+16  , 11.4521  , 88.5479 
Fri Jun 21 12:15:27, Info:  Seismic moment (without plasticity): 8.04758e+19  Mw: 7.20044 
Fri Jun 21 12:15:27, Info:  Writing energy output at time 7.5 Done. 
Fri Jun 21 12:15:27, Info:  Time spent this phase (total): 26.3053 s (min: 26.2986 s, max: 26.3180 s)
Fri Jun 21 12:15:27, Info:  Time spent this phase (compute): 26.3050 s (min: 26.2986 s, max: 26.3179 s)
Fri Jun 21 12:15:27, Info:  Time spent this phase (IO): 48.4211 ms (min: 39.4793 ms, max: 73.5485 ms)
Fri Jun 21 12:15:27, Info:  Performance since the start: 9.4747 TFLOP/s (rank 0: 598.2145 GFLOP/s , average over ranks: 592.1675 GFLOP/s ) 
Fri Jun 21 12:15:27, Info:  Performance since last sync point: 9.5676 TFLOP/s (rank 0: 604.0925 GFLOP/s , average over ranks: 597.9725 GFLOP/s ) 
Fri Jun 21 12:15:53, Info:  Writing faultoutput at time 8.
Fri Jun 21 12:15:53, Info:  Writing faultoutput at time 8. Done.
Fri Jun 21 12:15:53, Info:  Writing energy output at time 8 
Fri Jun 21 12:15:53, Info:  Elastic energy (total, % kinematic, % potential):  1.27695e+16  , 35.4576  , 64.5424 
Fri Jun 21 12:15:53, Info:  Total momentum (X, Y, Z): -2.29721e+06  , 1.85966e+07  , 1.61016e+09 
Fri Jun 21 12:15:53, Info:  Frictional work (total, % static, % radiated):  2.82691e+16  , 11.7735  , 88.2265 
Fri Jun 21 12:15:53, Info:  Seismic moment (without plasticity): 8.04768e+19  Mw: 7.20045 
Fri Jun 21 12:15:53, Info:  Writing energy output at time 8 Done. 
Fri Jun 21 12:15:53, Info:  Time spent this phase (total): 26.1578 s (min: 26.1447 s, max: 26.1683 s)
Fri Jun 21 12:15:53, Info:  Time spent this phase (compute): 26.1577 s (min: 26.1447 s, max: 26.1682 s)
Fri Jun 21 12:15:53, Info:  Time spent this phase (IO): 49.0572 ms (min: 39.4208 ms, max: 86.8695 ms)
Fri Jun 21 12:15:53, Info:  Performance since the start: 9.4837 TFLOP/s (rank 0: 598.7829 GFLOP/s , average over ranks: 592.7328 GFLOP/s ) 
Fri Jun 21 12:15:53, Info:  Performance since last sync point: 9.6215 TFLOP/s (rank 0: 607.4399 GFLOP/s , average over ranks: 601.3442 GFLOP/s ) 
Fri Jun 21 12:16:20, Info:  Writing faultoutput at time 8.5.
Fri Jun 21 12:16:20, Info:  Writing faultoutput at time 8.5. Done.
Fri Jun 21 12:16:20, Info:  Writing energy output at time 8.5 
Fri Jun 21 12:16:20, Info:  Elastic energy (total, % kinematic, % potential):  1.247e+16  , 35.3258  , 64.6742 
Fri Jun 21 12:16:20, Info:  Total momentum (X, Y, Z): -7.40302e+07  , -2.73951e+08  , -1.89713e+09 
Fri Jun 21 12:16:20, Info:  Frictional work (total, % static, % radiated):  2.82691e+16  , 12.316  , 87.684 
Fri Jun 21 12:16:20, Info:  Seismic moment (without plasticity): 8.04776e+19  Mw: 7.20045 
Fri Jun 21 12:16:20, Info:  Writing energy output at time 8.5 Done. 
Fri Jun 21 12:16:20, Info:  Time spent this phase (total): 26.3406 s (min: 26.3387 s, max: 26.3440 s)
Fri Jun 21 12:16:20, Info:  Time spent this phase (compute): 26.3405 s (min: 26.3387 s, max: 26.3440 s)
Fri Jun 21 12:16:20, Info:  Time spent this phase (IO): 48.9165 ms (min: 39.3948 ms, max: 84.7719 ms)
Fri Jun 21 12:16:20, Info:  Performance since the start: 9.4879 TFLOP/s (rank 0: 599.0468 GFLOP/s , average over ranks: 592.9920 GFLOP/s ) 
Fri Jun 21 12:16:20, Info:  Performance since last sync point: 9.5547 TFLOP/s (rank 0: 603.3020 GFLOP/s , average over ranks: 597.1700 GFLOP/s ) 
Fri Jun 21 12:16:46, Info:  Writing faultoutput at time 9.
Fri Jun 21 12:16:46, Info:  Writing faultoutput at time 9. Done.
Fri Jun 21 12:16:46, Info:  Writing energy output at time 9 
Fri Jun 21 12:16:46, Info:  Elastic energy (total, % kinematic, % potential):  1.21808e+16  , 35.1461  , 64.8539 
Fri Jun 21 12:16:46, Info:  Total momentum (X, Y, Z): 2.19055e+08  , 5.70392e+08  , -5.58831e+09 
Fri Jun 21 12:16:46, Info:  Frictional work (total, % static, % radiated):  2.82691e+16  , 12.4593  , 87.5407 
Fri Jun 21 12:16:46, Info:  Seismic moment (without plasticity): 8.04784e+19  Mw: 7.20045 
Fri Jun 21 12:16:46, Info:  Writing energy output at time 9 Done. 
Fri Jun 21 12:16:46, Info:  Time spent this phase (total): 26.2715 s (min: 26.2693 s, max: 26.2738 s)
Fri Jun 21 12:16:46, Info:  Time spent this phase (compute): 26.2714 s (min: 26.2692 s, max: 26.2738 s)
Fri Jun 21 12:16:46, Info:  Time spent this phase (IO): 49.0296 ms (min: 39.4382 ms, max: 86.0798 ms)
Fri Jun 21 12:16:46, Info:  Performance since the start: 9.4929 TFLOP/s (rank 0: 599.3678 GFLOP/s , average over ranks: 593.3085 GFLOP/s ) 
Fri Jun 21 12:16:46, Info:  Performance since last sync point: 9.5799 TFLOP/s (rank 0: 604.8773 GFLOP/s , average over ranks: 598.7424 GFLOP/s ) 
Fri Jun 21 12:17:12, Info:  Writing faultoutput at time 9.5.
Fri Jun 21 12:17:12, Info:  Writing faultoutput at time 9.5. Done.
Fri Jun 21 12:17:12, Info:  Writing energy output at time 9.5 
Fri Jun 21 12:17:12, Info:  Elastic energy (total, % kinematic, % potential):  1.19153e+16  , 34.6029  , 65.3971 
Fri Jun 21 12:17:12, Info:  Total momentum (X, Y, Z): 2.4744e+08  , -3.58721e+08  , 5.01813e+09 
Fri Jun 21 12:17:12, Info:  Frictional work (total, % static, % radiated):  2.82691e+16  , 12.316  , 87.684 
Fri Jun 21 12:17:12, Info:  Seismic moment (without plasticity): 8.0479e+19  Mw: 7.20046 
Fri Jun 21 12:17:12, Info:  Writing energy output at time 9.5 Done. 
Fri Jun 21 12:17:12, Info:  Time spent this phase (total): 26.2286 s (min: 26.2272 s, max: 26.2295 s)
Fri Jun 21 12:17:12, Info:  Time spent this phase (compute): 26.2285 s (min: 26.2271 s, max: 26.2294 s)
Fri Jun 21 12:17:12, Info:  Time spent this phase (IO): 49.1076 ms (min: 39.3916 ms, max: 86.9723 ms)
Fri Jun 21 12:17:12, Info:  Performance since the start: 9.4983 TFLOP/s (rank 0: 599.7061 GFLOP/s , average over ranks: 593.6426 GFLOP/s ) 
Fri Jun 21 12:17:12, Info:  Performance since last sync point: 9.5955 TFLOP/s (rank 0: 605.8612 GFLOP/s , average over ranks: 599.7202 GFLOP/s ) 
Fri Jun 21 12:17:39, Info:  Writing faultoutput at time 10.
Fri Jun 21 12:17:39, Info:  Writing faultoutput at time 10. Done.
Fri Jun 21 12:17:39, Info:  Waiting for last wave field. 
Fri Jun 21 12:17:39, Info:  Writing wave field at time 10.
Fri Jun 21 12:17:39, Info:  Writing wave field at time 10. Done.
Fri Jun 21 12:17:39, Info:  Writing free surface at time 10.
Fri Jun 21 12:17:39, Info:  Writing free surface at time 10. Done.
Fri Jun 21 12:17:39, Info:  Wrote receivers in 1.3928e-05 seconds. 
Fri Jun 21 12:17:39, Info:  Writing energy output at time 10 
Fri Jun 21 12:17:39, Info:  Elastic energy (total, % kinematic, % potential):  1.16857e+16  , 34.2491  , 65.7509 
Fri Jun 21 12:17:39, Info:  Total momentum (X, Y, Z): -2.12765e+09  , -6.11042e+08  , 3.50142e+10 
Fri Jun 21 12:17:39, Info:  Frictional work (total, % static, % radiated):  2.82691e+16  , 12.5041  , 87.4959 
Fri Jun 21 12:17:39, Info:  Seismic moment (without plasticity): 8.04796e+19  Mw: 7.20046 
Fri Jun 21 12:17:39, Info:  Writing energy output at time 10 Done. 
Fri Jun 21 12:17:39, Info:  Time spent this phase (total): 26.4474 s (min: 26.4255 s, max: 26.4791 s)
Fri Jun 21 12:17:39, Info:  Time spent this phase (compute): 26.4474 s (min: 26.4255 s, max: 26.4790 s)
Fri Jun 21 12:17:39, Info:  Time spent this phase (IO): 59.9151 ms (min: 48.2883 ms, max: 90.7690 ms)
Fri Jun 21 12:17:39, Info:  Performance since the start: 9.4992 TFLOP/s (rank 0: 599.7552 GFLOP/s , average over ranks: 593.6982 GFLOP/s ) 
Fri Jun 21 12:17:39, Info:  Performance since last sync point: 9.5161 TFLOP/s (rank 0: 600.6908 GFLOP/s , average over ranks: 594.7571 GFLOP/s ) 
Fri Jun 21 12:18:05, Info:  Writing faultoutput at time 10.5.
Fri Jun 21 12:18:05, Info:  Writing faultoutput at time 10.5. Done.
Fri Jun 21 12:18:05, Info:  Writing energy output at time 10.5 
Fri Jun 21 12:18:05, Info:  Elastic energy (total, % kinematic, % potential):  1.1494e+16  , 34.0083  , 65.9917 
Fri Jun 21 12:18:05, Info:  Total momentum (X, Y, Z): 2.03136e+09  , 1.96778e+09  , -5.29114e+10 
Fri Jun 21 12:18:05, Info:  Frictional work (total, % static, % radiated):  2.82691e+16  , 12.8832  , 87.1168 
Fri Jun 21 12:18:05, Info:  Seismic moment (without plasticity): 8.04802e+19  Mw: 7.20046 
Fri Jun 21 12:18:05, Info:  Writing energy output at time 10.5 Done. 
Fri Jun 21 12:18:05, Info:  Time spent this phase (total): 26.3456 s (min: 26.3207 s, max: 26.3727 s)
Fri Jun 21 12:18:05, Info:  Time spent this phase (compute): 26.3455 s (min: 26.3206 s, max: 26.3727 s)
Fri Jun 21 12:18:05, Info:  Time spent this phase (IO): 48.9623 ms (min: 39.4114 ms, max: 79.3730 ms)
Fri Jun 21 12:18:05, Info:  Performance since the start: 9.5017 TFLOP/s (rank 0: 599.9240 GFLOP/s , average over ranks: 593.8574 GFLOP/s ) 
Fri Jun 21 12:18:05, Info:  Performance since last sync point: 9.5529 TFLOP/s (rank 0: 603.3192 GFLOP/s , average over ranks: 597.0592 GFLOP/s ) 
Fri Jun 21 12:18:31, Info:  Writing faultoutput at time 11.
Fri Jun 21 12:18:31, Info:  Writing faultoutput at time 11. Done.
Fri Jun 21 12:18:31, Info:  Writing energy output at time 11 
Fri Jun 21 12:18:31, Info:  Elastic energy (total, % kinematic, % potential):  1.13154e+16  , 33.723  , 66.277 
Fri Jun 21 12:18:31, Info:  Total momentum (X, Y, Z): 4.63784e+09  , -8.76946e+08  , -1.73289e+11 
Fri Jun 21 12:18:31, Info:  Frictional work (total, % static, % radiated):  2.82691e+16  , 12.9881  , 87.0119 
Fri Jun 21 12:18:31, Info:  Seismic moment (without plasticity): 8.04807e+19  Mw: 7.20046 
Fri Jun 21 12:18:31, Info:  Writing energy output at time 11 Done. 
Fri Jun 21 12:18:31, Info:  Time spent this phase (total): 26.2286 s (min: 26.1838 s, max: 26.2492 s)
Fri Jun 21 12:18:31, Info:  Time spent this phase (compute): 26.2285 s (min: 26.1837 s, max: 26.2491 s)
Fri Jun 21 12:18:31, Info:  Time spent this phase (IO): 48.2016 ms (min: 39.5971 ms, max: 73.1831 ms)
Fri Jun 21 12:18:31, Info:  Performance since the start: 9.5059 TFLOP/s (rank 0: 600.1981 GFLOP/s , average over ranks: 594.1215 GFLOP/s ) 
Fri Jun 21 12:18:31, Info:  Performance since last sync point: 9.5956 TFLOP/s (rank 0: 606.0131 GFLOP/s , average over ranks: 599.7221 GFLOP/s ) 
Fri Jun 21 12:18:57, Info:  Writing faultoutput at time 11.5.
Fri Jun 21 12:18:57, Info:  Writing faultoutput at time 11.5. Done.
Fri Jun 21 12:18:57, Info:  Writing energy output at time 11.5 
Fri Jun 21 12:18:57, Info:  Elastic energy (total, % kinematic, % potential):  1.11395e+16  , 33.404  , 66.596 
Fri Jun 21 12:18:57, Info:  Total momentum (X, Y, Z): -8.31512e+09  , -5.00752e+09  , -5.30904e+09 
Fri Jun 21 12:18:57, Info:  Frictional work (total, % static, % radiated):  2.82691e+16  , 13.1033  , 86.8967 
Fri Jun 21 12:18:57, Info:  Seismic moment (without plasticity): 8.04811e+19  Mw: 7.20046 
Fri Jun 21 12:18:57, Info:  Writing energy output at time 11.5 Done. 
Fri Jun 21 12:18:57, Info:  Time spent this phase (total): 26.1805 s (min: 26.1781 s, max: 26.1828 s)
Fri Jun 21 12:18:57, Info:  Time spent this phase (compute): 26.1804 s (min: 26.1780 s, max: 26.1828 s)
Fri Jun 21 12:18:57, Info:  Time spent this phase (IO): 48.0847 ms (min: 39.6252 ms, max: 71.6953 ms)
Fri Jun 21 12:18:57, Info:  Performance since the start: 9.5106 TFLOP/s (rank 0: 600.4905 GFLOP/s , average over ranks: 594.4097 GFLOP/s ) 
Fri Jun 21 12:18:57, Info:  Performance since last sync point: 9.6132 TFLOP/s (rank 0: 606.9960 GFLOP/s , average over ranks: 600.8233 GFLOP/s ) 
Fri Jun 21 12:19:24, Info:  Writing faultoutput at time 12.
Fri Jun 21 12:19:24, Info:  Writing faultoutput at time 12. Done.
Fri Jun 21 12:19:24, Info:  Writing energy output at time 12 
Fri Jun 21 12:19:24, Info:  Elastic energy (total, % kinematic, % potential):  1.095e+16  , 33.0564  , 66.9436 
Fri Jun 21 12:19:24, Info:  Total momentum (X, Y, Z): -1.53173e+10  , 1.10112e+10  , 4.57783e+11 
Fri Jun 21 12:19:24, Info:  Frictional work (total, % static, % radiated):  2.82691e+16  , 13.067  , 86.933 
Fri Jun 21 12:19:24, Info:  Seismic moment (without plasticity): 8.04815e+19  Mw: 7.20046 
Fri Jun 21 12:19:24, Info:  Writing energy output at time 12 Done. 
Fri Jun 21 12:19:24, Info:  Time spent this phase (total): 26.3589 s (min: 26.3460 s, max: 26.3686 s)
Fri Jun 21 12:19:24, Info:  Time spent this phase (compute): 26.3588 s (min: 26.3459 s, max: 26.3686 s)
Fri Jun 21 12:19:24, Info:  Time spent this phase (IO): 49.0484 ms (min: 39.4612 ms, max: 87.0306 ms)
Fri Jun 21 12:19:24, Info:  Performance since the start: 9.5121 TFLOP/s (rank 0: 600.5845 GFLOP/s , average over ranks: 594.5071 GFLOP/s ) 
Fri Jun 21 12:19:24, Info:  Performance since last sync point: 9.5481 TFLOP/s (rank 0: 602.7535 GFLOP/s , average over ranks: 596.7557 GFLOP/s ) 
Fri Jun 21 12:19:50, Info:  Writing faultoutput at time 12.5.
Fri Jun 21 12:19:50, Info:  Writing faultoutput at time 12.5. Done.
Fri Jun 21 12:19:50, Info:  Writing energy output at time 12.5 
Fri Jun 21 12:19:50, Info:  Elastic energy (total, % kinematic, % potential):  1.07623e+16  , 32.9561  , 67.0439 
Fri Jun 21 12:19:50, Info:  Total momentum (X, Y, Z): 5.58831e+09  , 1.06936e+10  , 5.12991e+11 
Fri Jun 21 12:19:50, Info:  Frictional work (total, % static, % radiated):  2.82691e+16  , 13.0057  , 86.9943 
Fri Jun 21 12:19:50, Info:  Seismic moment (without plasticity): 8.04819e+19  Mw: 7.20047 
Fri Jun 21 12:19:50, Info:  Writing energy output at time 12.5 Done. 
Fri Jun 21 12:19:50, Info:  Time spent this phase (total): 26.3527 s (min: 26.3450 s, max: 26.3612 s)
Fri Jun 21 12:19:50, Info:  Time spent this phase (compute): 26.3526 s (min: 26.3449 s, max: 26.3611 s)
Fri Jun 21 12:19:50, Info:  Time spent this phase (IO): 48.3111 ms (min: 39.4362 ms, max: 77.3086 ms)
Fri Jun 21 12:19:50, Info:  Performance since the start: 9.5136 TFLOP/s (rank 0: 600.6826 GFLOP/s , average over ranks: 594.6024 GFLOP/s ) 
Fri Jun 21 12:19:50, Info:  Performance since last sync point: 9.5504 TFLOP/s (rank 0: 603.0483 GFLOP/s , average over ranks: 596.8975 GFLOP/s ) 
Fri Jun 21 12:20:16, Info:  Writing faultoutput at time 13.
Fri Jun 21 12:20:16, Info:  Writing faultoutput at time 13. Done.
Fri Jun 21 12:20:16, Info:  Writing energy output at time 13 
Fri Jun 21 12:20:16, Info:  Elastic energy (total, % kinematic, % potential):  1.05768e+16  , 32.69  , 67.31 
Fri Jun 21 12:20:16, Info:  Total momentum (X, Y, Z): 4.66453e+10  , -2.40548e+10  , -6.02182e+11 
Fri Jun 21 12:20:16, Info:  Frictional work (total, % static, % radiated):  2.82691e+16  , 13.0181  , 86.9819 
Fri Jun 21 12:20:16, Info:  Seismic moment (without plasticity): 8.04823e+19  Mw: 7.20047 
Fri Jun 21 12:20:16, Info:  Writing energy output at time 13 Done. 
Fri Jun 21 12:20:16, Info:  Time spent this phase (total): 26.1140 s (min: 26.1060 s, max: 26.1198 s)
Fri Jun 21 12:20:16, Info:  Time spent this phase (compute): 26.1139 s (min: 26.1059 s, max: 26.1198 s)
Fri Jun 21 12:20:16, Info:  Time spent this phase (IO): 49.0071 ms (min: 39.5742 ms, max: 86.3240 ms)
Fri Jun 21 12:20:16, Info:  Performance since the start: 9.5183 TFLOP/s (rank 0: 600.9794 GFLOP/s , average over ranks: 594.8968 GFLOP/s ) 
Fri Jun 21 12:20:16, Info:  Performance since last sync point: 9.6376 TFLOP/s (rank 0: 608.4946 GFLOP/s , average over ranks: 602.3529 GFLOP/s ) 
Fri Jun 21 12:20:42, Info:  Writing faultoutput at time 13.5.
Fri Jun 21 12:20:42, Info:  Writing faultoutput at time 13.5. Done.
Fri Jun 21 12:20:42, Info:  Writing energy output at time 13.5 
Fri Jun 21 12:20:42, Info:  Elastic energy (total, % kinematic, % potential):  1.0383e+16  , 32.3286  , 67.6714 
Fri Jun 21 12:20:42, Info:  Total momentum (X, Y, Z): 1.52384e+10  , -3.6953e+10  , 2.83323e+12 
Fri Jun 21 12:20:42, Info:  Frictional work (total, % static, % radiated):  2.82691e+16  , 13.042  , 86.958 
Fri Jun 21 12:20:42, Info:  Seismic moment (without plasticity): 8.04826e+19  Mw: 7.20047 
Fri Jun 21 12:20:42, Info:  Writing energy output at time 13.5 Done. 
Fri Jun 21 12:20:42, Info:  Time spent this phase (total): 26.2320 s (min: 26.2313 s, max: 26.2326 s)
Fri Jun 21 12:20:42, Info:  Time spent this phase (compute): 26.2319 s (min: 26.2313 s, max: 26.2325 s)
Fri Jun 21 12:20:42, Info:  Time spent this phase (IO): 48.5693 ms (min: 39.5134 ms, max: 79.1885 ms)
Fri Jun 21 12:20:42, Info:  Performance since the start: 9.5211 TFLOP/s (rank 0: 601.1561 GFLOP/s , average over ranks: 595.0712 GFLOP/s ) 
Fri Jun 21 12:20:42, Info:  Performance since last sync point: 9.5943 TFLOP/s (rank 0: 605.7888 GFLOP/s , average over ranks: 599.6424 GFLOP/s ) 
Fri Jun 21 12:21:09, Info:  Writing faultoutput at time 14.
Fri Jun 21 12:21:09, Info:  Writing faultoutput at time 14. Done.
Fri Jun 21 12:21:09, Info:  Writing energy output at time 14 
Fri Jun 21 12:21:09, Info:  Elastic energy (total, % kinematic, % potential):  1.02174e+16  , 32.049  , 67.951 
Fri Jun 21 12:21:09, Info:  Total momentum (X, Y, Z): -5.65198e+10  , 5.95414e+10  , 2.83113e+13 
Fri Jun 21 12:21:09, Info:  Frictional work (total, % static, % radiated):  2.82691e+16  , 12.9221  , 87.0779 
Fri Jun 21 12:21:09, Info:  Seismic moment (without plasticity): 8.04829e+19  Mw: 7.20047 
Fri Jun 21 12:21:09, Info:  Writing energy output at time 14 Done. 
Fri Jun 21 12:21:09, Info:  Time spent this phase (total): 26.3412 s (min: 26.3295 s, max: 26.3533 s)
Fri Jun 21 12:21:09, Info:  Time spent this phase (compute): 26.3411 s (min: 26.3295 s, max: 26.3533 s)
Fri Jun 21 12:21:09, Info:  Time spent this phase (IO): 47.5982 ms (min: 39.4602 ms, max: 63.9718 ms)
Fri Jun 21 12:21:09, Info:  Performance since the start: 9.5223 TFLOP/s (rank 0: 601.2286 GFLOP/s , average over ranks: 595.1455 GFLOP/s ) 
Fri Jun 21 12:21:09, Info:  Performance since last sync point: 9.5545 TFLOP/s (rank 0: 603.1922 GFLOP/s , average over ranks: 597.1580 GFLOP/s ) 
Fri Jun 21 12:21:35, Info:  Writing faultoutput at time 14.5.
Fri Jun 21 12:21:35, Info:  Writing faultoutput at time 14.5. Done.
Fri Jun 21 12:21:35, Info:  Writing energy output at time 14.5 
Fri Jun 21 12:21:35, Info:  Elastic energy (total, % kinematic, % potential):  1.00594e+16  , 31.7924  , 68.2076 
Fri Jun 21 12:21:35, Info:  Total momentum (X, Y, Z): -3.02388e+10  , 8.9407e+10  , 9.76024e+13 
Fri Jun 21 12:21:35, Info:  Frictional work (total, % static, % radiated):  2.82691e+16  , 12.9131  , 87.0869 
Fri Jun 21 12:21:35, Info:  Seismic moment (without plasticity): 8.04832e+19  Mw: 7.20047 
Fri Jun 21 12:21:35, Info:  Writing energy output at time 14.5 Done. 
Fri Jun 21 12:21:35, Info:  Time spent this phase (total): 26.4171 s (min: 26.3886 s, max: 26.4744 s)
Fri Jun 21 12:21:35, Info:  Time spent this phase (compute): 26.4170 s (min: 26.3886 s, max: 26.4743 s)
Fri Jun 21 12:21:35, Info:  Time spent this phase (IO): 50.0969 ms (min: 39.4581 ms, max: 90.3970 ms)
Fri Jun 21 12:21:35, Info:  Performance since the start: 9.5225 TFLOP/s (rank 0: 601.2355 GFLOP/s , average over ranks: 595.1556 GFLOP/s ) 
Fri Jun 21 12:21:35, Info:  Performance since last sync point: 9.5270 TFLOP/s (rank 0: 601.4292 GFLOP/s , average over ranks: 595.4405 GFLOP/s ) 
Fri Jun 21 12:22:02, Info:  Writing faultoutput at time 15.
Fri Jun 21 12:22:02, Info:  Writing faultoutput at time 15. Done.
Fri Jun 21 12:22:02, Info:  Writing free surface at time 15.
Fri Jun 21 12:22:02, Info:  Writing free surface at time 15. Done.
Fri Jun 21 12:22:02, Info:  Writing energy output at time 15 
Fri Jun 21 12:22:02, Info:  Elastic energy (total, % kinematic, % potential):  9.91329e+15  , 31.6035  , 68.3965 
Fri Jun 21 12:22:02, Info:  Total momentum (X, Y, Z): -2.87363e+10  , -6.83642e+10  , 2.29755e+14 
Fri Jun 21 12:22:02, Info:  Frictional work (total, % static, % radiated):  2.82691e+16  , 12.8917  , 87.1083 
Fri Jun 21 12:22:02, Info:  Seismic moment (without plasticity): 8.04834e+19  Mw: 7.20047 
Fri Jun 21 12:22:02, Info:  Writing energy output at time 15 Done. 
Fri Jun 21 12:22:02, Info:  Time spent this phase (total): 26.4638 s (min: 26.4040 s, max: 26.4959 s)
Fri Jun 21 12:22:02, Info:  Time spent this phase (compute): 26.4637 s (min: 26.4040 s, max: 26.4958 s)
Fri Jun 21 12:22:02, Info:  Time spent this phase (IO): 49.3908 ms (min: 39.6145 ms, max: 74.1843 ms)
Fri Jun 21 12:22:02, Info:  Performance since the start: 9.5221 TFLOP/s (rank 0: 601.2127 GFLOP/s , average over ranks: 595.1301 GFLOP/s ) 
Fri Jun 21 12:22:02, Info:  Performance since last sync point: 9.5103 TFLOP/s (rank 0: 600.5512 GFLOP/s , average over ranks: 594.3924 GFLOP/s ) 
Fri Jun 21 12:22:02, Info:  Ignoring duplicate synchronisation point at time 15 ; the last sync point was at  15 
Fri Jun 21 12:22:02, Info:  Waiting for last wave field. 
Fri Jun 21 12:22:02, Info:  Writing wave field at time 15.
Fri Jun 21 12:22:02, Info:  Writing wave field at time 15. Done.
Fri Jun 21 12:22:02, Info:  Ignoring duplicate synchronisation point at time 15 ; the last sync point was at  15 
Fri Jun 21 12:22:02, Info:  Wrote receivers in 7.05e-07 seconds. 
Fri Jun 21 12:22:02, Info:  Ignoring duplicate synchronisation point at time 15 ; the last sync point was at  15 
Fri Jun 21 12:22:02, Info:  Simulation time (total): 13 min 12.9378 s (min: 13 min 12.9060 s, max: 13 min 12.9657 s)
Fri Jun 21 12:22:02, Info:  Simulation time (compute): 13 min 11.3894 s (min: 13 min 10.5691 s, max: 13 min 11.6693 s)
Fri Jun 21 12:22:02, Info:  Simulation time (IO): 1.5343 s (min: 1.2418 s, max: 2.3713 s)
Fri Jun 21 12:22:02, Info:  Time spent in compute kernels: mean = 755.619  std = 19.9596  min = 706.333  median = 763.101  max = 777.419 
Fri Jun 21 12:22:02, Info:  Load imbalance: 2.80422 % 
Fri Jun 21 12:22:02, Info:  Regression analysis of compute kernels: 
Fri Jun 21 12:22:02, Info:  "computeLocalIntegration" (total time): 3690.89 s ( = 1 h 1 min 30.8863 s ) 
Fri Jun 21 12:22:02, Info:  "computeLocalIntegration" ( constant ): 2.1108e-05 (sample size: 4.13877e+06 , standard error: 5.44969e-12 ) 
Fri Jun 21 12:22:02, Info:  "computeLocalIntegration" ( per element ): 8.29152e-08 (sample size: 4.13877e+06 , standard error: 5.44969e-12 ) 
Fri Jun 21 12:22:02, Info:  "computeNeighboringIntegration" (total time): 4475.36 s ( = 1 h 14 min 35.3620 s ) 
Fri Jun 21 12:22:02, Info:  "computeNeighboringIntegration" ( constant ): 0.000132484 (sample size: 4.13877e+06 , standard error: 8.12796e-12 ) 
Fri Jun 21 12:22:02, Info:  "computeNeighboringIntegration" ( per element ): 9.03592e-08 (sample size: 4.13877e+06 , standard error: 8.12796e-12 ) 
Fri Jun 21 12:22:02, Info:  "computeDynamicRupture" (total time): 3923.65 s ( = 1 h 5 min 23.6484 s ) 
Fri Jun 21 12:22:02, Info:  "computeDynamicRupture" ( constant ): 8.26962e-05 (sample size: 3.17319e+06 , standard error: 4.63445e-11 ) 
Fri Jun 21 12:22:02, Info:  "computeDynamicRupture" ( per element ): 4.41909e-07 (sample size: 3.17319e+06 , standard error: 4.63445e-11 ) 
Fri Jun 21 12:22:02, Info:  "computePointSources" (total time): 0 s ( = 0.0000 s ) 
Fri Jun 21 12:22:02, Info:  "computePointSources" ( constant ): -nan (sample size: 0 , standard error: -nan ) 
Fri Jun 21 12:22:02, Info:  "computePointSources" ( per element ): -nan (sample size: 0 , standard error: -nan ) 
Fri Jun 21 12:22:02, Info:  Total time spent in compute kernels: 12089.9 s ( = 3 h 21 min 29.8966 s ) 
Fri Jun 21 12:22:02, Info:  Total calculated HW-FLOP:  7.5503 PFLOP 
Fri Jun 21 12:22:02, Info:  Total calculated NZ-FLOP:  3.0182 PFLOP 
Fri Jun 21 12:22:02, Info:  Total calculated HW-FLOP/s:  9.5216 TFLOP/s 
Fri Jun 21 12:22:02, Info:  Total calculated NZ-FLOP/s:  3.8062 TFLOP/s 
Fri Jun 21 12:22:02, Info:  WP calculated HW-FLOP:  6.2560 PFLOP 
Fri Jun 21 12:22:02, Info:  WP calculated NZ-FLOP:  2.0558 PFLOP 
Fri Jun 21 12:22:02, Info:  DR calculated HW-FLOP:  1.2943 PFLOP 
Fri Jun 21 12:22:02, Info:  DR calculated NZ-FLOP:  962.4079 TFLOP 
Fri Jun 21 12:22:02, Info:  PL calculated HW-FLOP:  0.0000 FLOP 
Fri Jun 21 12:22:02, Info:  PL calculated NZ-FLOP:  0.0000 FLOP 
Fri Jun 21 12:22:02, Info:  Time spent in simulation: 13 min 12.9667 s (min: 13 min 12.9665 s, max: 13 min 12.9687 s)
Fri Jun 21 12:22:02, Info:  Simulation done. 
Fri Jun 21 12:22:02, Info:  Closing IO. 
Fri Jun 21 12:22:02, Info:  Time wave field writer backend: 2.2009 s (min: 1.7268 s, max: 3.7306 s)
Fri Jun 21 12:22:02, Info:  Time wave field writer frontend: 29.4587 ms (min: 25.1775 ms, max: 41.4350 ms)
Fri Jun 21 12:22:02, Info:  Time fault writer backend: 2.6140 s (min: 1.1413 s, max: 16.7345 s)
Fri Jun 21 12:22:02, Info:  Time fault writer frontend: 30.8337 ms (min: 25.8168 ms, max: 39.9384 ms)
Fri Jun 21 12:22:02, Info:  Time free surface writer backend: 232.9311 ms (min: 1.3712 ms, max: 1.7898 s)
Fri Jun 21 12:22:02, Info:  Time free surface writer frontend: 532.6528 s (min: 79.6080 s, max: 2.9134 ms)
Fri Jun 21 12:22:03, Info:  SeisSol done. Goodbye. 
/hppfs/scratch/01/di35poq/haiti-rupture-outputs/dynamic-relaxation-outputs/outputs_tmp ~/haiti-rupture-inputs/dynamic-relaxation/step500_smooth7
Writing hdf5 output with compression enabled (compression_level=4). 
Use --compression=0 if you want to speed-up data extraction.
Writing hdf5 output with compression enabled (compression_level=4). 
Use --compression=0 if you want to speed-up data extraction.
u1: 0it [00:00, ?it/s]u1: 2it [00:00, 94.31it/s]
u2: 0it [00:00, ?it/s]u2: 2it [00:00, 199.07it/s]
u3: 0it [00:00, ?it/s]u3: 2it [00:00, 92.46it/s]
done writing output_extracted-surface.h5
done writing output_extracted-surface.xdmf
full path: /hppfs/scratch/01/di35poq/haiti-rupture-outputs/dynamic-relaxation-outputs/outputs_tmp/output_extracted-surface.xdmf
t=20 not found in output.xdmf
done writing output_resampled_vertex.h5
sigma_xx sigma_yy sigma_zz sigma_xy sigma_xz sigma_yz done writing output_resampled_cell.h5
done writing output_resampled.xdmf
~/haiti-rupture-inputs/dynamic-relaxation/step500_smooth7
