Thu 29 Aug 2024 10:24:13 PM UTC
num_nodes: 16 ntasks: 16 cpus_per_task:
Line 63 replaced with: OutputFile='/hppfs/scratch/01/di35poq/haiti-rupture-outputs/dynamic-rupture-outputs/combined_FL33-regional/jobid_3854589'
Job log complete.
Starting SeisSol...
Fri Aug 30 00:25:28, Info:  Using the parameter file parameters.par 
Fri Aug 30 00:25:28, Info:  Reading SeisSol parameter file... 
Fri Aug 30 00:25:28, Info:  In your parameter file, you have specified a non-positive interval for "checkpointinterval" . This mechanism is deprecated and may be removed in a future version of SeisSol. Consider disabling the whole module by setting "checkpoint" to 0 instead by adding "checkpoint = 0" to the "output" section of your parameter file instead. 
Fri Aug 30 00:25:28, Info:  The field "printintervalcriterion" is no longer in use. You may safely remove it from your parameters file. 
Fri Aug 30 00:25:28, Info:  Disabling the wavefield output by setting "outputformat = 10" is deprecated and may be removed in a future version of SeisSol. Consider using the parameter "wavefieldoutput" instead. To disable wavefield output, add "wavefieldoutput = 0" to the "output" section of your parameters file. 
Fri Aug 30 00:25:28, Info:  The field "printintervalcriterion" is no longer in use. You may safely remove it from your parameters file. 
Fri Aug 30 00:25:28, Info:  The field "pickdttype" is no longer in use. You may safely remove it from your parameters file. 
Fri Aug 30 00:25:28, Info:  The field "faultoutputflag" is no longer in use. You may safely remove it from your parameters file. 
Fri Aug 30 00:25:28, Info:  The field "boundaries" is no longer in use. You may safely remove it from your parameters file. 
Fri Aug 30 00:25:28, Info:  SeisSol parameter file read successfully. 
Fri Aug 30 00:25:28, Info:  Model information: 
Fri Aug 30 00:25:28, Info:  Elastic model: yes 
Fri Aug 30 00:25:28, Info:  Viscoelastic model: no 
Fri Aug 30 00:25:28, Info:  Anelastic model: no 
Fri Aug 30 00:25:28, Info:  Poroelastic model: no 
Fri Aug 30 00:25:28, Info:  Anisotropic model: no 
Fri Aug 30 00:25:28, Info:  Plasticity: no 
Fri Aug 30 00:25:28, Info:  Welcome to SeisSol 
Fri Aug 30 00:25:28, Info:  Copyright (c) 2012 - 2024  SeisSol Group 
Fri Aug 30 00:25:28, Info:  Version: v1.1.4-148-g60aedc8c (dirty) 
Fri Aug 30 00:25:28, Info:  Built on: Jun 17 2024 21:03:35 
Fri Aug 30 00:25:28, Info:  Last commit: 60aedc8c2ae0a5d9e5a46cc3a40e4eaf1c047225 at 2024-06-06T12:54:08+00:00 
Fri Aug 30 00:25:28, Info:  Compiled with HOST_ARCH = skx 
Fri Aug 30 00:25:28, Info:  Running on (rank=0): "i01r01c03s01" 
Fri Aug 30 00:25:28, Info:  Using MPI with #ranks: 16 
Fri Aug 30 00:25:28, Info:  Node-wide (shared memory) MPI with #ranks/node: 1 
Fri Aug 30 00:25:28, Info:  Using asynchronous MPI routines. 
Fri Aug 30 00:25:28, Info:  Using OMP with #threads/rank: 94 
Fri Aug 30 00:25:28, Info:  OpenMP worker affinity (this process): "0123456789|0123456789|0123456789|0123456789|0123456-89|0123456789|0123456789|0123456789|0123456789|01234-" 
Fri Aug 30 00:25:28, Info:  OpenMP worker affinity (this node)   : "0123456789|0123456789|0123456789|0123456789|0123456-89|0123456789|0123456789|0123456789|0123456789|01234-" 
Fri Aug 30 00:25:28, Info:  Using a communication thread for advancing MPI communication. 
Fri Aug 30 00:25:28, Info:  Communication thread affinity        : "----------|----------|----------|----------|-------7--|----------|----------|----------|----------|-----5" 
Fri Aug 30 00:25:28, Info:  The stack size ulimit is 2097152 [kiB] ( = 2.0000 GiB ). 
Fri Aug 30 00:25:28, Info:  Begin init mesh. 
Fri Aug 30 00:25:28, Info:  Mesh file: "/dss/dsshome1/01/di35poq/mesh/mesh_v07/Haiti_v07_lowres" 
Fri Aug 30 00:25:28, Info:  Running mini SeisSol to determine node weights. 
Fri Aug 30 00:25:28, Info:  miniSeisSol configured with 50000 elements and 10 repeats per process 
Fri Aug 30 00:25:28, Info:  Node weights: mean = 41.2749  std = 0.370265  min = 40.707  median = 41.1163  max = 41.8888 
Fri Aug 30 00:25:28, Info:  Reading PUML mesh 
Fri Aug 30 00:25:28, Info:  Inferring boundary format. 
Fri Aug 30 00:25:28, Info:  Boundary format not given in PUML file; inferring from array shape. 
Fri Aug 30 00:25:28, Info:  Using boundary format: i32 (4xi8) 
Fri Aug 30 00:25:28, Info:  Found 2685422 cells 
Fri Aug 30 00:25:28, Info:  Found 477078 vertices 
Fri Aug 30 00:25:30, Info:  Computing LTS weights. 
Fri Aug 30 00:25:33, Info:  Limiting number of clusters to 2147483646 
Fri Aug 30 00:25:33, Info:  Computing LTS weights. Done.  (108216 reductions.)
Fri Aug 30 00:25:33, Info:  Using the Parmetis partition library and strategy. 
Fri Aug 30 00:25:36, Info:  PUML mesh read in: 7.8348 s (min: 7.7747 s, max: 8.0223 s)
Fri Aug 30 00:25:36, Info:  The mesh has been read. Starting post processing. 
Fri Aug 30 00:25:36, Info:  Extracting fault information. 
Fri Aug 30 00:25:36, Info:  Exchanging ghostlayer metadata. 
Fri Aug 30 00:25:38, Info:  Mesh initialized in: 9.9616 s (min: 9.9613 s, max: 9.9626 s)
Fri Aug 30 00:25:38, Info:  End init mesh. 
Fri Aug 30 00:25:38, Info:  Begin init model. 
Fri Aug 30 00:25:38, Info:  Initialize LTS. 
Fri Aug 30 00:25:38, Info:  Deriving clusters ids for min. time step width / multiRate: 0.000213316 / 2 
Fri Aug 30 00:25:38, Info:  Due to wiggle factor of 1 the minimum timestep size is reduced to 0.000213316 
Fri Aug 30 00:25:38, Info:  Number of elements in time clusters: 
Fri Aug 30 00:25:38, Info:  0: 2088 
Fri Aug 30 00:25:38, Info:  1: 265401 
Fri Aug 30 00:25:38, Info:  2: 1618976 
Fri Aug 30 00:25:38, Info:  3: 538212 
Fri Aug 30 00:25:38, Info:  4: 147352 
Fri Aug 30 00:25:38, Info:  5: 35652 
Fri Aug 30 00:25:38, Info:  6: 11329 
Fri Aug 30 00:25:38, Info:  7: 18592 
Fri Aug 30 00:25:38, Info:  8: 47781 
Fri Aug 30 00:25:38, Info:  9: 39 
Fri Aug 30 00:25:38, Info:  maximum theoretical speedup (compared to GTS): 6.4313 per cell LTS, 4.34786 with the used clustering. 
Fri Aug 30 00:25:38, Info:  Number of elements in dynamic rupture time clusters: 
Fri Aug 30 00:25:38, Info:  0 (dr): 617 
Fri Aug 30 00:25:38, Info:  1 (dr): 78812 
Fri Aug 30 00:25:38, Info:  2 (dr): 309936 
Fri Aug 30 00:25:38, Info:  3 (dr): 2509 
Fri Aug 30 00:25:38, Info:  4 (dr): 0 
Fri Aug 30 00:25:38, Info:  5 (dr): 0 
Fri Aug 30 00:25:38, Info:  6 (dr): 0 
Fri Aug 30 00:25:38, Info:  7 (dr): 0 
Fri Aug 30 00:25:38, Info:  8 (dr): 0 
Fri Aug 30 00:25:38, Info:  9 (dr): 0 
Fri Aug 30 00:25:38, Info:  Initialize Friction Model 
Fri Aug 30 00:25:39, Info:  Initialize cell material parameters. 
Fri Aug 30 00:25:41, Info:  Initialize Memory layout. 
Fri Aug 30 00:25:41, Info:  Initialize cell-local matrices. 
Fri Aug 30 00:25:42, Info:  Initializing Fault, using a quadrature rule with  25  points. 
Fri Aug 30 00:28:03, Info:  Model initialized in: 2 min 25.2831 s (min: 2 min 25.2809 s, max: 2 min 25.2868 s)
Fri Aug 30 00:28:03, Info:  End init model. 
Fri Aug 30 00:28:03, Info:  Setting initial conditions. 
Fri Aug 30 00:28:03, Info:  Using initial condition "Zero" . 
Fri Aug 30 00:28:03, Info:  Reading source. 
Fri Aug 30 00:28:03, Info:  No source term specified. 
Fri Aug 30 00:28:03, Info:  Setting up boundary conditions. 
Fri Aug 30 00:28:03, Info:  Begin init output. 
Fri Aug 30 00:28:03, Info:  Initializing free surface integrator. 
Fri Aug 30 00:28:03, Info:  Initializing free surface integrator. Done. 
Fri Aug 30 00:28:03, Info:  Enabling 2D fault output 
Fri Aug 30 00:28:03, Info:  Initializing Fault output. Number of sub-triangles: 4 
Fri Aug 30 00:28:04, Info:  Initializing XDMF fault output. 
Fri Aug 30 00:28:04, Info:  Fault writer thread affinity: "----------|----------|----------|----------|-------7--|----------|----------|----------|----------|-----5" 
Fri Aug 30 00:28:04, Info:  Initializing XDMF fault output. Done. 
Fri Aug 30 00:28:04, Info:  Initializing free surface output. 
Fri Aug 30 00:28:04, Info:  Free surface writer thread affinity: "----------|----------|----------|----------|-------7--|----------|----------|----------|----------|-----5" 
Fri Aug 30 00:28:04, Info:  Initializing free surface output. Done. 
Fri Aug 30 00:28:04, Info:  No record points read. 
Fri Aug 30 00:28:04, Info:  Finding meshIds for receivers... 
Fri Aug 30 00:28:04, Info:  Cleaning possible double occurring receivers for MPI... 
Fri Aug 30 00:28:04, Info:  Mapping receivers to LTS cells... 
Fri Aug 30 00:28:04, Info:  Initializing energy output. 
Fri Aug 30 00:28:04, Info:  End init output. 
Fri Aug 30 00:28:04, Info:  Finishing initialization... 
Fri Aug 30 00:28:04, Info:  Starting simulation. 
Fri Aug 30 00:28:04, Info:  Writing faultoutput at time 0.
Fri Aug 30 00:28:04, Info:  Writing faultoutput at time 0. Done.
Fri Aug 30 00:28:04, Info:  Writing free surface at time 0.
Fri Aug 30 00:28:04, Info:  Writing free surface at time 0. Done.
Fri Aug 30 00:28:04, Info:  Writing energy output at time 0 
Fri Aug 30 00:28:04, Info:  Total momentum (X, Y, Z): 0  , 0  , 0 
Fri Aug 30 00:28:04, Info:  Writing energy output at time 0 Done. 
Fri Aug 30 00:28:04, Info:  Time spent for initial IO: 54.4868 ms (min: 41.4933 ms, max: 70.6438 ms)
Fri Aug 30 00:28:30, Info:  Writing faultoutput at time 0.5.
Fri Aug 30 00:28:30, Info:  Writing faultoutput at time 0.5. Done.
Fri Aug 30 00:28:30, Info:  Writing energy output at time 0.5 
Fri Aug 30 00:28:31, Info:  Elastic energy (total, % kinematic, % potential):  6.4981e+13  , 39.4514  , 60.5486 
Fri Aug 30 00:28:31, Info:  Total momentum (X, Y, Z): 0.0554199  , -0.0078125  , -0.0160522 
Fri Aug 30 00:28:31, Info:  Frictional work (total, % static, % radiated):  6.77921e+13  , 51.1418  , 48.8582 
Fri Aug 30 00:28:31, Info:  Seismic moment (without plasticity): 3.7025e+17  Mw: 5.64233 
Fri Aug 30 00:28:31, Info:  Writing energy output at time 0.5 Done. 
Fri Aug 30 00:28:31, Info:  Time spent this phase (total): 26.7373 s (min: 26.7036 s, max: 26.7527 s)
Fri Aug 30 00:28:31, Info:  Time spent this phase (compute): 26.6829 s (min: 26.6568 s, max: 26.6993 s)
Fri Aug 30 00:28:31, Info:  Time spent this phase (IO): 50.6753 ms (min: 39.8215 ms, max: 83.4113 ms)
Fri Aug 30 00:28:31, Info:  Performance since the start: 9.4133 TFLOP/s (rank 0: 590.0525 GFLOP/s , average over ranks: 588.3330 GFLOP/s ) 
Fri Aug 30 00:28:31, Info:  Performance since last sync point: 9.4133 TFLOP/s (rank 0: 590.0525 GFLOP/s , average over ranks: 588.3330 GFLOP/s ) 
Fri Aug 30 00:28:57, Info:  Writing faultoutput at time 1.
Fri Aug 30 00:28:57, Info:  Writing faultoutput at time 1. Done.
Fri Aug 30 00:28:57, Info:  Writing free surface at time 1.
Fri Aug 30 00:28:57, Info:  Writing free surface at time 1. Done.
Fri Aug 30 00:28:57, Info:  Writing energy output at time 1 
Fri Aug 30 00:28:57, Info:  Elastic energy (total, % kinematic, % potential):  1.9763e+14  , 34.3887  , 65.6113 
Fri Aug 30 00:28:57, Info:  Total momentum (X, Y, Z): 3.25977  , 0.0917969  , -1.08313 
Fri Aug 30 00:28:57, Info:  Frictional work (total, % static, % radiated):  2.05883e+14  , 51.5751  , 48.4249 
Fri Aug 30 00:28:57, Info:  Seismic moment (without plasticity): 1.37607e+18  Mw: 6.02243 
Fri Aug 30 00:28:57, Info:  Writing energy output at time 1 Done. 
Fri Aug 30 00:28:57, Info:  Time spent this phase (total): 26.4738 s (min: 26.4466 s, max: 26.5002 s)
Fri Aug 30 00:28:57, Info:  Time spent this phase (compute): 26.4737 s (min: 26.4465 s, max: 26.5001 s)
Fri Aug 30 00:28:57, Info:  Time spent this phase (IO): 48.9125 ms (min: 39.9576 ms, max: 70.5117 ms)
Fri Aug 30 00:28:57, Info:  Performance since the start: 9.4599 TFLOP/s (rank 0: 593.0772 GFLOP/s , average over ranks: 591.2454 GFLOP/s ) 
Fri Aug 30 00:28:57, Info:  Performance since last sync point: 9.5070 TFLOP/s (rank 0: 596.1330 GFLOP/s , average over ranks: 594.1870 GFLOP/s ) 
Fri Aug 30 00:29:24, Info:  Writing faultoutput at time 1.5.
Fri Aug 30 00:29:24, Info:  Writing faultoutput at time 1.5. Done.
Fri Aug 30 00:29:24, Info:  Writing energy output at time 1.5 
Fri Aug 30 00:29:24, Info:  Elastic energy (total, % kinematic, % potential):  3.24517e+14  , 29.8876  , 70.1124 
Fri Aug 30 00:29:24, Info:  Total momentum (X, Y, Z): 15.5371  , 3.91931  , -7.46094 
Fri Aug 30 00:29:24, Info:  Frictional work (total, % static, % radiated):  3.384e+14  , 52.1995  , 47.8005 
Fri Aug 30 00:29:24, Info:  Seismic moment (without plasticity): 2.73595e+18  Mw: 6.22141 
Fri Aug 30 00:29:24, Info:  Writing energy output at time 1.5 Done. 
Fri Aug 30 00:29:24, Info:  Time spent this phase (total): 26.6701 s (min: 26.6576 s, max: 26.6774 s)
Fri Aug 30 00:29:24, Info:  Time spent this phase (compute): 26.6700 s (min: 26.6575 s, max: 26.6773 s)
Fri Aug 30 00:29:24, Info:  Time spent this phase (IO): 47.8891 ms (min: 39.7267 ms, max: 63.0710 ms)
Fri Aug 30 00:29:24, Info:  Performance since the start: 9.4523 TFLOP/s (rank 0: 592.7022 GFLOP/s , average over ranks: 590.7682 GFLOP/s ) 
Fri Aug 30 00:29:24, Info:  Performance since last sync point: 9.4371 TFLOP/s (rank 0: 591.9536 GFLOP/s , average over ranks: 589.8162 GFLOP/s ) 
Fri Aug 30 00:29:50, Info:  Writing faultoutput at time 2.
Fri Aug 30 00:29:50, Info:  Writing faultoutput at time 2. Done.
Fri Aug 30 00:29:50, Info:  Writing free surface at time 2.
Fri Aug 30 00:29:50, Info:  Writing free surface at time 2. Done.
Fri Aug 30 00:29:50, Info:  Writing energy output at time 2 
Fri Aug 30 00:29:50, Info:  Elastic energy (total, % kinematic, % potential):  4.37718e+14  , 27.9319  , 72.0681 
Fri Aug 30 00:29:50, Info:  Total momentum (X, Y, Z): 19.0039  , 8.64844  , -15.2109 
Fri Aug 30 00:29:50, Info:  Frictional work (total, % static, % radiated):  4.57728e+14  , 52.9533  , 47.0467 
Fri Aug 30 00:29:50, Info:  Seismic moment (without plasticity): 4.36083e+18  Mw: 6.35638 
Fri Aug 30 00:29:50, Info:  Writing energy output at time 2 Done. 
Fri Aug 30 00:29:50, Info:  Time spent this phase (total): 26.6522 s (min: 26.6387 s, max: 26.6665 s)
Fri Aug 30 00:29:50, Info:  Time spent this phase (compute): 26.6522 s (min: 26.6387 s, max: 26.6665 s)
Fri Aug 30 00:29:50, Info:  Time spent this phase (IO): 50.8754 ms (min: 40.1531 ms, max: 68.3444 ms)
Fri Aug 30 00:29:50, Info:  Performance since the start: 9.4501 TFLOP/s (rank 0: 592.5766 GFLOP/s , average over ranks: 590.6287 GFLOP/s ) 
Fri Aug 30 00:29:50, Info:  Performance since last sync point: 9.4434 TFLOP/s (rank 0: 592.2004 GFLOP/s , average over ranks: 590.2107 GFLOP/s ) 
Fri Aug 30 00:30:17, Info:  Writing faultoutput at time 2.5.
Fri Aug 30 00:30:17, Info:  Writing faultoutput at time 2.5. Done.
Fri Aug 30 00:30:17, Info:  Writing energy output at time 2.5 
Fri Aug 30 00:30:17, Info:  Elastic energy (total, % kinematic, % potential):  5.54145e+14  , 28.2583  , 71.7417 
Fri Aug 30 00:30:17, Info:  Total momentum (X, Y, Z): 8.9043  , 1.44531  , 19.0859 
Fri Aug 30 00:30:17, Info:  Frictional work (total, % static, % radiated):  5.82236e+14  , 53.6303  , 46.3697 
Fri Aug 30 00:30:17, Info:  Seismic moment (without plasticity): 6.41108e+18  Mw: 6.46795 
Fri Aug 30 00:30:17, Info:  Writing energy output at time 2.5 Done. 
Fri Aug 30 00:30:17, Info:  Time spent this phase (total): 26.7193 s (min: 26.6980 s, max: 26.7375 s)
Fri Aug 30 00:30:17, Info:  Time spent this phase (compute): 26.7192 s (min: 26.6980 s, max: 26.7374 s)
Fri Aug 30 00:30:17, Info:  Time spent this phase (IO): 48.7569 ms (min: 39.7878 ms, max: 76.9252 ms)
Fri Aug 30 00:30:17, Info:  Performance since the start: 9.4440 TFLOP/s (rank 0: 592.2052 GFLOP/s , average over ranks: 590.2482 GFLOP/s ) 
Fri Aug 30 00:30:17, Info:  Performance since last sync point: 9.4197 TFLOP/s (rank 0: 590.7243 GFLOP/s , average over ranks: 588.7311 GFLOP/s ) 
Fri Aug 30 00:30:43, Info:  Writing faultoutput at time 3.
Fri Aug 30 00:30:43, Info:  Writing faultoutput at time 3. Done.
Fri Aug 30 00:30:43, Info:  Writing free surface at time 3.
Fri Aug 30 00:30:43, Info:  Writing free surface at time 3. Done.
Fri Aug 30 00:30:43, Info:  Writing energy output at time 3 
Fri Aug 30 00:30:43, Info:  Elastic energy (total, % kinematic, % potential):  7.04554e+14  , 29.1113  , 70.8887 
Fri Aug 30 00:30:43, Info:  Total momentum (X, Y, Z): -40.8418  , -13.9688  , 65.7656 
Fri Aug 30 00:30:43, Info:  Frictional work (total, % static, % radiated):  7.42478e+14  , 54.0599  , 45.9401 
Fri Aug 30 00:30:43, Info:  Seismic moment (without plasticity): 8.97718e+18  Mw: 6.56543 
Fri Aug 30 00:30:43, Info:  Writing energy output at time 3 Done. 
Fri Aug 30 00:30:43, Info:  Time spent this phase (total): 26.4486 s (min: 26.4134 s, max: 26.4872 s)
Fri Aug 30 00:30:43, Info:  Time spent this phase (compute): 26.4485 s (min: 26.4134 s, max: 26.4872 s)
Fri Aug 30 00:30:43, Info:  Time spent this phase (IO): 52.5759 ms (min: 39.8542 ms, max: 95.0881 ms)
Fri Aug 30 00:30:43, Info:  Performance since the start: 9.4559 TFLOP/s (rank 0: 592.9556 GFLOP/s , average over ranks: 590.9944 GFLOP/s ) 
Fri Aug 30 00:30:43, Info:  Performance since last sync point: 9.5161 TFLOP/s (rank 0: 596.7359 GFLOP/s , average over ranks: 594.7545 GFLOP/s ) 
Fri Aug 30 00:31:10, Info:  Writing faultoutput at time 3.5.
Fri Aug 30 00:31:10, Info:  Writing faultoutput at time 3.5. Done.
Fri Aug 30 00:31:10, Info:  Writing energy output at time 3.5 
Fri Aug 30 00:31:10, Info:  Elastic energy (total, % kinematic, % potential):  9.18416e+14  , 30.1091  , 69.8909 
Fri Aug 30 00:31:10, Info:  Total momentum (X, Y, Z): -169.352  , -40.5938  , 139.25 
Fri Aug 30 00:31:10, Info:  Frictional work (total, % static, % radiated):  9.67686e+14  , 54.3947  , 45.6053 
Fri Aug 30 00:31:10, Info:  Seismic moment (without plasticity): 1.21491e+19  Mw: 6.65303 
Fri Aug 30 00:31:10, Info:  Writing energy output at time 3.5 Done. 
Fri Aug 30 00:31:10, Info:  Time spent this phase (total): 26.4470 s (min: 26.4261 s, max: 26.4726 s)
Fri Aug 30 00:31:10, Info:  Time spent this phase (compute): 26.4469 s (min: 26.4260 s, max: 26.4726 s)
Fri Aug 30 00:31:10, Info:  Time spent this phase (IO): 56.0938 ms (min: 39.7443 ms, max: 121.5110 ms)
Fri Aug 30 00:31:10, Info:  Performance since the start: 9.4645 TFLOP/s (rank 0: 593.4874 GFLOP/s , average over ranks: 591.5334 GFLOP/s ) 
Fri Aug 30 00:31:10, Info:  Performance since last sync point: 9.5166 TFLOP/s (rank 0: 596.6982 GFLOP/s , average over ranks: 594.7884 GFLOP/s ) 
Fri Aug 30 00:31:36, Info:  Writing faultoutput at time 4.
Fri Aug 30 00:31:36, Info:  Writing faultoutput at time 4. Done.
Fri Aug 30 00:31:36, Info:  Writing free surface at time 4.
Fri Aug 30 00:31:36, Info:  Writing free surface at time 4. Done.
Fri Aug 30 00:31:36, Info:  Writing energy output at time 4 
Fri Aug 30 00:31:37, Info:  Elastic energy (total, % kinematic, % potential):  1.23884e+15  , 31.7772  , 68.2228 
Fri Aug 30 00:31:37, Info:  Total momentum (X, Y, Z): -286.594  , -70.375  , 218.438 
Fri Aug 30 00:31:37, Info:  Frictional work (total, % static, % radiated):  1.3035e+15  , 54.3899  , 45.6101 
Fri Aug 30 00:31:37, Info:  Seismic moment (without plasticity): 1.62718e+19  Mw: 6.73762 
Fri Aug 30 00:31:37, Info:  Writing energy output at time 4 Done. 
Fri Aug 30 00:31:37, Info:  Time spent this phase (total): 26.5889 s (min: 26.5599 s, max: 26.6332 s)
Fri Aug 30 00:31:37, Info:  Time spent this phase (compute): 26.5888 s (min: 26.5599 s, max: 26.6331 s)
Fri Aug 30 00:31:37, Info:  Time spent this phase (IO): 51.2353 ms (min: 39.9240 ms, max: 71.4315 ms)
Fri Aug 30 00:31:37, Info:  Performance since the start: 9.4647 TFLOP/s (rank 0: 593.5470 GFLOP/s , average over ranks: 591.5443 GFLOP/s ) 
Fri Aug 30 00:31:37, Info:  Performance since last sync point: 9.4659 TFLOP/s (rank 0: 593.9646 GFLOP/s , average over ranks: 591.6209 GFLOP/s ) 
Fri Aug 30 00:32:03, Info:  Writing faultoutput at time 4.5.
Fri Aug 30 00:32:03, Info:  Writing faultoutput at time 4.5. Done.
Fri Aug 30 00:32:03, Info:  Writing energy output at time 4.5 
Fri Aug 30 00:32:03, Info:  Elastic energy (total, % kinematic, % potential):  1.68697e+15  , 32.9741  , 67.0259 
Fri Aug 30 00:32:03, Info:  Total momentum (X, Y, Z): -218.141  , -22  , 188.375 
Fri Aug 30 00:32:03, Info:  Frictional work (total, % static, % radiated):  1.77335e+15  , 54.3862  , 45.6138 
Fri Aug 30 00:32:03, Info:  Seismic moment (without plasticity): 2.16294e+19  Mw: 6.82003 
Fri Aug 30 00:32:03, Info:  Writing energy output at time 4.5 Done. 
Fri Aug 30 00:32:03, Info:  Time spent this phase (total): 26.7148 s (min: 26.6779 s, max: 26.7381 s)
Fri Aug 30 00:32:03, Info:  Time spent this phase (compute): 26.7147 s (min: 26.6778 s, max: 26.7381 s)
Fri Aug 30 00:32:03, Info:  Time spent this phase (IO): 51.0656 ms (min: 39.8605 ms, max: 73.8306 ms)
Fri Aug 30 00:32:03, Info:  Performance since the start: 9.4599 TFLOP/s (rank 0: 593.2734 GFLOP/s , average over ranks: 591.2416 GFLOP/s ) 
Fri Aug 30 00:32:03, Info:  Performance since last sync point: 9.4213 TFLOP/s (rank 0: 591.0936 GFLOP/s , average over ranks: 588.8317 GFLOP/s ) 
Fri Aug 30 00:32:30, Info:  Writing faultoutput at time 5.
Fri Aug 30 00:32:30, Info:  Writing faultoutput at time 5. Done.
Fri Aug 30 00:32:30, Info:  Writing free surface at time 5.
Fri Aug 30 00:32:30, Info:  Writing free surface at time 5. Done.
Fri Aug 30 00:32:30, Info:  Writing energy output at time 5 
Fri Aug 30 00:32:30, Info:  Elastic energy (total, % kinematic, % potential):  2.27977e+15  , 33.8185  , 66.1815 
Fri Aug 30 00:32:30, Info:  Total momentum (X, Y, Z): -234.938  , 107.875  , -463.375 
Fri Aug 30 00:32:30, Info:  Frictional work (total, % static, % radiated):  2.39046e+15  , 54.483  , 45.517 
Fri Aug 30 00:32:30, Info:  Seismic moment (without plasticity): 2.83539e+19  Mw: 6.89841 
Fri Aug 30 00:32:30, Info:  Writing energy output at time 5 Done. 
Fri Aug 30 00:32:30, Info:  Time spent this phase (total): 26.7176 s (min: 26.7028 s, max: 26.7531 s)
Fri Aug 30 00:32:30, Info:  Time spent this phase (compute): 26.7176 s (min: 26.7027 s, max: 26.7530 s)
Fri Aug 30 00:32:30, Info:  Time spent this phase (IO): 51.7934 ms (min: 40.3113 ms, max: 86.3998 ms)
Fri Aug 30 00:32:30, Info:  Performance since the start: 9.4559 TFLOP/s (rank 0: 593.0066 GFLOP/s , average over ranks: 590.9929 GFLOP/s ) 
Fri Aug 30 00:32:30, Info:  Performance since last sync point: 9.4202 TFLOP/s (rank 0: 590.6169 GFLOP/s , average over ranks: 588.7637 GFLOP/s ) 
Fri Aug 30 00:32:56, Info:  Writing faultoutput at time 5.5.
Fri Aug 30 00:32:56, Info:  Writing faultoutput at time 5.5. Done.
Fri Aug 30 00:32:56, Info:  Writing energy output at time 5.5 
Fri Aug 30 00:32:57, Info:  Elastic energy (total, % kinematic, % potential):  3.05768e+15  , 34.429  , 65.571 
Fri Aug 30 00:32:57, Info:  Total momentum (X, Y, Z): 84.1875  , -425.75  , 3561.69 
Fri Aug 30 00:32:57, Info:  Frictional work (total, % static, % radiated):  3.20016e+15  , 54.1689  , 45.8311 
Fri Aug 30 00:32:57, Info:  Seismic moment (without plasticity): 3.66785e+19  Mw: 6.97294 
Fri Aug 30 00:32:57, Info:  Writing energy output at time 5.5 Done. 
Fri Aug 30 00:32:57, Info:  Time spent this phase (total): 26.5903 s (min: 26.5721 s, max: 26.6255 s)
Fri Aug 30 00:32:57, Info:  Time spent this phase (compute): 26.5902 s (min: 26.5720 s, max: 26.6254 s)
Fri Aug 30 00:32:57, Info:  Time spent this phase (IO): 47.9623 ms (min: 40.1512 ms, max: 64.3290 ms)
Fri Aug 30 00:32:57, Info:  Performance since the start: 9.4567 TFLOP/s (rank 0: 593.0871 GFLOP/s , average over ranks: 591.0468 GFLOP/s ) 
Fri Aug 30 00:32:57, Info:  Performance since last sync point: 9.4654 TFLOP/s (rank 0: 593.8934 GFLOP/s , average over ranks: 591.5867 GFLOP/s ) 
Fri Aug 30 00:33:23, Info:  Writing faultoutput at time 6.
Fri Aug 30 00:33:23, Info:  Writing faultoutput at time 6. Done.
Fri Aug 30 00:33:23, Info:  Writing free surface at time 6.
Fri Aug 30 00:33:23, Info:  Writing free surface at time 6. Done.
Fri Aug 30 00:33:23, Info:  Writing energy output at time 6 
Fri Aug 30 00:33:23, Info:  Elastic energy (total, % kinematic, % potential):  3.91281e+15  , 33.1285  , 66.8715 
Fri Aug 30 00:33:23, Info:  Total momentum (X, Y, Z): -1325.38  , 486  , -4123.19 
Fri Aug 30 00:33:23, Info:  Frictional work (total, % static, % radiated):  4.08881e+15  , 53.7619  , 46.2381 
Fri Aug 30 00:33:23, Info:  Seismic moment (without plasticity): 4.5856e+19  Mw: 7.0376 
Fri Aug 30 00:33:23, Info:  Writing energy output at time 6 Done. 
Fri Aug 30 00:33:23, Info:  Time spent this phase (total): 26.5713 s (min: 26.5515 s, max: 26.5858 s)
Fri Aug 30 00:33:23, Info:  Time spent this phase (compute): 26.5712 s (min: 26.5515 s, max: 26.5852 s)
Fri Aug 30 00:33:23, Info:  Time spent this phase (IO): 49.9632 ms (min: 40.3214 ms, max: 75.0889 ms)
Fri Aug 30 00:33:23, Info:  Performance since the start: 9.4580 TFLOP/s (rank 0: 593.1430 GFLOP/s , average over ranks: 591.1269 GFLOP/s ) 
Fri Aug 30 00:33:23, Info:  Performance since last sync point: 9.4721 TFLOP/s (rank 0: 593.7577 GFLOP/s , average over ranks: 592.0091 GFLOP/s ) 
Fri Aug 30 00:33:50, Info:  Writing faultoutput at time 6.5.
Fri Aug 30 00:33:50, Info:  Writing faultoutput at time 6.5. Done.
Fri Aug 30 00:33:50, Info:  Writing energy output at time 6.5 
Fri Aug 30 00:33:50, Info:  Elastic energy (total, % kinematic, % potential):  4.68159e+15  , 30.4216  , 69.5784 
Fri Aug 30 00:33:50, Info:  Total momentum (X, Y, Z): 1781.75  , 4205  , -56978.9 
Fri Aug 30 00:33:50, Info:  Frictional work (total, % static, % radiated):  4.88872e+15  , 53.469  , 46.531 
Fri Aug 30 00:33:50, Info:  Seismic moment (without plasticity): 5.4109e+19  Mw: 7.08551 
Fri Aug 30 00:33:50, Info:  Writing energy output at time 6.5 Done. 
Fri Aug 30 00:33:50, Info:  Time spent this phase (total): 26.6541 s (min: 26.6281 s, max: 26.6655 s)
Fri Aug 30 00:33:50, Info:  Time spent this phase (compute): 26.6540 s (min: 26.6280 s, max: 26.6655 s)
Fri Aug 30 00:33:50, Info:  Time spent this phase (IO): 50.7998 ms (min: 40.1297 ms, max: 86.5808 ms)
Fri Aug 30 00:33:50, Info:  Performance since the start: 9.4569 TFLOP/s (rank 0: 593.0900 GFLOP/s , average over ranks: 591.0532 GFLOP/s ) 
Fri Aug 30 00:33:50, Info:  Performance since last sync point: 9.4427 TFLOP/s (rank 0: 592.4549 GFLOP/s , average over ranks: 590.1710 GFLOP/s ) 
Fri Aug 30 00:34:16, Info:  Writing faultoutput at time 7.
Fri Aug 30 00:34:16, Info:  Writing faultoutput at time 7. Done.
Fri Aug 30 00:34:16, Info:  Writing free surface at time 7.
Fri Aug 30 00:34:16, Info:  Writing free surface at time 7. Done.
Fri Aug 30 00:34:16, Info:  Writing energy output at time 7 
Fri Aug 30 00:34:16, Info:  Elastic energy (total, % kinematic, % potential):  5.35297e+15  , 28.5266  , 71.4734 
Fri Aug 30 00:34:16, Info:  Total momentum (X, Y, Z): 1013.88  , -23667.8  , 412930 
Fri Aug 30 00:34:16, Info:  Frictional work (total, % static, % radiated):  5.59546e+15  , 53.4839  , 46.5161 
Fri Aug 30 00:34:16, Info:  Seismic moment (without plasticity): 6.15453e+19  Mw: 7.1228 
Fri Aug 30 00:34:16, Info:  Writing energy output at time 7 Done. 
Fri Aug 30 00:34:16, Info:  Time spent this phase (total): 26.4058 s (min: 26.3864 s, max: 26.4419 s)
Fri Aug 30 00:34:16, Info:  Time spent this phase (compute): 26.4057 s (min: 26.3862 s, max: 26.4419 s)
Fri Aug 30 00:34:16, Info:  Time spent this phase (IO): 51.7883 ms (min: 40.2025 ms, max: 75.0298 ms)
Fri Aug 30 00:34:16, Info:  Performance since the start: 9.4621 TFLOP/s (rank 0: 593.4148 GFLOP/s , average over ranks: 591.3839 GFLOP/s ) 
Fri Aug 30 00:34:16, Info:  Performance since last sync point: 9.5315 TFLOP/s (rank 0: 597.6705 GFLOP/s , average over ranks: 595.7163 GFLOP/s ) 
Fri Aug 30 00:34:43, Info:  Writing faultoutput at time 7.5.
Fri Aug 30 00:34:43, Info:  Writing faultoutput at time 7.5. Done.
Fri Aug 30 00:34:43, Info:  Writing energy output at time 7.5 
Fri Aug 30 00:34:43, Info:  Elastic energy (total, % kinematic, % potential):  5.93125e+15  , 27.0533  , 72.9467 
Fri Aug 30 00:34:43, Info:  Total momentum (X, Y, Z): -24264.8  , 86229  , -1.62048e+06 
Fri Aug 30 00:34:43, Info:  Frictional work (total, % static, % radiated):  6.21135e+15  , 53.6625  , 46.3375 
Fri Aug 30 00:34:43, Info:  Seismic moment (without plasticity): 6.83941e+19  Mw: 7.15335 
Fri Aug 30 00:34:43, Info:  Writing energy output at time 7.5 Done. 
Fri Aug 30 00:34:43, Info:  Time spent this phase (total): 26.5510 s (min: 26.5226 s, max: 26.5755 s)
Fri Aug 30 00:34:43, Info:  Time spent this phase (compute): 26.5506 s (min: 26.5226 s, max: 26.5755 s)
Fri Aug 30 00:34:43, Info:  Time spent this phase (IO): 51.5830 ms (min: 40.2676 ms, max: 82.5767 ms)
Fri Aug 30 00:34:43, Info:  Performance since the start: 9.4633 TFLOP/s (rank 0: 593.4998 GFLOP/s , average over ranks: 591.4558 GFLOP/s ) 
Fri Aug 30 00:34:43, Info:  Performance since last sync point: 9.4794 TFLOP/s (rank 0: 594.6926 GFLOP/s , average over ranks: 592.4646 GFLOP/s ) 
Fri Aug 30 00:35:09, Info:  Writing faultoutput at time 8.
Fri Aug 30 00:35:09, Info:  Writing faultoutput at time 8. Done.
Fri Aug 30 00:35:09, Info:  Writing free surface at time 8.
Fri Aug 30 00:35:09, Info:  Writing free surface at time 8. Done.
Fri Aug 30 00:35:09, Info:  Writing energy output at time 8 
Fri Aug 30 00:35:09, Info:  Elastic energy (total, % kinematic, % potential):  6.42504e+15  , 25.7461  , 74.2539 
Fri Aug 30 00:35:09, Info:  Total momentum (X, Y, Z): 95387.4  , -254330  , 4.77764e+06 
Fri Aug 30 00:35:09, Info:  Frictional work (total, % static, % radiated):  6.7395e+15  , 53.7184  , 46.2816 
Fri Aug 30 00:35:09, Info:  Seismic moment (without plasticity): 7.46578e+19  Mw: 7.17872 
Fri Aug 30 00:35:09, Info:  Writing energy output at time 8 Done. 
Fri Aug 30 00:35:09, Info:  Time spent this phase (total): 26.6813 s (min: 26.6484 s, max: 26.7155 s)
Fri Aug 30 00:35:09, Info:  Time spent this phase (compute): 26.6812 s (min: 26.6483 s, max: 26.7154 s)
Fri Aug 30 00:35:09, Info:  Time spent this phase (IO): 58.5051 ms (min: 40.4357 ms, max: 139.6103 ms)
Fri Aug 30 00:35:09, Info:  Performance since the start: 9.4614 TFLOP/s (rank 0: 593.3388 GFLOP/s , average over ranks: 591.3371 GFLOP/s ) 
Fri Aug 30 00:35:09, Info:  Performance since last sync point: 9.4330 TFLOP/s (rank 0: 590.9334 GFLOP/s , average over ranks: 589.5629 GFLOP/s ) 
Fri Aug 30 00:35:36, Info:  Writing faultoutput at time 8.5.
Fri Aug 30 00:35:36, Info:  Writing faultoutput at time 8.5. Done.
Fri Aug 30 00:35:36, Info:  Writing energy output at time 8.5 
Fri Aug 30 00:35:36, Info:  Elastic energy (total, % kinematic, % potential):  6.83115e+15  , 24.4055  , 75.5945 
Fri Aug 30 00:35:36, Info:  Total momentum (X, Y, Z): -281540  , 604372  , -1.23439e+07 
Fri Aug 30 00:35:36, Info:  Frictional work (total, % static, % radiated):  7.17932e+15  , 53.7886  , 46.2114 
Fri Aug 30 00:35:36, Info:  Seismic moment (without plasticity): 8.02742e+19  Mw: 7.19972 
Fri Aug 30 00:35:36, Info:  Writing energy output at time 8.5 Done. 
Fri Aug 30 00:35:36, Info:  Time spent this phase (total): 26.6696 s (min: 26.6376 s, max: 26.7190 s)
Fri Aug 30 00:35:36, Info:  Time spent this phase (compute): 26.6695 s (min: 26.6375 s, max: 26.7190 s)
Fri Aug 30 00:35:36, Info:  Time spent this phase (IO): 48.4594 ms (min: 40.3217 ms, max: 73.2481 ms)
Fri Aug 30 00:35:36, Info:  Performance since the start: 9.4600 TFLOP/s (rank 0: 593.2886 GFLOP/s , average over ranks: 591.2483 GFLOP/s ) 
Fri Aug 30 00:35:36, Info:  Performance since last sync point: 9.4373 TFLOP/s (rank 0: 592.4858 GFLOP/s , average over ranks: 589.8316 GFLOP/s ) 
Fri Aug 30 00:36:02, Info:  Writing faultoutput at time 9.
Fri Aug 30 00:36:02, Info:  Writing faultoutput at time 9. Done.
Fri Aug 30 00:36:02, Info:  Writing free surface at time 9.
Fri Aug 30 00:36:02, Info:  Writing free surface at time 9. Done.
Fri Aug 30 00:36:02, Info:  Writing energy output at time 9 
Fri Aug 30 00:36:03, Info:  Elastic energy (total, % kinematic, % potential):  7.14699e+15  , 22.9351  , 77.0649 
Fri Aug 30 00:36:03, Info:  Total momentum (X, Y, Z): 644034  , -1.07539e+06  , 3.01567e+07 
Fri Aug 30 00:36:03, Info:  Frictional work (total, % static, % radiated):  7.52825e+15  , 54.0329  , 45.9671 
Fri Aug 30 00:36:03, Info:  Seismic moment (without plasticity): 8.50889e+19  Mw: 7.21658 
Fri Aug 30 00:36:03, Info:  Writing energy output at time 9 Done. 
Fri Aug 30 00:36:03, Info:  Time spent this phase (total): 26.4365 s (min: 26.4101 s, max: 26.4482 s)
Fri Aug 30 00:36:03, Info:  Time spent this phase (compute): 26.4365 s (min: 26.4100 s, max: 26.4481 s)
Fri Aug 30 00:36:03, Info:  Time spent this phase (IO): 51.3524 ms (min: 40.4289 ms, max: 78.9275 ms)
Fri Aug 30 00:36:03, Info:  Performance since the start: 9.4633 TFLOP/s (rank 0: 593.4947 GFLOP/s , average over ranks: 591.4568 GFLOP/s ) 
Fri Aug 30 00:36:03, Info:  Performance since last sync point: 9.5204 TFLOP/s (rank 0: 597.0204 GFLOP/s , average over ranks: 595.0252 GFLOP/s ) 
Fri Aug 30 00:36:29, Info:  Writing faultoutput at time 9.5.
Fri Aug 30 00:36:29, Info:  Writing faultoutput at time 9.5. Done.
Fri Aug 30 00:36:29, Info:  Writing energy output at time 9.5 
Fri Aug 30 00:36:29, Info:  Elastic energy (total, % kinematic, % potential):  7.37065e+15  , 21.5587  , 78.4413 
Fri Aug 30 00:36:29, Info:  Total momentum (X, Y, Z): -851190  , 889224  , -6.91976e+07 
Fri Aug 30 00:36:29, Info:  Frictional work (total, % static, % radiated):  7.78655e+15  , 54.7455  , 45.2545 
Fri Aug 30 00:36:29, Info:  Seismic moment (without plasticity): 8.89034e+19  Mw: 7.22928 
Fri Aug 30 00:36:29, Info:  Writing energy output at time 9.5 Done. 
Fri Aug 30 00:36:29, Info:  Time spent this phase (total): 26.5538 s (min: 26.4894 s, max: 26.5877 s)
Fri Aug 30 00:36:29, Info:  Time spent this phase (compute): 26.5537 s (min: 26.4893 s, max: 26.5876 s)
Fri Aug 30 00:36:29, Info:  Time spent this phase (IO): 50.9310 ms (min: 40.3682 ms, max: 94.3040 ms)
Fri Aug 30 00:36:29, Info:  Performance since the start: 9.4641 TFLOP/s (rank 0: 593.5356 GFLOP/s , average over ranks: 591.5065 GFLOP/s ) 
Fri Aug 30 00:36:29, Info:  Performance since last sync point: 9.4784 TFLOP/s (rank 0: 594.2737 GFLOP/s , average over ranks: 592.4020 GFLOP/s ) 
Fri Aug 30 00:36:56, Info:  Writing faultoutput at time 10.
Fri Aug 30 00:36:56, Info:  Writing faultoutput at time 10. Done.
Fri Aug 30 00:36:56, Info:  Writing free surface at time 10.
Fri Aug 30 00:36:56, Info:  Writing free surface at time 10. Done.
Fri Aug 30 00:36:56, Info:  Wrote receivers in 4.96e-07 seconds. 
Fri Aug 30 00:36:56, Info:  Writing energy output at time 10 
Fri Aug 30 00:36:56, Info:  Elastic energy (total, % kinematic, % potential):  7.51438e+15  , 20.3502  , 79.6498 
Fri Aug 30 00:36:56, Info:  Total momentum (X, Y, Z): -1.82096e+06  , 2.54487e+06  , 1.38493e+08 
Fri Aug 30 00:36:56, Info:  Frictional work (total, % static, % radiated):  7.97075e+15  , 55.6134  , 44.3866 
Fri Aug 30 00:36:56, Info:  Seismic moment (without plasticity): 9.1871e+19  Mw: 7.23879 
Fri Aug 30 00:36:56, Info:  Writing energy output at time 10 Done. 
Fri Aug 30 00:36:56, Info:  Time spent this phase (total): 26.7176 s (min: 26.6955 s, max: 26.7477 s)
Fri Aug 30 00:36:56, Info:  Time spent this phase (compute): 26.7175 s (min: 26.6954 s, max: 26.7477 s)
Fri Aug 30 00:36:56, Info:  Time spent this phase (IO): 51.8696 ms (min: 40.6057 ms, max: 68.1518 ms)
Fri Aug 30 00:36:56, Info:  Performance since the start: 9.4619 TFLOP/s (rank 0: 593.3847 GFLOP/s , average over ranks: 591.3689 GFLOP/s ) 
Fri Aug 30 00:36:56, Info:  Performance since last sync point: 9.4203 TFLOP/s (rank 0: 590.5328 GFLOP/s , average over ranks: 588.7676 GFLOP/s ) 
Fri Aug 30 00:37:22, Info:  Writing faultoutput at time 10.5.
Fri Aug 30 00:37:22, Info:  Writing faultoutput at time 10.5. Done.
Fri Aug 30 00:37:22, Info:  Writing energy output at time 10.5 
Fri Aug 30 00:37:23, Info:  Elastic energy (total, % kinematic, % potential):  7.60337e+15  , 19.3013  , 80.6987 
Fri Aug 30 00:37:23, Info:  Total momentum (X, Y, Z): 1.7004e+07  , -1.57963e+07  , -1.90517e+08 
Fri Aug 30 00:37:23, Info:  Frictional work (total, % static, % radiated):  8.10994e+15  , 56.2636  , 43.7364 
Fri Aug 30 00:37:23, Info:  Seismic moment (without plasticity): 9.43066e+19  Mw: 7.24636 
Fri Aug 30 00:37:23, Info:  Writing energy output at time 10.5 Done. 
Fri Aug 30 00:37:23, Info:  Time spent this phase (total): 26.7321 s (min: 26.7004 s, max: 26.7465 s)
Fri Aug 30 00:37:23, Info:  Time spent this phase (compute): 26.7320 s (min: 26.7004 s, max: 26.7464 s)
Fri Aug 30 00:37:23, Info:  Time spent this phase (IO): 49.7583 ms (min: 40.3846 ms, max: 70.3642 ms)
Fri Aug 30 00:37:23, Info:  Performance since the start: 9.4597 TFLOP/s (rank 0: 593.2757 GFLOP/s , average over ranks: 591.2292 GFLOP/s ) 
Fri Aug 30 00:37:23, Info:  Performance since last sync point: 9.4152 TFLOP/s (rank 0: 591.1041 GFLOP/s , average over ranks: 588.4492 GFLOP/s ) 
Fri Aug 30 00:37:49, Info:  Writing faultoutput at time 11.
Fri Aug 30 00:37:49, Info:  Writing faultoutput at time 11. Done.
Fri Aug 30 00:37:49, Info:  Writing free surface at time 11.
Fri Aug 30 00:37:49, Info:  Writing free surface at time 11. Done.
Fri Aug 30 00:37:49, Info:  Writing energy output at time 11 
Fri Aug 30 00:37:49, Info:  Elastic energy (total, % kinematic, % potential):  7.65025e+15  , 18.3488  , 81.6512 
Fri Aug 30 00:37:49, Info:  Total momentum (X, Y, Z): -6.34077e+07  , 5.23962e+07  , -6.27108e+07 
Fri Aug 30 00:37:49, Info:  Frictional work (total, % static, % radiated):  8.21205e+15  , 56.5723  , 43.4277 
Fri Aug 30 00:37:49, Info:  Seismic moment (without plasticity): 9.62567e+19  Mw: 7.25229 
Fri Aug 30 00:37:49, Info:  Writing energy output at time 11 Done. 
Fri Aug 30 00:37:49, Info:  Time spent this phase (total): 26.5806 s (min: 26.5409 s, max: 26.6029 s)
Fri Aug 30 00:37:49, Info:  Time spent this phase (compute): 26.5805 s (min: 26.5409 s, max: 26.6028 s)
Fri Aug 30 00:37:49, Info:  Time spent this phase (IO): 54.9061 ms (min: 40.4786 ms, max: 105.2718 ms)
Fri Aug 30 00:37:49, Info:  Performance since the start: 9.4601 TFLOP/s (rank 0: 593.2948 GFLOP/s , average over ranks: 591.2553 GFLOP/s ) 
Fri Aug 30 00:37:49, Info:  Performance since last sync point: 9.4689 TFLOP/s (rank 0: 593.6954 GFLOP/s , average over ranks: 591.8044 GFLOP/s ) 
Fri Aug 30 00:38:15, Info:  Writing faultoutput at time 11.5.
Fri Aug 30 00:38:15, Info:  Writing faultoutput at time 11.5. Done.
Fri Aug 30 00:38:15, Info:  Writing energy output at time 11.5 
Fri Aug 30 00:38:16, Info:  Elastic energy (total, % kinematic, % potential):  7.67569e+15  , 17.4289  , 82.5711 
Fri Aug 30 00:38:16, Info:  Total momentum (X, Y, Z): 1.46749e+08  , -1.30755e+08  , 1.29416e+09 
Fri Aug 30 00:38:16, Info:  Frictional work (total, % static, % radiated):  8.28877e+15  , 56.8544  , 43.1456 
Fri Aug 30 00:38:16, Info:  Seismic moment (without plasticity): 9.77923e+19  Mw: 7.25687 
Fri Aug 30 00:38:16, Info:  Writing energy output at time 11.5 Done. 
Fri Aug 30 00:38:16, Info:  Time spent this phase (total): 26.4274 s (min: 26.3775 s, max: 26.5041 s)
Fri Aug 30 00:38:16, Info:  Time spent this phase (compute): 26.4273 s (min: 26.3775 s, max: 26.5040 s)
Fri Aug 30 00:38:16, Info:  Time spent this phase (IO): 50.6482 ms (min: 40.4297 ms, max: 88.2202 ms)
Fri Aug 30 00:38:16, Info:  Performance since the start: 9.4628 TFLOP/s (rank 0: 593.4664 GFLOP/s , average over ranks: 591.4268 GFLOP/s ) 
Fri Aug 30 00:38:16, Info:  Performance since last sync point: 9.5236 TFLOP/s (rank 0: 597.2658 GFLOP/s , average over ranks: 595.2256 GFLOP/s ) 
Fri Aug 30 00:38:42, Info:  Writing faultoutput at time 12.
Fri Aug 30 00:38:42, Info:  Writing faultoutput at time 12. Done.
Fri Aug 30 00:38:42, Info:  Writing free surface at time 12.
Fri Aug 30 00:38:42, Info:  Writing free surface at time 12. Done.
Fri Aug 30 00:38:42, Info:  Writing energy output at time 12 
Fri Aug 30 00:38:42, Info:  Elastic energy (total, % kinematic, % potential):  7.68162e+15  , 16.5414  , 83.4586 
Fri Aug 30 00:38:42, Info:  Total momentum (X, Y, Z): -1.83308e+08  , 2.45591e+08  , -3.2345e+09 
Fri Aug 30 00:38:42, Info:  Frictional work (total, % static, % radiated):  8.34491e+15  , 57.0819  , 42.9181 
Fri Aug 30 00:38:42, Info:  Seismic moment (without plasticity): 9.90272e+19  Mw: 7.2605 
Fri Aug 30 00:38:42, Info:  Writing energy output at time 12 Done. 
Fri Aug 30 00:38:42, Info:  Time spent this phase (total): 26.4405 s (min: 26.4091 s, max: 26.4839 s)
Fri Aug 30 00:38:42, Info:  Time spent this phase (compute): 26.4404 s (min: 26.4090 s, max: 26.4838 s)
Fri Aug 30 00:38:42, Info:  Time spent this phase (IO): 53.2507 ms (min: 40.4372 ms, max: 92.0883 ms)
Fri Aug 30 00:38:42, Info:  Performance since the start: 9.4652 TFLOP/s (rank 0: 593.6251 GFLOP/s , average over ranks: 591.5724 GFLOP/s ) 
Fri Aug 30 00:38:42, Info:  Performance since last sync point: 9.5191 TFLOP/s (rank 0: 597.2988 GFLOP/s , average over ranks: 594.9419 GFLOP/s ) 
Fri Aug 30 00:39:08, Info:  Writing faultoutput at time 12.5.
Fri Aug 30 00:39:08, Info:  Writing faultoutput at time 12.5. Done.
Fri Aug 30 00:39:08, Info:  Writing energy output at time 12.5 
Fri Aug 30 00:39:09, Info:  Elastic energy (total, % kinematic, % potential):  7.6777e+15  , 15.7178  , 84.2822 
Fri Aug 30 00:39:09, Info:  Total momentum (X, Y, Z): -6.72836e+07  , -3.13322e+08  , 4.4736e+08 
Fri Aug 30 00:39:09, Info:  Frictional work (total, % static, % radiated):  8.3819e+15  , 57.2058  , 42.7942 
Fri Aug 30 00:39:09, Info:  Seismic moment (without plasticity): 1.00001e+20  Mw: 7.26334 
Fri Aug 30 00:39:09, Info:  Writing energy output at time 12.5 Done. 
Fri Aug 30 00:39:09, Info:  Time spent this phase (total): 26.5511 s (min: 26.5145 s, max: 26.5716 s)
Fri Aug 30 00:39:09, Info:  Time spent this phase (compute): 26.5511 s (min: 26.5145 s, max: 26.5716 s)
Fri Aug 30 00:39:09, Info:  Time spent this phase (IO): 53.2304 ms (min: 40.5895 ms, max: 106.6206 ms)
Fri Aug 30 00:39:09, Info:  Performance since the start: 9.4657 TFLOP/s (rank 0: 593.6445 GFLOP/s , average over ranks: 591.6077 GFLOP/s ) 
Fri Aug 30 00:39:09, Info:  Performance since last sync point: 9.4793 TFLOP/s (rank 0: 594.1111 GFLOP/s , average over ranks: 592.4548 GFLOP/s ) 
Fri Aug 30 00:39:35, Info:  Writing faultoutput at time 13.
Fri Aug 30 00:39:35, Info:  Writing faultoutput at time 13. Done.
Fri Aug 30 00:39:35, Info:  Writing free surface at time 13.
Fri Aug 30 00:39:35, Info:  Writing free surface at time 13. Done.
Fri Aug 30 00:39:35, Info:  Writing energy output at time 13 
Fri Aug 30 00:39:35, Info:  Elastic energy (total, % kinematic, % potential):  7.66315e+15  , 14.9953  , 85.0047 
Fri Aug 30 00:39:35, Info:  Total momentum (X, Y, Z): 7.63922e+08  , 1.47576e+08  , 1.685e+10 
Fri Aug 30 00:39:35, Info:  Frictional work (total, % static, % radiated):  8.40303e+15  , 57.2791  , 42.7209 
Fri Aug 30 00:39:35, Info:  Seismic moment (without plasticity): 1.00736e+20  Mw: 7.26546 
Fri Aug 30 00:39:35, Info:  Writing energy output at time 13 Done. 
Fri Aug 30 00:39:35, Info:  Time spent this phase (total): 26.5525 s (min: 26.5246 s, max: 26.5795 s)
Fri Aug 30 00:39:35, Info:  Time spent this phase (compute): 26.5524 s (min: 26.5245 s, max: 26.5794 s)
Fri Aug 30 00:39:35, Info:  Time spent this phase (IO): 52.6384 ms (min: 40.4338 ms, max: 90.6670 ms)
Fri Aug 30 00:39:35, Info:  Performance since the start: 9.4662 TFLOP/s (rank 0: 593.6911 GFLOP/s , average over ranks: 591.6393 GFLOP/s ) 
Fri Aug 30 00:39:35, Info:  Performance since last sync point: 9.4789 TFLOP/s (rank 0: 594.8584 GFLOP/s , average over ranks: 592.4324 GFLOP/s ) 
Fri Aug 30 00:40:02, Info:  Writing faultoutput at time 13.5.
Fri Aug 30 00:40:02, Info:  Writing faultoutput at time 13.5. Done.
Fri Aug 30 00:40:02, Info:  Writing energy output at time 13.5 
Fri Aug 30 00:40:02, Info:  Elastic energy (total, % kinematic, % potential):  7.63567e+15  , 14.351  , 85.649 
Fri Aug 30 00:40:02, Info:  Total momentum (X, Y, Z): -1.23675e+09  , 5.53258e+08  , -3.19153e+10 
Fri Aug 30 00:40:02, Info:  Frictional work (total, % static, % radiated):  8.41368e+15  , 57.2957  , 42.7043 
Fri Aug 30 00:40:02, Info:  Seismic moment (without plasticity): 1.01291e+20  Mw: 7.26705 
Fri Aug 30 00:40:02, Info:  Writing energy output at time 13.5 Done. 
Fri Aug 30 00:40:02, Info:  Time spent this phase (total): 26.5951 s (min: 26.5703 s, max: 26.6132 s)
Fri Aug 30 00:40:02, Info:  Time spent this phase (compute): 26.5950 s (min: 26.5702 s, max: 26.6132 s)
Fri Aug 30 00:40:02, Info:  Time spent this phase (IO): 50.5005 ms (min: 40.4465 ms, max: 75.1570 ms)
Fri Aug 30 00:40:02, Info:  Performance since the start: 9.4661 TFLOP/s (rank 0: 593.6905 GFLOP/s , average over ranks: 591.6335 GFLOP/s ) 
Fri Aug 30 00:40:02, Info:  Performance since last sync point: 9.4637 TFLOP/s (rank 0: 593.6752 GFLOP/s , average over ranks: 591.4821 GFLOP/s ) 
Fri Aug 30 00:40:28, Info:  Writing faultoutput at time 14.
Fri Aug 30 00:40:28, Info:  Writing faultoutput at time 14. Done.
Fri Aug 30 00:40:28, Info:  Writing free surface at time 14.
Fri Aug 30 00:40:28, Info:  Writing free surface at time 14. Done.
Fri Aug 30 00:40:28, Info:  Writing energy output at time 14 
Fri Aug 30 00:40:28, Info:  Elastic energy (total, % kinematic, % potential):  7.59519e+15  , 13.8167  , 86.1833 
Fri Aug 30 00:40:28, Info:  Total momentum (X, Y, Z): -6.18806e+07  , -1.84614e+09  , -3.06761e+10 
Fri Aug 30 00:40:28, Info:  Frictional work (total, % static, % radiated):  8.41415e+15  , 57.4844  , 42.5156 
Fri Aug 30 00:40:28, Info:  Seismic moment (without plasticity): 1.01675e+20  Mw: 7.26814 
Fri Aug 30 00:40:28, Info:  Writing energy output at time 14 Done. 
Fri Aug 30 00:40:28, Info:  Time spent this phase (total): 26.6570 s (min: 26.6141 s, max: 26.6992 s)
Fri Aug 30 00:40:28, Info:  Time spent this phase (compute): 26.6569 s (min: 26.6140 s, max: 26.6992 s)
Fri Aug 30 00:40:28, Info:  Time spent this phase (IO): 53.7741 ms (min: 40.5620 ms, max: 94.0098 ms)
Fri Aug 30 00:40:28, Info:  Performance since the start: 9.4653 TFLOP/s (rank 0: 593.6074 GFLOP/s , average over ranks: 591.5788 GFLOP/s ) 
Fri Aug 30 00:40:28, Info:  Performance since last sync point: 9.4417 TFLOP/s (rank 0: 591.3734 GFLOP/s , average over ranks: 590.1064 GFLOP/s ) 
Fri Aug 30 00:40:55, Info:  Writing faultoutput at time 14.5.
Fri Aug 30 00:40:55, Info:  Writing faultoutput at time 14.5. Done.
Fri Aug 30 00:40:55, Info:  Writing energy output at time 14.5 
Fri Aug 30 00:40:55, Info:  Elastic energy (total, % kinematic, % potential):  7.55958e+15  , 13.4425  , 86.5575 
Fri Aug 30 00:40:55, Info:  Total momentum (X, Y, Z): 2.54178e+09  , 2.10693e+09  , 1.67335e+11 
Fri Aug 30 00:40:55, Info:  Frictional work (total, % static, % radiated):  8.41482e+15  , 57.9396  , 42.0604 
Fri Aug 30 00:40:55, Info:  Seismic moment (without plasticity): 1.01905e+20  Mw: 7.2688 
Fri Aug 30 00:40:55, Info:  Writing energy output at time 14.5 Done. 
Fri Aug 30 00:40:55, Info:  Time spent this phase (total): 26.3994 s (min: 26.3655 s, max: 26.4783 s)
Fri Aug 30 00:40:55, Info:  Time spent this phase (compute): 26.3993 s (min: 26.3654 s, max: 26.4782 s)
Fri Aug 30 00:40:55, Info:  Time spent this phase (IO): 52.5786 ms (min: 40.3289 ms, max: 92.9594 ms)
Fri Aug 30 00:40:55, Info:  Performance since the start: 9.4676 TFLOP/s (rank 0: 593.7733 GFLOP/s , average over ranks: 591.7253 GFLOP/s ) 
Fri Aug 30 00:40:55, Info:  Performance since last sync point: 9.5337 TFLOP/s (rank 0: 598.4567 GFLOP/s , average over ranks: 595.8583 GFLOP/s ) 
Fri Aug 30 00:41:21, Info:  Writing faultoutput at time 15.
Fri Aug 30 00:41:21, Info:  Writing faultoutput at time 15. Done.
Fri Aug 30 00:41:21, Info:  Writing free surface at time 15.
Fri Aug 30 00:41:21, Info:  Writing free surface at time 15. Done.
Fri Aug 30 00:41:21, Info:  Writing energy output at time 15 
Fri Aug 30 00:41:21, Info:  Elastic energy (total, % kinematic, % potential):  7.53131e+15  , 13.1345  , 86.8655 
Fri Aug 30 00:41:21, Info:  Total momentum (X, Y, Z): -1.18906e+09  , 1.76067e+09  , -5.74608e+10 
Fri Aug 30 00:41:21, Info:  Frictional work (total, % static, % radiated):  8.41678e+15  , 58.611  , 41.389 
Fri Aug 30 00:41:21, Info:  Seismic moment (without plasticity): 1.0202e+20  Mw: 7.26912 
Fri Aug 30 00:41:21, Info:  Writing energy output at time 15 Done. 
Fri Aug 30 00:41:21, Info:  Time spent this phase (total): 26.5708 s (min: 26.5272 s, max: 26.5952 s)
Fri Aug 30 00:41:21, Info:  Time spent this phase (compute): 26.5707 s (min: 26.5272 s, max: 26.5951 s)
Fri Aug 30 00:41:21, Info:  Time spent this phase (IO): 51.7565 ms (min: 40.7201 ms, max: 80.2461 ms)
Fri Aug 30 00:41:21, Info:  Performance since the start: 9.4678 TFLOP/s (rank 0: 593.7837 GFLOP/s , average over ranks: 591.7353 GFLOP/s ) 
Fri Aug 30 00:41:21, Info:  Performance since last sync point: 9.4724 TFLOP/s (rank 0: 594.0831 GFLOP/s , average over ranks: 592.0252 GFLOP/s ) 
Fri Aug 30 00:41:48, Info:  Writing faultoutput at time 15.5.
Fri Aug 30 00:41:48, Info:  Writing faultoutput at time 15.5. Done.
Fri Aug 30 00:41:48, Info:  Writing energy output at time 15.5 
Fri Aug 30 00:41:48, Info:  Elastic energy (total, % kinematic, % potential):  7.50263e+15  , 12.8508  , 87.1492 
Fri Aug 30 00:41:48, Info:  Total momentum (X, Y, Z): -5.90796e+09  , -6.43011e+09  , -5.50312e+11 
Fri Aug 30 00:41:48, Info:  Frictional work (total, % static, % radiated):  8.41737e+15  , 59.5017  , 40.4983 
Fri Aug 30 00:41:48, Info:  Seismic moment (without plasticity): 1.02084e+20  Mw: 7.26931 
Fri Aug 30 00:41:48, Info:  Writing energy output at time 15.5 Done. 
Fri Aug 30 00:41:48, Info:  Time spent this phase (total): 26.5982 s (min: 26.5850 s, max: 26.6030 s)
Fri Aug 30 00:41:48, Info:  Time spent this phase (compute): 26.5981 s (min: 26.5849 s, max: 26.6029 s)
Fri Aug 30 00:41:48, Info:  Time spent this phase (IO): 51.3335 ms (min: 40.3170 ms, max: 95.1733 ms)
Fri Aug 30 00:41:48, Info:  Performance since the start: 9.4676 TFLOP/s (rank 0: 593.7781 GFLOP/s , average over ranks: 591.7249 GFLOP/s ) 
Fri Aug 30 00:41:48, Info:  Performance since last sync point: 9.4626 TFLOP/s (rank 0: 593.6107 GFLOP/s , average over ranks: 591.4119 GFLOP/s ) 
Fri Aug 30 00:42:14, Info:  Writing faultoutput at time 16.
Fri Aug 30 00:42:14, Info:  Writing faultoutput at time 16. Done.
Fri Aug 30 00:42:14, Info:  Writing free surface at time 16.
Fri Aug 30 00:42:14, Info:  Writing free surface at time 16. Done.
Fri Aug 30 00:42:14, Info:  Writing energy output at time 16 
Fri Aug 30 00:42:15, Info:  Elastic energy (total, % kinematic, % potential):  7.4773e+15  , 12.6739  , 87.3261 
Fri Aug 30 00:42:15, Info:  Total momentum (X, Y, Z): 3.58035e+09  , 1.11389e+09  , 2.73893e+11 
Fri Aug 30 00:42:15, Info:  Frictional work (total, % static, % radiated):  8.41829e+15  , 60.3517  , 39.6483 
Fri Aug 30 00:42:15, Info:  Seismic moment (without plasticity): 1.02126e+20  Mw: 7.26942 
Fri Aug 30 00:42:15, Info:  Writing energy output at time 16 Done. 
Fri Aug 30 00:42:15, Info:  Time spent this phase (total): 26.6741 s (min: 26.6451 s, max: 26.7313 s)
Fri Aug 30 00:42:15, Info:  Time spent this phase (compute): 26.6740 s (min: 26.6451 s, max: 26.7312 s)
Fri Aug 30 00:42:15, Info:  Time spent this phase (IO): 53.0888 ms (min: 40.7003 ms, max: 99.3863 ms)
Fri Aug 30 00:42:15, Info:  Performance since the start: 9.4666 TFLOP/s (rank 0: 593.7116 GFLOP/s , average over ranks: 591.6621 GFLOP/s ) 
Fri Aug 30 00:42:15, Info:  Performance since last sync point: 9.4356 TFLOP/s (rank 0: 591.6585 GFLOP/s , average over ranks: 589.7247 GFLOP/s ) 
Fri Aug 30 00:42:41, Info:  Writing faultoutput at time 16.5.
Fri Aug 30 00:42:41, Info:  Writing faultoutput at time 16.5. Done.
Fri Aug 30 00:42:41, Info:  Writing energy output at time 16.5 
Fri Aug 30 00:42:41, Info:  Elastic energy (total, % kinematic, % potential):  7.45461e+15  , 12.5325  , 87.4675 
Fri Aug 30 00:42:41, Info:  Total momentum (X, Y, Z): 8.26424e+09  , 1.3854e+10  , 1.36213e+12 
Fri Aug 30 00:42:41, Info:  Frictional work (total, % static, % radiated):  8.41912e+15  , 61.2127  , 38.7873 
Fri Aug 30 00:42:41, Info:  Seismic moment (without plasticity): 1.02151e+20  Mw: 7.26949 
Fri Aug 30 00:42:41, Info:  Writing energy output at time 16.5 Done. 
Fri Aug 30 00:42:41, Info:  Time spent this phase (total): 26.7066 s (min: 26.6764 s, max: 26.7372 s)
Fri Aug 30 00:42:41, Info:  Time spent this phase (compute): 26.7065 s (min: 26.6764 s, max: 26.7371 s)
Fri Aug 30 00:42:41, Info:  Time spent this phase (IO): 55.5511 ms (min: 40.3625 ms, max: 117.4337 ms)
Fri Aug 30 00:42:41, Info:  Performance since the start: 9.4653 TFLOP/s (rank 0: 593.6319 GFLOP/s , average over ranks: 591.5815 GFLOP/s ) 
Fri Aug 30 00:42:41, Info:  Performance since last sync point: 9.4242 TFLOP/s (rank 0: 591.0927 GFLOP/s , average over ranks: 589.0118 GFLOP/s ) 
Fri Aug 30 00:43:08, Info:  Writing faultoutput at time 17.
Fri Aug 30 00:43:08, Info:  Writing faultoutput at time 17. Done.
Fri Aug 30 00:43:08, Info:  Writing free surface at time 17.
Fri Aug 30 00:43:08, Info:  Writing free surface at time 17. Done.
Fri Aug 30 00:43:08, Info:  Writing energy output at time 17 
Fri Aug 30 00:43:08, Info:  Elastic energy (total, % kinematic, % potential):  7.43304e+15  , 12.4243  , 87.5757 
Fri Aug 30 00:43:08, Info:  Total momentum (X, Y, Z): -5.69088e+09  , -2.97019e+09  , -5.80027e+11 
Fri Aug 30 00:43:08, Info:  Frictional work (total, % static, % radiated):  8.41969e+15  , 62.0084  , 37.9916 
Fri Aug 30 00:43:08, Info:  Seismic moment (without plasticity): 1.02166e+20  Mw: 7.26954 
Fri Aug 30 00:43:08, Info:  Writing energy output at time 17 Done. 
Fri Aug 30 00:43:08, Info:  Time spent this phase (total): 26.4009 s (min: 26.3653 s, max: 26.4490 s)
Fri Aug 30 00:43:08, Info:  Time spent this phase (compute): 26.4008 s (min: 26.3652 s, max: 26.4489 s)
Fri Aug 30 00:43:08, Info:  Time spent this phase (IO): 53.1392 ms (min: 40.4501 ms, max: 85.2203 ms)
Fri Aug 30 00:43:08, Info:  Performance since the start: 9.4673 TFLOP/s (rank 0: 593.7571 GFLOP/s , average over ranks: 591.7055 GFLOP/s ) 
Fri Aug 30 00:43:08, Info:  Performance since last sync point: 9.5332 TFLOP/s (rank 0: 597.9175 GFLOP/s , average over ranks: 595.8277 GFLOP/s ) 
Fri Aug 30 00:43:34, Info:  Writing faultoutput at time 17.5.
Fri Aug 30 00:43:34, Info:  Writing faultoutput at time 17.5. Done.
Fri Aug 30 00:43:34, Info:  Writing energy output at time 17.5 
Fri Aug 30 00:43:34, Info:  Elastic energy (total, % kinematic, % potential):  7.4129e+15  , 12.3681  , 87.6319 
Fri Aug 30 00:43:34, Info:  Total momentum (X, Y, Z): -1.55971e+10  , -2.36981e+10  , -2.58188e+12 
Fri Aug 30 00:43:34, Info:  Frictional work (total, % static, % radiated):  8.42002e+15  , 62.7432  , 37.2568 
Fri Aug 30 00:43:34, Info:  Seismic moment (without plasticity): 1.02174e+20  Mw: 7.26956 
Fri Aug 30 00:43:34, Info:  Writing energy output at time 17.5 Done. 
Fri Aug 30 00:43:34, Info:  Time spent this phase (total): 26.6810 s (min: 26.6453 s, max: 26.7089 s)
Fri Aug 30 00:43:34, Info:  Time spent this phase (compute): 26.6809 s (min: 26.6452 s, max: 26.7088 s)
Fri Aug 30 00:43:34, Info:  Time spent this phase (IO): 51.9512 ms (min: 40.3523 ms, max: 92.4989 ms)
Fri Aug 30 00:43:34, Info:  Performance since the start: 9.4663 TFLOP/s (rank 0: 593.6990 GFLOP/s , average over ranks: 591.6444 GFLOP/s ) 
Fri Aug 30 00:43:34, Info:  Performance since last sync point: 9.4332 TFLOP/s (rank 0: 591.7320 GFLOP/s , average over ranks: 589.5761 GFLOP/s ) 
Fri Aug 30 00:44:01, Info:  Writing faultoutput at time 18.
Fri Aug 30 00:44:01, Info:  Writing faultoutput at time 18. Done.
Fri Aug 30 00:44:01, Info:  Writing free surface at time 18.
Fri Aug 30 00:44:01, Info:  Writing free surface at time 18. Done.
Fri Aug 30 00:44:01, Info:  Writing energy output at time 18 
Fri Aug 30 00:44:01, Info:  Elastic energy (total, % kinematic, % potential):  7.39287e+15  , 12.2789  , 87.7211 
Fri Aug 30 00:44:01, Info:  Total momentum (X, Y, Z): 7.6915e+09  , 7.22516e+09  , 4.61629e+12 
Fri Aug 30 00:44:01, Info:  Frictional work (total, % static, % radiated):  8.42038e+15  , 63.3428  , 36.6572 
Fri Aug 30 00:44:01, Info:  Seismic moment (without plasticity): 1.02182e+20  Mw: 7.26958 
Fri Aug 30 00:44:01, Info:  Writing energy output at time 18 Done. 
Fri Aug 30 00:44:01, Info:  Time spent this phase (total): 26.5352 s (min: 26.5053 s, max: 26.5721 s)
Fri Aug 30 00:44:01, Info:  Time spent this phase (compute): 26.5352 s (min: 26.5053 s, max: 26.5720 s)
Fri Aug 30 00:44:01, Info:  Time spent this phase (IO): 52.2067 ms (min: 40.4934 ms, max: 88.1865 ms)
Fri Aug 30 00:44:01, Info:  Performance since the start: 9.4668 TFLOP/s (rank 0: 593.7288 GFLOP/s , average over ranks: 591.6768 GFLOP/s ) 
Fri Aug 30 00:44:01, Info:  Performance since last sync point: 9.4850 TFLOP/s (rank 0: 594.7717 GFLOP/s , average over ranks: 592.8119 GFLOP/s ) 
Fri Aug 30 00:44:27, Info:  Writing faultoutput at time 18.5.
Fri Aug 30 00:44:27, Info:  Writing faultoutput at time 18.5. Done.
Fri Aug 30 00:44:27, Info:  Writing energy output at time 18.5 
Fri Aug 30 00:44:27, Info:  Elastic energy (total, % kinematic, % potential):  7.37288e+15  , 12.1813  , 87.8187 
Fri Aug 30 00:44:27, Info:  Total momentum (X, Y, Z): 4.31452e+10  , 3.4635e+10  , 2.7372e+13 
Fri Aug 30 00:44:27, Info:  Frictional work (total, % static, % radiated):  8.42068e+15  , 63.8617  , 36.1383 
Fri Aug 30 00:44:27, Info:  Seismic moment (without plasticity): 1.02189e+20  Mw: 7.2696 
Fri Aug 30 00:44:27, Info:  Writing energy output at time 18.5 Done. 
Fri Aug 30 00:44:27, Info:  Time spent this phase (total): 26.4576 s (min: 26.4109 s, max: 26.5215 s)
Fri Aug 30 00:44:27, Info:  Time spent this phase (compute): 26.4576 s (min: 26.4109 s, max: 26.5214 s)
Fri Aug 30 00:44:27, Info:  Time spent this phase (IO): 49.5325 ms (min: 40.3126 ms, max: 70.1998 ms)
Fri Aug 30 00:44:27, Info:  Performance since the start: 9.4681 TFLOP/s (rank 0: 593.8062 GFLOP/s , average over ranks: 591.7542 GFLOP/s ) 
Fri Aug 30 00:44:27, Info:  Performance since last sync point: 9.5129 TFLOP/s (rank 0: 596.6080 GFLOP/s , average over ranks: 594.5547 GFLOP/s ) 
Fri Aug 30 00:44:54, Info:  Writing faultoutput at time 19.
Fri Aug 30 00:44:54, Info:  Writing faultoutput at time 19. Done.
Fri Aug 30 00:44:54, Info:  Writing free surface at time 19.
Fri Aug 30 00:44:54, Info:  Writing free surface at time 19. Done.
Fri Aug 30 00:44:54, Info:  Writing energy output at time 19 
Fri Aug 30 00:44:54, Info:  Elastic energy (total, % kinematic, % potential):  7.35334e+15  , 12.1056  , 87.8944 
Fri Aug 30 00:44:54, Info:  Total momentum (X, Y, Z): 2.33018e+09  , -1.07472e+10  , 7.37223e+13 
Fri Aug 30 00:44:54, Info:  Frictional work (total, % static, % radiated):  8.42079e+15  , 64.3606  , 35.6394 
Fri Aug 30 00:44:54, Info:  Seismic moment (without plasticity): 1.02194e+20  Mw: 7.26962 
Fri Aug 30 00:44:54, Info:  Writing energy output at time 19 Done. 
Fri Aug 30 00:44:54, Info:  Time spent this phase (total): 26.5100 s (min: 26.4618 s, max: 26.5276 s)
Fri Aug 30 00:44:54, Info:  Time spent this phase (compute): 26.5099 s (min: 26.4617 s, max: 26.5275 s)
Fri Aug 30 00:44:54, Info:  Time spent this phase (IO): 50.9400 ms (min: 40.7534 ms, max: 70.3760 ms)
Fri Aug 30 00:44:54, Info:  Performance since the start: 9.4687 TFLOP/s (rank 0: 593.8512 GFLOP/s , average over ranks: 591.7968 GFLOP/s ) 
Fri Aug 30 00:44:54, Info:  Performance since last sync point: 9.4941 TFLOP/s (rank 0: 595.5193 GFLOP/s , average over ranks: 593.3785 GFLOP/s ) 
Fri Aug 30 00:45:21, Info:  Writing faultoutput at time 19.5.
Fri Aug 30 00:45:21, Info:  Writing faultoutput at time 19.5. Done.
Fri Aug 30 00:45:21, Info:  Writing energy output at time 19.5 
Fri Aug 30 00:45:21, Info:  Elastic energy (total, % kinematic, % potential):  7.33423e+15  , 12.0388  , 87.9612 
Fri Aug 30 00:45:21, Info:  Total momentum (X, Y, Z): -9.60304e+10  , -3.7734e+10  , 1.61896e+14 
Fri Aug 30 00:45:21, Info:  Frictional work (total, % static, % radiated):  8.42085e+15  , 64.7675  , 35.2325 
Fri Aug 30 00:45:21, Info:  Seismic moment (without plasticity): 1.02199e+20  Mw: 7.26963 
Fri Aug 30 00:45:21, Info:  Writing energy output at time 19.5 Done. 
Fri Aug 30 00:45:21, Info:  Time spent this phase (total): 26.8697 s (min: 26.8514 s, max: 26.8818 s)
Fri Aug 30 00:45:21, Info:  Time spent this phase (compute): 26.8696 s (min: 26.8513 s, max: 26.8817 s)
Fri Aug 30 00:45:21, Info:  Time spent this phase (IO): 49.8784 ms (min: 40.4706 ms, max: 81.4366 ms)
Fri Aug 30 00:45:21, Info:  Performance since the start: 9.4661 TFLOP/s (rank 0: 593.6912 GFLOP/s , average over ranks: 591.6320 GFLOP/s ) 
Fri Aug 30 00:45:21, Info:  Performance since last sync point: 9.3670 TFLOP/s (rank 0: 587.6739 GFLOP/s , average over ranks: 585.4351 GFLOP/s ) 
Fri Aug 30 00:45:47, Info:  Writing faultoutput at time 20.
Fri Aug 30 00:45:47, Info:  Writing faultoutput at time 20. Done.
Fri Aug 30 00:45:47, Info:  Writing free surface at time 20.
Fri Aug 30 00:45:47, Info:  Writing free surface at time 20. Done.
Fri Aug 30 00:45:47, Info:  Wrote receivers in 4.63e-07 seconds. 
Fri Aug 30 00:45:47, Info:  Writing energy output at time 20 
Fri Aug 30 00:45:47, Info:  Elastic energy (total, % kinematic, % potential):  7.31489e+15  , 11.9608  , 88.0392 
Fri Aug 30 00:45:47, Info:  Total momentum (X, Y, Z): -6.71069e+10  , 8.6168e+09  , 3.02558e+14 
Fri Aug 30 00:45:47, Info:  Frictional work (total, % static, % radiated):  8.42087e+15  , 65.1527  , 34.8473 
Fri Aug 30 00:45:47, Info:  Seismic moment (without plasticity): 1.02203e+20  Mw: 7.26964 
Fri Aug 30 00:45:47, Info:  Writing energy output at time 20 Done. 
Fri Aug 30 00:45:47, Info:  Time spent this phase (total): 26.6549 s (min: 26.6322 s, max: 26.6782 s)
Fri Aug 30 00:45:47, Info:  Time spent this phase (compute): 26.6548 s (min: 26.6322 s, max: 26.6776 s)
Fri Aug 30 00:45:47, Info:  Time spent this phase (IO): 54.5585 ms (min: 40.4993 ms, max: 104.2671 ms)
Fri Aug 30 00:45:47, Info:  Performance since the start: 9.4655 TFLOP/s (rank 0: 593.6412 GFLOP/s , average over ranks: 591.5949 GFLOP/s ) 
Fri Aug 30 00:45:47, Info:  Performance since last sync point: 9.4424 TFLOP/s (rank 0: 591.7013 GFLOP/s , average over ranks: 590.1531 GFLOP/s ) 
Fri Aug 30 00:45:47, Info:  Ignoring duplicate synchronisation point at time 20 ; the last sync point was at  20 
Fri Aug 30 00:45:47, Info:  Ignoring duplicate synchronisation point at time 20 ; the last sync point was at  20 
Fri Aug 30 00:45:47, Info:  Ignoring duplicate synchronisation point at time 20 ; the last sync point was at  20 
Fri Aug 30 00:45:47, Info:  Ignoring duplicate synchronisation point at time 20 ; the last sync point was at  20 
Fri Aug 30 00:45:47, Info:  Simulation time (total): 17 min 43.5959 s (min: 17 min 43.5565 s, max: 17 min 43.6405 s)
Fri Aug 30 00:45:47, Info:  Simulation time (compute): 17 min 41.4704 s (min: 17 min 40.4133 s, max: 17 min 41.9316 s)
Fri Aug 30 00:45:47, Info:  Simulation time (IO): 2.1199 s (min: 1.6588 s, max: 3.2010 s)
Fri Aug 30 00:45:47, Info:  Time spent in compute kernels: mean = 1015.97  std = 17.2425  min = 988.242  median = 1013.22  max = 1046.23 
Fri Aug 30 00:45:47, Info:  Load imbalance: 2.89136 % 
Fri Aug 30 00:45:47, Info:  Regression analysis of compute kernels: 
Fri Aug 30 00:45:47, Info:  "computeLocalIntegration" (total time): 4927.38 s ( = 1 h 22 min 7.3769 s ) 
Fri Aug 30 00:45:47, Info:  "computeLocalIntegration" ( constant ): 2.0109e-05 (sample size: 5.14252e+06 , standard error: 4.59413e-12 ) 
Fri Aug 30 00:45:47, Info:  "computeLocalIntegration" ( per element ): 8.32442e-08 (sample size: 5.14252e+06 , standard error: 4.59413e-12 ) 
Fri Aug 30 00:45:47, Info:  "computeNeighboringIntegration" (total time): 6012.88 s ( = 1 h 40 min 12.8816 s ) 
Fri Aug 30 00:45:47, Info:  "computeNeighboringIntegration" ( constant ): 0.000136098 (sample size: 5.14252e+06 , standard error: 6.82438e-12 ) 
Fri Aug 30 00:45:47, Info:  "computeNeighboringIntegration" ( per element ): 9.16831e-08 (sample size: 5.14252e+06 , standard error: 6.82438e-12 ) 
Fri Aug 30 00:45:47, Info:  "computeDynamicRupture" (total time): 5315.34 s ( = 1 h 28 min 35.3399 s ) 
Fri Aug 30 00:45:47, Info:  "computeDynamicRupture" ( constant ): 8.28842e-05 (sample size: 3.8676e+06 , standard error: 4.03294e-11 ) 
Fri Aug 30 00:45:47, Info:  "computeDynamicRupture" ( per element ): 4.52144e-07 (sample size: 3.8676e+06 , standard error: 4.03294e-11 ) 
Fri Aug 30 00:45:47, Info:  "computePointSources" (total time): 0 s ( = 0.0000 s ) 
Fri Aug 30 00:45:47, Info:  "computePointSources" ( constant ): -nan (sample size: 0 , standard error: -nan ) 
Fri Aug 30 00:45:47, Info:  "computePointSources" ( per element ): -nan (sample size: 0 , standard error: -nan ) 
Fri Aug 30 00:45:47, Info:  Total time spent in compute kernels: 16255.6 s ( = 4 h 30 min 55.5985 s ) 
Fri Aug 30 00:45:47, Info:  Total calculated HW-FLOP:  10.0675 PFLOP 
Fri Aug 30 00:45:47, Info:  Total calculated NZ-FLOP:  4.0244 PFLOP 
Fri Aug 30 00:45:47, Info:  Total calculated HW-FLOP/s:  9.4651 TFLOP/s 
Fri Aug 30 00:45:47, Info:  Total calculated NZ-FLOP/s:  3.7836 TFLOP/s 
Fri Aug 30 00:45:47, Info:  WP calculated HW-FLOP:  8.3417 PFLOP 
Fri Aug 30 00:45:47, Info:  WP calculated NZ-FLOP:  2.7412 PFLOP 
Fri Aug 30 00:45:47, Info:  DR calculated HW-FLOP:  1.7258 PFLOP 
Fri Aug 30 00:45:47, Info:  DR calculated NZ-FLOP:  1.2832 PFLOP 
Fri Aug 30 00:45:47, Info:  PL calculated HW-FLOP:  0.0000 FLOP 
Fri Aug 30 00:45:47, Info:  PL calculated NZ-FLOP:  0.0000 FLOP 
Fri Aug 30 00:45:47, Info:  Time spent in simulation: 17 min 43.6410 s (min: 17 min 43.6408 s, max: 17 min 43.6418 s)
Fri Aug 30 00:45:47, Info:  Simulation done. 
Fri Aug 30 00:45:47, Info:  Closing IO. 
Fri Aug 30 00:45:48, Info:  Time fault writer backend: 3.9645 s (min: 2.0828 s, max: 23.1654 s)
Fri Aug 30 00:45:48, Info:  Time fault writer frontend: 45.8311 ms (min: 39.1787 ms, max: 55.1169 ms)
Fri Aug 30 00:45:48, Info:  Time free surface writer backend: 766.5695 ms (min: 97.2906 ms, max: 5.9163 s)
Fri Aug 30 00:45:48, Info:  Time free surface writer frontend: 7.0561 ms (min: 406.3620 s, max: 20.8557 ms)
Fri Aug 30 00:45:48, Info:  SeisSol done. Goodbye. 
SeisSol complete.
/hppfs/scratch/01/di35poq/haiti-rupture-outputs/dynamic-rupture-outputs/combined_FL33-regional/jobid_3854589 ~/haiti-rupture-inputs/dynamic-rupture/combined_FL33-regional
Writing hdf5 output with compression enabled (compression_level=4). 
Use --compression=0 if you want to speed-up data extraction.
u1: 0it [00:00, ?it/s]u1: 1it [00:00,  9.13it/s]u1: 6it [00:00, 32.14it/s]u1: 12it [00:00, 33.02it/s]u1: 20it [00:00, 43.99it/s]
u2: 0it [00:00, ?it/s]u2: 1it [00:00,  7.91it/s]u2: 6it [00:00, 29.44it/s]u2: 10it [00:00, 33.75it/s]u2: 15it [00:00, 39.16it/s]u2: 20it [00:00, 41.46it/s]
u3: 0it [00:00, ?it/s]u3: 4it [00:00, 26.14it/s]u3: 8it [00:00, 32.76it/s]u3: 20it [00:00, 65.89it/s]u3: 20it [00:00, 55.14it/s]
done writing output_jobid_3854589_extracted-surface.h5
done writing output_jobid_3854589_extracted-surface.xdmf
full path: /hppfs/scratch/01/di35poq/haiti-rupture-outputs/dynamic-rupture-outputs/combined_FL33-regional/jobid_3854589/output_jobid_3854589_extracted-surface.xdmf
Working on JobID: 3854589
No matching file found for jobid 3854589. Assigning output-fault.xdmf instead
/hppfs/scratch/01/di35poq/haiti-rupture-outputs/dynamic-rupture-outputs/combined_FL33-regional/jobid_3854589/output-fault.xdmf
warning: Mw computed over 0-85s (avoiding contribution of small residual moment after rupture)
jobid_3854589 moment magnitude: 7.269642429321266 (M0 = 1.0220e+20)
Finished writing /hppfs/scratch/01/di35poq/haiti-rupture-outputs/dynamic-rupture-outputs/combined_FL33-regional/jobid_3854589/moment_rate_mainshock.png
No matching file found for jobid 3854589. Looking for output-fault.xdmf instead
mu_s: 0.5
mu_d: 0.41
done writing /hppfs/scratch/01/di35poq/haiti-rupture-outputs/dynamic-rupture-outputs/combined_FL33-regional/jobid_3854589/output_jobid_3854589_extracted-fault.xdmf
full path: /hppfs/scratch/01/di35poq/haiti-rupture-outputs/dynamic-rupture-outputs/combined_FL33-regional/jobid_3854589/output_jobid_3854589_extracted-fault.xdmf
done writing /hppfs/scratch/01/di35poq/haiti-rupture-outputs/dynamic-rupture-outputs/combined_FL33-regional/jobid_3854589/output_jobid_3854589_extracted-fault.h5
Job ID set as: 3854589
mu_s: 0.5
mu_d: 0.41
~/haiti-rupture-inputs/dynamic-rupture/combined_FL33-regional
