Sat 24 Aug 2024 01:38:18 AM UTC
num_nodes: 16 ntasks: 16 cpus_per_task:
Line 63 replaced with: OutputFile='/hppfs/scratch/01/di35poq/haiti-rupture-outputs/dynamic-rupture-outputs/regional-only/jobid_3816916'
Job log complete.
Starting SeisSol...
Sat Aug 24 03:38:19, Info:  Using the parameter file parameters.par 
Sat Aug 24 03:38:19, Info:  Reading SeisSol parameter file... 
Sat Aug 24 03:38:19, Info:  In your parameter file, you have specified a non-positive interval for "checkpointinterval" . This mechanism is deprecated and may be removed in a future version of SeisSol. Consider disabling the whole module by setting "checkpoint" to 0 instead by adding "checkpoint = 0" to the "output" section of your parameter file instead. 
Sat Aug 24 03:38:19, Info:  The field "printintervalcriterion" is no longer in use. You may safely remove it from your parameters file. 
Sat Aug 24 03:38:19, Info:  Disabling the wavefield output by setting "outputformat = 10" is deprecated and may be removed in a future version of SeisSol. Consider using the parameter "wavefieldoutput" instead. To disable wavefield output, add "wavefieldoutput = 0" to the "output" section of your parameters file. 
Sat Aug 24 03:38:19, Info:  The field "printintervalcriterion" is no longer in use. You may safely remove it from your parameters file. 
Sat Aug 24 03:38:19, Info:  The field "pickdttype" is no longer in use. You may safely remove it from your parameters file. 
Sat Aug 24 03:38:19, Info:  The field "faultoutputflag" is no longer in use. You may safely remove it from your parameters file. 
Sat Aug 24 03:38:19, Info:  The field "boundaries" is no longer in use. You may safely remove it from your parameters file. 
Sat Aug 24 03:38:19, Info:  SeisSol parameter file read successfully. 
Sat Aug 24 03:38:19, Info:  Model information: 
Sat Aug 24 03:38:19, Info:  Elastic model: yes 
Sat Aug 24 03:38:19, Info:  Viscoelastic model: no 
Sat Aug 24 03:38:19, Info:  Anelastic model: no 
Sat Aug 24 03:38:19, Info:  Poroelastic model: no 
Sat Aug 24 03:38:19, Info:  Anisotropic model: no 
Sat Aug 24 03:38:19, Info:  Plasticity: no 
Sat Aug 24 03:38:19, Info:  Welcome to SeisSol 
Sat Aug 24 03:38:19, Info:  Copyright (c) 2012 - 2024  SeisSol Group 
Sat Aug 24 03:38:19, Info:  Version: v1.1.4-148-g60aedc8c (dirty) 
Sat Aug 24 03:38:19, Info:  Built on: Jun 17 2024 21:03:35 
Sat Aug 24 03:38:19, Info:  Last commit: 60aedc8c2ae0a5d9e5a46cc3a40e4eaf1c047225 at 2024-06-06T12:54:08+00:00 
Sat Aug 24 03:38:19, Info:  Compiled with HOST_ARCH = skx 
Sat Aug 24 03:38:19, Info:  Running on (rank=0): "i01r01c03s01" 
Sat Aug 24 03:38:19, Info:  Using MPI with #ranks: 16 
Sat Aug 24 03:38:19, Info:  Node-wide (shared memory) MPI with #ranks/node: 1 
Sat Aug 24 03:38:19, Info:  Using asynchronous MPI routines. 
Sat Aug 24 03:38:19, Info:  Using OMP with #threads/rank: 94 
Sat Aug 24 03:38:19, Info:  OpenMP worker affinity (this process): "0123456789|0123456789|0123456789|0123456789|0123456-89|0123456789|0123456789|0123456789|0123456789|01234-" 
Sat Aug 24 03:38:19, Info:  OpenMP worker affinity (this node)   : "0123456789|0123456789|0123456789|0123456789|0123456-89|0123456789|0123456789|0123456789|0123456789|01234-" 
Sat Aug 24 03:38:19, Info:  Using a communication thread for advancing MPI communication. 
Sat Aug 24 03:38:19, Info:  Communication thread affinity        : "----------|----------|----------|----------|-------7--|----------|----------|----------|----------|-----5" 
Sat Aug 24 03:38:19, Info:  The stack size ulimit is 2097152 [kiB] ( = 2.0000 GiB ). 
Sat Aug 24 03:38:19, Info:  Begin init mesh. 
Sat Aug 24 03:38:19, Info:  Mesh file: "/dss/dsshome1/01/di35poq/mesh/mesh_v07/Haiti_v07_lowres" 
Sat Aug 24 03:38:19, Info:  Running mini SeisSol to determine node weights. 
Sat Aug 24 03:38:19, Info:  miniSeisSol configured with 50000 elements and 10 repeats per process 
Sat Aug 24 03:38:19, Info:  Node weights: mean = 41.1871  std = 0.477145  min = 40.1062  median = 41.2813  max = 41.7965 
Sat Aug 24 03:38:19, Info:  Reading PUML mesh 
Sat Aug 24 03:38:19, Info:  Inferring boundary format. 
Sat Aug 24 03:38:19, Info:  Boundary format not given in PUML file; inferring from array shape. 
Sat Aug 24 03:38:19, Info:  Using boundary format: i32 (4xi8) 
Sat Aug 24 03:38:19, Info:  Found 2685422 cells 
Sat Aug 24 03:38:19, Info:  Found 477078 vertices 
Sat Aug 24 03:38:21, Info:  Computing LTS weights. 
Sat Aug 24 03:38:23, Info:  Limiting number of clusters to 2147483646 
Sat Aug 24 03:38:23, Info:  Computing LTS weights. Done.  (108216 reductions.)
Sat Aug 24 03:38:23, Info:  Using the Parmetis partition library and strategy. 
Sat Aug 24 03:38:27, Info:  PUML mesh read in: 7.7190 s (min: 7.5886 s, max: 7.8926 s)
Sat Aug 24 03:38:27, Info:  The mesh has been read. Starting post processing. 
Sat Aug 24 03:38:27, Info:  Extracting fault information. 
Sat Aug 24 03:38:27, Info:  Exchanging ghostlayer metadata. 
Sat Aug 24 03:38:29, Info:  Mesh initialized in: 9.8383 s (min: 9.8378 s, max: 9.8387 s)
Sat Aug 24 03:38:29, Info:  End init mesh. 
Sat Aug 24 03:38:29, Info:  Begin init model. 
Sat Aug 24 03:38:29, Info:  Initialize LTS. 
Sat Aug 24 03:38:29, Info:  Deriving clusters ids for min. time step width / multiRate: 0.000213316 / 2 
Sat Aug 24 03:38:29, Info:  Due to wiggle factor of 1 the minimum timestep size is reduced to 0.000213316 
Sat Aug 24 03:38:29, Info:  Number of elements in time clusters: 
Sat Aug 24 03:38:29, Info:  0: 2088 
Sat Aug 24 03:38:29, Info:  1: 265401 
Sat Aug 24 03:38:29, Info:  2: 1618976 
Sat Aug 24 03:38:29, Info:  3: 538212 
Sat Aug 24 03:38:29, Info:  4: 147352 
Sat Aug 24 03:38:29, Info:  5: 35652 
Sat Aug 24 03:38:29, Info:  6: 11329 
Sat Aug 24 03:38:29, Info:  7: 18592 
Sat Aug 24 03:38:29, Info:  8: 47781 
Sat Aug 24 03:38:29, Info:  9: 39 
Sat Aug 24 03:38:29, Info:  maximum theoretical speedup (compared to GTS): 6.4313 per cell LTS, 4.34786 with the used clustering. 
Sat Aug 24 03:38:29, Info:  Number of elements in dynamic rupture time clusters: 
Sat Aug 24 03:38:29, Info:  0 (dr): 618 
Sat Aug 24 03:38:29, Info:  1 (dr): 78820 
Sat Aug 24 03:38:29, Info:  2 (dr): 309960 
Sat Aug 24 03:38:29, Info:  3 (dr): 2509 
Sat Aug 24 03:38:29, Info:  4 (dr): 0 
Sat Aug 24 03:38:29, Info:  5 (dr): 0 
Sat Aug 24 03:38:29, Info:  6 (dr): 0 
Sat Aug 24 03:38:29, Info:  7 (dr): 0 
Sat Aug 24 03:38:29, Info:  8 (dr): 0 
Sat Aug 24 03:38:29, Info:  9 (dr): 0 
Sat Aug 24 03:38:29, Info:  Initialize Friction Model 
Sat Aug 24 03:38:32, Info:  Initialize cell material parameters. 
Sat Aug 24 03:38:33, Info:  Initialize Memory layout. 
Sat Aug 24 03:38:34, Info:  Initialize cell-local matrices. 
Sat Aug 24 03:38:34, Info:  Initializing Fault, using a quadrature rule with  25  points. 
Sat Aug 24 03:42:04, Info:  Model initialized in: 3 min 35.5315 s (min: 3 min 35.5293 s, max: 3 min 35.5358 s)
Sat Aug 24 03:42:04, Info:  End init model. 
Sat Aug 24 03:42:04, Info:  Setting initial conditions. 
Sat Aug 24 03:42:04, Info:  Using initial condition "Zero" . 
Sat Aug 24 03:42:04, Info:  Reading source. 
Sat Aug 24 03:42:04, Info:  No source term specified. 
Sat Aug 24 03:42:04, Info:  Setting up boundary conditions. 
Sat Aug 24 03:42:04, Info:  Begin init output. 
Sat Aug 24 03:42:04, Info:  Initializing free surface integrator. 
Sat Aug 24 03:42:04, Info:  Initializing free surface integrator. Done. 
Sat Aug 24 03:42:04, Info:  Enabling 2D fault output 
Sat Aug 24 03:42:04, Info:  Initializing Fault output. Number of sub-triangles: 4 
Sat Aug 24 03:42:04, Info:  Initializing XDMF fault output. 
Sat Aug 24 03:42:04, Info:  Fault writer thread affinity: "----------|----------|----------|----------|-------7--|----------|----------|----------|----------|-----5" 
Sat Aug 24 03:42:05, Info:  Initializing XDMF fault output. Done. 
Sat Aug 24 03:42:05, Info:  Initializing free surface output. 
Sat Aug 24 03:42:05, Info:  Free surface writer thread affinity: "----------|----------|----------|----------|-------7--|----------|----------|----------|----------|-----5" 
Sat Aug 24 03:42:05, Info:  No record points read. 
Sat Aug 24 03:42:05, Info:  Finding meshIds for receivers... 
Sat Aug 24 03:42:05, Info:  Cleaning possible double occurring receivers for MPI... 
Sat Aug 24 03:42:05, Info:  Mapping receivers to LTS cells... 
Sat Aug 24 03:42:05, Info:  Initializing energy output. 
Sat Aug 24 03:42:05, Info:  End init output. 
Sat Aug 24 03:42:05, Info:  Initializing free surface output. Done. 
Sat Aug 24 03:42:05, Info:  Finishing initialization... 
Sat Aug 24 03:42:05, Info:  Starting simulation. 
Sat Aug 24 03:42:05, Info:  Writing faultoutput at time 0.
Sat Aug 24 03:42:05, Info:  Writing faultoutput at time 0. Done.
Sat Aug 24 03:42:05, Info:  Writing free surface at time 0.
Sat Aug 24 03:42:05, Info:  Writing free surface at time 0. Done.
Sat Aug 24 03:42:05, Info:  Writing energy output at time 0 
Sat Aug 24 03:42:05, Info:  Total momentum (X, Y, Z): 0  , 0  , 0 
Sat Aug 24 03:42:05, Info:  Writing energy output at time 0 Done. 
Sat Aug 24 03:42:05, Info:  Time spent for initial IO: 52.7405 ms (min: 41.8212 ms, max: 66.6867 ms)
Sat Aug 24 03:42:31, Info:  Writing faultoutput at time 0.5.
Sat Aug 24 03:42:31, Info:  Writing faultoutput at time 0.5. Done.
Sat Aug 24 03:42:31, Info:  Writing energy output at time 0.5 
Sat Aug 24 03:42:31, Info:  Total momentum (X, Y, Z): 0  , 0  , 0 
Sat Aug 24 03:42:31, Info:  Writing energy output at time 0.5 Done. 
Sat Aug 24 03:42:31, Info:  Time spent this phase (total): 26.6855 s (min: 26.6470 s, max: 26.7275 s)
Sat Aug 24 03:42:31, Info:  Time spent this phase (compute): 26.6328 s (min: 26.6052 s, max: 26.6609 s)
Sat Aug 24 03:42:31, Info:  Time spent this phase (IO): 48.2969 ms (min: 40.1878 ms, max: 69.1375 ms)
Sat Aug 24 03:42:31, Info:  Performance since the start: 9.4318 TFLOP/s (rank 0: 584.0892 GFLOP/s , average over ranks: 589.4904 GFLOP/s ) 
Sat Aug 24 03:42:31, Info:  Performance since last sync point: 9.4318 TFLOP/s (rank 0: 584.0892 GFLOP/s , average over ranks: 589.4904 GFLOP/s ) 
Sat Aug 24 03:42:58, Info:  Writing faultoutput at time 1.
Sat Aug 24 03:42:58, Info:  Writing faultoutput at time 1. Done.
Sat Aug 24 03:42:58, Info:  Writing free surface at time 1.
Sat Aug 24 03:42:58, Info:  Writing free surface at time 1. Done.
Sat Aug 24 03:42:58, Info:  Writing energy output at time 1 
Sat Aug 24 03:42:58, Info:  Total momentum (X, Y, Z): 0  , 0  , 0 
Sat Aug 24 03:42:58, Info:  Writing energy output at time 1 Done. 
Sat Aug 24 03:42:58, Info:  Time spent this phase (total): 26.6868 s (min: 26.6711 s, max: 26.7105 s)
Sat Aug 24 03:42:58, Info:  Time spent this phase (compute): 26.6866 s (min: 26.6705 s, max: 26.7103 s)
Sat Aug 24 03:42:58, Info:  Time spent this phase (IO): 50.2773 ms (min: 40.2857 ms, max: 71.2529 ms)
Sat Aug 24 03:42:58, Info:  Performance since the start: 9.4316 TFLOP/s (rank 0: 584.7065 GFLOP/s , average over ranks: 589.4757 GFLOP/s ) 
Sat Aug 24 03:42:58, Info:  Performance since last sync point: 9.4314 TFLOP/s (rank 0: 585.3251 GFLOP/s , average over ranks: 589.4611 GFLOP/s ) 
Sat Aug 24 03:43:25, Info:  Writing faultoutput at time 1.5.
Sat Aug 24 03:43:25, Info:  Writing faultoutput at time 1.5. Done.
Sat Aug 24 03:43:25, Info:  Writing energy output at time 1.5 
Sat Aug 24 03:43:25, Info:  Total momentum (X, Y, Z): 0  , 0  , 0 
Sat Aug 24 03:43:25, Info:  Writing energy output at time 1.5 Done. 
Sat Aug 24 03:43:25, Info:  Time spent this phase (total): 26.5122 s (min: 26.4917 s, max: 26.5656 s)
Sat Aug 24 03:43:25, Info:  Time spent this phase (compute): 26.5121 s (min: 26.4916 s, max: 26.5655 s)
Sat Aug 24 03:43:25, Info:  Time spent this phase (IO): 48.6971 ms (min: 40.1012 ms, max: 79.8628 ms)
Sat Aug 24 03:43:25, Info:  Performance since the start: 9.4521 TFLOP/s (rank 0: 586.0849 GFLOP/s , average over ranks: 590.7584 GFLOP/s ) 
Sat Aug 24 03:43:25, Info:  Performance since last sync point: 9.4935 TFLOP/s (rank 0: 588.8612 GFLOP/s , average over ranks: 593.3409 GFLOP/s ) 
Sat Aug 24 03:43:51, Info:  Writing faultoutput at time 2.
Sat Aug 24 03:43:51, Info:  Writing faultoutput at time 2. Done.
Sat Aug 24 03:43:51, Info:  Writing free surface at time 2.
Sat Aug 24 03:43:51, Info:  Writing free surface at time 2. Done.
Sat Aug 24 03:43:51, Info:  Writing energy output at time 2 
Sat Aug 24 03:43:51, Info:  Total momentum (X, Y, Z): 0  , 0  , 0 
Sat Aug 24 03:43:51, Info:  Writing energy output at time 2 Done. 
Sat Aug 24 03:43:51, Info:  Time spent this phase (total): 26.6999 s (min: 26.6515 s, max: 26.7353 s)
Sat Aug 24 03:43:51, Info:  Time spent this phase (compute): 26.6998 s (min: 26.6515 s, max: 26.7352 s)
Sat Aug 24 03:43:51, Info:  Time spent this phase (IO): 55.1231 ms (min: 40.2628 ms, max: 89.1055 ms)
Sat Aug 24 03:43:51, Info:  Performance since the start: 9.4458 TFLOP/s (rank 0: 585.6702 GFLOP/s , average over ranks: 590.3613 GFLOP/s ) 
Sat Aug 24 03:43:51, Info:  Performance since last sync point: 9.4268 TFLOP/s (rank 0: 584.4298 GFLOP/s , average over ranks: 589.1736 GFLOP/s ) 
Sat Aug 24 03:44:18, Info:  Writing faultoutput at time 2.5.
Sat Aug 24 03:44:18, Info:  Writing faultoutput at time 2.5. Done.
Sat Aug 24 03:44:18, Info:  Writing energy output at time 2.5 
Sat Aug 24 03:44:18, Info:  Total momentum (X, Y, Z): 0  , 0  , 0 
Sat Aug 24 03:44:18, Info:  Writing energy output at time 2.5 Done. 
Sat Aug 24 03:44:18, Info:  Time spent this phase (total): 26.5480 s (min: 26.5065 s, max: 26.6123 s)
Sat Aug 24 03:44:18, Info:  Time spent this phase (compute): 26.5479 s (min: 26.5064 s, max: 26.6123 s)
Sat Aug 24 03:44:18, Info:  Time spent this phase (IO): 51.1683 ms (min: 40.1325 ms, max: 104.0732 ms)
Sat Aug 24 03:44:18, Info:  Performance since the start: 9.4527 TFLOP/s (rank 0: 586.1870 GFLOP/s , average over ranks: 590.7955 GFLOP/s ) 
Sat Aug 24 03:44:18, Info:  Performance since last sync point: 9.4806 TFLOP/s (rank 0: 588.2633 GFLOP/s , average over ranks: 592.5394 GFLOP/s ) 
Sat Aug 24 03:44:44, Info:  Writing faultoutput at time 3.
Sat Aug 24 03:44:44, Info:  Writing faultoutput at time 3. Done.
Sat Aug 24 03:44:44, Info:  Writing free surface at time 3.
Sat Aug 24 03:44:44, Info:  Writing free surface at time 3. Done.
Sat Aug 24 03:44:44, Info:  Writing energy output at time 3 
Sat Aug 24 03:44:44, Info:  Total momentum (X, Y, Z): 0  , 0  , 0 
Sat Aug 24 03:44:44, Info:  Writing energy output at time 3 Done. 
Sat Aug 24 03:44:44, Info:  Time spent this phase (total): 26.5059 s (min: 26.4941 s, max: 26.5235 s)
Sat Aug 24 03:44:44, Info:  Time spent this phase (compute): 26.5058 s (min: 26.4938 s, max: 26.5235 s)
Sat Aug 24 03:44:44, Info:  Time spent this phase (IO): 51.4466 ms (min: 40.2480 ms, max: 83.5222 ms)
Sat Aug 24 03:44:44, Info:  Performance since the start: 9.4599 TFLOP/s (rank 0: 586.6928 GFLOP/s , average over ranks: 591.2418 GFLOP/s ) 
Sat Aug 24 03:44:44, Info:  Performance since last sync point: 9.4957 TFLOP/s (rank 0: 589.2348 GFLOP/s , average over ranks: 593.4837 GFLOP/s ) 
Sat Aug 24 03:45:11, Info:  Writing faultoutput at time 3.5.
Sat Aug 24 03:45:11, Info:  Writing faultoutput at time 3.5. Done.
Sat Aug 24 03:45:11, Info:  Writing energy output at time 3.5 
Sat Aug 24 03:45:11, Info:  Total momentum (X, Y, Z): 0  , 0  , 0 
Sat Aug 24 03:45:11, Info:  Writing energy output at time 3.5 Done. 
Sat Aug 24 03:45:11, Info:  Time spent this phase (total): 26.4601 s (min: 26.4308 s, max: 26.4819 s)
Sat Aug 24 03:45:11, Info:  Time spent this phase (compute): 26.4600 s (min: 26.4307 s, max: 26.4818 s)
Sat Aug 24 03:45:11, Info:  Time spent this phase (IO): 50.8470 ms (min: 40.1977 ms, max: 80.4456 ms)
Sat Aug 24 03:45:11, Info:  Performance since the start: 9.4673 TFLOP/s (rank 0: 587.1173 GFLOP/s , average over ranks: 591.7066 GFLOP/s ) 
Sat Aug 24 03:45:11, Info:  Performance since last sync point: 9.5122 TFLOP/s (rank 0: 589.6770 GFLOP/s , average over ranks: 594.5109 GFLOP/s ) 
Sat Aug 24 03:45:37, Info:  Writing faultoutput at time 4.
Sat Aug 24 03:45:37, Info:  Writing faultoutput at time 4. Done.
Sat Aug 24 03:45:37, Info:  Writing free surface at time 4.
Sat Aug 24 03:45:37, Info:  Writing free surface at time 4. Done.
Sat Aug 24 03:45:37, Info:  Writing energy output at time 4 
Sat Aug 24 03:45:37, Info:  Total momentum (X, Y, Z): 0  , 0  , 0 
Sat Aug 24 03:45:37, Info:  Writing energy output at time 4 Done. 
Sat Aug 24 03:45:37, Info:  Time spent this phase (total): 26.5726 s (min: 26.5305 s, max: 26.6131 s)
Sat Aug 24 03:45:37, Info:  Time spent this phase (compute): 26.5725 s (min: 26.5305 s, max: 26.6131 s)
Sat Aug 24 03:45:37, Info:  Time spent this phase (IO): 58.2922 ms (min: 40.3381 ms, max: 99.5402 ms)
Sat Aug 24 03:45:37, Info:  Performance since the start: 9.4679 TFLOP/s (rank 0: 587.1279 GFLOP/s , average over ranks: 591.7429 GFLOP/s ) 
Sat Aug 24 03:45:37, Info:  Performance since last sync point: 9.4720 TFLOP/s (rank 0: 587.2021 GFLOP/s , average over ranks: 591.9975 GFLOP/s ) 
Sat Aug 24 03:46:04, Info:  Writing faultoutput at time 4.5.
Sat Aug 24 03:46:04, Info:  Writing faultoutput at time 4.5. Done.
Sat Aug 24 03:46:04, Info:  Writing energy output at time 4.5 
Sat Aug 24 03:46:04, Info:  Total momentum (X, Y, Z): 0  , 0  , 0 
Sat Aug 24 03:46:04, Info:  Writing energy output at time 4.5 Done. 
Sat Aug 24 03:46:04, Info:  Time spent this phase (total): 26.7102 s (min: 26.6669 s, max: 26.7377 s)
Sat Aug 24 03:46:04, Info:  Time spent this phase (compute): 26.7102 s (min: 26.6669 s, max: 26.7377 s)
Sat Aug 24 03:46:04, Info:  Time spent this phase (IO): 47.9173 ms (min: 40.1741 ms, max: 74.8823 ms)
Sat Aug 24 03:46:04, Info:  Performance since the start: 9.4629 TFLOP/s (rank 0: 586.8580 GFLOP/s , average over ranks: 591.4301 GFLOP/s ) 
Sat Aug 24 03:46:04, Info:  Performance since last sync point: 9.4230 TFLOP/s (rank 0: 584.7081 GFLOP/s , average over ranks: 588.9399 GFLOP/s ) 
Sat Aug 24 03:46:31, Info:  Writing faultoutput at time 5.
Sat Aug 24 03:46:31, Info:  Writing faultoutput at time 5. Done.
Sat Aug 24 03:46:31, Info:  Writing free surface at time 5.
Sat Aug 24 03:46:31, Info:  Writing free surface at time 5. Done.
Sat Aug 24 03:46:31, Info:  Writing energy output at time 5 
Sat Aug 24 03:46:31, Info:  Total momentum (X, Y, Z): 0  , 0  , 0 
Sat Aug 24 03:46:31, Info:  Writing energy output at time 5 Done. 
Sat Aug 24 03:46:31, Info:  Time spent this phase (total): 26.5919 s (min: 26.5830 s, max: 26.6128 s)
Sat Aug 24 03:46:31, Info:  Time spent this phase (compute): 26.5919 s (min: 26.5830 s, max: 26.6127 s)
Sat Aug 24 03:46:31, Info:  Time spent this phase (IO): 50.0206 ms (min: 40.2666 ms, max: 70.4650 ms)
Sat Aug 24 03:46:31, Info:  Performance since the start: 9.4631 TFLOP/s (rank 0: 586.8909 GFLOP/s , average over ranks: 591.4434 GFLOP/s ) 
Sat Aug 24 03:46:31, Info:  Performance since last sync point: 9.4650 TFLOP/s (rank 0: 587.1867 GFLOP/s , average over ranks: 591.5636 GFLOP/s ) 
Sat Aug 24 03:46:58, Info:  Writing faultoutput at time 5.5.
Sat Aug 24 03:46:58, Info:  Writing faultoutput at time 5.5. Done.
Sat Aug 24 03:46:58, Info:  Writing energy output at time 5.5 
Sat Aug 24 03:46:58, Info:  Total momentum (X, Y, Z): 0  , 0  , 0 
Sat Aug 24 03:46:58, Info:  Writing energy output at time 5.5 Done. 
Sat Aug 24 03:46:58, Info:  Time spent this phase (total): 26.8000 s (min: 26.7807 s, max: 26.8056 s)
Sat Aug 24 03:46:58, Info:  Time spent this phase (compute): 26.7999 s (min: 26.7806 s, max: 26.8055 s)
Sat Aug 24 03:46:58, Info:  Time spent this phase (IO): 47.1476 ms (min: 40.1750 ms, max: 63.8279 ms)
Sat Aug 24 03:46:58, Info:  Performance since the start: 9.4565 TFLOP/s (rank 0: 586.4793 GFLOP/s , average over ranks: 591.0339 GFLOP/s ) 
Sat Aug 24 03:46:58, Info:  Performance since last sync point: 9.3915 TFLOP/s (rank 0: 582.3957 GFLOP/s , average over ranks: 586.9697 GFLOP/s ) 
Sat Aug 24 03:47:24, Info:  Writing faultoutput at time 6.
Sat Aug 24 03:47:24, Info:  Writing faultoutput at time 6. Done.
Sat Aug 24 03:47:24, Info:  Writing free surface at time 6.
Sat Aug 24 03:47:24, Info:  Writing free surface at time 6. Done.
Sat Aug 24 03:47:24, Info:  Writing energy output at time 6 
Sat Aug 24 03:47:24, Info:  Total momentum (X, Y, Z): 0  , 0  , 0 
Sat Aug 24 03:47:24, Info:  Writing energy output at time 6 Done. 
Sat Aug 24 03:47:24, Info:  Time spent this phase (total): 26.5149 s (min: 26.4800 s, max: 26.5709 s)
Sat Aug 24 03:47:24, Info:  Time spent this phase (compute): 26.5148 s (min: 26.4799 s, max: 26.5709 s)
Sat Aug 24 03:47:24, Info:  Time spent this phase (IO): 52.5666 ms (min: 40.3049 ms, max: 91.1206 ms)
Sat Aug 24 03:47:24, Info:  Performance since the start: 9.4595 TFLOP/s (rank 0: 586.6897 GFLOP/s , average over ranks: 591.2206 GFLOP/s ) 
Sat Aug 24 03:47:24, Info:  Performance since last sync point: 9.4925 TFLOP/s (rank 0: 589.0142 GFLOP/s , average over ranks: 593.2819 GFLOP/s ) 
Sat Aug 24 03:47:50, Info:  Writing faultoutput at time 6.5.
Sat Aug 24 03:47:50, Info:  Writing faultoutput at time 6.5. Done.
Sat Aug 24 03:47:50, Info:  Writing energy output at time 6.5 
Sat Aug 24 03:47:50, Info:  Total momentum (X, Y, Z): 0  , 0  , 0 
Sat Aug 24 03:47:50, Info:  Writing energy output at time 6.5 Done. 
Sat Aug 24 03:47:50, Info:  Time spent this phase (total): 26.4171 s (min: 26.3721 s, max: 26.4348 s)
Sat Aug 24 03:47:50, Info:  Time spent this phase (compute): 26.4170 s (min: 26.3720 s, max: 26.4344 s)
Sat Aug 24 03:47:50, Info:  Time spent this phase (IO): 49.2673 ms (min: 40.2482 ms, max: 81.1250 ms)
Sat Aug 24 03:47:50, Info:  Performance since the start: 9.4647 TFLOP/s (rank 0: 586.9854 GFLOP/s , average over ranks: 591.5459 GFLOP/s ) 
Sat Aug 24 03:47:50, Info:  Performance since last sync point: 9.5277 TFLOP/s (rank 0: 590.5569 GFLOP/s , average over ranks: 595.4789 GFLOP/s ) 
Sat Aug 24 03:48:17, Info:  Writing faultoutput at time 7.
Sat Aug 24 03:48:17, Info:  Writing faultoutput at time 7. Done.
Sat Aug 24 03:48:17, Info:  Writing free surface at time 7.
Sat Aug 24 03:48:17, Info:  Writing free surface at time 7. Done.
Sat Aug 24 03:48:17, Info:  Writing energy output at time 7 
Sat Aug 24 03:48:17, Info:  Total momentum (X, Y, Z): 0  , 0  , 0 
Sat Aug 24 03:48:17, Info:  Writing energy output at time 7 Done. 
Sat Aug 24 03:48:17, Info:  Time spent this phase (total): 26.5429 s (min: 26.5310 s, max: 26.5759 s)
Sat Aug 24 03:48:17, Info:  Time spent this phase (compute): 26.5428 s (min: 26.5305 s, max: 26.5758 s)
Sat Aug 24 03:48:17, Info:  Time spent this phase (IO): 53.1005 ms (min: 40.2877 ms, max: 77.5467 ms)
Sat Aug 24 03:48:17, Info:  Performance since the start: 9.4660 TFLOP/s (rank 0: 587.0873 GFLOP/s , average over ranks: 591.6252 GFLOP/s ) 
Sat Aug 24 03:48:17, Info:  Performance since last sync point: 9.4825 TFLOP/s (rank 0: 588.4153 GFLOP/s , average over ranks: 592.6577 GFLOP/s ) 
Sat Aug 24 03:48:44, Info:  Writing faultoutput at time 7.5.
Sat Aug 24 03:48:44, Info:  Writing faultoutput at time 7.5. Done.
Sat Aug 24 03:48:44, Info:  Writing energy output at time 7.5 
Sat Aug 24 03:48:44, Info:  Total momentum (X, Y, Z): 0  , 0  , 0 
Sat Aug 24 03:48:44, Info:  Writing energy output at time 7.5 Done. 
Sat Aug 24 03:48:44, Info:  Time spent this phase (total): 26.6204 s (min: 26.5762 s, max: 26.6891 s)
Sat Aug 24 03:48:44, Info:  Time spent this phase (compute): 26.6200 s (min: 26.5762 s, max: 26.6891 s)
Sat Aug 24 03:48:44, Info:  Time spent this phase (IO): 59.5330 ms (min: 40.2833 ms, max: 162.6253 ms)
Sat Aug 24 03:48:44, Info:  Performance since the start: 9.4653 TFLOP/s (rank 0: 586.9762 GFLOP/s , average over ranks: 591.5787 GFLOP/s ) 
Sat Aug 24 03:48:44, Info:  Performance since last sync point: 9.4549 TFLOP/s (rank 0: 585.4250 GFLOP/s , average over ranks: 590.9295 GFLOP/s ) 
Sat Aug 24 03:49:10, Info:  Writing faultoutput at time 8.
Sat Aug 24 03:49:10, Info:  Writing faultoutput at time 8. Done.
Sat Aug 24 03:49:10, Info:  Writing free surface at time 8.
Sat Aug 24 03:49:10, Info:  Writing free surface at time 8. Done.
Sat Aug 24 03:49:10, Info:  Writing energy output at time 8 
Sat Aug 24 03:49:10, Info:  Total momentum (X, Y, Z): 0  , 0  , 0 
Sat Aug 24 03:49:10, Info:  Writing energy output at time 8 Done. 
Sat Aug 24 03:49:10, Info:  Time spent this phase (total): 26.5487 s (min: 26.4510 s, max: 26.5919 s)
Sat Aug 24 03:49:10, Info:  Time spent this phase (compute): 26.5486 s (min: 26.4509 s, max: 26.5918 s)
Sat Aug 24 03:49:10, Info:  Time spent this phase (IO): 52.4219 ms (min: 40.3282 ms, max: 76.7836 ms)
Sat Aug 24 03:49:10, Info:  Performance since the start: 9.4662 TFLOP/s (rank 0: 587.1024 GFLOP/s , average over ranks: 591.6380 GFLOP/s ) 
Sat Aug 24 03:49:10, Info:  Performance since last sync point: 9.4805 TFLOP/s (rank 0: 589.0012 GFLOP/s , average over ranks: 592.5298 GFLOP/s ) 
Sat Aug 24 03:49:37, Info:  Writing faultoutput at time 8.5.
Sat Aug 24 03:49:37, Info:  Writing faultoutput at time 8.5. Done.
Sat Aug 24 03:49:37, Info:  Writing energy output at time 8.5 
Sat Aug 24 03:49:37, Info:  Total momentum (X, Y, Z): 0  , 0  , 0 
Sat Aug 24 03:49:37, Info:  Writing energy output at time 8.5 Done. 
Sat Aug 24 03:49:37, Info:  Time spent this phase (total): 26.4325 s (min: 26.4074 s, max: 26.4694 s)
Sat Aug 24 03:49:37, Info:  Time spent this phase (compute): 26.4324 s (min: 26.4073 s, max: 26.4693 s)
Sat Aug 24 03:49:37, Info:  Time spent this phase (IO): 47.2954 ms (min: 40.1677 ms, max: 64.8033 ms)
Sat Aug 24 03:49:37, Info:  Performance since the start: 9.4695 TFLOP/s (rank 0: 587.3012 GFLOP/s , average over ranks: 591.8423 GFLOP/s ) 
Sat Aug 24 03:49:37, Info:  Performance since last sync point: 9.5221 TFLOP/s (rank 0: 590.5002 GFLOP/s , average over ranks: 595.1306 GFLOP/s ) 
Sat Aug 24 03:50:03, Info:  Writing faultoutput at time 9.
Sat Aug 24 03:50:03, Info:  Writing faultoutput at time 9. Done.
Sat Aug 24 03:50:03, Info:  Writing free surface at time 9.
Sat Aug 24 03:50:03, Info:  Writing free surface at time 9. Done.
Sat Aug 24 03:50:03, Info:  Writing energy output at time 9 
Sat Aug 24 03:50:03, Info:  Total momentum (X, Y, Z): 0  , 0  , 0 
Sat Aug 24 03:50:03, Info:  Writing energy output at time 9 Done. 
Sat Aug 24 03:50:03, Info:  Time spent this phase (total): 26.4685 s (min: 26.4623 s, max: 26.4894 s)
Sat Aug 24 03:50:03, Info:  Time spent this phase (compute): 26.4684 s (min: 26.4618 s, max: 26.4893 s)
Sat Aug 24 03:50:03, Info:  Time spent this phase (IO): 49.8590 ms (min: 40.3487 ms, max: 70.6023 ms)
Sat Aug 24 03:50:03, Info:  Performance since the start: 9.4717 TFLOP/s (rank 0: 587.4473 GFLOP/s , average over ranks: 591.9796 GFLOP/s ) 
Sat Aug 24 03:50:03, Info:  Performance since last sync point: 9.5092 TFLOP/s (rank 0: 589.9427 GFLOP/s , average over ranks: 594.3235 GFLOP/s ) 
Sat Aug 24 03:50:30, Info:  Writing faultoutput at time 9.5.
Sat Aug 24 03:50:30, Info:  Writing faultoutput at time 9.5. Done.
Sat Aug 24 03:50:30, Info:  Writing energy output at time 9.5 
Sat Aug 24 03:50:30, Info:  Total momentum (X, Y, Z): 0  , 0  , 0 
Sat Aug 24 03:50:30, Info:  Writing energy output at time 9.5 Done. 
Sat Aug 24 03:50:30, Info:  Time spent this phase (total): 26.5219 s (min: 26.5018 s, max: 26.5277 s)
Sat Aug 24 03:50:30, Info:  Time spent this phase (compute): 26.5218 s (min: 26.5017 s, max: 26.5272 s)
Sat Aug 24 03:50:30, Info:  Time spent this phase (IO): 47.3106 ms (min: 40.1623 ms, max: 64.8084 ms)
Sat Aug 24 03:50:30, Info:  Performance since the start: 9.4726 TFLOP/s (rank 0: 587.5020 GFLOP/s , average over ranks: 592.0397 GFLOP/s ) 
Sat Aug 24 03:50:30, Info:  Performance since last sync point: 9.4900 TFLOP/s (rank 0: 588.4878 GFLOP/s , average over ranks: 593.1240 GFLOP/s ) 
Sat Aug 24 03:50:56, Info:  Writing faultoutput at time 10.
Sat Aug 24 03:50:56, Info:  Writing faultoutput at time 10. Done.
Sat Aug 24 03:50:56, Info:  Writing free surface at time 10.
Sat Aug 24 03:50:56, Info:  Writing free surface at time 10. Done.
Sat Aug 24 03:50:56, Info:  Wrote receivers in 4.06e-07 seconds. 
Sat Aug 24 03:50:56, Info:  Writing energy output at time 10 
Sat Aug 24 03:50:56, Info:  Total momentum (X, Y, Z): 0  , 0  , 0 
Sat Aug 24 03:50:56, Info:  Writing energy output at time 10 Done. 
Sat Aug 24 03:50:56, Info:  Time spent this phase (total): 26.3788 s (min: 26.3719 s, max: 26.3980 s)
Sat Aug 24 03:50:56, Info:  Time spent this phase (compute): 26.3787 s (min: 26.3717 s, max: 26.3979 s)
Sat Aug 24 03:50:56, Info:  Time spent this phase (IO): 49.7852 ms (min: 40.3758 ms, max: 67.9913 ms)
Sat Aug 24 03:50:56, Info:  Performance since the start: 9.4761 TFLOP/s (rank 0: 587.7236 GFLOP/s , average over ranks: 592.2534 GFLOP/s ) 
Sat Aug 24 03:50:56, Info:  Performance since last sync point: 9.5415 TFLOP/s (rank 0: 591.9660 GFLOP/s , average over ranks: 596.3434 GFLOP/s ) 
Sat Aug 24 03:51:23, Info:  Writing faultoutput at time 10.5.
Sat Aug 24 03:51:23, Info:  Writing faultoutput at time 10.5. Done.
Sat Aug 24 03:51:23, Info:  Writing energy output at time 10.5 
Sat Aug 24 03:51:23, Info:  Total momentum (X, Y, Z): 0  , 0  , 0 
Sat Aug 24 03:51:23, Info:  Writing energy output at time 10.5 Done. 
Sat Aug 24 03:51:23, Info:  Time spent this phase (total): 26.6096 s (min: 26.5806 s, max: 26.6296 s)
Sat Aug 24 03:51:23, Info:  Time spent this phase (compute): 26.6095 s (min: 26.5806 s, max: 26.6296 s)
Sat Aug 24 03:51:23, Info:  Time spent this phase (IO): 49.6808 ms (min: 40.1597 ms, max: 73.3955 ms)
Sat Aug 24 03:51:23, Info:  Performance since the start: 9.4752 TFLOP/s (rank 0: 587.6610 GFLOP/s , average over ranks: 592.2017 GFLOP/s ) 
Sat Aug 24 03:51:23, Info:  Performance since last sync point: 9.4587 TFLOP/s (rank 0: 586.4123 GFLOP/s , average over ranks: 591.1704 GFLOP/s ) 
Sat Aug 24 03:51:49, Info:  Writing faultoutput at time 11.
Sat Aug 24 03:51:49, Info:  Writing faultoutput at time 11. Done.
Sat Aug 24 03:51:49, Info:  Writing free surface at time 11.
Sat Aug 24 03:51:49, Info:  Writing free surface at time 11. Done.
Sat Aug 24 03:51:49, Info:  Writing energy output at time 11 
Sat Aug 24 03:51:49, Info:  Total momentum (X, Y, Z): 0  , 0  , 0 
Sat Aug 24 03:51:49, Info:  Writing energy output at time 11 Done. 
Sat Aug 24 03:51:49, Info:  Time spent this phase (total): 26.5891 s (min: 26.5771 s, max: 26.6426 s)
Sat Aug 24 03:51:49, Info:  Time spent this phase (compute): 26.5890 s (min: 26.5771 s, max: 26.6425 s)
Sat Aug 24 03:51:49, Info:  Time spent this phase (IO): 52.1197 ms (min: 40.2858 ms, max: 75.7647 ms)
Sat Aug 24 03:51:49, Info:  Performance since the start: 9.4748 TFLOP/s (rank 0: 587.6476 GFLOP/s , average over ranks: 592.1755 GFLOP/s ) 
Sat Aug 24 03:51:49, Info:  Performance since last sync point: 9.4660 TFLOP/s (rank 0: 587.3674 GFLOP/s , average over ranks: 591.6267 GFLOP/s ) 
Sat Aug 24 03:52:16, Info:  Writing faultoutput at time 11.5.
Sat Aug 24 03:52:16, Info:  Writing faultoutput at time 11.5. Done.
Sat Aug 24 03:52:16, Info:  Writing energy output at time 11.5 
Sat Aug 24 03:52:16, Info:  Total momentum (X, Y, Z): 0  , 0  , 0 
Sat Aug 24 03:52:16, Info:  Writing energy output at time 11.5 Done. 
Sat Aug 24 03:52:16, Info:  Time spent this phase (total): 26.7829 s (min: 26.7565 s, max: 26.8111 s)
Sat Aug 24 03:52:16, Info:  Time spent this phase (compute): 26.7828 s (min: 26.7565 s, max: 26.8110 s)
Sat Aug 24 03:52:16, Info:  Time spent this phase (IO): 46.5918 ms (min: 40.3243 ms, max: 57.9036 ms)
Sat Aug 24 03:52:16, Info:  Performance since the start: 9.4714 TFLOP/s (rank 0: 587.4404 GFLOP/s , average over ranks: 591.9637 GFLOP/s ) 
Sat Aug 24 03:52:16, Info:  Performance since last sync point: 9.3975 TFLOP/s (rank 0: 582.9186 GFLOP/s , average over ranks: 587.3422 GFLOP/s ) 
Sat Aug 24 03:52:42, Info:  Writing faultoutput at time 12.
Sat Aug 24 03:52:42, Info:  Writing faultoutput at time 12. Done.
Sat Aug 24 03:52:42, Info:  Writing free surface at time 12.
Sat Aug 24 03:52:42, Info:  Writing free surface at time 12. Done.
Sat Aug 24 03:52:42, Info:  Writing energy output at time 12 
Sat Aug 24 03:52:42, Info:  Total momentum (X, Y, Z): 0  , 0  , 0 
Sat Aug 24 03:52:42, Info:  Writing energy output at time 12 Done. 
Sat Aug 24 03:52:42, Info:  Time spent this phase (total): 26.4528 s (min: 26.4193 s, max: 26.4834 s)
Sat Aug 24 03:52:42, Info:  Time spent this phase (compute): 26.4527 s (min: 26.4192 s, max: 26.4833 s)
Sat Aug 24 03:52:42, Info:  Time spent this phase (IO): 54.5784 ms (min: 40.2342 ms, max: 83.6461 ms)
Sat Aug 24 03:52:42, Info:  Performance since the start: 9.4732 TFLOP/s (rank 0: 587.5531 GFLOP/s , average over ranks: 592.0763 GFLOP/s ) 
Sat Aug 24 03:52:42, Info:  Performance since last sync point: 9.5148 TFLOP/s (rank 0: 590.1571 GFLOP/s , average over ranks: 594.6767 GFLOP/s ) 
Sat Aug 24 03:53:09, Info:  Writing faultoutput at time 12.5.
Sat Aug 24 03:53:09, Info:  Writing faultoutput at time 12.5. Done.
Sat Aug 24 03:53:09, Info:  Writing energy output at time 12.5 
Sat Aug 24 03:53:09, Info:  Total momentum (X, Y, Z): 0  , 0  , 0 
Sat Aug 24 03:53:09, Info:  Writing energy output at time 12.5 Done. 
Sat Aug 24 03:53:09, Info:  Time spent this phase (total): 26.4659 s (min: 26.3607 s, max: 26.5114 s)
Sat Aug 24 03:53:09, Info:  Time spent this phase (compute): 26.4658 s (min: 26.3606 s, max: 26.5113 s)
Sat Aug 24 03:53:09, Info:  Time spent this phase (IO): 49.8441 ms (min: 40.2777 ms, max: 71.8821 ms)
Sat Aug 24 03:53:09, Info:  Performance since the start: 9.4747 TFLOP/s (rank 0: 587.6370 GFLOP/s , average over ranks: 592.1681 GFLOP/s ) 
Sat Aug 24 03:53:09, Info:  Performance since last sync point: 9.5101 TFLOP/s (rank 0: 589.6564 GFLOP/s , average over ranks: 594.3821 GFLOP/s ) 
Sat Aug 24 03:53:35, Info:  Writing faultoutput at time 13.
Sat Aug 24 03:53:35, Info:  Writing faultoutput at time 13. Done.
Sat Aug 24 03:53:35, Info:  Writing free surface at time 13.
Sat Aug 24 03:53:35, Info:  Writing free surface at time 13. Done.
Sat Aug 24 03:53:35, Info:  Writing energy output at time 13 
Sat Aug 24 03:53:35, Info:  Total momentum (X, Y, Z): 0  , 0  , 0 
Sat Aug 24 03:53:35, Info:  Writing energy output at time 13 Done. 
Sat Aug 24 03:53:35, Info:  Time spent this phase (total): 26.4138 s (min: 26.3911 s, max: 26.4886 s)
Sat Aug 24 03:53:35, Info:  Time spent this phase (compute): 26.4137 s (min: 26.3911 s, max: 26.4885 s)
Sat Aug 24 03:53:35, Info:  Time spent this phase (IO): 49.9551 ms (min: 40.2545 ms, max: 71.2746 ms)
Sat Aug 24 03:53:35, Info:  Performance since the start: 9.4768 TFLOP/s (rank 0: 587.7738 GFLOP/s , average over ranks: 592.2975 GFLOP/s ) 
Sat Aug 24 03:53:35, Info:  Performance since last sync point: 9.5288 TFLOP/s (rank 0: 591.2163 GFLOP/s , average over ranks: 595.5505 GFLOP/s ) 
Sat Aug 24 03:54:02, Info:  Writing faultoutput at time 13.5.
Sat Aug 24 03:54:02, Info:  Writing faultoutput at time 13.5. Done.
Sat Aug 24 03:54:02, Info:  Writing energy output at time 13.5 
Sat Aug 24 03:54:02, Info:  Total momentum (X, Y, Z): 0  , 0  , 0 
Sat Aug 24 03:54:02, Info:  Writing energy output at time 13.5 Done. 
Sat Aug 24 03:54:02, Info:  Time spent this phase (total): 26.6790 s (min: 26.6535 s, max: 26.7273 s)
Sat Aug 24 03:54:02, Info:  Time spent this phase (compute): 26.6789 s (min: 26.6534 s, max: 26.7273 s)
Sat Aug 24 03:54:02, Info:  Time spent this phase (IO): 50.8127 ms (min: 40.1425 ms, max: 67.8470 ms)
Sat Aug 24 03:54:02, Info:  Performance since the start: 9.4752 TFLOP/s (rank 0: 587.6685 GFLOP/s , average over ranks: 592.1983 GFLOP/s ) 
Sat Aug 24 03:54:02, Info:  Performance since last sync point: 9.4341 TFLOP/s (rank 0: 584.9422 GFLOP/s , average over ranks: 589.6317 GFLOP/s ) 
Sat Aug 24 03:54:28, Info:  Writing faultoutput at time 14.
Sat Aug 24 03:54:28, Info:  Writing faultoutput at time 14. Done.
Sat Aug 24 03:54:28, Info:  Writing free surface at time 14.
Sat Aug 24 03:54:28, Info:  Writing free surface at time 14. Done.
Sat Aug 24 03:54:28, Info:  Writing energy output at time 14 
Sat Aug 24 03:54:28, Info:  Total momentum (X, Y, Z): 0  , 0  , 0 
Sat Aug 24 03:54:29, Info:  Writing energy output at time 14 Done. 
Sat Aug 24 03:54:29, Info:  Time spent this phase (total): 26.5253 s (min: 26.4687 s, max: 26.5798 s)
Sat Aug 24 03:54:29, Info:  Time spent this phase (compute): 26.5252 s (min: 26.4686 s, max: 26.5797 s)
Sat Aug 24 03:54:29, Info:  Time spent this phase (IO): 50.0438 ms (min: 40.2867 ms, max: 73.0408 ms)
Sat Aug 24 03:54:29, Info:  Performance since the start: 9.4757 TFLOP/s (rank 0: 587.7133 GFLOP/s , average over ranks: 592.2286 GFLOP/s ) 
Sat Aug 24 03:54:29, Info:  Performance since last sync point: 9.4888 TFLOP/s (rank 0: 588.9277 GFLOP/s , average over ranks: 593.0493 GFLOP/s ) 
Sat Aug 24 03:54:55, Info:  Writing faultoutput at time 14.5.
Sat Aug 24 03:54:55, Info:  Writing faultoutput at time 14.5. Done.
Sat Aug 24 03:54:55, Info:  Writing energy output at time 14.5 
Sat Aug 24 03:54:55, Info:  Total momentum (X, Y, Z): 0  , 0  , 0 
Sat Aug 24 03:54:55, Info:  Writing energy output at time 14.5 Done. 
Sat Aug 24 03:54:55, Info:  Time spent this phase (total): 26.4094 s (min: 26.3948 s, max: 26.4210 s)
Sat Aug 24 03:54:55, Info:  Time spent this phase (compute): 26.4093 s (min: 26.3947 s, max: 26.4210 s)
Sat Aug 24 03:54:55, Info:  Time spent this phase (IO): 48.3585 ms (min: 40.1978 ms, max: 72.3765 ms)
Sat Aug 24 03:54:55, Info:  Performance since the start: 9.4775 TFLOP/s (rank 0: 587.8235 GFLOP/s , average over ranks: 592.3460 GFLOP/s ) 
Sat Aug 24 03:54:55, Info:  Performance since last sync point: 9.5304 TFLOP/s (rank 0: 590.9241 GFLOP/s , average over ranks: 595.6522 GFLOP/s ) 
Sat Aug 24 03:55:21, Info:  Writing faultoutput at time 15.
Sat Aug 24 03:55:21, Info:  Writing faultoutput at time 15. Done.
Sat Aug 24 03:55:21, Info:  Writing free surface at time 15.
Sat Aug 24 03:55:21, Info:  Writing free surface at time 15. Done.
Sat Aug 24 03:55:21, Info:  Writing energy output at time 15 
Sat Aug 24 03:55:21, Info:  Total momentum (X, Y, Z): 0  , 0  , 0 
Sat Aug 24 03:55:21, Info:  Writing energy output at time 15 Done. 
Sat Aug 24 03:55:21, Info:  Time spent this phase (total): 26.4278 s (min: 26.3879 s, max: 26.4671 s)
Sat Aug 24 03:55:21, Info:  Time spent this phase (compute): 26.4278 s (min: 26.3878 s, max: 26.4670 s)
Sat Aug 24 03:55:21, Info:  Time spent this phase (IO): 54.6455 ms (min: 40.2872 ms, max: 96.8725 ms)
Sat Aug 24 03:55:21, Info:  Performance since the start: 9.4791 TFLOP/s (rank 0: 587.9053 GFLOP/s , average over ranks: 592.4420 GFLOP/s ) 
Sat Aug 24 03:55:21, Info:  Performance since last sync point: 9.5238 TFLOP/s (rank 0: 590.2882 GFLOP/s , average over ranks: 595.2382 GFLOP/s ) 
Sat Aug 24 03:55:48, Info:  Writing faultoutput at time 15.5.
Sat Aug 24 03:55:48, Info:  Writing faultoutput at time 15.5. Done.
Sat Aug 24 03:55:48, Info:  Writing energy output at time 15.5 
Sat Aug 24 03:55:48, Info:  Total momentum (X, Y, Z): 0  , 0  , 0 
Sat Aug 24 03:55:48, Info:  Writing energy output at time 15.5 Done. 
Sat Aug 24 03:55:48, Info:  Time spent this phase (total): 26.5673 s (min: 26.5186 s, max: 26.6307 s)
Sat Aug 24 03:55:48, Info:  Time spent this phase (compute): 26.5672 s (min: 26.5186 s, max: 26.6307 s)
Sat Aug 24 03:55:48, Info:  Time spent this phase (IO): 50.9557 ms (min: 40.0824 ms, max: 98.0028 ms)
Sat Aug 24 03:55:48, Info:  Performance since the start: 9.4789 TFLOP/s (rank 0: 587.9094 GFLOP/s , average over ranks: 592.4312 GFLOP/s ) 
Sat Aug 24 03:55:48, Info:  Performance since last sync point: 9.4738 TFLOP/s (rank 0: 588.0326 GFLOP/s , average over ranks: 592.1103 GFLOP/s ) 
Sat Aug 24 03:56:15, Info:  Writing faultoutput at time 16.
Sat Aug 24 03:56:15, Info:  Writing faultoutput at time 16. Done.
Sat Aug 24 03:56:15, Info:  Writing free surface at time 16.
Sat Aug 24 03:56:15, Info:  Writing free surface at time 16. Done.
Sat Aug 24 03:56:15, Info:  Writing energy output at time 16 
Sat Aug 24 03:56:15, Info:  Total momentum (X, Y, Z): 0  , 0  , 0 
Sat Aug 24 03:56:15, Info:  Writing energy output at time 16 Done. 
Sat Aug 24 03:56:15, Info:  Time spent this phase (total): 26.8257 s (min: 26.8061 s, max: 26.8388 s)
Sat Aug 24 03:56:15, Info:  Time spent this phase (compute): 26.8256 s (min: 26.8060 s, max: 26.8388 s)
Sat Aug 24 03:56:15, Info:  Time spent this phase (IO): 57.3731 ms (min: 40.3374 ms, max: 123.1334 ms)
Sat Aug 24 03:56:15, Info:  Performance since the start: 9.4759 TFLOP/s (rank 0: 587.7143 GFLOP/s , average over ranks: 592.2412 GFLOP/s ) 
Sat Aug 24 03:56:15, Info:  Performance since last sync point: 9.3826 TFLOP/s (rank 0: 581.7291 GFLOP/s , average over ranks: 586.4097 GFLOP/s ) 
Sat Aug 24 03:56:41, Info:  Writing faultoutput at time 16.5.
Sat Aug 24 03:56:41, Info:  Writing faultoutput at time 16.5. Done.
Sat Aug 24 03:56:41, Info:  Writing energy output at time 16.5 
Sat Aug 24 03:56:42, Info:  Total momentum (X, Y, Z): 0  , 0  , 0 
Sat Aug 24 03:56:42, Info:  Writing energy output at time 16.5 Done. 
Sat Aug 24 03:56:42, Info:  Time spent this phase (total): 26.7825 s (min: 26.7491 s, max: 26.7967 s)
Sat Aug 24 03:56:42, Info:  Time spent this phase (compute): 26.7821 s (min: 26.7490 s, max: 26.7967 s)
Sat Aug 24 03:56:42, Info:  Time spent this phase (IO): 50.2498 ms (min: 40.2410 ms, max: 77.4358 ms)
Sat Aug 24 03:56:42, Info:  Performance since the start: 9.4735 TFLOP/s (rank 0: 587.5763 GFLOP/s , average over ranks: 592.0918 GFLOP/s ) 
Sat Aug 24 03:56:42, Info:  Performance since last sync point: 9.3976 TFLOP/s (rank 0: 583.1943 GFLOP/s , average over ranks: 587.3525 GFLOP/s ) 
Sat Aug 24 03:57:08, Info:  Writing faultoutput at time 17.
Sat Aug 24 03:57:08, Info:  Writing faultoutput at time 17. Done.
Sat Aug 24 03:57:08, Info:  Writing free surface at time 17.
Sat Aug 24 03:57:08, Info:  Writing free surface at time 17. Done.
Sat Aug 24 03:57:08, Info:  Writing energy output at time 17 
Sat Aug 24 03:57:08, Info:  Total momentum (X, Y, Z): 0  , 0  , 0 
Sat Aug 24 03:57:08, Info:  Writing energy output at time 17 Done. 
Sat Aug 24 03:57:08, Info:  Time spent this phase (total): 26.5004 s (min: 26.4503 s, max: 26.5353 s)
Sat Aug 24 03:57:08, Info:  Time spent this phase (compute): 26.5004 s (min: 26.4502 s, max: 26.5352 s)
Sat Aug 24 03:57:08, Info:  Time spent this phase (IO): 53.2731 ms (min: 40.3783 ms, max: 73.0737 ms)
Sat Aug 24 03:57:08, Info:  Performance since the start: 9.4742 TFLOP/s (rank 0: 587.6156 GFLOP/s , average over ranks: 592.1363 GFLOP/s ) 
Sat Aug 24 03:57:08, Info:  Performance since last sync point: 9.4977 TFLOP/s (rank 0: 588.9154 GFLOP/s , average over ranks: 593.6082 GFLOP/s ) 
Sat Aug 24 03:57:34, Info:  Writing faultoutput at time 17.5.
Sat Aug 24 03:57:34, Info:  Writing faultoutput at time 17.5. Done.
Sat Aug 24 03:57:34, Info:  Writing energy output at time 17.5 
Sat Aug 24 03:57:35, Info:  Total momentum (X, Y, Z): 0  , 0  , 0 
Sat Aug 24 03:57:35, Info:  Writing energy output at time 17.5 Done. 
Sat Aug 24 03:57:35, Info:  Time spent this phase (total): 26.4769 s (min: 26.4469 s, max: 26.4869 s)
Sat Aug 24 03:57:35, Info:  Time spent this phase (compute): 26.4768 s (min: 26.4469 s, max: 26.4869 s)
Sat Aug 24 03:57:35, Info:  Time spent this phase (IO): 47.1887 ms (min: 40.1578 ms, max: 64.6121 ms)
Sat Aug 24 03:57:35, Info:  Performance since the start: 9.4751 TFLOP/s (rank 0: 587.6744 GFLOP/s , average over ranks: 592.1931 GFLOP/s ) 
Sat Aug 24 03:57:35, Info:  Performance since last sync point: 9.5061 TFLOP/s (rank 0: 589.6820 GFLOP/s , average over ranks: 594.1309 GFLOP/s ) 
Sat Aug 24 03:58:01, Info:  Writing faultoutput at time 18.
Sat Aug 24 03:58:01, Info:  Writing faultoutput at time 18. Done.
Sat Aug 24 03:58:01, Info:  Writing free surface at time 18.
Sat Aug 24 03:58:01, Info:  Writing free surface at time 18. Done.
Sat Aug 24 03:58:01, Info:  Writing energy output at time 18 
Sat Aug 24 03:58:01, Info:  Total momentum (X, Y, Z): 0  , 0  , 0 
Sat Aug 24 03:58:01, Info:  Writing energy output at time 18 Done. 
Sat Aug 24 03:58:01, Info:  Time spent this phase (total): 26.4573 s (min: 26.4466 s, max: 26.4787 s)
Sat Aug 24 03:58:01, Info:  Time spent this phase (compute): 26.4572 s (min: 26.4466 s, max: 26.4786 s)
Sat Aug 24 03:58:01, Info:  Time spent this phase (IO): 50.3065 ms (min: 40.2517 ms, max: 68.9000 ms)
Sat Aug 24 03:58:01, Info:  Performance since the start: 9.4761 TFLOP/s (rank 0: 587.7423 GFLOP/s , average over ranks: 592.2590 GFLOP/s ) 
Sat Aug 24 03:58:01, Info:  Performance since last sync point: 9.5132 TFLOP/s (rank 0: 590.1288 GFLOP/s , average over ranks: 594.5752 GFLOP/s ) 
Sat Aug 24 03:58:28, Info:  Writing faultoutput at time 18.5.
Sat Aug 24 03:58:28, Info:  Writing faultoutput at time 18.5. Done.
Sat Aug 24 03:58:28, Info:  Writing energy output at time 18.5 
Sat Aug 24 03:58:28, Info:  Total momentum (X, Y, Z): 0  , 0  , 0 
Sat Aug 24 03:58:28, Info:  Writing energy output at time 18.5 Done. 
Sat Aug 24 03:58:28, Info:  Time spent this phase (total): 26.6686 s (min: 26.6431 s, max: 26.6932 s)
Sat Aug 24 03:58:28, Info:  Time spent this phase (compute): 26.6685 s (min: 26.6431 s, max: 26.6931 s)
Sat Aug 24 03:58:28, Info:  Time spent this phase (IO): 47.9106 ms (min: 40.1537 ms, max: 67.4731 ms)
Sat Aug 24 03:58:28, Info:  Performance since the start: 9.4751 TFLOP/s (rank 0: 587.6760 GFLOP/s , average over ranks: 592.1939 GFLOP/s ) 
Sat Aug 24 03:58:28, Info:  Performance since last sync point: 9.4378 TFLOP/s (rank 0: 585.2980 GFLOP/s , average over ranks: 589.8607 GFLOP/s ) 
Sat Aug 24 03:58:54, Info:  Writing faultoutput at time 19.
Sat Aug 24 03:58:54, Info:  Writing faultoutput at time 19. Done.
Sat Aug 24 03:58:54, Info:  Writing free surface at time 19.
Sat Aug 24 03:58:54, Info:  Writing free surface at time 19. Done.
Sat Aug 24 03:58:54, Info:  Writing energy output at time 19 
Sat Aug 24 03:58:54, Info:  Total momentum (X, Y, Z): 0  , 0  , 0 
Sat Aug 24 03:58:54, Info:  Writing energy output at time 19 Done. 
Sat Aug 24 03:58:54, Info:  Time spent this phase (total): 26.4199 s (min: 26.3845 s, max: 26.4552 s)
Sat Aug 24 03:58:54, Info:  Time spent this phase (compute): 26.4198 s (min: 26.3844 s, max: 26.4552 s)
Sat Aug 24 03:58:54, Info:  Time spent this phase (IO): 50.8042 ms (min: 40.3110 ms, max: 69.5330 ms)
Sat Aug 24 03:58:54, Info:  Performance since the start: 9.4765 TFLOP/s (rank 0: 587.7620 GFLOP/s , average over ranks: 592.2783 GFLOP/s ) 
Sat Aug 24 03:58:54, Info:  Performance since last sync point: 9.5267 TFLOP/s (rank 0: 590.9611 GFLOP/s , average over ranks: 595.4172 GFLOP/s ) 
Sat Aug 24 03:59:20, Info:  Writing faultoutput at time 19.5.
Sat Aug 24 03:59:20, Info:  Writing faultoutput at time 19.5. Done.
Sat Aug 24 03:59:20, Info:  Writing energy output at time 19.5 
Sat Aug 24 03:59:20, Info:  Total momentum (X, Y, Z): 0  , 0  , 0 
Sat Aug 24 03:59:20, Info:  Writing energy output at time 19.5 Done. 
Sat Aug 24 03:59:20, Info:  Time spent this phase (total): 26.3682 s (min: 26.3459 s, max: 26.3757 s)
Sat Aug 24 03:59:20, Info:  Time spent this phase (compute): 26.3681 s (min: 26.3458 s, max: 26.3757 s)
Sat Aug 24 03:59:20, Info:  Time spent this phase (IO): 48.9934 ms (min: 40.1803 ms, max: 76.1194 ms)
Sat Aug 24 03:59:20, Info:  Performance since the start: 9.4782 TFLOP/s (rank 0: 587.8668 GFLOP/s , average over ranks: 592.3879 GFLOP/s ) 
Sat Aug 24 03:59:20, Info:  Performance since last sync point: 9.5453 TFLOP/s (rank 0: 591.8795 GFLOP/s , average over ranks: 596.5830 GFLOP/s ) 
Sat Aug 24 03:59:47, Info:  Writing faultoutput at time 20.
Sat Aug 24 03:59:47, Info:  Writing faultoutput at time 20. Done.
Sat Aug 24 03:59:47, Info:  Writing free surface at time 20.
Sat Aug 24 03:59:47, Info:  Writing free surface at time 20. Done.
Sat Aug 24 03:59:47, Info:  Wrote receivers in 4.25e-07 seconds. 
Sat Aug 24 03:59:47, Info:  Writing energy output at time 20 
Sat Aug 24 03:59:47, Info:  Total momentum (X, Y, Z): 0  , 0  , 0 
Sat Aug 24 03:59:47, Info:  Writing energy output at time 20 Done. 
Sat Aug 24 03:59:47, Info:  Time spent this phase (total): 26.4552 s (min: 26.4302 s, max: 26.4900 s)
Sat Aug 24 03:59:47, Info:  Time spent this phase (compute): 26.4551 s (min: 26.4301 s, max: 26.4899 s)
Sat Aug 24 03:59:47, Info:  Time spent this phase (IO): 52.0262 ms (min: 40.2988 ms, max: 81.1806 ms)
Sat Aug 24 03:59:47, Info:  Performance since the start: 9.4791 TFLOP/s (rank 0: 587.9299 GFLOP/s , average over ranks: 592.4435 GFLOP/s ) 
Sat Aug 24 03:59:47, Info:  Performance since last sync point: 9.5139 TFLOP/s (rank 0: 590.3981 GFLOP/s , average over ranks: 594.6207 GFLOP/s ) 
Sat Aug 24 03:59:47, Info:  Ignoring duplicate synchronisation point at time 20 ; the last sync point was at  20 
Sat Aug 24 03:59:47, Info:  Ignoring duplicate synchronisation point at time 20 ; the last sync point was at  20 
Sat Aug 24 03:59:47, Info:  Ignoring duplicate synchronisation point at time 20 ; the last sync point was at  20 
Sat Aug 24 03:59:47, Info:  Ignoring duplicate synchronisation point at time 20 ; the last sync point was at  20 
Sat Aug 24 03:59:47, Info:  Simulation time (total): 17 min 42.0966 s (min: 17 min 42.0637 s, max: 17 min 42.1178 s)
Sat Aug 24 03:59:47, Info:  Simulation time (compute): 17 min 40.0050 s (min: 17 min 39.4407 s, max: 17 min 40.4278 s)
Sat Aug 24 03:59:47, Info:  Simulation time (IO): 2.0855 s (min: 1.6534 s, max: 2.6497 s)
Sat Aug 24 03:59:47, Info:  Time spent in compute kernels: mean = 1013.2  std = 19.3562  min = 980.951  median = 1006.49  max = 1045.26 
Sat Aug 24 03:59:47, Info:  Load imbalance: 3.0675 % 
Sat Aug 24 03:59:47, Info:  Regression analysis of compute kernels: 
Sat Aug 24 03:59:47, Info:  "computeLocalIntegration" (total time): 4905.4 s ( = 1 h 21 min 45.3986 s ) 
Sat Aug 24 03:59:47, Info:  "computeLocalIntegration" ( constant ): 1.89697e-05 (sample size: 4.86124e+06 , standard error: 4.53797e-12 ) 
Sat Aug 24 03:59:47, Info:  "computeLocalIntegration" ( per element ): 8.30572e-08 (sample size: 4.86124e+06 , standard error: 4.53797e-12 ) 
Sat Aug 24 03:59:47, Info:  "computeNeighboringIntegration" (total time): 6008.86 s ( = 1 h 40 min 8.8604 s ) 
Sat Aug 24 03:59:47, Info:  "computeNeighboringIntegration" ( constant ): 0.000148234 (sample size: 4.86124e+06 , standard error: 7.31555e-12 ) 
Sat Aug 24 03:59:47, Info:  "computeNeighboringIntegration" ( per element ): 9.12552e-08 (sample size: 4.86124e+06 , standard error: 7.31555e-12 ) 
Sat Aug 24 03:59:47, Info:  "computeDynamicRupture" (total time): 5296.95 s ( = 1 h 28 min 16.9463 s ) 
Sat Aug 24 03:59:47, Info:  "computeDynamicRupture" ( constant ): 7.73987e-05 (sample size: 4.0434e+06 , standard error: 3.96917e-11 ) 
Sat Aug 24 03:59:47, Info:  "computeDynamicRupture" ( per element ): 4.51126e-07 (sample size: 4.0434e+06 , standard error: 3.96917e-11 ) 
Sat Aug 24 03:59:47, Info:  "computePointSources" (total time): 0 s ( = 0.0000 s ) 
Sat Aug 24 03:59:47, Info:  "computePointSources" ( constant ): -nan (sample size: 0 , standard error: -nan ) 
Sat Aug 24 03:59:47, Info:  "computePointSources" ( per element ): -nan (sample size: 0 , standard error: -nan ) 
Sat Aug 24 03:59:47, Info:  Total time spent in compute kernels: 16211.2 s ( = 4 h 30 min 11.2053 s ) 
Sat Aug 24 03:59:47, Info:  Total calculated HW-FLOP:  10.0677 PFLOP 
Sat Aug 24 03:59:47, Info:  Total calculated NZ-FLOP:  4.0245 PFLOP 
Sat Aug 24 03:59:47, Info:  Total calculated HW-FLOP/s:  9.4789 TFLOP/s 
Sat Aug 24 03:59:47, Info:  Total calculated NZ-FLOP/s:  3.7892 TFLOP/s 
Sat Aug 24 03:59:47, Info:  WP calculated HW-FLOP:  8.3418 PFLOP 
Sat Aug 24 03:59:47, Info:  WP calculated NZ-FLOP:  2.7412 PFLOP 
Sat Aug 24 03:59:47, Info:  DR calculated HW-FLOP:  1.7260 PFLOP 
Sat Aug 24 03:59:47, Info:  DR calculated NZ-FLOP:  1.2833 PFLOP 
Sat Aug 24 03:59:47, Info:  PL calculated HW-FLOP:  0.0000 FLOP 
Sat Aug 24 03:59:47, Info:  PL calculated NZ-FLOP:  0.0000 FLOP 
Sat Aug 24 03:59:47, Info:  Time spent in simulation: 17 min 42.1184 s (min: 17 min 42.1183 s, max: 17 min 42.1194 s)
Sat Aug 24 03:59:47, Info:  Simulation done. 
Sat Aug 24 03:59:47, Info:  Closing IO. 
Sat Aug 24 03:59:47, Info:  Time free surface writer backend: 649.3115 ms (min: 5.6380 ms, max: 5.6858 s)
Sat Aug 24 03:59:48, Info:  Time fault writer backend: 4.2032 s (min: 2.0763 s, max: 25.0587 s)
Sat Aug 24 03:59:48, Info:  Time fault writer frontend: 46.1105 ms (min: 38.5115 ms, max: 53.2888 ms)
Sat Aug 24 03:59:48, Info:  Time free surface writer frontend: 7.3277 ms (min: 393.1720 s, max: 26.1518 ms)
Sat Aug 24 03:59:48, Info:  SeisSol done. Goodbye. 
SeisSol complete.
/hppfs/scratch/01/di35poq/haiti-rupture-outputs/dynamic-rupture-outputs/regional-only/jobid_3816916 ~/haiti-rupture-inputs/dynamic-rupture/regional-only
Writing hdf5 output with compression enabled (compression_level=4). 
Use --compression=0 if you want to speed-up data extraction.
u1: 0it [00:00, ?it/s]u1: 1it [00:00,  5.81it/s]u1: 15it [00:00, 66.12it/s]u1: 20it [00:00, 65.27it/s]
u2: 0it [00:00, ?it/s]u2: 4it [00:00, 32.55it/s]u2: 16it [00:00, 69.31it/s]u2: 20it [00:00, 73.25it/s]
u3: 0it [00:00, ?it/s]u3: 1it [00:00,  5.53it/s]u3: 8it [00:00, 25.58it/s]u3: 16it [00:00, 40.90it/s]u3: 20it [00:00, 40.73it/s]
done writing output_jobid_3816916_extracted-surface.h5
done writing output_jobid_3816916_extracted-surface.xdmf
full path: /hppfs/scratch/01/di35poq/haiti-rupture-outputs/dynamic-rupture-outputs/regional-only/jobid_3816916/output_jobid_3816916_extracted-surface.xdmf
Working on JobID: 3816916
No matching file found for jobid 3816916. Assigning output-fault.xdmf instead
/hppfs/scratch/01/di35poq/haiti-rupture-outputs/dynamic-rupture-outputs/regional-only/jobid_3816916/output-fault.xdmf
warning: Mw computed over 0-85s (avoiding contribution of small residual moment after rupture)
jobid_3816916 moment magnitude: -inf (M0 = 0.0000e+00)
Finished writing /hppfs/scratch/01/di35poq/haiti-rupture-outputs/dynamic-rupture-outputs/regional-only/jobid_3816916/moment_rate_mainshock.png
No matching file found for jobid 3816916. Looking for output-fault.xdmf instead
mu_s: 0.6
mu_d: 0.4
done writing /hppfs/scratch/01/di35poq/haiti-rupture-outputs/dynamic-rupture-outputs/regional-only/jobid_3816916/output_jobid_3816916_extracted-fault.xdmf
full path: /hppfs/scratch/01/di35poq/haiti-rupture-outputs/dynamic-rupture-outputs/regional-only/jobid_3816916/output_jobid_3816916_extracted-fault.xdmf
done writing /hppfs/scratch/01/di35poq/haiti-rupture-outputs/dynamic-rupture-outputs/regional-only/jobid_3816916/output_jobid_3816916_extracted-fault.h5
Job ID set as: 3816916
mu_s: 0.6
mu_d: 0.4
~/haiti-rupture-inputs/dynamic-rupture/regional-only
