THIS RUN IS USING general
Thu 17 Oct 2024 08:29:55 PM UTC
num_nodes: 24 ntasks: 24 cpus_per_task:
Line 63 replaced with: OutputFile='/hppfs/scratch/01/di35poq/haiti-rupture-outputs/dynamic-rupture-outputs/regional-only/jobid_4043207'
Job log complete.
Starting SeisSol...
Thu Oct 17 22:29:56, Info:  Using the parameter file parameters.par 
Thu Oct 17 22:29:56, Info:  Reading SeisSol parameter file... 
Thu Oct 17 22:29:56, Info:  In your parameter file, you have specified a non-positive interval for "checkpointinterval" . This mechanism is deprecated and may be removed in a future version of SeisSol. Consider disabling the whole module by setting "checkpoint" to 0 instead by adding "checkpoint = 0" to the "output" section of your parameter file instead. 
Thu Oct 17 22:29:56, Info:  The field "printintervalcriterion" is no longer in use. You may safely remove it from your parameters file. 
Thu Oct 17 22:29:56, Info:  Disabling the wavefield output by setting "outputformat = 10" is deprecated and may be removed in a future version of SeisSol. Consider using the parameter "wavefieldoutput" instead. To disable wavefield output, add "wavefieldoutput = 0" to the "output" section of your parameters file. 
Thu Oct 17 22:29:56, Info:  The field "printintervalcriterion" is no longer in use. You may safely remove it from your parameters file. 
Thu Oct 17 22:29:56, Info:  The field "pickdttype" is no longer in use. You may safely remove it from your parameters file. 
Thu Oct 17 22:29:56, Info:  The field "faultoutputflag" is no longer in use. You may safely remove it from your parameters file. 
Thu Oct 17 22:29:56, Info:  The field "boundaries" is no longer in use. You may safely remove it from your parameters file. 
Thu Oct 17 22:29:56, Info:  SeisSol parameter file read successfully. 
Thu Oct 17 22:29:56, Info:  Model information: 
Thu Oct 17 22:29:56, Info:  Elastic model: yes 
Thu Oct 17 22:29:56, Info:  Viscoelastic model: no 
Thu Oct 17 22:29:56, Info:  Anelastic model: no 
Thu Oct 17 22:29:56, Info:  Poroelastic model: no 
Thu Oct 17 22:29:56, Info:  Anisotropic model: no 
Thu Oct 17 22:29:56, Info:  Plasticity: no 
Thu Oct 17 22:29:56, Info:  Welcome to SeisSol 
Thu Oct 17 22:29:56, Info:  Copyright (c) 2012 - 2024  SeisSol Group 
Thu Oct 17 22:29:56, Info:  Version: v1.1.4-148-g60aedc8c (dirty) 
Thu Oct 17 22:29:56, Info:  Built on: Jun 17 2024 21:03:35 
Thu Oct 17 22:29:56, Info:  Last commit: 60aedc8c2ae0a5d9e5a46cc3a40e4eaf1c047225 at 2024-06-06T12:54:08+00:00 
Thu Oct 17 22:29:56, Info:  Compiled with HOST_ARCH = skx 
Thu Oct 17 22:29:56, Info:  Running on (rank=0): "i06r08c02s01" 
Thu Oct 17 22:29:56, Info:  Using MPI with #ranks: 24 
Thu Oct 17 22:29:56, Info:  Node-wide (shared memory) MPI with #ranks/node: 1 
Thu Oct 17 22:29:56, Info:  Using asynchronous MPI routines. 
Thu Oct 17 22:29:56, Info:  Using OMP with #threads/rank: 94 
Thu Oct 17 22:29:56, Info:  OpenMP worker affinity (this process): "0123456789|0123456789|0123456789|0123456789|0123456-89|0123456789|0123456789|0123456789|0123456789|01234-" 
Thu Oct 17 22:29:56, Info:  OpenMP worker affinity (this node)   : "0123456789|0123456789|0123456789|0123456789|0123456-89|0123456789|0123456789|0123456789|0123456789|01234-" 
Thu Oct 17 22:29:56, Info:  Using a communication thread for advancing MPI communication. 
Thu Oct 17 22:29:56, Info:  Communication thread affinity        : "----------|----------|----------|----------|-------7--|----------|----------|----------|----------|-----5" 
Thu Oct 17 22:29:56, Info:  The stack size ulimit is 2097152 [kiB] ( = 2.0000 GiB ). 
Thu Oct 17 22:29:56, Info:  Begin init mesh. 
Thu Oct 17 22:29:56, Info:  Mesh file: "/dss/dsshome1/01/di35poq/mesh/mesh_v07/Haiti_v07_lowres" 
Thu Oct 17 22:29:56, Info:  Running mini SeisSol to determine node weights. 
Thu Oct 17 22:29:56, Info:  miniSeisSol configured with 50000 elements and 10 repeats per process 
Thu Oct 17 22:29:56, Info:  Node weights: mean = 41.415  std = 0.480832  min = 40.2308  median = 41.5503  max = 42.0694 
Thu Oct 17 22:29:56, Info:  Reading PUML mesh 
Thu Oct 17 22:29:56, Info:  Inferring boundary format. 
Thu Oct 17 22:29:56, Info:  Boundary format not given in PUML file; inferring from array shape. 
Thu Oct 17 22:29:56, Info:  Using boundary format: i32 (4xi8) 
Thu Oct 17 22:29:56, Info:  Found 2685422 cells 
Thu Oct 17 22:29:56, Info:  Found 477078 vertices 
Thu Oct 17 22:29:58, Info:  Computing LTS weights. 
Thu Oct 17 22:29:59, Info:  Limiting number of clusters to 2147483646 
Thu Oct 17 22:29:59, Info:  Computing LTS weights. Done.  (108213 reductions.)
Thu Oct 17 22:29:59, Info:  Using the Parmetis partition library and strategy. 
Thu Oct 17 22:30:02, Info:  PUML mesh read in: 5.3663 s (min: 5.3179 s, max: 5.5332 s)
Thu Oct 17 22:30:02, Info:  The mesh has been read. Starting post processing. 
Thu Oct 17 22:30:02, Info:  Extracting fault information. 
Thu Oct 17 22:30:02, Info:  Exchanging ghostlayer metadata. 
Thu Oct 17 22:30:03, Info:  Mesh initialized in: 6.9783 s (min: 6.9776 s, max: 6.9791 s)
Thu Oct 17 22:30:03, Info:  End init mesh. 
Thu Oct 17 22:30:03, Info:  Begin init model. 
Thu Oct 17 22:30:03, Info:  Initialize LTS. 
Thu Oct 17 22:30:03, Info:  Deriving clusters ids for min. time step width / multiRate: 0.000213316 / 2 
Thu Oct 17 22:30:03, Info:  Due to wiggle factor of 1 the minimum timestep size is reduced to 0.000213316 
Thu Oct 17 22:30:03, Info:  Number of elements in time clusters: 
Thu Oct 17 22:30:03, Info:  0: 2088 
Thu Oct 17 22:30:03, Info:  1: 265401 
Thu Oct 17 22:30:03, Info:  2: 1618976 
Thu Oct 17 22:30:03, Info:  3: 538212 
Thu Oct 17 22:30:03, Info:  4: 147352 
Thu Oct 17 22:30:03, Info:  5: 35652 
Thu Oct 17 22:30:03, Info:  6: 11329 
Thu Oct 17 22:30:03, Info:  7: 18592 
Thu Oct 17 22:30:03, Info:  8: 47781 
Thu Oct 17 22:30:03, Info:  9: 39 
Thu Oct 17 22:30:03, Info:  maximum theoretical speedup (compared to GTS): 6.4313 per cell LTS, 4.34786 with the used clustering. 
Thu Oct 17 22:30:03, Info:  Number of elements in dynamic rupture time clusters: 
Thu Oct 17 22:30:03, Info:  0 (dr): 617 
Thu Oct 17 22:30:03, Info:  1 (dr): 78844 
Thu Oct 17 22:30:03, Info:  2 (dr): 310054 
Thu Oct 17 22:30:03, Info:  3 (dr): 2511 
Thu Oct 17 22:30:03, Info:  4 (dr): 0 
Thu Oct 17 22:30:03, Info:  5 (dr): 0 
Thu Oct 17 22:30:03, Info:  6 (dr): 0 
Thu Oct 17 22:30:03, Info:  7 (dr): 0 
Thu Oct 17 22:30:03, Info:  8 (dr): 0 
Thu Oct 17 22:30:03, Info:  9 (dr): 0 
Thu Oct 17 22:30:03, Info:  Initialize Friction Model 
Thu Oct 17 22:30:04, Info:  Initialize cell material parameters. 
Thu Oct 17 22:30:05, Info:  Initialize Memory layout. 
Thu Oct 17 22:30:06, Info:  Initialize cell-local matrices. 
Thu Oct 17 22:30:06, Info:  Initializing Fault, using a quadrature rule with  25  points. 
Thu Oct 17 22:32:07, Info:  Model initialized in: 2 min 3.2652 s (min: 2 min 3.2635 s, max: 2 min 3.2688 s)
Thu Oct 17 22:32:07, Info:  End init model. 
Thu Oct 17 22:32:07, Info:  Setting initial conditions. 
Thu Oct 17 22:32:07, Info:  Using initial condition "Zero" . 
Thu Oct 17 22:32:07, Info:  Reading source. 
Thu Oct 17 22:32:07, Info:  No source term specified. 
Thu Oct 17 22:32:07, Info:  Setting up boundary conditions. 
Thu Oct 17 22:32:07, Info:  Begin init output. 
Thu Oct 17 22:32:07, Info:  Initializing free surface integrator. 
Thu Oct 17 22:32:07, Info:  Initializing free surface integrator. Done. 
Thu Oct 17 22:32:07, Info:  Enabling 2D fault output 
Thu Oct 17 22:32:07, Info:  Initializing Fault output. Number of sub-triangles: 4 
Thu Oct 17 22:32:07, Info:  Initializing XDMF fault output. 
Thu Oct 17 22:32:07, Info:  Fault writer thread affinity: "----------|----------|----------|----------|-------7--|----------|----------|----------|----------|-----5" 
Thu Oct 17 22:32:07, Info:  Initializing XDMF fault output. Done. 
Thu Oct 17 22:32:07, Info:  Initializing free surface output. 
Thu Oct 17 22:32:07, Info:  Free surface writer thread affinity: "----------|----------|----------|----------|-------7--|----------|----------|----------|----------|-----5" 
Thu Oct 17 22:32:07, Info:  Initializing free surface output. Done. 
Thu Oct 17 22:32:07, Info:  No record points read. 
Thu Oct 17 22:32:07, Info:  Finding meshIds for receivers... 
Thu Oct 17 22:32:07, Info:  Cleaning possible double occurring receivers for MPI... 
Thu Oct 17 22:32:07, Info:  Mapping receivers to LTS cells... 
Thu Oct 17 22:32:07, Info:  Initializing energy output. 
Thu Oct 17 22:32:07, Info:  End init output. 
Thu Oct 17 22:32:07, Info:  Finishing initialization... 
Thu Oct 17 22:32:07, Info:  Starting simulation. 
Thu Oct 17 22:32:07, Info:  Writing faultoutput at time 0.
Thu Oct 17 22:32:07, Info:  Writing faultoutput at time 0. Done.
Thu Oct 17 22:32:07, Info:  Writing free surface at time 0.
Thu Oct 17 22:32:07, Info:  Writing free surface at time 0. Done.
Thu Oct 17 22:32:07, Info:  Writing energy output at time 0 
Thu Oct 17 22:32:07, Info:  Total momentum (X, Y, Z): 0  , 0  , 0 
Thu Oct 17 22:32:07, Info:  Writing energy output at time 0 Done. 
Thu Oct 17 22:32:07, Info:  Time spent for initial IO: 35.8198 ms (min: 27.0486 ms, max: 53.8725 ms)
Thu Oct 17 22:32:25, Info:  Writing faultoutput at time 0.5.
Thu Oct 17 22:32:25, Info:  Writing faultoutput at time 0.5. Done.
Thu Oct 17 22:32:25, Info:  Writing energy output at time 0.5 
Thu Oct 17 22:32:25, Info:  Elastic energy (total, % kinematic, % potential):  4.54519e+13  , 30.1689  , 69.8311 
Thu Oct 17 22:32:25, Info:  Total momentum (X, Y, Z): 0.0190704  , 0.00802469  , 0.0208092 
Thu Oct 17 22:32:25, Info:  Frictional work (total, % static, % radiated):  4.61489e+13  , 67.8963  , 32.1037 
Thu Oct 17 22:32:25, Info:  Seismic moment (without plasticity): 1.00295e+17  Mw: 5.26419 
Thu Oct 17 22:32:25, Info:  Writing energy output at time 0.5 Done. 
Thu Oct 17 22:32:25, Info:  Time spent this phase (total): 18.4369 s (min: 18.4206 s, max: 18.4704 s)
Thu Oct 17 22:32:25, Info:  Time spent this phase (compute): 18.4011 s (min: 18.3802 s, max: 18.4213 s)
Thu Oct 17 22:32:25, Info:  Time spent this phase (IO): 31.2434 ms (min: 25.6175 ms, max: 48.9494 ms)
Thu Oct 17 22:32:25, Info:  Performance since the start: 13.6545 TFLOP/s (rank 0: 570.9303 GFLOP/s , average over ranks: 568.9360 GFLOP/s ) 
Thu Oct 17 22:32:25, Info:  Performance since last sync point: 13.6545 TFLOP/s (rank 0: 570.9303 GFLOP/s , average over ranks: 568.9360 GFLOP/s ) 
Thu Oct 17 22:32:44, Info:  Writing faultoutput at time 1.
Thu Oct 17 22:32:44, Info:  Writing faultoutput at time 1. Done.
Thu Oct 17 22:32:44, Info:  Writing free surface at time 1.
Thu Oct 17 22:32:44, Info:  Writing free surface at time 1. Done.
Thu Oct 17 22:32:44, Info:  Wrote receivers in 4.46e-07 seconds. 
Thu Oct 17 22:32:44, Info:  Writing energy output at time 1 
Thu Oct 17 22:32:44, Info:  Elastic energy (total, % kinematic, % potential):  6.0087e+14  , 35.0815  , 64.9185 
Thu Oct 17 22:32:44, Info:  Total momentum (X, Y, Z): 3.19764  , 3.38492  , -2.18817 
Thu Oct 17 22:32:44, Info:  Frictional work (total, % static, % radiated):  6.20069e+14  , 57.8986  , 42.1014 
Thu Oct 17 22:32:44, Info:  Seismic moment (without plasticity): 1.1023e+18  Mw: 5.9582 
Thu Oct 17 22:32:44, Info:  Writing energy output at time 1 Done. 
Thu Oct 17 22:32:44, Info:  Time spent this phase (total): 18.6256 s (min: 18.6059 s, max: 18.6478 s)
Thu Oct 17 22:32:44, Info:  Time spent this phase (compute): 18.6255 s (min: 18.6058 s, max: 18.6476 s)
Thu Oct 17 22:32:44, Info:  Time spent this phase (IO): 34.7689 ms (min: 25.7195 ms, max: 63.6958 ms)
Thu Oct 17 22:32:44, Info:  Performance since the start: 13.5849 TFLOP/s (rank 0: 568.6150 GFLOP/s , average over ranks: 566.0391 GFLOP/s ) 
Thu Oct 17 22:32:44, Info:  Performance since last sync point: 13.5161 TFLOP/s (rank 0: 566.3184 GFLOP/s , average over ranks: 563.1719 GFLOP/s ) 
Thu Oct 17 22:32:44, Info:  Ignoring duplicate synchronisation point at time 1 ; the last sync point was at  1 
Thu Oct 17 22:32:44, Info:  Ignoring duplicate synchronisation point at time 1 ; the last sync point was at  1 
Thu Oct 17 22:32:44, Info:  Ignoring duplicate synchronisation point at time 1 ; the last sync point was at  1 
Thu Oct 17 22:32:44, Info:  Ignoring duplicate synchronisation point at time 1 ; the last sync point was at  1 
Thu Oct 17 22:32:44, Info:  Simulation time (total): 37.0627 s (min: 37.0321 s, max: 37.0923 s)
Thu Oct 17 22:32:44, Info:  Simulation time (compute): 36.9606 s (min: 36.9244 s, max: 36.9946 s)
Thu Oct 17 22:32:44, Info:  Simulation time (IO): 101.6818 ms (min: 78.2714 ms, max: 165.8236 ms)
Thu Oct 17 22:32:44, Info:  Time spent in compute kernels: mean = 34.6544  std = 0.715799  min = 33.1262  median = 34.6247  max = 35.861 
Thu Oct 17 22:32:44, Info:  Load imbalance: 3.36463 % 
Thu Oct 17 22:32:44, Info:  Regression analysis of compute kernels: 
Thu Oct 17 22:32:44, Info:  "computeLocalIntegration" (total time): 247.956 s ( = 4 min 7.9562 s ) 
Thu Oct 17 22:32:44, Info:  "computeLocalIntegration" ( constant ): 2.3324e-05 (sample size: 383130 , standard error: 2.58803e-11 ) 
Thu Oct 17 22:32:44, Info:  "computeLocalIntegration" ( per element ): 8.24751e-08 (sample size: 383130 , standard error: 2.58803e-11 ) 
Thu Oct 17 22:32:44, Info:  "computeNeighboringIntegration" (total time): 311.137 s ( = 5 min 11.1370 s ) 
Thu Oct 17 22:32:44, Info:  "computeNeighboringIntegration" ( constant ): 0.000106842 (sample size: 383130 , standard error: 3.57973e-11 ) 
Thu Oct 17 22:32:44, Info:  "computeNeighboringIntegration" ( per element ): 9.32347e-08 (sample size: 383130 , standard error: 3.57973e-11 ) 
Thu Oct 17 22:32:44, Info:  "computeDynamicRupture" (total time): 272.613 s ( = 4 min 32.6130 s ) 
Thu Oct 17 22:32:44, Info:  "computeDynamicRupture" ( constant ): 6.27728e-05 (sample size: 289484 , standard error: 2.13125e-10 ) 
Thu Oct 17 22:32:44, Info:  "computeDynamicRupture" ( per element ): 4.60479e-07 (sample size: 289484 , standard error: 2.13125e-10 ) 
Thu Oct 17 22:32:44, Info:  "computePointSources" (total time): 0 s ( = 0.0000 s ) 
Thu Oct 17 22:32:44, Info:  "computePointSources" ( constant ): -nan (sample size: 0 , standard error: -nan ) 
Thu Oct 17 22:32:44, Info:  "computePointSources" ( per element ): -nan (sample size: 0 , standard error: -nan ) 
Thu Oct 17 22:32:44, Info:  Total time spent in compute kernels: 831.706 s ( = 13 min 51.7061 s ) 
Thu Oct 17 22:32:44, Info:  Total calculated HW-FLOP:  503.4936 TFLOP 
Thu Oct 17 22:32:44, Info:  Total calculated NZ-FLOP:  201.2719 TFLOP 
Thu Oct 17 22:32:44, Info:  Total calculated HW-FLOP/s:  13.5741 TFLOP/s 
Thu Oct 17 22:32:44, Info:  Total calculated NZ-FLOP/s:  5.4262 TFLOP/s 
Thu Oct 17 22:32:44, Info:  WP calculated HW-FLOP:  417.1728 TFLOP 
Thu Oct 17 22:32:44, Info:  WP calculated NZ-FLOP:  137.0886 TFLOP 
Thu Oct 17 22:32:44, Info:  DR calculated HW-FLOP:  86.3208 TFLOP 
Thu Oct 17 22:32:44, Info:  DR calculated NZ-FLOP:  64.1833 TFLOP 
Thu Oct 17 22:32:44, Info:  PL calculated HW-FLOP:  0.0000 FLOP 
Thu Oct 17 22:32:44, Info:  PL calculated NZ-FLOP:  0.0000 FLOP 
Thu Oct 17 22:32:44, Info:  Time spent in simulation: 37.0929 s (min: 37.0929 s, max: 37.0942 s)
Thu Oct 17 22:32:44, Info:  Simulation done. 
Thu Oct 17 22:32:44, Info:  Closing IO. 
Thu Oct 17 22:32:45, Info:  Time fault writer backend: 264.9765 ms (min: 127.0709 ms, max: 2.5479 s)
Thu Oct 17 22:32:45, Info:  Time fault writer frontend: 2.2756 ms (min: 1.9520 ms, max: 2.9667 ms)
Thu Oct 17 22:32:45, Info:  Time free surface writer backend: 96.6751 ms (min: 64.8580 µs, max: 874.3826 ms)
Thu Oct 17 22:32:45, Info:  Time free surface writer frontend: 837.6557 µs (min: 37.8210 µs, max: 6.3284 ms)
Thu Oct 17 22:32:45, Info:  SeisSol done. Goodbye. 
SeisSol complete.
/hppfs/scratch/01/di35poq/haiti-rupture-outputs/dynamic-rupture-outputs/regional-only/jobid_4043207 ~/haiti-rupture-inputs/dynamic-rupture/regional-only/automated-runs/shmax_nu_suite/job_SHmax_30.0_nu_0.2
Writing hdf5 output with compression enabled (compression_level=4). 
Use --compression=0 if you want to speed-up data extraction.
u1: 0it [00:00, ?it/s]u1: 1it [00:00, 166.09it/s]
u2: 0it [00:00, ?it/s]u2: 1it [00:00, 174.43it/s]
u3: 0it [00:00, ?it/s]u3: 1it [00:00, 178.83it/s]
done writing output_jobid_4043207_extracted-surface.h5
done writing output_jobid_4043207_extracted-surface.xdmf
full path: /hppfs/scratch/01/di35poq/haiti-rupture-outputs/dynamic-rupture-outputs/regional-only/jobid_4043207/output_jobid_4043207_extracted-surface.xdmf
Working on JobID: 4043207
No matching file found for jobid 4043207. Assigning output-fault.xdmf instead
/hppfs/scratch/01/di35poq/haiti-rupture-outputs/dynamic-rupture-outputs/regional-only/jobid_4043207/output-fault.xdmf
warning: Mw computed over 0-85s (avoiding contribution of small residual moment after rupture)
jobid_4043207 moment magnitude: 5.958199871609082 (M0 = 1.1023e+18)
Finished writing /hppfs/scratch/01/di35poq/haiti-rupture-outputs/dynamic-rupture-outputs/regional-only/jobid_4043207/moment_rate_mainshock.png
Looking for output-fault.xdmf
mu_s: 0.6
mu_d: 0.2
done writing /hppfs/scratch/01/di35poq/haiti-rupture-outputs/dynamic-rupture-outputs/regional-only/jobid_4043207/output_jobid_4043207_extracted-fault.xdmf
full path: /hppfs/scratch/01/di35poq/haiti-rupture-outputs/dynamic-rupture-outputs/regional-only/jobid_4043207/output_jobid_4043207_extracted-fault.xdmf
done writing /hppfs/scratch/01/di35poq/haiti-rupture-outputs/dynamic-rupture-outputs/regional-only/jobid_4043207/output_jobid_4043207_extracted-fault.h5
Job ID set as: 4043207
mu_s: 0.6
mu_d: 0.2
~/haiti-rupture-inputs/dynamic-rupture/regional-only/automated-runs/shmax_nu_suite/job_SHmax_30.0_nu_0.2
