Fri 13 Sep 2024 12:40:03 AM UTC
num_nodes: 16 ntasks: 16 cpus_per_task:
Line 63 replaced with: OutputFile='/hppfs/scratch/01/di35poq/haiti-rupture-outputs/dynamic-rupture-outputs/variable_SH_max/jobid_3909954'
Job log complete.
Starting SeisSol...
Fri Sep 13 02:41:16, Info:  Using the parameter file parameters.par 
Fri Sep 13 02:41:16, Info:  Reading SeisSol parameter file... 
Fri Sep 13 02:41:16, Info:  In your parameter file, you have specified a non-positive interval for "checkpointinterval" . This mechanism is deprecated and may be removed in a future version of SeisSol. Consider disabling the whole module by setting "checkpoint" to 0 instead by adding "checkpoint = 0" to the "output" section of your parameter file instead. 
Fri Sep 13 02:41:16, Info:  The field "printintervalcriterion" is no longer in use. You may safely remove it from your parameters file. 
Fri Sep 13 02:41:16, Info:  Disabling the wavefield output by setting "outputformat = 10" is deprecated and may be removed in a future version of SeisSol. Consider using the parameter "wavefieldoutput" instead. To disable wavefield output, add "wavefieldoutput = 0" to the "output" section of your parameters file. 
Fri Sep 13 02:41:16, Info:  The field "printintervalcriterion" is no longer in use. You may safely remove it from your parameters file. 
Fri Sep 13 02:41:16, Info:  The field "pickdttype" is no longer in use. You may safely remove it from your parameters file. 
Fri Sep 13 02:41:16, Info:  The field "faultoutputflag" is no longer in use. You may safely remove it from your parameters file. 
Fri Sep 13 02:41:16, Info:  The field "boundaries" is no longer in use. You may safely remove it from your parameters file. 
Fri Sep 13 02:41:16, Info:  SeisSol parameter file read successfully. 
Fri Sep 13 02:41:16, Info:  Model information: 
Fri Sep 13 02:41:16, Info:  Elastic model: yes 
Fri Sep 13 02:41:16, Info:  Viscoelastic model: no 
Fri Sep 13 02:41:16, Info:  Anelastic model: no 
Fri Sep 13 02:41:16, Info:  Poroelastic model: no 
Fri Sep 13 02:41:16, Info:  Anisotropic model: no 
Fri Sep 13 02:41:16, Info:  Plasticity: no 
Fri Sep 13 02:41:16, Info:  Welcome to SeisSol 
Fri Sep 13 02:41:16, Info:  Copyright (c) 2012 - 2024  SeisSol Group 
Fri Sep 13 02:41:16, Info:  Version: v1.1.4-148-g60aedc8c (dirty) 
Fri Sep 13 02:41:16, Info:  Built on: Jun 17 2024 21:03:35 
Fri Sep 13 02:41:16, Info:  Last commit: 60aedc8c2ae0a5d9e5a46cc3a40e4eaf1c047225 at 2024-06-06T12:54:08+00:00 
Fri Sep 13 02:41:16, Info:  Compiled with HOST_ARCH = skx 
Fri Sep 13 02:41:16, Info:  Running on (rank=0): "i01r01c03s01" 
Fri Sep 13 02:41:16, Info:  Using MPI with #ranks: 16 
Fri Sep 13 02:41:16, Info:  Node-wide (shared memory) MPI with #ranks/node: 1 
Fri Sep 13 02:41:16, Info:  Using asynchronous MPI routines. 
Fri Sep 13 02:41:16, Info:  Using OMP with #threads/rank: 94 
Fri Sep 13 02:41:16, Info:  OpenMP worker affinity (this process): "0123456789|0123456789|0123456789|0123456789|0123456-89|0123456789|0123456789|0123456789|0123456789|01234-" 
Fri Sep 13 02:41:16, Info:  OpenMP worker affinity (this node)   : "0123456789|0123456789|0123456789|0123456789|0123456-89|0123456789|0123456789|0123456789|0123456789|01234-" 
Fri Sep 13 02:41:16, Info:  Using a communication thread for advancing MPI communication. 
Fri Sep 13 02:41:16, Info:  Communication thread affinity        : "----------|----------|----------|----------|-------7--|----------|----------|----------|----------|-----5" 
Fri Sep 13 02:41:16, Info:  The stack size ulimit is 2097152 [kiB] ( = 2.0000 GiB ). 
Fri Sep 13 02:41:16, Info:  Begin init mesh. 
Fri Sep 13 02:41:16, Info:  Mesh file: "/dss/dsshome1/01/di35poq/mesh/mesh_v07/Haiti_v07_lowres" 
Fri Sep 13 02:41:16, Info:  Running mini SeisSol to determine node weights. 
Fri Sep 13 02:41:16, Info:  miniSeisSol configured with 50000 elements and 10 repeats per process 
Fri Sep 13 02:41:16, Info:  Node weights: mean = 41.3589  std = 0.415527  min = 40.4231  median = 41.4489  max = 41.8894 
Fri Sep 13 02:41:16, Info:  Reading PUML mesh 
Fri Sep 13 02:41:16, Info:  Inferring boundary format. 
Fri Sep 13 02:41:16, Info:  Boundary format not given in PUML file; inferring from array shape. 
Fri Sep 13 02:41:16, Info:  Using boundary format: i32 (4xi8) 
Fri Sep 13 02:41:16, Info:  Found 2685422 cells 
Fri Sep 13 02:41:16, Info:  Found 477078 vertices 
Fri Sep 13 02:41:18, Info:  Computing LTS weights. 
Fri Sep 13 02:41:21, Info:  Limiting number of clusters to 2147483646 
Fri Sep 13 02:41:21, Info:  Computing LTS weights. Done.  (108216 reductions.)
Fri Sep 13 02:41:21, Info:  Using the Parmetis partition library and strategy. 
Fri Sep 13 02:41:24, Info:  PUML mesh read in: 7.8894 s (min: 7.8336 s, max: 8.0670 s)
Fri Sep 13 02:41:24, Info:  The mesh has been read. Starting post processing. 
Fri Sep 13 02:41:24, Info:  Extracting fault information. 
Fri Sep 13 02:41:24, Info:  Exchanging ghostlayer metadata. 
Fri Sep 13 02:41:26, Info:  Mesh initialized in: 9.8868 s (min: 9.8863 s, max: 9.8874 s)
Fri Sep 13 02:41:26, Info:  End init mesh. 
Fri Sep 13 02:41:26, Info:  Begin init model. 
Fri Sep 13 02:41:26, Info:  Initialize LTS. 
Fri Sep 13 02:41:26, Info:  Deriving clusters ids for min. time step width / multiRate: 0.000213316 / 2 
Fri Sep 13 02:41:26, Info:  Due to wiggle factor of 1 the minimum timestep size is reduced to 0.000213316 
Fri Sep 13 02:41:26, Info:  Number of elements in time clusters: 
Fri Sep 13 02:41:26, Info:  0: 2088 
Fri Sep 13 02:41:26, Info:  1: 265401 
Fri Sep 13 02:41:26, Info:  2: 1618976 
Fri Sep 13 02:41:26, Info:  3: 538212 
Fri Sep 13 02:41:26, Info:  4: 147352 
Fri Sep 13 02:41:26, Info:  5: 35652 
Fri Sep 13 02:41:26, Info:  6: 11329 
Fri Sep 13 02:41:26, Info:  7: 18592 
Fri Sep 13 02:41:26, Info:  8: 47781 
Fri Sep 13 02:41:26, Info:  9: 39 
Fri Sep 13 02:41:26, Info:  maximum theoretical speedup (compared to GTS): 6.4313 per cell LTS, 4.34786 with the used clustering. 
Fri Sep 13 02:41:26, Info:  Number of elements in dynamic rupture time clusters: 
Fri Sep 13 02:41:26, Info:  0 (dr): 618 
Fri Sep 13 02:41:26, Info:  1 (dr): 78824 
Fri Sep 13 02:41:26, Info:  2 (dr): 309945 
Fri Sep 13 02:41:26, Info:  3 (dr): 2509 
Fri Sep 13 02:41:26, Info:  4 (dr): 0 
Fri Sep 13 02:41:26, Info:  5 (dr): 0 
Fri Sep 13 02:41:26, Info:  6 (dr): 0 
Fri Sep 13 02:41:26, Info:  7 (dr): 0 
Fri Sep 13 02:41:26, Info:  8 (dr): 0 
Fri Sep 13 02:41:26, Info:  9 (dr): 0 
Fri Sep 13 02:41:26, Info:  Initialize Friction Model 
Fri Sep 13 02:41:28, Info:  Initialize cell material parameters. 
Fri Sep 13 02:41:29, Info:  Initialize Memory layout. 
Fri Sep 13 02:41:29, Info:  Initialize cell-local matrices. 
Fri Sep 13 02:41:30, Info:  Initializing Fault, using a quadrature rule with  25  points. 
Fri Sep 13 02:44:53, Info:  Model initialized in: 3 min 27.3924 s (min: 3 min 27.3904 s, max: 3 min 27.3965 s)
Fri Sep 13 02:44:53, Info:  End init model. 
Fri Sep 13 02:44:53, Info:  Setting initial conditions. 
Fri Sep 13 02:44:53, Info:  Using initial condition "Zero" . 
Fri Sep 13 02:44:53, Info:  Reading source. 
Fri Sep 13 02:44:53, Info:  No source term specified. 
Fri Sep 13 02:44:53, Info:  Setting up boundary conditions. 
Fri Sep 13 02:44:53, Info:  Begin init output. 
Fri Sep 13 02:44:53, Info:  Initializing free surface integrator. 
Fri Sep 13 02:44:53, Info:  Initializing free surface integrator. Done. 
Fri Sep 13 02:44:53, Info:  Enabling 2D fault output 
Fri Sep 13 02:44:53, Info:  Initializing Fault output. Number of sub-triangles: 4 
Fri Sep 13 02:44:54, Info:  Initializing XDMF fault output. 
Fri Sep 13 02:44:54, Info:  Fault writer thread affinity: "----------|----------|----------|----------|-------7--|----------|----------|----------|----------|-----5" 
Fri Sep 13 02:44:54, Info:  Initializing XDMF fault output. Done. 
Fri Sep 13 02:44:54, Info:  Initializing free surface output. 
Fri Sep 13 02:44:54, Info:  Free surface writer thread affinity: "----------|----------|----------|----------|-------7--|----------|----------|----------|----------|-----5" 
Fri Sep 13 02:44:54, Info:  Initializing free surface output. Done. 
Fri Sep 13 02:44:54, Info:  No record points read. 
Fri Sep 13 02:44:54, Info:  Finding meshIds for receivers... 
Fri Sep 13 02:44:54, Info:  Cleaning possible double occurring receivers for MPI... 
Fri Sep 13 02:44:54, Info:  Mapping receivers to LTS cells... 
Fri Sep 13 02:44:54, Info:  Initializing energy output. 
Fri Sep 13 02:44:54, Info:  End init output. 
Fri Sep 13 02:44:54, Info:  Finishing initialization... 
Fri Sep 13 02:44:54, Info:  Starting simulation. 
Fri Sep 13 02:44:54, Info:  Writing faultoutput at time 0.
Fri Sep 13 02:44:54, Info:  Writing faultoutput at time 0. Done.
Fri Sep 13 02:44:54, Info:  Writing free surface at time 0.
Fri Sep 13 02:44:54, Info:  Writing free surface at time 0. Done.
Fri Sep 13 02:44:54, Info:  Writing energy output at time 0 
Fri Sep 13 02:44:54, Info:  Total momentum (X, Y, Z): 0  , 0  , 0 
Fri Sep 13 02:44:54, Info:  Writing energy output at time 0 Done. 
Fri Sep 13 02:44:54, Info:  Time spent for initial IO: 51.5101 ms (min: 41.3654 ms, max: 74.1552 ms)
Fri Sep 13 02:45:21, Info:  Writing faultoutput at time 0.5.
Fri Sep 13 02:45:21, Info:  Writing faultoutput at time 0.5. Done.
Fri Sep 13 02:45:21, Info:  Writing energy output at time 0.5 
Fri Sep 13 02:45:22, Info:  Elastic energy (total, % kinematic, % potential):  1.41293e+12  , 24.9124  , 75.0876 
Fri Sep 13 02:45:22, Info:  Total momentum (X, Y, Z): 0.00389134  , 0.00111837  , -0.00117319 
Fri Sep 13 02:45:22, Info:  Frictional work (total, % static, % radiated):  1.42944e+12  , 72.8906  , 27.1094 
Fri Sep 13 02:45:22, Info:  Seismic moment (without plasticity): 1.6942e+16  Mw: 4.74931 
Fri Sep 13 02:45:22, Info:  Writing energy output at time 0.5 Done. 
Fri Sep 13 02:45:22, Info:  Time spent this phase (total): 27.6844 s (min: 27.6394 s, max: 27.7144 s)
Fri Sep 13 02:45:22, Info:  Time spent this phase (compute): 27.6329 s (min: 27.5952 s, max: 27.6661 s)
Fri Sep 13 02:45:22, Info:  Time spent this phase (IO): 47.9219 ms (min: 39.7869 ms, max: 67.8118 ms)
Fri Sep 13 02:45:22, Info:  Performance since the start: 9.0911 TFLOP/s (rank 0: 582.1228 GFLOP/s , average over ranks: 568.1907 GFLOP/s ) 
Fri Sep 13 02:45:22, Info:  Performance since last sync point: 9.0911 TFLOP/s (rank 0: 582.1228 GFLOP/s , average over ranks: 568.1907 GFLOP/s ) 
Fri Sep 13 02:45:49, Info:  Writing faultoutput at time 1.
Fri Sep 13 02:45:49, Info:  Writing faultoutput at time 1. Done.
Fri Sep 13 02:45:49, Info:  Writing free surface at time 1.
Fri Sep 13 02:45:49, Info:  Writing free surface at time 1. Done.
Fri Sep 13 02:45:49, Info:  Writing energy output at time 1 
Fri Sep 13 02:45:49, Info:  Elastic energy (total, % kinematic, % potential):  1.07528e+13  , 23.9416  , 76.0584 
Fri Sep 13 02:45:49, Info:  Total momentum (X, Y, Z): 0.394856  , 0.393269  , -0.272208 
Fri Sep 13 02:45:49, Info:  Frictional work (total, % static, % radiated):  1.11272e+13  , 72.3053  , 27.6947 
Fri Sep 13 02:45:49, Info:  Seismic moment (without plasticity): 1.26189e+17  Mw: 5.33068 
Fri Sep 13 02:45:49, Info:  Writing energy output at time 1 Done. 
Fri Sep 13 02:45:49, Info:  Time spent this phase (total): 27.4456 s (min: 27.4256 s, max: 27.4529 s)
Fri Sep 13 02:45:49, Info:  Time spent this phase (compute): 27.4454 s (min: 27.4254 s, max: 27.4528 s)
Fri Sep 13 02:45:49, Info:  Time spent this phase (IO): 48.6631 ms (min: 39.9030 ms, max: 68.3348 ms)
Fri Sep 13 02:45:49, Info:  Performance since the start: 9.1305 TFLOP/s (rank 0: 584.9039 GFLOP/s , average over ranks: 570.6540 GFLOP/s ) 
Fri Sep 13 02:45:49, Info:  Performance since last sync point: 9.1702 TFLOP/s (rank 0: 587.7116 GFLOP/s , average over ranks: 573.1389 GFLOP/s ) 
Fri Sep 13 02:46:16, Info:  Writing faultoutput at time 1.5.
Fri Sep 13 02:46:16, Info:  Writing faultoutput at time 1.5. Done.
Fri Sep 13 02:46:16, Info:  Writing energy output at time 1.5 
Fri Sep 13 02:46:16, Info:  Elastic energy (total, % kinematic, % potential):  3.25019e+13  , 22.696  , 77.304 
Fri Sep 13 02:46:16, Info:  Total momentum (X, Y, Z): -0.1423  , -0.366068  , -0.00583457 
Fri Sep 13 02:46:16, Info:  Frictional work (total, % static, % radiated):  3.3661e+13  , 73.3893  , 26.6107 
Fri Sep 13 02:46:16, Info:  Seismic moment (without plasticity): 3.93649e+17  Mw: 5.66007 
Fri Sep 13 02:46:16, Info:  Writing energy output at time 1.5 Done. 
Fri Sep 13 02:46:16, Info:  Time spent this phase (total): 27.4441 s (min: 27.4330 s, max: 27.4557 s)
Fri Sep 13 02:46:16, Info:  Time spent this phase (compute): 27.4440 s (min: 27.4326 s, max: 27.4556 s)
Fri Sep 13 02:46:16, Info:  Time spent this phase (IO): 48.1299 ms (min: 39.7143 ms, max: 67.8910 ms)
Fri Sep 13 02:46:16, Info:  Performance since the start: 9.1439 TFLOP/s (rank 0: 585.9632 GFLOP/s , average over ranks: 571.4909 GFLOP/s ) 
Fri Sep 13 02:46:16, Info:  Performance since last sync point: 9.1708 TFLOP/s (rank 0: 588.0934 GFLOP/s , average over ranks: 573.1724 GFLOP/s ) 
Fri Sep 13 02:46:44, Info:  Writing faultoutput at time 2.
Fri Sep 13 02:46:44, Info:  Writing faultoutput at time 2. Done.
Fri Sep 13 02:46:44, Info:  Writing free surface at time 2.
Fri Sep 13 02:46:44, Info:  Writing free surface at time 2. Done.
Fri Sep 13 02:46:44, Info:  Writing energy output at time 2 
Fri Sep 13 02:46:44, Info:  Elastic energy (total, % kinematic, % potential):  6.67358e+13  , 20.8456  , 79.1544 
Fri Sep 13 02:46:44, Info:  Total momentum (X, Y, Z): -0.834624  , -0.446385  , -0.241531 
Fri Sep 13 02:46:44, Info:  Frictional work (total, % static, % radiated):  6.90594e+13  , 74.7601  , 25.2399 
Fri Sep 13 02:46:44, Info:  Seismic moment (without plasticity): 8.40823e+17  Mw: 5.8798 
Fri Sep 13 02:46:44, Info:  Writing energy output at time 2 Done. 
Fri Sep 13 02:46:44, Info:  Time spent this phase (total): 27.3708 s (min: 27.3632 s, max: 27.3962 s)
Fri Sep 13 02:46:44, Info:  Time spent this phase (compute): 27.3707 s (min: 27.3631 s, max: 27.3962 s)
Fri Sep 13 02:46:44, Info:  Time spent this phase (IO): 49.9147 ms (min: 39.8599 ms, max: 67.5948 ms)
Fri Sep 13 02:46:44, Info:  Performance since the start: 9.1567 TFLOP/s (rank 0: 586.7840 GFLOP/s , average over ranks: 572.2908 GFLOP/s ) 
Fri Sep 13 02:46:44, Info:  Performance since last sync point: 9.1953 TFLOP/s (rank 0: 589.2604 GFLOP/s , average over ranks: 574.7038 GFLOP/s ) 
Fri Sep 13 02:47:11, Info:  Writing faultoutput at time 2.5.
Fri Sep 13 02:47:11, Info:  Writing faultoutput at time 2.5. Done.
Fri Sep 13 02:47:11, Info:  Writing energy output at time 2.5 
Fri Sep 13 02:47:11, Info:  Elastic energy (total, % kinematic, % potential):  1.08386e+14  , 18.2432  , 81.7568 
Fri Sep 13 02:47:11, Info:  Total momentum (X, Y, Z): -9.21418  , -5.03651  , 9.15779 
Fri Sep 13 02:47:11, Info:  Frictional work (total, % static, % radiated):  1.11663e+14  , 76.6133  , 23.3867 
Fri Sep 13 02:47:11, Info:  Seismic moment (without plasticity): 1.42802e+18  Mw: 6.03316 
Fri Sep 13 02:47:11, Info:  Writing energy output at time 2.5 Done. 
Fri Sep 13 02:47:11, Info:  Time spent this phase (total): 27.6971 s (min: 27.6662 s, max: 27.7047 s)
Fri Sep 13 02:47:11, Info:  Time spent this phase (compute): 27.6971 s (min: 27.6661 s, max: 27.7046 s)
Fri Sep 13 02:47:11, Info:  Time spent this phase (IO): 49.8758 ms (min: 39.7195 ms, max: 71.0035 ms)
Fri Sep 13 02:47:11, Info:  Performance since the start: 9.1426 TFLOP/s (rank 0: 585.9717 GFLOP/s , average over ranks: 571.4143 GFLOP/s ) 
Fri Sep 13 02:47:11, Info:  Performance since last sync point: 9.0870 TFLOP/s (rank 0: 582.7450 GFLOP/s , average over ranks: 567.9350 GFLOP/s ) 
Fri Sep 13 02:47:39, Info:  Writing faultoutput at time 3.
Fri Sep 13 02:47:39, Info:  Writing faultoutput at time 3. Done.
Fri Sep 13 02:47:39, Info:  Writing free surface at time 3.
Fri Sep 13 02:47:39, Info:  Writing free surface at time 3. Done.
Fri Sep 13 02:47:39, Info:  Writing energy output at time 3 
Fri Sep 13 02:47:39, Info:  Elastic energy (total, % kinematic, % potential):  1.52211e+14  , 16.0787  , 83.9213 
Fri Sep 13 02:47:39, Info:  Total momentum (X, Y, Z): -25.441  , -11.9448  , 26.9828 
Fri Sep 13 02:47:39, Info:  Frictional work (total, % static, % radiated):  1.56043e+14  , 78.2693  , 21.7307 
Fri Sep 13 02:47:39, Info:  Seismic moment (without plasticity): 2.09698e+18  Mw: 6.1444 
Fri Sep 13 02:47:39, Info:  Writing energy output at time 3 Done. 
Fri Sep 13 02:47:39, Info:  Time spent this phase (total): 27.3632 s (min: 27.3486 s, max: 27.3844 s)
Fri Sep 13 02:47:39, Info:  Time spent this phase (compute): 27.3631 s (min: 27.3485 s, max: 27.3841 s)
Fri Sep 13 02:47:39, Info:  Time spent this phase (IO): 49.1899 ms (min: 39.9250 ms, max: 67.6180 ms)
Fri Sep 13 02:47:39, Info:  Performance since the start: 9.1518 TFLOP/s (rank 0: 586.4968 GFLOP/s , average over ranks: 571.9862 GFLOP/s ) 
Fri Sep 13 02:47:39, Info:  Performance since last sync point: 9.1978 TFLOP/s (rank 0: 589.1364 GFLOP/s , average over ranks: 574.8634 GFLOP/s ) 
Fri Sep 13 02:48:06, Info:  Writing faultoutput at time 3.5.
Fri Sep 13 02:48:06, Info:  Writing faultoutput at time 3.5. Done.
Fri Sep 13 02:48:06, Info:  Writing energy output at time 3.5 
Fri Sep 13 02:48:06, Info:  Elastic energy (total, % kinematic, % potential):  1.9752e+14  , 15.2121  , 84.7879 
Fri Sep 13 02:48:06, Info:  Total momentum (X, Y, Z): -42.8359  , -22.7832  , 50.241 
Fri Sep 13 02:48:06, Info:  Frictional work (total, % static, % radiated):  2.01902e+14  , 79.826  , 20.174 
Fri Sep 13 02:48:06, Info:  Seismic moment (without plasticity): 2.85296e+18  Mw: 6.23353 
Fri Sep 13 02:48:06, Info:  Writing energy output at time 3.5 Done. 
Fri Sep 13 02:48:06, Info:  Time spent this phase (total): 27.4423 s (min: 27.4295 s, max: 27.4502 s)
Fri Sep 13 02:48:06, Info:  Time spent this phase (compute): 27.4422 s (min: 27.4291 s, max: 27.4501 s)
Fri Sep 13 02:48:06, Info:  Time spent this phase (IO): 48.1457 ms (min: 40.0011 ms, max: 67.5591 ms)
Fri Sep 13 02:48:06, Info:  Performance since the start: 9.1546 TFLOP/s (rank 0: 586.7350 GFLOP/s , average over ranks: 572.1604 GFLOP/s ) 
Fri Sep 13 02:48:06, Info:  Performance since last sync point: 9.1713 TFLOP/s (rank 0: 588.1685 GFLOP/s , average over ranks: 573.2080 GFLOP/s ) 
Fri Sep 13 02:48:34, Info:  Writing faultoutput at time 4.
Fri Sep 13 02:48:34, Info:  Writing faultoutput at time 4. Done.
Fri Sep 13 02:48:34, Info:  Writing free surface at time 4.
Fri Sep 13 02:48:34, Info:  Writing free surface at time 4. Done.
Fri Sep 13 02:48:34, Info:  Writing energy output at time 4 
Fri Sep 13 02:48:34, Info:  Elastic energy (total, % kinematic, % potential):  2.46151e+14  , 14.7397  , 85.2603 
Fri Sep 13 02:48:34, Info:  Total momentum (X, Y, Z): -69.119  , -32.1543  , 81.991 
Fri Sep 13 02:48:34, Info:  Frictional work (total, % static, % radiated):  2.51141e+14  , 80.7677  , 19.2323 
Fri Sep 13 02:48:34, Info:  Seismic moment (without plasticity): 3.71347e+18  Mw: 6.30985 
Fri Sep 13 02:48:34, Info:  Writing energy output at time 4 Done. 
Fri Sep 13 02:48:34, Info:  Time spent this phase (total): 27.3783 s (min: 27.3710 s, max: 27.3956 s)
Fri Sep 13 02:48:34, Info:  Time spent this phase (compute): 27.3782 s (min: 27.3709 s, max: 27.3953 s)
Fri Sep 13 02:48:34, Info:  Time spent this phase (IO): 49.4418 ms (min: 40.2882 ms, max: 68.3146 ms)
Fri Sep 13 02:48:34, Info:  Performance since the start: 9.1593 TFLOP/s (rank 0: 587.0042 GFLOP/s , average over ranks: 572.4578 GFLOP/s ) 
Fri Sep 13 02:48:34, Info:  Performance since last sync point: 9.1928 TFLOP/s (rank 0: 588.8953 GFLOP/s , average over ranks: 574.5481 GFLOP/s ) 
Fri Sep 13 02:49:01, Info:  Writing faultoutput at time 4.5.
Fri Sep 13 02:49:01, Info:  Writing faultoutput at time 4.5. Done.
Fri Sep 13 02:49:01, Info:  Writing energy output at time 4.5 
Fri Sep 13 02:49:01, Info:  Elastic energy (total, % kinematic, % potential):  2.99115e+14  , 14.521  , 85.479 
Fri Sep 13 02:49:01, Info:  Total momentum (X, Y, Z): -64.3081  , -1.42285  , 109.139 
Fri Sep 13 02:49:01, Info:  Frictional work (total, % static, % radiated):  3.04866e+14  , 81.3361  , 18.6639 
Fri Sep 13 02:49:01, Info:  Seismic moment (without plasticity): 4.69692e+18  Mw: 6.37788 
Fri Sep 13 02:49:01, Info:  Writing energy output at time 4.5 Done. 
Fri Sep 13 02:49:01, Info:  Time spent this phase (total): 27.4668 s (min: 27.4494 s, max: 27.4696 s)
Fri Sep 13 02:49:01, Info:  Time spent this phase (compute): 27.4667 s (min: 27.4490 s, max: 27.4695 s)
Fri Sep 13 02:49:01, Info:  Time spent this phase (IO): 48.1457 ms (min: 39.9749 ms, max: 67.8153 ms)
Fri Sep 13 02:49:01, Info:  Performance since the start: 9.1598 TFLOP/s (rank 0: 587.0861 GFLOP/s , average over ranks: 572.4844 GFLOP/s ) 
Fri Sep 13 02:49:01, Info:  Performance since last sync point: 9.1632 TFLOP/s (rank 0: 587.7424 GFLOP/s , average over ranks: 572.6974 GFLOP/s ) 
Fri Sep 13 02:49:29, Info:  Writing faultoutput at time 5.
Fri Sep 13 02:49:29, Info:  Writing faultoutput at time 5. Done.
Fri Sep 13 02:49:29, Info:  Writing free surface at time 5.
Fri Sep 13 02:49:29, Info:  Writing free surface at time 5. Done.
Fri Sep 13 02:49:29, Info:  Writing energy output at time 5 
Fri Sep 13 02:49:29, Info:  Elastic energy (total, % kinematic, % potential):  3.5726e+14  , 14.3784  , 85.6216 
Fri Sep 13 02:49:29, Info:  Total momentum (X, Y, Z): -71.6987  , 81.0332  , -109.799 
Fri Sep 13 02:49:29, Info:  Frictional work (total, % static, % radiated):  3.64053e+14  , 81.797  , 18.203 
Fri Sep 13 02:49:29, Info:  Seismic moment (without plasticity): 5.83734e+18  Mw: 6.44081 
Fri Sep 13 02:49:29, Info:  Writing energy output at time 5 Done. 
Fri Sep 13 02:49:29, Info:  Time spent this phase (total): 27.7840 s (min: 27.7806 s, max: 27.8015 s)
Fri Sep 13 02:49:29, Info:  Time spent this phase (compute): 27.7839 s (min: 27.7806 s, max: 27.8011 s)
Fri Sep 13 02:49:29, Info:  Time spent this phase (IO): 49.6870 ms (min: 40.1444 ms, max: 68.0902 ms)
Fri Sep 13 02:49:29, Info:  Performance since the start: 9.1495 TFLOP/s (rank 0: 586.4003 GFLOP/s , average over ranks: 571.8454 GFLOP/s ) 
Fri Sep 13 02:49:29, Info:  Performance since last sync point: 9.0585 TFLOP/s (rank 0: 580.2989 GFLOP/s , average over ranks: 566.1578 GFLOP/s ) 
Fri Sep 13 02:49:57, Info:  Writing faultoutput at time 5.5.
Fri Sep 13 02:49:57, Info:  Writing faultoutput at time 5.5. Done.
Fri Sep 13 02:49:57, Info:  Writing energy output at time 5.5 
Fri Sep 13 02:49:57, Info:  Elastic energy (total, % kinematic, % potential):  4.2192e+14  , 14.2728  , 85.7272 
Fri Sep 13 02:49:57, Info:  Total momentum (X, Y, Z): 120.771  , -60.2261  , 702.167 
Fri Sep 13 02:49:57, Info:  Frictional work (total, % static, % radiated):  4.29835e+14  , 82.116  , 17.884 
Fri Sep 13 02:49:57, Info:  Seismic moment (without plasticity): 7.16701e+18  Mw: 6.50023 
Fri Sep 13 02:49:57, Info:  Writing energy output at time 5.5 Done. 
Fri Sep 13 02:49:57, Info:  Time spent this phase (total): 27.7024 s (min: 27.6852 s, max: 27.7045 s)
Fri Sep 13 02:49:57, Info:  Time spent this phase (compute): 27.7024 s (min: 27.6851 s, max: 27.7044 s)
Fri Sep 13 02:49:57, Info:  Time spent this phase (IO): 48.2645 ms (min: 39.9896 ms, max: 67.8402 ms)
Fri Sep 13 02:49:57, Info:  Performance since the start: 9.1436 TFLOP/s (rank 0: 586.0652 GFLOP/s , average over ranks: 571.4776 GFLOP/s ) 
Fri Sep 13 02:49:57, Info:  Performance since last sync point: 9.0852 TFLOP/s (rank 0: 582.7355 GFLOP/s , average over ranks: 567.8259 GFLOP/s ) 
Fri Sep 13 02:50:24, Info:  Writing faultoutput at time 6.
Fri Sep 13 02:50:24, Info:  Writing faultoutput at time 6. Done.
Fri Sep 13 02:50:24, Info:  Writing free surface at time 6.
Fri Sep 13 02:50:24, Info:  Writing free surface at time 6. Done.
Fri Sep 13 02:50:24, Info:  Writing energy output at time 6 
Fri Sep 13 02:50:24, Info:  Elastic energy (total, % kinematic, % potential):  4.92683e+14  , 14.2609  , 85.7391 
Fri Sep 13 02:50:24, Info:  Total momentum (X, Y, Z): -561.172  , 692.039  , -163.281 
Fri Sep 13 02:50:24, Info:  Frictional work (total, % static, % radiated):  5.02117e+14  , 82.4387  , 17.5613 
Fri Sep 13 02:50:24, Info:  Seismic moment (without plasticity): 8.71917e+18  Mw: 6.55698 
Fri Sep 13 02:50:24, Info:  Writing energy output at time 6 Done. 
Fri Sep 13 02:50:24, Info:  Time spent this phase (total): 27.4108 s (min: 27.4089 s, max: 27.4229 s)
Fri Sep 13 02:50:24, Info:  Time spent this phase (compute): 27.4107 s (min: 27.4089 s, max: 27.4225 s)
Fri Sep 13 02:50:24, Info:  Time spent this phase (IO): 49.2892 ms (min: 40.1930 ms, max: 67.6068 ms)
Fri Sep 13 02:50:24, Info:  Performance since the start: 9.1468 TFLOP/s (rank 0: 586.2516 GFLOP/s , average over ranks: 571.6760 GFLOP/s ) 
Fri Sep 13 02:50:24, Info:  Performance since last sync point: 9.1819 TFLOP/s (rank 0: 588.3103 GFLOP/s , average over ranks: 573.8667 GFLOP/s ) 
Fri Sep 13 02:50:52, Info:  Writing faultoutput at time 6.5.
Fri Sep 13 02:50:52, Info:  Writing faultoutput at time 6.5. Done.
Fri Sep 13 02:50:52, Info:  Writing energy output at time 6.5 
Fri Sep 13 02:50:52, Info:  Elastic energy (total, % kinematic, % potential):  5.68666e+14  , 14.1005  , 85.8995 
Fri Sep 13 02:50:52, Info:  Total momentum (X, Y, Z): 2220.79  , -1254.76  , -6416.31 
Fri Sep 13 02:50:52, Info:  Frictional work (total, % static, % radiated):  5.79558e+14  , 82.7211  , 17.2789 
Fri Sep 13 02:50:52, Info:  Seismic moment (without plasticity): 1.04837e+19  Mw: 6.61034 
Fri Sep 13 02:50:52, Info:  Writing energy output at time 6.5 Done. 
Fri Sep 13 02:50:52, Info:  Time spent this phase (total): 27.5679 s (min: 27.5559 s, max: 27.5691 s)
Fri Sep 13 02:50:52, Info:  Time spent this phase (compute): 27.5678 s (min: 27.5556 s, max: 27.5691 s)
Fri Sep 13 02:50:52, Info:  Time spent this phase (IO): 48.2836 ms (min: 40.1216 ms, max: 67.3468 ms)
Fri Sep 13 02:50:52, Info:  Performance since the start: 9.1455 TFLOP/s (rank 0: 586.1915 GFLOP/s , average over ranks: 571.5927 GFLOP/s ) 
Fri Sep 13 02:50:52, Info:  Performance since last sync point: 9.1295 TFLOP/s (rank 0: 585.4702 GFLOP/s , average over ranks: 570.5961 GFLOP/s ) 
Fri Sep 13 02:51:19, Info:  Writing faultoutput at time 7.
Fri Sep 13 02:51:19, Info:  Writing faultoutput at time 7. Done.
Fri Sep 13 02:51:19, Info:  Writing free surface at time 7.
Fri Sep 13 02:51:19, Info:  Writing free surface at time 7. Done.
Fri Sep 13 02:51:19, Info:  Writing energy output at time 7 
Fri Sep 13 02:51:19, Info:  Elastic energy (total, % kinematic, % potential):  6.49342e+14  , 13.899  , 86.101 
Fri Sep 13 02:51:19, Info:  Total momentum (X, Y, Z): -7369.8  , 5092.86  , 31610.5 
Fri Sep 13 02:51:19, Info:  Frictional work (total, % static, % radiated):  6.61453e+14  , 82.9529  , 17.0471 
Fri Sep 13 02:51:19, Info:  Seismic moment (without plasticity): 1.24323e+19  Mw: 6.6597 
Fri Sep 13 02:51:19, Info:  Writing energy output at time 7 Done. 
Fri Sep 13 02:51:19, Info:  Time spent this phase (total): 27.3972 s (min: 27.3914 s, max: 27.4048 s)
Fri Sep 13 02:51:19, Info:  Time spent this phase (compute): 27.3971 s (min: 27.3914 s, max: 27.4045 s)
Fri Sep 13 02:51:19, Info:  Time spent this phase (IO): 49.8499 ms (min: 40.4234 ms, max: 73.2674 ms)
Fri Sep 13 02:51:19, Info:  Performance since the start: 9.1484 TFLOP/s (rank 0: 586.3698 GFLOP/s , average over ranks: 571.7747 GFLOP/s ) 
Fri Sep 13 02:51:19, Info:  Performance since last sync point: 9.1864 TFLOP/s (rank 0: 588.6976 GFLOP/s , average over ranks: 574.1505 GFLOP/s ) 
Fri Sep 13 02:51:46, Info:  Writing faultoutput at time 7.5.
Fri Sep 13 02:51:46, Info:  Writing faultoutput at time 7.5. Done.
Fri Sep 13 02:51:46, Info:  Writing energy output at time 7.5 
Fri Sep 13 02:51:46, Info:  Elastic energy (total, % kinematic, % potential):  7.35615e+14  , 13.9159  , 86.0841 
Fri Sep 13 02:51:46, Info:  Total momentum (X, Y, Z): 22899.4  , -16426.1  , -71612.1 
Fri Sep 13 02:51:46, Info:  Frictional work (total, % static, % radiated):  7.49261e+14  , 83.1951  , 16.8049 
Fri Sep 13 02:51:46, Info:  Seismic moment (without plasticity): 1.46007e+19  Mw: 6.70625 
Fri Sep 13 02:51:46, Info:  Writing energy output at time 7.5 Done. 
Fri Sep 13 02:51:46, Info:  Time spent this phase (total): 27.4460 s (min: 27.4063 s, max: 27.4852 s)
Fri Sep 13 02:51:46, Info:  Time spent this phase (compute): 27.4456 s (min: 27.4062 s, max: 27.4852 s)
Fri Sep 13 02:51:46, Info:  Time spent this phase (IO): 51.6609 ms (min: 40.1396 ms, max: 81.0186 ms)
Fri Sep 13 02:51:46, Info:  Performance since the start: 9.1498 TFLOP/s (rank 0: 586.4881 GFLOP/s , average over ranks: 571.8653 GFLOP/s ) 
Fri Sep 13 02:51:46, Info:  Performance since last sync point: 9.1702 TFLOP/s (rank 0: 588.1495 GFLOP/s , average over ranks: 573.1367 GFLOP/s ) 
Fri Sep 13 02:52:14, Info:  Writing faultoutput at time 8.
Fri Sep 13 02:52:14, Info:  Writing faultoutput at time 8. Done.
Fri Sep 13 02:52:14, Info:  Writing free surface at time 8.
Fri Sep 13 02:52:14, Info:  Writing free surface at time 8. Done.
Fri Sep 13 02:52:14, Info:  Writing energy output at time 8 
Fri Sep 13 02:52:14, Info:  Elastic energy (total, % kinematic, % potential):  8.31856e+14  , 14.0596  , 85.9404 
Fri Sep 13 02:52:14, Info:  Total momentum (X, Y, Z): -56984.5  , 50748  , -10204.6 
Fri Sep 13 02:52:14, Info:  Frictional work (total, % static, % radiated):  8.47459e+14  , 83.2297  , 16.7703 
Fri Sep 13 02:52:14, Info:  Seismic moment (without plasticity): 1.70078e+19  Mw: 6.75043 
Fri Sep 13 02:52:14, Info:  Writing energy output at time 8 Done. 
Fri Sep 13 02:52:14, Info:  Time spent this phase (total): 27.3579 s (min: 27.3289 s, max: 27.3866 s)
Fri Sep 13 02:52:14, Info:  Time spent this phase (compute): 27.3578 s (min: 27.3288 s, max: 27.3866 s)
Fri Sep 13 02:52:14, Info:  Time spent this phase (IO): 51.6782 ms (min: 40.1304 ms, max: 72.0476 ms)
Fri Sep 13 02:52:14, Info:  Performance since the start: 9.1529 TFLOP/s (rank 0: 586.6729 GFLOP/s , average over ranks: 572.0584 GFLOP/s ) 
Fri Sep 13 02:52:14, Info:  Performance since last sync point: 9.1995 TFLOP/s (rank 0: 589.4598 GFLOP/s , average over ranks: 574.9715 GFLOP/s ) 
Fri Sep 13 02:52:41, Info:  Writing faultoutput at time 8.5.
Fri Sep 13 02:52:41, Info:  Writing faultoutput at time 8.5. Done.
Fri Sep 13 02:52:41, Info:  Writing energy output at time 8.5 
Fri Sep 13 02:52:41, Info:  Elastic energy (total, % kinematic, % potential):  9.41245e+14  , 14.3052  , 85.6948 
Fri Sep 13 02:52:41, Info:  Total momentum (X, Y, Z): 111289  , -107142  , 769643 
Fri Sep 13 02:52:41, Info:  Frictional work (total, % static, % radiated):  9.59013e+14  , 82.9035  , 17.0965 
Fri Sep 13 02:52:41, Info:  Seismic moment (without plasticity): 1.96158e+19  Mw: 6.79174 
Fri Sep 13 02:52:41, Info:  Writing energy output at time 8.5 Done. 
Fri Sep 13 02:52:41, Info:  Time spent this phase (total): 27.5691 s (min: 27.5581 s, max: 27.5793 s)
Fri Sep 13 02:52:41, Info:  Time spent this phase (compute): 27.5691 s (min: 27.5581 s, max: 27.5793 s)
Fri Sep 13 02:52:41, Info:  Time spent this phase (IO): 48.5548 ms (min: 40.0723 ms, max: 67.9722 ms)
Fri Sep 13 02:52:41, Info:  Performance since the start: 9.1515 TFLOP/s (rank 0: 586.5893 GFLOP/s , average over ranks: 571.9706 GFLOP/s ) 
Fri Sep 13 02:52:41, Info:  Performance since last sync point: 9.1291 TFLOP/s (rank 0: 585.2540 GFLOP/s , average over ranks: 570.5699 GFLOP/s ) 
Fri Sep 13 02:53:09, Info:  Writing faultoutput at time 9.
Fri Sep 13 02:53:09, Info:  Writing faultoutput at time 9. Done.
Fri Sep 13 02:53:09, Info:  Writing free surface at time 9.
Fri Sep 13 02:53:09, Info:  Writing free surface at time 9. Done.
Fri Sep 13 02:53:09, Info:  Writing energy output at time 9 
Fri Sep 13 02:53:09, Info:  Elastic energy (total, % kinematic, % potential):  1.066e+15  , 14.6314  , 85.3686 
Fri Sep 13 02:53:09, Info:  Total momentum (X, Y, Z): -142764  , 145472  , -3.62532e+06 
Fri Sep 13 02:53:09, Info:  Frictional work (total, % static, % radiated):  1.08719e+15  , 82.0678  , 17.9322 
Fri Sep 13 02:53:09, Info:  Seismic moment (without plasticity): 2.2378e+19  Mw: 6.82988 
Fri Sep 13 02:53:09, Info:  Writing energy output at time 9 Done. 
Fri Sep 13 02:53:09, Info:  Time spent this phase (total): 27.5377 s (min: 27.5361 s, max: 27.5503 s)
Fri Sep 13 02:53:09, Info:  Time spent this phase (compute): 27.5376 s (min: 27.5361 s, max: 27.5500 s)
Fri Sep 13 02:53:09, Info:  Time spent this phase (IO): 49.9424 ms (min: 40.1327 ms, max: 67.7859 ms)
Fri Sep 13 02:53:09, Info:  Performance since the start: 9.1509 TFLOP/s (rank 0: 586.5336 GFLOP/s , average over ranks: 571.9290 GFLOP/s ) 
Fri Sep 13 02:53:09, Info:  Performance since last sync point: 9.1395 TFLOP/s (rank 0: 585.5885 GFLOP/s , average over ranks: 571.2217 GFLOP/s ) 
Fri Sep 13 02:53:36, Info:  Writing faultoutput at time 9.5.
Fri Sep 13 02:53:36, Info:  Writing faultoutput at time 9.5. Done.
Fri Sep 13 02:53:36, Info:  Writing energy output at time 9.5 
Fri Sep 13 02:53:36, Info:  Elastic energy (total, % kinematic, % potential):  1.19819e+15  , 14.8604  , 85.1396 
Fri Sep 13 02:53:36, Info:  Total momentum (X, Y, Z): 188.531  , -134541  , 1.06282e+07 
Fri Sep 13 02:53:36, Info:  Frictional work (total, % static, % radiated):  1.22245e+15  , 81.2004  , 18.7996 
Fri Sep 13 02:53:36, Info:  Seismic moment (without plasticity): 2.52634e+19  Mw: 6.86499 
Fri Sep 13 02:53:36, Info:  Writing energy output at time 9.5 Done. 
Fri Sep 13 02:53:36, Info:  Time spent this phase (total): 27.3506 s (min: 27.3328 s, max: 27.3774 s)
Fri Sep 13 02:53:36, Info:  Time spent this phase (compute): 27.3505 s (min: 27.3322 s, max: 27.3773 s)
Fri Sep 13 02:53:36, Info:  Time spent this phase (IO): 47.2080 ms (min: 40.0458 ms, max: 59.4480 ms)
Fri Sep 13 02:53:36, Info:  Performance since the start: 9.1535 TFLOP/s (rank 0: 586.7280 GFLOP/s , average over ranks: 572.0966 GFLOP/s ) 
Fri Sep 13 02:53:36, Info:  Performance since last sync point: 9.2021 TFLOP/s (rank 0: 590.2489 GFLOP/s , average over ranks: 575.1318 GFLOP/s ) 
Fri Sep 13 02:54:04, Info:  Writing faultoutput at time 10.
Fri Sep 13 02:54:04, Info:  Writing faultoutput at time 10. Done.
Fri Sep 13 02:54:04, Info:  Writing free surface at time 10.
Fri Sep 13 02:54:04, Info:  Writing free surface at time 10. Done.
Fri Sep 13 02:54:04, Info:  Wrote receivers in 3.65e-07 seconds. 
Fri Sep 13 02:54:04, Info:  Writing energy output at time 10 
Fri Sep 13 02:54:04, Info:  Elastic energy (total, % kinematic, % potential):  1.32969e+15  , 14.8604  , 85.1396 
Fri Sep 13 02:54:04, Info:  Total momentum (X, Y, Z): 813798  , 271099  , -1.8875e+07 
Fri Sep 13 02:54:04, Info:  Frictional work (total, % static, % radiated):  1.3569e+15  , 80.4734  , 19.5266 
Fri Sep 13 02:54:04, Info:  Seismic moment (without plasticity): 2.82484e+19  Mw: 6.89733 
Fri Sep 13 02:54:04, Info:  Writing energy output at time 10 Done. 
Fri Sep 13 02:54:04, Info:  Time spent this phase (total): 27.4792 s (min: 27.4515 s, max: 27.4958 s)
Fri Sep 13 02:54:04, Info:  Time spent this phase (compute): 27.4791 s (min: 27.4514 s, max: 27.4953 s)
Fri Sep 13 02:54:04, Info:  Time spent this phase (IO): 49.8775 ms (min: 40.1881 ms, max: 67.5890 ms)
Fri Sep 13 02:54:04, Info:  Performance since the start: 9.1538 TFLOP/s (rank 0: 586.7290 GFLOP/s , average over ranks: 572.1136 GFLOP/s ) 
Fri Sep 13 02:54:04, Info:  Performance since last sync point: 9.1590 TFLOP/s (rank 0: 586.7497 GFLOP/s , average over ranks: 572.4369 GFLOP/s ) 
Fri Sep 13 02:54:31, Info:  Writing faultoutput at time 10.5.
Fri Sep 13 02:54:31, Info:  Writing faultoutput at time 10.5. Done.
Fri Sep 13 02:54:31, Info:  Writing energy output at time 10.5 
Fri Sep 13 02:54:31, Info:  Elastic energy (total, % kinematic, % potential):  1.45593e+15  , 14.6186  , 85.3814 
Fri Sep 13 02:54:31, Info:  Total momentum (X, Y, Z): 1.38358e+07  , 9.59216e+06  , -2.77713e+07 
Fri Sep 13 02:54:31, Info:  Frictional work (total, % static, % radiated):  1.48571e+15  , 79.9303  , 20.0697 
Fri Sep 13 02:54:31, Info:  Seismic moment (without plasticity): 3.12855e+19  Mw: 6.9269 
Fri Sep 13 02:54:31, Info:  Writing energy output at time 10.5 Done. 
Fri Sep 13 02:54:31, Info:  Time spent this phase (total): 27.4111 s (min: 27.3987 s, max: 27.4125 s)
Fri Sep 13 02:54:31, Info:  Time spent this phase (compute): 27.4110 s (min: 27.3982 s, max: 27.4125 s)
Fri Sep 13 02:54:31, Info:  Time spent this phase (IO): 48.9160 ms (min: 40.0494 ms, max: 67.9683 ms)
Fri Sep 13 02:54:31, Info:  Performance since the start: 9.1551 TFLOP/s (rank 0: 586.8288 GFLOP/s , average over ranks: 572.1966 GFLOP/s ) 
Fri Sep 13 02:54:31, Info:  Performance since last sync point: 9.1818 TFLOP/s (rank 0: 588.8301 GFLOP/s , average over ranks: 573.8602 GFLOP/s ) 
Fri Sep 13 02:54:59, Info:  Writing faultoutput at time 11.
Fri Sep 13 02:54:59, Info:  Writing faultoutput at time 11. Done.
Fri Sep 13 02:54:59, Info:  Writing free surface at time 11.
Fri Sep 13 02:54:59, Info:  Writing free surface at time 11. Done.
Fri Sep 13 02:54:59, Info:  Writing energy output at time 11 
Fri Sep 13 02:54:59, Info:  Elastic energy (total, % kinematic, % potential):  1.57584e+15  , 14.1468  , 85.8532 
Fri Sep 13 02:54:59, Info:  Total momentum (X, Y, Z): -2.47159e+09  , -1.47234e+09  , 3.43443e+09 
Fri Sep 13 02:54:59, Info:  Frictional work (total, % static, % radiated):  1.60766e+15  , 79.5455  , 20.4545 
Fri Sep 13 02:54:59, Info:  Seismic moment (without plasticity): 3.43249e+19  Mw: 6.95374 
Fri Sep 13 02:54:59, Info:  Writing energy output at time 11 Done. 
Fri Sep 13 02:54:59, Info:  Time spent this phase (total): 27.5656 s (min: 27.5644 s, max: 27.5783 s)
Fri Sep 13 02:54:59, Info:  Time spent this phase (compute): 27.5655 s (min: 27.5644 s, max: 27.5778 s)
Fri Sep 13 02:54:59, Info:  Time spent this phase (IO): 49.9437 ms (min: 40.1260 ms, max: 67.5496 ms)
Fri Sep 13 02:54:59, Info:  Performance since the start: 9.1540 TFLOP/s (rank 0: 586.7451 GFLOP/s , average over ranks: 572.1258 GFLOP/s ) 
Fri Sep 13 02:54:59, Info:  Performance since last sync point: 9.1303 TFLOP/s (rank 0: 584.9946 GFLOP/s , average over ranks: 570.6437 GFLOP/s ) 
Fri Sep 13 02:55:26, Info:  Writing faultoutput at time 11.5.
Fri Sep 13 02:55:26, Info:  Writing faultoutput at time 11.5. Done.
Fri Sep 13 02:55:26, Info:  Writing energy output at time 11.5 
Fri Sep 13 02:55:26, Info:  Elastic energy (total, % kinematic, % potential):  1.68944e+15  , 13.6023  , 86.3977 
Fri Sep 13 02:55:26, Info:  Total momentum (X, Y, Z): -4.1393e+09  , -2.66973e+09  , 5.53142e+09 
Fri Sep 13 02:55:26, Info:  Frictional work (total, % static, % radiated):  1.72352e+15  , 79.2934  , 20.7066 
Fri Sep 13 02:55:26, Info:  Seismic moment (without plasticity): 3.73627e+19  Mw: 6.97829 
Fri Sep 13 02:55:26, Info:  Writing energy output at time 11.5 Done. 
Fri Sep 13 02:55:26, Info:  Time spent this phase (total): 27.4456 s (min: 27.4243 s, max: 27.4768 s)
Fri Sep 13 02:55:26, Info:  Time spent this phase (compute): 27.4455 s (min: 27.4240 s, max: 27.4767 s)
Fri Sep 13 02:55:26, Info:  Time spent this phase (IO): 51.3315 ms (min: 40.0500 ms, max: 75.2744 ms)
Fri Sep 13 02:55:26, Info:  Performance since the start: 9.1547 TFLOP/s (rank 0: 586.8116 GFLOP/s , average over ranks: 572.1700 GFLOP/s ) 
Fri Sep 13 02:55:26, Info:  Performance since last sync point: 9.1703 TFLOP/s (rank 0: 588.2788 GFLOP/s , average over ranks: 573.1450 GFLOP/s ) 
Fri Sep 13 02:55:54, Info:  Writing faultoutput at time 12.
Fri Sep 13 02:55:54, Info:  Writing faultoutput at time 12. Done.
Fri Sep 13 02:55:54, Info:  Writing free surface at time 12.
Fri Sep 13 02:55:54, Info:  Writing free surface at time 12. Done.
Fri Sep 13 02:55:54, Info:  Writing energy output at time 12 
Fri Sep 13 02:55:54, Info:  Elastic energy (total, % kinematic, % potential):  1.79943e+15  , 13.0579  , 86.9421 
Fri Sep 13 02:55:54, Info:  Total momentum (X, Y, Z): -6.87246e+09  , -4.40087e+09  , 9.84981e+09 
Fri Sep 13 02:55:54, Info:  Frictional work (total, % static, % radiated):  1.83593e+15  , 79.1319  , 20.8681 
Fri Sep 13 02:55:54, Info:  Seismic moment (without plasticity): 4.04314e+19  Mw: 7.00115 
Fri Sep 13 02:55:54, Info:  Writing energy output at time 12 Done. 
Fri Sep 13 02:55:54, Info:  Time spent this phase (total): 27.4493 s (min: 27.4270 s, max: 27.4936 s)
Fri Sep 13 02:55:54, Info:  Time spent this phase (compute): 27.4492 s (min: 27.4270 s, max: 27.4935 s)
Fri Sep 13 02:55:54, Info:  Time spent this phase (IO): 49.2117 ms (min: 40.1906 ms, max: 72.7207 ms)
Fri Sep 13 02:55:54, Info:  Performance since the start: 9.1553 TFLOP/s (rank 0: 586.8398 GFLOP/s , average over ranks: 572.2070 GFLOP/s ) 
Fri Sep 13 02:55:54, Info:  Performance since last sync point: 9.1690 TFLOP/s (rank 0: 587.4875 GFLOP/s , average over ranks: 573.0604 GFLOP/s ) 
Fri Sep 13 02:56:21, Info:  Writing faultoutput at time 12.5.
Fri Sep 13 02:56:21, Info:  Writing faultoutput at time 12.5. Done.
Fri Sep 13 02:56:21, Info:  Writing energy output at time 12.5 
Fri Sep 13 02:56:21, Info:  Elastic energy (total, % kinematic, % potential):  1.90511e+15  , 12.5122  , 87.4878 
Fri Sep 13 02:56:21, Info:  Total momentum (X, Y, Z): -9.92423e+09  , -6.07532e+09  , 1.56973e+10 
Fri Sep 13 02:56:21, Info:  Frictional work (total, % static, % radiated):  1.94397e+15  , 79.1199  , 20.8801 
Fri Sep 13 02:56:21, Info:  Seismic moment (without plasticity): 4.3536e+19  Mw: 7.02257 
Fri Sep 13 02:56:21, Info:  Writing energy output at time 12.5 Done. 
Fri Sep 13 02:56:21, Info:  Time spent this phase (total): 27.5552 s (min: 27.5099 s, max: 27.5749 s)
Fri Sep 13 02:56:21, Info:  Time spent this phase (compute): 27.5551 s (min: 27.5098 s, max: 27.5749 s)
Fri Sep 13 02:56:21, Info:  Time spent this phase (IO): 49.0466 ms (min: 40.0109 ms, max: 68.0496 ms)
Fri Sep 13 02:56:21, Info:  Performance since the start: 9.1544 TFLOP/s (rank 0: 586.7899 GFLOP/s , average over ranks: 572.1529 GFLOP/s ) 
Fri Sep 13 02:56:21, Info:  Performance since last sync point: 9.1337 TFLOP/s (rank 0: 585.5948 GFLOP/s , average over ranks: 570.8566 GFLOP/s ) 
Fri Sep 13 02:56:48, Info:  Writing faultoutput at time 13.
Fri Sep 13 02:56:48, Info:  Writing faultoutput at time 13. Done.
Fri Sep 13 02:56:48, Info:  Writing free surface at time 13.
Fri Sep 13 02:56:48, Info:  Writing free surface at time 13. Done.
Fri Sep 13 02:56:48, Info:  Writing energy output at time 13 
Fri Sep 13 02:56:49, Info:  Elastic energy (total, % kinematic, % potential):  2.00918e+15  , 11.9952  , 88.0048 
Fri Sep 13 02:56:49, Info:  Total momentum (X, Y, Z): -1.15533e+10  , -6.70081e+09  , 1.16094e+10 
Fri Sep 13 02:56:49, Info:  Frictional work (total, % static, % radiated):  2.05041e+15  , 79.2076  , 20.7924 
Fri Sep 13 02:56:49, Info:  Seismic moment (without plasticity): 4.67033e+19  Mw: 7.0429 
Fri Sep 13 02:56:49, Info:  Writing energy output at time 13 Done. 
Fri Sep 13 02:56:49, Info:  Time spent this phase (total): 27.3653 s (min: 27.3356 s, max: 27.3824 s)
Fri Sep 13 02:56:49, Info:  Time spent this phase (compute): 27.3652 s (min: 27.3356 s, max: 27.3823 s)
Fri Sep 13 02:56:49, Info:  Time spent this phase (IO): 55.3724 ms (min: 40.1923 ms, max: 92.1580 ms)
Fri Sep 13 02:56:49, Info:  Performance since the start: 9.1561 TFLOP/s (rank 0: 586.8944 GFLOP/s , average over ranks: 572.2551 GFLOP/s ) 
Fri Sep 13 02:56:49, Info:  Performance since last sync point: 9.1972 TFLOP/s (rank 0: 589.5185 GFLOP/s , average over ranks: 574.8231 GFLOP/s ) 
Fri Sep 13 02:57:16, Info:  Writing faultoutput at time 13.5.
Fri Sep 13 02:57:16, Info:  Writing faultoutput at time 13.5. Done.
Fri Sep 13 02:57:16, Info:  Writing energy output at time 13.5 
Fri Sep 13 02:57:16, Info:  Elastic energy (total, % kinematic, % potential):  2.11339e+15  , 11.5287  , 88.4713 
Fri Sep 13 02:57:16, Info:  Total momentum (X, Y, Z): -1.254e+10  , -7.48214e+09  , 1.02818e+10 
Fri Sep 13 02:57:16, Info:  Frictional work (total, % static, % radiated):  2.15662e+15  , 79.3542  , 20.6458 
Fri Sep 13 02:57:16, Info:  Seismic moment (without plasticity): 4.99415e+19  Mw: 7.06231 
Fri Sep 13 02:57:16, Info:  Writing energy output at time 13.5 Done. 
Fri Sep 13 02:57:16, Info:  Time spent this phase (total): 27.2983 s (min: 27.2787 s, max: 27.3307 s)
Fri Sep 13 02:57:16, Info:  Time spent this phase (compute): 27.2983 s (min: 27.2786 s, max: 27.3306 s)
Fri Sep 13 02:57:16, Info:  Time spent this phase (IO): 48.8882 ms (min: 40.0847 ms, max: 68.0716 ms)
Fri Sep 13 02:57:16, Info:  Performance since the start: 9.1584 TFLOP/s (rank 0: 587.0475 GFLOP/s , average over ranks: 572.4013 GFLOP/s ) 
Fri Sep 13 02:57:16, Info:  Performance since last sync point: 9.2197 TFLOP/s (rank 0: 591.0571 GFLOP/s , average over ranks: 576.2285 GFLOP/s ) 
Fri Sep 13 02:57:43, Info:  Writing faultoutput at time 14.
Fri Sep 13 02:57:43, Info:  Writing faultoutput at time 14. Done.
Fri Sep 13 02:57:43, Info:  Writing free surface at time 14.
Fri Sep 13 02:57:43, Info:  Writing free surface at time 14. Done.
Fri Sep 13 02:57:43, Info:  Writing energy output at time 14 
Fri Sep 13 02:57:43, Info:  Elastic energy (total, % kinematic, % potential):  2.21938e+15  , 11.1521  , 88.8479 
Fri Sep 13 02:57:43, Info:  Total momentum (X, Y, Z): -1.33966e+10  , -7.98799e+09  , 3.68313e+10 
Fri Sep 13 02:57:43, Info:  Frictional work (total, % static, % radiated):  2.26475e+15  , 79.4909  , 20.5091 
Fri Sep 13 02:57:43, Info:  Seismic moment (without plasticity): 5.32358e+19  Mw: 7.0808 
Fri Sep 13 02:57:43, Info:  Writing energy output at time 14 Done. 
Fri Sep 13 02:57:43, Info:  Time spent this phase (total): 27.4327 s (min: 27.4089 s, max: 27.4711 s)
Fri Sep 13 02:57:43, Info:  Time spent this phase (compute): 27.4326 s (min: 27.4089 s, max: 27.4711 s)
Fri Sep 13 02:57:43, Info:  Time spent this phase (IO): 50.4927 ms (min: 40.1131 ms, max: 69.1699 ms)
Fri Sep 13 02:57:43, Info:  Performance since the start: 9.1590 TFLOP/s (rank 0: 587.0726 GFLOP/s , average over ranks: 572.4373 GFLOP/s ) 
Fri Sep 13 02:57:43, Info:  Performance since last sync point: 9.1746 TFLOP/s (rank 0: 587.7521 GFLOP/s , average over ranks: 573.4116 GFLOP/s ) 
Fri Sep 13 02:58:11, Info:  Writing faultoutput at time 14.5.
Fri Sep 13 02:58:11, Info:  Writing faultoutput at time 14.5. Done.
Fri Sep 13 02:58:11, Info:  Writing energy output at time 14.5 
Fri Sep 13 02:58:11, Info:  Elastic energy (total, % kinematic, % potential):  2.32675e+15  , 10.8396  , 89.1604 
Fri Sep 13 02:58:11, Info:  Total momentum (X, Y, Z): -1.42079e+10  , -7.75744e+09  , 2.83607e+10 
Fri Sep 13 02:58:11, Info:  Frictional work (total, % static, % radiated):  2.375e+15  , 79.6009  , 20.3991 
Fri Sep 13 02:58:11, Info:  Seismic moment (without plasticity): 5.65703e+19  Mw: 7.09839 
Fri Sep 13 02:58:11, Info:  Writing energy output at time 14.5 Done. 
Fri Sep 13 02:58:11, Info:  Time spent this phase (total): 27.3669 s (min: 27.3306 s, max: 27.3739 s)
Fri Sep 13 02:58:11, Info:  Time spent this phase (compute): 27.3669 s (min: 27.3305 s, max: 27.3738 s)
Fri Sep 13 02:58:11, Info:  Time spent this phase (IO): 49.1255 ms (min: 39.9941 ms, max: 67.6290 ms)
Fri Sep 13 02:58:11, Info:  Performance since the start: 9.1603 TFLOP/s (rank 0: 587.1663 GFLOP/s , average over ranks: 572.5179 GFLOP/s ) 
Fri Sep 13 02:58:11, Info:  Performance since last sync point: 9.1965 TFLOP/s (rank 0: 589.8002 GFLOP/s , average over ranks: 574.7833 GFLOP/s ) 
Fri Sep 13 02:58:38, Info:  Writing faultoutput at time 15.
Fri Sep 13 02:58:38, Info:  Writing faultoutput at time 15. Done.
Fri Sep 13 02:58:38, Info:  Writing free surface at time 15.
Fri Sep 13 02:58:38, Info:  Writing free surface at time 15. Done.
Fri Sep 13 02:58:38, Info:  Writing energy output at time 15 
Fri Sep 13 02:58:38, Info:  Elastic energy (total, % kinematic, % potential):  2.43444e+15  , 10.5683  , 89.4317 
Fri Sep 13 02:58:38, Info:  Total momentum (X, Y, Z): -1.49271e+10  , -8.74346e+09  , -5.86205e+10 
Fri Sep 13 02:58:38, Info:  Frictional work (total, % static, % radiated):  2.48566e+15  , 79.6956  , 20.3044 
Fri Sep 13 02:58:38, Info:  Seismic moment (without plasticity): 5.99258e+19  Mw: 7.11508 
Fri Sep 13 02:58:38, Info:  Writing energy output at time 15 Done. 
Fri Sep 13 02:58:38, Info:  Time spent this phase (total): 27.3695 s (min: 27.3668 s, max: 27.3832 s)
Fri Sep 13 02:58:38, Info:  Time spent this phase (compute): 27.3694 s (min: 27.3668 s, max: 27.3829 s)
Fri Sep 13 02:58:38, Info:  Time spent this phase (IO): 50.4549 ms (min: 40.1064 ms, max: 68.4340 ms)
Fri Sep 13 02:58:38, Info:  Performance since the start: 9.1615 TFLOP/s (rank 0: 587.2326 GFLOP/s , average over ranks: 572.5914 GFLOP/s ) 
Fri Sep 13 02:58:38, Info:  Performance since last sync point: 9.1957 TFLOP/s (rank 0: 589.1616 GFLOP/s , average over ranks: 574.7330 GFLOP/s ) 
Fri Sep 13 02:59:05, Info:  Writing faultoutput at time 15.5.
Fri Sep 13 02:59:05, Info:  Writing faultoutput at time 15.5. Done.
Fri Sep 13 02:59:05, Info:  Writing energy output at time 15.5 
Fri Sep 13 02:59:05, Info:  Elastic energy (total, % kinematic, % potential):  2.54139e+15  , 10.3663  , 89.6337 
Fri Sep 13 02:59:05, Info:  Total momentum (X, Y, Z): -1.58694e+10  , -9.5061e+09  , -2.50863e+10 
Fri Sep 13 02:59:05, Info:  Frictional work (total, % static, % radiated):  2.59608e+15  , 79.7765  , 20.2235 
Fri Sep 13 02:59:05, Info:  Seismic moment (without plasticity): 6.33015e+19  Mw: 7.13094 
Fri Sep 13 02:59:05, Info:  Writing energy output at time 15.5 Done. 
Fri Sep 13 02:59:05, Info:  Time spent this phase (total): 27.3699 s (min: 27.3538 s, max: 27.3786 s)
Fri Sep 13 02:59:05, Info:  Time spent this phase (compute): 27.3697 s (min: 27.3532 s, max: 27.3785 s)
Fri Sep 13 02:59:05, Info:  Time spent this phase (IO): 49.1664 ms (min: 40.1445 ms, max: 68.1337 ms)
Fri Sep 13 02:59:05, Info:  Performance since the start: 9.1626 TFLOP/s (rank 0: 587.3149 GFLOP/s , average over ranks: 572.6600 GFLOP/s ) 
Fri Sep 13 02:59:05, Info:  Performance since last sync point: 9.1956 TFLOP/s (rank 0: 589.7963 GFLOP/s , average over ranks: 574.7250 GFLOP/s ) 
Fri Sep 13 02:59:33, Info:  Writing faultoutput at time 16.
Fri Sep 13 02:59:33, Info:  Writing faultoutput at time 16. Done.
Fri Sep 13 02:59:33, Info:  Writing free surface at time 16.
Fri Sep 13 02:59:33, Info:  Writing free surface at time 16. Done.
Fri Sep 13 02:59:33, Info:  Writing energy output at time 16 
Fri Sep 13 02:59:33, Info:  Elastic energy (total, % kinematic, % potential):  2.64577e+15  , 10.1875  , 89.8125 
Fri Sep 13 02:59:33, Info:  Total momentum (X, Y, Z): -1.67751e+10  , -7.91159e+09  , 2.17103e+11 
Fri Sep 13 02:59:33, Info:  Frictional work (total, % static, % radiated):  2.70374e+15  , 79.8456  , 20.1544 
Fri Sep 13 02:59:33, Info:  Seismic moment (without plasticity): 6.66941e+19  Mw: 7.14606 
Fri Sep 13 02:59:33, Info:  Writing energy output at time 16 Done. 
Fri Sep 13 02:59:33, Info:  Time spent this phase (total): 27.4922 s (min: 27.4843 s, max: 27.5073 s)
Fri Sep 13 02:59:33, Info:  Time spent this phase (compute): 27.4921 s (min: 27.4842 s, max: 27.5069 s)
Fri Sep 13 02:59:33, Info:  Time spent this phase (IO): 50.2730 ms (min: 40.1116 ms, max: 67.5898 ms)
Fri Sep 13 02:59:33, Info:  Performance since the start: 9.1623 TFLOP/s (rank 0: 587.2896 GFLOP/s , average over ranks: 572.6446 GFLOP/s ) 
Fri Sep 13 02:59:33, Info:  Performance since last sync point: 9.1547 TFLOP/s (rank 0: 586.5055 GFLOP/s , average over ranks: 572.1672 GFLOP/s ) 
Fri Sep 13 03:00:00, Info:  Writing faultoutput at time 16.5.
Fri Sep 13 03:00:00, Info:  Writing faultoutput at time 16.5. Done.
Fri Sep 13 03:00:00, Info:  Writing energy output at time 16.5 
Fri Sep 13 03:00:00, Info:  Elastic energy (total, % kinematic, % potential):  2.74363e+15  , 9.99668  , 90.0033 
Fri Sep 13 03:00:00, Info:  Total momentum (X, Y, Z): -1.55094e+10  , -8.10019e+09  , 2.13087e+11 
Fri Sep 13 03:00:00, Info:  Frictional work (total, % static, % radiated):  2.80472e+15  , 79.9364  , 20.0636 
Fri Sep 13 03:00:00, Info:  Seismic moment (without plasticity): 7.00712e+19  Mw: 7.16036 
Fri Sep 13 03:00:00, Info:  Writing energy output at time 16.5 Done. 
Fri Sep 13 03:00:00, Info:  Time spent this phase (total): 27.4784 s (min: 27.4649 s, max: 27.4800 s)
Fri Sep 13 03:00:00, Info:  Time spent this phase (compute): 27.4783 s (min: 27.4644 s, max: 27.4799 s)
Fri Sep 13 03:00:00, Info:  Time spent this phase (IO): 49.1936 ms (min: 40.0174 ms, max: 68.1873 ms)
Fri Sep 13 03:00:00, Info:  Performance since the start: 9.1622 TFLOP/s (rank 0: 587.2932 GFLOP/s , average over ranks: 572.6389 GFLOP/s ) 
Fri Sep 13 03:00:00, Info:  Performance since last sync point: 9.1593 TFLOP/s (rank 0: 587.4094 GFLOP/s , average over ranks: 572.4555 GFLOP/s ) 
Fri Sep 13 03:00:28, Info:  Writing faultoutput at time 17.
Fri Sep 13 03:00:28, Info:  Writing faultoutput at time 17. Done.
Fri Sep 13 03:00:28, Info:  Writing free surface at time 17.
Fri Sep 13 03:00:28, Info:  Writing free surface at time 17. Done.
Fri Sep 13 03:00:28, Info:  Writing energy output at time 17 
Fri Sep 13 03:00:28, Info:  Elastic energy (total, % kinematic, % potential):  2.83448e+15  , 9.78839  , 90.2116 
Fri Sep 13 03:00:28, Info:  Total momentum (X, Y, Z): -1.22864e+10  , -1.08339e+10  , -3.12456e+11 
Fri Sep 13 03:00:28, Info:  Frictional work (total, % static, % radiated):  2.89813e+15  , 80.0644  , 19.9356 
Fri Sep 13 03:00:28, Info:  Seismic moment (without plasticity): 7.34143e+19  Mw: 7.17385 
Fri Sep 13 03:00:28, Info:  Writing energy output at time 17 Done. 
Fri Sep 13 03:00:28, Info:  Time spent this phase (total): 27.4688 s (min: 27.4673 s, max: 27.4815 s)
Fri Sep 13 03:00:28, Info:  Time spent this phase (compute): 27.4687 s (min: 27.4672 s, max: 27.4811 s)
Fri Sep 13 03:00:28, Info:  Time spent this phase (IO): 50.3728 ms (min: 40.1798 ms, max: 68.1519 ms)
Fri Sep 13 03:00:28, Info:  Performance since the start: 9.1622 TFLOP/s (rank 0: 587.2862 GFLOP/s , average over ranks: 572.6393 GFLOP/s ) 
Fri Sep 13 03:00:28, Info:  Performance since last sync point: 9.1625 TFLOP/s (rank 0: 587.0562 GFLOP/s , average over ranks: 572.6541 GFLOP/s ) 
Fri Sep 13 03:00:55, Info:  Writing faultoutput at time 17.5.
Fri Sep 13 03:00:55, Info:  Writing faultoutput at time 17.5. Done.
Fri Sep 13 03:00:55, Info:  Writing energy output at time 17.5 
Fri Sep 13 03:00:55, Info:  Elastic energy (total, % kinematic, % potential):  2.92169e+15  , 9.57361  , 90.4264 
Fri Sep 13 03:00:55, Info:  Total momentum (X, Y, Z): -1.36467e+10  , -1.06629e+10  , -1.52399e+11 
Fri Sep 13 03:00:55, Info:  Frictional work (total, % static, % radiated):  2.98764e+15  , 80.1911  , 19.8089 
Fri Sep 13 03:00:55, Info:  Seismic moment (without plasticity): 7.67043e+19  Mw: 7.18655 
Fri Sep 13 03:00:55, Info:  Writing energy output at time 17.5 Done. 
Fri Sep 13 03:00:55, Info:  Time spent this phase (total): 27.4490 s (min: 27.4388 s, max: 27.4502 s)
Fri Sep 13 03:00:55, Info:  Time spent this phase (compute): 27.4489 s (min: 27.4382 s, max: 27.4501 s)
Fri Sep 13 03:00:55, Info:  Time spent this phase (IO): 49.5208 ms (min: 40.0453 ms, max: 68.1416 ms)
Fri Sep 13 03:00:55, Info:  Performance since the start: 9.1624 TFLOP/s (rank 0: 587.3057 GFLOP/s , average over ranks: 572.6516 GFLOP/s ) 
Fri Sep 13 03:00:55, Info:  Performance since last sync point: 9.1691 TFLOP/s (rank 0: 587.9688 GFLOP/s , average over ranks: 573.0686 GFLOP/s ) 
Fri Sep 13 03:01:23, Info:  Writing faultoutput at time 18.
Fri Sep 13 03:01:23, Info:  Writing faultoutput at time 18. Done.
Fri Sep 13 03:01:23, Info:  Writing free surface at time 18.
Fri Sep 13 03:01:23, Info:  Writing free surface at time 18. Done.
Fri Sep 13 03:01:23, Info:  Writing energy output at time 18 
Fri Sep 13 03:01:23, Info:  Elastic energy (total, % kinematic, % potential):  3.00986e+15  , 9.37717  , 90.6228 
Fri Sep 13 03:01:23, Info:  Total momentum (X, Y, Z): -2.12165e+10  , -7.57905e+09  , 3.71039e+12 
Fri Sep 13 03:01:23, Info:  Frictional work (total, % static, % radiated):  3.07894e+15  , 80.2647  , 19.7353 
Fri Sep 13 03:01:23, Info:  Seismic moment (without plasticity): 7.99696e+19  Mw: 7.19862 
Fri Sep 13 03:01:23, Info:  Writing energy output at time 18 Done. 
Fri Sep 13 03:01:23, Info:  Time spent this phase (total): 27.3842 s (min: 27.3736 s, max: 27.4134 s)
Fri Sep 13 03:01:23, Info:  Time spent this phase (compute): 27.3841 s (min: 27.3736 s, max: 27.4133 s)
Fri Sep 13 03:01:23, Info:  Time spent this phase (IO): 50.2532 ms (min: 40.1232 ms, max: 68.8319 ms)
Fri Sep 13 03:01:23, Info:  Performance since the start: 9.1632 TFLOP/s (rank 0: 587.3525 GFLOP/s , average over ranks: 572.7007 GFLOP/s ) 
Fri Sep 13 03:01:23, Info:  Performance since last sync point: 9.1908 TFLOP/s (rank 0: 588.9953 GFLOP/s , average over ranks: 574.4253 GFLOP/s ) 
Fri Sep 13 03:01:50, Info:  Writing faultoutput at time 18.5.
Fri Sep 13 03:01:50, Info:  Writing faultoutput at time 18.5. Done.
Fri Sep 13 03:01:50, Info:  Writing energy output at time 18.5 
Fri Sep 13 03:01:50, Info:  Elastic energy (total, % kinematic, % potential):  3.09948e+15  , 9.20136  , 90.7986 
Fri Sep 13 03:01:50, Info:  Total momentum (X, Y, Z): -2.56405e+10  , -5.64123e+09  , 1.47682e+13 
Fri Sep 13 03:01:50, Info:  Frictional work (total, % static, % radiated):  3.17122e+15  , 80.3537  , 19.6463 
Fri Sep 13 03:01:50, Info:  Seismic moment (without plasticity): 8.32138e+19  Mw: 7.21013 
Fri Sep 13 03:01:50, Info:  Writing energy output at time 18.5 Done. 
Fri Sep 13 03:01:50, Info:  Time spent this phase (total): 27.4472 s (min: 27.4168 s, max: 27.4595 s)
Fri Sep 13 03:01:50, Info:  Time spent this phase (compute): 27.4471 s (min: 27.4168 s, max: 27.4595 s)
Fri Sep 13 03:01:50, Info:  Time spent this phase (IO): 49.2615 ms (min: 40.0412 ms, max: 67.8961 ms)
Fri Sep 13 03:01:50, Info:  Performance since the start: 9.1634 TFLOP/s (rank 0: 587.3693 GFLOP/s , average over ranks: 572.7116 GFLOP/s ) 
Fri Sep 13 03:01:50, Info:  Performance since last sync point: 9.1697 TFLOP/s (rank 0: 587.9736 GFLOP/s , average over ranks: 573.1050 GFLOP/s ) 
Fri Sep 13 03:02:17, Info:  Writing faultoutput at time 19.
Fri Sep 13 03:02:17, Info:  Writing faultoutput at time 19. Done.
Fri Sep 13 03:02:17, Info:  Writing free surface at time 19.
Fri Sep 13 03:02:17, Info:  Writing free surface at time 19. Done.
Fri Sep 13 03:02:17, Info:  Writing energy output at time 19 
Fri Sep 13 03:02:18, Info:  Elastic energy (total, % kinematic, % potential):  3.19104e+15  , 9.06921  , 90.9308 
Fri Sep 13 03:02:18, Info:  Total momentum (X, Y, Z): -1.94356e+10  , -1.09819e+10  , 3.47089e+13 
Fri Sep 13 03:02:18, Info:  Frictional work (total, % static, % radiated):  3.26605e+15  , 80.4316  , 19.5684 
Fri Sep 13 03:02:18, Info:  Seismic moment (without plasticity): 8.64667e+19  Mw: 7.22123 
Fri Sep 13 03:02:18, Info:  Writing energy output at time 19 Done. 
Fri Sep 13 03:02:18, Info:  Time spent this phase (total): 27.4298 s (min: 27.4256 s, max: 27.4410 s)
Fri Sep 13 03:02:18, Info:  Time spent this phase (compute): 27.4297 s (min: 27.4256 s, max: 27.4404 s)
Fri Sep 13 03:02:18, Info:  Time spent this phase (IO): 50.3502 ms (min: 40.0987 ms, max: 67.6050 ms)
Fri Sep 13 03:02:18, Info:  Performance since the start: 9.1637 TFLOP/s (rank 0: 587.3838 GFLOP/s , average over ranks: 572.7315 GFLOP/s ) 
Fri Sep 13 03:02:18, Info:  Performance since last sync point: 9.1755 TFLOP/s (rank 0: 587.9215 GFLOP/s , average over ranks: 573.4690 GFLOP/s ) 
Fri Sep 13 03:02:45, Info:  Writing faultoutput at time 19.5.
Fri Sep 13 03:02:45, Info:  Writing faultoutput at time 19.5. Done.
Fri Sep 13 03:02:45, Info:  Writing energy output at time 19.5 
Fri Sep 13 03:02:45, Info:  Elastic energy (total, % kinematic, % potential):  3.28156e+15  , 8.90958  , 91.0904 
Fri Sep 13 03:02:45, Info:  Total momentum (X, Y, Z): -9.70279e+09  , -2.48769e+10  , 6.29424e+13 
Fri Sep 13 03:02:45, Info:  Frictional work (total, % static, % radiated):  3.35955e+15  , 80.5467  , 19.4533 
Fri Sep 13 03:02:45, Info:  Seismic moment (without plasticity): 8.97243e+19  Mw: 7.23194 
Fri Sep 13 03:02:45, Info:  Writing energy output at time 19.5 Done. 
Fri Sep 13 03:02:45, Info:  Time spent this phase (total): 27.4843 s (min: 27.4631 s, max: 27.4981 s)
Fri Sep 13 03:02:45, Info:  Time spent this phase (compute): 27.4842 s (min: 27.4630 s, max: 27.4980 s)
Fri Sep 13 03:02:45, Info:  Time spent this phase (IO): 53.9910 ms (min: 40.0369 ms, max: 90.4392 ms)
Fri Sep 13 03:02:45, Info:  Performance since the start: 9.1635 TFLOP/s (rank 0: 587.3825 GFLOP/s , average over ranks: 572.7213 GFLOP/s ) 
Fri Sep 13 03:02:45, Info:  Performance since last sync point: 9.1573 TFLOP/s (rank 0: 587.3318 GFLOP/s , average over ranks: 572.3332 GFLOP/s ) 
Fri Sep 13 03:03:13, Info:  Writing faultoutput at time 20.
Fri Sep 13 03:03:13, Info:  Writing faultoutput at time 20. Done.
Fri Sep 13 03:03:13, Info:  Writing free surface at time 20.
Fri Sep 13 03:03:13, Info:  Writing free surface at time 20. Done.
Fri Sep 13 03:03:13, Info:  Wrote receivers in 4.18e-07 seconds. 
Fri Sep 13 03:03:13, Info:  Writing energy output at time 20 
Fri Sep 13 03:03:13, Info:  Elastic energy (total, % kinematic, % potential):  3.36991e+15  , 8.73519  , 91.2648 
Fri Sep 13 03:03:13, Info:  Total momentum (X, Y, Z): -1.15305e+10  , -2.38777e+10  , 9.91893e+13 
Fri Sep 13 03:03:13, Info:  Frictional work (total, % static, % radiated):  3.45165e+15  , 80.6635  , 19.3365 
Fri Sep 13 03:03:13, Info:  Seismic moment (without plasticity): 9.29721e+19  Mw: 7.24224 
Fri Sep 13 03:03:13, Info:  Writing energy output at time 20 Done. 
Fri Sep 13 03:03:13, Info:  Time spent this phase (total): 27.5337 s (min: 27.5194 s, max: 27.5559 s)
Fri Sep 13 03:03:13, Info:  Time spent this phase (compute): 27.5336 s (min: 27.5193 s, max: 27.5559 s)
Fri Sep 13 03:03:13, Info:  Time spent this phase (IO): 50.4569 ms (min: 40.1232 ms, max: 68.0656 ms)
Fri Sep 13 03:03:13, Info:  Performance since the start: 9.1630 TFLOP/s (rank 0: 587.3370 GFLOP/s , average over ranks: 572.6858 GFLOP/s ) 
Fri Sep 13 03:03:13, Info:  Performance since last sync point: 9.1409 TFLOP/s (rank 0: 585.5709 GFLOP/s , average over ranks: 571.3033 GFLOP/s ) 
Fri Sep 13 03:03:13, Info:  Ignoring duplicate synchronisation point at time 20 ; the last sync point was at  20 
Fri Sep 13 03:03:13, Info:  Ignoring duplicate synchronisation point at time 20 ; the last sync point was at  20 
Fri Sep 13 03:03:13, Info:  Ignoring duplicate synchronisation point at time 20 ; the last sync point was at  20 
Fri Sep 13 03:03:13, Info:  Ignoring duplicate synchronisation point at time 20 ; the last sync point was at  20 
Fri Sep 13 03:03:13, Info:  Simulation time (total): 18 min 18.6925 s (min: 18 min 18.6487 s, max: 18 min 18.7333 s)
Fri Sep 13 03:03:13, Info:  Simulation time (compute): 18 min 16.6489 s (min: 18 min 15.9569 s, max: 18 min 17.0683 s)
Fri Sep 13 03:03:13, Info:  Simulation time (IO): 2.0380 s (min: 1.6445 s, max: 2.7546 s)
Fri Sep 13 03:03:13, Info:  Time spent in compute kernels: mean = 1023.17  std = 28.5914  min = 959.528  median = 1030.21  max = 1081.66 
Fri Sep 13 03:03:13, Info:  Load imbalance: 5.40739 % 
Fri Sep 13 03:03:13, Info:  Regression analysis of compute kernels: 
Fri Sep 13 03:03:13, Info:  "computeLocalIntegration" (total time): 4940.12 s ( = 1 h 22 min 20.1169 s ) 
Fri Sep 13 03:03:13, Info:  "computeLocalIntegration" ( constant ): 2.20482e-05 (sample size: 5.32924e+06 , standard error: 4.29006e-12 ) 
Fri Sep 13 03:03:13, Info:  "computeLocalIntegration" ( per element ): 8.32238e-08 (sample size: 5.32924e+06 , standard error: 4.29006e-12 ) 
Fri Sep 13 03:03:13, Info:  "computeNeighboringIntegration" (total time): 6070.43 s ( = 1 h 41 min 10.4312 s ) 
Fri Sep 13 03:03:13, Info:  "computeNeighboringIntegration" ( constant ): 0.00013426 (sample size: 5.32924e+06 , standard error: 6.90237e-12 ) 
Fri Sep 13 03:03:13, Info:  "computeNeighboringIntegration" ( per element ): 9.24098e-08 (sample size: 5.32924e+06 , standard error: 6.90237e-12 ) 
Fri Sep 13 03:03:13, Info:  "computeDynamicRupture" (total time): 5360.18 s ( = 1 h 29 min 20.1776 s ) 
Fri Sep 13 03:03:13, Info:  "computeDynamicRupture" ( constant ): 8.40957e-05 (sample size: 4.06684e+06 , standard error: 3.88462e-11 ) 
Fri Sep 13 03:03:13, Info:  "computeDynamicRupture" ( per element ): 4.54227e-07 (sample size: 4.06684e+06 , standard error: 3.88462e-11 ) 
Fri Sep 13 03:03:13, Info:  "computePointSources" (total time): 0 s ( = 0.0000 s ) 
Fri Sep 13 03:03:13, Info:  "computePointSources" ( constant ): -nan (sample size: 0 , standard error: -nan ) 
Fri Sep 13 03:03:13, Info:  "computePointSources" ( per element ): -nan (sample size: 0 , standard error: -nan ) 
Fri Sep 13 03:03:13, Info:  Total time spent in compute kernels: 16370.7 s ( = 4 h 32 min 50.7257 s ) 
Fri Sep 13 03:03:13, Info:  Total calculated HW-FLOP:  10.0673 PFLOP 
Fri Sep 13 03:03:13, Info:  Total calculated NZ-FLOP:  4.0244 PFLOP 
Fri Sep 13 03:03:13, Info:  Total calculated HW-FLOP/s:  9.1626 TFLOP/s 
Fri Sep 13 03:03:13, Info:  Total calculated NZ-FLOP/s:  3.6628 TFLOP/s 
Fri Sep 13 03:03:13, Info:  WP calculated HW-FLOP:  8.3414 PFLOP 
Fri Sep 13 03:03:13, Info:  WP calculated NZ-FLOP:  2.7411 PFLOP 
Fri Sep 13 03:03:13, Info:  DR calculated HW-FLOP:  1.7259 PFLOP 
Fri Sep 13 03:03:13, Info:  DR calculated NZ-FLOP:  1.2833 PFLOP 
Fri Sep 13 03:03:13, Info:  PL calculated HW-FLOP:  0.0000 FLOP 
Fri Sep 13 03:03:13, Info:  PL calculated NZ-FLOP:  0.0000 FLOP 
Fri Sep 13 03:03:13, Info:  Time spent in simulation: 18 min 18.7338 s (min: 18 min 18.7337 s, max: 18 min 18.7347 s)
Fri Sep 13 03:03:13, Info:  Simulation done. 
Fri Sep 13 03:03:13, Info:  Closing IO. 
Fri Sep 13 03:03:13, Info:  Time fault writer backend: 4.0801 s (min: 1.5555 s, max: 23.7608 s)
Fri Sep 13 03:03:13, Info:  Time fault writer frontend: 45.7261 ms (min: 40.8984 ms, max: 51.3765 ms)
Fri Sep 13 03:03:13, Info:  Time free surface writer backend: 3.0460 s (min: 3.8771 ms, max: 30.2733 s)
Fri Sep 13 03:03:13, Info:  Time free surface writer frontend: 4.7111 ms (min: 401.6450 s, max: 44.4117 ms)
Fri Sep 13 03:03:14, Info:  SeisSol done. Goodbye. 
SeisSol complete.
/hppfs/scratch/01/di35poq/haiti-rupture-outputs/dynamic-rupture-outputs/variable_SH_max/jobid_3909954 ~/haiti-rupture-inputs/dynamic-rupture/variable_SH_max
Writing hdf5 output with compression enabled (compression_level=4). 
Use --compression=0 if you want to speed-up data extraction.
u1: 0it [00:00, ?it/s]u1: 1it [00:00,  8.28it/s]u1: 8it [00:00, 37.61it/s]u1: 18it [00:00, 62.09it/s]u1: 20it [00:00, 55.20it/s]
u2: 0it [00:00, ?it/s]u2: 2it [00:00, 19.24it/s]u2: 6it [00:00, 30.74it/s]u2: 10it [00:00, 33.06it/s]u2: 20it [00:00, 58.13it/s]u2: 20it [00:00, 47.58it/s]
u3: 0it [00:00, ?it/s]u3: 4it [00:00, 22.15it/s]u3: 10it [00:00, 37.28it/s]u3: 20it [00:00, 59.54it/s]u3: 20it [00:00, 50.43it/s]
done writing output_jobid_3909954_extracted-surface.h5
done writing output_jobid_3909954_extracted-surface.xdmf
full path: /hppfs/scratch/01/di35poq/haiti-rupture-outputs/dynamic-rupture-outputs/variable_SH_max/jobid_3909954/output_jobid_3909954_extracted-surface.xdmf
Working on JobID: 3909954
No matching file found for jobid 3909954. Assigning output-fault.xdmf instead
/hppfs/scratch/01/di35poq/haiti-rupture-outputs/dynamic-rupture-outputs/variable_SH_max/jobid_3909954/output-fault.xdmf
warning: Mw computed over 0-85s (avoiding contribution of small residual moment after rupture)
jobid_3909954 moment magnitude: 7.242235093774802 (M0 = 9.2972e+19)
Finished writing /hppfs/scratch/01/di35poq/haiti-rupture-outputs/dynamic-rupture-outputs/variable_SH_max/jobid_3909954/moment_rate_mainshock.png
Looking for output-fault.xdmf
mu_s: 0.5
mu_d: 0.16
done writing /hppfs/scratch/01/di35poq/haiti-rupture-outputs/dynamic-rupture-outputs/variable_SH_max/jobid_3909954/output_jobid_3909954_extracted-fault.xdmf
full path: /hppfs/scratch/01/di35poq/haiti-rupture-outputs/dynamic-rupture-outputs/variable_SH_max/jobid_3909954/output_jobid_3909954_extracted-fault.xdmf
done writing /hppfs/scratch/01/di35poq/haiti-rupture-outputs/dynamic-rupture-outputs/variable_SH_max/jobid_3909954/output_jobid_3909954_extracted-fault.h5
Job ID set as: 3909954
mu_s: 0.5
mu_d: 0.16
~/haiti-rupture-inputs/dynamic-rupture/variable_SH_max
