Thu 22 Aug 2024 05:28:46 PM UTC
num_nodes: 16 ntasks: 16 cpus_per_task:
Line 63 replaced with: OutputFile='/hppfs/scratch/01/di35poq/haiti-rupture-outputs/dynamic-rupture-outputs/regional-only/jobid_3795150'
Job log complete.
Starting SeisSol...
Thu Aug 22 19:28:50, Info:  Using the parameter file parameters.par 
Thu Aug 22 19:28:50, Info:  Reading SeisSol parameter file... 
Thu Aug 22 19:28:50, Info:  In your parameter file, you have specified a non-positive interval for "checkpointinterval" . This mechanism is deprecated and may be removed in a future version of SeisSol. Consider disabling the whole module by setting "checkpoint" to 0 instead by adding "checkpoint = 0" to the "output" section of your parameter file instead. 
Thu Aug 22 19:28:50, Info:  The field "printintervalcriterion" is no longer in use. You may safely remove it from your parameters file. 
Thu Aug 22 19:28:50, Info:  Disabling the wavefield output by setting "outputformat = 10" is deprecated and may be removed in a future version of SeisSol. Consider using the parameter "wavefieldoutput" instead. To disable wavefield output, add "wavefieldoutput = 0" to the "output" section of your parameters file. 
Thu Aug 22 19:28:50, Info:  The field "printintervalcriterion" is no longer in use. You may safely remove it from your parameters file. 
Thu Aug 22 19:28:50, Info:  The field "pickdttype" is no longer in use. You may safely remove it from your parameters file. 
Thu Aug 22 19:28:50, Info:  The field "faultoutputflag" is no longer in use. You may safely remove it from your parameters file. 
Thu Aug 22 19:28:50, Info:  The field "boundaries" is no longer in use. You may safely remove it from your parameters file. 
Thu Aug 22 19:28:50, Info:  SeisSol parameter file read successfully. 
Thu Aug 22 19:28:50, Info:  Model information: 
Thu Aug 22 19:28:50, Info:  Elastic model: yes 
Thu Aug 22 19:28:50, Info:  Viscoelastic model: no 
Thu Aug 22 19:28:50, Info:  Anelastic model: no 
Thu Aug 22 19:28:50, Info:  Poroelastic model: no 
Thu Aug 22 19:28:50, Info:  Anisotropic model: no 
Thu Aug 22 19:28:50, Info:  Plasticity: no 
Thu Aug 22 19:28:50, Info:  Welcome to SeisSol 
Thu Aug 22 19:28:50, Info:  Copyright (c) 2012 - 2024  SeisSol Group 
Thu Aug 22 19:28:50, Info:  Version: v1.1.4-148-g60aedc8c (dirty) 
Thu Aug 22 19:28:50, Info:  Built on: Jun 17 2024 21:03:35 
Thu Aug 22 19:28:50, Info:  Last commit: 60aedc8c2ae0a5d9e5a46cc3a40e4eaf1c047225 at 2024-06-06T12:54:08+00:00 
Thu Aug 22 19:28:50, Info:  Compiled with HOST_ARCH = skx 
Thu Aug 22 19:28:50, Info:  Running on (rank=0): "i01r01c03s01" 
Thu Aug 22 19:28:50, Info:  Using MPI with #ranks: 16 
Thu Aug 22 19:28:50, Info:  Node-wide (shared memory) MPI with #ranks/node: 1 
Thu Aug 22 19:28:50, Info:  Using asynchronous MPI routines. 
Thu Aug 22 19:28:50, Info:  Using OMP with #threads/rank: 94 
Thu Aug 22 19:28:50, Info:  OpenMP worker affinity (this process): "0123456789|0123456789|0123456789|0123456789|0123456-89|0123456789|0123456789|0123456789|0123456789|01234-" 
Thu Aug 22 19:28:50, Info:  OpenMP worker affinity (this node)   : "0123456789|0123456789|0123456789|0123456789|0123456-89|0123456789|0123456789|0123456789|0123456789|01234-" 
Thu Aug 22 19:28:50, Info:  Using a communication thread for advancing MPI communication. 
Thu Aug 22 19:28:50, Info:  Communication thread affinity        : "----------|----------|----------|----------|-------7--|----------|----------|----------|----------|-----5" 
Thu Aug 22 19:28:50, Info:  The stack size ulimit is 2097152 [kiB] ( = 2.0000 GiB ). 
Thu Aug 22 19:28:50, Info:  Begin init mesh. 
Thu Aug 22 19:28:50, Info:  Mesh file: "/dss/dsshome1/01/di35poq/mesh/mesh_v07/Haiti_v07_lowres" 
Thu Aug 22 19:28:50, Info:  Running mini SeisSol to determine node weights. 
Thu Aug 22 19:28:50, Info:  miniSeisSol configured with 50000 elements and 10 repeats per process 
Thu Aug 22 19:28:50, Info:  Node weights: mean = 41.3121  std = 0.531207  min = 39.553  median = 41.4946  max = 41.9664 
Thu Aug 22 19:28:50, Info:  Reading PUML mesh 
Thu Aug 22 19:28:50, Info:  Inferring boundary format. 
Thu Aug 22 19:28:50, Info:  Boundary format not given in PUML file; inferring from array shape. 
Thu Aug 22 19:28:50, Info:  Using boundary format: i32 (4xi8) 
Thu Aug 22 19:28:50, Info:  Found 2685422 cells 
Thu Aug 22 19:28:50, Info:  Found 477078 vertices 
Thu Aug 22 19:28:52, Info:  Computing LTS weights. 
Thu Aug 22 19:28:55, Info:  Limiting number of clusters to 2147483646 
Thu Aug 22 19:28:55, Info:  Computing LTS weights. Done.  (108216 reductions.)
Thu Aug 22 19:28:55, Info:  Using the Parmetis partition library and strategy. 
Thu Aug 22 19:28:58, Info:  PUML mesh read in: 7.7838 s (min: 7.7231 s, max: 7.9639 s)
Thu Aug 22 19:28:58, Info:  The mesh has been read. Starting post processing. 
Thu Aug 22 19:28:58, Info:  Extracting fault information. 
Thu Aug 22 19:28:58, Info:  Exchanging ghostlayer metadata. 
Thu Aug 22 19:29:00, Info:  Mesh initialized in: 9.8461 s (min: 9.8454 s, max: 9.8468 s)
Thu Aug 22 19:29:00, Info:  End init mesh. 
Thu Aug 22 19:29:00, Info:  Begin init model. 
Thu Aug 22 19:29:00, Info:  Initialize LTS. 
Thu Aug 22 19:29:00, Info:  Deriving clusters ids for min. time step width / multiRate: 0.000213316 / 2 
Thu Aug 22 19:29:00, Info:  Due to wiggle factor of 1 the minimum timestep size is reduced to 0.000213316 
Thu Aug 22 19:29:00, Info:  Number of elements in time clusters: 
Thu Aug 22 19:29:00, Info:  0: 2088 
Thu Aug 22 19:29:00, Info:  1: 265401 
Thu Aug 22 19:29:00, Info:  2: 1618976 
Thu Aug 22 19:29:00, Info:  3: 538212 
Thu Aug 22 19:29:00, Info:  4: 147352 
Thu Aug 22 19:29:00, Info:  5: 35652 
Thu Aug 22 19:29:00, Info:  6: 11329 
Thu Aug 22 19:29:00, Info:  7: 18592 
Thu Aug 22 19:29:00, Info:  8: 47781 
Thu Aug 22 19:29:00, Info:  9: 39 
Thu Aug 22 19:29:00, Info:  maximum theoretical speedup (compared to GTS): 6.4313 per cell LTS, 4.34786 with the used clustering. 
Thu Aug 22 19:29:00, Info:  Number of elements in dynamic rupture time clusters: 
Thu Aug 22 19:29:00, Info:  0 (dr): 617 
Thu Aug 22 19:29:00, Info:  1 (dr): 78820 
Thu Aug 22 19:29:00, Info:  2 (dr): 309924 
Thu Aug 22 19:29:00, Info:  3 (dr): 2511 
Thu Aug 22 19:29:00, Info:  4 (dr): 0 
Thu Aug 22 19:29:00, Info:  5 (dr): 0 
Thu Aug 22 19:29:00, Info:  6 (dr): 0 
Thu Aug 22 19:29:00, Info:  7 (dr): 0 
Thu Aug 22 19:29:00, Info:  8 (dr): 0 
Thu Aug 22 19:29:00, Info:  9 (dr): 0 
Thu Aug 22 19:29:00, Info:  Initialize Friction Model 
Thu Aug 22 19:29:04, Info:  Initialize cell material parameters. 
Thu Aug 22 19:29:05, Info:  Initialize Memory layout. 
Thu Aug 22 19:29:05, Info:  Initialize cell-local matrices. 
Thu Aug 22 19:29:06, Info:  Initializing Fault, using a quadrature rule with  25  points. 
Thu Aug 22 19:32:34, Info:  Model initialized in: 3 min 34.2265 s (min: 3 min 34.2244 s, max: 3 min 34.2298 s)
Thu Aug 22 19:32:34, Info:  End init model. 
Thu Aug 22 19:32:34, Info:  Setting initial conditions. 
Thu Aug 22 19:32:34, Info:  Using initial condition "Zero" . 
Thu Aug 22 19:32:34, Info:  Reading source. 
Thu Aug 22 19:32:34, Info:  No source term specified. 
Thu Aug 22 19:32:34, Info:  Setting up boundary conditions. 
Thu Aug 22 19:32:34, Info:  Begin init output. 
Thu Aug 22 19:32:34, Info:  Initializing free surface integrator. 
Thu Aug 22 19:32:34, Info:  Initializing free surface integrator. Done. 
Thu Aug 22 19:32:34, Info:  Enabling 2D fault output 
Thu Aug 22 19:32:34, Info:  Initializing Fault output. Number of sub-triangles: 4 
Thu Aug 22 19:32:34, Info:  Initializing XDMF fault output. 
Thu Aug 22 19:32:34, Info:  Fault writer thread affinity: "----------|----------|----------|----------|-------7--|----------|----------|----------|----------|-----5" 
Thu Aug 22 19:32:34, Info:  Initializing XDMF fault output. Done. 
Thu Aug 22 19:32:34, Info:  Initializing free surface output. 
Thu Aug 22 19:32:34, Info:  Free surface writer thread affinity: "----------|----------|----------|----------|-------7--|----------|----------|----------|----------|-----5" 
Thu Aug 22 19:32:34, Info:  Initializing free surface output. Done. 
Thu Aug 22 19:32:34, Info:  No record points read. 
Thu Aug 22 19:32:34, Info:  Finding meshIds for receivers... 
Thu Aug 22 19:32:34, Info:  Cleaning possible double occurring receivers for MPI... 
Thu Aug 22 19:32:34, Info:  Mapping receivers to LTS cells... 
Thu Aug 22 19:32:34, Info:  Initializing energy output. 
Thu Aug 22 19:32:34, Info:  End init output. 
Thu Aug 22 19:32:34, Info:  Finishing initialization... 
Thu Aug 22 19:32:34, Info:  Starting simulation. 
Thu Aug 22 19:32:34, Info:  Writing faultoutput at time 0.
Thu Aug 22 19:32:34, Info:  Writing faultoutput at time 0. Done.
Thu Aug 22 19:32:34, Info:  Writing free surface at time 0.
Thu Aug 22 19:32:34, Info:  Writing free surface at time 0. Done.
Thu Aug 22 19:32:34, Info:  Writing energy output at time 0 
Thu Aug 22 19:32:35, Info:  Total momentum (X, Y, Z): 0  , 0  , 0 
Thu Aug 22 19:32:35, Info:  Writing energy output at time 0 Done. 
Thu Aug 22 19:32:35, Info:  Time spent for initial IO: 51.9833 ms (min: 41.8001 ms, max: 64.0302 ms)
Thu Aug 22 19:33:01, Info:  Writing faultoutput at time 0.5.
Thu Aug 22 19:33:01, Info:  Writing faultoutput at time 0.5. Done.
Thu Aug 22 19:33:01, Info:  Writing energy output at time 0.5 
Thu Aug 22 19:33:01, Info:  Total momentum (X, Y, Z): 0  , 0  , 0 
Thu Aug 22 19:33:01, Info:  Writing energy output at time 0.5 Done. 
Thu Aug 22 19:33:01, Info:  Time spent this phase (total): 26.4356 s (min: 26.4151 s, max: 26.4660 s)
Thu Aug 22 19:33:01, Info:  Time spent this phase (compute): 26.3837 s (min: 26.3613 s, max: 26.4021 s)
Thu Aug 22 19:33:01, Info:  Time spent this phase (IO): 46.7947 ms (min: 40.3211 ms, max: 60.1191 ms)
Thu Aug 22 19:33:01, Info:  Performance since the start: 9.5205 TFLOP/s (rank 0: 594.2513 GFLOP/s , average over ranks: 595.0335 GFLOP/s ) 
Thu Aug 22 19:33:01, Info:  Performance since last sync point: 9.5205 TFLOP/s (rank 0: 594.2513 GFLOP/s , average over ranks: 595.0335 GFLOP/s ) 
Thu Aug 22 19:33:27, Info:  Writing faultoutput at time 1.
Thu Aug 22 19:33:27, Info:  Writing faultoutput at time 1. Done.
Thu Aug 22 19:33:27, Info:  Writing free surface at time 1.
Thu Aug 22 19:33:27, Info:  Writing free surface at time 1. Done.
Thu Aug 22 19:33:27, Info:  Writing energy output at time 1 
Thu Aug 22 19:33:27, Info:  Total momentum (X, Y, Z): 0  , 0  , 0 
Thu Aug 22 19:33:27, Info:  Writing energy output at time 1 Done. 
Thu Aug 22 19:33:27, Info:  Time spent this phase (total): 26.4141 s (min: 26.3981 s, max: 26.4456 s)
Thu Aug 22 19:33:27, Info:  Time spent this phase (compute): 26.4139 s (min: 26.3980 s, max: 26.4455 s)
Thu Aug 22 19:33:27, Info:  Time spent this phase (IO): 51.4390 ms (min: 40.3875 ms, max: 94.5887 ms)
Thu Aug 22 19:33:27, Info:  Performance since the start: 9.5244 TFLOP/s (rank 0: 594.7127 GFLOP/s , average over ranks: 595.2750 GFLOP/s ) 
Thu Aug 22 19:33:27, Info:  Performance since last sync point: 9.5283 TFLOP/s (rank 0: 595.1747 GFLOP/s , average over ranks: 595.5169 GFLOP/s ) 
Thu Aug 22 19:33:54, Info:  Writing faultoutput at time 1.5.
Thu Aug 22 19:33:54, Info:  Writing faultoutput at time 1.5. Done.
Thu Aug 22 19:33:54, Info:  Writing energy output at time 1.5 
Thu Aug 22 19:33:54, Info:  Total momentum (X, Y, Z): 0  , 0  , 0 
Thu Aug 22 19:33:54, Info:  Writing energy output at time 1.5 Done. 
Thu Aug 22 19:33:54, Info:  Time spent this phase (total): 26.5282 s (min: 26.4663 s, max: 26.5714 s)
Thu Aug 22 19:33:54, Info:  Time spent this phase (compute): 26.5281 s (min: 26.4663 s, max: 26.5714 s)
Thu Aug 22 19:33:54, Info:  Time spent this phase (IO): 49.8645 ms (min: 40.2349 ms, max: 78.8602 ms)
Thu Aug 22 19:33:54, Info:  Performance since the start: 9.5120 TFLOP/s (rank 0: 594.1180 GFLOP/s , average over ranks: 594.5010 GFLOP/s ) 
Thu Aug 22 19:33:54, Info:  Performance since last sync point: 9.4874 TFLOP/s (rank 0: 592.9323 GFLOP/s , average over ranks: 592.9598 GFLOP/s ) 
Thu Aug 22 19:34:20, Info:  Writing faultoutput at time 2.
Thu Aug 22 19:34:20, Info:  Writing faultoutput at time 2. Done.
Thu Aug 22 19:34:20, Info:  Writing free surface at time 2.
Thu Aug 22 19:34:20, Info:  Writing free surface at time 2. Done.
Thu Aug 22 19:34:20, Info:  Writing energy output at time 2 
Thu Aug 22 19:34:20, Info:  Total momentum (X, Y, Z): 0  , 0  , 0 
Thu Aug 22 19:34:20, Info:  Writing energy output at time 2 Done. 
Thu Aug 22 19:34:20, Info:  Time spent this phase (total): 26.4880 s (min: 26.4580 s, max: 26.5103 s)
Thu Aug 22 19:34:20, Info:  Time spent this phase (compute): 26.4879 s (min: 26.4579 s, max: 26.5102 s)
Thu Aug 22 19:34:20, Info:  Time spent this phase (IO): 49.0979 ms (min: 40.3705 ms, max: 65.7670 ms)
Thu Aug 22 19:34:20, Info:  Performance since the start: 9.5094 TFLOP/s (rank 0: 594.1368 GFLOP/s , average over ranks: 594.3388 GFLOP/s ) 
Thu Aug 22 19:34:20, Info:  Performance since last sync point: 9.5017 TFLOP/s (rank 0: 594.1932 GFLOP/s , average over ranks: 593.8531 GFLOP/s ) 
Thu Aug 22 19:34:47, Info:  Writing faultoutput at time 2.5.
Thu Aug 22 19:34:47, Info:  Writing faultoutput at time 2.5. Done.
Thu Aug 22 19:34:47, Info:  Writing energy output at time 2.5 
Thu Aug 22 19:34:47, Info:  Total momentum (X, Y, Z): 0  , 0  , 0 
Thu Aug 22 19:34:47, Info:  Writing energy output at time 2.5 Done. 
Thu Aug 22 19:34:47, Info:  Time spent this phase (total): 26.5417 s (min: 26.5146 s, max: 26.5677 s)
Thu Aug 22 19:34:47, Info:  Time spent this phase (compute): 26.5416 s (min: 26.5145 s, max: 26.5676 s)
Thu Aug 22 19:34:47, Info:  Time spent this phase (IO): 47.6168 ms (min: 40.2092 ms, max: 65.3858 ms)
Thu Aug 22 19:34:47, Info:  Performance since the start: 9.5040 TFLOP/s (rank 0: 593.7854 GFLOP/s , average over ranks: 594.0014 GFLOP/s ) 
Thu Aug 22 19:34:47, Info:  Performance since last sync point: 9.4825 TFLOP/s (rank 0: 592.3836 GFLOP/s , average over ranks: 592.6556 GFLOP/s ) 
Thu Aug 22 19:35:13, Info:  Writing faultoutput at time 3.
Thu Aug 22 19:35:13, Info:  Writing faultoutput at time 3. Done.
Thu Aug 22 19:35:13, Info:  Writing free surface at time 3.
Thu Aug 22 19:35:13, Info:  Writing free surface at time 3. Done.
Thu Aug 22 19:35:13, Info:  Writing energy output at time 3 
Thu Aug 22 19:35:13, Info:  Total momentum (X, Y, Z): 0  , 0  , 0 
Thu Aug 22 19:35:13, Info:  Writing energy output at time 3 Done. 
Thu Aug 22 19:35:13, Info:  Time spent this phase (total): 26.5118 s (min: 26.4997 s, max: 26.5225 s)
Thu Aug 22 19:35:13, Info:  Time spent this phase (compute): 26.5117 s (min: 26.4996 s, max: 26.5222 s)
Thu Aug 22 19:35:13, Info:  Time spent this phase (IO): 48.6162 ms (min: 40.3615 ms, max: 65.9018 ms)
Thu Aug 22 19:35:13, Info:  Performance since the start: 9.5022 TFLOP/s (rank 0: 593.6519 GFLOP/s , average over ranks: 593.8884 GFLOP/s ) 
Thu Aug 22 19:35:13, Info:  Performance since last sync point: 9.4932 TFLOP/s (rank 0: 592.9855 GFLOP/s , average over ranks: 593.3242 GFLOP/s ) 
Thu Aug 22 19:35:40, Info:  Writing faultoutput at time 3.5.
Thu Aug 22 19:35:40, Info:  Writing faultoutput at time 3.5. Done.
Thu Aug 22 19:35:40, Info:  Writing energy output at time 3.5 
Thu Aug 22 19:35:40, Info:  Total momentum (X, Y, Z): 0  , 0  , 0 
Thu Aug 22 19:35:40, Info:  Writing energy output at time 3.5 Done. 
Thu Aug 22 19:35:40, Info:  Time spent this phase (total): 26.3135 s (min: 26.3002 s, max: 26.3396 s)
Thu Aug 22 19:35:40, Info:  Time spent this phase (compute): 26.3134 s (min: 26.2999 s, max: 26.3395 s)
Thu Aug 22 19:35:40, Info:  Time spent this phase (IO): 47.9889 ms (min: 40.1428 ms, max: 65.8017 ms)
Thu Aug 22 19:35:40, Info:  Performance since the start: 9.5111 TFLOP/s (rank 0: 594.2688 GFLOP/s , average over ranks: 594.4430 GFLOP/s ) 
Thu Aug 22 19:35:40, Info:  Performance since last sync point: 9.5647 TFLOP/s (rank 0: 597.9972 GFLOP/s , average over ranks: 597.7925 GFLOP/s ) 
Thu Aug 22 19:36:06, Info:  Writing faultoutput at time 4.
Thu Aug 22 19:36:06, Info:  Writing faultoutput at time 4. Done.
Thu Aug 22 19:36:06, Info:  Writing free surface at time 4.
Thu Aug 22 19:36:06, Info:  Writing free surface at time 4. Done.
Thu Aug 22 19:36:06, Info:  Writing energy output at time 4 
Thu Aug 22 19:36:06, Info:  Total momentum (X, Y, Z): 0  , 0  , 0 
Thu Aug 22 19:36:06, Info:  Writing energy output at time 4 Done. 
Thu Aug 22 19:36:06, Info:  Time spent this phase (total): 26.5567 s (min: 26.5269 s, max: 26.5662 s)
Thu Aug 22 19:36:06, Info:  Time spent this phase (compute): 26.5566 s (min: 26.5269 s, max: 26.5659 s)
Thu Aug 22 19:36:06, Info:  Time spent this phase (IO): 48.5790 ms (min: 40.3533 ms, max: 66.0475 ms)
Thu Aug 22 19:36:06, Info:  Performance since the start: 9.5068 TFLOP/s (rank 0: 593.9855 GFLOP/s , average over ranks: 594.1769 GFLOP/s ) 
Thu Aug 22 19:36:06, Info:  Performance since last sync point: 9.4771 TFLOP/s (rank 0: 592.0104 GFLOP/s , average over ranks: 592.3215 GFLOP/s ) 
Thu Aug 22 19:36:33, Info:  Writing faultoutput at time 4.5.
Thu Aug 22 19:36:33, Info:  Writing faultoutput at time 4.5. Done.
Thu Aug 22 19:36:33, Info:  Writing energy output at time 4.5 
Thu Aug 22 19:36:33, Info:  Total momentum (X, Y, Z): 0  , 0  , 0 
Thu Aug 22 19:36:33, Info:  Writing energy output at time 4.5 Done. 
Thu Aug 22 19:36:33, Info:  Time spent this phase (total): 26.5477 s (min: 26.5369 s, max: 26.5580 s)
Thu Aug 22 19:36:33, Info:  Time spent this phase (compute): 26.5476 s (min: 26.5366 s, max: 26.5579 s)
Thu Aug 22 19:36:33, Info:  Time spent this phase (IO): 47.9593 ms (min: 40.2058 ms, max: 62.8488 ms)
Thu Aug 22 19:36:33, Info:  Performance since the start: 9.5039 TFLOP/s (rank 0: 593.8384 GFLOP/s , average over ranks: 593.9926 GFLOP/s ) 
Thu Aug 22 19:36:33, Info:  Performance since last sync point: 9.4803 TFLOP/s (rank 0: 592.6636 GFLOP/s , average over ranks: 592.5217 GFLOP/s ) 
Thu Aug 22 19:36:59, Info:  Writing faultoutput at time 5.
Thu Aug 22 19:36:59, Info:  Writing faultoutput at time 5. Done.
Thu Aug 22 19:36:59, Info:  Writing free surface at time 5.
Thu Aug 22 19:36:59, Info:  Writing free surface at time 5. Done.
Thu Aug 22 19:36:59, Info:  Writing energy output at time 5 
Thu Aug 22 19:36:59, Info:  Total momentum (X, Y, Z): 0  , 0  , 0 
Thu Aug 22 19:36:59, Info:  Writing energy output at time 5 Done. 
Thu Aug 22 19:36:59, Info:  Time spent this phase (total): 26.5648 s (min: 26.5418 s, max: 26.6044 s)
Thu Aug 22 19:36:59, Info:  Time spent this phase (compute): 26.5647 s (min: 26.5418 s, max: 26.6043 s)
Thu Aug 22 19:36:59, Info:  Time spent this phase (IO): 48.6045 ms (min: 40.3053 ms, max: 66.6197 ms)
Thu Aug 22 19:36:59, Info:  Performance since the start: 9.5009 TFLOP/s (rank 0: 593.6584 GFLOP/s , average over ranks: 593.8067 GFLOP/s ) 
Thu Aug 22 19:36:59, Info:  Performance since last sync point: 9.4742 TFLOP/s (rank 0: 592.0431 GFLOP/s , average over ranks: 592.1394 GFLOP/s ) 
Thu Aug 22 19:37:26, Info:  Writing faultoutput at time 5.5.
Thu Aug 22 19:37:26, Info:  Writing faultoutput at time 5.5. Done.
Thu Aug 22 19:37:26, Info:  Writing energy output at time 5.5 
Thu Aug 22 19:37:26, Info:  Total momentum (X, Y, Z): 0  , 0  , 0 
Thu Aug 22 19:37:26, Info:  Writing energy output at time 5.5 Done. 
Thu Aug 22 19:37:26, Info:  Time spent this phase (total): 26.3620 s (min: 26.3296 s, max: 26.3868 s)
Thu Aug 22 19:37:26, Info:  Time spent this phase (compute): 26.3619 s (min: 26.3295 s, max: 26.3867 s)
Thu Aug 22 19:37:26, Info:  Time spent this phase (IO): 47.6275 ms (min: 40.1912 ms, max: 65.7621 ms)
Thu Aug 22 19:37:26, Info:  Performance since the start: 9.5051 TFLOP/s (rank 0: 593.9204 GFLOP/s , average over ranks: 594.0680 GFLOP/s ) 
Thu Aug 22 19:37:26, Info:  Performance since last sync point: 9.5471 TFLOP/s (rank 0: 596.5536 GFLOP/s , average over ranks: 596.6942 GFLOP/s ) 
Thu Aug 22 19:37:52, Info:  Writing faultoutput at time 6.
Thu Aug 22 19:37:52, Info:  Writing faultoutput at time 6. Done.
Thu Aug 22 19:37:52, Info:  Writing free surface at time 6.
Thu Aug 22 19:37:52, Info:  Writing free surface at time 6. Done.
Thu Aug 22 19:37:52, Info:  Writing energy output at time 6 
Thu Aug 22 19:37:52, Info:  Total momentum (X, Y, Z): 0  , 0  , 0 
Thu Aug 22 19:37:52, Info:  Writing energy output at time 6 Done. 
Thu Aug 22 19:37:52, Info:  Time spent this phase (total): 26.4460 s (min: 26.4429 s, max: 26.4514 s)
Thu Aug 22 19:37:52, Info:  Time spent this phase (compute): 26.4459 s (min: 26.4428 s, max: 26.4511 s)
Thu Aug 22 19:37:52, Info:  Time spent this phase (IO): 48.4652 ms (min: 40.3763 ms, max: 65.5734 ms)
Thu Aug 22 19:37:52, Info:  Performance since the start: 9.5061 TFLOP/s (rank 0: 593.9752 GFLOP/s , average over ranks: 594.1289 GFLOP/s ) 
Thu Aug 22 19:37:52, Info:  Performance since last sync point: 9.5168 TFLOP/s (rank 0: 594.5784 GFLOP/s , average over ranks: 594.7997 GFLOP/s ) 
Thu Aug 22 19:38:18, Info:  Writing faultoutput at time 6.5.
Thu Aug 22 19:38:18, Info:  Writing faultoutput at time 6.5. Done.
Thu Aug 22 19:38:18, Info:  Writing energy output at time 6.5 
Thu Aug 22 19:38:19, Info:  Total momentum (X, Y, Z): 0  , 0  , 0 
Thu Aug 22 19:38:19, Info:  Writing energy output at time 6.5 Done. 
Thu Aug 22 19:38:19, Info:  Time spent this phase (total): 26.3449 s (min: 26.3166 s, max: 26.3855 s)
Thu Aug 22 19:38:19, Info:  Time spent this phase (compute): 26.3448 s (min: 26.3166 s, max: 26.3854 s)
Thu Aug 22 19:38:19, Info:  Time spent this phase (IO): 53.3250 ms (min: 40.2951 ms, max: 87.6241 ms)
Thu Aug 22 19:38:19, Info:  Performance since the start: 9.5097 TFLOP/s (rank 0: 594.1954 GFLOP/s , average over ranks: 594.3552 GFLOP/s ) 
Thu Aug 22 19:38:19, Info:  Performance since last sync point: 9.5533 TFLOP/s (rank 0: 596.8508 GFLOP/s , average over ranks: 597.0843 GFLOP/s ) 
Thu Aug 22 19:38:45, Info:  Writing faultoutput at time 7.
Thu Aug 22 19:38:45, Info:  Writing faultoutput at time 7. Done.
Thu Aug 22 19:38:45, Info:  Writing free surface at time 7.
Thu Aug 22 19:38:45, Info:  Writing free surface at time 7. Done.
Thu Aug 22 19:38:45, Info:  Writing energy output at time 7 
Thu Aug 22 19:38:45, Info:  Total momentum (X, Y, Z): 0  , 0  , 0 
Thu Aug 22 19:38:45, Info:  Writing energy output at time 7 Done. 
Thu Aug 22 19:38:45, Info:  Time spent this phase (total): 26.5028 s (min: 26.4647 s, max: 26.5214 s)
Thu Aug 22 19:38:45, Info:  Time spent this phase (compute): 26.5027 s (min: 26.4646 s, max: 26.5214 s)
Thu Aug 22 19:38:45, Info:  Time spent this phase (IO): 48.5850 ms (min: 40.4528 ms, max: 67.3936 ms)
Thu Aug 22 19:38:45, Info:  Performance since the start: 9.5087 TFLOP/s (rank 0: 594.1428 GFLOP/s , average over ranks: 594.2956 GFLOP/s ) 
Thu Aug 22 19:38:45, Info:  Performance since last sync point: 9.4964 TFLOP/s (rank 0: 593.4606 GFLOP/s , average over ranks: 593.5220 GFLOP/s ) 
Thu Aug 22 19:39:11, Info:  Writing faultoutput at time 7.5.
Thu Aug 22 19:39:11, Info:  Writing faultoutput at time 7.5. Done.
Thu Aug 22 19:39:11, Info:  Writing energy output at time 7.5 
Thu Aug 22 19:39:11, Info:  Total momentum (X, Y, Z): 0  , 0  , 0 
Thu Aug 22 19:39:11, Info:  Writing energy output at time 7.5 Done. 
Thu Aug 22 19:39:11, Info:  Time spent this phase (total): 26.3922 s (min: 26.3853 s, max: 26.3939 s)
Thu Aug 22 19:39:11, Info:  Time spent this phase (compute): 26.3918 s (min: 26.3800 s, max: 26.3938 s)
Thu Aug 22 19:39:11, Info:  Time spent this phase (IO): 47.6086 ms (min: 40.3478 ms, max: 65.1924 ms)
Thu Aug 22 19:39:11, Info:  Performance since the start: 9.5106 TFLOP/s (rank 0: 594.2709 GFLOP/s , average over ranks: 594.4097 GFLOP/s ) 
Thu Aug 22 19:39:11, Info:  Performance since last sync point: 9.5362 TFLOP/s (rank 0: 596.0694 GFLOP/s , average over ranks: 596.0117 GFLOP/s ) 
Thu Aug 22 19:39:38, Info:  Writing faultoutput at time 8.
Thu Aug 22 19:39:38, Info:  Writing faultoutput at time 8. Done.
Thu Aug 22 19:39:38, Info:  Writing free surface at time 8.
Thu Aug 22 19:39:38, Info:  Writing free surface at time 8. Done.
Thu Aug 22 19:39:38, Info:  Writing energy output at time 8 
Thu Aug 22 19:39:38, Info:  Total momentum (X, Y, Z): 0  , 0  , 0 
Thu Aug 22 19:39:38, Info:  Writing energy output at time 8 Done. 
Thu Aug 22 19:39:38, Info:  Time spent this phase (total): 26.5857 s (min: 26.5811 s, max: 26.6019 s)
Thu Aug 22 19:39:38, Info:  Time spent this phase (compute): 26.5856 s (min: 26.5810 s, max: 26.6019 s)
Thu Aug 22 19:39:38, Info:  Time spent this phase (IO): 48.3202 ms (min: 40.2879 ms, max: 65.9014 ms)
Thu Aug 22 19:39:38, Info:  Performance since the start: 9.5078 TFLOP/s (rank 0: 594.1041 GFLOP/s , average over ranks: 594.2379 GFLOP/s ) 
Thu Aug 22 19:39:38, Info:  Performance since last sync point: 9.4668 TFLOP/s (rank 0: 591.6131 GFLOP/s , average over ranks: 591.6734 GFLOP/s ) 
Thu Aug 22 19:40:04, Info:  Writing faultoutput at time 8.5.
Thu Aug 22 19:40:04, Info:  Writing faultoutput at time 8.5. Done.
Thu Aug 22 19:40:04, Info:  Writing energy output at time 8.5 
Thu Aug 22 19:40:05, Info:  Total momentum (X, Y, Z): 0  , 0  , 0 
Thu Aug 22 19:40:05, Info:  Writing energy output at time 8.5 Done. 
Thu Aug 22 19:40:05, Info:  Time spent this phase (total): 26.4921 s (min: 26.4812 s, max: 26.5188 s)
Thu Aug 22 19:40:05, Info:  Time spent this phase (compute): 26.4920 s (min: 26.4811 s, max: 26.5188 s)
Thu Aug 22 19:40:05, Info:  Time spent this phase (IO): 47.7737 ms (min: 40.1972 ms, max: 69.2870 ms)
Thu Aug 22 19:40:05, Info:  Performance since the start: 9.5074 TFLOP/s (rank 0: 594.0822 GFLOP/s , average over ranks: 594.2100 GFLOP/s ) 
Thu Aug 22 19:40:05, Info:  Performance since last sync point: 9.5002 TFLOP/s (rank 0: 593.7324 GFLOP/s , average over ranks: 593.7630 GFLOP/s ) 
Thu Aug 22 19:40:31, Info:  Writing faultoutput at time 9.
Thu Aug 22 19:40:31, Info:  Writing faultoutput at time 9. Done.
Thu Aug 22 19:40:31, Info:  Writing free surface at time 9.
Thu Aug 22 19:40:31, Info:  Writing free surface at time 9. Done.
Thu Aug 22 19:40:31, Info:  Writing energy output at time 9 
Thu Aug 22 19:40:31, Info:  Total momentum (X, Y, Z): 0  , 0  , 0 
Thu Aug 22 19:40:31, Info:  Writing energy output at time 9 Done. 
Thu Aug 22 19:40:31, Info:  Time spent this phase (total): 26.2914 s (min: 26.2633 s, max: 26.3232 s)
Thu Aug 22 19:40:31, Info:  Time spent this phase (compute): 26.2913 s (min: 26.2632 s, max: 26.3229 s)
Thu Aug 22 19:40:31, Info:  Time spent this phase (IO): 47.9957 ms (min: 40.3396 ms, max: 65.9789 ms)
Thu Aug 22 19:40:31, Info:  Performance since the start: 9.5110 TFLOP/s (rank 0: 594.2697 GFLOP/s , average over ranks: 594.4356 GFLOP/s ) 
Thu Aug 22 19:40:31, Info:  Performance since last sync point: 9.5728 TFLOP/s (rank 0: 597.4744 GFLOP/s , average over ranks: 598.2986 GFLOP/s ) 
Thu Aug 22 19:40:57, Info:  Writing faultoutput at time 9.5.
Thu Aug 22 19:40:57, Info:  Writing faultoutput at time 9.5. Done.
Thu Aug 22 19:40:57, Info:  Writing energy output at time 9.5 
Thu Aug 22 19:40:57, Info:  Total momentum (X, Y, Z): 0  , 0  , 0 
Thu Aug 22 19:40:57, Info:  Writing energy output at time 9.5 Done. 
Thu Aug 22 19:40:57, Info:  Time spent this phase (total): 26.5255 s (min: 26.4939 s, max: 26.5514 s)
Thu Aug 22 19:40:57, Info:  Time spent this phase (compute): 26.5254 s (min: 26.4935 s, max: 26.5514 s)
Thu Aug 22 19:40:57, Info:  Time spent this phase (IO): 48.0756 ms (min: 40.2452 ms, max: 65.9573 ms)
Thu Aug 22 19:40:57, Info:  Performance since the start: 9.5098 TFLOP/s (rank 0: 594.2357 GFLOP/s , average over ranks: 594.3607 GFLOP/s ) 
Thu Aug 22 19:40:57, Info:  Performance since last sync point: 9.4882 TFLOP/s (rank 0: 593.6259 GFLOP/s , average over ranks: 593.0145 GFLOP/s ) 
Thu Aug 22 19:41:24, Info:  Writing faultoutput at time 10.
Thu Aug 22 19:41:24, Info:  Writing faultoutput at time 10. Done.
Thu Aug 22 19:41:24, Info:  Writing free surface at time 10.
Thu Aug 22 19:41:24, Info:  Writing free surface at time 10. Done.
Thu Aug 22 19:41:24, Info:  Wrote receivers in 4.18e-07 seconds. 
Thu Aug 22 19:41:24, Info:  Writing energy output at time 10 
Thu Aug 22 19:41:24, Info:  Total momentum (X, Y, Z): 0  , 0  , 0 
Thu Aug 22 19:41:24, Info:  Writing energy output at time 10 Done. 
Thu Aug 22 19:41:24, Info:  Time spent this phase (total): 26.4714 s (min: 26.4493 s, max: 26.4935 s)
Thu Aug 22 19:41:24, Info:  Time spent this phase (compute): 26.4713 s (min: 26.4492 s, max: 26.4934 s)
Thu Aug 22 19:41:24, Info:  Time spent this phase (IO): 49.5771 ms (min: 40.3271 ms, max: 73.0890 ms)
Thu Aug 22 19:41:24, Info:  Performance since the start: 9.5097 TFLOP/s (rank 0: 594.2185 GFLOP/s , average over ranks: 594.3540 GFLOP/s ) 
Thu Aug 22 19:41:24, Info:  Performance since last sync point: 9.5076 TFLOP/s (rank 0: 593.8905 GFLOP/s , average over ranks: 594.2273 GFLOP/s ) 
Thu Aug 22 19:41:50, Info:  Writing faultoutput at time 10.5.
Thu Aug 22 19:41:50, Info:  Writing faultoutput at time 10.5. Done.
Thu Aug 22 19:41:50, Info:  Writing energy output at time 10.5 
Thu Aug 22 19:41:50, Info:  Total momentum (X, Y, Z): 0  , 0  , 0 
Thu Aug 22 19:41:50, Info:  Writing energy output at time 10.5 Done. 
Thu Aug 22 19:41:50, Info:  Time spent this phase (total): 26.5525 s (min: 26.5165 s, max: 26.5956 s)
Thu Aug 22 19:41:50, Info:  Time spent this phase (compute): 26.5524 s (min: 26.5165 s, max: 26.5955 s)
Thu Aug 22 19:41:50, Info:  Time spent this phase (IO): 49.4603 ms (min: 40.2284 ms, max: 76.1593 ms)
Thu Aug 22 19:41:50, Info:  Performance since the start: 9.5082 TFLOP/s (rank 0: 594.1410 GFLOP/s , average over ranks: 594.2613 GFLOP/s ) 
Thu Aug 22 19:41:50, Info:  Performance since last sync point: 9.4786 TFLOP/s (rank 0: 592.5967 GFLOP/s , average over ranks: 592.4147 GFLOP/s ) 
Thu Aug 22 19:42:17, Info:  Writing faultoutput at time 11.
Thu Aug 22 19:42:17, Info:  Writing faultoutput at time 11. Done.
Thu Aug 22 19:42:17, Info:  Writing free surface at time 11.
Thu Aug 22 19:42:17, Info:  Writing free surface at time 11. Done.
Thu Aug 22 19:42:17, Info:  Writing energy output at time 11 
Thu Aug 22 19:42:17, Info:  Total momentum (X, Y, Z): 0  , 0  , 0 
Thu Aug 22 19:42:17, Info:  Writing energy output at time 11 Done. 
Thu Aug 22 19:42:17, Info:  Time spent this phase (total): 26.4101 s (min: 26.3623 s, max: 26.4344 s)
Thu Aug 22 19:42:17, Info:  Time spent this phase (compute): 26.4100 s (min: 26.3622 s, max: 26.4343 s)
Thu Aug 22 19:42:17, Info:  Time spent this phase (IO): 48.5370 ms (min: 40.2002 ms, max: 66.5840 ms)
Thu Aug 22 19:42:17, Info:  Performance since the start: 9.5092 TFLOP/s (rank 0: 594.1900 GFLOP/s , average over ranks: 594.3224 GFLOP/s ) 
Thu Aug 22 19:42:17, Info:  Performance since last sync point: 9.5297 TFLOP/s (rank 0: 595.2207 GFLOP/s , average over ranks: 595.6088 GFLOP/s ) 
Thu Aug 22 19:42:43, Info:  Writing faultoutput at time 11.5.
Thu Aug 22 19:42:43, Info:  Writing faultoutput at time 11.5. Done.
Thu Aug 22 19:42:43, Info:  Writing energy output at time 11.5 
Thu Aug 22 19:42:43, Info:  Total momentum (X, Y, Z): 0  , 0  , 0 
Thu Aug 22 19:42:43, Info:  Writing energy output at time 11.5 Done. 
Thu Aug 22 19:42:43, Info:  Time spent this phase (total): 26.4335 s (min: 26.4267 s, max: 26.4349 s)
Thu Aug 22 19:42:43, Info:  Time spent this phase (compute): 26.4334 s (min: 26.4262 s, max: 26.4349 s)
Thu Aug 22 19:42:43, Info:  Time spent this phase (IO): 47.5371 ms (min: 40.2378 ms, max: 65.5147 ms)
Thu Aug 22 19:42:43, Info:  Performance since the start: 9.5097 TFLOP/s (rank 0: 594.2310 GFLOP/s , average over ranks: 594.3553 GFLOP/s ) 
Thu Aug 22 19:42:43, Info:  Performance since last sync point: 9.5213 TFLOP/s (rank 0: 595.1347 GFLOP/s , average over ranks: 595.0804 GFLOP/s ) 
Thu Aug 22 19:43:10, Info:  Writing faultoutput at time 12.
Thu Aug 22 19:43:10, Info:  Writing faultoutput at time 12. Done.
Thu Aug 22 19:43:10, Info:  Writing free surface at time 12.
Thu Aug 22 19:43:10, Info:  Writing free surface at time 12. Done.
Thu Aug 22 19:43:10, Info:  Writing energy output at time 12 
Thu Aug 22 19:43:10, Info:  Total momentum (X, Y, Z): 0  , 0  , 0 
Thu Aug 22 19:43:10, Info:  Writing energy output at time 12 Done. 
Thu Aug 22 19:43:10, Info:  Time spent this phase (total): 26.4113 s (min: 26.4096 s, max: 26.4215 s)
Thu Aug 22 19:43:10, Info:  Time spent this phase (compute): 26.4113 s (min: 26.4096 s, max: 26.4211 s)
Thu Aug 22 19:43:10, Info:  Time spent this phase (IO): 48.8144 ms (min: 40.2370 ms, max: 70.4914 ms)
Thu Aug 22 19:43:10, Info:  Performance since the start: 9.5105 TFLOP/s (rank 0: 594.2735 GFLOP/s , average over ranks: 594.4062 GFLOP/s ) 
Thu Aug 22 19:43:10, Info:  Performance since last sync point: 9.5293 TFLOP/s (rank 0: 595.2527 GFLOP/s , average over ranks: 595.5798 GFLOP/s ) 
Thu Aug 22 19:43:36, Info:  Writing faultoutput at time 12.5.
Thu Aug 22 19:43:36, Info:  Writing faultoutput at time 12.5. Done.
Thu Aug 22 19:43:36, Info:  Writing energy output at time 12.5 
Thu Aug 22 19:43:36, Info:  Total momentum (X, Y, Z): 0  , 0  , 0 
Thu Aug 22 19:43:36, Info:  Writing energy output at time 12.5 Done. 
Thu Aug 22 19:43:36, Info:  Time spent this phase (total): 26.5338 s (min: 26.5237 s, max: 26.5357 s)
Thu Aug 22 19:43:36, Info:  Time spent this phase (compute): 26.5337 s (min: 26.5233 s, max: 26.5356 s)
Thu Aug 22 19:43:36, Info:  Time spent this phase (IO): 47.6260 ms (min: 40.1796 ms, max: 65.5921 ms)
Thu Aug 22 19:43:36, Info:  Performance since the start: 9.5095 TFLOP/s (rank 0: 594.2208 GFLOP/s , average over ranks: 594.3431 GFLOP/s ) 
Thu Aug 22 19:43:36, Info:  Performance since last sync point: 9.4853 TFLOP/s (rank 0: 592.9589 GFLOP/s , average over ranks: 592.8307 GFLOP/s ) 
Thu Aug 22 19:44:03, Info:  Writing faultoutput at time 13.
Thu Aug 22 19:44:03, Info:  Writing faultoutput at time 13. Done.
Thu Aug 22 19:44:03, Info:  Writing free surface at time 13.
Thu Aug 22 19:44:03, Info:  Writing free surface at time 13. Done.
Thu Aug 22 19:44:03, Info:  Writing energy output at time 13 
Thu Aug 22 19:44:03, Info:  Total momentum (X, Y, Z): 0  , 0  , 0 
Thu Aug 22 19:44:03, Info:  Writing energy output at time 13 Done. 
Thu Aug 22 19:44:03, Info:  Time spent this phase (total): 26.5829 s (min: 26.5724 s, max: 26.6293 s)
Thu Aug 22 19:44:03, Info:  Time spent this phase (compute): 26.5828 s (min: 26.5723 s, max: 26.6293 s)
Thu Aug 22 19:44:03, Info:  Time spent this phase (IO): 48.8910 ms (min: 40.2778 ms, max: 64.0303 ms)
Thu Aug 22 19:44:03, Info:  Performance since the start: 9.5079 TFLOP/s (rank 0: 594.1208 GFLOP/s , average over ranks: 594.2423 GFLOP/s ) 
Thu Aug 22 19:44:03, Info:  Performance since last sync point: 9.4678 TFLOP/s (rank 0: 591.6307 GFLOP/s , average over ranks: 591.7350 GFLOP/s ) 
Thu Aug 22 19:44:29, Info:  Writing faultoutput at time 13.5.
Thu Aug 22 19:44:29, Info:  Writing faultoutput at time 13.5. Done.
Thu Aug 22 19:44:29, Info:  Writing energy output at time 13.5 
Thu Aug 22 19:44:29, Info:  Total momentum (X, Y, Z): 0  , 0  , 0 
Thu Aug 22 19:44:29, Info:  Writing energy output at time 13.5 Done. 
Thu Aug 22 19:44:29, Info:  Time spent this phase (total): 26.6284 s (min: 26.6037 s, max: 26.6421 s)
Thu Aug 22 19:44:29, Info:  Time spent this phase (compute): 26.6283 s (min: 26.6037 s, max: 26.6420 s)
Thu Aug 22 19:44:29, Info:  Time spent this phase (IO): 47.7717 ms (min: 40.1699 ms, max: 66.5218 ms)
Thu Aug 22 19:44:29, Info:  Performance since the start: 9.5058 TFLOP/s (rank 0: 593.9968 GFLOP/s , average over ranks: 594.1113 GFLOP/s ) 
Thu Aug 22 19:44:29, Info:  Performance since last sync point: 9.4516 TFLOP/s (rank 0: 590.7909 GFLOP/s , average over ranks: 590.7256 GFLOP/s ) 
Thu Aug 22 19:44:56, Info:  Writing faultoutput at time 14.
Thu Aug 22 19:44:56, Info:  Writing faultoutput at time 14. Done.
Thu Aug 22 19:44:56, Info:  Writing free surface at time 14.
Thu Aug 22 19:44:56, Info:  Writing free surface at time 14. Done.
Thu Aug 22 19:44:56, Info:  Writing energy output at time 14 
Thu Aug 22 19:44:56, Info:  Total momentum (X, Y, Z): 0  , 0  , 0 
Thu Aug 22 19:44:56, Info:  Writing energy output at time 14 Done. 
Thu Aug 22 19:44:56, Info:  Time spent this phase (total): 26.8226 s (min: 26.7964 s, max: 26.8393 s)
Thu Aug 22 19:44:56, Info:  Time spent this phase (compute): 26.8225 s (min: 26.7963 s, max: 26.8388 s)
Thu Aug 22 19:44:56, Info:  Time spent this phase (IO): 48.9344 ms (min: 40.2659 ms, max: 70.6251 ms)
Thu Aug 22 19:44:56, Info:  Performance since the start: 9.5013 TFLOP/s (rank 0: 593.7070 GFLOP/s , average over ranks: 593.8342 GFLOP/s ) 
Thu Aug 22 19:44:56, Info:  Performance since last sync point: 9.3832 TFLOP/s (rank 0: 585.9868 GFLOP/s , average over ranks: 586.4478 GFLOP/s ) 
Thu Aug 22 19:45:23, Info:  Writing faultoutput at time 14.5.
Thu Aug 22 19:45:23, Info:  Writing faultoutput at time 14.5. Done.
Thu Aug 22 19:45:23, Info:  Writing energy output at time 14.5 
Thu Aug 22 19:45:23, Info:  Total momentum (X, Y, Z): 0  , 0  , 0 
Thu Aug 22 19:45:23, Info:  Writing energy output at time 14.5 Done. 
Thu Aug 22 19:45:23, Info:  Time spent this phase (total): 26.8188 s (min: 26.8015 s, max: 26.8224 s)
Thu Aug 22 19:45:23, Info:  Time spent this phase (compute): 26.8188 s (min: 26.8015 s, max: 26.8224 s)
Thu Aug 22 19:45:23, Info:  Time spent this phase (IO): 47.6440 ms (min: 40.2860 ms, max: 66.0153 ms)
Thu Aug 22 19:45:23, Info:  Performance since the start: 9.4973 TFLOP/s (rank 0: 593.4591 GFLOP/s , average over ranks: 593.5793 GFLOP/s ) 
Thu Aug 22 19:45:23, Info:  Performance since last sync point: 9.3845 TFLOP/s (rank 0: 586.6015 GFLOP/s , average over ranks: 586.5297 GFLOP/s ) 
Thu Aug 22 19:45:50, Info:  Writing faultoutput at time 15.
Thu Aug 22 19:45:50, Info:  Writing faultoutput at time 15. Done.
Thu Aug 22 19:45:50, Info:  Writing free surface at time 15.
Thu Aug 22 19:45:50, Info:  Writing free surface at time 15. Done.
Thu Aug 22 19:45:50, Info:  Writing energy output at time 15 
Thu Aug 22 19:45:50, Info:  Total momentum (X, Y, Z): 0  , 0  , 0 
Thu Aug 22 19:45:50, Info:  Writing energy output at time 15 Done. 
Thu Aug 22 19:45:50, Info:  Time spent this phase (total): 26.6278 s (min: 26.6057 s, max: 26.6587 s)
Thu Aug 22 19:45:50, Info:  Time spent this phase (compute): 26.6278 s (min: 26.6056 s, max: 26.6586 s)
Thu Aug 22 19:45:50, Info:  Time spent this phase (IO): 50.6819 ms (min: 40.2587 ms, max: 76.0384 ms)
Thu Aug 22 19:45:50, Info:  Performance since the start: 9.4957 TFLOP/s (rank 0: 593.3686 GFLOP/s , average over ranks: 593.4841 GFLOP/s ) 
Thu Aug 22 19:45:50, Info:  Performance since last sync point: 9.4518 TFLOP/s (rank 0: 590.7572 GFLOP/s , average over ranks: 590.7374 GFLOP/s ) 
Thu Aug 22 19:45:50, Info:  Ignoring duplicate synchronisation point at time 15 ; the last sync point was at  15 
Thu Aug 22 19:45:50, Info:  Ignoring duplicate synchronisation point at time 15 ; the last sync point was at  15 
Thu Aug 22 19:45:50, Info:  Wrote receivers in 4.09e-07 seconds. 
Thu Aug 22 19:45:50, Info:  Ignoring duplicate synchronisation point at time 15 ; the last sync point was at  15 
Thu Aug 22 19:45:50, Info:  Simulation time (total): 13 min 15.1380 s (min: 13 min 15.1068 s, max: 13 min 15.1625 s)
Thu Aug 22 19:45:50, Info:  Simulation time (compute): 13 min 13.6241 s (min: 13 min 13.0900 s, max: 13 min 13.8930 s)
Thu Aug 22 19:45:50, Info:  Simulation time (IO): 1.5097 s (min: 1.2489 s, max: 2.0525 s)
Thu Aug 22 19:45:50, Info:  Time spent in compute kernels: mean = 758.208  std = 13.0663  min = 719.297  median = 758.083  max = 783.142 
Thu Aug 22 19:45:50, Info:  Load imbalance: 3.18378 % 
Thu Aug 22 19:45:50, Info:  Regression analysis of compute kernels: 
Thu Aug 22 19:45:50, Info:  "computeLocalIntegration" (total time): 3694.99 s ( = 1 h 1 min 34.9896 s ) 
Thu Aug 22 19:45:50, Info:  "computeLocalIntegration" ( constant ): 2.22444e-05 (sample size: 3.92631e+06 , standard error: 5.19721e-12 ) 
Thu Aug 22 19:45:50, Info:  "computeLocalIntegration" ( per element ): 8.30091e-08 (sample size: 3.92631e+06 , standard error: 5.19721e-12 ) 
Thu Aug 22 19:45:50, Info:  "computeNeighboringIntegration" (total time): 4461.62 s ( = 1 h 14 min 21.6155 s ) 
Thu Aug 22 19:45:50, Info:  "computeNeighboringIntegration" ( constant ): 0.000141691 (sample size: 3.92631e+06 , standard error: 8.31856e-12 ) 
Thu Aug 22 19:45:50, Info:  "computeNeighboringIntegration" ( per element ): 8.98576e-08 (sample size: 3.92631e+06 , standard error: 8.31856e-12 ) 
Thu Aug 22 19:45:50, Info:  "computeDynamicRupture" (total time): 3974.73 s ( = 1 h 6 min 14.7307 s ) 
Thu Aug 22 19:45:50, Info:  "computeDynamicRupture" ( constant ): 8.30647e-05 (sample size: 2.92707e+06 , standard error: 4.58736e-11 ) 
Thu Aug 22 19:45:50, Info:  "computeDynamicRupture" ( per element ): 4.50391e-07 (sample size: 2.92707e+06 , standard error: 4.58736e-11 ) 
Thu Aug 22 19:45:50, Info:  "computePointSources" (total time): 0 s ( = 0.0000 s ) 
Thu Aug 22 19:45:50, Info:  "computePointSources" ( constant ): -nan (sample size: 0 , standard error: -nan ) 
Thu Aug 22 19:45:50, Info:  "computePointSources" ( per element ): -nan (sample size: 0 , standard error: -nan ) 
Thu Aug 22 19:45:50, Info:  Total time spent in compute kernels: 12131.3 s ( = 3 h 22 min 11.3358 s ) 
Thu Aug 22 19:45:50, Info:  Total calculated HW-FLOP:  7.5504 PFLOP 
Thu Aug 22 19:45:50, Info:  Total calculated NZ-FLOP:  3.0183 PFLOP 
Thu Aug 22 19:45:50, Info:  Total calculated HW-FLOP/s:  9.4954 TFLOP/s 
Thu Aug 22 19:45:50, Info:  Total calculated NZ-FLOP/s:  3.7958 TFLOP/s 
Thu Aug 22 19:45:50, Info:  WP calculated HW-FLOP:  6.2560 PFLOP 
Thu Aug 22 19:45:50, Info:  WP calculated NZ-FLOP:  2.0558 PFLOP 
Thu Aug 22 19:45:50, Info:  DR calculated HW-FLOP:  1.2944 PFLOP 
Thu Aug 22 19:45:50, Info:  DR calculated NZ-FLOP:  962.4312 TFLOP 
Thu Aug 22 19:45:50, Info:  PL calculated HW-FLOP:  0.0000 FLOP 
Thu Aug 22 19:45:50, Info:  PL calculated NZ-FLOP:  0.0000 FLOP 
Thu Aug 22 19:45:50, Info:  Time spent in simulation: 13 min 15.1633 s (min: 13 min 15.1631 s, max: 13 min 15.1647 s)
Thu Aug 22 19:45:50, Info:  Simulation done. 
Thu Aug 22 19:45:50, Info:  Closing IO. 
Thu Aug 22 19:45:51, Info:  Time fault writer backend: 3.0376 s (min: 1.1888 s, max: 18.5826 s)
Thu Aug 22 19:45:51, Info:  Time fault writer frontend: 34.6373 ms (min: 29.1818 ms, max: 41.3434 ms)
Thu Aug 22 19:45:51, Info:  Time free surface writer backend: 554.5319 ms (min: 31.4886 ms, max: 4.7568 s)
Thu Aug 22 19:45:51, Info:  Time free surface writer frontend: 5.8322 ms (min: 317.2990 µs, max: 24.1180 ms)
Thu Aug 22 19:45:51, Info:  SeisSol done. Goodbye. 
SeisSol complete.
/hppfs/scratch/01/di35poq/haiti-rupture-outputs/dynamic-rupture-outputs/regional-only/jobid_3795150 ~/haiti-rupture-inputs/dynamic-rupture/regional-only
Writing hdf5 output with compression enabled (compression_level=4). 
Use --compression=0 if you want to speed-up data extraction.
ASl: 0it [00:00, ?it/s]ASl: 4it [00:00, 38.75it/s]ASl: 12it [00:00, 59.88it/s]ASl: 20it [00:00, 64.65it/s]ASl: 28it [00:00, 68.37it/s]ASl: 30it [00:00, 62.30it/s]
Sls: 0it [00:00, ?it/s]Sls: 1it [00:00,  6.33it/s]Sls: 5it [00:00, 21.20it/s]Sls: 9it [00:00, 26.95it/s]Sls: 13it [00:00, 30.39it/s]Sls: 17it [00:00, 27.17it/s]Sls: 21it [00:00, 29.54it/s]Sls: 25it [00:00, 31.44it/s]Sls: 29it [00:01, 32.94it/s]Sls: 30it [00:01, 28.59it/s]
Sld: 0it [00:00, ?it/s]Sld: 4it [00:00, 32.85it/s]Sld: 8it [00:00, 35.89it/s]Sld: 12it [00:00, 36.85it/s]Sld: 16it [00:00, 36.90it/s]Sld: 20it [00:00, 37.32it/s]Sld: 24it [00:00, 37.57it/s]Sld: 28it [00:00, 37.93it/s]Sld: 30it [00:00, 37.53it/s]
Ts0: 0it [00:00, ?it/s]Ts0: 1it [00:00,  5.05it/s]Ts0: 3it [00:00,  9.18it/s]Ts0: 4it [00:00,  8.07it/s]Ts0: 6it [00:00,  9.91it/s]Ts0: 8it [00:00, 10.64it/s]Ts0: 10it [00:00, 11.37it/s]Ts0: 12it [00:01, 11.49it/s]Ts0: 14it [00:01, 10.80it/s]Ts0: 16it [00:01, 11.07it/s]Ts0: 18it [00:01, 11.57it/s]Ts0: 20it [00:01, 11.60it/s]Ts0: 22it [00:02, 11.96it/s]Ts0: 24it [00:02, 11.87it/s]Ts0: 26it [00:02, 12.15it/s]Ts0: 28it [00:02, 12.07it/s]Ts0: 30it [00:02, 12.29it/s]Ts0: 30it [00:02, 11.24it/s]
Td0: 0it [00:00, ?it/s]Td0: 2it [00:00, 13.01it/s]Td0: 4it [00:00, 13.07it/s]Td0: 6it [00:00, 13.57it/s]Td0: 8it [00:00, 13.35it/s]Td0: 10it [00:00, 13.62it/s]Td0: 12it [00:00, 13.41it/s]Td0: 14it [00:01, 13.65it/s]Td0: 16it [00:01, 13.35it/s]Td0: 18it [00:01, 13.60it/s]Td0: 20it [00:01, 13.35it/s]Td0: 22it [00:01, 13.60it/s]Td0: 24it [00:01, 13.44it/s]Td0: 26it [00:01, 13.66it/s]Td0: 28it [00:02, 13.52it/s]Td0: 30it [00:02, 13.70it/s]Td0: 30it [00:02, 13.52it/s]
Pn0: 0it [00:00, ?it/s]Pn0: 2it [00:00, 11.33it/s]Pn0: 4it [00:00, 11.36it/s]Pn0: 6it [00:00, 11.72it/s]Pn0: 8it [00:00,  9.64it/s]Pn0: 10it [00:00, 10.42it/s]Pn0: 12it [00:01, 10.73it/s]Pn0: 14it [00:01, 11.18it/s]Pn0: 16it [00:01, 11.15it/s]Pn0: 18it [00:01, 11.45it/s]Pn0: 20it [00:01, 11.40it/s]Pn0: 22it [00:01, 11.63it/s]Pn0: 24it [00:02, 11.56it/s]Pn0: 26it [00:02, 11.74it/s]Pn0: 28it [00:02, 11.65it/s]Pn0: 30it [00:02, 11.81it/s]Pn0: 30it [00:02, 11.32it/s]
T_s: 0it [00:00, ?it/s]T_s: 7it [00:00, 68.25it/s]T_s: 14it [00:00, 46.75it/s]T_s: 20it [00:00, 41.93it/s]T_s: 28it [00:00, 52.08it/s]T_s: 30it [00:00, 51.99it/s]
T_d: 0it [00:00, ?it/s]T_d: 1it [00:00,  6.63it/s]T_d: 4it [00:00, 17.05it/s]T_d: 8it [00:00, 22.48it/s]T_d: 16it [00:00, 34.77it/s]T_d: 24it [00:00, 46.17it/s]T_d: 30it [00:00, 40.29it/s]
P_n: 0it [00:00, ?it/s]P_n: 1it [00:00,  7.85it/s]P_n: 8it [00:00, 30.80it/s]P_n: 16it [00:00, 46.49it/s]P_n: 24it [00:00, 55.99it/s]P_n: 30it [00:00, 51.47it/s]
Mud: 0it [00:00, ?it/s]Mud: 7it [00:00, 67.36it/s]Mud: 14it [00:00, 68.16it/s]Mud: 22it [00:00, 70.69it/s]Mud: 30it [00:00, 72.15it/s]Mud: 30it [00:00, 71.03it/s]
Vr: 0it [00:00, ?it/s]Vr: 4it [00:00, 32.48it/s]Vr: 8it [00:00, 31.12it/s]Vr: 16it [00:00, 42.20it/s]Vr: 24it [00:00, 52.83it/s]Vr: 30it [00:00, 51.11it/s]
done writing output_jobid_3795150_extracted-fault.h5
done writing output_jobid_3795150_extracted-fault.xdmf
full path: /hppfs/scratch/01/di35poq/haiti-rupture-outputs/dynamic-rupture-outputs/regional-only/jobid_3795150/output_jobid_3795150_extracted-fault.xdmf
Writing hdf5 output with compression enabled (compression_level=4). 
Use --compression=0 if you want to speed-up data extraction.
u1: 0it [00:00, ?it/s]u1: 1it [00:00,  9.22it/s]u1: 15it [00:00, 88.83it/s]
u2: 0it [00:00, ?it/s]u2: 15it [00:00, 152.18it/s]
u3: 0it [00:00, ?it/s]u3: 15it [00:00, 220.28it/s]
done writing output_jobid_3795150_extracted-surface.h5
done writing output_jobid_3795150_extracted-surface.xdmf
full path: /hppfs/scratch/01/di35poq/haiti-rupture-outputs/dynamic-rupture-outputs/regional-only/jobid_3795150/output_jobid_3795150_extracted-surface.xdmf
Working on JobID: 3795150
/hppfs/scratch/01/di35poq/haiti-rupture-outputs/dynamic-rupture-outputs/regional-only/jobid_3795150/output_jobid_3795150_extracted-fault.xdmf
warning: Mw computed over 0-85s (avoiding contribution of small residual moment after rupture)
jobid_3795150 moment magnitude: -inf (M0 = 0.0000e+00)
Finished writing /hppfs/scratch/01/di35poq/haiti-rupture-outputs/dynamic-rupture-outputs/regional-only/jobid_3795150/moment_rate_mainshock.png
Job ID set as: 3795150
mu_s: 0.6
mu_d: 0.52
~/haiti-rupture-inputs/dynamic-rupture/regional-only
