Fri Jun 07 01:59:43, Info:  Using the parameter file parameters_kin_lowres_step500-smooth7_volumetric.par 
Fri Jun 07 01:59:43, Info:  Reading SeisSol parameter file... 
Fri Jun 07 01:59:43, Info:  In your parameter file, you have specified a non-positive interval for "checkpointinterval" . This mechanism is deprecated and may be removed in a future version of SeisSol. Consider disabling the whole module by setting "checkpoint" to 0 instead by adding "checkpoint = 0" to the "output" section of your parameter file instead. 
Fri Jun 07 01:59:43, Info:  The field "printintervalcriterion" is no longer in use. You may safely remove it from your parameters file. 
Fri Jun 07 01:59:43, Info:  The field "printintervalcriterion" is no longer in use. You may safely remove it from your parameters file. 
Fri Jun 07 01:59:43, Info:  The field "pickdttype" is no longer in use. You may safely remove it from your parameters file. 
Fri Jun 07 01:59:43, Info:  The field "faultoutputflag" is no longer in use. You may safely remove it from your parameters file. 
Fri Jun 07 01:59:43, Info:  The field "boundaries" is no longer in use. You may safely remove it from your parameters file. 
Fri Jun 07 01:59:43, Info:  SeisSol parameter file read successfully. 
Fri Jun 07 01:59:43, Info:  Model information: 
Fri Jun 07 01:59:43, Info:  Elastic model: yes 
Fri Jun 07 01:59:43, Info:  Viscoelastic model: no 
Fri Jun 07 01:59:43, Info:  Anelastic model: no 
Fri Jun 07 01:59:43, Info:  Poroelastic model: no 
Fri Jun 07 01:59:43, Info:  Anisotropic model: no 
Fri Jun 07 01:59:43, Info:  Plasticity: no 
Fri Jun 07 01:59:43, Info:  Welcome to SeisSol 
Fri Jun 07 01:59:43, Info:  Copyright (c) 2012 - 2024  SeisSol Group 
Fri Jun 07 01:59:43, Info:  Version: v1.1.3-268-gcb972500 
Fri Jun 07 01:59:43, Info:  Built on: May  2 2024 00:53:22 
Fri Jun 07 01:59:43, Info:  Last commit: cb9725002e29ee55d54f8b57cf2181d2e26c4745 at 2024-04-30T18:04:04+00:00 
Fri Jun 07 01:59:43, Info:  Compiled with HOST_ARCH = skx 
Fri Jun 07 01:59:43, Info:  Running on (rank=0): "i01r01c01s01" 
Fri Jun 07 01:59:43, Info:  Using MPI with #ranks: 16 
Fri Jun 07 01:59:43, Info:  Node-wide (shared memory) MPI with #ranks/node: 1 
Fri Jun 07 01:59:43, Info:  Using asynchronous MPI routines. 
Fri Jun 07 01:59:43, Info:  Using OMP with #threads/rank: 94 
Fri Jun 07 01:59:43, Info:  OpenMP worker affinity (this process): "0123456789|0123456789|0123456789|0123456789|0123456-89|0123456789|0123456789|0123456789|0123456789|01234-" 
Fri Jun 07 01:59:43, Info:  OpenMP worker affinity (this node)   : "0123456789|0123456789|0123456789|0123456789|0123456-89|0123456789|0123456789|0123456789|0123456789|01234-" 
Fri Jun 07 01:59:43, Info:  Using a communication thread for advancing MPI communication. 
Fri Jun 07 01:59:43, Info:  Communication thread affinity        : "----------|----------|----------|----------|-------7--|----------|----------|----------|----------|-----5" 
Fri Jun 07 01:59:43, Info:  The stack size ulimit is 2097152 [kiB] ( = 2.0000 GiB ). 
Fri Jun 07 01:59:43, Info:  Begin init mesh. 
Fri Jun 07 01:59:43, Info:  Mesh file: "../../mesh/Haiti_v05_lowres" 
Fri Jun 07 01:59:43, Info:  Running mini SeisSol to determine node weights. 
Fri Jun 07 01:59:43, Info:  miniSeisSol configured with 50000 elements and 10 repeats per process 
Fri Jun 07 01:59:43, Info:  Node weights: mean = 41.5186  std = 0.375968  min = 40.5063  median = 41.5394  max = 41.9801 
Fri Jun 07 01:59:43, Info:  Reading PUML mesh 
Fri Jun 07 01:59:43, Info:  Inferring boundary format. 
Fri Jun 07 01:59:43, Info:  Boundary format not given in PUML file; inferring from array shape. 
Fri Jun 07 01:59:43, Info:  Using boundary format: i32 (4xi8) 
Fri Jun 07 01:59:43, Info:  Found 2740523 cells 
Fri Jun 07 01:59:43, Info:  Found 486340 vertices 
Fri Jun 07 01:59:45, Info:  Computing LTS weights. 
Fri Jun 07 01:59:48, Info:  Limiting number of clusters to 2147483646 
Fri Jun 07 01:59:48, Info:  Computing LTS weights. Done.  (113725 reductions.)
Fri Jun 07 01:59:48, Info:  Using the Parmetis partition library and strategy. 
Fri Jun 07 01:59:51, Info:  PUML mesh read in: 8.2879 s (min: 8.2046 s, max: 8.3846 s)
Fri Jun 07 01:59:51, Info:  The mesh has been read. Starting post processing. 
Fri Jun 07 01:59:51, Info:  Extracting fault information. 
Fri Jun 07 01:59:51, Info:  Exchanging ghostlayer metadata. 
Fri Jun 07 01:59:53, Info:  Mesh initialized in: 9.9179 s (min: 9.9177 s, max: 9.9183 s)
Fri Jun 07 01:59:53, Info:  End init mesh. 
Fri Jun 07 01:59:53, Info:  Begin init model. 
Fri Jun 07 01:59:53, Info:  Initialize LTS. 
Fri Jun 07 01:59:53, Info:  Deriving clusters ids for min. time step width / multiRate: 0.000160691 / 2 
Fri Jun 07 01:59:53, Info:  Due to wiggle factor of 1 the minimum timestep size is reduced to 0.000160691 
Fri Jun 07 01:59:53, Info:  Number of elements in time clusters: 
Fri Jun 07 01:59:53, Info:  0: 206 
Fri Jun 07 01:59:53, Info:  1: 46408 
Fri Jun 07 01:59:53, Info:  2: 1359891 
Fri Jun 07 01:59:53, Info:  3: 972785 
Fri Jun 07 01:59:53, Info:  4: 240660 
Fri Jun 07 01:59:53, Info:  5: 57262 
Fri Jun 07 01:59:53, Info:  6: 14346 
Fri Jun 07 01:59:53, Info:  7: 6539 
Fri Jun 07 01:59:53, Info:  8: 36729 
Fri Jun 07 01:59:53, Info:  9: 5697 
Fri Jun 07 01:59:53, Info:  maximum theoretical speedup (compared to GTS): 8.29988 per cell LTS, 5.45659 with the used clustering. 
Fri Jun 07 01:59:53, Info:  Number of elements in dynamic rupture time clusters: 
Fri Jun 07 01:59:53, Info:  0 (dr): 73 
Fri Jun 07 01:59:53, Info:  1 (dr): 14057 
Fri Jun 07 01:59:53, Info:  2 (dr): 324850 
Fri Jun 07 01:59:53, Info:  3 (dr): 46474 
Fri Jun 07 01:59:53, Info:  4 (dr): 0 
Fri Jun 07 01:59:53, Info:  5 (dr): 0 
Fri Jun 07 01:59:53, Info:  6 (dr): 0 
Fri Jun 07 01:59:53, Info:  7 (dr): 0 
Fri Jun 07 01:59:53, Info:  8 (dr): 0 
Fri Jun 07 01:59:53, Info:  9 (dr): 0 
Fri Jun 07 01:59:53, Info:  Initialize Friction Model 
Fri Jun 07 01:59:53, Info:  Initialize cell material parameters. 
Fri Jun 07 01:59:54, Info:  Initialize Memory layout. 
Fri Jun 07 01:59:55, Info:  Initialize cell-local matrices. 
Fri Jun 07 01:59:55, Info:  Initializing Fault, using a quadrature rule with  25  points. 
Fri Jun 07 01:59:57, Info:  Model initialized in: 4.6103 s (min: 4.6083 s, max: 4.6125 s)
Fri Jun 07 01:59:57, Info:  End init model. 
Fri Jun 07 01:59:57, Info:  Setting initial conditions. 
Fri Jun 07 01:59:57, Info:  Using initial condition "Zero" . 
Fri Jun 07 01:59:57, Info:  Reading source. 
Fri Jun 07 01:59:57, Info:  No source term specified. 
Fri Jun 07 01:59:57, Info:  Setting up boundary conditions. 
Fri Jun 07 01:59:57, Info:  Begin init output. 
Fri Jun 07 01:59:57, Info:  Initializing free surface integrator. 
Fri Jun 07 01:59:57, Info:  Initializing free surface integrator. Done. 
Fri Jun 07 01:59:57, Info:  Enabling 2D fault output 
Fri Jun 07 01:59:57, Info:  Initializing Fault output. Number of sub-triangles: 4 
Fri Jun 07 01:59:58, Info:  Initializing XDMF fault output. 
Fri Jun 07 01:59:58, Info:  Fault writer thread affinity: "----------|----------|----------|----------|-------7--|----------|----------|----------|----------|-----5" 
Fri Jun 07 01:59:58, Info:  Initializing XDMF fault output. Done. 
Fri Jun 07 01:59:58, Info:  Wave field writer thread affinity: "----------|----------|----------|----------|-------7--|----------|----------|----------|----------|-----5" 
Fri Jun 07 01:59:58, Info:  Initializing XDMF wave field output. 
Fri Jun 07 01:59:58, Info:  Refinement is turned off. 
Fri Jun 07 01:59:58, Info:  Refinement class initialized 
Fri Jun 07 01:59:58, Info:  VariableSubsampler initialized 
Fri Jun 07 01:59:58, Info:  High order output initialized 
Fri Jun 07 01:59:58, Info:  Initializing XDMF wave field output. Done. 
Fri Jun 07 01:59:58, Info:  Initializing free surface output. 
Fri Jun 07 01:59:58, Info:  Free surface writer thread affinity: "----------|----------|----------|----------|-------7--|----------|----------|----------|----------|-----5" 
Fri Jun 07 01:59:58, Info:  No record points read. 
Fri Jun 07 01:59:58, Info:  Finding meshIds for receivers... 
Fri Jun 07 01:59:58, Info:  Cleaning possible double occurring receivers for MPI... 
Fri Jun 07 01:59:58, Info:  Mapping receivers to LTS cells... 
Fri Jun 07 01:59:58, Info:  Initializing energy output. 
Fri Jun 07 01:59:58, Info:  End init output. 
Fri Jun 07 01:59:58, Info:  Initializing free surface output. Done. 
Fri Jun 07 01:59:58, Info:  Finishing initialization... 
Fri Jun 07 01:59:58, Info:  Starting simulation. 
Fri Jun 07 01:59:58, Info:  Writing faultoutput at time 0.
Fri Jun 07 01:59:58, Info:  Writing faultoutput at time 0. Done.
Fri Jun 07 01:59:58, Info:  Waiting for last wave field. 
Fri Jun 07 01:59:58, Info:  Writing wave field at time 0.
Fri Jun 07 01:59:58, Info:  Writing wave field at time 0. Done.
Fri Jun 07 01:59:58, Info:  Writing free surface at time 0.
Fri Jun 07 01:59:58, Info:  Writing free surface at time 0. Done.
Fri Jun 07 01:59:58, Info:  Writing energy output at time 0 
Fri Jun 07 01:59:58, Info:  Total momentum (X, Y, Z): 0  , 0  , 0 
Fri Jun 07 01:59:58, Info:  Writing energy output at time 0 Done. 
Fri Jun 07 01:59:58, Info:  Time spent for initial IO: 64.1198 ms (min: 52.4291 ms, max: 76.5014 ms)
Fri Jun 07 02:00:29, Info:  Writing energy output at time 0.5 
Fri Jun 07 02:00:29, Info:  Elastic energy (total, % kinematic, % potential):  2.7458e+16  , 45.2615  , 54.7385 
Fri Jun 07 02:00:29, Info:  Total momentum (X, Y, Z): 11.5234  , -4.75  , 6.5 
Fri Jun 07 02:00:29, Info:  Frictional work (total, % static, % radiated):  2.86691e+16  , 22.6692  , 77.3308 
Fri Jun 07 02:00:29, Info:  Seismic moment (without plasticity): 7.46183e+19  Mw: 7.17856 
Fri Jun 07 02:00:29, Info:  Writing energy output at time 0.5 Done. 
Fri Jun 07 02:00:29, Info:  Time spent this phase (total): 30.4533 s (min: 30.4323 s, max: 30.4749 s)
Fri Jun 07 02:00:29, Info:  Time spent this phase (compute): 30.3892 s (min: 30.3619 s, max: 30.4086 s)
Fri Jun 07 02:00:29, Info:  Time spent this phase (IO): 50.5231 ms (min: 39.3977 ms, max: 90.7680 ms)
Fri Jun 07 02:00:29, Info:  Performance since the start: 8.9069 TFLOP/s (rank 0: 544.5732 GFLOP/s , average over ranks: 556.6821 GFLOP/s ) 
Fri Jun 07 02:00:29, Info:  Performance since last sync point: 8.9069 TFLOP/s (rank 0: 544.5732 GFLOP/s , average over ranks: 556.6821 GFLOP/s ) 
Fri Jun 07 02:00:59, Info:  Writing energy output at time 1 
Fri Jun 07 02:00:59, Info:  Elastic energy (total, % kinematic, % potential):  2.72974e+16  , 41.0189  , 58.9811 
Fri Jun 07 02:00:59, Info:  Total momentum (X, Y, Z): 103.156  , -64.125  , -4.0625 
Fri Jun 07 02:00:59, Info:  Frictional work (total, % static, % radiated):  3.11401e+16  , 12.8931  , 87.1069 
Fri Jun 07 02:00:59, Info:  Seismic moment (without plasticity): 9.13341e+19  Mw: 7.23709 
Fri Jun 07 02:00:59, Info:  Writing energy output at time 1 Done. 
Fri Jun 07 02:00:59, Info:  Time spent this phase (total): 30.7465 s (min: 30.7214 s, max: 30.7726 s)
Fri Jun 07 02:00:59, Info:  Time spent this phase (compute): 30.7464 s (min: 30.7213 s, max: 30.7725 s)
Fri Jun 07 02:00:59, Info:  Time spent this phase (IO): 46.8164 ms (min: 39.2607 ms, max: 64.2855 ms)
Fri Jun 07 02:00:59, Info:  Performance since the start: 8.8643 TFLOP/s (rank 0: 542.1852 GFLOP/s , average over ranks: 554.0167 GFLOP/s ) 
Fri Jun 07 02:00:59, Info:  Performance since last sync point: 8.8220 TFLOP/s (rank 0: 539.8180 GFLOP/s , average over ranks: 551.3769 GFLOP/s ) 
Fri Jun 07 02:01:28, Info:  Writing energy output at time 1.5 
Fri Jun 07 02:01:28, Info:  Elastic energy (total, % kinematic, % potential):  2.53238e+16  , 39.3432  , 60.6568 
Fri Jun 07 02:01:28, Info:  Total momentum (X, Y, Z): 168.25  , 2.875  , 107.625 
Fri Jun 07 02:01:28, Info:  Frictional work (total, % static, % radiated):  3.11423e+16  , 15.1033  , 84.8967 
Fri Jun 07 02:01:28, Info:  Seismic moment (without plasticity): 9.13915e+19  Mw: 7.23727 
Fri Jun 07 02:01:28, Info:  Writing energy output at time 1.5 Done. 
Fri Jun 07 02:01:28, Info:  Time spent this phase (total): 28.5631 s (min: 28.5589 s, max: 28.5663 s)
Fri Jun 07 02:01:28, Info:  Time spent this phase (compute): 28.5630 s (min: 28.5588 s, max: 28.5663 s)
Fri Jun 07 02:01:28, Info:  Time spent this phase (IO): 48.1169 ms (min: 39.2251 ms, max: 71.5794 ms)
Fri Jun 07 02:01:28, Info:  Performance since the start: 9.0654 TFLOP/s (rank 0: 554.5277 GFLOP/s , average over ranks: 566.5878 GFLOP/s ) 
Fri Jun 07 02:01:28, Info:  Performance since last sync point: 9.4964 TFLOP/s (rank 0: 580.9791 GFLOP/s , average over ranks: 593.5228 GFLOP/s ) 
Fri Jun 07 02:01:57, Info:  Writing faultoutput at time 2.
Fri Jun 07 02:01:57, Info:  Writing faultoutput at time 2. Done.
Fri Jun 07 02:01:57, Info:  Wrote receivers in 3.4637e-05 seconds. 
Fri Jun 07 02:01:57, Info:  Writing energy output at time 2 
Fri Jun 07 02:01:57, Info:  Elastic energy (total, % kinematic, % potential):  2.34848e+16  , 37.981  , 62.019 
Fri Jun 07 02:01:57, Info:  Total momentum (X, Y, Z): 421.125  , 116  , 215 
Fri Jun 07 02:01:57, Info:  Frictional work (total, % static, % radiated):  3.11425e+16  , 15.8215  , 84.1785 
Fri Jun 07 02:01:57, Info:  Seismic moment (without plasticity): 9.14182e+19  Mw: 7.23736 
Fri Jun 07 02:01:57, Info:  Writing energy output at time 2 Done. 
Fri Jun 07 02:01:57, Info:  Time spent this phase (total): 28.7504 s (min: 28.7456 s, max: 28.7540 s)
Fri Jun 07 02:01:57, Info:  Time spent this phase (compute): 28.7503 s (min: 28.7455 s, max: 28.7539 s)
Fri Jun 07 02:01:57, Info:  Time spent this phase (IO): 51.1488 ms (min: 42.8769 ms, max: 72.2501 ms)
Fri Jun 07 02:01:57, Info:  Performance since the start: 9.1549 TFLOP/s (rank 0: 560.0390 GFLOP/s , average over ranks: 572.1840 GFLOP/s ) 
Fri Jun 07 02:01:57, Info:  Performance since last sync point: 9.4345 TFLOP/s (rank 0: 577.2502 GFLOP/s , average over ranks: 589.6563 GFLOP/s ) 
Fri Jun 07 02:01:57, Info:  Ignoring duplicate synchronisation point at time 2 ; the last sync point was at  2 
Fri Jun 07 02:01:57, Info:  Waiting for last wave field. 
Fri Jun 07 02:01:57, Info:  Writing wave field at time 2.
Fri Jun 07 02:01:57, Info:  Writing wave field at time 2. Done.
Fri Jun 07 02:01:57, Info:  Writing free surface at time 2.
Fri Jun 07 02:01:57, Info:  Writing free surface at time 2. Done.
Fri Jun 07 02:01:57, Info:  Ignoring duplicate synchronisation point at time 2 ; the last sync point was at  2 
Fri Jun 07 02:01:57, Info:  Ignoring duplicate synchronisation point at time 2 ; the last sync point was at  2 
Fri Jun 07 02:01:57, Info:  Simulation time (total): 1 min 58.5238 s (min: 1 min 58.5035 s, max: 1 min 58.5445 s)
Fri Jun 07 02:01:57, Info:  Simulation time (compute): 1 min 58.2523 s (min: 1 min 58.1570 s, max: 1 min 58.3034 s)
Fri Jun 07 02:01:57, Info:  Simulation time (IO): 260.4839 ms (min: 213.0572 ms, max: 374.5616 ms)
Fri Jun 07 02:01:57, Info:  Time spent in compute kernels: mean = 112.879  std = 2.0121  min = 109.73  median = 112.026  max = 116.158 
Fri Jun 07 02:01:57, Info:  Load imbalance: 2.82296 % 
Fri Jun 07 02:01:57, Info:  Regression analysis of compute kernels: 
Fri Jun 07 02:01:57, Info:  "computeLocalIntegration" (total time): 538.288 s ( = 8 min 58.2882 s ) 
Fri Jun 07 02:01:57, Info:  "computeLocalIntegration" ( constant ): 2.84691e-05 (sample size: 621096 , standard error: 1.63695e-11 ) 
Fri Jun 07 02:01:57, Info:  "computeLocalIntegration" ( per element ): 8.32146e-08 (sample size: 621096 , standard error: 1.63695e-11 ) 
Fri Jun 07 02:01:57, Info:  "computeNeighboringIntegration" (total time): 667.58 s ( = 11 min 7.5795 s ) 
Fri Jun 07 02:01:57, Info:  "computeNeighboringIntegration" ( constant ): 8.00324e-05 (sample size: 621096 , standard error: 2.37229e-11 ) 
Fri Jun 07 02:01:57, Info:  "computeNeighboringIntegration" ( per element ): 9.87616e-08 (sample size: 621096 , standard error: 2.37229e-11 ) 
Fri Jun 07 02:01:57, Info:  "computeDynamicRupture" (total time): 600.193 s ( = 10 min 193.4024 ms ) 
Fri Jun 07 02:01:57, Info:  "computeDynamicRupture" ( constant ): 7.75307e-05 (sample size: 487028 , standard error: 1.38328e-10 ) 
Fri Jun 07 02:01:57, Info:  "computeDynamicRupture" ( per element ): 4.80037e-07 (sample size: 487028 , standard error: 1.38328e-10 ) 
Fri Jun 07 02:01:57, Info:  "computePointSources" (total time): 0 s ( = 0.0000 s ) 
Fri Jun 07 02:01:57, Info:  "computePointSources" ( constant ): -nan (sample size: 0 , standard error: -nan ) 
Fri Jun 07 02:01:57, Info:  "computePointSources" ( per element ): -nan (sample size: 0 , standard error: -nan ) 
Fri Jun 07 02:01:57, Info:  Total time spent in compute kernels: 1806.06 s ( = 30 min 6.0612 s ) 
Fri Jun 07 02:01:57, Info:  Total calculated HW-FLOP:  1.0850 PFLOP 
Fri Jun 07 02:01:57, Info:  Total calculated NZ-FLOP:  431.7619 TFLOP 
Fri Jun 07 02:01:57, Info:  Total calculated HW-FLOP/s:  9.1526 TFLOP/s 
Fri Jun 07 02:01:57, Info:  Total calculated NZ-FLOP/s:  3.6422 TFLOP/s 
Fri Jun 07 02:01:57, Info:  WP calculated HW-FLOP:  901.9456 TFLOP 
Fri Jun 07 02:01:57, Info:  WP calculated NZ-FLOP:  295.6672 TFLOP 
Fri Jun 07 02:01:57, Info:  DR calculated HW-FLOP:  183.0353 TFLOP 
Fri Jun 07 02:01:57, Info:  DR calculated NZ-FLOP:  136.0948 TFLOP 
Fri Jun 07 02:01:57, Info:  PL calculated HW-FLOP:  0.0000 FLOP 
Fri Jun 07 02:01:57, Info:  PL calculated NZ-FLOP:  0.0000 FLOP 
Fri Jun 07 02:01:57, Info:  Time spent in simulation: 1 min 58.5454 s (min: 1 min 58.5453 s, max: 1 min 58.5472 s)
Fri Jun 07 02:01:57, Info:  Simulation done. 
Fri Jun 07 02:01:57, Info:  Closing IO. 
Fri Jun 07 02:01:57, Info:  Time wave field writer backend: 1.1327 s (min: 784.6354 ms, max: 2.1708 s)
Fri Jun 07 02:01:58, Info:  Time wave field writer frontend: 20.0236 ms (min: 17.8368 ms, max: 24.4080 ms)
Fri Jun 07 02:01:58, Info:  Time fault writer backend: 178.8342 ms (min: 72.9912 ms, max: 1.4371 s)
Fri Jun 07 02:01:58, Info:  Time free surface writer backend: 91.7496 ms (min: 89.3940 µs, max: 911.1054 ms)
Fri Jun 07 02:01:58, Info:  Time fault writer frontend: 1.9419 ms (min: 1.6662 ms, max: 2.1587 ms)
Fri Jun 07 02:01:58, Info:  Time free surface writer frontend: 211.5536 µs (min: 41.5750 µs, max: 490.1530 µs)
Fri Jun 07 02:01:58, Info:  SeisSol done. Goodbye. 
