Thu 22 Aug 2024 06:29:36 PM UTC
num_nodes: 16 ntasks: 16 cpus_per_task:
Line 63 replaced with: OutputFile='/hppfs/scratch/01/di35poq/haiti-rupture-outputs/dynamic-rupture-outputs/FL33-only/jobid_3795616'
Job log complete.
Starting SeisSol...
Thu Aug 22 20:29:38, Info:  Using the parameter file parameters.par 
Thu Aug 22 20:29:38, Info:  Reading SeisSol parameter file... 
Thu Aug 22 20:29:38, Info:  In your parameter file, you have specified a non-positive interval for "checkpointinterval" . This mechanism is deprecated and may be removed in a future version of SeisSol. Consider disabling the whole module by setting "checkpoint" to 0 instead by adding "checkpoint = 0" to the "output" section of your parameter file instead. 
Thu Aug 22 20:29:38, Info:  The field "printintervalcriterion" is no longer in use. You may safely remove it from your parameters file. 
Thu Aug 22 20:29:38, Info:  Disabling the wavefield output by setting "outputformat = 10" is deprecated and may be removed in a future version of SeisSol. Consider using the parameter "wavefieldoutput" instead. To disable wavefield output, add "wavefieldoutput = 0" to the "output" section of your parameters file. 
Thu Aug 22 20:29:38, Info:  The field "printintervalcriterion" is no longer in use. You may safely remove it from your parameters file. 
Thu Aug 22 20:29:38, Info:  The field "pickdttype" is no longer in use. You may safely remove it from your parameters file. 
Thu Aug 22 20:29:38, Info:  The field "faultoutputflag" is no longer in use. You may safely remove it from your parameters file. 
Thu Aug 22 20:29:38, Info:  The field "boundaries" is no longer in use. You may safely remove it from your parameters file. 
Thu Aug 22 20:29:38, Info:  SeisSol parameter file read successfully. 
Thu Aug 22 20:29:38, Info:  Model information: 
Thu Aug 22 20:29:38, Info:  Elastic model: yes 
Thu Aug 22 20:29:38, Info:  Viscoelastic model: no 
Thu Aug 22 20:29:38, Info:  Anelastic model: no 
Thu Aug 22 20:29:38, Info:  Poroelastic model: no 
Thu Aug 22 20:29:38, Info:  Anisotropic model: no 
Thu Aug 22 20:29:38, Info:  Plasticity: no 
Thu Aug 22 20:29:38, Info:  Welcome to SeisSol 
Thu Aug 22 20:29:38, Info:  Copyright (c) 2012 - 2024  SeisSol Group 
Thu Aug 22 20:29:38, Info:  Version: v1.1.4-148-g60aedc8c (dirty) 
Thu Aug 22 20:29:38, Info:  Built on: Jun 17 2024 21:03:35 
Thu Aug 22 20:29:38, Info:  Last commit: 60aedc8c2ae0a5d9e5a46cc3a40e4eaf1c047225 at 2024-06-06T12:54:08+00:00 
Thu Aug 22 20:29:38, Info:  Compiled with HOST_ARCH = skx 
Thu Aug 22 20:29:38, Info:  Running on (rank=0): "i01r01c03s01" 
Thu Aug 22 20:29:38, Info:  Using MPI with #ranks: 16 
Thu Aug 22 20:29:38, Info:  Node-wide (shared memory) MPI with #ranks/node: 1 
Thu Aug 22 20:29:38, Info:  Using asynchronous MPI routines. 
Thu Aug 22 20:29:38, Info:  Using OMP with #threads/rank: 94 
Thu Aug 22 20:29:38, Info:  OpenMP worker affinity (this process): "0123456789|0123456789|0123456789|0123456789|0123456-89|0123456789|0123456789|0123456789|0123456789|01234-" 
Thu Aug 22 20:29:38, Info:  OpenMP worker affinity (this node)   : "0123456789|0123456789|0123456789|0123456789|0123456-89|0123456789|0123456789|0123456789|0123456789|01234-" 
Thu Aug 22 20:29:38, Info:  Using a communication thread for advancing MPI communication. 
Thu Aug 22 20:29:38, Info:  Communication thread affinity        : "----------|----------|----------|----------|-------7--|----------|----------|----------|----------|-----5" 
Thu Aug 22 20:29:38, Info:  The stack size ulimit is 2097152 [kiB] ( = 2.0000 GiB ). 
Thu Aug 22 20:29:38, Info:  Begin init mesh. 
Thu Aug 22 20:29:38, Info:  Mesh file: "/dss/dsshome1/01/di35poq/mesh/mesh_v07/Haiti_v07_lowres" 
Thu Aug 22 20:29:38, Info:  Running mini SeisSol to determine node weights. 
Thu Aug 22 20:29:38, Info:  miniSeisSol configured with 50000 elements and 10 repeats per process 
Thu Aug 22 20:29:38, Info:  Node weights: mean = 41.272  std = 0.524402  min = 40.2042  median = 41.5177  max = 41.8561 
Thu Aug 22 20:29:38, Info:  Reading PUML mesh 
Thu Aug 22 20:29:38, Info:  Inferring boundary format. 
Thu Aug 22 20:29:38, Info:  Boundary format not given in PUML file; inferring from array shape. 
Thu Aug 22 20:29:38, Info:  Using boundary format: i32 (4xi8) 
Thu Aug 22 20:29:38, Info:  Found 2685422 cells 
Thu Aug 22 20:29:38, Info:  Found 477078 vertices 
Thu Aug 22 20:29:40, Info:  Computing LTS weights. 
Thu Aug 22 20:29:42, Info:  Limiting number of clusters to 2147483646 
Thu Aug 22 20:29:42, Info:  Computing LTS weights. Done.  (108216 reductions.)
Thu Aug 22 20:29:42, Info:  Using the Parmetis partition library and strategy. 
Thu Aug 22 20:29:46, Info:  PUML mesh read in: 7.7731 s (min: 7.7064 s, max: 7.9166 s)
Thu Aug 22 20:29:46, Info:  The mesh has been read. Starting post processing. 
Thu Aug 22 20:29:46, Info:  Extracting fault information. 
Thu Aug 22 20:29:46, Info:  Exchanging ghostlayer metadata. 
Thu Aug 22 20:29:47, Info:  Mesh initialized in: 9.7905 s (min: 9.7901 s, max: 9.7911 s)
Thu Aug 22 20:29:47, Info:  End init mesh. 
Thu Aug 22 20:29:47, Info:  Begin init model. 
Thu Aug 22 20:29:47, Info:  Initialize LTS. 
Thu Aug 22 20:29:47, Info:  Deriving clusters ids for min. time step width / multiRate: 0.000213316 / 2 
Thu Aug 22 20:29:47, Info:  Due to wiggle factor of 1 the minimum timestep size is reduced to 0.000213316 
Thu Aug 22 20:29:47, Info:  Number of elements in time clusters: 
Thu Aug 22 20:29:47, Info:  0: 2088 
Thu Aug 22 20:29:47, Info:  1: 265401 
Thu Aug 22 20:29:47, Info:  2: 1618976 
Thu Aug 22 20:29:47, Info:  3: 538212 
Thu Aug 22 20:29:47, Info:  4: 147352 
Thu Aug 22 20:29:47, Info:  5: 35652 
Thu Aug 22 20:29:47, Info:  6: 11329 
Thu Aug 22 20:29:47, Info:  7: 18592 
Thu Aug 22 20:29:47, Info:  8: 47781 
Thu Aug 22 20:29:47, Info:  9: 39 
Thu Aug 22 20:29:47, Info:  maximum theoretical speedup (compared to GTS): 6.4313 per cell LTS, 4.34786 with the used clustering. 
Thu Aug 22 20:29:47, Info:  Number of elements in dynamic rupture time clusters: 
Thu Aug 22 20:29:47, Info:  0 (dr): 618 
Thu Aug 22 20:29:47, Info:  1 (dr): 78843 
Thu Aug 22 20:29:47, Info:  2 (dr): 310020 
Thu Aug 22 20:29:47, Info:  3 (dr): 2512 
Thu Aug 22 20:29:47, Info:  4 (dr): 0 
Thu Aug 22 20:29:47, Info:  5 (dr): 0 
Thu Aug 22 20:29:47, Info:  6 (dr): 0 
Thu Aug 22 20:29:47, Info:  7 (dr): 0 
Thu Aug 22 20:29:47, Info:  8 (dr): 0 
Thu Aug 22 20:29:47, Info:  9 (dr): 0 
Thu Aug 22 20:29:47, Info:  Initialize Friction Model 
Thu Aug 22 20:29:49, Info:  Initialize cell material parameters. 
Thu Aug 22 20:29:50, Info:  Initialize Memory layout. 
Thu Aug 22 20:29:50, Info:  Initialize cell-local matrices. 
Thu Aug 22 20:29:51, Info:  Initializing Fault, using a quadrature rule with  25  points. 
Thu Aug 22 20:33:00, Info:  Model initialized in: 3 min 13.0180 s (min: 3 min 13.0138 s, max: 3 min 13.0210 s)
Thu Aug 22 20:33:00, Info:  End init model. 
Thu Aug 22 20:33:00, Info:  Setting initial conditions. 
Thu Aug 22 20:33:00, Info:  Using initial condition "Zero" . 
Thu Aug 22 20:33:00, Info:  Reading source. 
Thu Aug 22 20:33:00, Info:  No source term specified. 
Thu Aug 22 20:33:00, Info:  Setting up boundary conditions. 
Thu Aug 22 20:33:00, Info:  Begin init output. 
Thu Aug 22 20:33:00, Info:  Initializing free surface integrator. 
Thu Aug 22 20:33:00, Info:  Initializing free surface integrator. Done. 
Thu Aug 22 20:33:00, Info:  Enabling 2D fault output 
Thu Aug 22 20:33:00, Info:  Initializing Fault output. Number of sub-triangles: 4 
Thu Aug 22 20:33:01, Info:  Initializing XDMF fault output. 
Thu Aug 22 20:33:01, Info:  Fault writer thread affinity: "----------|----------|----------|----------|-------7--|----------|----------|----------|----------|-----5" 
Thu Aug 22 20:33:01, Info:  Initializing XDMF fault output. Done. 
Thu Aug 22 20:33:01, Info:  Initializing free surface output. 
Thu Aug 22 20:33:01, Info:  Free surface writer thread affinity: "----------|----------|----------|----------|-------7--|----------|----------|----------|----------|-----5" 
Thu Aug 22 20:33:01, Info:  No record points read. 
Thu Aug 22 20:33:01, Info:  Finding meshIds for receivers... 
Thu Aug 22 20:33:01, Info:  Cleaning possible double occurring receivers for MPI... 
Thu Aug 22 20:33:01, Info:  Mapping receivers to LTS cells... 
Thu Aug 22 20:33:01, Info:  Initializing energy output. 
Thu Aug 22 20:33:01, Info:  End init output. 
Thu Aug 22 20:33:01, Info:  Initializing free surface output. Done. 
Thu Aug 22 20:33:01, Info:  Finishing initialization... 
Thu Aug 22 20:33:01, Info:  Starting simulation. 
Thu Aug 22 20:33:01, Info:  Writing faultoutput at time 0.
Thu Aug 22 20:33:01, Info:  Writing faultoutput at time 0. Done.
Thu Aug 22 20:33:01, Info:  Writing free surface at time 0.
Thu Aug 22 20:33:01, Info:  Writing free surface at time 0. Done.
Thu Aug 22 20:33:01, Info:  Writing energy output at time 0 
Thu Aug 22 20:33:01, Info:  Total momentum (X, Y, Z): 0  , 0  , 0 
Thu Aug 22 20:33:01, Info:  Writing energy output at time 0 Done. 
Thu Aug 22 20:33:01, Info:  Time spent for initial IO: 54.0367 ms (min: 42.6245 ms, max: 68.6563 ms)
Thu Aug 22 20:33:28, Info:  Writing faultoutput at time 0.5.
Thu Aug 22 20:33:28, Info:  Writing faultoutput at time 0.5. Done.
Thu Aug 22 20:33:28, Info:  Writing energy output at time 0.5 
Thu Aug 22 20:33:28, Info:  Elastic energy (total, % kinematic, % potential):  2.58612e+11  , 24.8533  , 75.1467 
Thu Aug 22 20:33:28, Info:  Total momentum (X, Y, Z): 0.00340179  , 0.0030752  , -0.00104216 
Thu Aug 22 20:33:28, Info:  Frictional work (total, % static, % radiated):  2.61275e+11  , 73.1718  , 26.8282 
Thu Aug 22 20:33:28, Info:  Seismic moment (without plasticity): 7.18819e+15  Mw: 4.50108 
Thu Aug 22 20:33:28, Info:  Writing energy output at time 0.5 Done. 
Thu Aug 22 20:33:28, Info:  Time spent this phase (total): 26.9157 s (min: 26.8899 s, max: 26.9474 s)
Thu Aug 22 20:33:28, Info:  Time spent this phase (compute): 26.8617 s (min: 26.8349 s, max: 26.8883 s)
Thu Aug 22 20:33:28, Info:  Time spent this phase (IO): 48.3834 ms (min: 40.8393 ms, max: 61.7972 ms)
Thu Aug 22 20:33:28, Info:  Performance since the start: 9.3524 TFLOP/s (rank 0: 581.8552 GFLOP/s , average over ranks: 584.5279 GFLOP/s ) 
Thu Aug 22 20:33:28, Info:  Performance since last sync point: 9.3524 TFLOP/s (rank 0: 581.8552 GFLOP/s , average over ranks: 584.5279 GFLOP/s ) 
Thu Aug 22 20:33:55, Info:  Writing faultoutput at time 1.
Thu Aug 22 20:33:55, Info:  Writing faultoutput at time 1. Done.
Thu Aug 22 20:33:55, Info:  Writing free surface at time 1.
Thu Aug 22 20:33:55, Info:  Writing free surface at time 1. Done.
Thu Aug 22 20:33:55, Info:  Writing energy output at time 1 
Thu Aug 22 20:33:55, Info:  Elastic energy (total, % kinematic, % potential):  1.93024e+12  , 22.8864  , 77.1136 
Thu Aug 22 20:33:55, Info:  Total momentum (X, Y, Z): 0.293095  , 0.140556  , 0.0223274 
Thu Aug 22 20:33:55, Info:  Frictional work (total, % static, % radiated):  1.98804e+12  , 73.3447  , 26.6553 
Thu Aug 22 20:33:55, Info:  Seismic moment (without plasticity): 5.26309e+16  Mw: 5.07749 
Thu Aug 22 20:33:55, Info:  Writing energy output at time 1 Done. 
Thu Aug 22 20:33:55, Info:  Time spent this phase (total): 26.8613 s (min: 26.8329 s, max: 26.8807 s)
Thu Aug 22 20:33:55, Info:  Time spent this phase (compute): 26.8611 s (min: 26.8327 s, max: 26.8805 s)
Thu Aug 22 20:33:55, Info:  Time spent this phase (IO): 50.3926 ms (min: 40.6024 ms, max: 65.3285 ms)
Thu Aug 22 20:33:55, Info:  Performance since the start: 9.3619 TFLOP/s (rank 0: 582.8752 GFLOP/s , average over ranks: 585.1189 GFLOP/s ) 
Thu Aug 22 20:33:55, Info:  Performance since last sync point: 9.3714 TFLOP/s (rank 0: 583.8987 GFLOP/s , average over ranks: 585.7113 GFLOP/s ) 
Thu Aug 22 20:34:21, Info:  Writing faultoutput at time 1.5.
Thu Aug 22 20:34:21, Info:  Writing faultoutput at time 1.5. Done.
Thu Aug 22 20:34:21, Info:  Writing energy output at time 1.5 
Thu Aug 22 20:34:21, Info:  Elastic energy (total, % kinematic, % potential):  5.31084e+12  , 19.5889  , 80.4111 
Thu Aug 22 20:34:21, Info:  Total momentum (X, Y, Z): 0.0673676  , -0.109619  , 0.053894 
Thu Aug 22 20:34:21, Info:  Frictional work (total, % static, % radiated):  5.48152e+12  , 75.1639  , 24.8361 
Thu Aug 22 20:34:21, Info:  Seismic moment (without plasticity): 1.51147e+17  Mw: 5.38293 
Thu Aug 22 20:34:21, Info:  Writing energy output at time 1.5 Done. 
Thu Aug 22 20:34:21, Info:  Time spent this phase (total): 26.7795 s (min: 26.7595 s, max: 26.8052 s)
Thu Aug 22 20:34:21, Info:  Time spent this phase (compute): 26.7794 s (min: 26.7595 s, max: 26.8051 s)
Thu Aug 22 20:34:21, Info:  Time spent this phase (IO): 48.5983 ms (min: 40.7582 ms, max: 62.2855 ms)
Thu Aug 22 20:34:21, Info:  Performance since the start: 9.3746 TFLOP/s (rank 0: 583.7859 GFLOP/s , average over ranks: 585.9100 GFLOP/s ) 
Thu Aug 22 20:34:21, Info:  Performance since last sync point: 9.4000 TFLOP/s (rank 0: 585.6160 GFLOP/s , average over ranks: 587.4988 GFLOP/s ) 
Thu Aug 22 20:34:48, Info:  Writing faultoutput at time 2.
Thu Aug 22 20:34:48, Info:  Writing faultoutput at time 2. Done.
Thu Aug 22 20:34:48, Info:  Writing free surface at time 2.
Thu Aug 22 20:34:48, Info:  Writing free surface at time 2. Done.
Thu Aug 22 20:34:48, Info:  Writing energy output at time 2 
Thu Aug 22 20:34:48, Info:  Elastic energy (total, % kinematic, % potential):  9.41302e+12  , 14.3729  , 85.6271 
Thu Aug 22 20:34:48, Info:  Total momentum (X, Y, Z): 0.467041  , -0.418945  , -0.0527344 
Thu Aug 22 20:34:48, Info:  Frictional work (total, % static, % radiated):  9.74395e+12  , 77.0823  , 22.9177 
Thu Aug 22 20:34:48, Info:  Seismic moment (without plasticity): 2.7642e+17  Mw: 5.55771 
Thu Aug 22 20:34:48, Info:  Writing energy output at time 2 Done. 
Thu Aug 22 20:34:48, Info:  Time spent this phase (total): 26.7420 s (min: 26.7187 s, max: 26.7595 s)
Thu Aug 22 20:34:48, Info:  Time spent this phase (compute): 26.7419 s (min: 26.7187 s, max: 26.7594 s)
Thu Aug 22 20:34:48, Info:  Time spent this phase (IO): 49.6684 ms (min: 40.5835 ms, max: 61.5936 ms)
Thu Aug 22 20:34:48, Info:  Performance since the start: 9.3842 TFLOP/s (rank 0: 584.3794 GFLOP/s , average over ranks: 586.5115 GFLOP/s ) 
Thu Aug 22 20:34:48, Info:  Performance since last sync point: 9.4132 TFLOP/s (rank 0: 586.1672 GFLOP/s , average over ranks: 588.3235 GFLOP/s ) 
Thu Aug 22 20:35:15, Info:  Writing faultoutput at time 2.5.
Thu Aug 22 20:35:15, Info:  Writing faultoutput at time 2.5. Done.
Thu Aug 22 20:35:15, Info:  Writing energy output at time 2.5 
Thu Aug 22 20:35:15, Info:  Elastic energy (total, % kinematic, % potential):  1.26096e+13  , 9.20154  , 90.7985 
Thu Aug 22 20:35:15, Info:  Total momentum (X, Y, Z): -3.1748  , 0.313477  , 0.746704 
Thu Aug 22 20:35:15, Info:  Frictional work (total, % static, % radiated):  1.30659e+13  , 78.1723  , 21.8277 
Thu Aug 22 20:35:15, Info:  Seismic moment (without plasticity): 3.73611e+17  Mw: 5.64495 
Thu Aug 22 20:35:15, Info:  Writing energy output at time 2.5 Done. 
Thu Aug 22 20:35:15, Info:  Time spent this phase (total): 26.8081 s (min: 26.7969 s, max: 26.8134 s)
Thu Aug 22 20:35:15, Info:  Time spent this phase (compute): 26.8080 s (min: 26.7968 s, max: 26.8131 s)
Thu Aug 22 20:35:15, Info:  Time spent this phase (IO): 48.3325 ms (min: 40.7871 ms, max: 61.6396 ms)
Thu Aug 22 20:35:15, Info:  Performance since the start: 9.3853 TFLOP/s (rank 0: 584.4559 GFLOP/s , average over ranks: 586.5836 GFLOP/s ) 
Thu Aug 22 20:35:15, Info:  Performance since last sync point: 9.3900 TFLOP/s (rank 0: 584.7620 GFLOP/s , average over ranks: 586.8723 GFLOP/s ) 
Thu Aug 22 20:35:42, Info:  Writing faultoutput at time 3.
Thu Aug 22 20:35:42, Info:  Writing faultoutput at time 3. Done.
Thu Aug 22 20:35:42, Info:  Writing free surface at time 3.
Thu Aug 22 20:35:42, Info:  Writing free surface at time 3. Done.
Thu Aug 22 20:35:42, Info:  Writing energy output at time 3 
Thu Aug 22 20:35:42, Info:  Elastic energy (total, % kinematic, % potential):  1.41478e+13  , 6.3082  , 93.6918 
Thu Aug 22 20:35:42, Info:  Total momentum (X, Y, Z): -10.2773  , -1.75  , 2.57751 
Thu Aug 22 20:35:42, Info:  Frictional work (total, % static, % radiated):  1.46766e+13  , 79.3086  , 20.6914 
Thu Aug 22 20:35:42, Info:  Seismic moment (without plasticity): 4.25011e+17  Mw: 5.68227 
Thu Aug 22 20:35:42, Info:  Writing energy output at time 3 Done. 
Thu Aug 22 20:35:42, Info:  Time spent this phase (total): 26.7830 s (min: 26.7791 s, max: 26.8009 s)
Thu Aug 22 20:35:42, Info:  Time spent this phase (compute): 26.7830 s (min: 26.7787 s, max: 26.8008 s)
Thu Aug 22 20:35:42, Info:  Time spent this phase (IO): 50.7703 ms (min: 40.8565 ms, max: 67.6558 ms)
Thu Aug 22 20:35:42, Info:  Performance since the start: 9.3876 TFLOP/s (rank 0: 584.6318 GFLOP/s , average over ranks: 586.7232 GFLOP/s ) 
Thu Aug 22 20:35:42, Info:  Performance since last sync point: 9.3988 TFLOP/s (rank 0: 585.5128 GFLOP/s , average over ranks: 587.4224 GFLOP/s ) 
Thu Aug 22 20:36:09, Info:  Writing faultoutput at time 3.5.
Thu Aug 22 20:36:09, Info:  Writing faultoutput at time 3.5. Done.
Thu Aug 22 20:36:09, Info:  Writing energy output at time 3.5 
Thu Aug 22 20:36:09, Info:  Elastic energy (total, % kinematic, % potential):  1.4604e+13  , 5.23251  , 94.7675 
Thu Aug 22 20:36:09, Info:  Total momentum (X, Y, Z): -14.5508  , -0.382812  , 4.87622 
Thu Aug 22 20:36:09, Info:  Frictional work (total, % static, % radiated):  1.51631e+13  , 81.6069  , 18.3931 
Thu Aug 22 20:36:09, Info:  Seismic moment (without plasticity): 4.4551e+17  Mw: 5.6959 
Thu Aug 22 20:36:09, Info:  Writing energy output at time 3.5 Done. 
Thu Aug 22 20:36:09, Info:  Time spent this phase (total): 26.7656 s (min: 26.7474 s, max: 26.7705 s)
Thu Aug 22 20:36:09, Info:  Time spent this phase (compute): 26.7655 s (min: 26.7473 s, max: 26.7702 s)
Thu Aug 22 20:36:09, Info:  Time spent this phase (IO): 48.4915 ms (min: 40.8974 ms, max: 61.9839 ms)
Thu Aug 22 20:36:09, Info:  Performance since the start: 9.3900 TFLOP/s (rank 0: 584.7840 GFLOP/s , average over ranks: 586.8774 GFLOP/s ) 
Thu Aug 22 20:36:09, Info:  Performance since last sync point: 9.4049 TFLOP/s (rank 0: 585.6992 GFLOP/s , average over ranks: 587.8042 GFLOP/s ) 
Thu Aug 22 20:36:35, Info:  Writing faultoutput at time 4.
Thu Aug 22 20:36:35, Info:  Writing faultoutput at time 4. Done.
Thu Aug 22 20:36:35, Info:  Writing free surface at time 4.
Thu Aug 22 20:36:35, Info:  Writing free surface at time 4. Done.
Thu Aug 22 20:36:35, Info:  Writing energy output at time 4 
Thu Aug 22 20:36:35, Info:  Elastic energy (total, % kinematic, % potential):  1.47165e+13  , 4.909  , 95.091 
Thu Aug 22 20:36:35, Info:  Total momentum (X, Y, Z): -16.0586  , 0.5  , 7.12207 
Thu Aug 22 20:36:35, Info:  Frictional work (total, % static, % radiated):  1.52917e+13  , 83.8909  , 16.1091 
Thu Aug 22 20:36:35, Info:  Seismic moment (without plasticity): 4.5487e+17  Mw: 5.70192 
Thu Aug 22 20:36:35, Info:  Writing energy output at time 4 Done. 
Thu Aug 22 20:36:35, Info:  Time spent this phase (total): 26.8216 s (min: 26.8112 s, max: 26.8398 s)
Thu Aug 22 20:36:35, Info:  Time spent this phase (compute): 26.8215 s (min: 26.8112 s, max: 26.8398 s)
Thu Aug 22 20:36:35, Info:  Time spent this phase (IO): 51.4202 ms (min: 40.8050 ms, max: 68.1950 ms)
Thu Aug 22 20:36:35, Info:  Performance since the start: 9.3894 TFLOP/s (rank 0: 584.7509 GFLOP/s , average over ranks: 586.8399 GFLOP/s ) 
Thu Aug 22 20:36:35, Info:  Performance since last sync point: 9.3852 TFLOP/s (rank 0: 584.5192 GFLOP/s , average over ranks: 586.5776 GFLOP/s ) 
Thu Aug 22 20:37:02, Info:  Writing faultoutput at time 4.5.
Thu Aug 22 20:37:02, Info:  Writing faultoutput at time 4.5. Done.
Thu Aug 22 20:37:02, Info:  Writing energy output at time 4.5 
Thu Aug 22 20:37:02, Info:  Elastic energy (total, % kinematic, % potential):  1.47467e+13  , 4.73074  , 95.2693 
Thu Aug 22 20:37:02, Info:  Total momentum (X, Y, Z): -17.9219  , 0.585938  , 16.6528 
Thu Aug 22 20:37:02, Info:  Frictional work (total, % static, % radiated):  1.53311e+13  , 85.2553  , 14.7447 
Thu Aug 22 20:37:02, Info:  Seismic moment (without plasticity): 4.60744e+17  Mw: 5.70564 
Thu Aug 22 20:37:02, Info:  Writing energy output at time 4.5 Done. 
Thu Aug 22 20:37:02, Info:  Time spent this phase (total): 26.7889 s (min: 26.7489 s, max: 26.8447 s)
Thu Aug 22 20:37:02, Info:  Time spent this phase (compute): 26.7888 s (min: 26.7489 s, max: 26.8447 s)
Thu Aug 22 20:37:02, Info:  Time spent this phase (IO): 54.5527 ms (min: 40.8535 ms, max: 119.4247 ms)
Thu Aug 22 20:37:02, Info:  Performance since the start: 9.3902 TFLOP/s (rank 0: 584.7797 GFLOP/s , average over ranks: 586.8901 GFLOP/s ) 
Thu Aug 22 20:37:02, Info:  Performance since last sync point: 9.3967 TFLOP/s (rank 0: 585.0103 GFLOP/s , average over ranks: 587.2923 GFLOP/s ) 
Thu Aug 22 20:37:29, Info:  Writing faultoutput at time 5.
Thu Aug 22 20:37:29, Info:  Writing faultoutput at time 5. Done.
Thu Aug 22 20:37:29, Info:  Writing free surface at time 5.
Thu Aug 22 20:37:29, Info:  Writing free surface at time 5. Done.
Thu Aug 22 20:37:29, Info:  Writing energy output at time 5 
Thu Aug 22 20:37:29, Info:  Elastic energy (total, % kinematic, % potential):  1.47892e+13  , 4.61819  , 95.3818 
Thu Aug 22 20:37:29, Info:  Total momentum (X, Y, Z): -26.0176  , 11.2422  , -35.0034 
Thu Aug 22 20:37:29, Info:  Frictional work (total, % static, % radiated):  1.53863e+13  , 85.8237  , 14.1763 
Thu Aug 22 20:37:29, Info:  Seismic moment (without plasticity): 4.6495e+17  Mw: 5.70827 
Thu Aug 22 20:37:29, Info:  Writing energy output at time 5 Done. 
Thu Aug 22 20:37:29, Info:  Time spent this phase (total): 26.7229 s (min: 26.6657 s, max: 26.7646 s)
Thu Aug 22 20:37:29, Info:  Time spent this phase (compute): 26.7229 s (min: 26.6656 s, max: 26.7645 s)
Thu Aug 22 20:37:29, Info:  Time spent this phase (IO): 51.3947 ms (min: 40.9707 ms, max: 69.7981 ms)
Thu Aug 22 20:37:29, Info:  Performance since the start: 9.3932 TFLOP/s (rank 0: 585.0076 GFLOP/s , average over ranks: 587.0750 GFLOP/s ) 
Thu Aug 22 20:37:29, Info:  Performance since last sync point: 9.4199 TFLOP/s (rank 0: 587.0668 GFLOP/s , average over ranks: 588.7458 GFLOP/s ) 
Thu Aug 22 20:37:56, Info:  Writing faultoutput at time 5.5.
Thu Aug 22 20:37:56, Info:  Writing faultoutput at time 5.5. Done.
Thu Aug 22 20:37:56, Info:  Writing energy output at time 5.5 
Thu Aug 22 20:37:56, Info:  Elastic energy (total, % kinematic, % potential):  1.48472e+13  , 4.49915  , 95.5008 
Thu Aug 22 20:37:56, Info:  Total momentum (X, Y, Z): 5.32031  , -28.332  , 126.628 
Thu Aug 22 20:37:56, Info:  Frictional work (total, % static, % radiated):  1.54584e+13  , 85.9561  , 14.0439 
Thu Aug 22 20:37:56, Info:  Seismic moment (without plasticity): 4.68718e+17  Mw: 5.71061 
Thu Aug 22 20:37:56, Info:  Writing energy output at time 5.5 Done. 
Thu Aug 22 20:37:56, Info:  Time spent this phase (total): 26.8400 s (min: 26.8203 s, max: 26.8433 s)
Thu Aug 22 20:37:56, Info:  Time spent this phase (compute): 26.8399 s (min: 26.8202 s, max: 26.8432 s)
Thu Aug 22 20:37:56, Info:  Time spent this phase (IO): 48.3760 ms (min: 40.8514 ms, max: 62.1568 ms)
Thu Aug 22 20:37:56, Info:  Performance since the start: 9.3919 TFLOP/s (rank 0: 584.9392 GFLOP/s , average over ranks: 586.9930 GFLOP/s ) 
Thu Aug 22 20:37:56, Info:  Performance since last sync point: 9.3788 TFLOP/s (rank 0: 584.2558 GFLOP/s , average over ranks: 586.1736 GFLOP/s ) 
Thu Aug 22 20:38:22, Info:  Writing faultoutput at time 6.
Thu Aug 22 20:38:22, Info:  Writing faultoutput at time 6. Done.
Thu Aug 22 20:38:22, Info:  Writing free surface at time 6.
Thu Aug 22 20:38:22, Info:  Writing free surface at time 6. Done.
Thu Aug 22 20:38:22, Info:  Writing energy output at time 6 
Thu Aug 22 20:38:22, Info:  Elastic energy (total, % kinematic, % potential):  1.49147e+13  , 4.3417  , 95.6583 
Thu Aug 22 20:38:22, Info:  Total momentum (X, Y, Z): -135.616  , 106.32  , -30.4314 
Thu Aug 22 20:38:22, Info:  Frictional work (total, % static, % radiated):  1.55367e+13  , 86.0109  , 13.9891 
Thu Aug 22 20:38:22, Info:  Seismic moment (without plasticity): 4.71924e+17  Mw: 5.71258 
Thu Aug 22 20:38:22, Info:  Writing energy output at time 6 Done. 
Thu Aug 22 20:38:22, Info:  Time spent this phase (total): 26.6848 s (min: 26.6607 s, max: 26.7205 s)
Thu Aug 22 20:38:22, Info:  Time spent this phase (compute): 26.6847 s (min: 26.6606 s, max: 26.7204 s)
Thu Aug 22 20:38:22, Info:  Time spent this phase (IO): 54.8784 ms (min: 40.8656 ms, max: 72.5836 ms)
Thu Aug 22 20:38:22, Info:  Performance since the start: 9.3953 TFLOP/s (rank 0: 585.1730 GFLOP/s , average over ranks: 587.2080 GFLOP/s ) 
Thu Aug 22 20:38:22, Info:  Performance since last sync point: 9.4333 TFLOP/s (rank 0: 587.7573 GFLOP/s , average over ranks: 589.5839 GFLOP/s ) 
Thu Aug 22 20:38:49, Info:  Writing faultoutput at time 6.5.
Thu Aug 22 20:38:49, Info:  Writing faultoutput at time 6.5. Done.
Thu Aug 22 20:38:49, Info:  Writing energy output at time 6.5 
Thu Aug 22 20:38:49, Info:  Elastic energy (total, % kinematic, % potential):  1.49612e+13  , 4.29199  , 95.708 
Thu Aug 22 20:38:49, Info:  Total momentum (X, Y, Z): 387.031  , -244.016  , -1276.12 
Thu Aug 22 20:38:49, Info:  Frictional work (total, % static, % radiated):  1.55994e+13  , 86.0195  , 13.9805 
Thu Aug 22 20:38:49, Info:  Seismic moment (without plasticity): 4.74295e+17  Mw: 5.71403 
Thu Aug 22 20:38:49, Info:  Writing energy output at time 6.5 Done. 
Thu Aug 22 20:38:49, Info:  Time spent this phase (total): 26.6575 s (min: 26.6288 s, max: 26.6774 s)
Thu Aug 22 20:38:49, Info:  Time spent this phase (compute): 26.6575 s (min: 26.6288 s, max: 26.6773 s)
Thu Aug 22 20:38:49, Info:  Time spent this phase (IO): 48.3354 ms (min: 40.6111 ms, max: 62.1536 ms)
Thu Aug 22 20:38:49, Info:  Performance since the start: 9.3990 TFLOP/s (rank 0: 585.3932 GFLOP/s , average over ranks: 587.4361 GFLOP/s ) 
Thu Aug 22 20:38:49, Info:  Performance since last sync point: 9.4430 TFLOP/s (rank 0: 588.0485 GFLOP/s , average over ranks: 590.1870 GFLOP/s ) 
Thu Aug 22 20:39:16, Info:  Writing faultoutput at time 7.
Thu Aug 22 20:39:16, Info:  Writing faultoutput at time 7. Done.
Thu Aug 22 20:39:16, Info:  Writing free surface at time 7.
Thu Aug 22 20:39:16, Info:  Writing free surface at time 7. Done.
Thu Aug 22 20:39:16, Info:  Writing energy output at time 7 
Thu Aug 22 20:39:16, Info:  Elastic energy (total, % kinematic, % potential):  1.49994e+13  , 4.25363  , 95.7464 
Thu Aug 22 20:39:16, Info:  Total momentum (X, Y, Z): -1452.78  , 773.016  , 7239.94 
Thu Aug 22 20:39:16, Info:  Frictional work (total, % static, % radiated):  1.56504e+13  , 86.1058  , 13.8942 
Thu Aug 22 20:39:16, Info:  Seismic moment (without plasticity): 4.76336e+17  Mw: 5.71528 
Thu Aug 22 20:39:16, Info:  Writing energy output at time 7 Done. 
Thu Aug 22 20:39:16, Info:  Time spent this phase (total): 26.6911 s (min: 26.6822 s, max: 26.7125 s)
Thu Aug 22 20:39:16, Info:  Time spent this phase (compute): 26.6910 s (min: 26.6821 s, max: 26.7125 s)
Thu Aug 22 20:39:16, Info:  Time spent this phase (IO): 50.4717 ms (min: 40.8753 ms, max: 66.2062 ms)
Thu Aug 22 20:39:16, Info:  Performance since the start: 9.4013 TFLOP/s (rank 0: 585.5423 GFLOP/s , average over ranks: 587.5792 GFLOP/s ) 
Thu Aug 22 20:39:16, Info:  Performance since last sync point: 9.4311 TFLOP/s (rank 0: 587.4883 GFLOP/s , average over ranks: 589.4461 GFLOP/s ) 
Thu Aug 22 20:39:43, Info:  Writing faultoutput at time 7.5.
Thu Aug 22 20:39:43, Info:  Writing faultoutput at time 7.5. Done.
Thu Aug 22 20:39:43, Info:  Writing energy output at time 7.5 
Thu Aug 22 20:39:43, Info:  Elastic energy (total, % kinematic, % potential):  1.50179e+13  , 4.19354  , 95.8065 
Thu Aug 22 20:39:43, Info:  Total momentum (X, Y, Z): 4401.93  , -2778.88  , -20909.1 
Thu Aug 22 20:39:43, Info:  Frictional work (total, % static, % radiated):  1.56836e+13  , 86.3021  , 13.6979 
Thu Aug 22 20:39:43, Info:  Seismic moment (without plasticity): 4.77939e+17  Mw: 5.71625 
Thu Aug 22 20:39:43, Info:  Writing energy output at time 7.5 Done. 
Thu Aug 22 20:39:43, Info:  Time spent this phase (total): 26.8816 s (min: 26.8635 s, max: 26.8917 s)
Thu Aug 22 20:39:43, Info:  Time spent this phase (compute): 26.8812 s (min: 26.8635 s, max: 26.8916 s)
Thu Aug 22 20:39:43, Info:  Time spent this phase (IO): 48.3457 ms (min: 40.8420 ms, max: 61.1354 ms)
Thu Aug 22 20:39:43, Info:  Performance since the start: 9.3988 TFLOP/s (rank 0: 585.3866 GFLOP/s , average over ranks: 587.4245 GFLOP/s ) 
Thu Aug 22 20:39:43, Info:  Performance since last sync point: 9.3643 TFLOP/s (rank 0: 583.2151 GFLOP/s , average over ranks: 585.2675 GFLOP/s ) 
Thu Aug 22 20:40:09, Info:  Writing faultoutput at time 8.
Thu Aug 22 20:40:09, Info:  Writing faultoutput at time 8. Done.
Thu Aug 22 20:40:09, Info:  Writing free surface at time 8.
Thu Aug 22 20:40:09, Info:  Writing free surface at time 8. Done.
Thu Aug 22 20:40:09, Info:  Writing energy output at time 8 
Thu Aug 22 20:40:09, Info:  Elastic energy (total, % kinematic, % potential):  1.50456e+13  , 4.14803  , 95.852 
Thu Aug 22 20:40:09, Info:  Total momentum (X, Y, Z): -11076.1  , 8470.01  , 25335.4 
Thu Aug 22 20:40:09, Info:  Frictional work (total, % static, % radiated):  1.57238e+13  , 86.3879  , 13.6121 
Thu Aug 22 20:40:09, Info:  Seismic moment (without plasticity): 4.79393e+17  Mw: 5.71713 
Thu Aug 22 20:40:09, Info:  Writing energy output at time 8 Done. 
Thu Aug 22 20:40:09, Info:  Time spent this phase (total): 26.7646 s (min: 26.7543 s, max: 26.7842 s)
Thu Aug 22 20:40:09, Info:  Time spent this phase (compute): 26.7645 s (min: 26.7542 s, max: 26.7842 s)
Thu Aug 22 20:40:09, Info:  Time spent this phase (IO): 50.7624 ms (min: 40.8698 ms, max: 67.5265 ms)
Thu Aug 22 20:40:09, Info:  Performance since the start: 9.3992 TFLOP/s (rank 0: 585.4162 GFLOP/s , average over ranks: 587.4497 GFLOP/s ) 
Thu Aug 22 20:40:09, Info:  Performance since last sync point: 9.4053 TFLOP/s (rank 0: 585.8601 GFLOP/s , average over ranks: 587.8283 GFLOP/s ) 
Thu Aug 22 20:40:36, Info:  Writing faultoutput at time 8.5.
Thu Aug 22 20:40:36, Info:  Writing faultoutput at time 8.5. Done.
Thu Aug 22 20:40:36, Info:  Writing energy output at time 8.5 
Thu Aug 22 20:40:36, Info:  Elastic energy (total, % kinematic, % potential):  1.50639e+13  , 4.11478  , 95.8852 
Thu Aug 22 20:40:36, Info:  Total momentum (X, Y, Z): 21050.7  , -16986.6  , 68647.8 
Thu Aug 22 20:40:36, Info:  Frictional work (total, % static, % radiated):  1.57572e+13  , 86.3505  , 13.6495 
Thu Aug 22 20:40:36, Info:  Seismic moment (without plasticity): 4.80703e+17  Mw: 5.71792 
Thu Aug 22 20:40:36, Info:  Writing energy output at time 8.5 Done. 
Thu Aug 22 20:40:36, Info:  Time spent this phase (total): 26.7098 s (min: 26.6926 s, max: 26.7145 s)
Thu Aug 22 20:40:36, Info:  Time spent this phase (compute): 26.7098 s (min: 26.6926 s, max: 26.7142 s)
Thu Aug 22 20:40:36, Info:  Time spent this phase (IO): 48.8234 ms (min: 40.7225 ms, max: 68.6115 ms)
Thu Aug 22 20:40:36, Info:  Performance since the start: 9.4007 TFLOP/s (rank 0: 585.5048 GFLOP/s , average over ranks: 587.5425 GFLOP/s ) 
Thu Aug 22 20:40:36, Info:  Performance since last sync point: 9.4245 TFLOP/s (rank 0: 586.9267 GFLOP/s , average over ranks: 589.0307 GFLOP/s ) 
Thu Aug 22 20:41:03, Info:  Writing faultoutput at time 9.
Thu Aug 22 20:41:03, Info:  Writing faultoutput at time 9. Done.
Thu Aug 22 20:41:03, Info:  Writing free surface at time 9.
Thu Aug 22 20:41:03, Info:  Writing free surface at time 9. Done.
Thu Aug 22 20:41:03, Info:  Writing energy output at time 9 
Thu Aug 22 20:41:03, Info:  Elastic energy (total, % kinematic, % potential):  1.50776e+13  , 4.07156  , 95.9284 
Thu Aug 22 20:41:03, Info:  Total momentum (X, Y, Z): -28762.1  , 22064  , -506319 
Thu Aug 22 20:41:03, Info:  Frictional work (total, % static, % radiated):  1.57891e+13  , 86.3515  , 13.6485 
Thu Aug 22 20:41:03, Info:  Seismic moment (without plasticity): 4.81959e+17  Mw: 5.71867 
Thu Aug 22 20:41:03, Info:  Writing energy output at time 9 Done. 
Thu Aug 22 20:41:03, Info:  Time spent this phase (total): 26.6442 s (min: 26.6040 s, max: 26.6973 s)
Thu Aug 22 20:41:03, Info:  Time spent this phase (compute): 26.6441 s (min: 26.6039 s, max: 26.6973 s)
Thu Aug 22 20:41:03, Info:  Time spent this phase (IO): 54.6746 ms (min: 41.0658 ms, max: 83.0952 ms)
Thu Aug 22 20:41:03, Info:  Performance since the start: 9.4033 TFLOP/s (rank 0: 585.6848 GFLOP/s , average over ranks: 587.7050 GFLOP/s ) 
Thu Aug 22 20:41:03, Info:  Performance since last sync point: 9.4477 TFLOP/s (rank 0: 588.7617 GFLOP/s , average over ranks: 590.4823 GFLOP/s ) 
Thu Aug 22 20:41:30, Info:  Writing faultoutput at time 9.5.
Thu Aug 22 20:41:30, Info:  Writing faultoutput at time 9.5. Done.
Thu Aug 22 20:41:30, Info:  Writing energy output at time 9.5 
Thu Aug 22 20:41:30, Info:  Elastic energy (total, % kinematic, % potential):  1.50889e+13  , 4.02078  , 95.9792 
Thu Aug 22 20:41:30, Info:  Total momentum (X, Y, Z): 22183.9  , -48565.6  , 1.72458e+06 
Thu Aug 22 20:41:30, Info:  Frictional work (total, % static, % radiated):  1.58159e+13  , 86.4417  , 13.5583 
Thu Aug 22 20:41:30, Info:  Seismic moment (without plasticity): 4.83018e+17  Mw: 5.71931 
Thu Aug 22 20:41:30, Info:  Writing energy output at time 9.5 Done. 
Thu Aug 22 20:41:30, Info:  Time spent this phase (total): 27.0441 s (min: 26.9917 s, max: 27.0754 s)
Thu Aug 22 20:41:30, Info:  Time spent this phase (compute): 27.0441 s (min: 26.9917 s, max: 27.0753 s)
Thu Aug 22 20:41:30, Info:  Time spent this phase (IO): 48.7950 ms (min: 40.7467 ms, max: 66.9963 ms)
Thu Aug 22 20:41:30, Info:  Performance since the start: 9.3982 TFLOP/s (rank 0: 585.3648 GFLOP/s , average over ranks: 587.3886 GFLOP/s ) 
Thu Aug 22 20:41:30, Info:  Performance since last sync point: 9.3080 TFLOP/s (rank 0: 579.6630 GFLOP/s , average over ranks: 581.7508 GFLOP/s ) 
Thu Aug 22 20:41:57, Info:  Writing faultoutput at time 10.
Thu Aug 22 20:41:57, Info:  Writing faultoutput at time 10. Done.
Thu Aug 22 20:41:57, Info:  Writing free surface at time 10.
Thu Aug 22 20:41:57, Info:  Writing free surface at time 10. Done.
Thu Aug 22 20:41:57, Info:  Wrote receivers in 5.04e-07 seconds. 
Thu Aug 22 20:41:57, Info:  Writing energy output at time 10 
Thu Aug 22 20:41:57, Info:  Elastic energy (total, % kinematic, % potential):  1.50924e+13  , 3.97036  , 96.0296 
Thu Aug 22 20:41:57, Info:  Total momentum (X, Y, Z): 37570.5  , 228892  , -3.66231e+06 
Thu Aug 22 20:41:57, Info:  Frictional work (total, % static, % radiated):  1.5836e+13  , 86.6399  , 13.3601 
Thu Aug 22 20:41:57, Info:  Seismic moment (without plasticity): 4.83965e+17  Mw: 5.71988 
Thu Aug 22 20:41:57, Info:  Writing energy output at time 10 Done. 
Thu Aug 22 20:41:57, Info:  Time spent this phase (total): 26.7705 s (min: 26.7249 s, max: 26.8106 s)
Thu Aug 22 20:41:57, Info:  Time spent this phase (compute): 26.7704 s (min: 26.7248 s, max: 26.8106 s)
Thu Aug 22 20:41:57, Info:  Time spent this phase (IO): 52.8184 ms (min: 40.9051 ms, max: 77.0394 ms)
Thu Aug 22 20:41:57, Info:  Performance since the start: 9.3985 TFLOP/s (rank 0: 585.3832 GFLOP/s , average over ranks: 587.4040 GFLOP/s ) 
Thu Aug 22 20:41:57, Info:  Performance since last sync point: 9.4032 TFLOP/s (rank 0: 585.7334 GFLOP/s , average over ranks: 587.6972 GFLOP/s ) 
Thu Aug 22 20:42:23, Info:  Writing faultoutput at time 10.5.
Thu Aug 22 20:42:23, Info:  Writing faultoutput at time 10.5. Done.
Thu Aug 22 20:42:23, Info:  Writing energy output at time 10.5 
Thu Aug 22 20:42:23, Info:  Elastic energy (total, % kinematic, % potential):  1.50877e+13  , 3.93271  , 96.0673 
Thu Aug 22 20:42:23, Info:  Total momentum (X, Y, Z): -281037  , -548257  , 1.33945e+06 
Thu Aug 22 20:42:23, Info:  Frictional work (total, % static, % radiated):  1.58448e+13  , 86.7877  , 13.2123 
Thu Aug 22 20:42:23, Info:  Seismic moment (without plasticity): 4.8468e+17  Mw: 5.7203 
Thu Aug 22 20:42:23, Info:  Writing energy output at time 10.5 Done. 
Thu Aug 22 20:42:23, Info:  Time spent this phase (total): 26.7922 s (min: 26.7225 s, max: 26.8351 s)
Thu Aug 22 20:42:23, Info:  Time spent this phase (compute): 26.7921 s (min: 26.7225 s, max: 26.8350 s)
Thu Aug 22 20:42:23, Info:  Time spent this phase (IO): 56.7570 ms (min: 40.8345 ms, max: 120.6497 ms)
Thu Aug 22 20:42:23, Info:  Performance since the start: 9.3983 TFLOP/s (rank 0: 585.3534 GFLOP/s , average over ranks: 587.3952 GFLOP/s ) 
Thu Aug 22 20:42:23, Info:  Performance since last sync point: 9.3955 TFLOP/s (rank 0: 584.7588 GFLOP/s , average over ranks: 587.2206 GFLOP/s ) 
Thu Aug 22 20:42:50, Info:  Writing faultoutput at time 11.
Thu Aug 22 20:42:50, Info:  Writing faultoutput at time 11. Done.
Thu Aug 22 20:42:50, Info:  Writing free surface at time 11.
Thu Aug 22 20:42:50, Info:  Writing free surface at time 11. Done.
Thu Aug 22 20:42:50, Info:  Writing energy output at time 11 
Thu Aug 22 20:42:50, Info:  Elastic energy (total, % kinematic, % potential):  1.50773e+13  , 3.88119  , 96.1188 
Thu Aug 22 20:42:50, Info:  Total momentum (X, Y, Z): 788785  , -90983.1  , 2.36659e+07 
Thu Aug 22 20:42:50, Info:  Frictional work (total, % static, % radiated):  1.58491e+13  , 86.7363  , 13.2637 
Thu Aug 22 20:42:50, Info:  Seismic moment (without plasticity): 4.85153e+17  Mw: 5.72059 
Thu Aug 22 20:42:50, Info:  Writing energy output at time 11 Done. 
Thu Aug 22 20:42:50, Info:  Time spent this phase (total): 26.6822 s (min: 26.6042 s, max: 26.7433 s)
Thu Aug 22 20:42:50, Info:  Time spent this phase (compute): 26.6821 s (min: 26.6042 s, max: 26.7432 s)
Thu Aug 22 20:42:50, Info:  Time spent this phase (IO): 50.7727 ms (min: 40.8172 ms, max: 67.4588 ms)
Thu Aug 22 20:42:50, Info:  Performance since the start: 9.4000 TFLOP/s (rank 0: 585.4740 GFLOP/s , average over ranks: 587.4971 GFLOP/s ) 
Thu Aug 22 20:42:50, Info:  Performance since last sync point: 9.4343 TFLOP/s (rank 0: 588.0166 GFLOP/s , average over ranks: 589.6466 GFLOP/s ) 
Thu Aug 22 20:43:17, Info:  Writing faultoutput at time 11.5.
Thu Aug 22 20:43:17, Info:  Writing faultoutput at time 11.5. Done.
Thu Aug 22 20:43:17, Info:  Writing energy output at time 11.5 
Thu Aug 22 20:43:17, Info:  Elastic energy (total, % kinematic, % potential):  1.50775e+13  , 3.83  , 96.17 
Thu Aug 22 20:43:17, Info:  Total momentum (X, Y, Z): -969024  , 3.25271e+06  , -7.73246e+07 
Thu Aug 22 20:43:17, Info:  Frictional work (total, % static, % radiated):  1.58641e+13  , 86.604  , 13.396 
Thu Aug 22 20:43:17, Info:  Seismic moment (without plasticity): 4.85839e+17  Mw: 5.72099 
Thu Aug 22 20:43:17, Info:  Writing energy output at time 11.5 Done. 
Thu Aug 22 20:43:17, Info:  Time spent this phase (total): 26.6072 s (min: 26.5890 s, max: 26.6127 s)
Thu Aug 22 20:43:17, Info:  Time spent this phase (compute): 26.6071 s (min: 26.5890 s, max: 26.6124 s)
Thu Aug 22 20:43:17, Info:  Time spent this phase (IO): 48.2904 ms (min: 40.7159 ms, max: 61.4153 ms)
Thu Aug 22 20:43:17, Info:  Performance since the start: 9.4026 TFLOP/s (rank 0: 585.6338 GFLOP/s , average over ranks: 587.6615 GFLOP/s ) 
Thu Aug 22 20:43:17, Info:  Performance since last sync point: 9.4609 TFLOP/s (rank 0: 589.1737 GFLOP/s , average over ranks: 591.3034 GFLOP/s ) 
Thu Aug 22 20:43:43, Info:  Writing faultoutput at time 12.
Thu Aug 22 20:43:43, Info:  Writing faultoutput at time 12. Done.
Thu Aug 22 20:43:43, Info:  Writing free surface at time 12.
Thu Aug 22 20:43:43, Info:  Writing free surface at time 12. Done.
Thu Aug 22 20:43:43, Info:  Writing energy output at time 12 
Thu Aug 22 20:43:43, Info:  Elastic energy (total, % kinematic, % potential):  1.50907e+13  , 3.78389  , 96.2161 
Thu Aug 22 20:43:43, Info:  Total momentum (X, Y, Z): -365203  , -5.42846e+06  , 3.14559e+07 
Thu Aug 22 20:43:43, Info:  Frictional work (total, % static, % radiated):  1.58959e+13  , 86.5529  , 13.4471 
Thu Aug 22 20:43:43, Info:  Seismic moment (without plasticity): 4.86825e+17  Mw: 5.72158 
Thu Aug 22 20:43:43, Info:  Writing energy output at time 12 Done. 
Thu Aug 22 20:43:43, Info:  Time spent this phase (total): 26.6180 s (min: 26.5939 s, max: 26.6414 s)
Thu Aug 22 20:43:43, Info:  Time spent this phase (compute): 26.6179 s (min: 26.5938 s, max: 26.6413 s)
Thu Aug 22 20:43:43, Info:  Time spent this phase (IO): 51.8869 ms (min: 40.8448 ms, max: 68.8129 ms)
Thu Aug 22 20:43:43, Info:  Performance since the start: 9.4048 TFLOP/s (rank 0: 585.7689 GFLOP/s , average over ranks: 587.8026 GFLOP/s ) 
Thu Aug 22 20:43:43, Info:  Performance since last sync point: 9.4571 TFLOP/s (rank 0: 588.8915 GFLOP/s , average over ranks: 591.0659 GFLOP/s ) 
Thu Aug 22 20:44:10, Info:  Writing faultoutput at time 12.5.
Thu Aug 22 20:44:10, Info:  Writing faultoutput at time 12.5. Done.
Thu Aug 22 20:44:10, Info:  Writing energy output at time 12.5 
Thu Aug 22 20:44:10, Info:  Elastic energy (total, % kinematic, % potential):  1.51027e+13  , 3.71478  , 96.2852 
Thu Aug 22 20:44:10, Info:  Total momentum (X, Y, Z): 4.44142e+06  , -3.83712e+06  , 3.78985e+08 
Thu Aug 22 20:44:10, Info:  Frictional work (total, % static, % radiated):  1.59227e+13  , 86.5911  , 13.4089 
Thu Aug 22 20:44:10, Info:  Seismic moment (without plasticity): 4.87608e+17  Mw: 5.72205 
Thu Aug 22 20:44:10, Info:  Writing energy output at time 12.5 Done. 
Thu Aug 22 20:44:10, Info:  Time spent this phase (total): 26.8127 s (min: 26.7922 s, max: 26.8306 s)
Thu Aug 22 20:44:10, Info:  Time spent this phase (compute): 26.8126 s (min: 26.7921 s, max: 26.8306 s)
Thu Aug 22 20:44:10, Info:  Time spent this phase (IO): 49.8226 ms (min: 40.7786 ms, max: 76.7879 ms)
Thu Aug 22 20:44:10, Info:  Performance since the start: 9.4042 TFLOP/s (rank 0: 585.7341 GFLOP/s , average over ranks: 587.7613 GFLOP/s ) 
Thu Aug 22 20:44:10, Info:  Performance since last sync point: 9.3883 TFLOP/s (rank 0: 584.8999 GFLOP/s , average over ranks: 586.7715 GFLOP/s ) 
Thu Aug 22 20:44:37, Info:  Writing faultoutput at time 13.
Thu Aug 22 20:44:37, Info:  Writing faultoutput at time 13. Done.
Thu Aug 22 20:44:37, Info:  Writing free surface at time 13.
Thu Aug 22 20:44:37, Info:  Writing free surface at time 13. Done.
Thu Aug 22 20:44:37, Info:  Writing energy output at time 13 
Thu Aug 22 20:44:37, Info:  Elastic energy (total, % kinematic, % potential):  1.50977e+13  , 3.67151  , 96.3285 
Thu Aug 22 20:44:37, Info:  Total momentum (X, Y, Z): -1.19737e+07  , 2.11536e+07  , -6.82149e+08 
Thu Aug 22 20:44:37, Info:  Frictional work (total, % static, % radiated):  1.59309e+13  , 86.6784  , 13.3216 
Thu Aug 22 20:44:37, Info:  Seismic moment (without plasticity): 4.88067e+17  Mw: 5.72232 
Thu Aug 22 20:44:37, Info:  Writing energy output at time 13 Done. 
Thu Aug 22 20:44:37, Info:  Time spent this phase (total): 26.7745 s (min: 26.7585 s, max: 26.7967 s)
Thu Aug 22 20:44:37, Info:  Time spent this phase (compute): 26.7745 s (min: 26.7585 s, max: 26.7966 s)
Thu Aug 22 20:44:37, Info:  Time spent this phase (IO): 51.0584 ms (min: 40.8866 ms, max: 68.2981 ms)
Thu Aug 22 20:44:37, Info:  Performance since the start: 9.4041 TFLOP/s (rank 0: 585.7355 GFLOP/s , average over ranks: 587.7554 GFLOP/s ) 
Thu Aug 22 20:44:37, Info:  Performance since last sync point: 9.4017 TFLOP/s (rank 0: 585.7708 GFLOP/s , average over ranks: 587.6091 GFLOP/s ) 
Thu Aug 22 20:45:04, Info:  Writing faultoutput at time 13.5.
Thu Aug 22 20:45:04, Info:  Writing faultoutput at time 13.5. Done.
Thu Aug 22 20:45:04, Info:  Writing energy output at time 13.5 
Thu Aug 22 20:45:04, Info:  Elastic energy (total, % kinematic, % potential):  1.50868e+13  , 3.64103  , 96.359 
Thu Aug 22 20:45:04, Info:  Total momentum (X, Y, Z): 1.24007e+07  , -1.02973e+07  , -1.0737e+09 
Thu Aug 22 20:45:04, Info:  Frictional work (total, % static, % radiated):  1.59341e+13  , 86.6823  , 13.3177 
Thu Aug 22 20:45:04, Info:  Seismic moment (without plasticity): 4.88363e+17  Mw: 5.7225 
Thu Aug 22 20:45:04, Info:  Writing energy output at time 13.5 Done. 
Thu Aug 22 20:45:04, Info:  Time spent this phase (total): 26.7716 s (min: 26.7220 s, max: 26.8158 s)
Thu Aug 22 20:45:04, Info:  Time spent this phase (compute): 26.7715 s (min: 26.7220 s, max: 26.8157 s)
Thu Aug 22 20:45:04, Info:  Time spent this phase (IO): 53.4964 ms (min: 40.8096 ms, max: 97.8643 ms)
Thu Aug 22 20:45:04, Info:  Performance since the start: 9.4040 TFLOP/s (rank 0: 585.7369 GFLOP/s , average over ranks: 587.7523 GFLOP/s ) 
Thu Aug 22 20:45:04, Info:  Performance since last sync point: 9.4027 TFLOP/s (rank 0: 585.7751 GFLOP/s , average over ranks: 587.6717 GFLOP/s ) 
Thu Aug 22 20:45:30, Info:  Writing faultoutput at time 14.
Thu Aug 22 20:45:30, Info:  Writing faultoutput at time 14. Done.
Thu Aug 22 20:45:30, Info:  Writing free surface at time 14.
Thu Aug 22 20:45:30, Info:  Writing free surface at time 14. Done.
Thu Aug 22 20:45:30, Info:  Writing energy output at time 14 
Thu Aug 22 20:45:30, Info:  Elastic energy (total, % kinematic, % potential):  1.5083e+13  , 3.60126  , 96.3987 
Thu Aug 22 20:45:30, Info:  Total momentum (X, Y, Z): 2.25339e+07  , -3.8072e+07  , 3.86881e+09 
Thu Aug 22 20:45:30, Info:  Frictional work (total, % static, % radiated):  1.59449e+13  , 86.6424  , 13.3576 
Thu Aug 22 20:45:30, Info:  Seismic moment (without plasticity): 4.88864e+17  Mw: 5.72279 
Thu Aug 22 20:45:30, Info:  Writing energy output at time 14 Done. 
Thu Aug 22 20:45:30, Info:  Time spent this phase (total): 26.6709 s (min: 26.6349 s, max: 26.7091 s)
Thu Aug 22 20:45:30, Info:  Time spent this phase (compute): 26.6708 s (min: 26.6349 s, max: 26.7091 s)
Thu Aug 22 20:45:30, Info:  Time spent this phase (IO): 51.0930 ms (min: 40.8091 ms, max: 67.1557 ms)
Thu Aug 22 20:45:30, Info:  Performance since the start: 9.4053 TFLOP/s (rank 0: 585.8185 GFLOP/s , average over ranks: 587.8285 GFLOP/s ) 
Thu Aug 22 20:45:30, Info:  Performance since last sync point: 9.4383 TFLOP/s (rank 0: 588.0291 GFLOP/s , average over ranks: 589.8933 GFLOP/s ) 
Thu Aug 22 20:45:57, Info:  Writing faultoutput at time 14.5.
Thu Aug 22 20:45:57, Info:  Writing faultoutput at time 14.5. Done.
Thu Aug 22 20:45:57, Info:  Writing energy output at time 14.5 
Thu Aug 22 20:45:57, Info:  Elastic energy (total, % kinematic, % potential):  1.50825e+13  , 3.54686  , 96.4531 
Thu Aug 22 20:45:57, Info:  Total momentum (X, Y, Z): -9.28293e+07  , 4.24793e+07  , 1.51441e+09 
Thu Aug 22 20:45:57, Info:  Frictional work (total, % static, % radiated):  1.59598e+13  , 86.6237  , 13.3763 
Thu Aug 22 20:45:57, Info:  Seismic moment (without plasticity): 4.89363e+17  Mw: 5.72309 
Thu Aug 22 20:45:57, Info:  Writing energy output at time 14.5 Done. 
Thu Aug 22 20:45:57, Info:  Time spent this phase (total): 26.5853 s (min: 26.5526 s, max: 26.6315 s)
Thu Aug 22 20:45:57, Info:  Time spent this phase (compute): 26.5852 s (min: 26.5525 s, max: 26.6314 s)
Thu Aug 22 20:45:57, Info:  Time spent this phase (IO): 50.8581 ms (min: 40.7138 ms, max: 76.8786 ms)
Thu Aug 22 20:45:57, Info:  Performance since the start: 9.4074 TFLOP/s (rank 0: 585.9352 GFLOP/s , average over ranks: 587.9642 GFLOP/s ) 
Thu Aug 22 20:45:57, Info:  Performance since last sync point: 9.4687 TFLOP/s (rank 0: 589.2230 GFLOP/s , average over ranks: 591.7913 GFLOP/s ) 
Thu Aug 22 20:46:24, Info:  Writing faultoutput at time 15.
Thu Aug 22 20:46:24, Info:  Writing faultoutput at time 15. Done.
Thu Aug 22 20:46:24, Info:  Writing free surface at time 15.
Thu Aug 22 20:46:24, Info:  Writing free surface at time 15. Done.
Thu Aug 22 20:46:24, Info:  Writing energy output at time 15 
Thu Aug 22 20:46:24, Info:  Elastic energy (total, % kinematic, % potential):  1.50787e+13  , 3.49744  , 96.5026 
Thu Aug 22 20:46:24, Info:  Total momentum (X, Y, Z): 5.21932e+07  , 3.13024e+07  , -1.56899e+10 
Thu Aug 22 20:46:24, Info:  Frictional work (total, % static, % radiated):  1.59721e+13  , 86.6168  , 13.3832 
Thu Aug 22 20:46:24, Info:  Seismic moment (without plasticity): 4.89744e+17  Mw: 5.72331 
Thu Aug 22 20:46:24, Info:  Writing energy output at time 15 Done. 
Thu Aug 22 20:46:24, Info:  Time spent this phase (total): 26.8383 s (min: 26.7966 s, max: 26.8600 s)
Thu Aug 22 20:46:24, Info:  Time spent this phase (compute): 26.8382 s (min: 26.7966 s, max: 26.8599 s)
Thu Aug 22 20:46:24, Info:  Time spent this phase (IO): 52.6046 ms (min: 40.9108 ms, max: 69.5950 ms)
Thu Aug 22 20:46:24, Info:  Performance since the start: 9.4065 TFLOP/s (rank 0: 585.8912 GFLOP/s , average over ranks: 587.9057 GFLOP/s ) 
Thu Aug 22 20:46:24, Info:  Performance since last sync point: 9.3794 TFLOP/s (rank 0: 584.6180 GFLOP/s , average over ranks: 586.2136 GFLOP/s ) 
Thu Aug 22 20:46:50, Info:  Writing faultoutput at time 15.5.
Thu Aug 22 20:46:50, Info:  Writing faultoutput at time 15.5. Done.
Thu Aug 22 20:46:50, Info:  Writing energy output at time 15.5 
Thu Aug 22 20:46:50, Info:  Elastic energy (total, % kinematic, % potential):  1.50704e+13  , 3.44849  , 96.5515 
Thu Aug 22 20:46:50, Info:  Total momentum (X, Y, Z): 1.97741e+08  , -4.35109e+07  , -4.79096e+09 
Thu Aug 22 20:46:50, Info:  Frictional work (total, % static, % radiated):  1.59789e+13  , 86.6093  , 13.3907 
Thu Aug 22 20:46:50, Info:  Seismic moment (without plasticity): 4.90024e+17  Mw: 5.72348 
Thu Aug 22 20:46:50, Info:  Writing energy output at time 15.5 Done. 
Thu Aug 22 20:46:50, Info:  Time spent this phase (total): 26.6040 s (min: 26.5894 s, max: 26.6180 s)
Thu Aug 22 20:46:50, Info:  Time spent this phase (compute): 26.6039 s (min: 26.5894 s, max: 26.6180 s)
Thu Aug 22 20:46:50, Info:  Time spent this phase (IO): 48.1295 ms (min: 40.6943 ms, max: 60.8487 ms)
Thu Aug 22 20:46:50, Info:  Performance since the start: 9.4083 TFLOP/s (rank 0: 585.9979 GFLOP/s , average over ranks: 588.0170 GFLOP/s ) 
Thu Aug 22 20:46:50, Info:  Performance since last sync point: 9.4620 TFLOP/s (rank 0: 589.2151 GFLOP/s , average over ranks: 591.3750 GFLOP/s ) 
Thu Aug 22 20:47:17, Info:  Writing faultoutput at time 16.
Thu Aug 22 20:47:17, Info:  Writing faultoutput at time 16. Done.
Thu Aug 22 20:47:17, Info:  Writing free surface at time 16.
Thu Aug 22 20:47:17, Info:  Writing free surface at time 16. Done.
Thu Aug 22 20:47:17, Info:  Writing energy output at time 16 
Thu Aug 22 20:47:17, Info:  Elastic energy (total, % kinematic, % potential):  1.50579e+13  , 3.40127  , 96.5987 
Thu Aug 22 20:47:17, Info:  Total momentum (X, Y, Z): -4.19996e+08  , 8.62383e+07  , 4.40118e+10 
Thu Aug 22 20:47:17, Info:  Frictional work (total, % static, % radiated):  1.5981e+13  , 86.6156  , 13.3844 
Thu Aug 22 20:47:17, Info:  Seismic moment (without plasticity): 4.90288e+17  Mw: 5.72363 
Thu Aug 22 20:47:17, Info:  Writing energy output at time 16 Done. 
Thu Aug 22 20:47:17, Info:  Time spent this phase (total): 26.7130 s (min: 26.7003 s, max: 26.7225 s)
Thu Aug 22 20:47:17, Info:  Time spent this phase (compute): 26.7129 s (min: 26.6997 s, max: 26.7225 s)
Thu Aug 22 20:47:17, Info:  Time spent this phase (IO): 50.2411 ms (min: 40.8456 ms, max: 64.5189 ms)
Thu Aug 22 20:47:17, Info:  Performance since the start: 9.4087 TFLOP/s (rank 0: 586.0366 GFLOP/s , average over ranks: 588.0464 GFLOP/s ) 
Thu Aug 22 20:47:17, Info:  Performance since last sync point: 9.4234 TFLOP/s (rank 0: 587.2403 GFLOP/s , average over ranks: 588.9615 GFLOP/s ) 
Thu Aug 22 20:47:44, Info:  Writing faultoutput at time 16.5.
Thu Aug 22 20:47:44, Info:  Writing faultoutput at time 16.5. Done.
Thu Aug 22 20:47:44, Info:  Writing energy output at time 16.5 
Thu Aug 22 20:47:44, Info:  Elastic energy (total, % kinematic, % potential):  1.5055e+13  , 3.36399  , 96.636 
Thu Aug 22 20:47:44, Info:  Total momentum (X, Y, Z): -6.04682e+08  , 7.66778e+07  , 2.83664e+10 
Thu Aug 22 20:47:44, Info:  Frictional work (total, % static, % radiated):  1.59908e+13  , 86.612  , 13.388 
Thu Aug 22 20:47:44, Info:  Seismic moment (without plasticity): 4.90617e+17  Mw: 5.72383 
Thu Aug 22 20:47:44, Info:  Writing energy output at time 16.5 Done. 
Thu Aug 22 20:47:44, Info:  Time spent this phase (total): 26.6559 s (min: 26.6350 s, max: 26.6838 s)
Thu Aug 22 20:47:44, Info:  Time spent this phase (compute): 26.6558 s (min: 26.6350 s, max: 26.6837 s)
Thu Aug 22 20:47:44, Info:  Time spent this phase (IO): 50.5067 ms (min: 40.7390 ms, max: 69.4729 ms)
Thu Aug 22 20:47:44, Info:  Performance since the start: 9.4098 TFLOP/s (rank 0: 586.0895 GFLOP/s , average over ranks: 588.1122 GFLOP/s ) 
Thu Aug 22 20:47:44, Info:  Performance since last sync point: 9.4436 TFLOP/s (rank 0: 587.7855 GFLOP/s , average over ranks: 590.2241 GFLOP/s ) 
Thu Aug 22 20:48:11, Info:  Writing faultoutput at time 17.
Thu Aug 22 20:48:11, Info:  Writing faultoutput at time 17. Done.
Thu Aug 22 20:48:11, Info:  Writing free surface at time 17.
Thu Aug 22 20:48:11, Info:  Writing free surface at time 17. Done.
Thu Aug 22 20:48:11, Info:  Writing energy output at time 17 
Thu Aug 22 20:48:11, Info:  Elastic energy (total, % kinematic, % potential):  1.50503e+13  , 3.31561  , 96.6844 
Thu Aug 22 20:48:11, Info:  Total momentum (X, Y, Z): 9.49102e+08  , -2.44545e+08  , -8.72138e+10 
Thu Aug 22 20:48:11, Info:  Frictional work (total, % static, % radiated):  1.59995e+13  , 86.5935  , 13.4065 
Thu Aug 22 20:48:11, Info:  Seismic moment (without plasticity): 4.90924e+17  Mw: 5.72401 
Thu Aug 22 20:48:11, Info:  Writing energy output at time 17 Done. 
Thu Aug 22 20:48:11, Info:  Time spent this phase (total): 27.0315 s (min: 27.0236 s, max: 27.0558 s)
Thu Aug 22 20:48:11, Info:  Time spent this phase (compute): 27.0314 s (min: 27.0232 s, max: 27.0557 s)
Thu Aug 22 20:48:11, Info:  Time spent this phase (IO): 52.8257 ms (min: 40.7789 ms, max: 72.4652 ms)
Thu Aug 22 20:48:11, Info:  Performance since the start: 9.4069 TFLOP/s (rank 0: 585.9149 GFLOP/s , average over ranks: 587.9313 GFLOP/s ) 
Thu Aug 22 20:48:11, Info:  Performance since last sync point: 9.3124 TFLOP/s (rank 0: 580.2117 GFLOP/s , average over ranks: 582.0229 GFLOP/s ) 
Thu Aug 22 20:48:37, Info:  Writing faultoutput at time 17.5.
Thu Aug 22 20:48:37, Info:  Writing faultoutput at time 17.5. Done.
Thu Aug 22 20:48:37, Info:  Writing energy output at time 17.5 
Thu Aug 22 20:48:37, Info:  Elastic energy (total, % kinematic, % potential):  1.50448e+13  , 3.2706  , 96.7294 
Thu Aug 22 20:48:37, Info:  Total momentum (X, Y, Z): 1.96967e+09  , -3.22738e+08  , -4.42891e+10 
Thu Aug 22 20:48:37, Info:  Frictional work (total, % static, % radiated):  1.60089e+13  , 86.6141  , 13.3859 
Thu Aug 22 20:48:37, Info:  Seismic moment (without plasticity): 4.91209e+17  Mw: 5.72418 
Thu Aug 22 20:48:37, Info:  Writing energy output at time 17.5 Done. 
Thu Aug 22 20:48:37, Info:  Time spent this phase (total): 26.5847 s (min: 26.5594 s, max: 26.6185 s)
Thu Aug 22 20:48:37, Info:  Time spent this phase (compute): 26.5847 s (min: 26.5594 s, max: 26.6185 s)
Thu Aug 22 20:48:37, Info:  Time spent this phase (IO): 53.7719 ms (min: 40.6725 ms, max: 90.7686 ms)
Thu Aug 22 20:48:37, Info:  Performance since the start: 9.4087 TFLOP/s (rank 0: 586.0109 GFLOP/s , average over ranks: 588.0411 GFLOP/s ) 
Thu Aug 22 20:48:37, Info:  Performance since last sync point: 9.4688 TFLOP/s (rank 0: 589.2952 GFLOP/s , average over ranks: 591.8014 GFLOP/s ) 
Thu Aug 22 20:49:04, Info:  Writing faultoutput at time 18.
Thu Aug 22 20:49:04, Info:  Writing faultoutput at time 18. Done.
Thu Aug 22 20:49:04, Info:  Writing free surface at time 18.
Thu Aug 22 20:49:04, Info:  Writing free surface at time 18. Done.
Thu Aug 22 20:49:04, Info:  Writing energy output at time 18 
Thu Aug 22 20:49:04, Info:  Elastic energy (total, % kinematic, % potential):  1.5037e+13  , 3.23312  , 96.7669 
Thu Aug 22 20:49:04, Info:  Total momentum (X, Y, Z): -3.90638e+08  , 4.95039e+08  , 6.21664e+11 
Thu Aug 22 20:49:04, Info:  Frictional work (total, % static, % radiated):  1.60156e+13  , 86.6226  , 13.3774 
Thu Aug 22 20:49:04, Info:  Seismic moment (without plasticity): 4.91474e+17  Mw: 5.72433 
Thu Aug 22 20:49:04, Info:  Writing energy output at time 18 Done. 
Thu Aug 22 20:49:04, Info:  Time spent this phase (total): 26.5736 s (min: 26.5090 s, max: 26.6016 s)
Thu Aug 22 20:49:04, Info:  Time spent this phase (compute): 26.5736 s (min: 26.5090 s, max: 26.6016 s)
Thu Aug 22 20:49:04, Info:  Time spent this phase (IO): 51.0267 ms (min: 40.8860 ms, max: 68.5641 ms)
Thu Aug 22 20:49:04, Info:  Performance since the start: 9.4104 TFLOP/s (rank 0: 586.1425 GFLOP/s , average over ranks: 588.1518 GFLOP/s ) 
Thu Aug 22 20:49:04, Info:  Performance since last sync point: 9.4728 TFLOP/s (rank 0: 590.7845 GFLOP/s , average over ranks: 592.0530 GFLOP/s ) 
Thu Aug 22 20:49:31, Info:  Writing faultoutput at time 18.5.
Thu Aug 22 20:49:31, Info:  Writing faultoutput at time 18.5. Done.
Thu Aug 22 20:49:31, Info:  Writing energy output at time 18.5 
Thu Aug 22 20:49:31, Info:  Elastic energy (total, % kinematic, % potential):  1.50304e+13  , 3.18972  , 96.8103 
Thu Aug 22 20:49:31, Info:  Total momentum (X, Y, Z): -3.60594e+09  , 1.26415e+09  , 2.13804e+12 
Thu Aug 22 20:49:31, Info:  Frictional work (total, % static, % radiated):  1.60218e+13  , 86.6096  , 13.3904 
Thu Aug 22 20:49:31, Info:  Seismic moment (without plasticity): 4.91715e+17  Mw: 5.72448 
Thu Aug 22 20:49:31, Info:  Writing energy output at time 18.5 Done. 
Thu Aug 22 20:49:31, Info:  Time spent this phase (total): 26.8038 s (min: 26.7887 s, max: 26.8257 s)
Thu Aug 22 20:49:31, Info:  Time spent this phase (compute): 26.8038 s (min: 26.7887 s, max: 26.8256 s)
Thu Aug 22 20:49:31, Info:  Time spent this phase (IO): 48.5545 ms (min: 40.9064 ms, max: 66.4806 ms)
Thu Aug 22 20:49:31, Info:  Performance since the start: 9.4099 TFLOP/s (rank 0: 586.1077 GFLOP/s , average over ranks: 588.1197 GFLOP/s ) 
Thu Aug 22 20:49:31, Info:  Performance since last sync point: 9.3914 TFLOP/s (rank 0: 584.8574 GFLOP/s , average over ranks: 586.9651 GFLOP/s ) 
Thu Aug 22 20:49:58, Info:  Writing faultoutput at time 19.
Thu Aug 22 20:49:58, Info:  Writing faultoutput at time 19. Done.
Thu Aug 22 20:49:58, Info:  Writing free surface at time 19.
Thu Aug 22 20:49:58, Info:  Writing free surface at time 19. Done.
Thu Aug 22 20:49:58, Info:  Writing energy output at time 19 
Thu Aug 22 20:49:58, Info:  Elastic energy (total, % kinematic, % potential):  1.50239e+13  , 3.15304  , 96.847 
Thu Aug 22 20:49:58, Info:  Total momentum (X, Y, Z): -1.87005e+09  , -9.66796e+08  , 4.09907e+12 
Thu Aug 22 20:49:58, Info:  Frictional work (total, % static, % radiated):  1.60286e+13  , 86.5996  , 13.4004 
Thu Aug 22 20:49:58, Info:  Seismic moment (without plasticity): 4.91982e+17  Mw: 5.72463 
Thu Aug 22 20:49:58, Info:  Writing energy output at time 19 Done. 
Thu Aug 22 20:49:58, Info:  Time spent this phase (total): 26.8117 s (min: 26.7937 s, max: 26.8354 s)
Thu Aug 22 20:49:58, Info:  Time spent this phase (compute): 26.8116 s (min: 26.7936 s, max: 26.8353 s)
Thu Aug 22 20:49:58, Info:  Time spent this phase (IO): 50.7881 ms (min: 40.8979 ms, max: 67.9536 ms)
Thu Aug 22 20:49:58, Info:  Performance since the start: 9.4094 TFLOP/s (rank 0: 586.0711 GFLOP/s , average over ranks: 588.0847 GFLOP/s ) 
Thu Aug 22 20:49:58, Info:  Performance since last sync point: 9.3887 TFLOP/s (rank 0: 584.7223 GFLOP/s , average over ranks: 586.7950 GFLOP/s ) 
Thu Aug 22 20:50:24, Info:  Writing faultoutput at time 19.5.
Thu Aug 22 20:50:24, Info:  Writing faultoutput at time 19.5. Done.
Thu Aug 22 20:50:24, Info:  Writing energy output at time 19.5 
Thu Aug 22 20:50:24, Info:  Elastic energy (total, % kinematic, % potential):  1.50199e+13  , 3.1149  , 96.8851 
Thu Aug 22 20:50:24, Info:  Total momentum (X, Y, Z): 3.10006e+09  , -4.34458e+09  , 5.7381e+12 
Thu Aug 22 20:50:24, Info:  Frictional work (total, % static, % radiated):  1.60372e+13  , 86.5799  , 13.4201 
Thu Aug 22 20:50:24, Info:  Seismic moment (without plasticity): 4.9222e+17  Mw: 5.72477 
Thu Aug 22 20:50:24, Info:  Writing energy output at time 19.5 Done. 
Thu Aug 22 20:50:24, Info:  Time spent this phase (total): 26.8856 s (min: 26.8631 s, max: 26.9032 s)
Thu Aug 22 20:50:24, Info:  Time spent this phase (compute): 26.8855 s (min: 26.8631 s, max: 26.9032 s)
Thu Aug 22 20:50:24, Info:  Time spent this phase (IO): 48.1331 ms (min: 40.9465 ms, max: 61.8574 ms)
Thu Aug 22 20:50:24, Info:  Performance since the start: 9.4082 TFLOP/s (rank 0: 585.9971 GFLOP/s , average over ranks: 588.0099 GFLOP/s ) 
Thu Aug 22 20:50:24, Info:  Performance since last sync point: 9.3629 TFLOP/s (rank 0: 583.1996 GFLOP/s , average over ranks: 585.1805 GFLOP/s ) 
Thu Aug 22 20:50:51, Info:  Writing faultoutput at time 20.
Thu Aug 22 20:50:51, Info:  Writing faultoutput at time 20. Done.
Thu Aug 22 20:50:51, Info:  Writing free surface at time 20.
Thu Aug 22 20:50:51, Info:  Writing free surface at time 20. Done.
Thu Aug 22 20:50:51, Info:  Wrote receivers in 4.64e-07 seconds. 
Thu Aug 22 20:50:51, Info:  Writing energy output at time 20 
Thu Aug 22 20:50:51, Info:  Elastic energy (total, % kinematic, % potential):  1.5013e+13  , 3.07199  , 96.928 
Thu Aug 22 20:50:51, Info:  Total momentum (X, Y, Z): 2.97676e+09  , -1.4459e+09  , 6.67482e+12 
Thu Aug 22 20:50:51, Info:  Frictional work (total, % static, % radiated):  1.60436e+13  , 86.5748  , 13.4252 
Thu Aug 22 20:50:51, Info:  Seismic moment (without plasticity): 4.92482e+17  Mw: 5.72493 
Thu Aug 22 20:50:51, Info:  Writing energy output at time 20 Done. 
Thu Aug 22 20:50:51, Info:  Time spent this phase (total): 26.5945 s (min: 26.5769 s, max: 26.6168 s)
Thu Aug 22 20:50:51, Info:  Time spent this phase (compute): 26.5944 s (min: 26.5769 s, max: 26.6167 s)
Thu Aug 22 20:50:51, Info:  Time spent this phase (IO): 50.6826 ms (min: 40.8838 ms, max: 67.0285 ms)
Thu Aug 22 20:50:51, Info:  Performance since the start: 9.4096 TFLOP/s (rank 0: 586.0861 GFLOP/s , average over ranks: 588.0988 GFLOP/s ) 
Thu Aug 22 20:50:51, Info:  Performance since last sync point: 9.4654 TFLOP/s (rank 0: 589.5783 GFLOP/s , average over ranks: 591.5884 GFLOP/s ) 
Thu Aug 22 20:50:51, Info:  Ignoring duplicate synchronisation point at time 20 ; the last sync point was at  20 
Thu Aug 22 20:50:51, Info:  Ignoring duplicate synchronisation point at time 20 ; the last sync point was at  20 
Thu Aug 22 20:50:51, Info:  Ignoring duplicate synchronisation point at time 20 ; the last sync point was at  20 
Thu Aug 22 20:50:51, Info:  Ignoring duplicate synchronisation point at time 20 ; the last sync point was at  20 
Thu Aug 22 20:50:51, Info:  Simulation time (total): 17 min 50.0883 s (min: 17 min 50.0494 s, max: 17 min 50.1151 s)
Thu Aug 22 20:50:51, Info:  Simulation time (compute): 17 min 48.0019 s (min: 17 min 47.4540 s, max: 17 min 48.4282 s)
Thu Aug 22 20:50:51, Info:  Simulation time (IO): 2.0807 s (min: 1.6741 s, max: 2.6193 s)
Thu Aug 22 20:50:51, Info:  Time spent in compute kernels: mean = 1016.18  std = 18.7343  min = 982.265  median = 1017.27  max = 1055.77 
Thu Aug 22 20:50:51, Info:  Load imbalance: 3.74988 % 
Thu Aug 22 20:50:51, Info:  Regression analysis of compute kernels: 
Thu Aug 22 20:50:51, Info:  "computeLocalIntegration" (total time): 4936.35 s ( = 1 h 22 min 16.3535 s ) 
Thu Aug 22 20:50:51, Info:  "computeLocalIntegration" ( constant ): 1.90911e-05 (sample size: 5.4218e+06 , standard error: 4.29364e-12 ) 
Thu Aug 22 20:50:51, Info:  "computeLocalIntegration" ( per element ): 8.33865e-08 (sample size: 5.4218e+06 , standard error: 4.29364e-12 ) 
Thu Aug 22 20:50:51, Info:  "computeNeighboringIntegration" (total time): 5998.02 s ( = 1 h 39 min 58.0195 s ) 
Thu Aug 22 20:50:51, Info:  "computeNeighboringIntegration" ( constant ): 0.000133943 (sample size: 5.4218e+06 , standard error: 6.86348e-12 ) 
Thu Aug 22 20:50:51, Info:  "computeNeighboringIntegration" ( per element ): 9.09604e-08 (sample size: 5.4218e+06 , standard error: 6.86348e-12 ) 
Thu Aug 22 20:50:51, Info:  "computeDynamicRupture" (total time): 5324.43 s ( = 1 h 28 min 44.4334 s ) 
Thu Aug 22 20:50:51, Info:  "computeDynamicRupture" ( constant ): 8.00661e-05 (sample size: 4.0434e+06 , standard error: 3.91121e-11 ) 
Thu Aug 22 20:50:51, Info:  "computeDynamicRupture" ( per element ): 4.52535e-07 (sample size: 4.0434e+06 , standard error: 3.91121e-11 ) 
Thu Aug 22 20:50:51, Info:  "computePointSources" (total time): 0 s ( = 0.0000 s ) 
Thu Aug 22 20:50:51, Info:  "computePointSources" ( constant ): -nan (sample size: 0 , standard error: -nan ) 
Thu Aug 22 20:50:51, Info:  "computePointSources" ( per element ): -nan (sample size: 0 , standard error: -nan ) 
Thu Aug 22 20:50:51, Info:  Total time spent in compute kernels: 16258.8 s ( = 4 h 30 min 58.8064 s ) 
Thu Aug 22 20:50:51, Info:  Total calculated HW-FLOP:  10.0691 PFLOP 
Thu Aug 22 20:50:51, Info:  Total calculated NZ-FLOP:  4.0251 PFLOP 
Thu Aug 22 20:50:51, Info:  Total calculated HW-FLOP/s:  9.4093 TFLOP/s 
Thu Aug 22 20:50:51, Info:  Total calculated NZ-FLOP/s:  3.7614 TFLOP/s 
Thu Aug 22 20:50:51, Info:  WP calculated HW-FLOP:  8.3428 PFLOP 
Thu Aug 22 20:50:51, Info:  WP calculated NZ-FLOP:  2.7415 PFLOP 
Thu Aug 22 20:50:51, Info:  DR calculated HW-FLOP:  1.7263 PFLOP 
Thu Aug 22 20:50:51, Info:  DR calculated NZ-FLOP:  1.2836 PFLOP 
Thu Aug 22 20:50:51, Info:  PL calculated HW-FLOP:  0.0000 FLOP 
Thu Aug 22 20:50:51, Info:  PL calculated NZ-FLOP:  0.0000 FLOP 
Thu Aug 22 20:50:51, Info:  Time spent in simulation: 17 min 50.1157 s (min: 17 min 50.1156 s, max: 17 min 50.1165 s)
Thu Aug 22 20:50:51, Info:  Simulation done. 
Thu Aug 22 20:50:51, Info:  Closing IO. 
Thu Aug 22 20:50:51, Info:  Time free surface writer backend: 693.5896 ms (min: 15.2792 ms, max: 6.5626 s)
Thu Aug 22 20:50:52, Info:  Time fault writer backend: 4.4003 s (min: 1.9959 s, max: 25.9657 s)
Thu Aug 22 20:50:52, Info:  Time fault writer frontend: 45.9797 ms (min: 37.9615 ms, max: 49.9732 ms)
Thu Aug 22 20:50:52, Info:  Time free surface writer frontend: 4.2025 ms (min: 407.0750 s, max: 11.8086 ms)
Thu Aug 22 20:50:52, Info:  SeisSol done. Goodbye. 
SeisSol complete.
/hppfs/scratch/01/di35poq/haiti-rupture-outputs/dynamic-rupture-outputs/FL33-only/jobid_3795616 ~/haiti-rupture-inputs/dynamic-rupture/FL33-only
Writing hdf5 output with compression enabled (compression_level=4). 
Use --compression=0 if you want to speed-up data extraction.
ASl: 0it [00:00, ?it/s]ASl: 3it [00:00, 28.99it/s]ASl: 8it [00:00, 35.14it/s]ASl: 12it [00:00, 36.80it/s]ASl: 20it [00:00, 49.34it/s]ASl: 28it [00:00, 55.73it/s]ASl: 37it [00:00, 65.49it/s]ASl: 40it [00:00, 56.00it/s]
Sls: 0it [00:00, ?it/s]Sls: 2it [00:00, 19.98it/s]Sls: 6it [00:00, 29.38it/s]Sls: 10it [00:00, 31.97it/s]Sls: 14it [00:00, 28.46it/s]Sls: 18it [00:00, 30.63it/s]Sls: 22it [00:00, 32.07it/s]Sls: 26it [00:00, 32.97it/s]Sls: 30it [00:00, 33.76it/s]Sls: 34it [00:01, 35.33it/s]Sls: 38it [00:01, 36.52it/s]Sls: 40it [00:01, 33.36it/s]
Sld: 0it [00:00, ?it/s]Sld: 1it [00:00,  7.17it/s]Sld: 5it [00:00, 22.89it/s]Sld: 8it [00:00, 20.81it/s]Sld: 12it [00:00, 23.51it/s]Sld: 16it [00:00, 27.49it/s]Sld: 20it [00:00, 30.39it/s]Sld: 24it [00:00, 32.11it/s]Sld: 28it [00:00, 33.58it/s]Sld: 32it [00:01, 34.75it/s]Sld: 37it [00:01, 36.98it/s]Sld: 40it [00:01, 31.09it/s]
Ts0: 0it [00:00, ?it/s]Ts0: 1it [00:00,  3.94it/s]Ts0: 3it [00:00,  8.08it/s]Ts0: 4it [00:00,  7.77it/s]Ts0: 6it [00:00,  9.65it/s]Ts0: 8it [00:00, 10.44it/s]Ts0: 10it [00:01, 11.19it/s]Ts0: 12it [00:01, 11.31it/s]Ts0: 14it [00:01, 11.69it/s]Ts0: 16it [00:01, 10.38it/s]Ts0: 18it [00:01, 10.92it/s]Ts0: 20it [00:02,  9.79it/s]Ts0: 22it [00:02, 10.38it/s]Ts0: 24it [00:02, 10.59it/s]Ts0: 26it [00:02, 10.96it/s]Ts0: 28it [00:02, 10.99it/s]Ts0: 30it [00:02, 11.24it/s]Ts0: 32it [00:03,  9.55it/s]Ts0: 34it [00:03, 10.13it/s]Ts0: 36it [00:03, 10.58it/s]Ts0: 38it [00:03, 10.91it/s]Ts0: 40it [00:03, 11.15it/s]Ts0: 40it [00:03, 10.41it/s]
Td0: 0it [00:00, ?it/s]Td0: 1it [00:00,  4.66it/s]Td0: 3it [00:00,  9.10it/s]Td0: 4it [00:00,  8.05it/s]Td0: 6it [00:00, 10.10it/s]Td0: 8it [00:00, 10.98it/s]Td0: 10it [00:00, 11.79it/s]Td0: 12it [00:01, 12.00it/s]Td0: 14it [00:01, 12.41it/s]Td0: 16it [00:01, 10.52it/s]Td0: 18it [00:01, 11.26it/s]Td0: 20it [00:01, 11.55it/s]Td0: 22it [00:01, 11.98it/s]Td0: 24it [00:02, 11.93it/s]Td0: 26it [00:02, 12.22it/s]Td0: 28it [00:02, 12.14it/s]Td0: 30it [00:02, 12.35it/s]Td0: 32it [00:02, 12.13it/s]Td0: 34it [00:02, 12.31it/s]Td0: 36it [00:03, 12.15it/s]Td0: 38it [00:03, 12.34it/s]Td0: 40it [00:03, 12.47it/s]Td0: 40it [00:03, 11.58it/s]
Pn0: 0it [00:00, ?it/s]Pn0: 1it [00:00,  7.19it/s]Pn0: 3it [00:00, 10.38it/s]Pn0: 5it [00:00, 10.80it/s]Pn0: 7it [00:00, 11.39it/s]Pn0: 9it [00:00,  9.86it/s]Pn0: 11it [00:01, 10.59it/s]Pn0: 13it [00:01, 10.77it/s]Pn0: 15it [00:01, 11.18it/s]Pn0: 17it [00:01, 10.10it/s]Pn0: 19it [00:01, 10.58it/s]Pn0: 21it [00:02,  9.77it/s]Pn0: 23it [00:02, 10.28it/s]Pn0: 25it [00:02, 10.44it/s]Pn0: 27it [00:02, 10.76it/s]Pn0: 29it [00:02, 10.78it/s]Pn0: 31it [00:02, 10.98it/s]Pn0: 33it [00:03, 10.91it/s]Pn0: 35it [00:03, 11.07it/s]Pn0: 37it [00:03, 10.91it/s]Pn0: 39it [00:03, 11.06it/s]Pn0: 40it [00:03, 10.68it/s]
T_s: 0it [00:00, ?it/s]T_s: 1it [00:00,  5.81it/s]T_s: 3it [00:00, 10.96it/s]T_s: 5it [00:00, 12.47it/s]T_s: 7it [00:00, 13.51it/s]T_s: 9it [00:00, 13.49it/s]T_s: 11it [00:00, 13.81it/s]T_s: 13it [00:01, 11.77it/s]T_s: 15it [00:01, 12.32it/s]T_s: 17it [00:01, 10.62it/s]T_s: 19it [00:01, 11.28it/s]T_s: 21it [00:01, 11.47it/s]T_s: 23it [00:01, 11.78it/s]T_s: 25it [00:02, 11.72it/s]T_s: 27it [00:02, 11.93it/s]T_s: 29it [00:02, 11.77it/s]T_s: 31it [00:02, 11.87it/s]T_s: 33it [00:02, 11.66it/s]T_s: 35it [00:02, 11.78it/s]T_s: 37it [00:03, 11.54it/s]T_s: 39it [00:03, 11.68it/s]T_s: 40it [00:03, 11.78it/s]
T_d: 0it [00:00, ?it/s]T_d: 1it [00:00,  9.99it/s]T_d: 3it [00:00, 13.77it/s]T_d: 5it [00:00, 13.85it/s]T_d: 7it [00:00, 14.36it/s]T_d: 9it [00:00, 12.73it/s]T_d: 11it [00:00, 13.27it/s]T_d: 13it [00:00, 13.13it/s]T_d: 15it [00:01, 13.31it/s]T_d: 17it [00:01, 11.94it/s]T_d: 19it [00:01, 12.32it/s]T_d: 21it [00:01, 10.44it/s]T_d: 23it [00:01, 11.08it/s]T_d: 25it [00:02, 10.07it/s]T_d: 27it [00:02, 10.77it/s]T_d: 29it [00:02, 11.01it/s]T_d: 31it [00:02, 11.46it/s]T_d: 33it [00:02, 11.50it/s]T_d: 35it [00:02, 11.76it/s]T_d: 37it [00:03, 11.65it/s]T_d: 39it [00:03, 11.89it/s]T_d: 40it [00:03, 11.86it/s]
P_n: 0it [00:00, ?it/s]P_n: 1it [00:00,  5.70it/s]P_n: 3it [00:00, 10.85it/s]P_n: 5it [00:00, 10.00it/s]P_n: 7it [00:00, 11.67it/s]P_n: 9it [00:00, 12.20it/s]P_n: 11it [00:00, 12.87it/s]P_n: 13it [00:01, 12.75it/s]P_n: 15it [00:01, 13.02it/s]P_n: 17it [00:01, 12.79it/s]P_n: 19it [00:01, 12.89it/s]P_n: 21it [00:01, 11.53it/s]P_n: 23it [00:01, 11.87it/s]P_n: 25it [00:02, 11.83it/s]P_n: 27it [00:02, 12.07it/s]P_n: 29it [00:02, 11.88it/s]P_n: 31it [00:02, 12.01it/s]P_n: 33it [00:02, 11.81it/s]P_n: 35it [00:02, 11.96it/s]P_n: 37it [00:03, 11.81it/s]P_n: 39it [00:03, 11.97it/s]P_n: 40it [00:03, 11.93it/s]
Mud: 0it [00:00, ?it/s]Mud: 1it [00:00,  7.63it/s]Mud: 6it [00:00, 29.17it/s]Mud: 10it [00:00, 30.93it/s]Mud: 14it [00:00, 30.30it/s]Mud: 21it [00:00, 42.21it/s]Mud: 28it [00:00, 50.54it/s]Mud: 36it [00:00, 56.54it/s]Mud: 40it [00:00, 46.61it/s]
Vr: 0it [00:00, ?it/s]Vr: 4it [00:00, 28.56it/s]Vr: 8it [00:00, 34.23it/s]Vr: 16it [00:00, 42.07it/s]Vr: 24it [00:00, 51.71it/s]Vr: 32it [00:00, 57.77it/s]Vr: 40it [00:00, 62.22it/s]Vr: 40it [00:00, 53.62it/s]
done writing output_jobid_3795616_extracted-fault.h5
done writing output_jobid_3795616_extracted-fault.xdmf
full path: /hppfs/scratch/01/di35poq/haiti-rupture-outputs/dynamic-rupture-outputs/FL33-only/jobid_3795616/output_jobid_3795616_extracted-fault.xdmf
Writing hdf5 output with compression enabled (compression_level=4). 
Use --compression=0 if you want to speed-up data extraction.
u1: 0it [00:00, ?it/s]u1: 4it [00:00, 27.62it/s]u1: 14it [00:00, 62.62it/s]u1: 20it [00:00, 53.34it/s]
u2: 0it [00:00, ?it/s]u2: 4it [00:00, 29.91it/s]u2: 8it [00:00, 33.20it/s]u2: 18it [00:00, 60.30it/s]u2: 20it [00:00, 53.83it/s]
u3: 0it [00:00, ?it/s]u3: 4it [00:00, 33.54it/s]u3: 14it [00:00, 68.82it/s]u3: 20it [00:00, 68.07it/s]
done writing output_jobid_3795616_extracted-surface.h5
done writing output_jobid_3795616_extracted-surface.xdmf
full path: /hppfs/scratch/01/di35poq/haiti-rupture-outputs/dynamic-rupture-outputs/FL33-only/jobid_3795616/output_jobid_3795616_extracted-surface.xdmf
Working on JobID: 3795616
/hppfs/scratch/01/di35poq/haiti-rupture-outputs/dynamic-rupture-outputs/FL33-only/jobid_3795616/output_jobid_3795616_extracted-fault.xdmf
warning: Mw computed over 0-85s (avoiding contribution of small residual moment after rupture)
jobid_3795616 moment magnitude: 5.724926907901226 (M0 = 4.9248e+17)
Finished writing /hppfs/scratch/01/di35poq/haiti-rupture-outputs/dynamic-rupture-outputs/FL33-only/jobid_3795616/moment_rate_mainshock.png
Job ID set as: 3795616
mu_s: 0.6
mu_d: 0.4
~/haiti-rupture-inputs/dynamic-rupture/FL33-only
