Thu May 16 21:46:24, Warn:  Output directory does not exist yet. We therefore create it now. 
srun: Job 3386765 step creation temporarily disabled, retrying (Requested nodes are busy)
srun: Step created for job 3386765
mv: cannot stat '/hppfs/work/pn49ha/di35poq/dynamic-relaxation-outputs/tmp-outputs/': No such file or directory
mv: cannot stat '/hppfs/work/pn49ha/di35poq//dynamic-relaxation-outputs/tmp-outputs': No such file or directory
mkdir: cannot create directory ‘/hppfs/work/pn49ha/di35poq//step700_smooth7’: File exists
mkdir: cannot create directory ‘/hppfs/work/pn49ha/di35poq//step700_smooth7’: File exists
mv: cannot stat '/hppfs/work/pn49ha/di35poq/dynamic-relaxation-outputs/tmp-outputs/': No such file or directory
mkdir: cannot create directory ‘/hppfs/work/pn49ha/di35poq//step700_smooth7’: File exists
mkdir: cannot create directory ‘/hppfs/work/pn49ha/di35poq//step700_smooth7’: File exists
mkdir: cannot create directory ‘/hppfs/work/pn49ha/di35poq//step700_smooth7’: File exists
mkdir: cannot create directory ‘/hppfs/work/pn49ha/di35poq//step700_smooth7’: File exists
mv: cannot stat '/hppfs/work/pn49ha/di35poq//dynamic-relaxation-outputs/tmp-outputs': No such file or directory
mv: cannot stat '/hppfs/work/pn49ha/di35poq/dynamic-relaxation-outputs/tmp-outputs/': No such file or directory
mv: cannot stat '/hppfs/work/pn49ha/di35poq/dynamic-relaxation-outputs/tmp-outputs/': No such file or directory
mkdir: cannot create directory ‘/hppfs/work/pn49ha/di35poq//step700_smooth7’: File exists
mkdir: cannot create directory ‘/hppfs/work/pn49ha/di35poq//step700_smooth7’: File exists
mkdir: cannot create directory ‘/hppfs/work/pn49ha/di35poq//step700_smooth7’: File exists
mkdir: cannot create directory ‘/hppfs/work/pn49ha/di35poq//step700_smooth7’: File exists
mkdir: cannot create directory ‘/hppfs/work/pn49ha/di35poq//step700_smooth7’: File exists
mv: cannot stat '/hppfs/work/pn49ha/di35poq/dynamic-relaxation-outputs/tmp-outputs/': No such file or directory
mv: cannot stat '/hppfs/work/pn49ha/di35poq/dynamic-relaxation-outputs/tmp-outputs/': No such file or directory
mv: cannot stat '/hppfs/work/pn49ha/di35poq/dynamic-relaxation-outputs/tmp-outputs/': No such file or directory
mv: cannot stat '/hppfs/work/pn49ha/di35poq//dynamic-relaxation-outputs/tmp-outputs': No such file or directory
mv: cannot stat '/hppfs/work/pn49ha/di35poq//dynamic-relaxation-outputs/tmp-outputs': No such file or directory
mv: cannot stat '/hppfs/work/pn49ha/di35poq/dynamic-relaxation-outputs/tmp-outputs/': No such file or directory
mv: cannot stat '/hppfs/work/pn49ha/di35poq/dynamic-relaxation-outputs/tmp-outputs/': No such file or directory
mv: cannot stat '/hppfs/work/pn49ha/di35poq/dynamic-relaxation-outputs/tmp-outputs/': No such file or directory
mv: cannot stat '/hppfs/work/pn49ha/di35poq/dynamic-relaxation-outputs/tmp-outputs/': No such file or directory
mv: cannot stat '/hppfs/work/pn49ha/di35poq//dynamic-relaxation-outputs/tmp-outputs': No such file or directory
mv: cannot stat '/hppfs/work/pn49ha/di35poq//dynamic-relaxation-outputs/tmp-outputs': No such file or directory
mv: cannot stat '/hppfs/work/pn49ha/di35poq//dynamic-relaxation-outputs/tmp-outputs': No such file or directory
mv: cannot stat '/hppfs/work/pn49ha/di35poq/dynamic-relaxation-outputs/tmp-outputs/': No such file or directory
mv: cannot stat '/hppfs/work/pn49ha/di35poq//dynamic-relaxation-outputs/tmp-outputs': No such file or directory
mv: cannot stat '/hppfs/work/pn49ha/di35poq//dynamic-relaxation-outputs/tmp-outputs': No such file or directory
mv: cannot stat '/hppfs/work/pn49ha/di35poq//dynamic-relaxation-outputs/tmp-outputs': No such file or directory
mv: cannot stat '/hppfs/work/pn49ha/di35poq//dynamic-relaxation-outputs/tmp-outputs': No such file or directory
mv: cannot stat '/hppfs/work/pn49ha/di35poq//dynamic-relaxation-outputs/tmp-outputs': No such file or directory
srun: error: i01r01c01s05: task 4: Exited with exit code 1
srun: launch/slurm: _step_signal: Terminating StepId=3386765.1
srun: error: i01r01c02s01: task 11: Exited with exit code 1
srun: error: i01r01c01s09: task 7: Exited with exit code 1
srun: error: i01r01c01s04: task 3: Exited with exit code 1
srun: error: i01r01c01s11: task 9: Exited with exit code 1
srun: error: i01r01c01s08: task 6: Exited with exit code 1
srun: error: i01r01c01s12: task 10: Exited with exit code 1
srun: error: i01r01c02s04: task 14: Exited with exit code 1
srun: error: i01r01c01s10: task 8: Exited with exit code 1
srun: error: i01r01c02s02: task 12: Exited with exit code 1
srun: error: i01r01c01s07: task 5: Exited with exit code 1
srun: error: i01r01c02s03: task 13: Exited with exit code 1
slurmstepd: error: *** STEP 3386765.1 ON i01r01c01s01 CANCELLED AT 2024-05-16T22:07:34 ***
srun: error: i01r01c01s03: task 2: Terminated
srun: error: i01r01c01s01: task 0: Terminated
srun: error: i01r01c01s02: task 1: Terminated
srun: error: i01r01c02s05: task 15: Terminated
srun: Force Terminated StepId=3386765.1
