Fri 13 Sep 2024 07:04:57 PM UTC
num_nodes: 16 ntasks: 16 cpus_per_task:
Line 63 replaced with: OutputFile='/hppfs/scratch/01/di35poq/haiti-rupture-outputs/dynamic-rupture-outputs/variable_SH_max/jobid_3912515'
Job log complete.
Starting SeisSol...
Fri Sep 13 21:04:58, Info:  Using the parameter file parameters.par 
Fri Sep 13 21:04:58, Info:  Reading SeisSol parameter file... 
Fri Sep 13 21:04:58, Info:  In your parameter file, you have specified a non-positive interval for "checkpointinterval" . This mechanism is deprecated and may be removed in a future version of SeisSol. Consider disabling the whole module by setting "checkpoint" to 0 instead by adding "checkpoint = 0" to the "output" section of your parameter file instead. 
Fri Sep 13 21:04:58, Info:  The field "printintervalcriterion" is no longer in use. You may safely remove it from your parameters file. 
Fri Sep 13 21:04:58, Info:  Disabling the wavefield output by setting "outputformat = 10" is deprecated and may be removed in a future version of SeisSol. Consider using the parameter "wavefieldoutput" instead. To disable wavefield output, add "wavefieldoutput = 0" to the "output" section of your parameters file. 
Fri Sep 13 21:04:58, Info:  The field "printintervalcriterion" is no longer in use. You may safely remove it from your parameters file. 
Fri Sep 13 21:04:58, Info:  The field "pickdttype" is no longer in use. You may safely remove it from your parameters file. 
Fri Sep 13 21:04:58, Info:  The field "faultoutputflag" is no longer in use. You may safely remove it from your parameters file. 
Fri Sep 13 21:04:58, Info:  The field "boundaries" is no longer in use. You may safely remove it from your parameters file. 
Fri Sep 13 21:04:58, Info:  SeisSol parameter file read successfully. 
Fri Sep 13 21:04:58, Info:  Model information: 
Fri Sep 13 21:04:58, Info:  Elastic model: yes 
Fri Sep 13 21:04:58, Info:  Viscoelastic model: no 
Fri Sep 13 21:04:58, Info:  Anelastic model: no 
Fri Sep 13 21:04:58, Info:  Poroelastic model: no 
Fri Sep 13 21:04:58, Info:  Anisotropic model: no 
Fri Sep 13 21:04:58, Info:  Plasticity: no 
Fri Sep 13 21:04:58, Info:  Welcome to SeisSol 
Fri Sep 13 21:04:58, Info:  Copyright (c) 2012 - 2024  SeisSol Group 
Fri Sep 13 21:04:58, Info:  Version: v1.1.4-148-g60aedc8c (dirty) 
Fri Sep 13 21:04:58, Info:  Built on: Jun 17 2024 21:03:35 
Fri Sep 13 21:04:58, Info:  Last commit: 60aedc8c2ae0a5d9e5a46cc3a40e4eaf1c047225 at 2024-06-06T12:54:08+00:00 
Fri Sep 13 21:04:58, Info:  Compiled with HOST_ARCH = skx 
Fri Sep 13 21:04:58, Info:  Running on (rank=0): "i01r01c03s01" 
Fri Sep 13 21:04:58, Info:  Using MPI with #ranks: 16 
Fri Sep 13 21:04:58, Info:  Node-wide (shared memory) MPI with #ranks/node: 1 
Fri Sep 13 21:04:58, Info:  Using asynchronous MPI routines. 
Fri Sep 13 21:04:58, Info:  Using OMP with #threads/rank: 94 
Fri Sep 13 21:04:58, Info:  OpenMP worker affinity (this process): "0123456789|0123456789|0123456789|0123456789|0123456-89|0123456789|0123456789|0123456789|0123456789|01234-" 
Fri Sep 13 21:04:58, Info:  OpenMP worker affinity (this node)   : "0123456789|0123456789|0123456789|0123456789|0123456-89|0123456789|0123456789|0123456789|0123456789|01234-" 
Fri Sep 13 21:04:58, Info:  Using a communication thread for advancing MPI communication. 
Fri Sep 13 21:04:58, Info:  Communication thread affinity        : "----------|----------|----------|----------|-------7--|----------|----------|----------|----------|-----5" 
Fri Sep 13 21:04:59, Info:  The stack size ulimit is 2097152 [kiB] ( = 2.0000 GiB ). 
Fri Sep 13 21:04:59, Info:  Begin init mesh. 
Fri Sep 13 21:04:59, Info:  Mesh file: "/dss/dsshome1/01/di35poq/mesh/mesh_v07/Haiti_v07_lowres" 
Fri Sep 13 21:04:59, Info:  Running mini SeisSol to determine node weights. 
Fri Sep 13 21:04:59, Info:  miniSeisSol configured with 50000 elements and 10 repeats per process 
Fri Sep 13 21:04:59, Info:  Node weights: mean = 41.1632  std = 0.671796  min = 39.8175  median = 41.3011  max = 42.0325 
Fri Sep 13 21:04:59, Info:  Reading PUML mesh 
Fri Sep 13 21:04:59, Info:  Inferring boundary format. 
Fri Sep 13 21:04:59, Info:  Boundary format not given in PUML file; inferring from array shape. 
Fri Sep 13 21:04:59, Info:  Using boundary format: i32 (4xi8) 
Fri Sep 13 21:04:59, Info:  Found 2685422 cells 
Fri Sep 13 21:04:59, Info:  Found 477078 vertices 
Fri Sep 13 21:05:00, Info:  Computing LTS weights. 
Fri Sep 13 21:05:03, Info:  Limiting number of clusters to 2147483646 
Fri Sep 13 21:05:03, Info:  Computing LTS weights. Done.  (108216 reductions.)
Fri Sep 13 21:05:03, Info:  Using the Parmetis partition library and strategy. 
Fri Sep 13 21:05:06, Info:  PUML mesh read in: 7.6775 s (min: 7.6080 s, max: 7.8463 s)
Fri Sep 13 21:05:06, Info:  The mesh has been read. Starting post processing. 
Fri Sep 13 21:05:06, Info:  Extracting fault information. 
Fri Sep 13 21:05:06, Info:  Exchanging ghostlayer metadata. 
Fri Sep 13 21:05:08, Info:  Mesh initialized in: 9.7337 s (min: 9.7330 s, max: 9.7344 s)
Fri Sep 13 21:05:08, Info:  End init mesh. 
Fri Sep 13 21:05:08, Info:  Begin init model. 
Fri Sep 13 21:05:08, Info:  Initialize LTS. 
Fri Sep 13 21:05:08, Info:  Deriving clusters ids for min. time step width / multiRate: 0.000213316 / 2 
Fri Sep 13 21:05:08, Info:  Due to wiggle factor of 1 the minimum timestep size is reduced to 0.000213316 
Fri Sep 13 21:05:08, Info:  Number of elements in time clusters: 
Fri Sep 13 21:05:08, Info:  0: 2088 
Fri Sep 13 21:05:08, Info:  1: 265401 
Fri Sep 13 21:05:08, Info:  2: 1618976 
Fri Sep 13 21:05:08, Info:  3: 538212 
Fri Sep 13 21:05:08, Info:  4: 147352 
Fri Sep 13 21:05:08, Info:  5: 35652 
Fri Sep 13 21:05:08, Info:  6: 11329 
Fri Sep 13 21:05:08, Info:  7: 18592 
Fri Sep 13 21:05:08, Info:  8: 47781 
Fri Sep 13 21:05:08, Info:  9: 39 
Fri Sep 13 21:05:08, Info:  maximum theoretical speedup (compared to GTS): 6.4313 per cell LTS, 4.34786 with the used clustering. 
Fri Sep 13 21:05:08, Info:  Number of elements in dynamic rupture time clusters: 
Fri Sep 13 21:05:08, Info:  0 (dr): 618 
Fri Sep 13 21:05:08, Info:  1 (dr): 78806 
Fri Sep 13 21:05:08, Info:  2 (dr): 310009 
Fri Sep 13 21:05:08, Info:  3 (dr): 2510 
Fri Sep 13 21:05:08, Info:  4 (dr): 0 
Fri Sep 13 21:05:08, Info:  5 (dr): 0 
Fri Sep 13 21:05:08, Info:  6 (dr): 0 
Fri Sep 13 21:05:08, Info:  7 (dr): 0 
Fri Sep 13 21:05:08, Info:  8 (dr): 0 
Fri Sep 13 21:05:08, Info:  9 (dr): 0 
Fri Sep 13 21:05:08, Info:  Initialize Friction Model 
Fri Sep 13 21:05:09, Info:  Initialize cell material parameters. 
Fri Sep 13 21:05:10, Info:  Initialize Memory layout. 
Fri Sep 13 21:05:11, Info:  Initialize cell-local matrices. 
Fri Sep 13 21:05:11, Info:  Initializing Fault, using a quadrature rule with  25  points. 
Fri Sep 13 21:07:45, Info:  Model initialized in: 2 min 36.6053 s (min: 2 min 36.6033 s, max: 2 min 36.6088 s)
Fri Sep 13 21:07:45, Info:  End init model. 
Fri Sep 13 21:07:45, Info:  Setting initial conditions. 
Fri Sep 13 21:07:45, Info:  Using initial condition "Zero" . 
Fri Sep 13 21:07:45, Info:  Reading source. 
Fri Sep 13 21:07:45, Info:  No source term specified. 
Fri Sep 13 21:07:45, Info:  Setting up boundary conditions. 
Fri Sep 13 21:07:45, Info:  Begin init output. 
Fri Sep 13 21:07:45, Info:  Initializing free surface integrator. 
Fri Sep 13 21:07:45, Info:  Initializing free surface integrator. Done. 
Fri Sep 13 21:07:45, Info:  Enabling 2D fault output 
Fri Sep 13 21:07:45, Info:  Initializing Fault output. Number of sub-triangles: 4 
Fri Sep 13 21:07:45, Info:  Initializing XDMF fault output. 
Fri Sep 13 21:07:45, Info:  Fault writer thread affinity: "----------|----------|----------|----------|-------7--|----------|----------|----------|----------|-----5" 
Fri Sep 13 21:07:45, Info:  Initializing XDMF fault output. Done. 
Fri Sep 13 21:07:45, Info:  Initializing free surface output. 
Fri Sep 13 21:07:45, Info:  Free surface writer thread affinity: "----------|----------|----------|----------|-------7--|----------|----------|----------|----------|-----5" 
Fri Sep 13 21:07:45, Info:  Initializing free surface output. Done. 
Fri Sep 13 21:07:45, Info:  No record points read. 
Fri Sep 13 21:07:45, Info:  Finding meshIds for receivers... 
Fri Sep 13 21:07:45, Info:  Cleaning possible double occurring receivers for MPI... 
Fri Sep 13 21:07:45, Info:  Mapping receivers to LTS cells... 
Fri Sep 13 21:07:45, Info:  Initializing energy output. 
Fri Sep 13 21:07:45, Info:  End init output. 
Fri Sep 13 21:07:45, Info:  Finishing initialization... 
Fri Sep 13 21:07:45, Info:  Starting simulation. 
Fri Sep 13 21:07:45, Info:  Writing faultoutput at time 0.
Fri Sep 13 21:07:45, Info:  Writing faultoutput at time 0. Done.
Fri Sep 13 21:07:45, Info:  Writing free surface at time 0.
Fri Sep 13 21:07:45, Info:  Writing free surface at time 0. Done.
Fri Sep 13 21:07:45, Info:  Writing energy output at time 0 
Fri Sep 13 21:07:45, Info:  Total momentum (X, Y, Z): 0  , 0  , 0 
Fri Sep 13 21:07:45, Info:  Writing energy output at time 0 Done. 
Fri Sep 13 21:07:45, Info:  Time spent for initial IO: 50.3823 ms (min: 41.5690 ms, max: 68.9017 ms)
Fri Sep 13 21:08:13, Info:  Writing faultoutput at time 0.5.
Fri Sep 13 21:08:13, Info:  Writing faultoutput at time 0.5. Done.
Fri Sep 13 21:08:13, Info:  Writing energy output at time 0.5 
Fri Sep 13 21:08:13, Info:  Elastic energy (total, % kinematic, % potential):  1.11071e+15  , 47.0512  , 52.9488 
Fri Sep 13 21:08:13, Info:  Total momentum (X, Y, Z): 0.496582  , 0.546875  , -0.802246 
Fri Sep 13 21:08:13, Info:  Frictional work (total, % static, % radiated):  7.70613e+15  , 5.65724  , 94.3428 
Fri Sep 13 21:08:13, Info:  Seismic moment (without plasticity): 1.59778e+19  Mw: 6.73235 
Fri Sep 13 21:08:13, Info:  Writing energy output at time 0.5 Done. 
Fri Sep 13 21:08:13, Info:  Time spent this phase (total): 27.4515 s (min: 27.4127 s, max: 27.4773 s)
Fri Sep 13 21:08:13, Info:  Time spent this phase (compute): 27.4011 s (min: 27.3700 s, max: 27.4309 s)
Fri Sep 13 21:08:13, Info:  Time spent this phase (IO): 47.3352 ms (min: 39.8623 ms, max: 67.9557 ms)
Fri Sep 13 21:08:13, Info:  Performance since the start: 9.1685 TFLOP/s (rank 0: 588.3066 GFLOP/s , average over ranks: 573.0318 GFLOP/s ) 
Fri Sep 13 21:08:13, Info:  Performance since last sync point: 9.1685 TFLOP/s (rank 0: 588.3066 GFLOP/s , average over ranks: 573.0318 GFLOP/s ) 
Fri Sep 13 21:08:40, Info:  Writing faultoutput at time 1.
Fri Sep 13 21:08:40, Info:  Writing faultoutput at time 1. Done.
Fri Sep 13 21:08:40, Info:  Writing free surface at time 1.
Fri Sep 13 21:08:40, Info:  Writing free surface at time 1. Done.
Fri Sep 13 21:08:40, Info:  Writing energy output at time 1 
Fri Sep 13 21:08:40, Info:  Elastic energy (total, % kinematic, % potential):  1.60567e+15  , 42.9731  , 57.0269 
Fri Sep 13 21:08:40, Info:  Total momentum (X, Y, Z): 12.7266  , 3.89062  , -14.021 
Fri Sep 13 21:08:40, Info:  Frictional work (total, % static, % radiated):  8.31559e+15  , 8.92204  , 91.078 
Fri Sep 13 21:08:40, Info:  Seismic moment (without plasticity): 2.48736e+19  Mw: 6.86049 
Fri Sep 13 21:08:40, Info:  Writing energy output at time 1 Done. 
Fri Sep 13 21:08:40, Info:  Time spent this phase (total): 27.2328 s (min: 27.2244 s, max: 27.2420 s)
Fri Sep 13 21:08:40, Info:  Time spent this phase (compute): 27.2326 s (min: 27.2242 s, max: 27.2419 s)
Fri Sep 13 21:08:40, Info:  Time spent this phase (IO): 48.6442 ms (min: 40.2109 ms, max: 77.7832 ms)
Fri Sep 13 21:08:40, Info:  Performance since the start: 9.2052 TFLOP/s (rank 0: 590.8878 GFLOP/s , average over ranks: 575.3256 GFLOP/s ) 
Fri Sep 13 21:08:40, Info:  Performance since last sync point: 9.2422 TFLOP/s (rank 0: 593.4916 GFLOP/s , average over ranks: 577.6379 GFLOP/s ) 
Fri Sep 13 21:09:07, Info:  Writing faultoutput at time 1.5.
Fri Sep 13 21:09:07, Info:  Writing faultoutput at time 1.5. Done.
Fri Sep 13 21:09:07, Info:  Writing energy output at time 1.5 
Fri Sep 13 21:09:07, Info:  Elastic energy (total, % kinematic, % potential):  2.05835e+15  , 39.4583  , 60.5417 
Fri Sep 13 21:09:07, Info:  Total momentum (X, Y, Z): 89.2188  , 0.21875  , -106.832 
Fri Sep 13 21:09:07, Info:  Frictional work (total, % static, % radiated):  8.82748e+15  , 11.3515  , 88.6485 
Fri Sep 13 21:09:07, Info:  Seismic moment (without plasticity): 3.27742e+19  Mw: 6.94036 
Fri Sep 13 21:09:07, Info:  Writing energy output at time 1.5 Done. 
Fri Sep 13 21:09:07, Info:  Time spent this phase (total): 27.4154 s (min: 27.4114 s, max: 27.4223 s)
Fri Sep 13 21:09:07, Info:  Time spent this phase (compute): 27.4153 s (min: 27.4108 s, max: 27.4222 s)
Fri Sep 13 21:09:07, Info:  Time spent this phase (IO): 48.6510 ms (min: 40.0892 ms, max: 76.9100 ms)
Fri Sep 13 21:09:07, Info:  Performance since the start: 9.1970 TFLOP/s (rank 0: 590.4983 GFLOP/s , average over ranks: 574.8132 GFLOP/s ) 
Fri Sep 13 21:09:07, Info:  Performance since last sync point: 9.1807 TFLOP/s (rank 0: 589.7208 GFLOP/s , average over ranks: 573.7913 GFLOP/s ) 
Fri Sep 13 21:09:34, Info:  Writing faultoutput at time 2.
Fri Sep 13 21:09:34, Info:  Writing faultoutput at time 2. Done.
Fri Sep 13 21:09:34, Info:  Writing free surface at time 2.
Fri Sep 13 21:09:34, Info:  Writing free surface at time 2. Done.
Fri Sep 13 21:09:34, Info:  Writing energy output at time 2 
Fri Sep 13 21:09:35, Info:  Elastic energy (total, % kinematic, % potential):  2.44128e+15  , 36.3787  , 63.6213 
Fri Sep 13 21:09:35, Info:  Total momentum (X, Y, Z): 179.672  , -14.0625  , -272.414 
Fri Sep 13 21:09:35, Info:  Frictional work (total, % static, % radiated):  9.25192e+15  , 13.1897  , 86.8103 
Fri Sep 13 21:09:35, Info:  Seismic moment (without plasticity): 3.96829e+19  Mw: 6.99574 
Fri Sep 13 21:09:35, Info:  Writing energy output at time 2 Done. 
Fri Sep 13 21:09:35, Info:  Time spent this phase (total): 27.1169 s (min: 27.1102 s, max: 27.1210 s)
Fri Sep 13 21:09:35, Info:  Time spent this phase (compute): 27.1168 s (min: 27.1101 s, max: 27.1209 s)
Fri Sep 13 21:09:35, Info:  Time spent this phase (IO): 48.6616 ms (min: 40.2134 ms, max: 76.1531 ms)
Fri Sep 13 21:09:35, Info:  Performance since the start: 9.2180 TFLOP/s (rank 0: 591.8805 GFLOP/s , average over ranks: 576.1271 GFLOP/s ) 
Fri Sep 13 21:09:35, Info:  Performance since last sync point: 9.2817 TFLOP/s (rank 0: 596.0661 GFLOP/s , average over ranks: 580.1050 GFLOP/s ) 
Fri Sep 13 21:10:02, Info:  Writing faultoutput at time 2.5.
Fri Sep 13 21:10:02, Info:  Writing faultoutput at time 2.5. Done.
Fri Sep 13 21:10:02, Info:  Writing energy output at time 2.5 
Fri Sep 13 21:10:02, Info:  Elastic energy (total, % kinematic, % potential):  2.76296e+15  , 33.8269  , 66.1731 
Fri Sep 13 21:10:02, Info:  Total momentum (X, Y, Z): -131.781  , 96.875  , 1842.04 
Fri Sep 13 21:10:02, Info:  Frictional work (total, % static, % radiated):  9.60324e+15  , 14.6092  , 85.3908 
Fri Sep 13 21:10:02, Info:  Seismic moment (without plasticity): 4.56097e+19  Mw: 7.03604 
Fri Sep 13 21:10:02, Info:  Writing energy output at time 2.5 Done. 
Fri Sep 13 21:10:02, Info:  Time spent this phase (total): 27.1899 s (min: 27.1393 s, max: 27.2235 s)
Fri Sep 13 21:10:02, Info:  Time spent this phase (compute): 27.1899 s (min: 27.1392 s, max: 27.2235 s)
Fri Sep 13 21:10:02, Info:  Time spent this phase (IO): 50.9958 ms (min: 40.1215 ms, max: 100.1256 ms)
Fri Sep 13 21:10:02, Info:  Performance since the start: 9.2257 TFLOP/s (rank 0: 592.2676 GFLOP/s , average over ranks: 576.6090 GFLOP/s ) 
Fri Sep 13 21:10:02, Info:  Performance since last sync point: 9.2567 TFLOP/s (rank 0: 593.8214 GFLOP/s , average over ranks: 578.5453 GFLOP/s ) 
Fri Sep 13 21:10:29, Info:  Writing faultoutput at time 3.
Fri Sep 13 21:10:29, Info:  Writing faultoutput at time 3. Done.
Fri Sep 13 21:10:29, Info:  Writing free surface at time 3.
Fri Sep 13 21:10:29, Info:  Writing free surface at time 3. Done.
Fri Sep 13 21:10:29, Info:  Writing energy output at time 3 
Fri Sep 13 21:10:29, Info:  Elastic energy (total, % kinematic, % potential):  3.02535e+15  , 32.0246  , 67.9754 
Fri Sep 13 21:10:29, Info:  Total momentum (X, Y, Z): -1170.44  , -2376.75  , 40902.9 
Fri Sep 13 21:10:29, Info:  Frictional work (total, % static, % radiated):  9.89033e+15  , 15.7308  , 84.2692 
Fri Sep 13 21:10:29, Info:  Seismic moment (without plasticity): 5.06734e+19  Mw: 7.06652 
Fri Sep 13 21:10:29, Info:  Writing energy output at time 3 Done. 
Fri Sep 13 21:10:29, Info:  Time spent this phase (total): 27.1404 s (min: 27.0992 s, max: 27.2296 s)
Fri Sep 13 21:10:29, Info:  Time spent this phase (compute): 27.1403 s (min: 27.0988 s, max: 27.2295 s)
Fri Sep 13 21:10:29, Info:  Time spent this phase (IO): 49.0403 ms (min: 40.1664 ms, max: 74.4980 ms)
Fri Sep 13 21:10:29, Info:  Performance since the start: 9.2337 TFLOP/s (rank 0: 592.9714 GFLOP/s , average over ranks: 577.1062 GFLOP/s ) 
Fri Sep 13 21:10:29, Info:  Performance since last sync point: 9.2737 TFLOP/s (rank 0: 596.5152 GFLOP/s , average over ranks: 579.6072 GFLOP/s ) 
Fri Sep 13 21:10:56, Info:  Writing faultoutput at time 3.5.
Fri Sep 13 21:10:56, Info:  Writing faultoutput at time 3.5. Done.
Fri Sep 13 21:10:56, Info:  Writing energy output at time 3.5 
Fri Sep 13 21:10:56, Info:  Elastic energy (total, % kinematic, % potential):  3.23711e+15  , 30.5998  , 69.4002 
Fri Sep 13 21:10:56, Info:  Total momentum (X, Y, Z): 17125.7  , -4109.75  , 30780.6 
Fri Sep 13 21:10:56, Info:  Frictional work (total, % static, % radiated):  1.01217e+16  , 16.6196  , 83.3804 
Fri Sep 13 21:10:56, Info:  Seismic moment (without plasticity): 5.49775e+19  Mw: 7.09012 
Fri Sep 13 21:10:56, Info:  Writing energy output at time 3.5 Done. 
Fri Sep 13 21:10:56, Info:  Time spent this phase (total): 27.4517 s (min: 27.4156 s, max: 27.4625 s)
Fri Sep 13 21:10:56, Info:  Time spent this phase (compute): 27.4516 s (min: 27.4155 s, max: 27.4625 s)
Fri Sep 13 21:10:56, Info:  Time spent this phase (IO): 47.5891 ms (min: 40.1109 ms, max: 68.1681 ms)
Fri Sep 13 21:10:56, Info:  Performance since the start: 9.2243 TFLOP/s (rank 0: 592.3615 GFLOP/s , average over ranks: 576.5207 GFLOP/s ) 
Fri Sep 13 21:10:56, Info:  Performance since last sync point: 9.1685 TFLOP/s (rank 0: 588.7285 GFLOP/s , average over ranks: 573.0328 GFLOP/s ) 
Fri Sep 13 21:11:23, Info:  Writing faultoutput at time 4.
Fri Sep 13 21:11:23, Info:  Writing faultoutput at time 4. Done.
Fri Sep 13 21:11:23, Info:  Writing free surface at time 4.
Fri Sep 13 21:11:23, Info:  Writing free surface at time 4. Done.
Fri Sep 13 21:11:23, Info:  Writing energy output at time 4 
Fri Sep 13 21:11:24, Info:  Elastic energy (total, % kinematic, % potential):  3.40335e+15  , 29.2258  , 70.7742 
Fri Sep 13 21:11:24, Info:  Total momentum (X, Y, Z): -89928.8  , 83934.9  , -1.62273e+06 
Fri Sep 13 21:11:24, Info:  Frictional work (total, % static, % radiated):  1.03054e+16  , 17.3338  , 82.6662 
Fri Sep 13 21:11:24, Info:  Seismic moment (without plasticity): 5.86494e+19  Mw: 7.10884 
Fri Sep 13 21:11:24, Info:  Writing energy output at time 4 Done. 
Fri Sep 13 21:11:24, Info:  Time spent this phase (total): 27.2014 s (min: 27.1907 s, max: 27.2248 s)
Fri Sep 13 21:11:24, Info:  Time spent this phase (compute): 27.2013 s (min: 27.1907 s, max: 27.2248 s)
Fri Sep 13 21:11:24, Info:  Time spent this phase (IO): 50.5951 ms (min: 40.2592 ms, max: 77.6254 ms)
Fri Sep 13 21:11:24, Info:  Performance since the start: 9.2279 TFLOP/s (rank 0: 592.5815 GFLOP/s , average over ranks: 576.7429 GFLOP/s ) 
Fri Sep 13 21:11:24, Info:  Performance since last sync point: 9.2528 TFLOP/s (rank 0: 594.1257 GFLOP/s , average over ranks: 578.3029 GFLOP/s ) 
Fri Sep 13 21:11:51, Info:  Writing faultoutput at time 4.5.
Fri Sep 13 21:11:51, Info:  Writing faultoutput at time 4.5. Done.
Fri Sep 13 21:11:51, Info:  Writing energy output at time 4.5 
Fri Sep 13 21:11:51, Info:  Elastic energy (total, % kinematic, % potential):  3.53539e+15  , 27.6918  , 72.3082 
Fri Sep 13 21:11:51, Info:  Total momentum (X, Y, Z): 379160  , -175668  , 5.45232e+06 
Fri Sep 13 21:11:51, Info:  Frictional work (total, % static, % radiated):  1.04543e+16  , 17.9309  , 82.0691 
Fri Sep 13 21:11:51, Info:  Seismic moment (without plasticity): 6.18114e+19  Mw: 7.12405 
Fri Sep 13 21:11:51, Info:  Writing energy output at time 4.5 Done. 
Fri Sep 13 21:11:51, Info:  Time spent this phase (total): 27.1807 s (min: 27.1646 s, max: 27.1988 s)
Fri Sep 13 21:11:51, Info:  Time spent this phase (compute): 27.1807 s (min: 27.1645 s, max: 27.1987 s)
Fri Sep 13 21:11:51, Info:  Time spent this phase (IO): 48.2109 ms (min: 40.1096 ms, max: 74.0590 ms)
Fri Sep 13 21:11:51, Info:  Performance since the start: 9.2314 TFLOP/s (rank 0: 592.8316 GFLOP/s , average over ranks: 576.9646 GFLOP/s ) 
Fri Sep 13 21:11:51, Info:  Performance since last sync point: 9.2599 TFLOP/s (rank 0: 594.8404 GFLOP/s , average over ranks: 578.7445 GFLOP/s ) 
Fri Sep 13 21:12:18, Info:  Writing faultoutput at time 5.
Fri Sep 13 21:12:18, Info:  Writing faultoutput at time 5. Done.
Fri Sep 13 21:12:18, Info:  Writing free surface at time 5.
Fri Sep 13 21:12:18, Info:  Writing free surface at time 5. Done.
Fri Sep 13 21:12:18, Info:  Wrote receivers in 3.85e-07 seconds. 
Fri Sep 13 21:12:18, Info:  Writing energy output at time 5 
Fri Sep 13 21:12:18, Info:  Elastic energy (total, % kinematic, % potential):  3.64684e+15  , 25.9874  , 74.0126 
Fri Sep 13 21:12:18, Info:  Total momentum (X, Y, Z): -563676  , 1.23944e+06  , -1.37062e+07 
Fri Sep 13 21:12:18, Info:  Frictional work (total, % static, % radiated):  1.05806e+16  , 18.4483  , 81.5517 
Fri Sep 13 21:12:18, Info:  Seismic moment (without plasticity): 6.45792e+19  Mw: 7.13673 
Fri Sep 13 21:12:18, Info:  Writing energy output at time 5 Done. 
Fri Sep 13 21:12:18, Info:  Time spent this phase (total): 27.1472 s (min: 27.1457 s, max: 27.1509 s)
Fri Sep 13 21:12:18, Info:  Time spent this phase (compute): 27.1471 s (min: 27.1457 s, max: 27.1505 s)
Fri Sep 13 21:12:18, Info:  Time spent this phase (IO): 49.0383 ms (min: 40.2623 ms, max: 79.2218 ms)
Fri Sep 13 21:12:18, Info:  Performance since the start: 9.2354 TFLOP/s (rank 0: 593.0854 GFLOP/s , average over ranks: 577.2130 GFLOP/s ) 
Fri Sep 13 21:12:18, Info:  Performance since last sync point: 9.2713 TFLOP/s (rank 0: 595.3796 GFLOP/s , average over ranks: 579.4579 GFLOP/s ) 
Fri Sep 13 21:12:18, Info:  Ignoring duplicate synchronisation point at time 5 ; the last sync point was at  5 
Fri Sep 13 21:12:18, Info:  Ignoring duplicate synchronisation point at time 5 ; the last sync point was at  5 
Fri Sep 13 21:12:18, Info:  Ignoring duplicate synchronisation point at time 5 ; the last sync point was at  5 
Fri Sep 13 21:12:18, Info:  Ignoring duplicate synchronisation point at time 5 ; the last sync point was at  5 
Fri Sep 13 21:12:18, Info:  Simulation time (total): 4 min 32.5280 s (min: 4 min 32.4807 s, max: 4 min 32.5605 s)
Fri Sep 13 21:12:18, Info:  Simulation time (compute): 4 min 31.9881 s (min: 4 min 31.7145 s, max: 4 min 32.1108 s)
Fri Sep 13 21:12:18, Info:  Simulation time (IO): 538.4350 ms (min: 443.3795 ms, max: 839.5545 ms)
Fri Sep 13 21:12:18, Info:  Time spent in compute kernels: mean = 254.59  std = 7.60559  min = 239.347  median = 255.408  max = 268.356 
Fri Sep 13 21:12:18, Info:  Load imbalance: 5.12981 % 
Fri Sep 13 21:12:18, Info:  Regression analysis of compute kernels: 
Fri Sep 13 21:12:18, Info:  "computeLocalIntegration" (total time): 1233.34 s ( = 20 min 33.3391 s ) 
Fri Sep 13 21:12:18, Info:  "computeLocalIntegration" ( constant ): 2.30331e-05 (sample size: 1.26259e+06 , standard error: 9.72967e-12 ) 
Fri Sep 13 21:12:18, Info:  "computeLocalIntegration" ( per element ): 8.3125e-08 (sample size: 1.26259e+06 , standard error: 9.72967e-12 ) 
Fri Sep 13 21:12:18, Info:  "computeNeighboringIntegration" (total time): 1506.19 s ( = 25 min 6.1919 s ) 
Fri Sep 13 21:12:18, Info:  "computeNeighboringIntegration" ( constant ): 0.000138754 (sample size: 1.26259e+06 , standard error: 1.49499e-11 ) 
Fri Sep 13 21:12:18, Info:  "computeNeighboringIntegration" ( per element ): 9.18737e-08 (sample size: 1.26259e+06 , standard error: 1.49499e-11 ) 
Fri Sep 13 21:12:18, Info:  "computeDynamicRupture" (total time): 1333.9 s ( = 22 min 13.9035 s ) 
Fri Sep 13 21:12:18, Info:  "computeDynamicRupture" ( constant ): 8.27541e-05 (sample size: 1.01671e+06 , standard error: 8.32809e-11 ) 
Fri Sep 13 21:12:18, Info:  "computeDynamicRupture" ( per element ): 4.5247e-07 (sample size: 1.01671e+06 , standard error: 8.32809e-11 ) 
Fri Sep 13 21:12:18, Info:  "computePointSources" (total time): 0 s ( = 0.0000 s ) 
Fri Sep 13 21:12:18, Info:  "computePointSources" ( constant ): -nan (sample size: 0 , standard error: -nan ) 
Fri Sep 13 21:12:18, Info:  "computePointSources" ( per element ): -nan (sample size: 0 , standard error: -nan ) 
Fri Sep 13 21:12:18, Info:  Total time spent in compute kernels: 4073.43 s ( = 1 h 7 min 53.4345 s ) 
Fri Sep 13 21:12:18, Info:  Total calculated HW-FLOP:  2.5169 PFLOP 
Fri Sep 13 21:12:18, Info:  Total calculated NZ-FLOP:  1.0061 PFLOP 
Fri Sep 13 21:12:18, Info:  Total calculated HW-FLOP/s:  9.2343 TFLOP/s 
Fri Sep 13 21:12:18, Info:  Total calculated NZ-FLOP/s:  3.6914 TFLOP/s 
Fri Sep 13 21:12:18, Info:  WP calculated HW-FLOP:  2.0854 PFLOP 
Fri Sep 13 21:12:18, Info:  WP calculated NZ-FLOP:  685.2926 TFLOP 
Fri Sep 13 21:12:18, Info:  DR calculated HW-FLOP:  431.5044 TFLOP 
Fri Sep 13 21:12:18, Info:  DR calculated NZ-FLOP:  320.8427 TFLOP 
Fri Sep 13 21:12:18, Info:  PL calculated HW-FLOP:  0.0000 FLOP 
Fri Sep 13 21:12:18, Info:  PL calculated NZ-FLOP:  0.0000 FLOP 
Fri Sep 13 21:12:18, Info:  Time spent in simulation: 4 min 32.5611 s (min: 4 min 32.5610 s, max: 4 min 32.5620 s)
Fri Sep 13 21:12:18, Info:  Simulation done. 
Fri Sep 13 21:12:18, Info:  Closing IO. 
Fri Sep 13 21:12:19, Info:  Time fault writer backend: 1.1955 s (min: 405.4283 ms, max: 7.8439 s)
Fri Sep 13 21:12:19, Info:  Time fault writer frontend: 12.1009 ms (min: 10.3200 ms, max: 14.0206 ms)
Fri Sep 13 21:12:19, Info:  Time free surface writer backend: 219.7654 ms (min: 161.9510 µs, max: 2.0931 s)
Fri Sep 13 21:12:19, Info:  Time free surface writer frontend: 1.4642 ms (min: 103.7520 µs, max: 7.5815 ms)
Fri Sep 13 21:12:19, Info:  SeisSol done. Goodbye. 
SeisSol complete.
/hppfs/scratch/01/di35poq/haiti-rupture-outputs/dynamic-rupture-outputs/variable_SH_max/jobid_3912515 ~/haiti-rupture-inputs/dynamic-rupture/variable_SH_max
Writing hdf5 output with compression enabled (compression_level=4). 
Use --compression=0 if you want to speed-up data extraction.
u1: 0it [00:00, ?it/s]u1: 5it [00:00, 202.14it/s]
u2: 0it [00:00, ?it/s]u2: 5it [00:00, 208.85it/s]
u3: 0it [00:00, ?it/s]u3: 1it [00:00,  4.83it/s]u3: 5it [00:00, 22.11it/s]
done writing output_jobid_3912515_extracted-surface.h5
done writing output_jobid_3912515_extracted-surface.xdmf
full path: /hppfs/scratch/01/di35poq/haiti-rupture-outputs/dynamic-rupture-outputs/variable_SH_max/jobid_3912515/output_jobid_3912515_extracted-surface.xdmf
Working on JobID: 3912515
No matching file found for jobid 3912515. Assigning output-fault.xdmf instead
/hppfs/scratch/01/di35poq/haiti-rupture-outputs/dynamic-rupture-outputs/variable_SH_max/jobid_3912515/output-fault.xdmf
warning: Mw computed over 0-85s (avoiding contribution of small residual moment after rupture)
jobid_3912515 moment magnitude: 7.136728440481582 (M0 = 6.4579e+19)
Finished writing /hppfs/scratch/01/di35poq/haiti-rupture-outputs/dynamic-rupture-outputs/variable_SH_max/jobid_3912515/moment_rate_mainshock.png
Looking for output-fault.xdmf
mu_s: 0.5
mu_d: 0.16
done writing /hppfs/scratch/01/di35poq/haiti-rupture-outputs/dynamic-rupture-outputs/variable_SH_max/jobid_3912515/output_jobid_3912515_extracted-fault.xdmf
full path: /hppfs/scratch/01/di35poq/haiti-rupture-outputs/dynamic-rupture-outputs/variable_SH_max/jobid_3912515/output_jobid_3912515_extracted-fault.xdmf
done writing /hppfs/scratch/01/di35poq/haiti-rupture-outputs/dynamic-rupture-outputs/variable_SH_max/jobid_3912515/output_jobid_3912515_extracted-fault.h5
Job ID set as: 3912515
mu_s: 0.5
mu_d: 0.16
~/haiti-rupture-inputs/dynamic-rupture/variable_SH_max
