Fri Jun 21 11:09:28, Info:  Using the parameter file parameters.par 
Fri Jun 21 11:09:28, Info:  Reading SeisSol parameter file... 
Fri Jun 21 11:09:28, Info:  In your parameter file, you have specified a non-positive interval for "checkpointinterval" . This mechanism is deprecated and may be removed in a future version of SeisSol. Consider disabling the whole module by setting "checkpoint" to 0 instead by adding "checkpoint = 0" to the "output" section of your parameter file instead. 
Fri Jun 21 11:09:28, Info:  The field "printintervalcriterion" is no longer in use. You may safely remove it from your parameters file. 
Fri Jun 21 11:09:28, Info:  The field "printintervalcriterion" is no longer in use. You may safely remove it from your parameters file. 
Fri Jun 21 11:09:28, Info:  The field "pickdttype" is no longer in use. You may safely remove it from your parameters file. 
Fri Jun 21 11:09:28, Info:  The field "faultoutputflag" is no longer in use. You may safely remove it from your parameters file. 
Fri Jun 21 11:09:28, Info:  The field "boundaries" is no longer in use. You may safely remove it from your parameters file. 
Fri Jun 21 11:09:28, Info:  SeisSol parameter file read successfully. 
Fri Jun 21 11:09:28, Info:  Model information: 
Fri Jun 21 11:09:28, Info:  Elastic model: yes 
Fri Jun 21 11:09:28, Info:  Viscoelastic model: no 
Fri Jun 21 11:09:28, Info:  Anelastic model: no 
Fri Jun 21 11:09:28, Info:  Poroelastic model: no 
Fri Jun 21 11:09:28, Info:  Anisotropic model: no 
Fri Jun 21 11:09:28, Info:  Plasticity: no 
Fri Jun 21 11:09:28, Info:  Welcome to SeisSol 
Fri Jun 21 11:09:28, Info:  Copyright (c) 2012 - 2024  SeisSol Group 
Fri Jun 21 11:09:28, Info:  Version: v1.1.4-148-g60aedc8c (dirty) 
Fri Jun 21 11:09:28, Info:  Built on: Jun 17 2024 21:03:35 
Fri Jun 21 11:09:28, Info:  Last commit: 60aedc8c2ae0a5d9e5a46cc3a40e4eaf1c047225 at 2024-06-06T12:54:08+00:00 
Fri Jun 21 11:09:28, Info:  Compiled with HOST_ARCH = skx 
Fri Jun 21 11:09:28, Info:  Running on (rank=0): "i01r01c01s01" 
Fri Jun 21 11:09:28, Info:  Using MPI with #ranks: 16 
Fri Jun 21 11:09:28, Info:  Node-wide (shared memory) MPI with #ranks/node: 1 
Fri Jun 21 11:09:28, Info:  Using asynchronous MPI routines. 
Fri Jun 21 11:09:28, Info:  Using OMP with #threads/rank: 94 
Fri Jun 21 11:09:28, Info:  OpenMP worker affinity (this process): "0123456789|0123456789|0123456789|0123456789|0123456-89|0123456789|0123456789|0123456789|0123456789|01234-" 
Fri Jun 21 11:09:28, Info:  OpenMP worker affinity (this node)   : "0123456789|0123456789|0123456789|0123456789|0123456-89|0123456789|0123456789|0123456789|0123456789|01234-" 
Fri Jun 21 11:09:28, Info:  Using a communication thread for advancing MPI communication. 
Fri Jun 21 11:09:28, Info:  Communication thread affinity        : "----------|----------|----------|----------|-------7--|----------|----------|----------|----------|-----5" 
Fri Jun 21 11:09:28, Info:  The stack size ulimit is 2097152 [kiB] ( = 2.0000 GiB ). 
Fri Jun 21 11:09:28, Info:  Begin init mesh. 
Fri Jun 21 11:09:28, Info:  Mesh file: "/dss/dsshome1/01/di35poq/mesh/mesh_v07/Haiti_v07_lowres" 
Fri Jun 21 11:09:28, Info:  Running mini SeisSol to determine node weights. 
Fri Jun 21 11:09:28, Info:  miniSeisSol configured with 50000 elements and 10 repeats per process 
Fri Jun 21 11:09:28, Info:  Node weights: mean = 41.4174  std = 0.383286  min = 40.5594  median = 41.528  max = 42.0716 
Fri Jun 21 11:09:28, Info:  Reading PUML mesh 
Fri Jun 21 11:09:28, Info:  Inferring boundary format. 
Fri Jun 21 11:09:28, Info:  Boundary format not given in PUML file; inferring from array shape. 
Fri Jun 21 11:09:28, Info:  Using boundary format: i32 (4xi8) 
Fri Jun 21 11:09:28, Info:  Found 2685422 cells 
Fri Jun 21 11:09:28, Info:  Found 477078 vertices 
Fri Jun 21 11:09:30, Info:  Computing LTS weights. 
Fri Jun 21 11:09:33, Info:  Limiting number of clusters to 2147483646 
Fri Jun 21 11:09:33, Info:  Computing LTS weights. Done.  (108216 reductions.)
Fri Jun 21 11:09:33, Info:  Using the Parmetis partition library and strategy. 
Fri Jun 21 11:09:36, Info:  PUML mesh read in: 7.7138 s (min: 7.6382 s, max: 7.8453 s)
Fri Jun 21 11:09:36, Info:  The mesh has been read. Starting post processing. 
Fri Jun 21 11:09:36, Info:  Extracting fault information. 
Fri Jun 21 11:09:36, Info:  Exchanging ghostlayer metadata. 
Fri Jun 21 11:09:38, Info:  Mesh initialized in: 9.7616 s (min: 9.7613 s, max: 9.7621 s)
Fri Jun 21 11:09:38, Info:  End init mesh. 
Fri Jun 21 11:09:38, Info:  Begin init model. 
Fri Jun 21 11:09:38, Info:  Initialize LTS. 
Fri Jun 21 11:09:38, Info:  Deriving clusters ids for min. time step width / multiRate: 0.000213316 / 2 
Fri Jun 21 11:09:38, Info:  Due to wiggle factor of 1 the minimum timestep size is reduced to 0.000213316 
Fri Jun 21 11:09:38, Info:  Number of elements in time clusters: 
Fri Jun 21 11:09:38, Info:  0: 2088 
Fri Jun 21 11:09:38, Info:  1: 265401 
Fri Jun 21 11:09:38, Info:  2: 1618976 
Fri Jun 21 11:09:38, Info:  3: 538212 
Fri Jun 21 11:09:38, Info:  4: 147352 
Fri Jun 21 11:09:38, Info:  5: 35652 
Fri Jun 21 11:09:38, Info:  6: 11329 
Fri Jun 21 11:09:38, Info:  7: 18592 
Fri Jun 21 11:09:38, Info:  8: 47781 
Fri Jun 21 11:09:38, Info:  9: 39 
Fri Jun 21 11:09:38, Info:  maximum theoretical speedup (compared to GTS): 6.4313 per cell LTS, 4.34786 with the used clustering. 
Fri Jun 21 11:09:38, Info:  Number of elements in dynamic rupture time clusters: 
Fri Jun 21 11:09:38, Info:  0 (dr): 617 
Fri Jun 21 11:09:38, Info:  1 (dr): 78817 
Fri Jun 21 11:09:38, Info:  2 (dr): 309953 
Fri Jun 21 11:09:38, Info:  3 (dr): 2510 
Fri Jun 21 11:09:38, Info:  4 (dr): 0 
Fri Jun 21 11:09:38, Info:  5 (dr): 0 
Fri Jun 21 11:09:38, Info:  6 (dr): 0 
Fri Jun 21 11:09:38, Info:  7 (dr): 0 
Fri Jun 21 11:09:38, Info:  8 (dr): 0 
Fri Jun 21 11:09:38, Info:  9 (dr): 0 
Fri Jun 21 11:09:38, Info:  Initialize Friction Model 
Fri Jun 21 11:09:38, Info:  Initialize cell material parameters. 
Fri Jun 21 11:09:39, Info:  Initialize Memory layout. 
Fri Jun 21 11:09:40, Info:  Initialize cell-local matrices. 
Fri Jun 21 11:09:40, Info:  Initializing Fault, using a quadrature rule with  25  points. 
Fri Jun 21 11:09:42, Info:  Model initialized in: 4.7990 s (min: 4.7972 s, max: 4.8027 s)
Fri Jun 21 11:09:42, Info:  End init model. 
Fri Jun 21 11:09:42, Info:  Setting initial conditions. 
Fri Jun 21 11:09:42, Info:  Using initial condition "Zero" . 
Fri Jun 21 11:09:42, Info:  Reading source. 
Fri Jun 21 11:09:42, Info:  No source term specified. 
Fri Jun 21 11:09:42, Info:  Setting up boundary conditions. 
Fri Jun 21 11:09:42, Info:  Begin init output. 
Fri Jun 21 11:09:42, Info:  Initializing free surface integrator. 
Fri Jun 21 11:09:42, Info:  Initializing free surface integrator. Done. 
Fri Jun 21 11:09:42, Info:  Enabling 2D fault output 
Fri Jun 21 11:09:42, Info:  Initializing Fault output. Number of sub-triangles: 4 
Fri Jun 21 11:09:43, Info:  Initializing XDMF fault output. 
Fri Jun 21 11:09:43, Info:  Fault writer thread affinity: "----------|----------|----------|----------|-------7--|----------|----------|----------|----------|-----5" 
Fri Jun 21 11:09:43, Info:  Initializing XDMF fault output. Done. 
Fri Jun 21 11:09:43, Info:  Wave field writer thread affinity: "----------|----------|----------|----------|-------7--|----------|----------|----------|----------|-----5" 
Fri Jun 21 11:09:43, Info:  Initializing XDMF wave field output. 
Fri Jun 21 11:09:43, Info:  Refinement is turned off. 
Fri Jun 21 11:09:43, Info:  Refinement class initialized 
Fri Jun 21 11:09:43, Info:  VariableSubsampler initialized 
Fri Jun 21 11:09:43, Info:  High order output initialized 
Fri Jun 21 11:09:43, Info:  Initializing XDMF wave field output. Done. 
Fri Jun 21 11:09:43, Info:  Initializing free surface output. 
Fri Jun 21 11:09:43, Info:  Free surface writer thread affinity: "----------|----------|----------|----------|-------7--|----------|----------|----------|----------|-----5" 
Fri Jun 21 11:09:43, Info:  No record points read. 
Fri Jun 21 11:09:43, Info:  Finding meshIds for receivers... 
Fri Jun 21 11:09:43, Info:  Cleaning possible double occurring receivers for MPI... 
Fri Jun 21 11:09:43, Info:  Mapping receivers to LTS cells... 
Fri Jun 21 11:09:43, Info:  Initializing energy output. 
Fri Jun 21 11:09:43, Info:  End init output. 
Fri Jun 21 11:09:43, Info:  Initializing free surface output. Done. 
Fri Jun 21 11:09:43, Info:  Finishing initialization... 
Fri Jun 21 11:09:43, Info:  Starting simulation. 
Fri Jun 21 11:09:43, Info:  Writing faultoutput at time 0.
Fri Jun 21 11:09:43, Info:  Writing faultoutput at time 0. Done.
Fri Jun 21 11:09:43, Info:  Waiting for last wave field. 
Fri Jun 21 11:09:43, Info:  Writing wave field at time 0.
Fri Jun 21 11:09:43, Info:  Writing wave field at time 0. Done.
Fri Jun 21 11:09:43, Info:  Writing free surface at time 0.
Fri Jun 21 11:09:43, Info:  Writing free surface at time 0. Done.
Fri Jun 21 11:09:43, Info:  Writing energy output at time 0 
Fri Jun 21 11:09:43, Info:  Total momentum (X, Y, Z): 0  , 0  , 0 
Fri Jun 21 11:09:43, Info:  Writing energy output at time 0 Done. 
Fri Jun 21 11:09:43, Info:  Time spent for initial IO: 64.3236 ms (min: 51.3467 ms, max: 81.0174 ms)
Fri Jun 21 11:10:11, Info:  Writing faultoutput at time 0.5.
Fri Jun 21 11:10:11, Info:  Writing faultoutput at time 0.5. Done.
Fri Jun 21 11:10:11, Info:  Writing energy output at time 0.5 
Fri Jun 21 11:10:11, Info:  Elastic energy (total, % kinematic, % potential):  2.50843e+16  , 47.7925  , 52.2075 
Fri Jun 21 11:10:11, Info:  Total momentum (X, Y, Z): 3.5625  , -1.03125  , -0.640625 
Fri Jun 21 11:10:11, Info:  Frictional work (total, % static, % radiated):  2.64951e+16  , 19.364  , 80.636 
Fri Jun 21 11:10:11, Info:  Seismic moment (without plasticity): 6.56755e+19  Mw: 7.1416 
Fri Jun 21 11:10:11, Info:  Writing energy output at time 0.5 Done. 
Fri Jun 21 11:10:11, Info:  Time spent this phase (total): 27.7979 s (min: 27.7601 s, max: 27.8211 s)
Fri Jun 21 11:10:11, Info:  Time spent this phase (compute): 27.7336 s (min: 27.7004 s, max: 27.7595 s)
Fri Jun 21 11:10:11, Info:  Time spent this phase (IO): 55.3026 ms (min: 40.4591 ms, max: 88.1797 ms)
Fri Jun 21 11:10:11, Info:  Performance since the start: 9.0542 TFLOP/s (rank 0: 545.9612 GFLOP/s , average over ranks: 565.8851 GFLOP/s ) 
Fri Jun 21 11:10:11, Info:  Performance since last sync point: 9.0542 TFLOP/s (rank 0: 545.9612 GFLOP/s , average over ranks: 565.8851 GFLOP/s ) 
Fri Jun 21 11:10:39, Info:  Writing faultoutput at time 1.
Fri Jun 21 11:10:39, Info:  Writing faultoutput at time 1. Done.
Fri Jun 21 11:10:39, Info:  Writing energy output at time 1 
Fri Jun 21 11:10:39, Info:  Elastic energy (total, % kinematic, % potential):  2.44619e+16  , 44.944  , 55.056 
Fri Jun 21 11:10:39, Info:  Total momentum (X, Y, Z): 88.5  , -44.8125  , 50.2188 
Fri Jun 21 11:10:39, Info:  Frictional work (total, % static, % radiated):  2.82601e+16  , 6.53268  , 93.4673 
Fri Jun 21 11:10:39, Info:  Seismic moment (without plasticity): 8.03859e+19  Mw: 7.20012 
Fri Jun 21 11:10:39, Info:  Writing energy output at time 1 Done. 
Fri Jun 21 11:10:39, Info:  Time spent this phase (total): 28.2060 s (min: 28.1930 s, max: 28.2446 s)
Fri Jun 21 11:10:39, Info:  Time spent this phase (compute): 28.2058 s (min: 28.1929 s, max: 28.2445 s)
Fri Jun 21 11:10:39, Info:  Time spent this phase (IO): 54.4373 ms (min: 40.6239 ms, max: 88.1369 ms)
Fri Jun 21 11:10:39, Info:  Performance since the start: 8.9882 TFLOP/s (rank 0: 542.1608 GFLOP/s , average over ranks: 561.7610 GFLOP/s ) 
Fri Jun 21 11:10:39, Info:  Performance since last sync point: 8.9231 TFLOP/s (rank 0: 538.4128 GFLOP/s , average over ranks: 557.6968 GFLOP/s ) 
Fri Jun 21 11:11:06, Info:  Writing faultoutput at time 1.5.
Fri Jun 21 11:11:06, Info:  Writing faultoutput at time 1.5. Done.
Fri Jun 21 11:11:06, Info:  Writing energy output at time 1.5 
Fri Jun 21 11:11:06, Info:  Elastic energy (total, % kinematic, % potential):  2.23393e+16  , 43.4826  , 56.5174 
Fri Jun 21 11:11:06, Info:  Total momentum (X, Y, Z): 101.125  , -60.0312  , 94.6875 
Fri Jun 21 11:11:06, Info:  Frictional work (total, % static, % radiated):  2.82611e+16  , 8.39605  , 91.604 
Fri Jun 21 11:11:06, Info:  Seismic moment (without plasticity): 8.04429e+19  Mw: 7.20033 
Fri Jun 21 11:11:06, Info:  Writing energy output at time 1.5 Done. 
Fri Jun 21 11:11:06, Info:  Time spent this phase (total): 26.3273 s (min: 26.2948 s, max: 26.3673 s)
Fri Jun 21 11:11:06, Info:  Time spent this phase (compute): 26.3272 s (min: 26.2948 s, max: 26.3672 s)
Fri Jun 21 11:11:06, Info:  Time spent this phase (IO): 50.5001 ms (min: 39.1348 ms, max: 68.3260 ms)
Fri Jun 21 11:11:06, Info:  Performance since the start: 9.1710 TFLOP/s (rank 0: 553.3297 GFLOP/s , average over ranks: 573.1868 GFLOP/s ) 
Fri Jun 21 11:11:06, Info:  Performance since last sync point: 9.5599 TFLOP/s (rank 0: 577.1074 GFLOP/s , average over ranks: 597.4925 GFLOP/s ) 
Fri Jun 21 11:11:32, Info:  Writing faultoutput at time 2.
Fri Jun 21 11:11:32, Info:  Writing faultoutput at time 2. Done.
Fri Jun 21 11:11:32, Info:  Writing energy output at time 2 
Fri Jun 21 11:11:32, Info:  Elastic energy (total, % kinematic, % potential):  2.05478e+16  , 42.4154  , 57.5846 
Fri Jun 21 11:11:32, Info:  Total momentum (X, Y, Z): 117.125  , 77.75  , 125.25 
Fri Jun 21 11:11:32, Info:  Frictional work (total, % static, % radiated):  2.82604e+16  , 9.27415  , 90.7258 
Fri Jun 21 11:11:32, Info:  Seismic moment (without plasticity): 8.04685e+19  Mw: 7.20042 
Fri Jun 21 11:11:32, Info:  Writing energy output at time 2 Done. 
Fri Jun 21 11:11:32, Info:  Time spent this phase (total): 26.0772 s (min: 26.0434 s, max: 26.0992 s)
Fri Jun 21 11:11:32, Info:  Time spent this phase (compute): 26.0771 s (min: 26.0434 s, max: 26.0991 s)
Fri Jun 21 11:11:32, Info:  Time spent this phase (IO): 53.9426 ms (min: 40.5378 ms, max: 83.2890 ms)
Fri Jun 21 11:11:32, Info:  Performance since the start: 9.2866 TFLOP/s (rank 0: 560.3269 GFLOP/s , average over ranks: 580.4124 GFLOP/s ) 
Fri Jun 21 11:11:32, Info:  Performance since last sync point: 9.6516 TFLOP/s (rank 0: 582.4221 GFLOP/s , average over ranks: 603.2253 GFLOP/s ) 
Fri Jun 21 11:11:58, Info:  Writing faultoutput at time 2.5.
Fri Jun 21 11:11:58, Info:  Writing faultoutput at time 2.5. Done.
Fri Jun 21 11:11:58, Info:  Writing energy output at time 2.5 
Fri Jun 21 11:11:58, Info:  Elastic energy (total, % kinematic, % potential):  1.92135e+16  , 41.7383  , 58.2617 
Fri Jun 21 11:11:58, Info:  Total momentum (X, Y, Z): 131.75  , 13.25  , -21.25 
Fri Jun 21 11:11:58, Info:  Frictional work (total, % static, % radiated):  2.82604e+16  , 10.1153  , 89.8847 
Fri Jun 21 11:11:58, Info:  Seismic moment (without plasticity): 8.04817e+19  Mw: 7.20046 
Fri Jun 21 11:11:58, Info:  Writing energy output at time 2.5 Done. 
Fri Jun 21 11:11:58, Info:  Time spent this phase (total): 26.1002 s (min: 26.0570 s, max: 26.1530 s)
Fri Jun 21 11:11:58, Info:  Time spent this phase (compute): 26.1001 s (min: 26.0570 s, max: 26.1530 s)
Fri Jun 21 11:11:58, Info:  Time spent this phase (IO): 60.5977 ms (min: 40.5250 ms, max: 118.5312 ms)
Fri Jun 21 11:11:58, Info:  Performance since the start: 9.3558 TFLOP/s (rank 0: 564.4525 GFLOP/s , average over ranks: 584.7359 GFLOP/s ) 
Fri Jun 21 11:11:58, Info:  Performance since last sync point: 9.6431 TFLOP/s (rank 0: 581.5808 GFLOP/s , average over ranks: 602.6947 GFLOP/s ) 
Fri Jun 21 11:12:24, Info:  Writing faultoutput at time 3.
Fri Jun 21 11:12:24, Info:  Writing faultoutput at time 3. Done.
Fri Jun 21 11:12:24, Info:  Writing energy output at time 3 
Fri Jun 21 11:12:24, Info:  Elastic energy (total, % kinematic, % potential):  1.8115e+16  , 41.1015  , 58.8985 
Fri Jun 21 11:12:24, Info:  Total momentum (X, Y, Z): 644.25  , -380.125  , 3992.5 
Fri Jun 21 11:12:24, Info:  Frictional work (total, % static, % radiated):  2.82604e+16  , 10.5915  , 89.4085 
Fri Jun 21 11:12:24, Info:  Seismic moment (without plasticity): 8.04905e+19  Mw: 7.2005 
Fri Jun 21 11:12:24, Info:  Writing energy output at time 3 Done. 
Fri Jun 21 11:12:24, Info:  Time spent this phase (total): 26.0911 s (min: 26.0877 s, max: 26.1067 s)
Fri Jun 21 11:12:24, Info:  Time spent this phase (compute): 26.0910 s (min: 26.0876 s, max: 26.1067 s)
Fri Jun 21 11:12:24, Info:  Time spent this phase (IO): 58.8909 ms (min: 40.5801 ms, max: 111.2094 ms)
Fri Jun 21 11:12:24, Info:  Performance since the start: 9.4030 TFLOP/s (rank 0: 567.3388 GFLOP/s , average over ranks: 587.6871 GFLOP/s ) 
Fri Jun 21 11:12:24, Info:  Performance since last sync point: 9.6464 TFLOP/s (rank 0: 582.2250 GFLOP/s , average over ranks: 602.9016 GFLOP/s ) 
Fri Jun 21 11:12:50, Info:  Writing faultoutput at time 3.5.
Fri Jun 21 11:12:50, Info:  Writing faultoutput at time 3.5. Done.
Fri Jun 21 11:12:50, Info:  Writing energy output at time 3.5 
Fri Jun 21 11:12:50, Info:  Elastic energy (total, % kinematic, % potential):  1.72291e+16  , 40.3786  , 59.6214 
Fri Jun 21 11:12:50, Info:  Total momentum (X, Y, Z): -521.75  , -1558.88  , 15158 
Fri Jun 21 11:12:50, Info:  Frictional work (total, % static, % radiated):  2.82604e+16  , 10.9906  , 89.0094 
Fri Jun 21 11:12:50, Info:  Seismic moment (without plasticity): 8.0497e+19  Mw: 7.20052 
Fri Jun 21 11:12:50, Info:  Writing energy output at time 3.5 Done. 
Fri Jun 21 11:12:50, Info:  Time spent this phase (total): 26.1878 s (min: 26.1534 s, max: 26.2708 s)
Fri Jun 21 11:12:50, Info:  Time spent this phase (compute): 26.1877 s (min: 26.1533 s, max: 26.2708 s)
Fri Jun 21 11:12:50, Info:  Time spent this phase (IO): 64.1346 ms (min: 40.5288 ms, max: 152.3696 ms)
Fri Jun 21 11:12:50, Info:  Performance since the start: 9.4321 TFLOP/s (rank 0: 569.0213 GFLOP/s , average over ranks: 589.5086 GFLOP/s ) 
Fri Jun 21 11:12:50, Info:  Performance since last sync point: 9.6109 TFLOP/s (rank 0: 579.3294 GFLOP/s , average over ranks: 600.6801 GFLOP/s ) 
Fri Jun 21 11:13:16, Info:  Writing faultoutput at time 4.
Fri Jun 21 11:13:16, Info:  Writing faultoutput at time 4. Done.
Fri Jun 21 11:13:16, Info:  Writing energy output at time 4 
Fri Jun 21 11:13:16, Info:  Elastic energy (total, % kinematic, % potential):  1.64596e+16  , 39.7779  , 60.2221 
Fri Jun 21 11:13:16, Info:  Total momentum (X, Y, Z): -8723.5  , 21123.8  , -445506 
Fri Jun 21 11:13:16, Info:  Frictional work (total, % static, % radiated):  2.82604e+16  , 11.1397  , 88.8603 
Fri Jun 21 11:13:16, Info:  Seismic moment (without plasticity): 8.05019e+19  Mw: 7.20054 
Fri Jun 21 11:13:16, Info:  Writing energy output at time 4 Done. 
Fri Jun 21 11:13:16, Info:  Time spent this phase (total): 26.1763 s (min: 26.0753 s, max: 26.2129 s)
Fri Jun 21 11:13:16, Info:  Time spent this phase (compute): 26.1762 s (min: 26.0753 s, max: 26.2128 s)
Fri Jun 21 11:13:16, Info:  Time spent this phase (IO): 60.5412 ms (min: 40.5054 ms, max: 118.4081 ms)
Fri Jun 21 11:13:16, Info:  Performance since the start: 9.4546 TFLOP/s (rank 0: 570.4790 GFLOP/s , average over ranks: 590.9135 GFLOP/s ) 
Fri Jun 21 11:13:16, Info:  Performance since last sync point: 9.6150 TFLOP/s (rank 0: 580.8962 GFLOP/s , average over ranks: 600.9403 GFLOP/s ) 
Fri Jun 21 11:13:42, Info:  Writing faultoutput at time 4.5.
Fri Jun 21 11:13:42, Info:  Writing faultoutput at time 4.5. Done.
Fri Jun 21 11:13:42, Info:  Writing energy output at time 4.5 
Fri Jun 21 11:13:42, Info:  Elastic energy (total, % kinematic, % potential):  1.57552e+16  , 38.6159  , 61.3841 
Fri Jun 21 11:13:42, Info:  Total momentum (X, Y, Z): -17150  , -56931.2  , 1.87046e+06 
Fri Jun 21 11:13:42, Info:  Frictional work (total, % static, % radiated):  2.82604e+16  , 11.2615  , 88.7385 
Fri Jun 21 11:13:42, Info:  Seismic moment (without plasticity): 8.05056e+19  Mw: 7.20055 
Fri Jun 21 11:13:42, Info:  Writing energy output at time 4.5 Done. 
Fri Jun 21 11:13:42, Info:  Time spent this phase (total): 26.1278 s (min: 26.1191 s, max: 26.1425 s)
Fri Jun 21 11:13:42, Info:  Time spent this phase (compute): 26.1277 s (min: 26.1187 s, max: 26.1425 s)
Fri Jun 21 11:13:42, Info:  Time spent this phase (IO): 58.3660 ms (min: 40.5311 ms, max: 101.4844 ms)
Fri Jun 21 11:13:42, Info:  Performance since the start: 9.4741 TFLOP/s (rank 0: 571.6866 GFLOP/s , average over ranks: 592.1311 GFLOP/s ) 
Fri Jun 21 11:13:42, Info:  Performance since last sync point: 9.6329 TFLOP/s (rank 0: 581.5342 GFLOP/s , average over ranks: 602.0558 GFLOP/s ) 
Fri Jun 21 11:14:08, Info:  Writing faultoutput at time 5.
Fri Jun 21 11:14:08, Info:  Writing faultoutput at time 5. Done.
Fri Jun 21 11:14:08, Info:  Writing free surface at time 5.
Fri Jun 21 11:14:08, Info:  Writing free surface at time 5. Done.
Fri Jun 21 11:14:08, Info:  Writing energy output at time 5 
Fri Jun 21 11:14:08, Info:  Elastic energy (total, % kinematic, % potential):  1.51659e+16  , 38.1621  , 61.8379 
Fri Jun 21 11:14:08, Info:  Total momentum (X, Y, Z): 296543  , -174728  , -3.88169e+06 
Fri Jun 21 11:14:08, Info:  Frictional work (total, % static, % radiated):  2.82604e+16  , 11.2063  , 88.7937 
Fri Jun 21 11:14:08, Info:  Seismic moment (without plasticity): 8.05084e+19  Mw: 7.20056 
Fri Jun 21 11:14:08, Info:  Writing energy output at time 5 Done. 
Fri Jun 21 11:14:08, Info:  Time spent this phase (total): 26.1002 s (min: 26.0457 s, max: 26.1757 s)
Fri Jun 21 11:14:08, Info:  Time spent this phase (compute): 26.1001 s (min: 26.0457 s, max: 26.1756 s)
Fri Jun 21 11:14:08, Info:  Time spent this phase (IO): 55.3440 ms (min: 40.6903 ms, max: 84.2582 ms)
Fri Jun 21 11:14:08, Info:  Performance since the start: 9.4907 TFLOP/s (rank 0: 572.6883 GFLOP/s , average over ranks: 593.1705 GFLOP/s ) 
Fri Jun 21 11:14:08, Info:  Performance since last sync point: 9.6431 TFLOP/s (rank 0: 581.8647 GFLOP/s , average over ranks: 602.6926 GFLOP/s ) 
Fri Jun 21 11:14:34, Info:  Writing faultoutput at time 5.5.
Fri Jun 21 11:14:34, Info:  Writing faultoutput at time 5.5. Done.
Fri Jun 21 11:14:34, Info:  Writing energy output at time 5.5 
Fri Jun 21 11:14:34, Info:  Elastic energy (total, % kinematic, % potential):  1.46514e+16  , 37.2348  , 62.7652 
Fri Jun 21 11:14:34, Info:  Total momentum (X, Y, Z): -1.13373e+06  , 1.155e+06  , 1.7192e+06 
Fri Jun 21 11:14:34, Info:  Frictional work (total, % static, % radiated):  2.82604e+16  , 11.3802  , 88.6198 
Fri Jun 21 11:14:34, Info:  Seismic moment (without plasticity): 8.05106e+19  Mw: 7.20057 
Fri Jun 21 11:14:34, Info:  Writing energy output at time 5.5 Done. 
Fri Jun 21 11:14:34, Info:  Time spent this phase (total): 25.9888 s (min: 25.9242 s, max: 26.0348 s)
Fri Jun 21 11:14:34, Info:  Time spent this phase (compute): 25.9887 s (min: 25.9241 s, max: 26.0347 s)
Fri Jun 21 11:14:34, Info:  Time spent this phase (IO): 54.5993 ms (min: 40.5232 ms, max: 78.8314 ms)
Fri Jun 21 11:14:34, Info:  Performance since the start: 9.5080 TFLOP/s (rank 0: 573.7727 GFLOP/s , average over ranks: 594.2508 GFLOP/s ) 
Fri Jun 21 11:14:34, Info:  Performance since last sync point: 9.6844 TFLOP/s (rank 0: 584.8468 GFLOP/s , average over ranks: 605.2758 GFLOP/s ) 
Fri Jun 21 11:15:01, Info:  Writing faultoutput at time 6.
Fri Jun 21 11:15:01, Info:  Writing faultoutput at time 6. Done.
Fri Jun 21 11:15:01, Info:  Writing energy output at time 6 
Fri Jun 21 11:15:01, Info:  Elastic energy (total, % kinematic, % potential):  1.41835e+16  , 36.4853  , 63.5147 
Fri Jun 21 11:15:01, Info:  Total momentum (X, Y, Z): 1.30176e+06  , -1.56606e+06  , 3.00756e+07 
Fri Jun 21 11:15:01, Info:  Frictional work (total, % static, % radiated):  2.82604e+16  , 11.3824  , 88.6176 
Fri Jun 21 11:15:01, Info:  Seismic moment (without plasticity): 8.05124e+19  Mw: 7.20058 
Fri Jun 21 11:15:01, Info:  Writing energy output at time 6 Done. 
Fri Jun 21 11:15:01, Info:  Time spent this phase (total): 26.1423 s (min: 26.1190 s, max: 26.1602 s)
Fri Jun 21 11:15:01, Info:  Time spent this phase (compute): 26.1423 s (min: 26.1190 s, max: 26.1602 s)
Fri Jun 21 11:15:01, Info:  Time spent this phase (IO): 56.6233 ms (min: 40.6089 ms, max: 88.9340 ms)
Fri Jun 21 11:15:01, Info:  Performance since the start: 9.5179 TFLOP/s (rank 0: 574.3588 GFLOP/s , average over ranks: 594.8663 GFLOP/s ) 
Fri Jun 21 11:15:01, Info:  Performance since last sync point: 9.6275 TFLOP/s (rank 0: 580.8850 GFLOP/s , average over ranks: 601.7216 GFLOP/s ) 
Fri Jun 21 11:15:27, Info:  Writing faultoutput at time 6.5.
Fri Jun 21 11:15:27, Info:  Writing faultoutput at time 6.5. Done.
Fri Jun 21 11:15:27, Info:  Writing energy output at time 6.5 
Fri Jun 21 11:15:27, Info:  Elastic energy (total, % kinematic, % potential):  1.37914e+16  , 36.1969  , 63.8031 
Fri Jun 21 11:15:27, Info:  Total momentum (X, Y, Z): 5.73495e+06  , -5.17231e+06  , -1.69923e+08 
Fri Jun 21 11:15:27, Info:  Frictional work (total, % static, % radiated):  2.82604e+16  , 11.4887  , 88.5113 
Fri Jun 21 11:15:27, Info:  Seismic moment (without plasticity): 8.05139e+19  Mw: 7.20058 
Fri Jun 21 11:15:27, Info:  Writing energy output at time 6.5 Done. 
Fri Jun 21 11:15:27, Info:  Time spent this phase (total): 26.2666 s (min: 26.2450 s, max: 26.2819 s)
Fri Jun 21 11:15:27, Info:  Time spent this phase (compute): 26.2666 s (min: 26.2449 s, max: 26.2817 s)
Fri Jun 21 11:15:27, Info:  Time spent this phase (IO): 59.8322 ms (min: 40.5713 ms, max: 117.6507 ms)
Fri Jun 21 11:15:27, Info:  Performance since the start: 9.5228 TFLOP/s (rank 0: 574.6324 GFLOP/s , average over ranks: 595.1727 GFLOP/s ) 
Fri Jun 21 11:15:27, Info:  Performance since last sync point: 9.5820 TFLOP/s (rank 0: 577.9366 GFLOP/s , average over ranks: 598.8746 GFLOP/s ) 
Fri Jun 21 11:15:53, Info:  Writing faultoutput at time 7.
Fri Jun 21 11:15:53, Info:  Writing faultoutput at time 7. Done.
Fri Jun 21 11:15:53, Info:  Writing energy output at time 7 
Fri Jun 21 11:15:53, Info:  Elastic energy (total, % kinematic, % potential):  1.34244e+16  , 35.8555  , 64.1445 
Fri Jun 21 11:15:53, Info:  Total momentum (X, Y, Z): -2.98885e+07  , 2.62187e+07  , 3.954e+08 
Fri Jun 21 11:15:53, Info:  Frictional work (total, % static, % radiated):  2.82604e+16  , 11.966  , 88.034 
Fri Jun 21 11:15:53, Info:  Seismic moment (without plasticity): 8.05152e+19  Mw: 7.20059 
Fri Jun 21 11:15:53, Info:  Writing energy output at time 7 Done. 
Fri Jun 21 11:15:53, Info:  Time spent this phase (total): 26.0439 s (min: 26.0324 s, max: 26.0539 s)
Fri Jun 21 11:15:53, Info:  Time spent this phase (compute): 26.0438 s (min: 26.0319 s, max: 26.0538 s)
Fri Jun 21 11:15:53, Info:  Time spent this phase (IO): 57.6607 ms (min: 40.4740 ms, max: 117.3567 ms)
Fri Jun 21 11:15:53, Info:  Performance since the start: 9.5327 TFLOP/s (rank 0: 575.2552 GFLOP/s , average over ranks: 595.7943 GFLOP/s ) 
Fri Jun 21 11:15:53, Info:  Performance since last sync point: 9.6639 TFLOP/s (rank 0: 583.4755 GFLOP/s , average over ranks: 603.9951 GFLOP/s ) 
Fri Jun 21 11:16:19, Info:  Writing faultoutput at time 7.5.
Fri Jun 21 11:16:19, Info:  Writing faultoutput at time 7.5. Done.
Fri Jun 21 11:16:19, Info:  Writing energy output at time 7.5 
Fri Jun 21 11:16:19, Info:  Elastic energy (total, % kinematic, % potential):  1.30792e+16  , 35.6026  , 64.3974 
Fri Jun 21 11:16:19, Info:  Total momentum (X, Y, Z): 5.69668e+07  , -4.26116e+07  , 1.93816e+07 
Fri Jun 21 11:16:19, Info:  Frictional work (total, % static, % radiated):  2.82604e+16  , 11.8042  , 88.1958 
Fri Jun 21 11:16:19, Info:  Seismic moment (without plasticity): 8.05163e+19  Mw: 7.20059 
Fri Jun 21 11:16:19, Info:  Writing energy output at time 7.5 Done. 
Fri Jun 21 11:16:19, Info:  Time spent this phase (total): 26.0961 s (min: 26.0705 s, max: 26.1138 s)
Fri Jun 21 11:16:19, Info:  Time spent this phase (compute): 26.0956 s (min: 26.0705 s, max: 26.1137 s)
Fri Jun 21 11:16:19, Info:  Time spent this phase (IO): 56.7658 ms (min: 40.4820 ms, max: 89.3253 ms)
Fri Jun 21 11:16:19, Info:  Performance since the start: 9.5401 TFLOP/s (rank 0: 575.7087 GFLOP/s , average over ranks: 596.2555 GFLOP/s ) 
Fri Jun 21 11:16:19, Info:  Performance since last sync point: 9.6446 TFLOP/s (rank 0: 582.1345 GFLOP/s , average over ranks: 602.7879 GFLOP/s ) 
Fri Jun 21 11:16:45, Info:  Writing faultoutput at time 8.
Fri Jun 21 11:16:45, Info:  Writing faultoutput at time 8. Done.
Fri Jun 21 11:16:45, Info:  Writing energy output at time 8 
Fri Jun 21 11:16:45, Info:  Elastic energy (total, % kinematic, % potential):  1.27426e+16  , 34.9706  , 65.0294 
Fri Jun 21 11:16:45, Info:  Total momentum (X, Y, Z): -3.14689e+07  , -1.35029e+07  , -2.25682e+09 
Fri Jun 21 11:16:45, Info:  Frictional work (total, % static, % radiated):  2.82604e+16  , 12.1031  , 87.8969 
Fri Jun 21 11:16:45, Info:  Seismic moment (without plasticity): 8.05172e+19  Mw: 7.20059 
Fri Jun 21 11:16:45, Info:  Writing energy output at time 8 Done. 
Fri Jun 21 11:16:45, Info:  Time spent this phase (total): 26.0312 s (min: 26.0065 s, max: 26.0526 s)
Fri Jun 21 11:16:45, Info:  Time spent this phase (compute): 26.0312 s (min: 26.0065 s, max: 26.0525 s)
Fri Jun 21 11:16:45, Info:  Time spent this phase (IO): 60.4163 ms (min: 40.4850 ms, max: 117.9001 ms)
Fri Jun 21 11:16:45, Info:  Performance since the start: 9.5480 TFLOP/s (rank 0: 576.1678 GFLOP/s , average over ranks: 596.7513 GFLOP/s ) 
Fri Jun 21 11:16:45, Info:  Performance since last sync point: 9.6686 TFLOP/s (rank 0: 583.1430 GFLOP/s , average over ranks: 604.2900 GFLOP/s ) 
Fri Jun 21 11:17:11, Info:  Writing faultoutput at time 8.5.
Fri Jun 21 11:17:11, Info:  Writing faultoutput at time 8.5. Done.
Fri Jun 21 11:17:11, Info:  Writing energy output at time 8.5 
Fri Jun 21 11:17:11, Info:  Elastic energy (total, % kinematic, % potential):  1.24419e+16  , 34.7691  , 65.2309 
Fri Jun 21 11:17:11, Info:  Total momentum (X, Y, Z): -4.73923e+07  , 2.15232e+08  , 2.63897e+09 
Fri Jun 21 11:17:11, Info:  Frictional work (total, % static, % radiated):  2.82604e+16  , 12.6143  , 87.3857 
Fri Jun 21 11:17:11, Info:  Seismic moment (without plasticity): 8.05181e+19  Mw: 7.2006 
Fri Jun 21 11:17:11, Info:  Writing energy output at time 8.5 Done. 
Fri Jun 21 11:17:11, Info:  Time spent this phase (total): 26.4172 s (min: 26.4030 s, max: 26.4327 s)
Fri Jun 21 11:17:11, Info:  Time spent this phase (compute): 26.4171 s (min: 26.4029 s, max: 26.4326 s)
Fri Jun 21 11:17:11, Info:  Time spent this phase (IO): 58.4367 ms (min: 40.4728 ms, max: 100.4543 ms)
Fri Jun 21 11:17:11, Info:  Performance since the start: 9.5468 TFLOP/s (rank 0: 576.1095 GFLOP/s , average over ranks: 596.6752 GFLOP/s ) 
Fri Jun 21 11:17:11, Info:  Performance since last sync point: 9.5274 TFLOP/s (rank 0: 575.1781 GFLOP/s , average over ranks: 595.4602 GFLOP/s ) 
Fri Jun 21 11:17:38, Info:  Writing faultoutput at time 9.
Fri Jun 21 11:17:38, Info:  Writing faultoutput at time 9. Done.
Fri Jun 21 11:17:38, Info:  Writing energy output at time 9 
Fri Jun 21 11:17:38, Info:  Elastic energy (total, % kinematic, % potential):  1.21564e+16  , 34.6741  , 65.3259 
Fri Jun 21 11:17:38, Info:  Total momentum (X, Y, Z): 2.49848e+07  , -4.64858e+08  , 7.56705e+09 
Fri Jun 21 11:17:38, Info:  Frictional work (total, % static, % radiated):  2.82604e+16  , 12.7268  , 87.2732 
Fri Jun 21 11:17:38, Info:  Seismic moment (without plasticity): 8.05188e+19  Mw: 7.2006 
Fri Jun 21 11:17:38, Info:  Writing energy output at time 9 Done. 
Fri Jun 21 11:17:38, Info:  Time spent this phase (total): 26.2831 s (min: 26.2522 s, max: 26.3039 s)
Fri Jun 21 11:17:38, Info:  Time spent this phase (compute): 26.2830 s (min: 26.2522 s, max: 26.3039 s)
Fri Jun 21 11:17:38, Info:  Time spent this phase (IO): 54.1967 ms (min: 40.6103 ms, max: 81.9807 ms)
Fri Jun 21 11:17:38, Info:  Performance since the start: 9.5484 TFLOP/s (rank 0: 576.2281 GFLOP/s , average over ranks: 596.7761 GFLOP/s ) 
Fri Jun 21 11:17:38, Info:  Performance since last sync point: 9.5759 TFLOP/s (rank 0: 578.2520 GFLOP/s , average over ranks: 598.4968 GFLOP/s ) 
Fri Jun 21 11:18:04, Info:  Writing faultoutput at time 9.5.
Fri Jun 21 11:18:04, Info:  Writing faultoutput at time 9.5. Done.
Fri Jun 21 11:18:04, Info:  Writing energy output at time 9.5 
Fri Jun 21 11:18:04, Info:  Elastic energy (total, % kinematic, % potential):  1.18872e+16  , 34.1864  , 65.8136 
Fri Jun 21 11:18:04, Info:  Total momentum (X, Y, Z): -6.37516e+07  , 9.66388e+07  , -1.18764e+10 
Fri Jun 21 11:18:04, Info:  Frictional work (total, % static, % radiated):  2.82604e+16  , 12.6269  , 87.3731 
Fri Jun 21 11:18:04, Info:  Seismic moment (without plasticity): 8.05195e+19  Mw: 7.2006 
Fri Jun 21 11:18:04, Info:  Writing energy output at time 9.5 Done. 
Fri Jun 21 11:18:04, Info:  Time spent this phase (total): 26.1389 s (min: 26.1234 s, max: 26.1624 s)
Fri Jun 21 11:18:04, Info:  Time spent this phase (compute): 26.1389 s (min: 26.1234 s, max: 26.1623 s)
Fri Jun 21 11:18:04, Info:  Time spent this phase (IO): 56.4944 ms (min: 40.6282 ms, max: 89.5938 ms)
Fri Jun 21 11:18:04, Info:  Performance since the start: 9.5526 TFLOP/s (rank 0: 576.4723 GFLOP/s , average over ranks: 597.0384 GFLOP/s ) 
Fri Jun 21 11:18:04, Info:  Performance since last sync point: 9.6288 TFLOP/s (rank 0: 580.9041 GFLOP/s , average over ranks: 601.7998 GFLOP/s ) 
Fri Jun 21 11:18:30, Info:  Writing faultoutput at time 10.
Fri Jun 21 11:18:30, Info:  Writing faultoutput at time 10. Done.
Fri Jun 21 11:18:30, Info:  Waiting for last wave field. 
Fri Jun 21 11:18:30, Info:  Writing wave field at time 10.
Fri Jun 21 11:18:30, Info:  Writing wave field at time 10. Done.
Fri Jun 21 11:18:30, Info:  Writing free surface at time 10.
Fri Jun 21 11:18:30, Info:  Writing free surface at time 10. Done.
Fri Jun 21 11:18:30, Info:  Wrote receivers in 4.92e-07 seconds. 
Fri Jun 21 11:18:30, Info:  Writing energy output at time 10 
Fri Jun 21 11:18:30, Info:  Elastic energy (total, % kinematic, % potential):  1.16539e+16  , 33.7193  , 66.2807 
Fri Jun 21 11:18:30, Info:  Total momentum (X, Y, Z): 1.22689e+09  , 1.26584e+09  , -3.27003e+10 
Fri Jun 21 11:18:30, Info:  Frictional work (total, % static, % radiated):  2.82604e+16  , 12.7987  , 87.2013 
Fri Jun 21 11:18:30, Info:  Seismic moment (without plasticity): 8.05201e+19  Mw: 7.2006 
Fri Jun 21 11:18:30, Info:  Writing energy output at time 10 Done. 
Fri Jun 21 11:18:30, Info:  Time spent this phase (total): 26.0573 s (min: 26.0261 s, max: 26.0748 s)
Fri Jun 21 11:18:30, Info:  Time spent this phase (compute): 26.0572 s (min: 26.0260 s, max: 26.0747 s)
Fri Jun 21 11:18:30, Info:  Time spent this phase (IO): 72.3138 ms (min: 49.5320 ms, max: 128.6195 ms)
Fri Jun 21 11:18:30, Info:  Performance since the start: 9.5579 TFLOP/s (rank 0: 576.7720 GFLOP/s , average over ranks: 597.3674 GFLOP/s ) 
Fri Jun 21 11:18:30, Info:  Performance since last sync point: 9.6590 TFLOP/s (rank 0: 582.5259 GFLOP/s , average over ranks: 603.6870 GFLOP/s ) 
Fri Jun 21 11:18:56, Info:  Writing faultoutput at time 10.5.
Fri Jun 21 11:18:56, Info:  Writing faultoutput at time 10.5. Done.
Fri Jun 21 11:18:56, Info:  Writing energy output at time 10.5 
Fri Jun 21 11:18:56, Info:  Elastic energy (total, % kinematic, % potential):  1.14591e+16  , 33.5513  , 66.4487 
Fri Jun 21 11:18:56, Info:  Total momentum (X, Y, Z): -1.87392e+09  , -2.12798e+09  , 7.20845e+10 
Fri Jun 21 11:18:56, Info:  Frictional work (total, % static, % radiated):  2.82604e+16  , 13.1795  , 86.8205 
Fri Jun 21 11:18:56, Info:  Seismic moment (without plasticity): 8.05206e+19  Mw: 7.2006 
Fri Jun 21 11:18:56, Info:  Writing energy output at time 10.5 Done. 
Fri Jun 21 11:18:56, Info:  Time spent this phase (total): 26.1029 s (min: 26.0904 s, max: 26.1068 s)
Fri Jun 21 11:18:56, Info:  Time spent this phase (compute): 26.1028 s (min: 26.0903 s, max: 26.1067 s)
Fri Jun 21 11:18:56, Info:  Time spent this phase (IO): 60.2006 ms (min: 40.5572 ms, max: 115.6143 ms)
Fri Jun 21 11:18:56, Info:  Performance since the start: 9.5619 TFLOP/s (rank 0: 577.0153 GFLOP/s , average over ranks: 597.6159 GFLOP/s ) 
Fri Jun 21 11:18:56, Info:  Performance since last sync point: 9.6421 TFLOP/s (rank 0: 581.9237 GFLOP/s , average over ranks: 602.6303 GFLOP/s ) 
Fri Jun 21 11:19:22, Info:  Writing faultoutput at time 11.
Fri Jun 21 11:19:22, Info:  Writing faultoutput at time 11. Done.
Fri Jun 21 11:19:22, Info:  Writing energy output at time 11 
Fri Jun 21 11:19:22, Info:  Elastic energy (total, % kinematic, % potential):  1.12797e+16  , 33.2245  , 66.7755 
Fri Jun 21 11:19:22, Info:  Total momentum (X, Y, Z): -3.39867e+09  , 3.95866e+08  , 1.42004e+11 
Fri Jun 21 11:19:22, Info:  Frictional work (total, % static, % radiated):  2.82604e+16  , 13.2947  , 86.7053 
Fri Jun 21 11:19:22, Info:  Seismic moment (without plasticity): 8.05211e+19  Mw: 7.20061 
Fri Jun 21 11:19:22, Info:  Writing energy output at time 11 Done. 
Fri Jun 21 11:19:22, Info:  Time spent this phase (total): 26.1061 s (min: 26.1011 s, max: 26.1280 s)
Fri Jun 21 11:19:22, Info:  Time spent this phase (compute): 26.1060 s (min: 26.1011 s, max: 26.1279 s)
Fri Jun 21 11:19:22, Info:  Time spent this phase (IO): 64.1847 ms (min: 40.6050 ms, max: 145.0034 ms)
Fri Jun 21 11:19:22, Info:  Performance since the start: 9.5654 TFLOP/s (rank 0: 577.2329 GFLOP/s , average over ranks: 597.8387 GFLOP/s ) 
Fri Jun 21 11:19:22, Info:  Performance since last sync point: 9.6409 TFLOP/s (rank 0: 581.8407 GFLOP/s , average over ranks: 602.5552 GFLOP/s ) 
Fri Jun 21 11:19:48, Info:  Writing faultoutput at time 11.5.
Fri Jun 21 11:19:48, Info:  Writing faultoutput at time 11.5. Done.
Fri Jun 21 11:19:48, Info:  Writing energy output at time 11.5 
Fri Jun 21 11:19:48, Info:  Elastic energy (total, % kinematic, % potential):  1.11011e+16  , 32.9035  , 67.0965 
Fri Jun 21 11:19:48, Info:  Total momentum (X, Y, Z): 8.74383e+09  , 5.53582e+08  , -1.12099e+10 
Fri Jun 21 11:19:48, Info:  Frictional work (total, % static, % radiated):  2.82604e+16  , 13.5327  , 86.4673 
Fri Jun 21 11:19:48, Info:  Seismic moment (without plasticity): 8.05215e+19  Mw: 7.20061 
Fri Jun 21 11:19:48, Info:  Writing energy output at time 11.5 Done. 
Fri Jun 21 11:19:48, Info:  Time spent this phase (total): 26.0407 s (min: 26.0119 s, max: 26.0556 s)
Fri Jun 21 11:19:48, Info:  Time spent this phase (compute): 26.0406 s (min: 26.0119 s, max: 26.0555 s)
Fri Jun 21 11:19:48, Info:  Time spent this phase (IO): 59.0458 ms (min: 40.5576 ms, max: 107.0542 ms)
Fri Jun 21 11:19:48, Info:  Performance since the start: 9.5697 TFLOP/s (rank 0: 577.4996 GFLOP/s , average over ranks: 598.1068 GFLOP/s ) 
Fri Jun 21 11:19:48, Info:  Performance since last sync point: 9.6651 TFLOP/s (rank 0: 583.4303 GFLOP/s , average over ranks: 604.0679 GFLOP/s ) 
Fri Jun 21 11:20:14, Info:  Writing faultoutput at time 12.
Fri Jun 21 11:20:14, Info:  Writing faultoutput at time 12. Done.
Fri Jun 21 11:20:14, Info:  Writing energy output at time 12 
Fri Jun 21 11:20:14, Info:  Elastic energy (total, % kinematic, % potential):  1.09133e+16  , 32.5912  , 67.4088 
Fri Jun 21 11:20:14, Info:  Total momentum (X, Y, Z): 1.40295e+10  , -5.27045e+09  , -4.25059e+11 
Fri Jun 21 11:20:14, Info:  Frictional work (total, % static, % radiated):  2.82604e+16  , 13.5735  , 86.4265 
Fri Jun 21 11:20:14, Info:  Seismic moment (without plasticity): 8.05219e+19  Mw: 7.20061 
Fri Jun 21 11:20:14, Info:  Writing energy output at time 12 Done. 
Fri Jun 21 11:20:14, Info:  Time spent this phase (total): 26.1007 s (min: 26.0902 s, max: 26.1063 s)
Fri Jun 21 11:20:14, Info:  Time spent this phase (compute): 26.1006 s (min: 26.0902 s, max: 26.1063 s)
Fri Jun 21 11:20:14, Info:  Time spent this phase (IO): 60.3215 ms (min: 40.6108 ms, max: 116.3429 ms)
Fri Jun 21 11:20:14, Info:  Performance since the start: 9.5727 TFLOP/s (rank 0: 577.6787 GFLOP/s , average over ranks: 598.2960 GFLOP/s ) 
Fri Jun 21 11:20:14, Info:  Performance since last sync point: 9.6429 TFLOP/s (rank 0: 581.8300 GFLOP/s , average over ranks: 602.6811 GFLOP/s ) 
Fri Jun 21 11:20:40, Info:  Writing faultoutput at time 12.5.
Fri Jun 21 11:20:40, Info:  Writing faultoutput at time 12.5. Done.
Fri Jun 21 11:20:40, Info:  Writing energy output at time 12.5 
Fri Jun 21 11:20:40, Info:  Elastic energy (total, % kinematic, % potential):  1.07278e+16  , 32.432  , 67.568 
Fri Jun 21 11:20:40, Info:  Total momentum (X, Y, Z): -1.24154e+10  , 8.7769e+09  , -5.72238e+11 
Fri Jun 21 11:20:40, Info:  Frictional work (total, % static, % radiated):  2.82604e+16  , 13.4618  , 86.5382 
Fri Jun 21 11:20:40, Info:  Seismic moment (without plasticity): 8.05223e+19  Mw: 7.20061 
Fri Jun 21 11:20:40, Info:  Writing energy output at time 12.5 Done. 
Fri Jun 21 11:20:40, Info:  Time spent this phase (total): 26.0363 s (min: 26.0336 s, max: 26.0477 s)
Fri Jun 21 11:20:40, Info:  Time spent this phase (compute): 26.0362 s (min: 26.0336 s, max: 26.0476 s)
Fri Jun 21 11:20:40, Info:  Time spent this phase (IO): 59.9062 ms (min: 40.5523 ms, max: 111.9740 ms)
Fri Jun 21 11:20:40, Info:  Performance since the start: 9.5765 TFLOP/s (rank 0: 577.9061 GFLOP/s , average over ranks: 598.5289 GFLOP/s ) 
Fri Jun 21 11:20:40, Info:  Performance since last sync point: 9.6667 TFLOP/s (rank 0: 583.4171 GFLOP/s , average over ranks: 604.1718 GFLOP/s ) 
Fri Jun 21 11:21:07, Info:  Writing faultoutput at time 13.
Fri Jun 21 11:21:07, Info:  Writing faultoutput at time 13. Done.
Fri Jun 21 11:21:07, Info:  Writing energy output at time 13 
Fri Jun 21 11:21:07, Info:  Elastic energy (total, % kinematic, % potential):  1.05462e+16  , 32.1969  , 67.8031 
Fri Jun 21 11:21:07, Info:  Total momentum (X, Y, Z): -5.79542e+10  , 8.06135e+09  , 7.15831e+11 
Fri Jun 21 11:21:07, Info:  Frictional work (total, % static, % radiated):  2.82604e+16  , 13.4794  , 86.5206 
Fri Jun 21 11:21:07, Info:  Seismic moment (without plasticity): 8.05227e+19  Mw: 7.20061 
Fri Jun 21 11:21:07, Info:  Writing energy output at time 13 Done. 
Fri Jun 21 11:21:07, Info:  Time spent this phase (total): 26.2914 s (min: 26.2382 s, max: 26.3462 s)
Fri Jun 21 11:21:07, Info:  Time spent this phase (compute): 26.2913 s (min: 26.2382 s, max: 26.3462 s)
Fri Jun 21 11:21:07, Info:  Time spent this phase (IO): 50.4764 ms (min: 40.5830 ms, max: 65.9577 ms)
Fri Jun 21 11:21:07, Info:  Performance since the start: 9.5763 TFLOP/s (rank 0: 577.9188 GFLOP/s , average over ranks: 598.5203 GFLOP/s ) 
Fri Jun 21 11:21:07, Info:  Performance since last sync point: 9.5729 TFLOP/s (rank 0: 578.2366 GFLOP/s , average over ranks: 598.3072 GFLOP/s ) 
Fri Jun 21 11:21:33, Info:  Writing faultoutput at time 13.5.
Fri Jun 21 11:21:33, Info:  Writing faultoutput at time 13.5. Done.
Fri Jun 21 11:21:33, Info:  Writing energy output at time 13.5 
Fri Jun 21 11:21:33, Info:  Elastic energy (total, % kinematic, % potential):  1.0357e+16  , 31.8137  , 68.1863 
Fri Jun 21 11:21:33, Info:  Total momentum (X, Y, Z): -3.23006e+09  , -7.58455e+09  , -2.49227e+12 
Fri Jun 21 11:21:33, Info:  Frictional work (total, % static, % radiated):  2.82604e+16  , 13.4847  , 86.5153 
Fri Jun 21 11:21:33, Info:  Seismic moment (without plasticity): 8.0523e+19  Mw: 7.20061 
Fri Jun 21 11:21:33, Info:  Writing energy output at time 13.5 Done. 
Fri Jun 21 11:21:33, Info:  Time spent this phase (total): 26.0055 s (min: 25.9485 s, max: 26.0541 s)
Fri Jun 21 11:21:33, Info:  Time spent this phase (compute): 26.0054 s (min: 25.9485 s, max: 26.0540 s)
Fri Jun 21 11:21:33, Info:  Time spent this phase (IO): 59.0189 ms (min: 40.4574 ms, max: 104.1881 ms)
Fri Jun 21 11:21:33, Info:  Performance since the start: 9.5801 TFLOP/s (rank 0: 578.1295 GFLOP/s , average over ranks: 598.7538 GFLOP/s ) 
Fri Jun 21 11:21:33, Info:  Performance since last sync point: 9.6782 TFLOP/s (rank 0: 583.6626 GFLOP/s , average over ranks: 604.8896 GFLOP/s ) 
Fri Jun 21 11:21:59, Info:  Writing faultoutput at time 14.
Fri Jun 21 11:21:59, Info:  Writing faultoutput at time 14. Done.
Fri Jun 21 11:21:59, Info:  Writing energy output at time 14 
Fri Jun 21 11:21:59, Info:  Elastic energy (total, % kinematic, % potential):  1.01947e+16  , 31.4819  , 68.5181 
Fri Jun 21 11:21:59, Info:  Total momentum (X, Y, Z): 8.10731e+10  , -5.11255e+10  , -2.87202e+13 
Fri Jun 21 11:21:59, Info:  Frictional work (total, % static, % radiated):  2.82604e+16  , 13.368  , 86.632 
Fri Jun 21 11:21:59, Info:  Seismic moment (without plasticity): 8.05233e+19  Mw: 7.20061 
Fri Jun 21 11:21:59, Info:  Writing energy output at time 14 Done. 
Fri Jun 21 11:21:59, Info:  Time spent this phase (total): 26.1085 s (min: 26.1014 s, max: 26.1153 s)
Fri Jun 21 11:21:59, Info:  Time spent this phase (compute): 26.1084 s (min: 26.1013 s, max: 26.1152 s)
Fri Jun 21 11:21:59, Info:  Time spent this phase (IO): 60.3004 ms (min: 40.5636 ms, max: 117.0212 ms)
Fri Jun 21 11:21:59, Info:  Performance since the start: 9.5822 TFLOP/s (rank 0: 578.2536 GFLOP/s , average over ranks: 598.8868 GFLOP/s ) 
Fri Jun 21 11:21:59, Info:  Performance since last sync point: 9.6400 TFLOP/s (rank 0: 581.6236 GFLOP/s , average over ranks: 602.5011 GFLOP/s ) 
Fri Jun 21 11:22:25, Info:  Writing faultoutput at time 14.5.
Fri Jun 21 11:22:25, Info:  Writing faultoutput at time 14.5. Done.
Fri Jun 21 11:22:25, Info:  Writing energy output at time 14.5 
Fri Jun 21 11:22:25, Info:  Elastic energy (total, % kinematic, % potential):  1.00402e+16  , 31.2576  , 68.7424 
Fri Jun 21 11:22:25, Info:  Total momentum (X, Y, Z): 2.05554e+08  , -8.86812e+09  , -9.85142e+13 
Fri Jun 21 11:22:25, Info:  Frictional work (total, % static, % radiated):  2.82604e+16  , 13.3403  , 86.6597 
Fri Jun 21 11:22:25, Info:  Seismic moment (without plasticity): 8.05235e+19  Mw: 7.20062 
Fri Jun 21 11:22:25, Info:  Writing energy output at time 14.5 Done. 
Fri Jun 21 11:22:25, Info:  Time spent this phase (total): 26.1423 s (min: 26.1393 s, max: 26.1626 s)
Fri Jun 21 11:22:25, Info:  Time spent this phase (compute): 26.1423 s (min: 26.1392 s, max: 26.1625 s)
Fri Jun 21 11:22:25, Info:  Time spent this phase (IO): 59.8623 ms (min: 40.5147 ms, max: 111.2408 ms)
Fri Jun 21 11:22:25, Info:  Performance since the start: 9.5837 TFLOP/s (rank 0: 578.3499 GFLOP/s , average over ranks: 598.9840 GFLOP/s ) 
Fri Jun 21 11:22:25, Info:  Performance since last sync point: 9.6275 TFLOP/s (rank 0: 581.0611 GFLOP/s , average over ranks: 601.7199 GFLOP/s ) 
Fri Jun 21 11:22:51, Info:  Writing faultoutput at time 15.
Fri Jun 21 11:22:51, Info:  Writing faultoutput at time 15. Done.
Fri Jun 21 11:22:51, Info:  Writing free surface at time 15.
Fri Jun 21 11:22:51, Info:  Writing free surface at time 15. Done.
Fri Jun 21 11:22:51, Info:  Writing energy output at time 15 
Fri Jun 21 11:22:51, Info:  Elastic energy (total, % kinematic, % potential):  9.89703e+15  , 31.0397  , 68.9603 
Fri Jun 21 11:22:51, Info:  Total momentum (X, Y, Z): 5.41223e+08  , 1.26226e+11  , -2.28935e+14 
Fri Jun 21 11:22:51, Info:  Frictional work (total, % static, % radiated):  2.82604e+16  , 13.2925  , 86.7075 
Fri Jun 21 11:22:51, Info:  Seismic moment (without plasticity): 8.05238e+19  Mw: 7.20062 
Fri Jun 21 11:22:51, Info:  Writing energy output at time 15 Done. 
Fri Jun 21 11:22:51, Info:  Time spent this phase (total): 26.0626 s (min: 25.9967 s, max: 26.1242 s)
Fri Jun 21 11:22:51, Info:  Time spent this phase (compute): 26.0625 s (min: 25.9966 s, max: 26.1241 s)
Fri Jun 21 11:22:51, Info:  Time spent this phase (IO): 57.6286 ms (min: 40.6254 ms, max: 93.4460 ms)
Fri Jun 21 11:22:51, Info:  Performance since the start: 9.5862 TFLOP/s (rank 0: 578.4999 GFLOP/s , average over ranks: 599.1355 GFLOP/s ) 
Fri Jun 21 11:22:51, Info:  Performance since last sync point: 9.6570 TFLOP/s (rank 0: 582.8825 GFLOP/s , average over ranks: 603.5635 GFLOP/s ) 
Fri Jun 21 11:22:51, Info:  Ignoring duplicate synchronisation point at time 15 ; the last sync point was at  15 
Fri Jun 21 11:22:51, Info:  Waiting for last wave field. 
Fri Jun 21 11:22:51, Info:  Writing wave field at time 15.
Fri Jun 21 11:22:51, Info:  Writing wave field at time 15. Done.
Fri Jun 21 11:22:51, Info:  Ignoring duplicate synchronisation point at time 15 ; the last sync point was at  15 
Fri Jun 21 11:22:51, Info:  Wrote receivers in 3.03e-07 seconds. 
Fri Jun 21 11:22:51, Info:  Ignoring duplicate synchronisation point at time 15 ; the last sync point was at  15 
Fri Jun 21 11:22:51, Info:  Simulation time (total): 13 min 7.6643 s (min: 13 min 7.6124 s, max: 13 min 7.6986 s)
Fri Jun 21 11:22:51, Info:  Simulation time (compute): 13 min 5.8375 s (min: 13 min 4.6614 s, max: 13 min 6.3769 s)
Fri Jun 21 11:22:51, Info:  Simulation time (IO): 1.8125 s (min: 1.2793 s, max: 3.0057 s)
Fri Jun 21 11:22:51, Info:  Time spent in compute kernels: mean = 753.152  std = 12.3103  min = 725.283  median = 754.796  max = 775.295 
Fri Jun 21 11:22:51, Info:  Load imbalance: 2.85602 % 
Fri Jun 21 11:22:51, Info:  Regression analysis of compute kernels: 
Fri Jun 21 11:22:51, Info:  "computeLocalIntegration" (total time): 3682.31 s ( = 1 h 1 min 22.3086 s ) 
Fri Jun 21 11:22:51, Info:  "computeLocalIntegration" ( constant ): 2.36634e-05 (sample size: 3.71565e+06 , standard error: 5.46176e-12 ) 
Fri Jun 21 11:22:51, Info:  "computeLocalIntegration" ( per element ): 8.27026e-08 (sample size: 3.71565e+06 , standard error: 5.46176e-12 ) 
Fri Jun 21 11:22:51, Info:  "computeNeighboringIntegration" (total time): 4480.6 s ( = 1 h 14 min 40.6023 s ) 
Fri Jun 21 11:22:51, Info:  "computeNeighboringIntegration" ( constant ): 0.00014651 (sample size: 3.71565e+06 , standard error: 8.26106e-12 ) 
Fri Jun 21 11:22:51, Info:  "computeNeighboringIntegration" ( per element ): 9.05679e-08 (sample size: 3.71565e+06 , standard error: 8.26106e-12 ) 
Fri Jun 21 11:22:51, Info:  "computeDynamicRupture" (total time): 3887.53 s ( = 1 h 4 min 47.5271 s ) 
Fri Jun 21 11:22:51, Info:  "computeDynamicRupture" ( constant ): 8.20788e-05 (sample size: 2.90949e+06 , standard error: 5.15783e-11 ) 
Fri Jun 21 11:22:51, Info:  "computeDynamicRupture" ( per element ): 4.40367e-07 (sample size: 2.90949e+06 , standard error: 5.15783e-11 ) 
Fri Jun 21 11:22:51, Info:  "computePointSources" (total time): 0 s ( = 0.0000 s ) 
Fri Jun 21 11:22:51, Info:  "computePointSources" ( constant ): -nan (sample size: 0 , standard error: -nan ) 
Fri Jun 21 11:22:51, Info:  "computePointSources" ( per element ): -nan (sample size: 0 , standard error: -nan ) 
Fri Jun 21 11:22:51, Info:  Total time spent in compute kernels: 12050.4 s ( = 3 h 20 min 50.4380 s ) 
Fri Jun 21 11:22:51, Info:  Total calculated HW-FLOP:  7.5506 PFLOP 
Fri Jun 21 11:22:51, Info:  Total calculated NZ-FLOP:  3.0183 PFLOP 
Fri Jun 21 11:22:51, Info:  Total calculated HW-FLOP/s:  9.5856 TFLOP/s 
Fri Jun 21 11:22:51, Info:  Total calculated NZ-FLOP/s:  3.8318 TFLOP/s 
Fri Jun 21 11:22:51, Info:  WP calculated HW-FLOP:  6.2562 PFLOP 
Fri Jun 21 11:22:51, Info:  WP calculated NZ-FLOP:  2.0559 PFLOP 
Fri Jun 21 11:22:51, Info:  DR calculated HW-FLOP:  1.2944 PFLOP 
Fri Jun 21 11:22:51, Info:  DR calculated NZ-FLOP:  962.4584 TFLOP 
Fri Jun 21 11:22:51, Info:  PL calculated HW-FLOP:  0.0000 FLOP 
Fri Jun 21 11:22:51, Info:  PL calculated NZ-FLOP:  0.0000 FLOP 
Fri Jun 21 11:22:51, Info:  Time spent in simulation: 13 min 7.6994 s (min: 13 min 7.6992 s, max: 13 min 7.7003 s)
Fri Jun 21 11:22:51, Info:  Simulation done. 
Fri Jun 21 11:22:51, Info:  Closing IO. 
Fri Jun 21 11:22:52, Info:  Time wave field writer backend: 1.8837 s (min: 1.4317 s, max: 3.1425 s)
Fri Jun 21 11:22:52, Info:  Time wave field writer frontend: 29.7287 ms (min: 25.4001 ms, max: 38.6070 ms)
Fri Jun 21 11:22:52, Info:  Time free surface writer backend: 164.6638 ms (min: 768.3420 s, max: 1.5834 s)
Fri Jun 21 11:22:52, Info:  Time fault writer backend: 3.0382 s (min: 1.4861 s, max: 16.9357 s)
Fri Jun 21 11:22:52, Info:  Time fault writer frontend: 30.7828 ms (min: 25.1213 ms, max: 34.8395 ms)
Fri Jun 21 11:22:52, Info:  Time free surface writer frontend: 736.5821 s (min: 78.7140 s, max: 3.4392 ms)
Fri Jun 21 11:22:52, Info:  SeisSol done. Goodbye. 
/hppfs/scratch/01/di35poq/haiti-rupture-outputs/dynamic-relaxation-outputs/outputs_tmp ~/haiti-rupture-inputs/dynamic-relaxation/step500_smooth7
Writing hdf5 output with compression enabled (compression_level=4). 
Use --compression=0 if you want to speed-up data extraction.
Writing hdf5 output with compression enabled (compression_level=4). 
Use --compression=0 if you want to speed-up data extraction.
u1: 0it [00:00, ?it/s]u1: 2it [00:00, 81.76it/s]
u2: 0it [00:00, ?it/s]u2: 2it [00:00, 80.80it/s]
u3: 0it [00:00, ?it/s]u3: 2it [00:00, 79.15it/s]
done writing output_extracted-surface.h5
done writing output_extracted-surface.xdmf
full path: /hppfs/scratch/01/di35poq/haiti-rupture-outputs/dynamic-relaxation-outputs/outputs_tmp/output_extracted-surface.xdmf
t=20 not found in output.xdmf
done writing output_resampled_vertex.h5
sigma_xx sigma_yy sigma_zz sigma_xy sigma_xz sigma_yz done writing output_resampled_cell.h5
done writing output_resampled.xdmf
~/haiti-rupture-inputs/dynamic-relaxation/step500_smooth7
