Error running function f [string "function f(x)..."]:11: attempt to perform arithmetic on a nil value (field '?')
Error running function f [string "function f(x)..."]:11: attempt to perform arithmetic on a nil value (field '?')
Tried key mu_s but it did not return a number.
Tried key mu_s but it did not return a number.
Error running function f [string "function f(x)..."]:11: attempt to perform arithmetic on a nil value (field '?')
Error running function f [string "function f(x)..."]:11: attempt to perform arithmetic on a nil value (field '?')
Error running function f [string "function f(x)..."]:11: attempt to perform arithmetic on a nil value (field '?')
Error running function f [string "function f(x)..."]:11: attempt to perform arithmetic on a nil value (field '?')
srun: error: i01r01c03s12: task 11: Aborted (core dumped)
srun: launch/slurm: _step_signal: Terminating StepId=3912510.0
srun: error: i01r01c03s03: task 2: Aborted (core dumped)
srun: error: i01r01c03s04: task 3: Aborted (core dumped)
srun: error: i01r01c03s10: task 9: Aborted (core dumped)
srun: error: i01r01c03s11: task 10: Aborted (core dumped)
srun: error: i01r01c03s09: task 8: Aborted (core dumped)
srun: error: i01r01c03s02: task 1: Aborted (core dumped)
srun: error: i01r01c03s01: task 0: Aborted (core dumped)
srun: error: i01r01c04s01: task 12: Terminated
srun: error: i01r01c04s02: task 13: Terminated
srun: error: i01r01c04s04: task 15: Terminated
srun: error: i01r01c03s08: task 7: Terminated
srun: error: i01r01c03s06: task 5: Terminated
srun: error: i01r01c04s03: task 14: Terminated
srun: error: i01r01c03s07: task 6: Terminated
srun: error: i01r01c03s05: task 4: Terminated
srun: Force Terminated StepId=3912510.0
cp: cannot create directory '/hppfs/scratch/01/di35poq/haiti-rupture-outputs/dynamic-rupture-outputs/variable_SH_max/jobid_3912510/logs': No such file or directory
/var/spool/slurm/job3912510/slurm_script: line 80: pushd: /hppfs/scratch/01/di35poq/haiti-rupture-outputs/dynamic-rupture-outputs/variable_SH_max/jobid_3912510: No such file or directory
Traceback (most recent call last):
  File "/dss/dsshome1/01/di35poq/.local/bin/seissol_output_extractor", line 8, in <module>
    sys.exit(main())
  File "/dss/dsshome1/01/di35poq/.local/lib/python3.8/site-packages/seissolxdmfwriter/seissol_output_extractor.py", line 143, in main
    sx = SeissolxdmfExtended(args.xdmfFilename)
  File "/dss/dsshome1/01/di35poq/.local/lib/python3.8/site-packages/seissolxdmf/seissolxdmf.py", line 14, in __init__
    with open (xdmfFilename, "r") as fid:
FileNotFoundError: [Errno 2] No such file or directory: 'output-surface.xdmf'
Traceback (most recent call last):
  File "/dss/dsshome1/01/di35poq/soft/calc-moment-rate_supermuc.py", line 30, in find_xdmffile_wahweap
    xdmfFile = glob.glob(datadir + '*/jobid_'+jobid+'*/*extracted-fault.xdmf')[0]
IndexError: list index out of range

During handling of the above exception, another exception occurred:

Traceback (most recent call last):
  File "/dss/dsshome1/01/di35poq/soft/calc-moment-rate_supermuc.py", line 211, in <module>
    generateMoment(jobid_list)
  File "/dss/dsshome1/01/di35poq/soft/calc-moment-rate_supermuc.py", line 87, in generateMoment
    xdmfFilename, momentCsvFile = find_xdmffile_wahweap(jobid)
  File "/dss/dsshome1/01/di35poq/soft/calc-moment-rate_supermuc.py", line 34, in find_xdmffile_wahweap
    xdmfFile = glob.glob(datadir + '*/jobid_'+jobid+'*/output-fault.xdmf')[0]
IndexError: list index out of range
Traceback (most recent call last):
  File "/dss/dsshome1/01/di35poq/soft/calc-R-rake_supermuc.py", line 83, in <module>
    jobdir, xdmfFile, momentCsvFile = find_xdmffile_wahweap(jobid)
  File "/dss/dsshome1/01/di35poq/soft/calc-R-rake_supermuc.py", line 32, in find_xdmffile_wahweap
    xdmfFile = glob.glob(datadir + '*/jobid_'+jobid+'*/output-fault.xdmf')[0]
IndexError: list index out of range
[0m[31m(   1.666s) [paraview        ]      vtkXdmfReader.cxx:253    ERR| vtkXdmfReader (0x190dd30): Error opening file output_jobid_3912510_extracted-fault.xdmf[0m
[0m[31m(   1.668s) [paraview        ]       vtkExecutive.cxx:729    ERR| vtkPVCompositeDataPipeline (0x191d000): Algorithm vtkFileSeriesReader (0x191aa70) returned failure for request: vtkInformation (0x191c5f0)
  Debug: Off
  Modified Time: 92784
  Reference Count: 1
  Registered Events: (none)
  Request: REQUEST_DATA_OBJECT
  ALGORITHM_AFTER_FORWARD: 1
  FORWARD_DIRECTION: 0

[0m
[0m[31m(   1.668s) [paraview        ]      vtkXdmfReader.cxx:253    ERR| vtkXdmfReader (0x190dd30): Error opening file output_jobid_3912510_extracted-fault.xdmf[0m
[0m[31m(   1.668s) [paraview        ]       vtkExecutive.cxx:729    ERR| vtkPVCompositeDataPipeline (0x1910990): Algorithm vtkXdmfReader (0x190dd30) returned failure for request: vtkInformation (0x190f840)
  Debug: Off
  Modified Time: 92671
  Reference Count: 1
  Registered Events: (none)
  Request: REQUEST_DATA_OBJECT
  ALGORITHM_AFTER_FORWARD: 1
  FORWARD_DIRECTION: 0

[0m
[0m[31m(   1.668s) [paraview        ]      vtkXdmfReader.cxx:253    ERR| vtkXdmfReader (0x190dd30): Error opening file output_jobid_3912510_extracted-fault.xdmf[0m
[0m[31m(   1.668s) [paraview        ]       vtkExecutive.cxx:729    ERR| vtkPVCompositeDataPipeline (0x1910990): Algorithm vtkXdmfReader (0x190dd30) returned failure for request: vtkInformation (0x190f840)
  Debug: Off
  Modified Time: 92671
  Reference Count: 1
  Registered Events: (none)
  Request: REQUEST_DATA_OBJECT
  ALGORITHM_AFTER_FORWARD: 1
  FORWARD_DIRECTION: 0

[0m
[0m[31m(   1.668s) [paraview        ]      vtkXdmfReader.cxx:253    ERR| vtkXdmfReader (0x190dd30): Error opening file output_jobid_3912510_extracted-fault.xdmf[0m
[0m[31m(   1.668s) [paraview        ]       vtkExecutive.cxx:729    ERR| vtkPVCompositeDataPipeline (0x191d000): Algorithm vtkFileSeriesReader (0x191aa70) returned failure for request: vtkInformation (0x191c5f0)
  Debug: Off
  Modified Time: 92784
  Reference Count: 1
  Registered Events: (none)
  Request: REQUEST_DATA_OBJECT
  ALGORITHM_AFTER_FORWARD: 1
  FORWARD_DIRECTION: 0

[0m
[0m[31m(   1.669s) [paraview        ]      vtkXdmfReader.cxx:253    ERR| vtkXdmfReader (0x190dd30): Error opening file output_jobid_3912510_extracted-fault.xdmf[0m
[0m[31m(   1.669s) [paraview        ]       vtkExecutive.cxx:729    ERR| vtkPVCompositeDataPipeline (0x1910990): Algorithm vtkXdmfReader (0x190dd30) returned failure for request: vtkInformation (0x190f840)
  Debug: Off
  Modified Time: 92671
  Reference Count: 1
  Registered Events: (none)
  Request: REQUEST_DATA_OBJECT
  ALGORITHM_AFTER_FORWARD: 1
  FORWARD_DIRECTION: 0

[0m
[0m[31m(   1.669s) [paraview        ]      vtkXdmfReader.cxx:253    ERR| vtkXdmfReader (0x190dd30): Error opening file output_jobid_3912510_extracted-fault.xdmf[0m
[0m[31m(   1.669s) [paraview        ]       vtkExecutive.cxx:729    ERR| vtkPVCompositeDataPipeline (0x1910990): Algorithm vtkXdmfReader (0x190dd30) returned failure for request: vtkInformation (0x190f840)
  Debug: Off
  Modified Time: 92671
  Reference Count: 1
  Registered Events: (none)
  Request: REQUEST_DATA_OBJECT
  ALGORITHM_AFTER_FORWARD: 1
  FORWARD_DIRECTION: 0

[0m
[0m[31m(   1.670s) [paraview        ]      vtkXdmfReader.cxx:253    ERR| vtkXdmfReader (0x190dd30): Error opening file output_jobid_3912510_extracted-fault.xdmf[0m
[0m[31m(   1.671s) [paraview        ]       vtkExecutive.cxx:729    ERR| vtkPVCompositeDataPipeline (0x191d000): Algorithm vtkFileSeriesReader (0x191aa70) returned failure for request: vtkInformation (0x191c5f0)
  Debug: Off
  Modified Time: 92784
  Reference Count: 1
  Registered Events: (none)
  Request: REQUEST_DATA_OBJECT
  ALGORITHM_AFTER_FORWARD: 1
  FORWARD_DIRECTION: 0

[0m
[0m[31m(   1.671s) [paraview        ]      vtkXdmfReader.cxx:253    ERR| vtkXdmfReader (0x190dd30): Error opening file output_jobid_3912510_extracted-fault.xdmf[0m
[0m[31m(   1.671s) [paraview        ]       vtkExecutive.cxx:729    ERR| vtkPVCompositeDataPipeline (0x1910990): Algorithm vtkXdmfReader (0x190dd30) returned failure for request: vtkInformation (0x190f840)
  Debug: Off
  Modified Time: 92671
  Reference Count: 1
  Registered Events: (none)
  Request: REQUEST_DATA_OBJECT
  ALGORITHM_AFTER_FORWARD: 1
  FORWARD_DIRECTION: 0

[0m
[0m[31m(   1.671s) [paraview        ]      vtkXdmfReader.cxx:253    ERR| vtkXdmfReader (0x190dd30): Error opening file output_jobid_3912510_extracted-fault.xdmf[0m
[0m[31m(   1.671s) [paraview        ]       vtkExecutive.cxx:729    ERR| vtkPVCompositeDataPipeline (0x1910990): Algorithm vtkXdmfReader (0x190dd30) returned failure for request: vtkInformation (0x190f840)
  Debug: Off
  Modified Time: 92671
  Reference Count: 1
  Registered Events: (none)
  Request: REQUEST_DATA_OBJECT
  ALGORITHM_AFTER_FORWARD: 1
  FORWARD_DIRECTION: 0

[0m
[0m[31m(   1.768s) [paraview        ]      vtkXdmfReader.cxx:253    ERR| vtkXdmfReader (0x190dd30): Error opening file output_jobid_3912510_extracted-fault.xdmf[0m
[0m[31m(   1.768s) [paraview        ]       vtkExecutive.cxx:729    ERR| vtkPVCompositeDataPipeline (0x191d000): Algorithm vtkFileSeriesReader (0x191aa70) returned failure for request: vtkInformation (0x322c970)
  Debug: Off
  Modified Time: 154810
  Reference Count: 1
  Registered Events: (none)
  Request: REQUEST_DATA_OBJECT
  FROM_OUTPUT_PORT: 0
  ALGORITHM_AFTER_FORWARD: 1
  FORWARD_DIRECTION: 0

[0m
[0m[31m(   1.768s) [paraview        ]      vtkXdmfReader.cxx:253    ERR| vtkXdmfReader (0x190dd30): Error opening file output_jobid_3912510_extracted-fault.xdmf[0m
[0m[31m(   1.768s) [paraview        ]       vtkExecutive.cxx:729    ERR| vtkPVCompositeDataPipeline (0x191d000): Algorithm vtkFileSeriesReader (0x191aa70) returned failure for request: vtkInformation (0x322c970)
  Debug: Off
  Modified Time: 154810
  Reference Count: 1
  Registered Events: (none)
  Request: REQUEST_DATA_OBJECT
  FROM_OUTPUT_PORT: 0
  ALGORITHM_AFTER_FORWARD: 1
  FORWARD_DIRECTION: 0

[0m
[0m[33m(   1.911s) [paraview        ]vtkSMColorMapEditorHelp:772   WARN| Failed to determine the LookupTable being used.[0m
[0m[31m(   1.912s) [paraview        ]      vtkXdmfReader.cxx:253    ERR| vtkXdmfReader (0x190dd30): Error opening file output_jobid_3912510_extracted-fault.xdmf[0m
[0m[31m(   1.912s) [paraview        ]       vtkExecutive.cxx:729    ERR| vtkPVCompositeDataPipeline (0x191d000): Algorithm vtkFileSeriesReader (0x191aa70) returned failure for request: vtkInformation (0x3da3590)
  Debug: Off
  Modified Time: 878737
  Reference Count: 1
  Registered Events: (none)
  Request: REQUEST_DATA_OBJECT
  FROM_OUTPUT_PORT: 0
  ALGORITHM_AFTER_FORWARD: 1
  FORWARD_DIRECTION: 0

[0m
[0m[31m(   1.912s) [paraview        ]       vtkExecutive.cxx:729    ERR| vtkCompositeDataPipeline (0x3df0f90): Algorithm vtkPVGeometryFilter (0x3e768c0) returned failure for request: vtkInformation (0x3df1d30)
  Debug: Off
  Modified Time: 878741
  Reference Count: 1
  Registered Events: (none)
  Request: REQUEST_DATA_OBJECT
  FROM_OUTPUT_PORT: 0
  ALGORITHM_AFTER_FORWARD: 1
  FORWARD_DIRECTION: 0

[0m
[0m[31m(   1.913s) [paraview        ]      vtkXdmfReader.cxx:253    ERR| vtkXdmfReader (0x190dd30): Error opening file output_jobid_3912510_extracted-fault.xdmf[0m
[0m[31m(   1.913s) [paraview        ]       vtkExecutive.cxx:729    ERR| vtkPVCompositeDataPipeline (0x191d000): Algorithm vtkFileSeriesReader (0x191aa70) returned failure for request: vtkInformation (0x3cce9a0)
  Debug: Off
  Modified Time: 878805
  Reference Count: 1
  Registered Events: (none)
  Request: REQUEST_DATA_OBJECT
  FROM_OUTPUT_PORT: 0
  ALGORITHM_AFTER_FORWARD: 1
  FORWARD_DIRECTION: 0

[0m
[0m[31m(   1.913s) [paraview        ]       vtkExecutive.cxx:729    ERR| vtkCompositeDataPipeline (0x3cebc20): Algorithm vtkPVGeometryFilter (0x3cbc590) returned failure for request: vtkInformation (0x3ceccf0)
  Debug: Off
  Modified Time: 878810
  Reference Count: 1
  Registered Events: (none)
  Request: REQUEST_DATA_OBJECT
  FROM_OUTPUT_PORT: 0
  ALGORITHM_AFTER_FORWARD: 1
  FORWARD_DIRECTION: 0

[0m
[0m[31m(   1.913s) [paraview        ]      vtkXdmfReader.cxx:253    ERR| vtkXdmfReader (0x190dd30): Error opening file output_jobid_3912510_extracted-fault.xdmf[0m
[0m[31m(   1.913s) [paraview        ]       vtkExecutive.cxx:729    ERR| vtkPVCompositeDataPipeline (0x191d000): Algorithm vtkFileSeriesReader (0x191aa70) returned failure for request: vtkInformation (0x3741800)
  Debug: Off
  Modified Time: 878868
  Reference Count: 1
  Registered Events: (none)
  Request: REQUEST_DATA_OBJECT
  FROM_OUTPUT_PORT: 0
  ALGORITHM_AFTER_FORWARD: 1
  FORWARD_DIRECTION: 0

[0m
[0m[31m(   1.921s) [paraview        ]       vtkExecutive.cxx:729    ERR| vtkCompositeDataPipeline (0x3df0f90): Algorithm vtkPVGeometryFilter (0x3e768c0) returned failure for request: vtkInformation (0x3df1d30)
  Debug: Off
  Modified Time: 878741
  Reference Count: 1
  Registered Events: (none)
  Request: REQUEST_DATA_OBJECT
  FROM_OUTPUT_PORT: 0
  ALGORITHM_AFTER_FORWARD: 1
  FORWARD_DIRECTION: 0

[0m
[0m[31m(   1.921s) [paraview        ]       vtkExecutive.cxx:729    ERR| vtkCompositeDataPipeline (0x3cebc20): Algorithm vtkPVGeometryFilter (0x3cbc590) returned failure for request: vtkInformation (0x3ceccf0)
  Debug: Off
  Modified Time: 878810
  Reference Count: 1
  Registered Events: (none)
  Request: REQUEST_DATA_OBJECT
  FROM_OUTPUT_PORT: 0
  ALGORITHM_AFTER_FORWARD: 1
  FORWARD_DIRECTION: 0

[0m
[0m[33m(   1.921s) [paraview        ]vtkSMColorMapEditorHelp:772   WARN| Failed to determine the LookupTable being used.[0m
[0m[31m(   1.921s) [paraview        ]       vtkExecutive.cxx:729    ERR| vtkCompositeDataPipeline (0x3df0f90): Algorithm vtkPVGeometryFilter (0x3e768c0) returned failure for request: vtkInformation (0x3df1d30)
  Debug: Off
  Modified Time: 878741
  Reference Count: 1
  Registered Events: (none)
  Request: REQUEST_DATA_OBJECT
  FROM_OUTPUT_PORT: 0
  ALGORITHM_AFTER_FORWARD: 1
  FORWARD_DIRECTION: 0

[0m
[0m[31m(   1.921s) [paraview        ]       vtkExecutive.cxx:729    ERR| vtkCompositeDataPipeline (0x3cebc20): Algorithm vtkPVGeometryFilter (0x3cbc590) returned failure for request: vtkInformation (0x3ceccf0)
  Debug: Off
  Modified Time: 878810
  Reference Count: 1
  Registered Events: (none)
  Request: REQUEST_DATA_OBJECT
  FROM_OUTPUT_PORT: 0
  ALGORITHM_AFTER_FORWARD: 1
  FORWARD_DIRECTION: 0

[0m
[0m[31m(   1.926s) [paraview        ]      vtkXdmfReader.cxx:253    ERR| vtkXdmfReader (0x190dd30): Error opening file output_jobid_3912510_extracted-fault.xdmf[0m
[0m[31m(   1.926s) [paraview        ]       vtkExecutive.cxx:729    ERR| vtkPVCompositeDataPipeline (0x191d000): Algorithm vtkFileSeriesReader (0x191aa70) returned failure for request: vtkInformation (0x4658c80)
  Debug: Off
  Modified Time: 882182
  Reference Count: 1
  Registered Events: (none)
  Request: REQUEST_DATA_OBJECT
  FROM_OUTPUT_PORT: 0
  ALGORITHM_AFTER_FORWARD: 1
  FORWARD_DIRECTION: 0

[0m
[0m[31m(   1.927s) [paraview        ]      vtkXdmfReader.cxx:253    ERR| vtkXdmfReader (0x190dd30): Error opening file output_jobid_3912510_extracted-fault.xdmf[0m
[0m[31m(   1.927s) [paraview        ]       vtkExecutive.cxx:729    ERR| vtkPVCompositeDataPipeline (0x191d000): Algorithm vtkFileSeriesReader (0x191aa70) returned failure for request: vtkInformation (0x4682790)
  Debug: Off
  Modified Time: 882364
  Reference Count: 1
  Registered Events: (none)
  Request: REQUEST_DATA_OBJECT
  FROM_OUTPUT_PORT: 0
  ALGORITHM_AFTER_FORWARD: 1
  FORWARD_DIRECTION: 0

[0m
[0m[31m(   1.927s) [paraview        ]      vtkXdmfReader.cxx:253    ERR| vtkXdmfReader (0x190dd30): Error opening file output_jobid_3912510_extracted-fault.xdmf[0m
[0m[31m(   1.927s) [paraview        ]       vtkExecutive.cxx:729    ERR| vtkPVCompositeDataPipeline (0x191d000): Algorithm vtkFileSeriesReader (0x191aa70) returned failure for request: vtkInformation (0x4682790)
  Debug: Off
  Modified Time: 882364
  Reference Count: 1
  Registered Events: (none)
  Request: REQUEST_DATA_OBJECT
  FROM_OUTPUT_PORT: 0
  ALGORITHM_AFTER_FORWARD: 1
  FORWARD_DIRECTION: 0

[0m
[0m[31m(   2.043s) [paraview        ]      vtkXdmfReader.cxx:253    ERR| vtkXdmfReader (0x190dd30): Error opening file output_jobid_3912510_extracted-fault.xdmf[0m
[0m[31m(   2.043s) [paraview        ]       vtkExecutive.cxx:729    ERR| vtkPVCompositeDataPipeline (0x191d000): Algorithm vtkFileSeriesReader (0x191aa70) returned failure for request: vtkInformation (0x4682790)
  Debug: Off
  Modified Time: 882364
  Reference Count: 1
  Registered Events: (none)
  Request: REQUEST_DATA_OBJECT
  FROM_OUTPUT_PORT: 0
  ALGORITHM_AFTER_FORWARD: 1
  FORWARD_DIRECTION: 0

[0m
[0m[31m(   2.043s) [paraview        ]      vtkXdmfReader.cxx:253    ERR| vtkXdmfReader (0x190dd30): Error opening file output_jobid_3912510_extracted-fault.xdmf[0m
[0m[31m(   2.043s) [paraview        ]       vtkExecutive.cxx:729    ERR| vtkPVCompositeDataPipeline (0x191d000): Algorithm vtkFileSeriesReader (0x191aa70) returned failure for request: vtkInformation (0x4682790)
  Debug: Off
  Modified Time: 882364
  Reference Count: 1
  Registered Events: (none)
  Request: REQUEST_DATA_OBJECT
  FROM_OUTPUT_PORT: 0
  ALGORITHM_AFTER_FORWARD: 1
  FORWARD_DIRECTION: 0

[0m
[0m[33m(   2.054s) [paraview        ]vtkSMColorMapEditorHelp:772   WARN| Failed to determine the LookupTable being used.[0m
[0m[33m(   2.060s) [paraview        ]vtkSMColorMapEditorHelp:170   WARN| Could not determine array range.[0m
[0m[33m(   2.060s) [paraview        ]vtkSMColorMapEditorHelp:170   WARN| Could not determine array range.[0m
[0m[31m(   2.071s) [paraview        ]      vtkXdmfReader.cxx:253    ERR| vtkXdmfReader (0x190dd30): Error opening file output_jobid_3912510_extracted-fault.xdmf[0m
[0m[31m(   2.071s) [paraview        ]       vtkExecutive.cxx:729    ERR| vtkPVCompositeDataPipeline (0x191d000): Algorithm vtkFileSeriesReader (0x191aa70) returned failure for request: vtkInformation (0x556f6b0)
  Debug: Off
  Modified Time: 1029686
  Reference Count: 1
  Registered Events: (none)
  Request: REQUEST_DATA_OBJECT
  FROM_OUTPUT_PORT: 0
  ALGORITHM_AFTER_FORWARD: 1
  FORWARD_DIRECTION: 0

[0m
[0m[31m(   2.072s) [paraview        ]      vtkXdmfReader.cxx:253    ERR| vtkXdmfReader (0x190dd30): Error opening file output_jobid_3912510_extracted-fault.xdmf[0m
[0m[31m(   2.072s) [paraview        ]       vtkExecutive.cxx:729    ERR| vtkPVCompositeDataPipeline (0x191d000): Algorithm vtkFileSeriesReader (0x191aa70) returned failure for request: vtkInformation (0x5503720)
  Debug: Off
  Modified Time: 1029868
  Reference Count: 1
  Registered Events: (none)
  Request: REQUEST_DATA_OBJECT
  FROM_OUTPUT_PORT: 0
  ALGORITHM_AFTER_FORWARD: 1
  FORWARD_DIRECTION: 0

[0m
[0m[31m(   2.072s) [paraview        ]      vtkXdmfReader.cxx:253    ERR| vtkXdmfReader (0x190dd30): Error opening file output_jobid_3912510_extracted-fault.xdmf[0m
[0m[31m(   2.072s) [paraview        ]       vtkExecutive.cxx:729    ERR| vtkPVCompositeDataPipeline (0x191d000): Algorithm vtkFileSeriesReader (0x191aa70) returned failure for request: vtkInformation (0x5503720)
  Debug: Off
  Modified Time: 1029868
  Reference Count: 1
  Registered Events: (none)
  Request: REQUEST_DATA_OBJECT
  FROM_OUTPUT_PORT: 0
  ALGORITHM_AFTER_FORWARD: 1
  FORWARD_DIRECTION: 0

[0m
[0m[31m(   2.184s) [paraview        ]      vtkXdmfReader.cxx:253    ERR| vtkXdmfReader (0x190dd30): Error opening file output_jobid_3912510_extracted-fault.xdmf[0m
[0m[31m(   2.184s) [paraview        ]       vtkExecutive.cxx:729    ERR| vtkPVCompositeDataPipeline (0x191d000): Algorithm vtkFileSeriesReader (0x191aa70) returned failure for request: vtkInformation (0x5503720)
  Debug: Off
  Modified Time: 1029868
  Reference Count: 1
  Registered Events: (none)
  Request: REQUEST_DATA_OBJECT
  FROM_OUTPUT_PORT: 0
  ALGORITHM_AFTER_FORWARD: 1
  FORWARD_DIRECTION: 0

[0m
[0m[31m(   2.184s) [paraview        ]      vtkXdmfReader.cxx:253    ERR| vtkXdmfReader (0x190dd30): Error opening file output_jobid_3912510_extracted-fault.xdmf[0m
[0m[31m(   2.184s) [paraview        ]       vtkExecutive.cxx:729    ERR| vtkPVCompositeDataPipeline (0x191d000): Algorithm vtkFileSeriesReader (0x191aa70) returned failure for request: vtkInformation (0x5503720)
  Debug: Off
  Modified Time: 1029868
  Reference Count: 1
  Registered Events: (none)
  Request: REQUEST_DATA_OBJECT
  FROM_OUTPUT_PORT: 0
  ALGORITHM_AFTER_FORWARD: 1
  FORWARD_DIRECTION: 0

[0m
[0m[31m(   2.195s) [paraview        ]      vtkXdmfReader.cxx:253    ERR| vtkXdmfReader (0x190dd30): Error opening file output_jobid_3912510_extracted-fault.xdmf[0m
[0m[31m(   2.195s) [paraview        ]       vtkExecutive.cxx:729    ERR| vtkPVCompositeDataPipeline (0x191d000): Algorithm vtkFileSeriesReader (0x191aa70) returned failure for request: vtkInformation (0x5503720)
  Debug: Off
  Modified Time: 1029868
  Reference Count: 1
  Registered Events: (none)
  Request: REQUEST_DATA_OBJECT
  FROM_OUTPUT_PORT: 0
  ALGORITHM_AFTER_FORWARD: 1
  FORWARD_DIRECTION: 0

[0m
[0m[31m(   2.195s) [paraview        ]      vtkXdmfReader.cxx:253    ERR| vtkXdmfReader (0x190dd30): Error opening file output_jobid_3912510_extracted-fault.xdmf[0m
[0m[31m(   2.195s) [paraview        ]       vtkExecutive.cxx:729    ERR| vtkPVCompositeDataPipeline (0x191d000): Algorithm vtkFileSeriesReader (0x191aa70) returned failure for request: vtkInformation (0x5503720)
  Debug: Off
  Modified Time: 1029868
  Reference Count: 1
  Registered Events: (none)
  Request: REQUEST_DATA_OBJECT
  FROM_OUTPUT_PORT: 0
  ALGORITHM_AFTER_FORWARD: 1
  FORWARD_DIRECTION: 0

[0m
[0m[31m(   2.198s) [paraview        ]      vtkXdmfReader.cxx:253    ERR| vtkXdmfReader (0x190dd30): Error opening file output_jobid_3912510_extracted-fault.xdmf[0m
[0m[31m(   2.199s) [paraview        ]       vtkExecutive.cxx:729    ERR| vtkPVCompositeDataPipeline (0x191d000): Algorithm vtkFileSeriesReader (0x191aa70) returned failure for request: vtkInformation (0x5425170)
  Debug: Off
  Modified Time: 1171883
  Reference Count: 1
  Registered Events: (none)
  Request: REQUEST_DATA_OBJECT
  FROM_OUTPUT_PORT: 0
  ALGORITHM_AFTER_FORWARD: 1
  FORWARD_DIRECTION: 0

[0m
[0m[31m(   2.199s) [paraview        ]      vtkXdmfReader.cxx:253    ERR| vtkXdmfReader (0x190dd30): Error opening file output_jobid_3912510_extracted-fault.xdmf[0m
[0m[31m(   2.199s) [paraview        ]       vtkExecutive.cxx:729    ERR| vtkPVCompositeDataPipeline (0x191d000): Algorithm vtkFileSeriesReader (0x191aa70) returned failure for request: vtkInformation (0x5425170)
  Debug: Off
  Modified Time: 1171883
  Reference Count: 1
  Registered Events: (none)
  Request: REQUEST_DATA_OBJECT
  FROM_OUTPUT_PORT: 0
  ALGORITHM_AFTER_FORWARD: 1
  FORWARD_DIRECTION: 0

[0m
Traceback (most recent call last):
  File "/dss/dsshome1/01/di35poq/soft/plot_initial_stress_profile.py", line 58, in <module>
    data = pd.read_csv(csvfile)
  File "/dss/dsshome1/01/di35poq/.local/lib/python3.8/site-packages/pandas/io/parsers/readers.py", line 912, in read_csv
    return _read(filepath_or_buffer, kwds)
  File "/dss/dsshome1/01/di35poq/.local/lib/python3.8/site-packages/pandas/io/parsers/readers.py", line 577, in _read
    parser = TextFileReader(filepath_or_buffer, **kwds)
  File "/dss/dsshome1/01/di35poq/.local/lib/python3.8/site-packages/pandas/io/parsers/readers.py", line 1407, in __init__
    self._engine = self._make_engine(f, self.engine)
  File "/dss/dsshome1/01/di35poq/.local/lib/python3.8/site-packages/pandas/io/parsers/readers.py", line 1679, in _make_engine
    return mapping[engine](f, **self.options)
  File "/dss/dsshome1/01/di35poq/.local/lib/python3.8/site-packages/pandas/io/parsers/c_parser_wrapper.py", line 93, in __init__
    self._reader = parsers.TextReader(src, **kwds)
  File "pandas/_libs/parsers.pyx", line 557, in pandas._libs.parsers.TextReader.__cinit__
pandas.errors.EmptyDataError: No columns to parse from file
/var/spool/slurm/job3912510/slurm_script: line 95: popd: directory stack empty
cp: target '/hppfs/scratch/01/di35poq/haiti-rupture-outputs/dynamic-rupture-outputs/variable_SH_max/jobid_3912510/logs/' is not a directory
