THIS RUN IS USING general
Sun 08 Sep 2024 02:55:53 AM UTC
num_nodes: 24 ntasks: 24 cpus_per_task:
Line 63 replaced with: OutputFile='/hppfs/scratch/01/di35poq/haiti-rupture-outputs/dynamic-rupture-outputs/regional-only/jobid_3891876'
Job log complete.
Starting SeisSol...
Sun Sep 08 04:55:54, Info:  Using the parameter file parameters.par 
Sun Sep 08 04:55:54, Info:  Reading SeisSol parameter file... 
Sun Sep 08 04:55:54, Info:  In your parameter file, you have specified a non-positive interval for "checkpointinterval" . This mechanism is deprecated and may be removed in a future version of SeisSol. Consider disabling the whole module by setting "checkpoint" to 0 instead by adding "checkpoint = 0" to the "output" section of your parameter file instead. 
Sun Sep 08 04:55:54, Info:  The field "printintervalcriterion" is no longer in use. You may safely remove it from your parameters file. 
Sun Sep 08 04:55:54, Info:  Disabling the wavefield output by setting "outputformat = 10" is deprecated and may be removed in a future version of SeisSol. Consider using the parameter "wavefieldoutput" instead. To disable wavefield output, add "wavefieldoutput = 0" to the "output" section of your parameters file. 
Sun Sep 08 04:55:54, Info:  The field "printintervalcriterion" is no longer in use. You may safely remove it from your parameters file. 
Sun Sep 08 04:55:54, Info:  The field "pickdttype" is no longer in use. You may safely remove it from your parameters file. 
Sun Sep 08 04:55:54, Info:  The field "faultoutputflag" is no longer in use. You may safely remove it from your parameters file. 
Sun Sep 08 04:55:54, Info:  The field "boundaries" is no longer in use. You may safely remove it from your parameters file. 
Sun Sep 08 04:55:54, Info:  SeisSol parameter file read successfully. 
Sun Sep 08 04:55:54, Info:  Model information: 
Sun Sep 08 04:55:54, Info:  Elastic model: yes 
Sun Sep 08 04:55:54, Info:  Viscoelastic model: no 
Sun Sep 08 04:55:54, Info:  Anelastic model: no 
Sun Sep 08 04:55:54, Info:  Poroelastic model: no 
Sun Sep 08 04:55:54, Info:  Anisotropic model: no 
Sun Sep 08 04:55:54, Info:  Plasticity: no 
Sun Sep 08 04:55:54, Info:  Welcome to SeisSol 
Sun Sep 08 04:55:54, Info:  Copyright (c) 2012 - 2024  SeisSol Group 
Sun Sep 08 04:55:54, Info:  Version: v1.1.4-148-g60aedc8c (dirty) 
Sun Sep 08 04:55:54, Info:  Built on: Jun 17 2024 21:03:35 
Sun Sep 08 04:55:54, Info:  Last commit: 60aedc8c2ae0a5d9e5a46cc3a40e4eaf1c047225 at 2024-06-06T12:54:08+00:00 
Sun Sep 08 04:55:54, Info:  Compiled with HOST_ARCH = skx 
Sun Sep 08 04:55:54, Info:  Running on (rank=0): "i05r10c02s10" 
Sun Sep 08 04:55:54, Info:  Using MPI with #ranks: 24 
Sun Sep 08 04:55:54, Info:  Node-wide (shared memory) MPI with #ranks/node: 1 
Sun Sep 08 04:55:54, Info:  Using asynchronous MPI routines. 
Sun Sep 08 04:55:54, Info:  Using OMP with #threads/rank: 94 
Sun Sep 08 04:55:54, Info:  OpenMP worker affinity (this process): "0123456789|0123456789|0123456789|0123456789|0123456-89|0123456789|0123456789|0123456789|0123456789|01234-" 
Sun Sep 08 04:55:54, Info:  OpenMP worker affinity (this node)   : "0123456789|0123456789|0123456789|0123456789|0123456-89|0123456789|0123456789|0123456789|0123456789|01234-" 
Sun Sep 08 04:55:54, Info:  Using a communication thread for advancing MPI communication. 
Sun Sep 08 04:55:54, Info:  Communication thread affinity        : "----------|----------|----------|----------|-------7--|----------|----------|----------|----------|-----5" 
Sun Sep 08 04:55:54, Info:  The stack size ulimit is 2097152 [kiB] ( = 2.0000 GiB ). 
Sun Sep 08 04:55:54, Info:  Begin init mesh. 
Sun Sep 08 04:55:54, Info:  Mesh file: "/dss/dsshome1/01/di35poq/mesh/mesh_v07/Haiti_v07_lowres" 
Sun Sep 08 04:55:54, Info:  Running mini SeisSol to determine node weights. 
Sun Sep 08 04:55:54, Info:  miniSeisSol configured with 50000 elements and 10 repeats per process 
Sun Sep 08 04:55:54, Info:  Node weights: mean = 41.4268  std = 0.537506  min = 40.0125  median = 41.5709  max = 42.151 
Sun Sep 08 04:55:54, Info:  Reading PUML mesh 
Sun Sep 08 04:55:54, Info:  Inferring boundary format. 
Sun Sep 08 04:55:55, Info:  Boundary format not given in PUML file; inferring from array shape. 
Sun Sep 08 04:55:55, Info:  Using boundary format: i32 (4xi8) 
Sun Sep 08 04:55:55, Info:  Found 2685422 cells 
Sun Sep 08 04:55:55, Info:  Found 477078 vertices 
Sun Sep 08 04:55:56, Info:  Computing LTS weights. 
Sun Sep 08 04:55:58, Info:  Limiting number of clusters to 2147483646 
Sun Sep 08 04:55:58, Info:  Computing LTS weights. Done.  (108213 reductions.)
Sun Sep 08 04:55:58, Info:  Using the Parmetis partition library and strategy. 
Sun Sep 08 04:56:00, Info:  PUML mesh read in: 5.3433 s (min: 5.2817 s, max: 5.5005 s)
Sun Sep 08 04:56:00, Info:  The mesh has been read. Starting post processing. 
Sun Sep 08 04:56:00, Info:  Extracting fault information. 
Sun Sep 08 04:56:00, Info:  Exchanging ghostlayer metadata. 
Sun Sep 08 04:56:01, Info:  Mesh initialized in: 6.9573 s (min: 6.9568 s, max: 6.9578 s)
Sun Sep 08 04:56:01, Info:  End init mesh. 
Sun Sep 08 04:56:01, Info:  Begin init model. 
Sun Sep 08 04:56:01, Info:  Initialize LTS. 
Sun Sep 08 04:56:01, Info:  Deriving clusters ids for min. time step width / multiRate: 0.000213316 / 2 
Sun Sep 08 04:56:01, Info:  Due to wiggle factor of 1 the minimum timestep size is reduced to 0.000213316 
Sun Sep 08 04:56:01, Info:  Number of elements in time clusters: 
Sun Sep 08 04:56:01, Info:  0: 2088 
Sun Sep 08 04:56:01, Info:  1: 265401 
Sun Sep 08 04:56:01, Info:  2: 1618976 
Sun Sep 08 04:56:01, Info:  3: 538212 
Sun Sep 08 04:56:01, Info:  4: 147352 
Sun Sep 08 04:56:01, Info:  5: 35652 
Sun Sep 08 04:56:01, Info:  6: 11329 
Sun Sep 08 04:56:01, Info:  7: 18592 
Sun Sep 08 04:56:01, Info:  8: 47781 
Sun Sep 08 04:56:01, Info:  9: 39 
Sun Sep 08 04:56:01, Info:  maximum theoretical speedup (compared to GTS): 6.4313 per cell LTS, 4.34786 with the used clustering. 
Sun Sep 08 04:56:01, Info:  Number of elements in dynamic rupture time clusters: 
Sun Sep 08 04:56:01, Info:  0 (dr): 617 
Sun Sep 08 04:56:01, Info:  1 (dr): 78847 
Sun Sep 08 04:56:01, Info:  2 (dr): 309985 
Sun Sep 08 04:56:01, Info:  3 (dr): 2509 
Sun Sep 08 04:56:01, Info:  4 (dr): 0 
Sun Sep 08 04:56:01, Info:  5 (dr): 0 
Sun Sep 08 04:56:01, Info:  6 (dr): 0 
Sun Sep 08 04:56:01, Info:  7 (dr): 0 
Sun Sep 08 04:56:01, Info:  8 (dr): 0 
Sun Sep 08 04:56:01, Info:  9 (dr): 0 
Sun Sep 08 04:56:01, Info:  Initialize Friction Model 
Sun Sep 08 04:56:02, Info:  Initialize cell material parameters. 
Sun Sep 08 04:56:03, Info:  Initialize Memory layout. 
Sun Sep 08 04:56:04, Info:  Initialize cell-local matrices. 
Sun Sep 08 04:56:04, Info:  Initializing Fault, using a quadrature rule with  25  points. 
Sun Sep 08 04:58:13, Info:  Model initialized in: 2 min 11.5208 s (min: 2 min 11.5181 s, max: 2 min 11.5245 s)
Sun Sep 08 04:58:13, Info:  End init model. 
Sun Sep 08 04:58:13, Info:  Setting initial conditions. 
Sun Sep 08 04:58:13, Info:  Using initial condition "Zero" . 
Sun Sep 08 04:58:13, Info:  Reading source. 
Sun Sep 08 04:58:13, Info:  No source term specified. 
Sun Sep 08 04:58:13, Info:  Setting up boundary conditions. 
Sun Sep 08 04:58:13, Info:  Begin init output. 
Sun Sep 08 04:58:13, Info:  Initializing free surface integrator. 
Sun Sep 08 04:58:13, Info:  Initializing free surface integrator. Done. 
Sun Sep 08 04:58:13, Info:  Enabling 2D fault output 
Sun Sep 08 04:58:13, Info:  Initializing Fault output. Number of sub-triangles: 4 
Sun Sep 08 04:58:13, Info:  Initializing XDMF fault output. 
Sun Sep 08 04:58:13, Info:  Fault writer thread affinity: "----------|----------|----------|----------|-------7--|----------|----------|----------|----------|-----5" 
Sun Sep 08 04:58:13, Info:  Initializing XDMF fault output. Done. 
Sun Sep 08 04:58:13, Info:  Initializing free surface output. 
Sun Sep 08 04:58:13, Info:  Free surface writer thread affinity: "----------|----------|----------|----------|-------7--|----------|----------|----------|----------|-----5" 
Sun Sep 08 04:58:13, Info:  Initializing free surface output. Done. 
Sun Sep 08 04:58:13, Info:  No record points read. 
Sun Sep 08 04:58:13, Info:  Finding meshIds for receivers... 
Sun Sep 08 04:58:13, Info:  Cleaning possible double occurring receivers for MPI... 
Sun Sep 08 04:58:13, Info:  Mapping receivers to LTS cells... 
Sun Sep 08 04:58:13, Info:  Initializing energy output. 
Sun Sep 08 04:58:13, Info:  End init output. 
Sun Sep 08 04:58:13, Info:  Finishing initialization... 
Sun Sep 08 04:58:13, Info:  Starting simulation. 
Sun Sep 08 04:58:13, Info:  Writing faultoutput at time 0.
Sun Sep 08 04:58:13, Info:  Writing faultoutput at time 0. Done.
Sun Sep 08 04:58:13, Info:  Writing free surface at time 0.
Sun Sep 08 04:58:13, Info:  Writing free surface at time 0. Done.
Sun Sep 08 04:58:13, Info:  Writing energy output at time 0 
Sun Sep 08 04:58:13, Info:  Total momentum (X, Y, Z): 0  , 0  , 0 
Sun Sep 08 04:58:13, Info:  Writing energy output at time 0 Done. 
Sun Sep 08 04:58:13, Info:  Time spent for initial IO: 35.9503 ms (min: 25.2989 ms, max: 54.9106 ms)
Sun Sep 08 04:58:32, Info:  Writing faultoutput at time 0.5.
Sun Sep 08 04:58:32, Info:  Writing faultoutput at time 0.5. Done.
Sun Sep 08 04:58:32, Info:  Writing energy output at time 0.5 
Sun Sep 08 04:58:32, Info:  Elastic energy (total, % kinematic, % potential):  1.51804e+13  , 24.7719  , 75.2281 
Sun Sep 08 04:58:32, Info:  Total momentum (X, Y, Z): 0.0333222  , 0.00646249  , -0.0389673 
Sun Sep 08 04:58:32, Info:  Frictional work (total, % static, % radiated):  1.53709e+13  , 72.9015  , 27.0985 
Sun Sep 08 04:58:32, Info:  Seismic moment (without plasticity): 5.55894e+16  Mw: 5.09333 
Sun Sep 08 04:58:32, Info:  Writing energy output at time 0.5 Done. 
Sun Sep 08 04:58:32, Info:  Time spent this phase (total): 18.7222 s (min: 18.6976 s, max: 18.7418 s)
Sun Sep 08 04:58:32, Info:  Time spent this phase (compute): 18.6862 s (min: 18.6677 s, max: 18.7037 s)
Sun Sep 08 04:58:32, Info:  Time spent this phase (IO): 32.3759 ms (min: 23.9421 ms, max: 50.4651 ms)
Sun Sep 08 04:58:32, Info:  Performance since the start: 13.4451 TFLOP/s (rank 0: 550.7833 GFLOP/s , average over ranks: 560.2145 GFLOP/s ) 
Sun Sep 08 04:58:32, Info:  Performance since last sync point: 13.4451 TFLOP/s (rank 0: 550.7833 GFLOP/s , average over ranks: 560.2145 GFLOP/s ) 
Sun Sep 08 04:58:50, Info:  Writing faultoutput at time 1.
Sun Sep 08 04:58:50, Info:  Writing faultoutput at time 1. Done.
Sun Sep 08 04:58:50, Info:  Writing free surface at time 1.
Sun Sep 08 04:58:50, Info:  Writing free surface at time 1. Done.
Sun Sep 08 04:58:50, Info:  Wrote receivers in 3.83e-07 seconds. 
Sun Sep 08 04:58:50, Info:  Writing energy output at time 1 
Sun Sep 08 04:58:51, Info:  Elastic energy (total, % kinematic, % potential):  1.24102e+14  , 26.2903  , 73.7097 
Sun Sep 08 04:58:51, Info:  Total momentum (X, Y, Z): 1.15693  , 1.44316  , -1.04974 
Sun Sep 08 04:58:51, Info:  Frictional work (total, % static, % radiated):  1.27119e+14  , 71.6601  , 28.3399 
Sun Sep 08 04:58:51, Info:  Seismic moment (without plasticity): 4.31156e+17  Mw: 5.68642 
Sun Sep 08 04:58:51, Info:  Writing energy output at time 1 Done. 
Sun Sep 08 04:58:51, Info:  Time spent this phase (total): 18.5132 s (min: 18.4735 s, max: 18.5481 s)
Sun Sep 08 04:58:51, Info:  Time spent this phase (compute): 18.5131 s (min: 18.4733 s, max: 18.5479 s)
Sun Sep 08 04:58:51, Info:  Time spent this phase (IO): 35.7557 ms (min: 24.0789 ms, max: 83.4305 ms)
Sun Sep 08 04:58:51, Info:  Performance since the start: 13.5205 TFLOP/s (rank 0: 553.9713 GFLOP/s , average over ranks: 563.3547 GFLOP/s ) 
Sun Sep 08 04:58:51, Info:  Performance since last sync point: 13.5967 TFLOP/s (rank 0: 557.1964 GFLOP/s , average over ranks: 566.5310 GFLOP/s ) 
Sun Sep 08 04:58:51, Info:  Ignoring duplicate synchronisation point at time 1 ; the last sync point was at  1 
Sun Sep 08 04:58:51, Info:  Ignoring duplicate synchronisation point at time 1 ; the last sync point was at  1 
Sun Sep 08 04:58:51, Info:  Ignoring duplicate synchronisation point at time 1 ; the last sync point was at  1 
Sun Sep 08 04:58:51, Info:  Ignoring duplicate synchronisation point at time 1 ; the last sync point was at  1 
Sun Sep 08 04:58:51, Info:  Simulation time (total): 37.2356 s (min: 37.2065 s, max: 37.2711 s)
Sun Sep 08 04:58:51, Info:  Simulation time (compute): 37.1313 s (min: 37.0846 s, max: 37.1811 s)
Sun Sep 08 04:58:51, Info:  Simulation time (IO): 103.8408 ms (min: 73.2107 ms, max: 182.6195 ms)
Sun Sep 08 04:58:51, Info:  Time spent in compute kernels: mean = 34.5179  std = 0.943839  min = 32.8508  median = 34.4962  max = 36.4068 
Sun Sep 08 04:58:51, Info:  Load imbalance: 5.18818 % 
Sun Sep 08 04:58:51, Info:  Regression analysis of compute kernels: 
Sun Sep 08 04:58:51, Info:  "computeLocalIntegration" (total time): 247.573 s ( = 4 min 7.5732 s ) 
Sun Sep 08 04:58:51, Info:  "computeLocalIntegration" ( constant ): 2.09771e-05 (sample size: 383132 , standard error: 3.03035e-11 ) 
Sun Sep 08 04:58:51, Info:  "computeLocalIntegration" ( per element ): 8.26608e-08 (sample size: 383132 , standard error: 3.03035e-11 ) 
Sun Sep 08 04:58:51, Info:  "computeNeighboringIntegration" (total time): 309.297 s ( = 5 min 9.2975 s ) 
Sun Sep 08 04:58:51, Info:  "computeNeighboringIntegration" ( constant ): 0.000111093 (sample size: 383132 , standard error: 3.60374e-11 ) 
Sun Sep 08 04:58:51, Info:  "computeNeighboringIntegration" ( per element ): 9.20465e-08 (sample size: 383132 , standard error: 3.60374e-11 ) 
Sun Sep 08 04:58:51, Info:  "computeDynamicRupture" (total time): 271.559 s ( = 4 min 31.5593 s ) 
Sun Sep 08 04:58:51, Info:  "computeDynamicRupture" ( constant ): 6.52466e-05 (sample size: 288312 , standard error: 2.09487e-10 ) 
Sun Sep 08 04:58:51, Info:  "computeDynamicRupture" ( per element ): 4.57477e-07 (sample size: 288312 , standard error: 2.09487e-10 ) 
Sun Sep 08 04:58:51, Info:  "computePointSources" (total time): 0 s ( = 0.0000 s ) 
Sun Sep 08 04:58:51, Info:  "computePointSources" ( constant ): -nan (sample size: 0 , standard error: -nan ) 
Sun Sep 08 04:58:51, Info:  "computePointSources" ( per element ): -nan (sample size: 0 , standard error: -nan ) 
Sun Sep 08 04:58:51, Info:  Total time spent in compute kernels: 828.43 s ( = 13 min 48.4299 s ) 
Sun Sep 08 04:58:51, Info:  Total calculated HW-FLOP:  503.4435 TFLOP 
Sun Sep 08 04:58:51, Info:  Total calculated NZ-FLOP:  201.2514 TFLOP 
Sun Sep 08 04:58:51, Info:  Total calculated HW-FLOP/s:  13.5076 TFLOP/s 
Sun Sep 08 04:58:51, Info:  Total calculated NZ-FLOP/s:  5.3997 TFLOP/s 
Sun Sep 08 04:58:51, Info:  WP calculated HW-FLOP:  417.1334 TFLOP 
Sun Sep 08 04:58:51, Info:  WP calculated NZ-FLOP:  137.0760 TFLOP 
Sun Sep 08 04:58:51, Info:  DR calculated HW-FLOP:  86.3101 TFLOP 
Sun Sep 08 04:58:51, Info:  DR calculated NZ-FLOP:  64.1754 TFLOP 
Sun Sep 08 04:58:51, Info:  PL calculated HW-FLOP:  0.0000 FLOP 
Sun Sep 08 04:58:51, Info:  PL calculated NZ-FLOP:  0.0000 FLOP 
Sun Sep 08 04:58:51, Info:  Time spent in simulation: 37.2717 s (min: 37.2716 s, max: 37.2727 s)
Sun Sep 08 04:58:51, Info:  Simulation done. 
Sun Sep 08 04:58:51, Info:  Closing IO. 
Sun Sep 08 04:58:52, Info:  Time fault writer backend: 342.6010 ms (min: 195.4163 ms, max: 2.8050 s)
Sun Sep 08 04:58:52, Info:  Time fault writer frontend: 2.2574 ms (min: 1.8994 ms, max: 2.8513 ms)
Sun Sep 08 04:58:52, Info:  Time free surface writer backend: 93.8391 ms (min: 84.7610 µs, max: 974.5198 ms)
Sun Sep 08 04:58:52, Info:  Time free surface writer frontend: 146.1481 µs (min: 39.7770 µs, max: 1.1039 ms)
Sun Sep 08 04:58:52, Info:  SeisSol done. Goodbye. 
SeisSol complete.
/hppfs/scratch/01/di35poq/haiti-rupture-outputs/dynamic-rupture-outputs/regional-only/jobid_3891876 ~/haiti-rupture-inputs/dynamic-rupture/regional-only/automated-runs/shmax_nu_suite/job_SHmax_30.0_nu_0.5
Writing hdf5 output with compression enabled (compression_level=4). 
Use --compression=0 if you want to speed-up data extraction.
u1: 0it [00:00, ?it/s]u1: 1it [00:00, 167.20it/s]
u2: 0it [00:00, ?it/s]u2: 1it [00:00, 173.04it/s]
u3: 0it [00:00, ?it/s]u3: 1it [00:00, 175.74it/s]
done writing output_jobid_3891876_extracted-surface.h5
done writing output_jobid_3891876_extracted-surface.xdmf
full path: /hppfs/scratch/01/di35poq/haiti-rupture-outputs/dynamic-rupture-outputs/regional-only/jobid_3891876/output_jobid_3891876_extracted-surface.xdmf
Working on JobID: 3891876
No matching file found for jobid 3891876. Assigning output-fault.xdmf instead
/hppfs/scratch/01/di35poq/haiti-rupture-outputs/dynamic-rupture-outputs/regional-only/jobid_3891876/output-fault.xdmf
warning: Mw computed over 0-85s (avoiding contribution of small residual moment after rupture)
jobid_3891876 moment magnitude: 5.686422956102708 (M0 = 4.3116e+17)
Finished writing /hppfs/scratch/01/di35poq/haiti-rupture-outputs/dynamic-rupture-outputs/regional-only/jobid_3891876/moment_rate_mainshock.png
No matching file found for jobid 3891876. Looking for output-fault.xdmf instead
mu_s: 0.6
mu_d: 0.2
done writing /hppfs/scratch/01/di35poq/haiti-rupture-outputs/dynamic-rupture-outputs/regional-only/jobid_3891876/output_jobid_3891876_extracted-fault.xdmf
full path: /hppfs/scratch/01/di35poq/haiti-rupture-outputs/dynamic-rupture-outputs/regional-only/jobid_3891876/output_jobid_3891876_extracted-fault.xdmf
done writing /hppfs/scratch/01/di35poq/haiti-rupture-outputs/dynamic-rupture-outputs/regional-only/jobid_3891876/output_jobid_3891876_extracted-fault.h5
Job ID set as: 3891876
mu_s: 0.6
mu_d: 0.2
~/haiti-rupture-inputs/dynamic-rupture/regional-only/automated-runs/shmax_nu_suite/job_SHmax_30.0_nu_0.5
