Couldn't load script: [string "function f (x)..."]:4: '}' expected (to close '{' at line 2) near 'sig_zz'Couldn't load script: [string "function f (x)..."]:4: '}' expected (to close '{' at line 2) near 'sig_zz'Couldn't load script: [string "function f (x)..."]:4: '}' expected (to close '{' at line 2) near 'sig_zz'Couldn't load script: [string "function f (x)..."]:4: '}' expected (to close '{' at line 2) near 'sig_zz'Couldn't load script: [string "function f (x)..."]:4: '}' expected (to close '{' at line 2) near 'sig_zz'Couldn't load script: [string "function f (x)..."]:4: '}' expected (to close '{' at line 2) near 'sig_zz'Couldn't load script: [string "function f (x)..."]:4: '}' expected (to close '{' at line 2) near 'sig_zz'Couldn't load script: [string "function f (x)..."]:4: '}' expected (to close '{' at line 2) near 'sig_zz'Couldn't load script: [string "function f (x)..."]:4: '}' expected (to close '{' at line 2) near 'sig_zz'Couldn't load script: [string "function f (x)..."]:4: '}' expected (to close '{' at line 2) near 'sig_zz'srun: error: i01r01c02s05: task 12: Aborted (core dumped)
srun: launch/slurm: _step_signal: Terminating StepId=3461377.0
Couldn't load script: [string "function f (x)..."]:4: '}' expected (to close '{' at line 2) near 'sig_zz'Couldn't load script: [string "function f (x)..."]:4: '}' expected (to close '{' at line 2) near 'sig_zz'Couldn't load script: [string "function f (x)..."]:4: '}' expected (to close '{' at line 2) near 'sig_zz'Couldn't load script: [string "function f (x)..."]:4: '}' expected (to close '{' at line 2) near 'sig_zz'Couldn't load script: [string "function f (x)..."]:4: '}' expected (to close '{' at line 2) near 'sig_zz'srun: error: i01r01c02s06: task 13: Aborted (core dumped)
srun: error: i01r01c02s04: task 11: Aborted (core dumped)
srun: error: i01r01c01s10: task 5: Aborted (core dumped)
Couldn't load script: [string "function f (x)..."]:4: '}' expected (to close '{' at line 2) near 'sig_zz'srun: error: i01r01c02s02: task 9: Aborted (core dumped)
srun: error: i01r01c01s07: task 2: Aborted (core dumped)
srun: error: i01r01c01s05: task 1: Aborted (core dumped)
srun: error: i01r01c01s02: task 0: Aborted (core dumped)
srun: error: i01r01c01s12: task 7: Aborted (core dumped)
srun: error: i01r01c01s08: task 3: Aborted (core dumped)
srun: error: i01r01c01s09: task 4: Aborted (core dumped)
srun: error: i01r01c02s07: task 14: Aborted (core dumped)
srun: error: i01r01c02s08: task 15: Aborted (core dumped)
srun: error: i01r01c01s11: task 6: Aborted (core dumped)
srun: error: i01r01c02s03: task 10: Aborted (core dumped)
srun: error: i01r01c02s01: task 8: Aborted (core dumped)
/var/spool/slurm/job3461377/slurm_script: line 66: pushd: /hppfs/scratch/01/di35poq/haiti-rupture-outputs/dynamic-rupture-outputs/outputs_tmp: No such file or directory
Traceback (most recent call last):
  File "/dss/dsshome1/01/di35poq/.local/bin/seissol_output_extractor", line 8, in <module>
    sys.exit(main())
  File "/dss/dsshome1/01/di35poq/.local/lib/python3.8/site-packages/seissolxdmfwriter/seissol_output_extractor.py", line 143, in main
    sx = SeissolxdmfExtended(args.xdmfFilename)
  File "/dss/dsshome1/01/di35poq/.local/lib/python3.8/site-packages/seissolxdmf/seissolxdmf.py", line 14, in __init__
    with open (xdmfFilename, "r") as fid:
FileNotFoundError: [Errno 2] No such file or directory: 'output-fault.xdmf'
Traceback (most recent call last):
  File "/dss/dsshome1/01/di35poq/.local/bin/seissol_output_extractor", line 8, in <module>
    sys.exit(main())
  File "/dss/dsshome1/01/di35poq/.local/lib/python3.8/site-packages/seissolxdmfwriter/seissol_output_extractor.py", line 143, in main
    sx = SeissolxdmfExtended(args.xdmfFilename)
  File "/dss/dsshome1/01/di35poq/.local/lib/python3.8/site-packages/seissolxdmf/seissolxdmf.py", line 14, in __init__
    with open (xdmfFilename, "r") as fid:
FileNotFoundError: [Errno 2] No such file or directory: 'output-surface.xdmf'
/var/spool/slurm/job3461377/slurm_script: line 72: popd: directory stack empty
mv: cannot stat '/hppfs/scratch/01/di35poq/haiti-rupture-outputs/dynamic-rupture-outputs/outputs_tmp': No such file or directory
cp: cannot create directory '/hppfs/scratch/01/di35poq/haiti-rupture-outputs/dynamic-rupture-outputs/FL33-only/jobid_3461377/logs': No such file or directory
