THIS RUN IS USING general
Sun 08 Sep 2024 03:09:31 AM UTC
num_nodes: 24 ntasks: 24 cpus_per_task:
Line 63 replaced with: OutputFile='/hppfs/scratch/01/di35poq/haiti-rupture-outputs/dynamic-rupture-outputs/regional-only/jobid_3891886'
Job log complete.
Starting SeisSol...
Sun Sep 08 05:09:34, Info:  Using the parameter file parameters.par 
Sun Sep 08 05:09:34, Info:  Reading SeisSol parameter file... 
Sun Sep 08 05:09:34, Info:  In your parameter file, you have specified a non-positive interval for "checkpointinterval" . This mechanism is deprecated and may be removed in a future version of SeisSol. Consider disabling the whole module by setting "checkpoint" to 0 instead by adding "checkpoint = 0" to the "output" section of your parameter file instead. 
Sun Sep 08 05:09:34, Info:  The field "printintervalcriterion" is no longer in use. You may safely remove it from your parameters file. 
Sun Sep 08 05:09:34, Info:  Disabling the wavefield output by setting "outputformat = 10" is deprecated and may be removed in a future version of SeisSol. Consider using the parameter "wavefieldoutput" instead. To disable wavefield output, add "wavefieldoutput = 0" to the "output" section of your parameters file. 
Sun Sep 08 05:09:34, Info:  The field "printintervalcriterion" is no longer in use. You may safely remove it from your parameters file. 
Sun Sep 08 05:09:34, Info:  The field "pickdttype" is no longer in use. You may safely remove it from your parameters file. 
Sun Sep 08 05:09:34, Info:  The field "faultoutputflag" is no longer in use. You may safely remove it from your parameters file. 
Sun Sep 08 05:09:34, Info:  The field "boundaries" is no longer in use. You may safely remove it from your parameters file. 
Sun Sep 08 05:09:34, Info:  SeisSol parameter file read successfully. 
Sun Sep 08 05:09:34, Info:  Model information: 
Sun Sep 08 05:09:34, Info:  Elastic model: yes 
Sun Sep 08 05:09:34, Info:  Viscoelastic model: no 
Sun Sep 08 05:09:34, Info:  Anelastic model: no 
Sun Sep 08 05:09:34, Info:  Poroelastic model: no 
Sun Sep 08 05:09:34, Info:  Anisotropic model: no 
Sun Sep 08 05:09:34, Info:  Plasticity: no 
Sun Sep 08 05:09:34, Info:  Welcome to SeisSol 
Sun Sep 08 05:09:34, Info:  Copyright (c) 2012 - 2024  SeisSol Group 
Sun Sep 08 05:09:34, Info:  Version: v1.1.4-148-g60aedc8c (dirty) 
Sun Sep 08 05:09:34, Info:  Built on: Jun 17 2024 21:03:35 
Sun Sep 08 05:09:34, Info:  Last commit: 60aedc8c2ae0a5d9e5a46cc3a40e4eaf1c047225 at 2024-06-06T12:54:08+00:00 
Sun Sep 08 05:09:34, Info:  Compiled with HOST_ARCH = skx 
Sun Sep 08 05:09:34, Info:  Running on (rank=0): "i02r02c02s09" 
Sun Sep 08 05:09:34, Info:  Using MPI with #ranks: 24 
Sun Sep 08 05:09:34, Info:  Node-wide (shared memory) MPI with #ranks/node: 1 
Sun Sep 08 05:09:34, Info:  Using asynchronous MPI routines. 
Sun Sep 08 05:09:34, Info:  Using OMP with #threads/rank: 94 
Sun Sep 08 05:09:34, Info:  OpenMP worker affinity (this process): "0123456789|0123456789|0123456789|0123456789|0123456-89|0123456789|0123456789|0123456789|0123456789|01234-" 
Sun Sep 08 05:09:34, Info:  OpenMP worker affinity (this node)   : "0123456789|0123456789|0123456789|0123456789|0123456-89|0123456789|0123456789|0123456789|0123456789|01234-" 
Sun Sep 08 05:09:34, Info:  Using a communication thread for advancing MPI communication. 
Sun Sep 08 05:09:34, Info:  Communication thread affinity        : "----------|----------|----------|----------|-------7--|----------|----------|----------|----------|-----5" 
Sun Sep 08 05:09:34, Info:  The stack size ulimit is 2097152 [kiB] ( = 2.0000 GiB ). 
Sun Sep 08 05:09:34, Info:  Begin init mesh. 
Sun Sep 08 05:09:34, Info:  Mesh file: "/dss/dsshome1/01/di35poq/mesh/mesh_v07/Haiti_v07_lowres" 
Sun Sep 08 05:09:34, Info:  Running mini SeisSol to determine node weights. 
Sun Sep 08 05:09:34, Info:  miniSeisSol configured with 50000 elements and 10 repeats per process 
Sun Sep 08 05:09:34, Info:  Node weights: mean = 41.3249  std = 0.381106  min = 40.4445  median = 41.4058  max = 41.9231 
Sun Sep 08 05:09:34, Info:  Reading PUML mesh 
Sun Sep 08 05:09:34, Info:  Inferring boundary format. 
Sun Sep 08 05:09:34, Info:  Boundary format not given in PUML file; inferring from array shape. 
Sun Sep 08 05:09:34, Info:  Using boundary format: i32 (4xi8) 
Sun Sep 08 05:09:34, Info:  Found 2685422 cells 
Sun Sep 08 05:09:34, Info:  Found 477078 vertices 
Sun Sep 08 05:09:35, Info:  Computing LTS weights. 
Sun Sep 08 05:09:37, Info:  Limiting number of clusters to 2147483646 
Sun Sep 08 05:09:37, Info:  Computing LTS weights. Done.  (108213 reductions.)
Sun Sep 08 05:09:37, Info:  Using the Parmetis partition library and strategy. 
Sun Sep 08 05:09:40, Info:  PUML mesh read in: 5.3866 s (min: 5.2560 s, max: 5.5547 s)
Sun Sep 08 05:09:40, Info:  The mesh has been read. Starting post processing. 
Sun Sep 08 05:09:40, Info:  Extracting fault information. 
Sun Sep 08 05:09:40, Info:  Exchanging ghostlayer metadata. 
Sun Sep 08 05:09:41, Info:  Mesh initialized in: 7.0101 s (min: 7.0096 s, max: 7.0111 s)
Sun Sep 08 05:09:41, Info:  End init mesh. 
Sun Sep 08 05:09:41, Info:  Begin init model. 
Sun Sep 08 05:09:41, Info:  Initialize LTS. 
Sun Sep 08 05:09:41, Info:  Deriving clusters ids for min. time step width / multiRate: 0.000213316 / 2 
Sun Sep 08 05:09:41, Info:  Due to wiggle factor of 1 the minimum timestep size is reduced to 0.000213316 
Sun Sep 08 05:09:41, Info:  Number of elements in time clusters: 
Sun Sep 08 05:09:41, Info:  0: 2088 
Sun Sep 08 05:09:41, Info:  1: 265401 
Sun Sep 08 05:09:41, Info:  2: 1618976 
Sun Sep 08 05:09:41, Info:  3: 538212 
Sun Sep 08 05:09:41, Info:  4: 147352 
Sun Sep 08 05:09:41, Info:  5: 35652 
Sun Sep 08 05:09:41, Info:  6: 11329 
Sun Sep 08 05:09:41, Info:  7: 18592 
Sun Sep 08 05:09:41, Info:  8: 47781 
Sun Sep 08 05:09:41, Info:  9: 39 
Sun Sep 08 05:09:41, Info:  maximum theoretical speedup (compared to GTS): 6.4313 per cell LTS, 4.34786 with the used clustering. 
Sun Sep 08 05:09:41, Info:  Number of elements in dynamic rupture time clusters: 
Sun Sep 08 05:09:41, Info:  0 (dr): 617 
Sun Sep 08 05:09:41, Info:  1 (dr): 78847 
Sun Sep 08 05:09:41, Info:  2 (dr): 310024 
Sun Sep 08 05:09:41, Info:  3 (dr): 2509 
Sun Sep 08 05:09:41, Info:  4 (dr): 0 
Sun Sep 08 05:09:41, Info:  5 (dr): 0 
Sun Sep 08 05:09:41, Info:  6 (dr): 0 
Sun Sep 08 05:09:41, Info:  7 (dr): 0 
Sun Sep 08 05:09:41, Info:  8 (dr): 0 
Sun Sep 08 05:09:41, Info:  9 (dr): 0 
Sun Sep 08 05:09:41, Info:  Initialize Friction Model 
Sun Sep 08 05:09:42, Info:  Initialize cell material parameters. 
Sun Sep 08 05:09:43, Info:  Initialize Memory layout. 
Sun Sep 08 05:09:43, Info:  Initialize cell-local matrices. 
Sun Sep 08 05:09:43, Info:  Initializing Fault, using a quadrature rule with  25  points. 
Sun Sep 08 05:11:38, Info:  Model initialized in: 1 min 56.6525 s (min: 1 min 56.6507 s, max: 1 min 56.6568 s)
Sun Sep 08 05:11:38, Info:  End init model. 
Sun Sep 08 05:11:38, Info:  Setting initial conditions. 
Sun Sep 08 05:11:38, Info:  Using initial condition "Zero" . 
Sun Sep 08 05:11:38, Info:  Reading source. 
Sun Sep 08 05:11:38, Info:  No source term specified. 
Sun Sep 08 05:11:38, Info:  Setting up boundary conditions. 
Sun Sep 08 05:11:38, Info:  Begin init output. 
Sun Sep 08 05:11:38, Info:  Initializing free surface integrator. 
Sun Sep 08 05:11:38, Info:  Initializing free surface integrator. Done. 
Sun Sep 08 05:11:38, Info:  Enabling 2D fault output 
Sun Sep 08 05:11:38, Info:  Initializing Fault output. Number of sub-triangles: 4 
Sun Sep 08 05:11:38, Info:  Initializing XDMF fault output. 
Sun Sep 08 05:11:38, Info:  Fault writer thread affinity: "----------|----------|----------|----------|-------7--|----------|----------|----------|----------|-----5" 
Sun Sep 08 05:11:38, Info:  Initializing XDMF fault output. Done. 
Sun Sep 08 05:11:38, Info:  Initializing free surface output. 
Sun Sep 08 05:11:38, Info:  Free surface writer thread affinity: "----------|----------|----------|----------|-------7--|----------|----------|----------|----------|-----5" 
Sun Sep 08 05:11:38, Info:  No record points read. 
Sun Sep 08 05:11:38, Info:  Finding meshIds for receivers... 
Sun Sep 08 05:11:38, Info:  Cleaning possible double occurring receivers for MPI... 
Sun Sep 08 05:11:38, Info:  Mapping receivers to LTS cells... 
Sun Sep 08 05:11:38, Info:  Initializing energy output. 
Sun Sep 08 05:11:38, Info:  End init output. 
Sun Sep 08 05:11:38, Info:  Initializing free surface output. Done. 
Sun Sep 08 05:11:38, Info:  Finishing initialization... 
Sun Sep 08 05:11:38, Info:  Starting simulation. 
Sun Sep 08 05:11:38, Info:  Writing faultoutput at time 0.
Sun Sep 08 05:11:38, Info:  Writing faultoutput at time 0. Done.
Sun Sep 08 05:11:38, Info:  Writing free surface at time 0.
Sun Sep 08 05:11:38, Info:  Writing free surface at time 0. Done.
Sun Sep 08 05:11:38, Info:  Writing energy output at time 0 
Sun Sep 08 05:11:38, Info:  Total momentum (X, Y, Z): 0  , 0  , 0 
Sun Sep 08 05:11:38, Info:  Writing energy output at time 0 Done. 
Sun Sep 08 05:11:38, Info:  Time spent for initial IO: 35.0958 ms (min: 27.3537 ms, max: 47.4275 ms)
Sun Sep 08 05:11:57, Info:  Writing faultoutput at time 0.5.
Sun Sep 08 05:11:57, Info:  Writing faultoutput at time 0.5. Done.
Sun Sep 08 05:11:57, Info:  Writing energy output at time 0.5 
Sun Sep 08 05:11:57, Info:  Elastic energy (total, % kinematic, % potential):  1.2702e+13  , 24.7952  , 75.2048 
Sun Sep 08 05:11:57, Info:  Total momentum (X, Y, Z): 0.0479868  , 0.0187606  , -0.043104 
Sun Sep 08 05:11:57, Info:  Frictional work (total, % static, % radiated):  1.28615e+13  , 72.9083  , 27.0917 
Sun Sep 08 05:11:57, Info:  Seismic moment (without plasticity): 5.08596e+16  Mw: 5.06758 
Sun Sep 08 05:11:57, Info:  Writing energy output at time 0.5 Done. 
Sun Sep 08 05:11:57, Info:  Time spent this phase (total): 18.7985 s (min: 18.7727 s, max: 18.8290 s)
Sun Sep 08 05:11:57, Info:  Time spent this phase (compute): 18.7634 s (min: 18.7414 s, max: 18.7838 s)
Sun Sep 08 05:11:57, Info:  Time spent this phase (IO): 31.2692 ms (min: 26.0394 ms, max: 42.5903 ms)
Sun Sep 08 05:11:57, Info:  Performance since the start: 13.3911 TFLOP/s (rank 0: 565.1956 GFLOP/s , average over ranks: 557.9621 GFLOP/s ) 
Sun Sep 08 05:11:57, Info:  Performance since last sync point: 13.3911 TFLOP/s (rank 0: 565.1956 GFLOP/s , average over ranks: 557.9621 GFLOP/s ) 
Sun Sep 08 05:12:15, Info:  Writing faultoutput at time 1.
Sun Sep 08 05:12:15, Info:  Writing faultoutput at time 1. Done.
Sun Sep 08 05:12:15, Info:  Writing free surface at time 1.
Sun Sep 08 05:12:15, Info:  Writing free surface at time 1. Done.
Sun Sep 08 05:12:15, Info:  Wrote receivers in 2.79e-07 seconds. 
Sun Sep 08 05:12:15, Info:  Writing energy output at time 1 
Sun Sep 08 05:12:16, Info:  Elastic energy (total, % kinematic, % potential):  1.03294e+14  , 26.154  , 73.846 
Sun Sep 08 05:12:16, Info:  Total momentum (X, Y, Z): 1.26864  , 1.26669  , -1.07787 
Sun Sep 08 05:12:16, Info:  Frictional work (total, % static, % radiated):  1.05616e+14  , 71.9195  , 28.0805 
Sun Sep 08 05:12:16, Info:  Seismic moment (without plasticity): 3.93463e+17  Mw: 5.65994 
Sun Sep 08 05:12:16, Info:  Writing energy output at time 1 Done. 
Sun Sep 08 05:12:16, Info:  Time spent this phase (total): 18.5960 s (min: 18.5723 s, max: 18.6156 s)
Sun Sep 08 05:12:16, Info:  Time spent this phase (compute): 18.5959 s (min: 18.5722 s, max: 18.6155 s)
Sun Sep 08 05:12:16, Info:  Time spent this phase (IO): 36.3646 ms (min: 26.1952 ms, max: 78.9473 ms)
Sun Sep 08 05:12:16, Info:  Performance since the start: 13.4636 TFLOP/s (rank 0: 568.7892 GFLOP/s , average over ranks: 560.9839 GFLOP/s ) 
Sun Sep 08 05:12:16, Info:  Performance since last sync point: 13.5369 TFLOP/s (rank 0: 572.4288 GFLOP/s , average over ranks: 564.0390 GFLOP/s ) 
Sun Sep 08 05:12:16, Info:  Ignoring duplicate synchronisation point at time 1 ; the last sync point was at  1 
Sun Sep 08 05:12:16, Info:  Ignoring duplicate synchronisation point at time 1 ; the last sync point was at  1 
Sun Sep 08 05:12:16, Info:  Ignoring duplicate synchronisation point at time 1 ; the last sync point was at  1 
Sun Sep 08 05:12:16, Info:  Ignoring duplicate synchronisation point at time 1 ; the last sync point was at  1 
Sun Sep 08 05:12:16, Info:  Simulation time (total): 37.3946 s (min: 37.3765 s, max: 37.4209 s)
Sun Sep 08 05:12:16, Info:  Simulation time (compute): 37.2916 s (min: 37.2586 s, max: 37.3192 s)
Sun Sep 08 05:12:16, Info:  Simulation time (IO): 102.5955 ms (min: 79.4996 ms, max: 160.9629 ms)
Sun Sep 08 05:12:16, Info:  Time spent in compute kernels: mean = 34.6787  std = 0.948582  min = 32.4295  median = 34.9002  max = 36.1697 
Sun Sep 08 05:12:16, Info:  Load imbalance: 4.12234 % 
Sun Sep 08 05:12:16, Info:  Regression analysis of compute kernels: 
Sun Sep 08 05:12:16, Info:  "computeLocalIntegration" (total time): 248.719 s ( = 4 min 8.7194 s ) 
Sun Sep 08 05:12:16, Info:  "computeLocalIntegration" ( constant ): 2.0299e-05 (sample size: 387858 , standard error: 2.96422e-11 ) 
Sun Sep 08 05:12:16, Info:  "computeLocalIntegration" ( per element ): 8.31102e-08 (sample size: 387858 , standard error: 2.96422e-11 ) 
Sun Sep 08 05:12:16, Info:  "computeNeighboringIntegration" (total time): 310.345 s ( = 5 min 10.3447 s ) 
Sun Sep 08 05:12:16, Info:  "computeNeighboringIntegration" ( constant ): 0.000105067 (sample size: 387858 , standard error: 4.04922e-11 ) 
Sun Sep 08 05:12:16, Info:  "computeNeighboringIntegration" ( per element ): 9.30301e-08 (sample size: 387858 , standard error: 4.04922e-11 ) 
Sun Sep 08 05:12:16, Info:  "computeDynamicRupture" (total time): 273.225 s ( = 4 min 33.2248 s ) 
Sun Sep 08 05:12:16, Info:  "computeDynamicRupture" ( constant ): 6.83332e-05 (sample size: 288312 , standard error: 2.44819e-10 ) 
Sun Sep 08 05:12:16, Info:  "computeDynamicRupture" ( per element ): 4.58843e-07 (sample size: 288312 , standard error: 2.44819e-10 ) 
Sun Sep 08 05:12:16, Info:  "computePointSources" (total time): 0 s ( = 0.0000 s ) 
Sun Sep 08 05:12:16, Info:  "computePointSources" ( constant ): -nan (sample size: 0 , standard error: -nan ) 
Sun Sep 08 05:12:16, Info:  "computePointSources" ( per element ): -nan (sample size: 0 , standard error: -nan ) 
Sun Sep 08 05:12:16, Info:  Total time spent in compute kernels: 832.289 s ( = 13 min 52.2888 s ) 
Sun Sep 08 05:12:16, Info:  Total calculated HW-FLOP:  503.4642 TFLOP 
Sun Sep 08 05:12:16, Info:  Total calculated NZ-FLOP:  201.2603 TFLOP 
Sun Sep 08 05:12:16, Info:  Total calculated HW-FLOP/s:  13.4541 TFLOP/s 
Sun Sep 08 05:12:16, Info:  Total calculated NZ-FLOP/s:  5.3783 TFLOP/s 
Sun Sep 08 05:12:16, Info:  WP calculated HW-FLOP:  417.1482 TFLOP 
Sun Sep 08 05:12:16, Info:  WP calculated NZ-FLOP:  137.0806 TFLOP 
Sun Sep 08 05:12:16, Info:  DR calculated HW-FLOP:  86.3160 TFLOP 
Sun Sep 08 05:12:16, Info:  DR calculated NZ-FLOP:  64.1797 TFLOP 
Sun Sep 08 05:12:16, Info:  PL calculated HW-FLOP:  0.0000 FLOP 
Sun Sep 08 05:12:16, Info:  PL calculated NZ-FLOP:  0.0000 FLOP 
Sun Sep 08 05:12:16, Info:  Time spent in simulation: 37.4214 s (min: 37.4214 s, max: 37.4224 s)
Sun Sep 08 05:12:16, Info:  Simulation done. 
Sun Sep 08 05:12:16, Info:  Closing IO. 
Sun Sep 08 05:12:16, Info:  Time free surface writer backend: 95.5301 ms (min: 2.5475 ms, max: 1.0380 s)
Sun Sep 08 05:12:16, Info:  Time fault writer backend: 260.4586 ms (min: 138.5709 ms, max: 2.6471 s)
Sun Sep 08 05:12:16, Info:  Time fault writer frontend: 2.2423 ms (min: 1.9309 ms, max: 2.5653 ms)
Sun Sep 08 05:12:16, Info:  Time free surface writer frontend: 133.6145 µs (min: 38.0190 µs, max: 369.2070 µs)
Sun Sep 08 05:12:17, Info:  SeisSol done. Goodbye. 
SeisSol complete.
/hppfs/scratch/01/di35poq/haiti-rupture-outputs/dynamic-rupture-outputs/regional-only/jobid_3891886 ~/haiti-rupture-inputs/dynamic-rupture/regional-only/automated-runs/shmax_nu_suite/job_SHmax_50.0_nu_0.5
Writing hdf5 output with compression enabled (compression_level=4). 
Use --compression=0 if you want to speed-up data extraction.
u1: 0it [00:00, ?it/s]u1: 1it [00:00, 50.55it/s]
u2: 0it [00:00, ?it/s]u2: 1it [00:00, 51.78it/s]
u3: 0it [00:00, ?it/s]u3: 1it [00:00, 50.59it/s]
done writing output_jobid_3891886_extracted-surface.h5
done writing output_jobid_3891886_extracted-surface.xdmf
full path: /hppfs/scratch/01/di35poq/haiti-rupture-outputs/dynamic-rupture-outputs/regional-only/jobid_3891886/output_jobid_3891886_extracted-surface.xdmf
Working on JobID: 3891886
No matching file found for jobid 3891886. Assigning output-fault.xdmf instead
/hppfs/scratch/01/di35poq/haiti-rupture-outputs/dynamic-rupture-outputs/regional-only/jobid_3891886/output-fault.xdmf
warning: Mw computed over 0-85s (avoiding contribution of small residual moment after rupture)
jobid_3891886 moment magnitude: 5.659935932635619 (M0 = 3.9346e+17)
Finished writing /hppfs/scratch/01/di35poq/haiti-rupture-outputs/dynamic-rupture-outputs/regional-only/jobid_3891886/moment_rate_mainshock.png
No matching file found for jobid 3891886. Looking for output-fault.xdmf instead
mu_s: 0.6
mu_d: 0.2
done writing /hppfs/scratch/01/di35poq/haiti-rupture-outputs/dynamic-rupture-outputs/regional-only/jobid_3891886/output_jobid_3891886_extracted-fault.xdmf
full path: /hppfs/scratch/01/di35poq/haiti-rupture-outputs/dynamic-rupture-outputs/regional-only/jobid_3891886/output_jobid_3891886_extracted-fault.xdmf
done writing /hppfs/scratch/01/di35poq/haiti-rupture-outputs/dynamic-rupture-outputs/regional-only/jobid_3891886/output_jobid_3891886_extracted-fault.h5
Job ID set as: 3891886
mu_s: 0.6
mu_d: 0.2
~/haiti-rupture-inputs/dynamic-rupture/regional-only/automated-runs/shmax_nu_suite/job_SHmax_50.0_nu_0.5
