Wed 21 Aug 2024 02:15:45 AM UTC
num_nodes: 16 ntasks: 16 cpus_per_task:
Line 63 replaced with: OutputFile='/hppfs/scratch/01/di35poq/haiti-rupture-outputs/dynamic-rupture-outputs/regional-only/jobid_3776469'
Job log complete.
Starting SeisSol...
Wed Aug 21 04:15:46, Info:  Using the parameter file parameters.par 
Wed Aug 21 04:15:46, Info:  Reading SeisSol parameter file... 
Wed Aug 21 04:15:46, Info:  In your parameter file, you have specified a non-positive interval for "checkpointinterval" . This mechanism is deprecated and may be removed in a future version of SeisSol. Consider disabling the whole module by setting "checkpoint" to 0 instead by adding "checkpoint = 0" to the "output" section of your parameter file instead. 
Wed Aug 21 04:15:46, Info:  The field "printintervalcriterion" is no longer in use. You may safely remove it from your parameters file. 
Wed Aug 21 04:15:46, Info:  Disabling the wavefield output by setting "outputformat = 10" is deprecated and may be removed in a future version of SeisSol. Consider using the parameter "wavefieldoutput" instead. To disable wavefield output, add "wavefieldoutput = 0" to the "output" section of your parameters file. 
Wed Aug 21 04:15:46, Info:  The field "printintervalcriterion" is no longer in use. You may safely remove it from your parameters file. 
Wed Aug 21 04:15:46, Info:  The field "pickdttype" is no longer in use. You may safely remove it from your parameters file. 
Wed Aug 21 04:15:46, Info:  The field "faultoutputflag" is no longer in use. You may safely remove it from your parameters file. 
Wed Aug 21 04:15:46, Info:  The field "boundaries" is no longer in use. You may safely remove it from your parameters file. 
Wed Aug 21 04:15:46, Info:  SeisSol parameter file read successfully. 
Wed Aug 21 04:15:46, Info:  Model information: 
Wed Aug 21 04:15:46, Info:  Elastic model: yes 
Wed Aug 21 04:15:46, Info:  Viscoelastic model: no 
Wed Aug 21 04:15:46, Info:  Anelastic model: no 
Wed Aug 21 04:15:46, Info:  Poroelastic model: no 
Wed Aug 21 04:15:46, Info:  Anisotropic model: no 
Wed Aug 21 04:15:46, Info:  Plasticity: no 
Wed Aug 21 04:15:46, Info:  Welcome to SeisSol 
Wed Aug 21 04:15:46, Info:  Copyright (c) 2012 - 2024  SeisSol Group 
Wed Aug 21 04:15:46, Info:  Version: v1.1.4-148-g60aedc8c (dirty) 
Wed Aug 21 04:15:46, Info:  Built on: Jun 17 2024 21:03:35 
Wed Aug 21 04:15:46, Info:  Last commit: 60aedc8c2ae0a5d9e5a46cc3a40e4eaf1c047225 at 2024-06-06T12:54:08+00:00 
Wed Aug 21 04:15:46, Info:  Compiled with HOST_ARCH = skx 
Wed Aug 21 04:15:46, Info:  Running on (rank=0): "i01r01c03s01" 
Wed Aug 21 04:15:46, Info:  Using MPI with #ranks: 16 
Wed Aug 21 04:15:46, Info:  Node-wide (shared memory) MPI with #ranks/node: 1 
Wed Aug 21 04:15:46, Info:  Using asynchronous MPI routines. 
Wed Aug 21 04:15:46, Info:  Using OMP with #threads/rank: 94 
Wed Aug 21 04:15:46, Info:  OpenMP worker affinity (this process): "0123456789|0123456789|0123456789|0123456789|0123456-89|0123456789|0123456789|0123456789|0123456789|01234-" 
Wed Aug 21 04:15:47, Info:  OpenMP worker affinity (this node)   : "0123456789|0123456789|0123456789|0123456789|0123456-89|0123456789|0123456789|0123456789|0123456789|01234-" 
Wed Aug 21 04:15:47, Info:  Using a communication thread for advancing MPI communication. 
Wed Aug 21 04:15:47, Info:  Communication thread affinity        : "----------|----------|----------|----------|-------7--|----------|----------|----------|----------|-----5" 
Wed Aug 21 04:15:47, Info:  The stack size ulimit is 2097152 [kiB] ( = 2.0000 GiB ). 
Wed Aug 21 04:15:47, Info:  Begin init mesh. 
Wed Aug 21 04:15:47, Info:  Mesh file: "/dss/dsshome1/01/di35poq/mesh/mesh_v07/Haiti_v07_lowres" 
Wed Aug 21 04:15:47, Info:  Running mini SeisSol to determine node weights. 
Wed Aug 21 04:15:47, Info:  miniSeisSol configured with 50000 elements and 10 repeats per process 
Wed Aug 21 04:15:47, Info:  Node weights: mean = 40.7821  std = 1.1932  min = 36.9447  median = 40.9482  max = 41.9345 
Wed Aug 21 04:15:47, Info:  Reading PUML mesh 
Wed Aug 21 04:15:47, Info:  Inferring boundary format. 
Wed Aug 21 04:15:47, Info:  Boundary format not given in PUML file; inferring from array shape. 
Wed Aug 21 04:15:47, Info:  Using boundary format: i32 (4xi8) 
Wed Aug 21 04:15:47, Info:  Found 2685422 cells 
Wed Aug 21 04:15:47, Info:  Found 477078 vertices 
Wed Aug 21 04:15:49, Info:  Computing LTS weights. 
Wed Aug 21 04:15:51, Info:  Limiting number of clusters to 2147483646 
Wed Aug 21 04:15:51, Info:  Computing LTS weights. Done.  (108216 reductions.)
Wed Aug 21 04:15:51, Info:  Using the Parmetis partition library and strategy. 
Wed Aug 21 04:15:55, Info:  PUML mesh read in: 7.8600 s (min: 7.7850 s, max: 8.0308 s)
Wed Aug 21 04:15:55, Info:  The mesh has been read. Starting post processing. 
Wed Aug 21 04:15:55, Info:  Extracting fault information. 
Wed Aug 21 04:15:55, Info:  Exchanging ghostlayer metadata. 
Wed Aug 21 04:15:57, Info:  Mesh initialized in: 9.9694 s (min: 9.9690 s, max: 9.9700 s)
Wed Aug 21 04:15:57, Info:  End init mesh. 
Wed Aug 21 04:15:57, Info:  Begin init model. 
Wed Aug 21 04:15:57, Info:  Initialize LTS. 
Wed Aug 21 04:15:57, Info:  Deriving clusters ids for min. time step width / multiRate: 0.000213316 / 2 
Wed Aug 21 04:15:57, Info:  Due to wiggle factor of 1 the minimum timestep size is reduced to 0.000213316 
Wed Aug 21 04:15:57, Info:  Number of elements in time clusters: 
Wed Aug 21 04:15:57, Info:  0: 2088 
Wed Aug 21 04:15:57, Info:  1: 265401 
Wed Aug 21 04:15:57, Info:  2: 1618976 
Wed Aug 21 04:15:57, Info:  3: 538212 
Wed Aug 21 04:15:57, Info:  4: 147352 
Wed Aug 21 04:15:57, Info:  5: 35652 
Wed Aug 21 04:15:57, Info:  6: 11329 
Wed Aug 21 04:15:57, Info:  7: 18592 
Wed Aug 21 04:15:57, Info:  8: 47781 
Wed Aug 21 04:15:57, Info:  9: 39 
Wed Aug 21 04:15:57, Info:  maximum theoretical speedup (compared to GTS): 6.4313 per cell LTS, 4.34786 with the used clustering. 
Wed Aug 21 04:15:57, Info:  Number of elements in dynamic rupture time clusters: 
Wed Aug 21 04:15:57, Info:  0 (dr): 617 
Wed Aug 21 04:15:57, Info:  1 (dr): 78813 
Wed Aug 21 04:15:57, Info:  2 (dr): 309964 
Wed Aug 21 04:15:57, Info:  3 (dr): 2509 
Wed Aug 21 04:15:57, Info:  4 (dr): 0 
Wed Aug 21 04:15:57, Info:  5 (dr): 0 
Wed Aug 21 04:15:57, Info:  6 (dr): 0 
Wed Aug 21 04:15:57, Info:  7 (dr): 0 
Wed Aug 21 04:15:57, Info:  8 (dr): 0 
Wed Aug 21 04:15:57, Info:  9 (dr): 0 
Wed Aug 21 04:15:57, Info:  Initialize Friction Model 
Wed Aug 21 04:16:00, Info:  Initialize cell material parameters. 
Wed Aug 21 04:16:01, Info:  Initialize Memory layout. 
Wed Aug 21 04:16:02, Info:  Initialize cell-local matrices. 
Wed Aug 21 04:16:02, Info:  Initializing Fault, using a quadrature rule with  25  points. 
Wed Aug 21 04:19:07, Info:  Model initialized in: 3 min 10.2576 s (min: 3 min 10.2553 s, max: 3 min 10.2610 s)
Wed Aug 21 04:19:07, Info:  End init model. 
Wed Aug 21 04:19:07, Info:  Setting initial conditions. 
Wed Aug 21 04:19:07, Info:  Using initial condition "Zero" . 
Wed Aug 21 04:19:07, Info:  Reading source. 
Wed Aug 21 04:19:07, Info:  No source term specified. 
Wed Aug 21 04:19:07, Info:  Setting up boundary conditions. 
Wed Aug 21 04:19:07, Info:  Begin init output. 
Wed Aug 21 04:19:07, Info:  Initializing free surface integrator. 
Wed Aug 21 04:19:07, Info:  Initializing free surface integrator. Done. 
Wed Aug 21 04:19:07, Info:  Enabling 2D fault output 
Wed Aug 21 04:19:07, Info:  Initializing Fault output. Number of sub-triangles: 4 
Wed Aug 21 04:19:07, Info:  Initializing XDMF fault output. 
Wed Aug 21 04:19:07, Info:  Fault writer thread affinity: "----------|----------|----------|----------|-------7--|----------|----------|----------|----------|-----5" 
Wed Aug 21 04:19:07, Info:  Initializing XDMF fault output. Done. 
Wed Aug 21 04:19:07, Info:  Initializing free surface output. 
Wed Aug 21 04:19:07, Info:  Free surface writer thread affinity: "----------|----------|----------|----------|-------7--|----------|----------|----------|----------|-----5" 
Wed Aug 21 04:19:07, Info:  No record points read. 
Wed Aug 21 04:19:07, Info:  Finding meshIds for receivers... 
Wed Aug 21 04:19:07, Info:  Cleaning possible double occurring receivers for MPI... 
Wed Aug 21 04:19:07, Info:  Mapping receivers to LTS cells... 
Wed Aug 21 04:19:07, Info:  Initializing energy output. 
Wed Aug 21 04:19:07, Info:  End init output. 
Wed Aug 21 04:19:07, Info:  Initializing free surface output. Done. 
Wed Aug 21 04:19:07, Info:  Finishing initialization... 
Wed Aug 21 04:19:07, Info:  Starting simulation. 
Wed Aug 21 04:19:07, Info:  Writing faultoutput at time 0.
Wed Aug 21 04:19:07, Info:  Writing faultoutput at time 0. Done.
Wed Aug 21 04:19:07, Info:  Writing free surface at time 0.
Wed Aug 21 04:19:07, Info:  Writing free surface at time 0. Done.
Wed Aug 21 04:19:07, Info:  Writing energy output at time 0 
Wed Aug 21 04:19:07, Info:  Total momentum (X, Y, Z): 0  , 0  , 0 
Wed Aug 21 04:19:07, Info:  Writing energy output at time 0 Done. 
Wed Aug 21 04:19:07, Info:  Time spent for initial IO: 54.2838 ms (min: 42.2059 ms, max: 66.6821 ms)
Wed Aug 21 04:19:34, Info:  Writing faultoutput at time 0.5.
Wed Aug 21 04:19:34, Info:  Writing faultoutput at time 0.5. Done.
Wed Aug 21 04:19:34, Info:  Writing energy output at time 0.5 
Wed Aug 21 04:19:34, Info:  Elastic energy (total, % kinematic, % potential):  6.49687e+11  , 24.4511  , 75.5489 
Wed Aug 21 04:19:34, Info:  Total momentum (X, Y, Z): 0.00948  , -0.00259364  , -0.00765464 
Wed Aug 21 04:19:34, Info:  Frictional work (total, % static, % radiated):  6.56701e+11  , 73.1918  , 26.8082 
Wed Aug 21 04:19:34, Info:  Seismic moment (without plasticity): 1.14585e+16  Mw: 4.63608 
Wed Aug 21 04:19:34, Info:  Writing energy output at time 0.5 Done. 
Wed Aug 21 04:19:34, Info:  Time spent this phase (total): 27.1653 s (min: 27.1207 s, max: 27.1952 s)
Wed Aug 21 04:19:34, Info:  Time spent this phase (compute): 27.1110 s (min: 27.0746 s, max: 27.1523 s)
Wed Aug 21 04:19:34, Info:  Time spent this phase (IO): 51.1214 ms (min: 40.8404 ms, max: 75.0950 ms)
Wed Aug 21 04:19:34, Info:  Performance since the start: 9.2650 TFLOP/s (rank 0: 555.7305 GFLOP/s , average over ranks: 579.0646 GFLOP/s ) 
Wed Aug 21 04:19:34, Info:  Performance since last sync point: 9.2650 TFLOP/s (rank 0: 555.7305 GFLOP/s , average over ranks: 579.0646 GFLOP/s ) 
Wed Aug 21 04:20:01, Info:  Writing faultoutput at time 1.
Wed Aug 21 04:20:01, Info:  Writing faultoutput at time 1. Done.
Wed Aug 21 04:20:01, Info:  Writing free surface at time 1.
Wed Aug 21 04:20:01, Info:  Writing free surface at time 1. Done.
Wed Aug 21 04:20:01, Info:  Writing energy output at time 1 
Wed Aug 21 04:20:01, Info:  Elastic energy (total, % kinematic, % potential):  4.76015e+12  , 23.0519  , 76.9481 
Wed Aug 21 04:20:01, Info:  Total momentum (X, Y, Z): 0.426064  , 0.310295  , 0.020462 
Wed Aug 21 04:20:01, Info:  Frictional work (total, % static, % radiated):  4.90529e+12  , 73.6083  , 26.3917 
Wed Aug 21 04:20:01, Info:  Seismic moment (without plasticity): 8.28998e+16  Mw: 5.20904 
Wed Aug 21 04:20:01, Info:  Writing energy output at time 1 Done. 
Wed Aug 21 04:20:01, Info:  Time spent this phase (total): 26.8186 s (min: 26.8028 s, max: 26.8553 s)
Wed Aug 21 04:20:01, Info:  Time spent this phase (compute): 26.8184 s (min: 26.8027 s, max: 26.8551 s)
Wed Aug 21 04:20:01, Info:  Time spent this phase (IO): 54.0481 ms (min: 40.7305 ms, max: 77.1948 ms)
Wed Aug 21 04:20:01, Info:  Performance since the start: 9.3245 TFLOP/s (rank 0: 559.6239 GFLOP/s , average over ranks: 582.7831 GFLOP/s ) 
Wed Aug 21 04:20:01, Info:  Performance since last sync point: 9.3848 TFLOP/s (rank 0: 563.5722 GFLOP/s , average over ranks: 586.5502 GFLOP/s ) 
Wed Aug 21 04:20:28, Info:  Writing faultoutput at time 1.5.
Wed Aug 21 04:20:28, Info:  Writing faultoutput at time 1.5. Done.
Wed Aug 21 04:20:28, Info:  Writing energy output at time 1.5 
Wed Aug 21 04:20:28, Info:  Elastic energy (total, % kinematic, % potential):  1.39644e+13  , 20.4973  , 79.5027 
Wed Aug 21 04:20:28, Info:  Total momentum (X, Y, Z): 0.186523  , -0.17749  , -0.0459595 
Wed Aug 21 04:20:28, Info:  Frictional work (total, % static, % radiated):  1.43867e+13  , 75.7349  , 24.2651 
Wed Aug 21 04:20:28, Info:  Seismic moment (without plasticity): 2.49073e+17  Mw: 5.52755 
Wed Aug 21 04:20:28, Info:  Writing energy output at time 1.5 Done. 
Wed Aug 21 04:20:28, Info:  Time spent this phase (total): 26.6596 s (min: 26.6165 s, max: 26.6971 s)
Wed Aug 21 04:20:28, Info:  Time spent this phase (compute): 26.6595 s (min: 26.6165 s, max: 26.6970 s)
Wed Aug 21 04:20:28, Info:  Time spent this phase (IO): 53.1345 ms (min: 41.0421 ms, max: 100.3211 ms)
Wed Aug 21 04:20:28, Info:  Performance since the start: 9.3629 TFLOP/s (rank 0: 561.8877 GFLOP/s , average over ranks: 585.1828 GFLOP/s ) 
Wed Aug 21 04:20:28, Info:  Performance since last sync point: 9.4407 TFLOP/s (rank 0: 566.4708 GFLOP/s , average over ranks: 590.0424 GFLOP/s ) 
Wed Aug 21 04:20:55, Info:  Writing faultoutput at time 2.
Wed Aug 21 04:20:55, Info:  Writing faultoutput at time 2. Done.
Wed Aug 21 04:20:55, Info:  Writing free surface at time 2.
Wed Aug 21 04:20:55, Info:  Writing free surface at time 2. Done.
Wed Aug 21 04:20:55, Info:  Writing energy output at time 2 
Wed Aug 21 04:20:55, Info:  Elastic energy (total, % kinematic, % potential):  2.62954e+13  , 15.875  , 84.125 
Wed Aug 21 04:20:55, Info:  Total momentum (X, Y, Z): 0.455078  , -0.25  , 0.0958252 
Wed Aug 21 04:20:55, Info:  Frictional work (total, % static, % radiated):  2.70072e+13  , 78.1805  , 21.8195 
Wed Aug 21 04:20:55, Info:  Seismic moment (without plasticity): 4.82131e+17  Mw: 5.71878 
Wed Aug 21 04:20:55, Info:  Writing energy output at time 2 Done. 
Wed Aug 21 04:20:55, Info:  Time spent this phase (total): 26.7555 s (min: 26.7241 s, max: 26.7966 s)
Wed Aug 21 04:20:55, Info:  Time spent this phase (compute): 26.7554 s (min: 26.7241 s, max: 26.7965 s)
Wed Aug 21 04:20:55, Info:  Time spent this phase (IO): 55.6212 ms (min: 41.0350 ms, max: 88.1178 ms)
Wed Aug 21 04:20:55, Info:  Performance since the start: 9.3739 TFLOP/s (rank 0: 562.7436 GFLOP/s , average over ranks: 585.8675 GFLOP/s ) 
Wed Aug 21 04:20:55, Info:  Performance since last sync point: 9.4069 TFLOP/s (rank 0: 565.3270 GFLOP/s , average over ranks: 587.9318 GFLOP/s ) 
Wed Aug 21 04:21:21, Info:  Writing faultoutput at time 2.5.
Wed Aug 21 04:21:21, Info:  Writing faultoutput at time 2.5. Done.
Wed Aug 21 04:21:21, Info:  Writing energy output at time 2.5 
Wed Aug 21 04:21:21, Info:  Elastic energy (total, % kinematic, % potential):  3.70483e+13  , 10.702  , 89.298 
Wed Aug 21 04:21:21, Info:  Total momentum (X, Y, Z): -7.24707  , -2.06055  , 1.67053 
Wed Aug 21 04:21:21, Info:  Frictional work (total, % static, % radiated):  3.79802e+13  , 79.2506  , 20.7494 
Wed Aug 21 04:21:21, Info:  Seismic moment (without plasticity): 6.87159e+17  Mw: 5.82137 
Wed Aug 21 04:21:21, Info:  Writing energy output at time 2.5 Done. 
Wed Aug 21 04:21:21, Info:  Time spent this phase (total): 26.7871 s (min: 26.7522 s, max: 26.8750 s)
Wed Aug 21 04:21:21, Info:  Time spent this phase (compute): 26.7871 s (min: 26.7521 s, max: 26.8749 s)
Wed Aug 21 04:21:21, Info:  Time spent this phase (IO): 50.4207 ms (min: 39.6367 ms, max: 75.7326 ms)
Wed Aug 21 04:21:21, Info:  Performance since the start: 9.3783 TFLOP/s (rank 0: 562.9815 GFLOP/s , average over ranks: 586.1416 GFLOP/s ) 
Wed Aug 21 04:21:21, Info:  Performance since last sync point: 9.3959 TFLOP/s (rank 0: 563.9348 GFLOP/s , average over ranks: 587.2416 GFLOP/s ) 
Wed Aug 21 04:21:49, Info:  Writing faultoutput at time 3.
Wed Aug 21 04:21:49, Info:  Writing faultoutput at time 3. Done.
Wed Aug 21 04:21:49, Info:  Writing free surface at time 3.
Wed Aug 21 04:21:49, Info:  Writing free surface at time 3. Done.
Wed Aug 21 04:21:49, Info:  Writing energy output at time 3 
Wed Aug 21 04:21:49, Info:  Elastic energy (total, % kinematic, % potential):  4.33705e+13  , 7.29193  , 92.7081 
Wed Aug 21 04:21:49, Info:  Total momentum (X, Y, Z): -18.1328  , -6.00391  , 5.03943 
Wed Aug 21 04:21:49, Info:  Frictional work (total, % static, % radiated):  4.4375e+13  , 80.0506  , 19.9494 
Wed Aug 21 04:21:49, Info:  Seismic moment (without plasticity): 8.11486e+17  Mw: 5.86952 
Wed Aug 21 04:21:49, Info:  Writing energy output at time 3 Done. 
Wed Aug 21 04:21:49, Info:  Time spent this phase (total): 27.2352 s (min: 27.1477 s, max: 27.2731 s)
Wed Aug 21 04:21:49, Info:  Time spent this phase (compute): 27.2352 s (min: 27.1477 s, max: 27.2731 s)
Wed Aug 21 04:21:49, Info:  Time spent this phase (IO): 54.4014 ms (min: 41.0870 ms, max: 78.4269 ms)
Wed Aug 21 04:21:49, Info:  Performance since the start: 9.3551 TFLOP/s (rank 0: 561.6596 GFLOP/s , average over ranks: 584.6955 GFLOP/s ) 
Wed Aug 21 04:21:49, Info:  Performance since last sync point: 9.2412 TFLOP/s (rank 0: 555.1423 GFLOP/s , average over ranks: 577.5721 GFLOP/s ) 
Wed Aug 21 04:22:16, Info:  Writing faultoutput at time 3.5.
Wed Aug 21 04:22:16, Info:  Writing faultoutput at time 3.5. Done.
Wed Aug 21 04:22:16, Info:  Writing energy output at time 3.5 
Wed Aug 21 04:22:16, Info:  Elastic energy (total, % kinematic, % potential):  4.57296e+13  , 5.74926  , 94.2507 
Wed Aug 21 04:22:16, Info:  Total momentum (X, Y, Z): -27.4297  , -4.41016  , 9.99756 
Wed Aug 21 04:22:16, Info:  Frictional work (total, % static, % radiated):  4.67411e+13  , 81.6336  , 18.3664 
Wed Aug 21 04:22:16, Info:  Seismic moment (without plasticity): 8.68904e+17  Mw: 5.88931 
Wed Aug 21 04:22:16, Info:  Writing energy output at time 3.5 Done. 
Wed Aug 21 04:22:16, Info:  Time spent this phase (total): 26.9649 s (min: 26.9437 s, max: 27.0078 s)
Wed Aug 21 04:22:16, Info:  Time spent this phase (compute): 26.9648 s (min: 26.9437 s, max: 27.0077 s)
Wed Aug 21 04:22:16, Info:  Time spent this phase (IO): 51.1261 ms (min: 40.6402 ms, max: 89.5657 ms)
Wed Aug 21 04:22:16, Info:  Performance since the start: 9.3521 TFLOP/s (rank 0: 561.4436 GFLOP/s , average over ranks: 584.5057 GFLOP/s ) 
Wed Aug 21 04:22:16, Info:  Performance since last sync point: 9.3339 TFLOP/s (rank 0: 560.1509 GFLOP/s , average over ranks: 583.3699 GFLOP/s ) 
Wed Aug 21 04:22:43, Info:  Writing faultoutput at time 4.
Wed Aug 21 04:22:43, Info:  Writing faultoutput at time 4. Done.
Wed Aug 21 04:22:43, Info:  Writing free surface at time 4.
Wed Aug 21 04:22:43, Info:  Writing free surface at time 4. Done.
Wed Aug 21 04:22:43, Info:  Writing energy output at time 4 
Wed Aug 21 04:22:43, Info:  Elastic energy (total, % kinematic, % potential):  4.61978e+13  , 5.22789  , 94.7721 
Wed Aug 21 04:22:43, Info:  Total momentum (X, Y, Z): -32.2422  , -0.992188  , 15.0576 
Wed Aug 21 04:22:43, Info:  Frictional work (total, % static, % radiated):  4.71775e+13  , 84.2643  , 15.7357 
Wed Aug 21 04:22:43, Info:  Seismic moment (without plasticity): 8.93286e+17  Mw: 5.89733 
Wed Aug 21 04:22:43, Info:  Writing energy output at time 4 Done. 
Wed Aug 21 04:22:43, Info:  Time spent this phase (total): 27.0784 s (min: 27.0460 s, max: 27.1040 s)
Wed Aug 21 04:22:43, Info:  Time spent this phase (compute): 27.0784 s (min: 27.0459 s, max: 27.1040 s)
Wed Aug 21 04:22:43, Info:  Time spent this phase (IO): 52.6409 ms (min: 40.7153 ms, max: 76.0456 ms)
Wed Aug 21 04:22:43, Info:  Performance since the start: 9.3449 TFLOP/s (rank 0: 561.0837 GFLOP/s , average over ranks: 584.0544 GFLOP/s ) 
Wed Aug 21 04:22:43, Info:  Performance since last sync point: 9.2946 TFLOP/s (rank 0: 558.5775 GFLOP/s , average over ranks: 580.9152 GFLOP/s ) 
Wed Aug 21 04:23:09, Info:  Writing faultoutput at time 4.5.
Wed Aug 21 04:23:09, Info:  Writing faultoutput at time 4.5. Done.
Wed Aug 21 04:23:09, Info:  Writing energy output at time 4.5 
Wed Aug 21 04:23:09, Info:  Elastic energy (total, % kinematic, % potential):  4.63811e+13  , 4.97863  , 95.0214 
Wed Aug 21 04:23:09, Info:  Total momentum (X, Y, Z): -34.6172  , -0.554688  , 32.2441 
Wed Aug 21 04:23:09, Info:  Frictional work (total, % static, % radiated):  4.73265e+13  , 86.1653  , 13.8347 
Wed Aug 21 04:23:09, Info:  Seismic moment (without plasticity): 9.07748e+17  Mw: 5.90198 
Wed Aug 21 04:23:09, Info:  Writing energy output at time 4.5 Done. 
Wed Aug 21 04:23:09, Info:  Time spent this phase (total): 26.7369 s (min: 26.7079 s, max: 26.7559 s)
Wed Aug 21 04:23:09, Info:  Time spent this phase (compute): 26.7369 s (min: 26.7078 s, max: 26.7559 s)
Wed Aug 21 04:23:09, Info:  Time spent this phase (IO): 51.1271 ms (min: 40.8478 ms, max: 75.5463 ms)
Wed Aug 21 04:23:09, Info:  Performance since the start: 9.3524 TFLOP/s (rank 0: 561.5227 GFLOP/s , average over ranks: 584.5274 GFLOP/s ) 
Wed Aug 21 04:23:09, Info:  Performance since last sync point: 9.4134 TFLOP/s (rank 0: 565.0592 GFLOP/s , average over ranks: 588.3391 GFLOP/s ) 
Wed Aug 21 04:23:36, Info:  Writing faultoutput at time 5.
Wed Aug 21 04:23:36, Info:  Writing faultoutput at time 5. Done.
Wed Aug 21 04:23:36, Info:  Writing free surface at time 5.
Wed Aug 21 04:23:36, Info:  Writing free surface at time 5. Done.
Wed Aug 21 04:23:36, Info:  Writing energy output at time 5 
Wed Aug 21 04:23:36, Info:  Elastic energy (total, % kinematic, % potential):  4.65323e+13  , 4.8014  , 95.1986 
Wed Aug 21 04:23:36, Info:  Total momentum (X, Y, Z): -49.6328  , 18.5391  , -57.0898 
Wed Aug 21 04:23:36, Info:  Frictional work (total, % static, % radiated):  4.74492e+13  , 87.1203  , 12.8797 
Wed Aug 21 04:23:36, Info:  Seismic moment (without plasticity): 9.18665e+17  Mw: 5.90544 
Wed Aug 21 04:23:36, Info:  Writing energy output at time 5 Done. 
Wed Aug 21 04:23:36, Info:  Time spent this phase (total): 26.7611 s (min: 26.7286 s, max: 26.8120 s)
Wed Aug 21 04:23:36, Info:  Time spent this phase (compute): 26.7610 s (min: 26.7286 s, max: 26.8119 s)
Wed Aug 21 04:23:36, Info:  Time spent this phase (IO): 53.4886 ms (min: 40.8214 ms, max: 88.0215 ms)
Wed Aug 21 04:23:36, Info:  Performance since the start: 9.3577 TFLOP/s (rank 0: 561.8427 GFLOP/s , average over ranks: 584.8542 GFLOP/s ) 
Wed Aug 21 04:23:36, Info:  Performance since last sync point: 9.4050 TFLOP/s (rank 0: 564.7392 GFLOP/s , average over ranks: 587.8127 GFLOP/s ) 
Wed Aug 21 04:24:03, Info:  Writing faultoutput at time 5.5.
Wed Aug 21 04:24:03, Info:  Writing faultoutput at time 5.5. Done.
Wed Aug 21 04:24:03, Info:  Writing energy output at time 5.5 
Wed Aug 21 04:24:03, Info:  Elastic energy (total, % kinematic, % potential):  4.6725e+13  , 4.66408  , 95.3359 
Wed Aug 21 04:24:03, Info:  Total momentum (X, Y, Z): 6.71875  , -48.4453  , 203.074 
Wed Aug 21 04:24:03, Info:  Frictional work (total, % static, % radiated):  4.76279e+13  , 87.5394  , 12.4606 
Wed Aug 21 04:24:03, Info:  Seismic moment (without plasticity): 9.2827e+17  Mw: 5.90845 
Wed Aug 21 04:24:03, Info:  Writing energy output at time 5.5 Done. 
Wed Aug 21 04:24:03, Info:  Time spent this phase (total): 27.0093 s (min: 26.9581 s, max: 27.0417 s)
Wed Aug 21 04:24:03, Info:  Time spent this phase (compute): 27.0092 s (min: 26.9581 s, max: 27.0416 s)
Wed Aug 21 04:24:03, Info:  Time spent this phase (IO): 51.3304 ms (min: 40.9288 ms, max: 75.8030 ms)
Wed Aug 21 04:24:03, Info:  Performance since the start: 9.3541 TFLOP/s (rank 0: 561.6339 GFLOP/s , average over ranks: 584.6305 GFLOP/s ) 
Wed Aug 21 04:24:03, Info:  Performance since last sync point: 9.3185 TFLOP/s (rank 0: 559.5546 GFLOP/s , average over ranks: 582.4034 GFLOP/s ) 
Wed Aug 21 04:24:30, Info:  Writing faultoutput at time 6.
Wed Aug 21 04:24:30, Info:  Writing faultoutput at time 6. Done.
Wed Aug 21 04:24:30, Info:  Writing free surface at time 6.
Wed Aug 21 04:24:30, Info:  Writing free surface at time 6. Done.
Wed Aug 21 04:24:30, Info:  Writing energy output at time 6 
Wed Aug 21 04:24:30, Info:  Elastic energy (total, % kinematic, % potential):  4.69639e+13  , 4.49188  , 95.5081 
Wed Aug 21 04:24:30, Info:  Total momentum (X, Y, Z): -242.32  , 166.211  , 123.635 
Wed Aug 21 04:24:30, Info:  Frictional work (total, % static, % radiated):  4.78563e+13  , 87.7191  , 12.2809 
Wed Aug 21 04:24:30, Info:  Seismic moment (without plasticity): 9.36958e+17  Mw: 5.91115 
Wed Aug 21 04:24:30, Info:  Writing energy output at time 6 Done. 
Wed Aug 21 04:24:30, Info:  Time spent this phase (total): 26.7596 s (min: 26.7575 s, max: 26.7718 s)
Wed Aug 21 04:24:30, Info:  Time spent this phase (compute): 26.7595 s (min: 26.7572 s, max: 26.7717 s)
Wed Aug 21 04:24:30, Info:  Time spent this phase (IO): 53.0868 ms (min: 41.0225 ms, max: 75.7690 ms)
Wed Aug 21 04:24:30, Info:  Performance since the start: 9.3583 TFLOP/s (rank 0: 561.8977 GFLOP/s , average over ranks: 584.8966 GFLOP/s ) 
Wed Aug 21 04:24:30, Info:  Performance since last sync point: 9.4054 TFLOP/s (rank 0: 564.8159 GFLOP/s , average over ranks: 587.8406 GFLOP/s ) 
Wed Aug 21 04:24:57, Info:  Writing faultoutput at time 6.5.
Wed Aug 21 04:24:57, Info:  Writing faultoutput at time 6.5. Done.
Wed Aug 21 04:24:57, Info:  Writing energy output at time 6.5 
Wed Aug 21 04:24:57, Info:  Elastic energy (total, % kinematic, % potential):  4.72478e+13  , 4.3934  , 95.6066 
Wed Aug 21 04:24:57, Info:  Total momentum (X, Y, Z): 654.449  , -379.086  , -2868.59 
Wed Aug 21 04:24:57, Info:  Frictional work (total, % static, % radiated):  4.81304e+13  , 87.8419  , 12.1581 
Wed Aug 21 04:24:57, Info:  Seismic moment (without plasticity): 9.45483e+17  Mw: 5.91377 
Wed Aug 21 04:24:57, Info:  Writing energy output at time 6.5 Done. 
Wed Aug 21 04:24:57, Info:  Time spent this phase (total): 26.7289 s (min: 26.7167 s, max: 26.7314 s)
Wed Aug 21 04:24:57, Info:  Time spent this phase (compute): 26.7288 s (min: 26.7166 s, max: 26.7313 s)
Wed Aug 21 04:24:57, Info:  Time spent this phase (IO): 51.2803 ms (min: 40.7854 ms, max: 75.6798 ms)
Wed Aug 21 04:24:57, Info:  Performance since the start: 9.3628 TFLOP/s (rank 0: 562.1644 GFLOP/s , average over ranks: 585.1735 GFLOP/s ) 
Wed Aug 21 04:24:57, Info:  Performance since last sync point: 9.4163 TFLOP/s (rank 0: 565.3843 GFLOP/s , average over ranks: 588.5166 GFLOP/s ) 
Wed Aug 21 04:25:23, Info:  Writing faultoutput at time 7.
Wed Aug 21 04:25:23, Info:  Writing faultoutput at time 7. Done.
Wed Aug 21 04:25:23, Info:  Writing free surface at time 7.
Wed Aug 21 04:25:23, Info:  Writing free surface at time 7. Done.
Wed Aug 21 04:25:23, Info:  Writing energy output at time 7 
Wed Aug 21 04:25:24, Info:  Elastic energy (total, % kinematic, % potential):  4.75384e+13  , 4.35819  , 95.6418 
Wed Aug 21 04:25:24, Info:  Total momentum (X, Y, Z): -2495.79  , 1265.66  , 14125.3 
Wed Aug 21 04:25:24, Info:  Frictional work (total, % static, % radiated):  4.84136e+13  , 87.9993  , 12.0007 
Wed Aug 21 04:25:24, Info:  Seismic moment (without plasticity): 9.53461e+17  Mw: 5.9162 
Wed Aug 21 04:25:24, Info:  Writing energy output at time 7 Done. 
Wed Aug 21 04:25:24, Info:  Time spent this phase (total): 26.7801 s (min: 26.7762 s, max: 26.8059 s)
Wed Aug 21 04:25:24, Info:  Time spent this phase (compute): 26.7800 s (min: 26.7762 s, max: 26.8058 s)
Wed Aug 21 04:25:24, Info:  Time spent this phase (IO): 54.4771 ms (min: 40.8613 ms, max: 77.7213 ms)
Wed Aug 21 04:25:24, Info:  Performance since the start: 9.3653 TFLOP/s (rank 0: 562.3244 GFLOP/s , average over ranks: 585.3313 GFLOP/s ) 
Wed Aug 21 04:25:24, Info:  Performance since last sync point: 9.3982 TFLOP/s (rank 0: 564.4138 GFLOP/s , average over ranks: 587.3904 GFLOP/s ) 
Wed Aug 21 04:25:50, Info:  Writing faultoutput at time 7.5.
Wed Aug 21 04:25:50, Info:  Writing faultoutput at time 7.5. Done.
Wed Aug 21 04:25:50, Info:  Writing energy output at time 7.5 
Wed Aug 21 04:25:50, Info:  Elastic energy (total, % kinematic, % potential):  4.78119e+13  , 4.2863  , 95.7137 
Wed Aug 21 04:25:50, Info:  Total momentum (X, Y, Z): 7541.54  , -4798.47  , -38184.1 
Wed Aug 21 04:25:50, Info:  Frictional work (total, % static, % radiated):  4.86842e+13  , 88.2803  , 11.7197 
Wed Aug 21 04:25:50, Info:  Seismic moment (without plasticity): 9.60874e+17  Mw: 5.91844 
Wed Aug 21 04:25:50, Info:  Writing energy output at time 7.5 Done. 
Wed Aug 21 04:25:50, Info:  Time spent this phase (total): 26.8686 s (min: 26.8403 s, max: 26.8903 s)
Wed Aug 21 04:25:50, Info:  Time spent this phase (compute): 26.8683 s (min: 26.8402 s, max: 26.8903 s)
Wed Aug 21 04:25:50, Info:  Time spent this phase (IO): 50.4477 ms (min: 40.9935 ms, max: 75.8477 ms)
Wed Aug 21 04:25:50, Info:  Performance since the start: 9.3654 TFLOP/s (rank 0: 562.3344 GFLOP/s , average over ranks: 585.3396 GFLOP/s ) 
Wed Aug 21 04:25:50, Info:  Performance since last sync point: 9.3673 TFLOP/s (rank 0: 562.4744 GFLOP/s , average over ranks: 585.4555 GFLOP/s ) 
Wed Aug 21 04:26:17, Info:  Writing faultoutput at time 8.
Wed Aug 21 04:26:17, Info:  Writing faultoutput at time 8. Done.
Wed Aug 21 04:26:17, Info:  Writing free surface at time 8.
Wed Aug 21 04:26:17, Info:  Writing free surface at time 8. Done.
Wed Aug 21 04:26:17, Info:  Writing energy output at time 8 
Wed Aug 21 04:26:17, Info:  Elastic energy (total, % kinematic, % potential):  4.81081e+13  , 4.22435  , 95.7756 
Wed Aug 21 04:26:17, Info:  Total momentum (X, Y, Z): -19017.2  , 14961.1  , 41423.2 
Wed Aug 21 04:26:17, Info:  Frictional work (total, % static, % radiated):  4.89785e+13  , 88.5364  , 11.4636 
Wed Aug 21 04:26:17, Info:  Seismic moment (without plasticity): 9.68317e+17  Mw: 5.92068 
Wed Aug 21 04:26:17, Info:  Writing energy output at time 8 Done. 
Wed Aug 21 04:26:17, Info:  Time spent this phase (total): 26.7505 s (min: 26.7303 s, max: 26.7680 s)
Wed Aug 21 04:26:17, Info:  Time spent this phase (compute): 26.7504 s (min: 26.7303 s, max: 26.7680 s)
Wed Aug 21 04:26:17, Info:  Time spent this phase (IO): 53.2395 ms (min: 41.1187 ms, max: 75.8823 ms)
Wed Aug 21 04:26:17, Info:  Performance since the start: 9.3681 TFLOP/s (rank 0: 562.4973 GFLOP/s , average over ranks: 585.5077 GFLOP/s ) 
Wed Aug 21 04:26:17, Info:  Performance since last sync point: 9.4087 TFLOP/s (rank 0: 564.9511 GFLOP/s , average over ranks: 588.0414 GFLOP/s ) 
Wed Aug 21 04:26:44, Info:  Writing faultoutput at time 8.5.
Wed Aug 21 04:26:44, Info:  Writing faultoutput at time 8.5. Done.
Wed Aug 21 04:26:44, Info:  Writing energy output at time 8.5 
Wed Aug 21 04:26:44, Info:  Elastic energy (total, % kinematic, % potential):  4.84187e+13  , 4.17663  , 95.8234 
Wed Aug 21 04:26:44, Info:  Total momentum (X, Y, Z): 36174.5  , -30398  , 142819 
Wed Aug 21 04:26:44, Info:  Frictional work (total, % static, % radiated):  4.92882e+13  , 88.5955  , 11.4045 
Wed Aug 21 04:26:44, Info:  Seismic moment (without plasticity): 9.75717e+17  Mw: 5.92288 
Wed Aug 21 04:26:44, Info:  Writing energy output at time 8.5 Done. 
Wed Aug 21 04:26:44, Info:  Time spent this phase (total): 26.7617 s (min: 26.7445 s, max: 26.7702 s)
Wed Aug 21 04:26:44, Info:  Time spent this phase (compute): 26.7613 s (min: 26.7415 s, max: 26.7701 s)
Wed Aug 21 04:26:44, Info:  Time spent this phase (IO): 51.8224 ms (min: 40.8197 ms, max: 75.8935 ms)
Wed Aug 21 04:26:44, Info:  Performance since the start: 9.3703 TFLOP/s (rank 0: 562.6288 GFLOP/s , average over ranks: 585.6417 GFLOP/s ) 
Wed Aug 21 04:26:44, Info:  Performance since last sync point: 9.4047 TFLOP/s (rank 0: 564.7413 GFLOP/s , average over ranks: 587.7942 GFLOP/s ) 
Wed Aug 21 04:27:11, Info:  Writing faultoutput at time 9.
Wed Aug 21 04:27:11, Info:  Writing faultoutput at time 9. Done.
Wed Aug 21 04:27:11, Info:  Writing free surface at time 9.
Wed Aug 21 04:27:11, Info:  Writing free surface at time 9. Done.
Wed Aug 21 04:27:11, Info:  Writing energy output at time 9 
Wed Aug 21 04:27:11, Info:  Elastic energy (total, % kinematic, % potential):  4.87115e+13  , 4.11805  , 95.882 
Wed Aug 21 04:27:11, Info:  Total momentum (X, Y, Z): -48363  , 38183.5  , -962053 
Wed Aug 21 04:27:11, Info:  Frictional work (total, % static, % radiated):  4.95825e+13  , 88.6614  , 11.3386 
Wed Aug 21 04:27:11, Info:  Seismic moment (without plasticity): 9.82474e+17  Mw: 5.92488 
Wed Aug 21 04:27:11, Info:  Writing energy output at time 9 Done. 
Wed Aug 21 04:27:11, Info:  Time spent this phase (total): 26.7528 s (min: 26.7395 s, max: 26.7804 s)
Wed Aug 21 04:27:11, Info:  Time spent this phase (compute): 26.7527 s (min: 26.7394 s, max: 26.7804 s)
Wed Aug 21 04:27:11, Info:  Time spent this phase (IO): 53.9541 ms (min: 40.7021 ms, max: 77.5393 ms)
Wed Aug 21 04:27:11, Info:  Performance since the start: 9.3723 TFLOP/s (rank 0: 562.7596 GFLOP/s , average over ranks: 585.7717 GFLOP/s ) 
Wed Aug 21 04:27:11, Info:  Performance since last sync point: 9.4078 TFLOP/s (rank 0: 564.9933 GFLOP/s , average over ranks: 587.9906 GFLOP/s ) 
Wed Aug 21 04:27:37, Info:  Writing faultoutput at time 9.5.
Wed Aug 21 04:27:37, Info:  Writing faultoutput at time 9.5. Done.
Wed Aug 21 04:27:37, Info:  Writing energy output at time 9.5 
Wed Aug 21 04:27:38, Info:  Elastic energy (total, % kinematic, % potential):  4.89786e+13  , 4.05677  , 95.9432 
Wed Aug 21 04:27:38, Info:  Total momentum (X, Y, Z): 24484.4  , -68361.6  , 3.17299e+06 
Wed Aug 21 04:27:38, Info:  Frictional work (total, % static, % radiated):  4.98527e+13  , 88.768  , 11.232 
Wed Aug 21 04:27:38, Info:  Seismic moment (without plasticity): 9.8866e+17  Mw: 5.9267 
Wed Aug 21 04:27:38, Info:  Writing energy output at time 9.5 Done. 
Wed Aug 21 04:27:38, Info:  Time spent this phase (total): 26.9251 s (min: 26.8958 s, max: 26.9396 s)
Wed Aug 21 04:27:38, Info:  Time spent this phase (compute): 26.9251 s (min: 26.8957 s, max: 26.9396 s)
Wed Aug 21 04:27:38, Info:  Time spent this phase (IO): 51.3987 ms (min: 40.9808 ms, max: 69.6875 ms)
Wed Aug 21 04:27:38, Info:  Performance since the start: 9.3710 TFLOP/s (rank 0: 562.6801 GFLOP/s , average over ranks: 585.6901 GFLOP/s ) 
Wed Aug 21 04:27:38, Info:  Performance since last sync point: 9.3476 TFLOP/s (rank 0: 561.2521 GFLOP/s , average over ranks: 584.2260 GFLOP/s ) 
Wed Aug 21 04:28:05, Info:  Writing faultoutput at time 10.
Wed Aug 21 04:28:05, Info:  Writing faultoutput at time 10. Done.
Wed Aug 21 04:28:05, Info:  Writing free surface at time 10.
Wed Aug 21 04:28:05, Info:  Writing free surface at time 10. Done.
Wed Aug 21 04:28:05, Info:  Wrote receivers in 3.98e-07 seconds. 
Wed Aug 21 04:28:05, Info:  Writing energy output at time 10 
Wed Aug 21 04:28:05, Info:  Elastic energy (total, % kinematic, % potential):  4.91825e+13  , 3.9999  , 96.0001 
Wed Aug 21 04:28:05, Info:  Total momentum (X, Y, Z): 135942  , 316666  , -6.42427e+06 
Wed Aug 21 04:28:05, Info:  Frictional work (total, % static, % radiated):  5.00543e+13  , 89.0089  , 10.9911 
Wed Aug 21 04:28:05, Info:  Seismic moment (without plasticity): 9.94069e+17  Mw: 5.92828 
Wed Aug 21 04:28:05, Info:  Writing energy output at time 10 Done. 
Wed Aug 21 04:28:05, Info:  Time spent this phase (total): 27.0027 s (min: 26.9928 s, max: 27.0190 s)
Wed Aug 21 04:28:05, Info:  Time spent this phase (compute): 27.0026 s (min: 26.9927 s, max: 27.0190 s)
Wed Aug 21 04:28:05, Info:  Time spent this phase (IO): 53.2584 ms (min: 41.1160 ms, max: 76.0424 ms)
Wed Aug 21 04:28:05, Info:  Performance since the start: 9.3685 TFLOP/s (rank 0: 562.5277 GFLOP/s , average over ranks: 585.5323 GFLOP/s ) 
Wed Aug 21 04:28:05, Info:  Performance since last sync point: 9.3208 TFLOP/s (rank 0: 559.6475 GFLOP/s , average over ranks: 582.5491 GFLOP/s ) 
Wed Aug 21 04:28:31, Info:  Writing faultoutput at time 10.5.
Wed Aug 21 04:28:31, Info:  Writing faultoutput at time 10.5. Done.
Wed Aug 21 04:28:31, Info:  Writing energy output at time 10.5 
Wed Aug 21 04:28:31, Info:  Elastic energy (total, % kinematic, % potential):  4.93259e+13  , 3.96015  , 96.0398 
Wed Aug 21 04:28:31, Info:  Total momentum (X, Y, Z): -681528  , -737230  , 909473 
Wed Aug 21 04:28:31, Info:  Frictional work (total, % static, % radiated):  5.01967e+13  , 89.3141  , 10.6859 
Wed Aug 21 04:28:31, Info:  Seismic moment (without plasticity): 9.9889e+17  Mw: 5.92968 
Wed Aug 21 04:28:31, Info:  Writing energy output at time 10.5 Done. 
Wed Aug 21 04:28:31, Info:  Time spent this phase (total): 26.7152 s (min: 26.6967 s, max: 26.7373 s)
Wed Aug 21 04:28:31, Info:  Time spent this phase (compute): 26.7149 s (min: 26.6936 s, max: 26.7372 s)
Wed Aug 21 04:28:31, Info:  Time spent this phase (IO): 53.7758 ms (min: 40.7846 ms, max: 87.7799 ms)
Wed Aug 21 04:28:31, Info:  Performance since the start: 9.3710 TFLOP/s (rank 0: 562.6838 GFLOP/s , average over ranks: 585.6879 GFLOP/s ) 
Wed Aug 21 04:28:31, Info:  Performance since last sync point: 9.4211 TFLOP/s (rank 0: 565.8239 GFLOP/s , average over ranks: 588.8177 GFLOP/s ) 
Wed Aug 21 04:28:58, Info:  Writing faultoutput at time 11.
Wed Aug 21 04:28:58, Info:  Writing faultoutput at time 11. Done.
Wed Aug 21 04:28:58, Info:  Writing free surface at time 11.
Wed Aug 21 04:28:58, Info:  Writing free surface at time 11. Done.
Wed Aug 21 04:28:58, Info:  Writing energy output at time 11 
Wed Aug 21 04:28:58, Info:  Elastic energy (total, % kinematic, % potential):  4.9496e+13  , 3.90821  , 96.0918 
Wed Aug 21 04:28:58, Info:  Total momentum (X, Y, Z): 1.56406e+06  , -470149  , 4.73765e+07 
Wed Aug 21 04:28:58, Info:  Frictional work (total, % static, % radiated):  5.03708e+13  , 89.4202  , 10.5798 
Wed Aug 21 04:28:58, Info:  Seismic moment (without plasticity): 1.00365e+18  Mw: 5.93105 
Wed Aug 21 04:28:58, Info:  Writing energy output at time 11 Done. 
Wed Aug 21 04:28:58, Info:  Time spent this phase (total): 26.7654 s (min: 26.7414 s, max: 26.7892 s)
Wed Aug 21 04:28:58, Info:  Time spent this phase (compute): 26.7653 s (min: 26.7414 s, max: 26.7891 s)
Wed Aug 21 04:28:58, Info:  Time spent this phase (IO): 54.0347 ms (min: 41.1648 ms, max: 87.8708 ms)
Wed Aug 21 04:28:58, Info:  Performance since the start: 9.3725 TFLOP/s (rank 0: 562.7591 GFLOP/s , average over ranks: 585.7796 GFLOP/s ) 
Wed Aug 21 04:28:58, Info:  Performance since last sync point: 9.4034 TFLOP/s (rank 0: 564.3469 GFLOP/s , average over ranks: 587.7132 GFLOP/s ) 
Wed Aug 21 04:29:25, Info:  Writing faultoutput at time 11.5.
Wed Aug 21 04:29:25, Info:  Writing faultoutput at time 11.5. Done.
Wed Aug 21 04:29:25, Info:  Writing energy output at time 11.5 
Wed Aug 21 04:29:25, Info:  Elastic energy (total, % kinematic, % potential):  4.97502e+13  , 3.84585  , 96.1541 
Wed Aug 21 04:29:25, Info:  Total momentum (X, Y, Z): -1.07019e+06  , 5.79847e+06  , -1.44242e+08 
Wed Aug 21 04:29:25, Info:  Frictional work (total, % static, % radiated):  5.06339e+13  , 89.389  , 10.611 
Wed Aug 21 04:29:25, Info:  Seismic moment (without plasticity): 1.00922e+18  Mw: 5.93266 
Wed Aug 21 04:29:25, Info:  Writing energy output at time 11.5 Done. 
Wed Aug 21 04:29:25, Info:  Time spent this phase (total): 26.7229 s (min: 26.7044 s, max: 26.7389 s)
Wed Aug 21 04:29:25, Info:  Time spent this phase (compute): 26.7228 s (min: 26.7044 s, max: 26.7389 s)
Wed Aug 21 04:29:25, Info:  Time spent this phase (IO): 50.7395 ms (min: 40.8611 ms, max: 75.6765 ms)
Wed Aug 21 04:29:25, Info:  Performance since the start: 9.3745 TFLOP/s (rank 0: 562.8883 GFLOP/s , average over ranks: 585.9038 GFLOP/s ) 
Wed Aug 21 04:29:25, Info:  Performance since last sync point: 9.4184 TFLOP/s (rank 0: 565.7448 GFLOP/s , average over ranks: 588.6498 GFLOP/s ) 
Wed Aug 21 04:29:52, Info:  Writing faultoutput at time 12.
Wed Aug 21 04:29:52, Info:  Writing faultoutput at time 12. Done.
Wed Aug 21 04:29:52, Info:  Writing free surface at time 12.
Wed Aug 21 04:29:52, Info:  Writing free surface at time 12. Done.
Wed Aug 21 04:29:52, Info:  Writing energy output at time 12 
Wed Aug 21 04:29:52, Info:  Elastic energy (total, % kinematic, % potential):  5.01029e+13  , 3.7875  , 96.2125 
Wed Aug 21 04:29:52, Info:  Total momentum (X, Y, Z): -3.27327e+06  , -9.14525e+06  , 4.2319e+07 
Wed Aug 21 04:29:52, Info:  Frictional work (total, % static, % radiated):  5.09921e+13  , 89.3458  , 10.6542 
Wed Aug 21 04:29:52, Info:  Seismic moment (without plasticity): 1.01578e+18  Mw: 5.93453 
Wed Aug 21 04:29:52, Info:  Writing energy output at time 12 Done. 
Wed Aug 21 04:29:52, Info:  Time spent this phase (total): 27.0424 s (min: 27.0228 s, max: 27.0847 s)
Wed Aug 21 04:29:52, Info:  Time spent this phase (compute): 27.0423 s (min: 27.0227 s, max: 27.0847 s)
Wed Aug 21 04:29:52, Info:  Time spent this phase (IO): 51.6699 ms (min: 40.7691 ms, max: 76.1194 ms)
Wed Aug 21 04:29:52, Info:  Performance since the start: 9.3716 TFLOP/s (rank 0: 562.7258 GFLOP/s , average over ranks: 585.7273 GFLOP/s ) 
Wed Aug 21 04:29:52, Info:  Performance since last sync point: 9.3071 TFLOP/s (rank 0: 559.0150 GFLOP/s , average over ranks: 581.6953 GFLOP/s ) 
Wed Aug 21 04:30:19, Info:  Writing faultoutput at time 12.5.
Wed Aug 21 04:30:19, Info:  Writing faultoutput at time 12.5. Done.
Wed Aug 21 04:30:19, Info:  Writing energy output at time 12.5 
Wed Aug 21 04:30:19, Info:  Elastic energy (total, % kinematic, % potential):  5.04632e+13  , 3.70927  , 96.2907 
Wed Aug 21 04:30:19, Info:  Total momentum (X, Y, Z): 1.03669e+07  , -7.85466e+06  , 7.33674e+08 
Wed Aug 21 04:30:19, Info:  Frictional work (total, % static, % radiated):  5.13569e+13  , 89.3904  , 10.6096 
Wed Aug 21 04:30:19, Info:  Seismic moment (without plasticity): 1.02244e+18  Mw: 5.93643 
Wed Aug 21 04:30:19, Info:  Writing energy output at time 12.5 Done. 
Wed Aug 21 04:30:19, Info:  Time spent this phase (total): 26.8582 s (min: 26.8106 s, max: 26.8788 s)
Wed Aug 21 04:30:19, Info:  Time spent this phase (compute): 26.8581 s (min: 26.8106 s, max: 26.8788 s)
Wed Aug 21 04:30:19, Info:  Time spent this phase (IO): 51.2132 ms (min: 40.9190 ms, max: 75.7278 ms)
Wed Aug 21 04:30:19, Info:  Performance since the start: 9.3716 TFLOP/s (rank 0: 562.7183 GFLOP/s , average over ranks: 585.7254 GFLOP/s ) 
Wed Aug 21 04:30:19, Info:  Performance since last sync point: 9.3709 TFLOP/s (rank 0: 562.5362 GFLOP/s , average over ranks: 585.6819 GFLOP/s ) 
Wed Aug 21 04:30:45, Info:  Writing faultoutput at time 13.
Wed Aug 21 04:30:45, Info:  Writing faultoutput at time 13. Done.
Wed Aug 21 04:30:45, Info:  Writing free surface at time 13.
Wed Aug 21 04:30:45, Info:  Writing free surface at time 13. Done.
Wed Aug 21 04:30:45, Info:  Writing energy output at time 13 
Wed Aug 21 04:30:45, Info:  Elastic energy (total, % kinematic, % potential):  5.07357e+13  , 3.64859  , 96.3514 
Wed Aug 21 04:30:45, Info:  Total momentum (X, Y, Z): -1.42714e+07  , 4.13647e+07  , -1.22615e+09 
Wed Aug 21 04:30:45, Info:  Frictional work (total, % static, % radiated):  5.16343e+13  , 89.5199  , 10.4801 
Wed Aug 21 04:30:45, Info:  Seismic moment (without plasticity): 1.02797e+18  Mw: 5.93799 
Wed Aug 21 04:30:45, Info:  Writing energy output at time 13 Done. 
Wed Aug 21 04:30:45, Info:  Time spent this phase (total): 26.7069 s (min: 26.7028 s, max: 26.7331 s)
Wed Aug 21 04:30:45, Info:  Time spent this phase (compute): 26.7068 s (min: 26.7028 s, max: 26.7331 s)
Wed Aug 21 04:30:45, Info:  Time spent this phase (IO): 54.6600 ms (min: 41.1151 ms, max: 79.2851 ms)
Wed Aug 21 04:30:45, Info:  Performance since the start: 9.3736 TFLOP/s (rank 0: 562.8425 GFLOP/s , average over ranks: 585.8507 GFLOP/s ) 
Wed Aug 21 04:30:45, Info:  Performance since last sync point: 9.4240 TFLOP/s (rank 0: 565.9653 GFLOP/s , average over ranks: 588.9998 GFLOP/s ) 
Wed Aug 21 04:31:12, Info:  Writing faultoutput at time 13.5.
Wed Aug 21 04:31:12, Info:  Writing faultoutput at time 13.5. Done.
Wed Aug 21 04:31:12, Info:  Writing energy output at time 13.5 
Wed Aug 21 04:31:12, Info:  Elastic energy (total, % kinematic, % potential):  5.09471e+13  , 3.60908  , 96.3909 
Wed Aug 21 04:31:12, Info:  Total momentum (X, Y, Z): 3.56376e+06  , -2.62847e+07  , -2.16669e+09 
Wed Aug 21 04:31:12, Info:  Frictional work (total, % static, % radiated):  5.18564e+13  , 89.6272  , 10.3728 
Wed Aug 21 04:31:12, Info:  Seismic moment (without plasticity): 1.03269e+18  Mw: 5.93931 
Wed Aug 21 04:31:12, Info:  Writing energy output at time 13.5 Done. 
Wed Aug 21 04:31:12, Info:  Time spent this phase (total): 26.6605 s (min: 26.6337 s, max: 26.6648 s)
Wed Aug 21 04:31:12, Info:  Time spent this phase (compute): 26.6604 s (min: 26.6336 s, max: 26.6647 s)
Wed Aug 21 04:31:12, Info:  Time spent this phase (IO): 51.2397 ms (min: 40.7918 ms, max: 75.9432 ms)
Wed Aug 21 04:31:12, Info:  Performance since the start: 9.3761 TFLOP/s (rank 0: 562.9880 GFLOP/s , average over ranks: 586.0043 GFLOP/s ) 
Wed Aug 21 04:31:12, Info:  Performance since last sync point: 9.4404 TFLOP/s (rank 0: 566.8001 GFLOP/s , average over ranks: 590.0265 GFLOP/s ) 
Wed Aug 21 04:31:39, Info:  Writing faultoutput at time 14.
Wed Aug 21 04:31:39, Info:  Writing faultoutput at time 14. Done.
Wed Aug 21 04:31:39, Info:  Writing free surface at time 14.
Wed Aug 21 04:31:39, Info:  Writing free surface at time 14. Done.
Wed Aug 21 04:31:39, Info:  Writing energy output at time 14 
Wed Aug 21 04:31:39, Info:  Elastic energy (total, % kinematic, % potential):  5.11716e+13  , 3.56689  , 96.4331 
Wed Aug 21 04:31:39, Info:  Total momentum (X, Y, Z): 3.32081e+07  , -7.06047e+07  , 7.08598e+09 
Wed Aug 21 04:31:39, Info:  Frictional work (total, % static, % radiated):  5.20982e+13  , 89.6799  , 10.3201 
Wed Aug 21 04:31:39, Info:  Seismic moment (without plasticity): 1.03756e+18  Mw: 5.94068 
Wed Aug 21 04:31:39, Info:  Writing energy output at time 14 Done. 
Wed Aug 21 04:31:39, Info:  Time spent this phase (total): 26.7539 s (min: 26.7345 s, max: 26.7820 s)
Wed Aug 21 04:31:39, Info:  Time spent this phase (compute): 26.7538 s (min: 26.7345 s, max: 26.7819 s)
Wed Aug 21 04:31:39, Info:  Time spent this phase (IO): 52.0936 ms (min: 40.6689 ms, max: 79.8312 ms)
Wed Aug 21 04:31:39, Info:  Performance since the start: 9.3772 TFLOP/s (rank 0: 563.0596 GFLOP/s , average over ranks: 586.0741 GFLOP/s ) 
Wed Aug 21 04:31:39, Info:  Performance since last sync point: 9.4075 TFLOP/s (rank 0: 564.9983 GFLOP/s , average over ranks: 587.9660 GFLOP/s ) 
Wed Aug 21 04:32:06, Info:  Writing faultoutput at time 14.5.
Wed Aug 21 04:32:06, Info:  Writing faultoutput at time 14.5. Done.
Wed Aug 21 04:32:06, Info:  Writing energy output at time 14.5 
Wed Aug 21 04:32:06, Info:  Elastic energy (total, % kinematic, % potential):  5.14494e+13  , 3.5064  , 96.4936 
Wed Aug 21 04:32:06, Info:  Total momentum (X, Y, Z): -1.00224e+08  , 1.07571e+08  , 3.65576e+09 
Wed Aug 21 04:32:06, Info:  Frictional work (total, % static, % radiated):  5.2382e+13  , 89.7034  , 10.2966 
Wed Aug 21 04:32:06, Info:  Seismic moment (without plasticity): 1.04288e+18  Mw: 5.94216 
Wed Aug 21 04:32:06, Info:  Writing energy output at time 14.5 Done. 
Wed Aug 21 04:32:06, Info:  Time spent this phase (total): 26.8491 s (min: 26.8287 s, max: 26.8664 s)
Wed Aug 21 04:32:06, Info:  Time spent this phase (compute): 26.8490 s (min: 26.8287 s, max: 26.8664 s)
Wed Aug 21 04:32:06, Info:  Time spent this phase (IO): 50.3381 ms (min: 40.8273 ms, max: 75.3308 ms)
Wed Aug 21 04:32:06, Info:  Performance since the start: 9.3771 TFLOP/s (rank 0: 563.0515 GFLOP/s , average over ranks: 586.0674 GFLOP/s ) 
Wed Aug 21 04:32:06, Info:  Performance since last sync point: 9.3741 TFLOP/s (rank 0: 562.8262 GFLOP/s , average over ranks: 585.8803 GFLOP/s ) 
Wed Aug 21 04:32:32, Info:  Writing faultoutput at time 15.
Wed Aug 21 04:32:32, Info:  Writing faultoutput at time 15. Done.
Wed Aug 21 04:32:32, Info:  Writing free surface at time 15.
Wed Aug 21 04:32:32, Info:  Writing free surface at time 15. Done.
Wed Aug 21 04:32:32, Info:  Writing energy output at time 15 
Wed Aug 21 04:32:32, Info:  Elastic energy (total, % kinematic, % potential):  5.17074e+13  , 3.4468  , 96.5532 
Wed Aug 21 04:32:32, Info:  Total momentum (X, Y, Z): 7.33004e+07  , 3.87484e+07  , -2.92686e+10 
Wed Aug 21 04:32:32, Info:  Frictional work (total, % static, % radiated):  5.26552e+13  , 89.7447  , 10.2553 
Wed Aug 21 04:32:32, Info:  Seismic moment (without plasticity): 1.0481e+18  Mw: 5.9436 
Wed Aug 21 04:32:32, Info:  Writing energy output at time 15 Done. 
Wed Aug 21 04:32:32, Info:  Time spent this phase (total): 26.8284 s (min: 26.8203 s, max: 26.8549 s)
Wed Aug 21 04:32:32, Info:  Time spent this phase (compute): 26.8283 s (min: 26.8202 s, max: 26.8548 s)
Wed Aug 21 04:32:32, Info:  Time spent this phase (IO): 53.8794 ms (min: 40.8110 ms, max: 75.5838 ms)
Wed Aug 21 04:32:32, Info:  Performance since the start: 9.3772 TFLOP/s (rank 0: 563.0661 GFLOP/s , average over ranks: 586.0763 GFLOP/s ) 
Wed Aug 21 04:32:32, Info:  Performance since last sync point: 9.3813 TFLOP/s (rank 0: 563.4881 GFLOP/s , average over ranks: 586.3326 GFLOP/s ) 
Wed Aug 21 04:32:59, Info:  Writing faultoutput at time 15.5.
Wed Aug 21 04:32:59, Info:  Writing faultoutput at time 15.5. Done.
Wed Aug 21 04:32:59, Info:  Writing energy output at time 15.5 
Wed Aug 21 04:32:59, Info:  Elastic energy (total, % kinematic, % potential):  5.19436e+13  , 3.3911  , 96.6089 
Wed Aug 21 04:32:59, Info:  Total momentum (X, Y, Z): 1.75874e+08  , -1.2798e+08  , -1.29425e+10 
Wed Aug 21 04:32:59, Info:  Frictional work (total, % static, % radiated):  5.29109e+13  , 89.8159  , 10.1841 
Wed Aug 21 04:32:59, Info:  Seismic moment (without plasticity): 1.05302e+18  Mw: 5.94496 
Wed Aug 21 04:32:59, Info:  Writing energy output at time 15.5 Done. 
Wed Aug 21 04:32:59, Info:  Time spent this phase (total): 26.8993 s (min: 26.8674 s, max: 26.9177 s)
Wed Aug 21 04:32:59, Info:  Time spent this phase (compute): 26.8992 s (min: 26.8674 s, max: 26.9176 s)
Wed Aug 21 04:32:59, Info:  Time spent this phase (IO): 51.5419 ms (min: 40.8393 ms, max: 74.7615 ms)
Wed Aug 21 04:32:59, Info:  Performance since the start: 9.3766 TFLOP/s (rank 0: 563.0197 GFLOP/s , average over ranks: 586.0346 GFLOP/s ) 
Wed Aug 21 04:32:59, Info:  Performance since last sync point: 9.3566 TFLOP/s (rank 0: 561.6333 GFLOP/s , average over ranks: 584.7874 GFLOP/s ) 
Wed Aug 21 04:33:26, Info:  Writing faultoutput at time 16.
Wed Aug 21 04:33:26, Info:  Writing faultoutput at time 16. Done.
Wed Aug 21 04:33:26, Info:  Writing free surface at time 16.
Wed Aug 21 04:33:26, Info:  Writing free surface at time 16. Done.
Wed Aug 21 04:33:26, Info:  Writing energy output at time 16 
Wed Aug 21 04:33:26, Info:  Elastic energy (total, % kinematic, % potential):  5.21739e+13  , 3.33246  , 96.6675 
Wed Aug 21 04:33:26, Info:  Total momentum (X, Y, Z): -6.91626e+08  , 2.00911e+08  , 8.15762e+10 
Wed Aug 21 04:33:26, Info:  Frictional work (total, % static, % radiated):  5.31628e+13  , 89.8967  , 10.1033 
Wed Aug 21 04:33:26, Info:  Seismic moment (without plasticity): 1.05803e+18  Mw: 5.94633 
Wed Aug 21 04:33:26, Info:  Writing energy output at time 16 Done. 
Wed Aug 21 04:33:26, Info:  Time spent this phase (total): 26.7091 s (min: 26.6860 s, max: 26.7487 s)
Wed Aug 21 04:33:26, Info:  Time spent this phase (compute): 26.7090 s (min: 26.6859 s, max: 26.7487 s)
Wed Aug 21 04:33:26, Info:  Time spent this phase (IO): 56.4764 ms (min: 40.8457 ms, max: 80.5194 ms)
Wed Aug 21 04:33:26, Info:  Performance since the start: 9.3780 TFLOP/s (rank 0: 563.1101 GFLOP/s , average over ranks: 586.1254 GFLOP/s ) 
Wed Aug 21 04:33:26, Info:  Performance since last sync point: 9.4233 TFLOP/s (rank 0: 565.9251 GFLOP/s , average over ranks: 588.9534 GFLOP/s ) 
Wed Aug 21 04:33:53, Info:  Writing faultoutput at time 16.5.
Wed Aug 21 04:33:53, Info:  Writing faultoutput at time 16.5. Done.
Wed Aug 21 04:33:53, Info:  Writing energy output at time 16.5 
Wed Aug 21 04:33:53, Info:  Elastic energy (total, % kinematic, % potential):  5.24276e+13  , 3.28461  , 96.7154 
Wed Aug 21 04:33:53, Info:  Total momentum (X, Y, Z): -6.826e+08  , 2.06303e+08  , 6.50974e+10 
Wed Aug 21 04:33:53, Info:  Frictional work (total, % static, % radiated):  5.34279e+13  , 89.9811  , 10.0189 
Wed Aug 21 04:33:53, Info:  Seismic moment (without plasticity): 1.06355e+18  Mw: 5.94784 
Wed Aug 21 04:33:53, Info:  Writing energy output at time 16.5 Done. 
Wed Aug 21 04:33:53, Info:  Time spent this phase (total): 26.7124 s (min: 26.6767 s, max: 26.7258 s)
Wed Aug 21 04:33:53, Info:  Time spent this phase (compute): 26.7123 s (min: 26.6767 s, max: 26.7257 s)
Wed Aug 21 04:33:53, Info:  Time spent this phase (IO): 51.1839 ms (min: 40.9460 ms, max: 75.3382 ms)
Wed Aug 21 04:33:53, Info:  Performance since the start: 9.3793 TFLOP/s (rank 0: 563.1888 GFLOP/s , average over ranks: 586.2084 GFLOP/s ) 
Wed Aug 21 04:33:53, Info:  Performance since last sync point: 9.4221 TFLOP/s (rank 0: 565.7195 GFLOP/s , average over ranks: 588.8785 GFLOP/s ) 
Wed Aug 21 04:34:20, Info:  Writing faultoutput at time 17.
Wed Aug 21 04:34:20, Info:  Writing faultoutput at time 17. Done.
Wed Aug 21 04:34:20, Info:  Writing free surface at time 17.
Wed Aug 21 04:34:20, Info:  Writing free surface at time 17. Done.
Wed Aug 21 04:34:20, Info:  Writing energy output at time 17 
Wed Aug 21 04:34:20, Info:  Elastic energy (total, % kinematic, % potential):  5.27335e+13  , 3.22891  , 96.7711 
Wed Aug 21 04:34:20, Info:  Total momentum (X, Y, Z): 1.6785e+09  , -4.5494e+08  , -1.55019e+11 
Wed Aug 21 04:34:20, Info:  Frictional work (total, % static, % radiated):  5.37426e+13  , 90.0523  , 9.9477 
Wed Aug 21 04:34:20, Info:  Seismic moment (without plasticity): 1.06964e+18  Mw: 5.94949 
Wed Aug 21 04:34:20, Info:  Writing energy output at time 17 Done. 
Wed Aug 21 04:34:20, Info:  Time spent this phase (total): 27.1842 s (min: 27.1725 s, max: 27.2240 s)
Wed Aug 21 04:34:20, Info:  Time spent this phase (compute): 27.1841 s (min: 27.1724 s, max: 27.2239 s)
Wed Aug 21 04:34:20, Info:  Time spent this phase (IO): 54.0100 ms (min: 40.9534 ms, max: 75.6207 ms)
Wed Aug 21 04:34:20, Info:  Performance since the start: 9.3757 TFLOP/s (rank 0: 562.9802 GFLOP/s , average over ranks: 585.9835 GFLOP/s ) 
Wed Aug 21 04:34:20, Info:  Performance since last sync point: 9.2585 TFLOP/s (rank 0: 556.1821 GFLOP/s , average over ranks: 578.6584 GFLOP/s ) 
Wed Aug 21 04:34:47, Info:  Writing faultoutput at time 17.5.
Wed Aug 21 04:34:47, Info:  Writing faultoutput at time 17.5. Done.
Wed Aug 21 04:34:47, Info:  Writing energy output at time 17.5 
Wed Aug 21 04:34:47, Info:  Elastic energy (total, % kinematic, % potential):  5.30684e+13  , 3.1689  , 96.8311 
Wed Aug 21 04:34:47, Info:  Total momentum (X, Y, Z): 2.83694e+09  , -6.35632e+08  , -9.71621e+10 
Wed Aug 21 04:34:47, Info:  Frictional work (total, % static, % radiated):  5.4092e+13  , 90.1273  , 9.87267 
Wed Aug 21 04:34:47, Info:  Seismic moment (without plasticity): 1.0759e+18  Mw: 5.95118 
Wed Aug 21 04:34:47, Info:  Writing energy output at time 17.5 Done. 
Wed Aug 21 04:34:47, Info:  Time spent this phase (total): 26.6918 s (min: 26.6830 s, max: 26.7136 s)
Wed Aug 21 04:34:47, Info:  Time spent this phase (compute): 26.6917 s (min: 26.6830 s, max: 26.7135 s)
Wed Aug 21 04:34:47, Info:  Time spent this phase (IO): 48.4807 ms (min: 39.5475 ms, max: 76.0007 ms)
Wed Aug 21 04:34:47, Info:  Performance since the start: 9.3773 TFLOP/s (rank 0: 563.0718 GFLOP/s , average over ranks: 586.0788 GFLOP/s ) 
Wed Aug 21 04:34:47, Info:  Performance since last sync point: 9.4294 TFLOP/s (rank 0: 566.2052 GFLOP/s , average over ranks: 589.3361 GFLOP/s ) 
Wed Aug 21 04:35:13, Info:  Writing faultoutput at time 18.
Wed Aug 21 04:35:13, Info:  Writing faultoutput at time 18. Done.
Wed Aug 21 04:35:13, Info:  Writing free surface at time 18.
Wed Aug 21 04:35:13, Info:  Writing free surface at time 18. Done.
Wed Aug 21 04:35:13, Info:  Writing energy output at time 18 
Wed Aug 21 04:35:13, Info:  Elastic energy (total, % kinematic, % potential):  5.34053e+13  , 3.11803  , 96.882 
Wed Aug 21 04:35:13, Info:  Total momentum (X, Y, Z): -8.91768e+08  , 7.60959e+08  , 1.20419e+12 
Wed Aug 21 04:35:13, Info:  Frictional work (total, % static, % radiated):  5.44481e+13  , 90.21  , 9.78997 
Wed Aug 21 04:35:13, Info:  Seismic moment (without plasticity): 1.08227e+18  Mw: 5.95289 
Wed Aug 21 04:35:13, Info:  Writing energy output at time 18 Done. 
Wed Aug 21 04:35:13, Info:  Time spent this phase (total): 26.8241 s (min: 26.7918 s, max: 26.8601 s)
Wed Aug 21 04:35:13, Info:  Time spent this phase (compute): 26.8240 s (min: 26.7918 s, max: 26.8601 s)
Wed Aug 21 04:35:13, Info:  Time spent this phase (IO): 51.9225 ms (min: 41.0695 ms, max: 68.7204 ms)
Wed Aug 21 04:35:13, Info:  Performance since the start: 9.3774 TFLOP/s (rank 0: 563.0834 GFLOP/s , average over ranks: 586.0883 GFLOP/s ) 
Wed Aug 21 04:35:13, Info:  Performance since last sync point: 9.3828 TFLOP/s (rank 0: 563.4891 GFLOP/s , average over ranks: 586.4231 GFLOP/s ) 
Wed Aug 21 04:35:40, Info:  Writing faultoutput at time 18.5.
Wed Aug 21 04:35:40, Info:  Writing faultoutput at time 18.5. Done.
Wed Aug 21 04:35:40, Info:  Writing energy output at time 18.5 
Wed Aug 21 04:35:40, Info:  Elastic energy (total, % kinematic, % potential):  5.37608e+13  , 3.06316  , 96.9368 
Wed Aug 21 04:35:40, Info:  Total momentum (X, Y, Z): -5.64276e+09  , 2.244e+09  , 4.3709e+12 
Wed Aug 21 04:35:40, Info:  Frictional work (total, % static, % radiated):  5.4819e+13  , 90.2944  , 9.70564 
Wed Aug 21 04:35:40, Info:  Seismic moment (without plasticity): 1.089e+18  Mw: 5.95468 
Wed Aug 21 04:35:40, Info:  Writing energy output at time 18.5 Done. 
Wed Aug 21 04:35:40, Info:  Time spent this phase (total): 26.7071 s (min: 26.6828 s, max: 26.7252 s)
Wed Aug 21 04:35:40, Info:  Time spent this phase (compute): 26.7070 s (min: 26.6828 s, max: 26.7252 s)
Wed Aug 21 04:35:40, Info:  Time spent this phase (IO): 51.2726 ms (min: 40.8470 ms, max: 75.2577 ms)
Wed Aug 21 04:35:40, Info:  Performance since the start: 9.3787 TFLOP/s (rank 0: 563.1507 GFLOP/s , average over ranks: 586.1666 GFLOP/s ) 
Wed Aug 21 04:35:40, Info:  Performance since last sync point: 9.4240 TFLOP/s (rank 0: 565.5827 GFLOP/s , average over ranks: 588.9991 GFLOP/s ) 
Wed Aug 21 04:36:07, Info:  Writing faultoutput at time 19.
Wed Aug 21 04:36:07, Info:  Writing faultoutput at time 19. Done.
Wed Aug 21 04:36:07, Info:  Writing free surface at time 19.
Wed Aug 21 04:36:07, Info:  Writing free surface at time 19. Done.
Wed Aug 21 04:36:07, Info:  Writing energy output at time 19 
Wed Aug 21 04:36:07, Info:  Elastic energy (total, % kinematic, % potential):  5.41483e+13  , 3.00972  , 96.9903 
Wed Aug 21 04:36:07, Info:  Total momentum (X, Y, Z): -3.06027e+09  , -1.18438e+09  , 8.81209e+12 
Wed Aug 21 04:36:07, Info:  Frictional work (total, % static, % radiated):  5.5216e+13  , 90.3847  , 9.6153 
Wed Aug 21 04:36:07, Info:  Seismic moment (without plasticity): 1.09636e+18  Mw: 5.95664 
Wed Aug 21 04:36:07, Info:  Writing energy output at time 19 Done. 
Wed Aug 21 04:36:07, Info:  Time spent this phase (total): 26.8281 s (min: 26.8230 s, max: 26.8572 s)
Wed Aug 21 04:36:07, Info:  Time spent this phase (compute): 26.8281 s (min: 26.8229 s, max: 26.8572 s)
Wed Aug 21 04:36:07, Info:  Time spent this phase (IO): 55.1385 ms (min: 41.0494 ms, max: 81.7804 ms)
Wed Aug 21 04:36:07, Info:  Performance since the start: 9.3787 TFLOP/s (rank 0: 563.1576 GFLOP/s , average over ranks: 586.1711 GFLOP/s ) 
Wed Aug 21 04:36:07, Info:  Performance since last sync point: 9.3814 TFLOP/s (rank 0: 563.4151 GFLOP/s , average over ranks: 586.3381 GFLOP/s ) 
Wed Aug 21 04:36:34, Info:  Writing faultoutput at time 19.5.
Wed Aug 21 04:36:34, Info:  Writing faultoutput at time 19.5. Done.
Wed Aug 21 04:36:34, Info:  Writing energy output at time 19.5 
Wed Aug 21 04:36:34, Info:  Elastic energy (total, % kinematic, % potential):  5.4594e+13  , 2.95661  , 97.0434 
Wed Aug 21 04:36:34, Info:  Total momentum (X, Y, Z): 4.84823e+09  , -7.56781e+09  , 1.30117e+13 
Wed Aug 21 04:36:34, Info:  Frictional work (total, % static, % radiated):  5.56656e+13  , 90.4672  , 9.53284 
Wed Aug 21 04:36:34, Info:  Seismic moment (without plasticity): 1.10471e+18  Mw: 5.95883 
Wed Aug 21 04:36:34, Info:  Writing energy output at time 19.5 Done. 
Wed Aug 21 04:36:34, Info:  Time spent this phase (total): 26.8359 s (min: 26.8067 s, max: 26.8401 s)
Wed Aug 21 04:36:34, Info:  Time spent this phase (compute): 26.8358 s (min: 26.8066 s, max: 26.8398 s)
Wed Aug 21 04:36:34, Info:  Time spent this phase (IO): 51.2907 ms (min: 40.8936 ms, max: 76.0446 ms)
Wed Aug 21 04:36:34, Info:  Performance since the start: 9.3787 TFLOP/s (rank 0: 563.1557 GFLOP/s , average over ranks: 586.1711 GFLOP/s ) 
Wed Aug 21 04:36:34, Info:  Performance since last sync point: 9.3787 TFLOP/s (rank 0: 563.0831 GFLOP/s , average over ranks: 586.1711 GFLOP/s ) 
Wed Aug 21 04:37:01, Info:  Writing faultoutput at time 20.
Wed Aug 21 04:37:01, Info:  Writing faultoutput at time 20. Done.
Wed Aug 21 04:37:01, Info:  Writing free surface at time 20.
Wed Aug 21 04:37:01, Info:  Writing free surface at time 20. Done.
Wed Aug 21 04:37:01, Info:  Wrote receivers in 4.06e-07 seconds. 
Wed Aug 21 04:37:01, Info:  Writing energy output at time 20 
Wed Aug 21 04:37:01, Info:  Elastic energy (total, % kinematic, % potential):  5.50856e+13  , 2.89581  , 97.1042 
Wed Aug 21 04:37:01, Info:  Total momentum (X, Y, Z): 5.5289e+09  , -4.22559e+09  , 1.58855e+13 
Wed Aug 21 04:37:01, Info:  Frictional work (total, % static, % radiated):  5.61654e+13  , 90.539  , 9.46102 
Wed Aug 21 04:37:01, Info:  Seismic moment (without plasticity): 1.1135e+18  Mw: 5.96113 
Wed Aug 21 04:37:01, Info:  Writing energy output at time 20 Done. 
Wed Aug 21 04:37:01, Info:  Time spent this phase (total): 26.7269 s (min: 26.7230 s, max: 26.7384 s)
Wed Aug 21 04:37:01, Info:  Time spent this phase (compute): 26.7269 s (min: 26.7230 s, max: 26.7384 s)
Wed Aug 21 04:37:01, Info:  Time spent this phase (IO): 53.0921 ms (min: 41.0861 ms, max: 79.4666 ms)
Wed Aug 21 04:37:01, Info:  Performance since the start: 9.3797 TFLOP/s (rank 0: 563.2131 GFLOP/s , average over ranks: 586.2306 GFLOP/s ) 
Wed Aug 21 04:37:01, Info:  Performance since last sync point: 9.4169 TFLOP/s (rank 0: 565.4610 GFLOP/s , average over ranks: 588.5582 GFLOP/s ) 
Wed Aug 21 04:37:01, Info:  Ignoring duplicate synchronisation point at time 20 ; the last sync point was at  20 
Wed Aug 21 04:37:01, Info:  Ignoring duplicate synchronisation point at time 20 ; the last sync point was at  20 
Wed Aug 21 04:37:01, Info:  Ignoring duplicate synchronisation point at time 20 ; the last sync point was at  20 
Wed Aug 21 04:37:01, Info:  Ignoring duplicate synchronisation point at time 20 ; the last sync point was at  20 
Wed Aug 21 04:37:01, Info:  Simulation time (total): 17 min 53.3238 s (min: 17 min 53.2747 s, max: 17 min 53.3550 s)
Wed Aug 21 04:37:01, Info:  Simulation time (compute): 17 min 51.1674 s (min: 17 min 50.3155 s, max: 17 min 51.6410 s)
Wed Aug 21 04:37:01, Info:  Simulation time (IO): 2.1504 s (min: 1.6782 s, max: 3.0332 s)
Wed Aug 21 04:37:01, Info:  Time spent in compute kernels: mean = 1009.74  std = 29.7546  min = 938.876  median = 1010.7  max = 1058.1 
Wed Aug 21 04:37:01, Info:  Load imbalance: 4.57035 % 
Wed Aug 21 04:37:01, Info:  Regression analysis of compute kernels: 
Wed Aug 21 04:37:01, Info:  "computeLocalIntegration" (total time): 4904.9 s ( = 1 h 21 min 44.9016 s ) 
Wed Aug 21 04:37:01, Info:  "computeLocalIntegration" ( constant ): 2.33374e-05 (sample size: 5.23908e+06 , standard error: 4.47468e-12 ) 
Wed Aug 21 04:37:01, Info:  "computeLocalIntegration" ( per element ): 8.25321e-08 (sample size: 5.23908e+06 , standard error: 4.47468e-12 ) 
Wed Aug 21 04:37:01, Info:  "computeNeighboringIntegration" (total time): 5959.57 s ( = 1 h 39 min 19.5693 s ) 
Wed Aug 21 04:37:01, Info:  "computeNeighboringIntegration" ( constant ): 0.000140493 (sample size: 5.23908e+06 , standard error: 6.84913e-12 ) 
Wed Aug 21 04:37:01, Info:  "computeNeighboringIntegration" ( per element ): 9.01402e-08 (sample size: 5.23908e+06 , standard error: 6.84913e-12 ) 
Wed Aug 21 04:37:01, Info:  "computeDynamicRupture" (total time): 5291.41 s ( = 1 h 28 min 11.4128 s ) 
Wed Aug 21 04:37:01, Info:  "computeDynamicRupture" ( constant ): 7.98503e-05 (sample size: 3.85588e+06 , standard error: 3.9014e-11 ) 
Wed Aug 21 04:37:01, Info:  "computeDynamicRupture" ( per element ): 4.51097e-07 (sample size: 3.85588e+06 , standard error: 3.9014e-11 ) 
Wed Aug 21 04:37:01, Info:  "computePointSources" (total time): 0 s ( = 0.0000 s ) 
Wed Aug 21 04:37:01, Info:  "computePointSources" ( constant ): -nan (sample size: 0 , standard error: -nan ) 
Wed Aug 21 04:37:01, Info:  "computePointSources" ( per element ): -nan (sample size: 0 , standard error: -nan ) 
Wed Aug 21 04:37:01, Info:  Total time spent in compute kernels: 16155.9 s ( = 4 h 29 min 15.8837 s ) 
Wed Aug 21 04:37:01, Info:  Total calculated HW-FLOP:  10.0674 PFLOP 
Wed Aug 21 04:37:01, Info:  Total calculated NZ-FLOP:  4.0244 PFLOP 
Wed Aug 21 04:37:01, Info:  Total calculated HW-FLOP/s:  9.3794 TFLOP/s 
Wed Aug 21 04:37:01, Info:  Total calculated NZ-FLOP/s:  3.7494 TFLOP/s 
Wed Aug 21 04:37:01, Info:  WP calculated HW-FLOP:  8.3415 PFLOP 
Wed Aug 21 04:37:01, Info:  WP calculated NZ-FLOP:  2.7411 PFLOP 
Wed Aug 21 04:37:01, Info:  DR calculated HW-FLOP:  1.7259 PFLOP 
Wed Aug 21 04:37:01, Info:  DR calculated NZ-FLOP:  1.2833 PFLOP 
Wed Aug 21 04:37:01, Info:  PL calculated HW-FLOP:  0.0000 FLOP 
Wed Aug 21 04:37:01, Info:  PL calculated NZ-FLOP:  0.0000 FLOP 
Wed Aug 21 04:37:01, Info:  Time spent in simulation: 17 min 53.3556 s (min: 17 min 53.3555 s, max: 17 min 53.3563 s)
Wed Aug 21 04:37:01, Info:  Simulation done. 
Wed Aug 21 04:37:01, Info:  Closing IO. 
Wed Aug 21 04:37:01, Info:  Time free surface writer backend: 753.4178 ms (min: 6.3537 ms, max: 6.5959 s)
Wed Aug 21 04:37:02, Info:  Time fault writer backend: 4.4100 s (min: 1.6346 s, max: 24.9048 s)
Wed Aug 21 04:37:02, Info:  Time fault writer frontend: 45.9238 ms (min: 40.0996 ms, max: 52.4909 ms)
Wed Aug 21 04:37:02, Info:  Time free surface writer frontend: 7.9444 ms (min: 401.1640 s, max: 22.3036 ms)
Wed Aug 21 04:37:02, Info:  SeisSol done. Goodbye. 
SeisSol complete.
/hppfs/scratch/01/di35poq/haiti-rupture-outputs/dynamic-rupture-outputs/regional-only/jobid_3776469 ~/haiti-rupture-inputs/dynamic-rupture/regional-only
Writing hdf5 output with compression enabled (compression_level=4). 
Use --compression=0 if you want to speed-up data extraction.
ASl: 0it [00:00, ?it/s]ASl: 1it [00:00,  7.03it/s]ASl: 4it [00:00, 16.67it/s]ASl: 8it [00:00, 24.11it/s]ASl: 12it [00:00, 25.77it/s]ASl: 16it [00:00, 29.71it/s]ASl: 24it [00:00, 36.12it/s]ASl: 28it [00:00, 31.63it/s]ASl: 36it [00:01, 41.03it/s]ASl: 40it [00:01, 34.95it/s]
Sls: 0it [00:00, ?it/s]Sls: 1it [00:00,  7.93it/s]Sls: 4it [00:00, 15.46it/s]Sls: 8it [00:00, 18.57it/s]Sls: 12it [00:00, 21.00it/s]Sls: 16it [00:00, 24.98it/s]Sls: 20it [00:00, 27.60it/s]Sls: 24it [00:00, 29.70it/s]Sls: 28it [00:01, 31.30it/s]Sls: 32it [00:01, 32.30it/s]Sls: 36it [00:01, 33.03it/s]Sls: 40it [00:01, 34.62it/s]Sls: 40it [00:01, 28.14it/s]
Sld: 0it [00:00, ?it/s]Sld: 1it [00:00,  5.65it/s]Sld: 5it [00:00, 19.93it/s]Sld: 8it [00:00, 18.81it/s]Sld: 12it [00:00, 24.46it/s]Sld: 16it [00:00, 22.78it/s]Sld: 20it [00:00, 22.77it/s]Sld: 24it [00:01, 26.15it/s]Sld: 28it [00:01, 28.89it/s]Sld: 32it [00:01, 30.98it/s]Sld: 36it [00:01, 32.29it/s]Sld: 40it [00:01, 33.72it/s]Sld: 40it [00:01, 26.95it/s]
Ts0: 0it [00:00, ?it/s]Ts0: 1it [00:00,  4.43it/s]Ts0: 3it [00:00,  8.57it/s]Ts0: 4it [00:00,  8.14it/s]Ts0: 6it [00:00,  9.93it/s]Ts0: 8it [00:00,  9.77it/s]Ts0: 10it [00:01, 10.69it/s]Ts0: 12it [00:01,  9.99it/s]Ts0: 14it [00:01, 10.72it/s]Ts0: 16it [00:01,  9.66it/s]Ts0: 18it [00:01, 10.34it/s]Ts0: 20it [00:02, 10.62it/s]Ts0: 22it [00:02, 11.01it/s]Ts0: 24it [00:02, 11.04it/s]Ts0: 26it [00:02, 11.29it/s]Ts0: 28it [00:02, 11.15it/s]Ts0: 30it [00:02, 11.35it/s]Ts0: 32it [00:03, 11.25it/s]Ts0: 34it [00:03, 11.39it/s]Ts0: 36it [00:03, 11.27it/s]Ts0: 38it [00:03, 11.41it/s]Ts0: 40it [00:03, 11.32it/s]Ts0: 40it [00:03, 10.62it/s]
Td0: 0it [00:00, ?it/s]Td0: 1it [00:00,  5.14it/s]Td0: 3it [00:00,  9.51it/s]Td0: 5it [00:00,  8.93it/s]Td0: 7it [00:00, 10.42it/s]Td0: 9it [00:00, 10.24it/s]Td0: 11it [00:01, 11.15it/s]Td0: 13it [00:01,  9.71it/s]Td0: 15it [00:01, 10.63it/s]Td0: 17it [00:01, 11.09it/s]Td0: 19it [00:01, 11.68it/s]Td0: 21it [00:02, 10.17it/s]Td0: 23it [00:02, 10.88it/s]Td0: 25it [00:02, 11.19it/s]Td0: 27it [00:02, 11.62it/s]Td0: 29it [00:02, 11.64it/s]Td0: 31it [00:02, 11.95it/s]Td0: 33it [00:03, 11.88it/s]Td0: 35it [00:03, 12.13it/s]Td0: 37it [00:03, 12.06it/s]Td0: 39it [00:03, 12.27it/s]Td0: 40it [00:03, 11.10it/s]
Pn0: 0it [00:00, ?it/s]Pn0: 1it [00:00,  5.33it/s]Pn0: 3it [00:00,  9.10it/s]Pn0: 4it [00:00,  7.48it/s]Pn0: 6it [00:00,  9.23it/s]Pn0: 8it [00:00,  8.53it/s]Pn0: 10it [00:01,  9.57it/s]Pn0: 12it [00:01,  9.02it/s]Pn0: 14it [00:01,  9.82it/s]Pn0: 16it [00:01,  8.71it/s]Pn0: 18it [00:01,  9.45it/s]Pn0: 20it [00:02,  8.70it/s]Pn0: 22it [00:02,  9.38it/s]Pn0: 24it [00:02,  8.54it/s]Pn0: 26it [00:02,  9.22it/s]Pn0: 28it [00:03,  9.59it/s]Pn0: 30it [00:03, 10.02it/s]Pn0: 32it [00:03, 10.14it/s]Pn0: 34it [00:03, 10.42it/s]Pn0: 36it [00:03, 10.38it/s]Pn0: 38it [00:04, 10.61it/s]Pn0: 40it [00:04, 10.59it/s]Pn0: 40it [00:04,  9.52it/s]
T_s: 0it [00:00, ?it/s]T_s: 1it [00:00,  5.88it/s]T_s: 3it [00:00, 11.04it/s]T_s: 5it [00:00,  9.34it/s]T_s: 7it [00:00, 11.18it/s]T_s: 9it [00:00, 10.11it/s]T_s: 11it [00:01, 11.31it/s]T_s: 13it [00:01, 10.39it/s]T_s: 15it [00:01, 11.26it/s]T_s: 17it [00:01, 11.58it/s]T_s: 19it [00:01, 12.01it/s]T_s: 21it [00:01, 11.98it/s]T_s: 23it [00:02, 12.19it/s]T_s: 25it [00:02, 12.04it/s]T_s: 27it [00:02, 12.17it/s]T_s: 29it [00:02, 11.94it/s]T_s: 31it [00:02, 12.00it/s]T_s: 33it [00:02, 11.75it/s]T_s: 35it [00:03, 11.84it/s]T_s: 37it [00:03, 10.26it/s]T_s: 39it [00:03, 10.75it/s]T_s: 40it [00:03, 11.21it/s]
T_d: 0it [00:00, ?it/s]T_d: 1it [00:00,  5.95it/s]T_d: 3it [00:00, 11.10it/s]T_d: 5it [00:00, 10.47it/s]T_d: 7it [00:00, 12.04it/s]T_d: 9it [00:00, 10.31it/s]T_d: 11it [00:01, 11.46it/s]T_d: 13it [00:01, 11.87it/s]T_d: 15it [00:01, 12.42it/s]T_d: 17it [00:01, 12.37it/s]T_d: 19it [00:01, 12.68it/s]T_d: 21it [00:01, 11.51it/s]T_d: 23it [00:01, 11.91it/s]T_d: 25it [00:02, 10.24it/s]T_d: 27it [00:02, 10.89it/s]T_d: 29it [00:02, 11.16it/s]T_d: 31it [00:02, 11.58it/s]T_d: 33it [00:02, 11.55it/s]T_d: 35it [00:03, 10.72it/s]T_d: 37it [00:03, 11.00it/s]T_d: 39it [00:03, 11.43it/s]T_d: 40it [00:03, 11.31it/s]
P_n: 0it [00:00, ?it/s]P_n: 1it [00:00,  5.41it/s]P_n: 3it [00:00, 10.61it/s]P_n: 5it [00:00,  9.96it/s]P_n: 7it [00:00, 11.64it/s]P_n: 9it [00:00, 12.30it/s]P_n: 11it [00:00, 12.96it/s]P_n: 13it [00:01, 12.93it/s]P_n: 15it [00:01, 13.16it/s]P_n: 17it [00:01, 11.75it/s]P_n: 19it [00:01, 12.14it/s]P_n: 21it [00:01, 10.55it/s]P_n: 23it [00:02, 11.13it/s]P_n: 25it [00:02, 11.32it/s]P_n: 27it [00:02, 11.69it/s]P_n: 29it [00:02, 11.59it/s]P_n: 31it [00:02, 11.83it/s]P_n: 33it [00:02, 11.74it/s]P_n: 35it [00:03, 11.93it/s]P_n: 37it [00:03, 11.81it/s]P_n: 39it [00:03, 11.97it/s]P_n: 40it [00:03, 11.65it/s]
Mud: 0it [00:00, ?it/s]Mud: 4it [00:00, 20.91it/s]Mud: 8it [00:00, 25.11it/s]Mud: 12it [00:00, 29.75it/s]Mud: 16it [00:00, 29.28it/s]Mud: 24it [00:00, 35.47it/s]Mud: 32it [00:00, 44.86it/s]Mud: 40it [00:00, 52.42it/s]Mud: 40it [00:00, 40.68it/s]
Vr: 0it [00:00, ?it/s]Vr: 1it [00:00,  6.92it/s]Vr: 4it [00:00, 16.33it/s]Vr: 8it [00:00, 23.32it/s]Vr: 12it [00:00, 28.52it/s]Vr: 20it [00:00, 42.06it/s]Vr: 28it [00:00, 50.57it/s]Vr: 36it [00:00, 56.05it/s]Vr: 40it [00:00, 43.85it/s]
done writing output_jobid_3776469_extracted-fault.h5
done writing output_jobid_3776469_extracted-fault.xdmf
full path: /hppfs/scratch/01/di35poq/haiti-rupture-outputs/dynamic-rupture-outputs/regional-only/jobid_3776469/output_jobid_3776469_extracted-fault.xdmf
Writing hdf5 output with compression enabled (compression_level=4). 
Use --compression=0 if you want to speed-up data extraction.
u1: 0it [00:00, ?it/s]u1: 4it [00:00, 34.81it/s]u1: 15it [00:00, 74.99it/s]u1: 20it [00:00, 71.54it/s]
u2: 0it [00:00, ?it/s]u2: 1it [00:00,  7.70it/s]u2: 4it [00:00, 17.51it/s]u2: 12it [00:00, 40.34it/s]u2: 20it [00:00, 44.21it/s]
u3: 0it [00:00, ?it/s]u3: 1it [00:00,  8.73it/s]u3: 8it [00:00, 33.95it/s]u3: 12it [00:00, 34.95it/s]u3: 16it [00:00, 34.31it/s]u3: 20it [00:00, 37.61it/s]
done writing output_jobid_3776469_extracted-surface.h5
done writing output_jobid_3776469_extracted-surface.xdmf
full path: /hppfs/scratch/01/di35poq/haiti-rupture-outputs/dynamic-rupture-outputs/regional-only/jobid_3776469/output_jobid_3776469_extracted-surface.xdmf
Working on JobID: 3776469
/hppfs/scratch/01/di35poq/haiti-rupture-outputs/dynamic-rupture-outputs/regional-only/jobid_3776469/output_jobid_3776469_extracted-fault.xdmf
mu_s: 0.6
mu_d: 0.5
done writing /hppfs/scratch/01/di35poq/haiti-rupture-outputs/dynamic-rupture-outputs/regional-only/jobid_3776469/jobid_3776469_R-fault.xdmf
full path: /hppfs/scratch/01/di35poq/haiti-rupture-outputs/dynamic-rupture-outputs/regional-only/jobid_3776469/jobid_3776469_R-fault.xdmf
done writing /hppfs/scratch/01/di35poq/haiti-rupture-outputs/dynamic-rupture-outputs/regional-only/jobid_3776469/jobid_3776469_R-fault.h5
warning: Mw computed over 0-85s (avoiding contribution of small residual moment after rupture)
jobid_3776469 moment magnitude: 5.961126814246704 (M0 = 1.1135e+18)
Finished writing /hppfs/scratch/01/di35poq/haiti-rupture-outputs/dynamic-rupture-outputs/regional-only/jobid_3776469/moment_rate_mainshock.png
Job ID set as: 3776469
mu_s: 0.6
mu_d: 0.5
~/haiti-rupture-inputs/dynamic-rupture/regional-only
