Thu May 23 21:38:18, Info:  Using the parameter file parameters_kin_lowres_step1000-smooth10.par 
Thu May 23 21:38:18, Info:  Reading SeisSol parameter file... 
Thu May 23 21:38:18, Info:  In your parameter file, you have specified a non-positive interval for "checkpointinterval" . This mechanism is deprecated and may be removed in a future version of SeisSol. Consider disabling the whole module by setting "checkpoint" to 0 instead by adding "checkpoint = 0" to the "output" section of your parameter file instead. 
Thu May 23 21:38:18, Info:  The field "printintervalcriterion" is no longer in use. You may safely remove it from your parameters file. 
Thu May 23 21:38:18, Info:  The field "printintervalcriterion" is no longer in use. You may safely remove it from your parameters file. 
Thu May 23 21:38:18, Info:  The field "pickdttype" is no longer in use. You may safely remove it from your parameters file. 
Thu May 23 21:38:18, Info:  The field "faultoutputflag" is no longer in use. You may safely remove it from your parameters file. 
Thu May 23 21:38:18, Info:  The field "boundaries" is no longer in use. You may safely remove it from your parameters file. 
Thu May 23 21:38:18, Info:  SeisSol parameter file read successfully. 
Thu May 23 21:38:18, Info:  Model information: 
Thu May 23 21:38:18, Info:  Elastic model: yes 
Thu May 23 21:38:18, Info:  Viscoelastic model: no 
Thu May 23 21:38:18, Info:  Anelastic model: no 
Thu May 23 21:38:18, Info:  Poroelastic model: no 
Thu May 23 21:38:18, Info:  Anisotropic model: no 
Thu May 23 21:38:18, Info:  Plasticity: no 
Thu May 23 21:38:18, Info:  Welcome to SeisSol 
Thu May 23 21:38:18, Info:  Copyright (c) 2012 - 2024  SeisSol Group 
Thu May 23 21:38:18, Info:  Version: v1.1.3-268-gcb972500 
Thu May 23 21:38:18, Info:  Built on: May  2 2024 00:53:22 
Thu May 23 21:38:18, Info:  Last commit: cb9725002e29ee55d54f8b57cf2181d2e26c4745 at 2024-04-30T18:04:04+00:00 
Thu May 23 21:38:18, Info:  Compiled with HOST_ARCH = skx 
Thu May 23 21:38:18, Info:  Running on (rank=0): "i01r01c01s02" 
Thu May 23 21:38:18, Info:  Using MPI with #ranks: 16 
Thu May 23 21:38:18, Info:  Node-wide (shared memory) MPI with #ranks/node: 1 
Thu May 23 21:38:18, Info:  Using asynchronous MPI routines. 
Thu May 23 21:38:18, Info:  Using OMP with #threads/rank: 94 
Thu May 23 21:38:18, Info:  OpenMP worker affinity (this process): "0123456789|0123456789|0123456789|0123456789|0123456-89|0123456789|0123456789|0123456789|0123456789|01234-" 
Thu May 23 21:38:18, Info:  OpenMP worker affinity (this node)   : "0123456789|0123456789|0123456789|0123456789|0123456-89|0123456789|0123456789|0123456789|0123456789|01234-" 
Thu May 23 21:38:18, Info:  Using a communication thread for advancing MPI communication. 
Thu May 23 21:38:18, Info:  Communication thread affinity        : "----------|----------|----------|----------|-------7--|----------|----------|----------|----------|-----5" 
Thu May 23 21:38:18, Info:  The stack size ulimit is 2097152 [kiB] ( = 2.0000 GiB ). 
Thu May 23 21:38:18, Info:  Begin init mesh. 
Thu May 23 21:38:18, Info:  Mesh file: "../mesh/Haiti_v05_lowres" 
Thu May 23 21:38:18, Info:  Running mini SeisSol to determine node weights. 
Thu May 23 21:38:18, Info:  miniSeisSol configured with 50000 elements and 10 repeats per process 
Thu May 23 21:38:18, Info:  Node weights: mean = 41.4893  std = 0.362374  min = 40.3849  median = 41.512  max = 42.0667 
Thu May 23 21:38:18, Info:  Reading PUML mesh 
Thu May 23 21:38:18, Info:  Inferring boundary format. 
Thu May 23 21:38:18, Info:  Boundary format not given in PUML file; inferring from array shape. 
Thu May 23 21:38:18, Info:  Using boundary format: i32 (4xi8) 
Thu May 23 21:38:18, Info:  Found 2740523 cells 
Thu May 23 21:38:19, Info:  Found 486340 vertices 
Thu May 23 21:38:21, Info:  Computing LTS weights. 
Thu May 23 21:38:24, Info:  Limiting number of clusters to 2147483646 
Thu May 23 21:38:24, Info:  Computing LTS weights. Done.  (113725 reductions.)
Thu May 23 21:38:24, Info:  Using the Parmetis partition library and strategy. 
Thu May 23 21:38:27, Info:  PUML mesh read in: 8.5293 s (min: 8.4598 s, max: 8.5899 s)
Thu May 23 21:38:27, Info:  The mesh has been read. Starting post processing. 
Thu May 23 21:38:27, Info:  Extracting fault information. 
Thu May 23 21:38:27, Info:  Exchanging ghostlayer metadata. 
Thu May 23 21:38:28, Info:  Mesh initialized in: 10.0913 s (min: 10.0910 s, max: 10.0919 s)
Thu May 23 21:38:28, Info:  End init mesh. 
Thu May 23 21:38:28, Info:  Begin init model. 
Thu May 23 21:38:28, Info:  Initialize LTS. 
Thu May 23 21:38:28, Info:  Deriving clusters ids for min. time step width / multiRate: 0.000160691 / 2 
Thu May 23 21:38:28, Info:  Due to wiggle factor of 1 the minimum timestep size is reduced to 0.000160691 
Thu May 23 21:38:28, Info:  Number of elements in time clusters: 
Thu May 23 21:38:28, Info:  0: 206 
Thu May 23 21:38:28, Info:  1: 46408 
Thu May 23 21:38:28, Info:  2: 1359891 
Thu May 23 21:38:28, Info:  3: 972785 
Thu May 23 21:38:28, Info:  4: 240660 
Thu May 23 21:38:28, Info:  5: 57262 
Thu May 23 21:38:28, Info:  6: 14346 
Thu May 23 21:38:28, Info:  7: 6539 
Thu May 23 21:38:28, Info:  8: 36729 
Thu May 23 21:38:28, Info:  9: 5697 
Thu May 23 21:38:28, Info:  maximum theoretical speedup (compared to GTS): 8.29988 per cell LTS, 5.45659 with the used clustering. 
Thu May 23 21:38:28, Info:  Number of elements in dynamic rupture time clusters: 
Thu May 23 21:38:28, Info:  0 (dr): 73 
Thu May 23 21:38:28, Info:  1 (dr): 14039 
Thu May 23 21:38:28, Info:  2 (dr): 324813 
Thu May 23 21:38:28, Info:  3 (dr): 46473 
Thu May 23 21:38:28, Info:  4 (dr): 0 
Thu May 23 21:38:28, Info:  5 (dr): 0 
Thu May 23 21:38:28, Info:  6 (dr): 0 
Thu May 23 21:38:28, Info:  7 (dr): 0 
Thu May 23 21:38:28, Info:  8 (dr): 0 
Thu May 23 21:38:28, Info:  9 (dr): 0 
Thu May 23 21:38:28, Info:  Initialize Friction Model 
Thu May 23 21:38:29, Info:  Initialize cell material parameters. 
Thu May 23 21:38:30, Info:  Initialize Memory layout. 
Thu May 23 21:38:30, Info:  Initialize cell-local matrices. 
Thu May 23 21:38:30, Info:  Initializing Fault, using a quadrature rule with  25  points. 
Thu May 23 21:38:33, Info:  Model initialized in: 5.0527 s (min: 5.0510 s, max: 5.0550 s)
Thu May 23 21:38:33, Info:  End init model. 
Thu May 23 21:38:33, Info:  Setting initial conditions. 
Thu May 23 21:38:33, Info:  Using initial condition "Zero" . 
Thu May 23 21:38:33, Info:  Reading source. 
Thu May 23 21:38:33, Info:  No source term specified. 
Thu May 23 21:38:33, Info:  Setting up boundary conditions. 
Thu May 23 21:38:33, Info:  Begin init output. 
Thu May 23 21:38:33, Info:  Initializing free surface integrator. 
Thu May 23 21:38:33, Info:  Initializing free surface integrator. Done. 
Thu May 23 21:38:33, Info:  Enabling 2D fault output 
Thu May 23 21:38:33, Info:  Initializing Fault output. Number of sub-triangles: 4 
Thu May 23 21:38:34, Info:  Initializing XDMF fault output. 
Thu May 23 21:38:34, Info:  Fault writer thread affinity: "----------|----------|----------|----------|-------7--|----------|----------|----------|----------|-----5" 
Thu May 23 21:38:34, Info:  Initializing XDMF fault output. Done. 
Thu May 23 21:38:34, Info:  Wave field writer thread affinity: "----------|----------|----------|----------|-------7--|----------|----------|----------|----------|-----5" 
Thu May 23 21:38:34, Info:  Initializing XDMF wave field output. 
Thu May 23 21:38:34, Info:  Refinement is turned off. 
Thu May 23 21:38:34, Info:  Refinement class initialized 
Thu May 23 21:38:34, Info:  VariableSubsampler initialized 
Thu May 23 21:38:34, Info:  High order output initialized 
Thu May 23 21:38:34, Info:  Initializing XDMF wave field output. Done. 
Thu May 23 21:38:34, Info:  Initializing free surface output. 
Thu May 23 21:38:34, Info:  Free surface writer thread affinity: "----------|----------|----------|----------|-------7--|----------|----------|----------|----------|-----5" 
Thu May 23 21:38:34, Info:  No record points read. 
Thu May 23 21:38:34, Info:  Finding meshIds for receivers... 
Thu May 23 21:38:34, Info:  Cleaning possible double occurring receivers for MPI... 
Thu May 23 21:38:34, Info:  Mapping receivers to LTS cells... 
Thu May 23 21:38:34, Info:  Initializing energy output. 
Thu May 23 21:38:34, Info:  End init output. 
Thu May 23 21:38:43, Info:  Initializing free surface output. Done. 
Thu May 23 21:38:43, Info:  Finishing initialization... 
Thu May 23 21:38:43, Info:  Starting simulation. 
Thu May 23 21:38:43, Info:  Writing faultoutput at time 0.
Thu May 23 21:38:43, Info:  Writing faultoutput at time 0. Done.
Thu May 23 21:38:43, Info:  Waiting for last wave field. 
Thu May 23 21:38:43, Info:  Writing wave field at time 0.
Thu May 23 21:38:43, Info:  Writing wave field at time 0. Done.
Thu May 23 21:38:43, Info:  Writing free surface at time 0.
Thu May 23 21:38:43, Info:  Writing free surface at time 0. Done.
Thu May 23 21:38:43, Info:  Writing energy output at time 0 
Thu May 23 21:38:43, Info:  Total momentum (X, Y, Z): 0  , 0  , 0 
Thu May 23 21:38:43, Info:  Writing energy output at time 0 Done. 
Thu May 23 21:38:43, Info:  Time spent for initial IO: 66.2605 ms (min: 52.8037 ms, max: 84.0343 ms)
Thu May 23 21:39:13, Info:  Writing energy output at time 0.5 
Thu May 23 21:39:14, Info:  Elastic energy (total, % kinematic, % potential):  2.21412e+16  , 46.2827  , 53.7173 
Thu May 23 21:39:14, Info:  Total momentum (X, Y, Z): 1.53906  , -1.64062  , 3.53125 
Thu May 23 21:39:14, Info:  Frictional work (total, % static, % radiated):  2.3119e+16  , 21.5831  , 78.4169 
Thu May 23 21:39:14, Info:  Seismic moment (without plasticity): 6.84757e+19  Mw: 7.15369 
Thu May 23 21:39:14, Info:  Writing energy output at time 0.5 Done. 
Thu May 23 21:39:14, Info:  Time spent this phase (total): 30.7879 s (min: 30.7570 s, max: 30.8123 s)
Thu May 23 21:39:14, Info:  Time spent this phase (compute): 30.7216 s (min: 30.7023 s, max: 30.7459 s)
Thu May 23 21:39:14, Info:  Time spent this phase (IO): 48.7165 ms (min: 39.2934 ms, max: 73.6085 ms)
Thu May 23 21:39:14, Info:  Performance since the start: 8.8095 TFLOP/s (rank 0: 548.1661 GFLOP/s , average over ranks: 550.5954 GFLOP/s ) 
Thu May 23 21:39:14, Info:  Performance since last sync point: 8.8095 TFLOP/s (rank 0: 548.1661 GFLOP/s , average over ranks: 550.5954 GFLOP/s ) 
Thu May 23 21:39:44, Info:  Writing energy output at time 1 
Thu May 23 21:39:44, Info:  Elastic energy (total, % kinematic, % potential):  2.17931e+16  , 42.809  , 57.191 
Thu May 23 21:39:44, Info:  Total momentum (X, Y, Z): 85.9688  , -53.5  , 46.125 
Thu May 23 21:39:44, Info:  Frictional work (total, % static, % radiated):  2.49455e+16  , 10.0224  , 89.9776 
Thu May 23 21:39:44, Info:  Seismic moment (without plasticity): 8.38148e+19  Mw: 7.21221 
Thu May 23 21:39:44, Info:  Writing energy output at time 1 Done. 
Thu May 23 21:39:44, Info:  Time spent this phase (total): 30.7634 s (min: 30.7028 s, max: 30.7960 s)
Thu May 23 21:39:44, Info:  Time spent this phase (compute): 30.7633 s (min: 30.7027 s, max: 30.7959 s)
Thu May 23 21:39:44, Info:  Time spent this phase (IO): 50.9788 ms (min: 39.3868 ms, max: 79.3715 ms)
Thu May 23 21:39:44, Info:  Performance since the start: 8.8130 TFLOP/s (rank 0: 548.6539 GFLOP/s , average over ranks: 550.8150 GFLOP/s ) 
Thu May 23 21:39:44, Info:  Performance since last sync point: 8.8166 TFLOP/s (rank 0: 549.1425 GFLOP/s , average over ranks: 551.0354 GFLOP/s ) 
Thu May 23 21:40:13, Info:  Writing energy output at time 1.5 
Thu May 23 21:40:13, Info:  Elastic energy (total, % kinematic, % potential):  2.01533e+16  , 41.1933  , 58.8067 
Thu May 23 21:40:13, Info:  Total momentum (X, Y, Z): 157.438  , 20.5  , 81 
Thu May 23 21:40:13, Info:  Frictional work (total, % static, % radiated):  2.49469e+16  , 11.9391  , 88.0609 
Thu May 23 21:40:13, Info:  Seismic moment (without plasticity): 8.38653e+19  Mw: 7.21239 
Thu May 23 21:40:13, Info:  Writing energy output at time 1.5 Done. 
Thu May 23 21:40:13, Info:  Time spent this phase (total): 28.5423 s (min: 28.5106 s, max: 28.5967 s)
Thu May 23 21:40:13, Info:  Time spent this phase (compute): 28.5423 s (min: 28.5106 s, max: 28.5967 s)
Thu May 23 21:40:13, Info:  Time spent this phase (IO): 48.5600 ms (min: 39.2878 ms, max: 70.2485 ms)
Thu May 23 21:40:13, Info:  Performance since the start: 9.0315 TFLOP/s (rank 0: 562.2866 GFLOP/s , average over ranks: 564.4681 GFLOP/s ) 
Thu May 23 21:40:13, Info:  Performance since last sync point: 9.5026 TFLOP/s (rank 0: 591.6906 GFLOP/s , average over ranks: 593.9115 GFLOP/s ) 
Thu May 23 21:40:41, Info:  Writing faultoutput at time 2.
Thu May 23 21:40:41, Info:  Writing faultoutput at time 2. Done.
Thu May 23 21:40:41, Info:  Writing energy output at time 2 
Thu May 23 21:40:41, Info:  Elastic energy (total, % kinematic, % potential):  1.86411e+16  , 39.9094  , 60.0906 
Thu May 23 21:40:41, Info:  Total momentum (X, Y, Z): 313.75  , 83.625  , 187.625 
Thu May 23 21:40:41, Info:  Frictional work (total, % static, % radiated):  2.49471e+16  , 12.7514  , 87.2486 
Thu May 23 21:40:41, Info:  Seismic moment (without plasticity): 8.38891e+19  Mw: 7.21247 
Thu May 23 21:40:41, Info:  Writing energy output at time 2 Done. 
Thu May 23 21:40:41, Info:  Time spent this phase (total): 28.5339 s (min: 28.5105 s, max: 28.5464 s)
Thu May 23 21:40:41, Info:  Time spent this phase (compute): 28.5339 s (min: 28.5105 s, max: 28.5464 s)
Thu May 23 21:40:41, Info:  Time spent this phase (IO): 54.0753 ms (min: 42.9590 ms, max: 86.1780 ms)
Thu May 23 21:40:41, Info:  Performance since the start: 9.1455 TFLOP/s (rank 0: 569.4559 GFLOP/s , average over ranks: 571.5927 GFLOP/s ) 
Thu May 23 21:40:41, Info:  Performance since last sync point: 9.5054 TFLOP/s (rank 0: 592.1045 GFLOP/s , average over ranks: 594.0882 GFLOP/s ) 
Thu May 23 21:41:10, Info:  Writing energy output at time 2.5 
Thu May 23 21:41:10, Info:  Elastic energy (total, % kinematic, % potential):  1.74323e+16  , 39.1131  , 60.8869 
Thu May 23 21:41:10, Info:  Total momentum (X, Y, Z): 324.25  , -36.5  , -515.25 
Thu May 23 21:41:10, Info:  Frictional work (total, % static, % radiated):  2.49473e+16  , 13.5934  , 86.4066 
Thu May 23 21:41:10, Info:  Seismic moment (without plasticity): 8.39016e+19  Mw: 7.21251 
Thu May 23 21:41:10, Info:  Writing energy output at time 2.5 Done. 
Thu May 23 21:41:10, Info:  Time spent this phase (total): 28.5711 s (min: 28.5472 s, max: 28.5844 s)
Thu May 23 21:41:10, Info:  Time spent this phase (compute): 28.5710 s (min: 28.5472 s, max: 28.5843 s)
Thu May 23 21:41:10, Info:  Time spent this phase (IO): 46.9751 ms (min: 39.3752 ms, max: 67.6693 ms)
Thu May 23 21:41:10, Info:  Performance since the start: 9.2129 TFLOP/s (rank 0: 573.6709 GFLOP/s , average over ranks: 575.8089 GFLOP/s ) 
Thu May 23 21:41:10, Info:  Performance since last sync point: 9.4930 TFLOP/s (rank 0: 591.1738 GFLOP/s , average over ranks: 593.3144 GFLOP/s ) 
Thu May 23 21:41:38, Info:  Writing energy output at time 3 
Thu May 23 21:41:38, Info:  Elastic energy (total, % kinematic, % potential):  1.64198e+16  , 38.213  , 61.787 
Thu May 23 21:41:38, Info:  Total momentum (X, Y, Z): 428.875  , -209  , -4193.5 
Thu May 23 21:41:38, Info:  Frictional work (total, % static, % radiated):  2.49475e+16  , 14.0381  , 85.9619 
Thu May 23 21:41:38, Info:  Seismic moment (without plasticity): 8.39105e+19  Mw: 7.21254 
Thu May 23 21:41:38, Info:  Writing energy output at time 3 Done. 
Thu May 23 21:41:38, Info:  Time spent this phase (total): 28.4435 s (min: 28.4215 s, max: 28.4583 s)
Thu May 23 21:41:38, Info:  Time spent this phase (compute): 28.4434 s (min: 28.4215 s, max: 28.4582 s)
Thu May 23 21:41:38, Info:  Time spent this phase (IO): 49.6766 ms (min: 39.2622 ms, max: 74.3487 ms)
Thu May 23 21:41:38, Info:  Performance since the start: 9.2652 TFLOP/s (rank 0: 576.9141 GFLOP/s , average over ranks: 579.0752 GFLOP/s ) 
Thu May 23 21:41:38, Info:  Performance since last sync point: 9.5357 TFLOP/s (rank 0: 593.6961 GFLOP/s , average over ranks: 595.9787 GFLOP/s ) 
Thu May 23 21:42:07, Info:  Writing energy output at time 3.5 
Thu May 23 21:42:07, Info:  Elastic energy (total, % kinematic, % potential):  1.56367e+16  , 37.4651  , 62.5349 
Thu May 23 21:42:07, Info:  Total momentum (X, Y, Z): -2978  , 4120.5  , 24971.5 
Thu May 23 21:42:07, Info:  Frictional work (total, % static, % radiated):  2.49475e+16  , 14.7511  , 85.2489 
Thu May 23 21:42:07, Info:  Seismic moment (without plasticity): 8.39172e+19  Mw: 7.21257 
Thu May 23 21:42:07, Info:  Writing energy output at time 3.5 Done. 
Thu May 23 21:42:07, Info:  Time spent this phase (total): 28.5245 s (min: 28.4878 s, max: 28.5532 s)
Thu May 23 21:42:07, Info:  Time spent this phase (compute): 28.5244 s (min: 28.4877 s, max: 28.5531 s)
Thu May 23 21:42:07, Info:  Time spent this phase (IO): 55.5744 ms (min: 39.3243 ms, max: 100.2970 ms)
Thu May 23 21:42:07, Info:  Performance since the start: 9.2992 TFLOP/s (rank 0: 578.9673 GFLOP/s , average over ranks: 581.2004 GFLOP/s ) 
Thu May 23 21:42:07, Info:  Performance since last sync point: 9.5086 TFLOP/s (rank 0: 591.5999 GFLOP/s , average over ranks: 594.2870 GFLOP/s ) 
Thu May 23 21:42:36, Info:  Writing faultoutput at time 4.
Thu May 23 21:42:36, Info:  Writing faultoutput at time 4. Done.
Thu May 23 21:42:36, Info:  Writing energy output at time 4 
Thu May 23 21:42:36, Info:  Elastic energy (total, % kinematic, % potential):  1.49328e+16  , 36.5798  , 63.4202 
Thu May 23 21:42:36, Info:  Total momentum (X, Y, Z): 63911.9  , -21408.5  , 56422.2 
Thu May 23 21:42:36, Info:  Frictional work (total, % static, % radiated):  2.49476e+16  , 14.63  , 85.37 
Thu May 23 21:42:36, Info:  Seismic moment (without plasticity): 8.39222e+19  Mw: 7.21258 
Thu May 23 21:42:36, Info:  Writing energy output at time 4 Done. 
Thu May 23 21:42:36, Info:  Time spent this phase (total): 28.7475 s (min: 28.7159 s, max: 28.7771 s)
Thu May 23 21:42:36, Info:  Time spent this phase (compute): 28.7474 s (min: 28.7158 s, max: 28.7771 s)
Thu May 23 21:42:36, Info:  Time spent this phase (IO): 53.7680 ms (min: 42.9705 ms, max: 82.4177 ms)
Thu May 23 21:42:36, Info:  Performance since the start: 9.3159 TFLOP/s (rank 0: 580.0784 GFLOP/s , average over ranks: 582.2460 GFLOP/s ) 
Thu May 23 21:42:36, Info:  Performance since last sync point: 9.4348 TFLOP/s (rank 0: 587.9771 GFLOP/s , average over ranks: 589.6725 GFLOP/s ) 
Thu May 23 21:43:04, Info:  Writing energy output at time 4.5 
Thu May 23 21:43:04, Info:  Elastic energy (total, % kinematic, % potential):  1.43686e+16  , 35.6378  , 64.3622 
Thu May 23 21:43:04, Info:  Total momentum (X, Y, Z): -362318  , -28282  , 31692.5 
Thu May 23 21:43:04, Info:  Frictional work (total, % static, % radiated):  2.49476e+16  , 14.8131  , 85.1869 
Thu May 23 21:43:04, Info:  Seismic moment (without plasticity): 8.3926e+19  Mw: 7.2126 
Thu May 23 21:43:04, Info:  Writing energy output at time 4.5 Done. 
Thu May 23 21:43:04, Info:  Time spent this phase (total): 28.5304 s (min: 28.5095 s, max: 28.5707 s)
Thu May 23 21:43:04, Info:  Time spent this phase (compute): 28.5304 s (min: 28.5094 s, max: 28.5707 s)
Thu May 23 21:43:04, Info:  Time spent this phase (IO): 52.1459 ms (min: 39.3446 ms, max: 98.7127 ms)
Thu May 23 21:43:04, Info:  Performance since the start: 9.3367 TFLOP/s (rank 0: 581.3604 GFLOP/s , average over ranks: 583.5462 GFLOP/s ) 
Thu May 23 21:43:04, Info:  Performance since last sync point: 9.5066 TFLOP/s (rank 0: 591.8244 GFLOP/s , average over ranks: 594.1606 GFLOP/s ) 
Thu May 23 21:43:33, Info:  Writing free surface at time 5.
Thu May 23 21:43:33, Info:  Writing free surface at time 5. Done.
Thu May 23 21:43:33, Info:  Writing energy output at time 5 
Thu May 23 21:43:33, Info:  Elastic energy (total, % kinematic, % potential):  1.38876e+16  , 34.809  , 65.191 
Thu May 23 21:43:33, Info:  Total momentum (X, Y, Z): 675892  , 576042  , -924897 
Thu May 23 21:43:33, Info:  Frictional work (total, % static, % radiated):  2.49477e+16  , 14.9106  , 85.0894 
Thu May 23 21:43:33, Info:  Seismic moment (without plasticity): 8.39291e+19  Mw: 7.21261 
Thu May 23 21:43:33, Info:  Writing energy output at time 5 Done. 
Thu May 23 21:43:33, Info:  Time spent this phase (total): 28.6379 s (min: 28.6226 s, max: 28.6545 s)
Thu May 23 21:43:33, Info:  Time spent this phase (compute): 28.6379 s (min: 28.6226 s, max: 28.6545 s)
Thu May 23 21:43:33, Info:  Time spent this phase (IO): 58.1309 ms (min: 39.4855 ms, max: 125.1254 ms)
Thu May 23 21:43:33, Info:  Performance since the start: 9.3500 TFLOP/s (rank 0: 582.1629 GFLOP/s , average over ranks: 584.3739 GFLOP/s ) 
Thu May 23 21:43:33, Info:  Performance since last sync point: 9.4709 TFLOP/s (rank 0: 589.4866 GFLOP/s , average over ranks: 591.9302 GFLOP/s ) 
Thu May 23 21:44:01, Info:  Writing energy output at time 5.5 
Thu May 23 21:44:02, Info:  Elastic energy (total, % kinematic, % potential):  1.3475e+16  , 34.2306  , 65.7694 
Thu May 23 21:44:02, Info:  Total momentum (X, Y, Z): 1.80047e+06  , -2.0506e+06  , -332775 
Thu May 23 21:44:02, Info:  Frictional work (total, % static, % radiated):  2.49477e+16  , 15.1015  , 84.8985 
Thu May 23 21:44:02, Info:  Seismic moment (without plasticity): 8.39316e+19  Mw: 7.21262 
Thu May 23 21:44:02, Info:  Writing energy output at time 5.5 Done. 
Thu May 23 21:44:02, Info:  Time spent this phase (total): 28.6765 s (min: 28.6197 s, max: 28.7085 s)
Thu May 23 21:44:02, Info:  Time spent this phase (compute): 28.6764 s (min: 28.6197 s, max: 28.7085 s)
Thu May 23 21:44:02, Info:  Time spent this phase (IO): 55.8961 ms (min: 39.3096 ms, max: 123.3595 ms)
Thu May 23 21:44:02, Info:  Performance since the start: 9.3597 TFLOP/s (rank 0: 582.8033 GFLOP/s , average over ranks: 584.9822 GFLOP/s ) 
Thu May 23 21:44:02, Info:  Performance since last sync point: 9.4582 TFLOP/s (rank 0: 589.2855 GFLOP/s , average over ranks: 591.1363 GFLOP/s ) 
Thu May 23 21:44:30, Info:  Writing faultoutput at time 6.
Thu May 23 21:44:30, Info:  Writing faultoutput at time 6. Done.
Thu May 23 21:44:30, Info:  Writing energy output at time 6 
Thu May 23 21:44:30, Info:  Elastic energy (total, % kinematic, % potential):  1.31104e+16  , 33.5365  , 66.4635 
Thu May 23 21:44:30, Info:  Total momentum (X, Y, Z): -1.3241e+07  , 2.55269e+06  , 6.95666e+06 
Thu May 23 21:44:30, Info:  Frictional work (total, % static, % radiated):  2.49477e+16  , 15.1733  , 84.8267 
Thu May 23 21:44:30, Info:  Seismic moment (without plasticity): 8.39337e+19  Mw: 7.21262 
Thu May 23 21:44:30, Info:  Writing energy output at time 6 Done. 
Thu May 23 21:44:30, Info:  Time spent this phase (total): 28.4623 s (min: 28.4433 s, max: 28.5223 s)
Thu May 23 21:44:30, Info:  Time spent this phase (compute): 28.4623 s (min: 28.4432 s, max: 28.5223 s)
Thu May 23 21:44:30, Info:  Time spent this phase (IO): 53.3529 ms (min: 43.0170 ms, max: 81.0203 ms)
Thu May 23 21:44:30, Info:  Performance since the start: 9.3736 TFLOP/s (rank 0: 583.7052 GFLOP/s , average over ranks: 585.8509 GFLOP/s ) 
Thu May 23 21:44:30, Info:  Performance since last sync point: 9.5293 TFLOP/s (rank 0: 593.8136 GFLOP/s , average over ranks: 595.5801 GFLOP/s ) 
Thu May 23 21:44:58, Info:  Writing energy output at time 6.5 
Thu May 23 21:44:58, Info:  Elastic energy (total, % kinematic, % potential):  1.27404e+16  , 33.0822  , 66.9178 
Thu May 23 21:44:58, Info:  Total momentum (X, Y, Z): 2.76832e+07  , 3.22872e+06  , 1.27788e+07 
Thu May 23 21:44:58, Info:  Frictional work (total, % static, % radiated):  2.49477e+16  , 15.1448  , 84.8552 
Thu May 23 21:44:58, Info:  Seismic moment (without plasticity): 8.39355e+19  Mw: 7.21263 
Thu May 23 21:44:58, Info:  Writing energy output at time 6.5 Done. 
Thu May 23 21:44:58, Info:  Time spent this phase (total): 28.4593 s (min: 28.4466 s, max: 28.4781 s)
Thu May 23 21:44:58, Info:  Time spent this phase (compute): 28.4593 s (min: 28.4465 s, max: 28.4780 s)
Thu May 23 21:44:58, Info:  Time spent this phase (IO): 48.3987 ms (min: 39.3864 ms, max: 67.6952 ms)
Thu May 23 21:44:58, Info:  Performance since the start: 9.3855 TFLOP/s (rank 0: 584.4389 GFLOP/s , average over ranks: 586.5928 GFLOP/s ) 
Thu May 23 21:44:58, Info:  Performance since last sync point: 9.5303 TFLOP/s (rank 0: 593.3891 GFLOP/s , average over ranks: 595.6445 GFLOP/s ) 
Thu May 23 21:45:27, Info:  Writing energy output at time 7 
Thu May 23 21:45:27, Info:  Elastic energy (total, % kinematic, % potential):  1.24133e+16  , 32.6402  , 67.3598 
Thu May 23 21:45:27, Info:  Total momentum (X, Y, Z): 5.14564e+06  , -9.73172e+06  , -1.29136e+08 
Thu May 23 21:45:27, Info:  Frictional work (total, % static, % radiated):  2.49477e+16  , 15.5658  , 84.4342 
Thu May 23 21:45:27, Info:  Seismic moment (without plasticity): 8.39371e+19  Mw: 7.21264 
Thu May 23 21:45:27, Info:  Writing energy output at time 7 Done. 
Thu May 23 21:45:27, Info:  Time spent this phase (total): 28.3663 s (min: 28.3489 s, max: 28.3808 s)
Thu May 23 21:45:27, Info:  Time spent this phase (compute): 28.3662 s (min: 28.3488 s, max: 28.3807 s)
Thu May 23 21:45:27, Info:  Time spent this phase (IO): 47.9104 ms (min: 39.2779 ms, max: 72.6991 ms)
Thu May 23 21:45:27, Info:  Performance since the start: 9.3978 TFLOP/s (rank 0: 585.2202 GFLOP/s , average over ranks: 587.3655 GFLOP/s ) 
Thu May 23 21:45:27, Info:  Performance since last sync point: 9.5616 TFLOP/s (rank 0: 595.5704 GFLOP/s , average over ranks: 597.5993 GFLOP/s ) 
Thu May 23 21:45:55, Info:  Writing energy output at time 7.5 
Thu May 23 21:45:55, Info:  Elastic energy (total, % kinematic, % potential):  1.20925e+16  , 32.299  , 67.701 
Thu May 23 21:45:55, Info:  Total momentum (X, Y, Z): -1.29055e+08  , -1.89922e+06  , 2.50755e+08 
Thu May 23 21:45:55, Info:  Frictional work (total, % static, % radiated):  2.49477e+16  , 15.7885  , 84.2115 
Thu May 23 21:45:55, Info:  Seismic moment (without plasticity): 8.39385e+19  Mw: 7.21264 
Thu May 23 21:45:55, Info:  Writing energy output at time 7.5 Done. 
Thu May 23 21:45:55, Info:  Time spent this phase (total): 28.6733 s (min: 28.6386 s, max: 28.6884 s)
Thu May 23 21:45:55, Info:  Time spent this phase (compute): 28.6730 s (min: 28.6386 s, max: 28.6883 s)
Thu May 23 21:45:55, Info:  Time spent this phase (IO): 51.1093 ms (min: 39.2525 ms, max: 81.1312 ms)
Thu May 23 21:45:55, Info:  Performance since the start: 9.4019 TFLOP/s (rank 0: 585.4661 GFLOP/s , average over ranks: 587.6196 GFLOP/s ) 
Thu May 23 21:45:55, Info:  Performance since last sync point: 9.4592 TFLOP/s (rank 0: 588.9316 GFLOP/s , average over ranks: 591.2003 GFLOP/s ) 
Thu May 23 21:46:24, Info:  Writing faultoutput at time 8.
Thu May 23 21:46:24, Info:  Writing faultoutput at time 8. Done.
Thu May 23 21:46:24, Info:  Writing energy output at time 8 
Thu May 23 21:46:24, Info:  Elastic energy (total, % kinematic, % potential):  1.18051e+16  , 31.7584  , 68.2416 
Thu May 23 21:46:24, Info:  Total momentum (X, Y, Z): 1.61009e+08  , -3.27742e+07  , -2.62422e+07 
Thu May 23 21:46:24, Info:  Frictional work (total, % static, % radiated):  2.49477e+16  , 15.5778  , 84.4222 
Thu May 23 21:46:24, Info:  Seismic moment (without plasticity): 8.39398e+19  Mw: 7.21265 
Thu May 23 21:46:24, Info:  Writing energy output at time 8 Done. 
Thu May 23 21:46:24, Info:  Time spent this phase (total): 28.4821 s (min: 28.4749 s, max: 28.4940 s)
Thu May 23 21:46:24, Info:  Time spent this phase (compute): 28.4820 s (min: 28.4748 s, max: 28.4940 s)
Thu May 23 21:46:24, Info:  Time spent this phase (IO): 52.6574 ms (min: 42.9256 ms, max: 78.4326 ms)
Thu May 23 21:46:24, Info:  Performance since the start: 9.4094 TFLOP/s (rank 0: 585.9348 GFLOP/s , average over ranks: 588.0858 GFLOP/s ) 
Thu May 23 21:46:24, Info:  Performance since last sync point: 9.5227 TFLOP/s (rank 0: 593.0552 GFLOP/s , average over ranks: 595.1687 GFLOP/s ) 
Thu May 23 21:46:52, Info:  Writing energy output at time 8.5 
Thu May 23 21:46:52, Info:  Elastic energy (total, % kinematic, % potential):  1.15373e+16  , 31.4636  , 68.5364 
Thu May 23 21:46:52, Info:  Total momentum (X, Y, Z): 2.45372e+08  , 2.38069e+08  , -1.86954e+08 
Thu May 23 21:46:52, Info:  Frictional work (total, % static, % radiated):  2.49477e+16  , 15.8498  , 84.1502 
Thu May 23 21:46:52, Info:  Seismic moment (without plasticity): 8.39409e+19  Mw: 7.21265 
Thu May 23 21:46:52, Info:  Writing energy output at time 8.5 Done. 
Thu May 23 21:46:52, Info:  Time spent this phase (total): 28.3465 s (min: 28.3389 s, max: 28.3588 s)
Thu May 23 21:46:52, Info:  Time spent this phase (compute): 28.3464 s (min: 28.3389 s, max: 28.3588 s)
Thu May 23 21:46:52, Info:  Time spent this phase (IO): 46.3977 ms (min: 39.3324 ms, max: 64.0532 ms)
Thu May 23 21:46:52, Info:  Performance since the start: 9.4186 TFLOP/s (rank 0: 586.5093 GFLOP/s , average over ranks: 588.6608 GFLOP/s ) 
Thu May 23 21:46:52, Info:  Performance since last sync point: 9.5683 TFLOP/s (rank 0: 595.8582 GFLOP/s , average over ranks: 598.0157 GFLOP/s ) 
Thu May 23 21:47:21, Info:  Writing energy output at time 9 
Thu May 23 21:47:21, Info:  Elastic energy (total, % kinematic, % potential):  1.12808e+16  , 31.1814  , 68.8186 
Thu May 23 21:47:21, Info:  Total momentum (X, Y, Z): -6.63813e+08  , -1.00263e+08  , -7.66523e+08 
Thu May 23 21:47:21, Info:  Frictional work (total, % static, % radiated):  2.49477e+16  , 16.4591  , 83.5409 
Thu May 23 21:47:21, Info:  Seismic moment (without plasticity): 8.39419e+19  Mw: 7.21265 
Thu May 23 21:47:21, Info:  Writing energy output at time 9 Done. 
Thu May 23 21:47:21, Info:  Time spent this phase (total): 28.4277 s (min: 28.4087 s, max: 28.4345 s)
Thu May 23 21:47:21, Info:  Time spent this phase (compute): 28.4276 s (min: 28.4086 s, max: 28.4345 s)
Thu May 23 21:47:21, Info:  Time spent this phase (IO): 50.2764 ms (min: 39.2787 ms, max: 77.0728 ms)
Thu May 23 21:47:21, Info:  Performance since the start: 9.4253 TFLOP/s (rank 0: 586.9244 GFLOP/s , average over ranks: 589.0805 GFLOP/s ) 
Thu May 23 21:47:21, Info:  Performance since last sync point: 9.5410 TFLOP/s (rank 0: 594.0721 GFLOP/s , average over ranks: 596.3094 GFLOP/s ) 
Thu May 23 21:47:49, Info:  Writing energy output at time 9.5 
Thu May 23 21:47:49, Info:  Elastic energy (total, % kinematic, % potential):  1.1045e+16  , 30.6237  , 69.3763 
Thu May 23 21:47:49, Info:  Total momentum (X, Y, Z): -1.8888e+08  , -1.32283e+09  , -1.81553e+09 
Thu May 23 21:47:49, Info:  Frictional work (total, % static, % radiated):  2.49477e+16  , 16.5557  , 83.4443 
Thu May 23 21:47:49, Info:  Seismic moment (without plasticity): 8.39428e+19  Mw: 7.21266 
Thu May 23 21:47:49, Info:  Writing energy output at time 9.5 Done. 
Thu May 23 21:47:49, Info:  Time spent this phase (total): 28.6834 s (min: 28.6771 s, max: 28.6955 s)
Thu May 23 21:47:49, Info:  Time spent this phase (compute): 28.6834 s (min: 28.6771 s, max: 28.6954 s)
Thu May 23 21:47:49, Info:  Time spent this phase (IO): 50.6442 ms (min: 39.3582 ms, max: 81.8909 ms)
Thu May 23 21:47:49, Info:  Performance since the start: 9.4269 TFLOP/s (rank 0: 587.0255 GFLOP/s , average over ranks: 589.1808 GFLOP/s ) 
Thu May 23 21:47:49, Info:  Performance since last sync point: 9.4559 TFLOP/s (rank 0: 588.8500 GFLOP/s , average over ranks: 590.9909 GFLOP/s ) 
Thu May 23 21:48:18, Info:  Writing faultoutput at time 10.
Thu May 23 21:48:18, Info:  Writing faultoutput at time 10. Done.
Thu May 23 21:48:18, Info:  Waiting for last wave field. 
Thu May 23 21:48:18, Info:  Writing wave field at time 10.
Thu May 23 21:48:18, Info:  Writing wave field at time 10. Done.
Thu May 23 21:48:18, Info:  Writing free surface at time 10.
Thu May 23 21:48:18, Info:  Writing free surface at time 10. Done.
Thu May 23 21:48:18, Info:  Wrote receivers in 4.3425e-05 seconds. 
Thu May 23 21:48:18, Info:  Writing energy output at time 10 
Thu May 23 21:48:18, Info:  Elastic energy (total, % kinematic, % potential):  1.08196e+16  , 30.1678  , 69.8322 
Thu May 23 21:48:18, Info:  Total momentum (X, Y, Z): 1.28575e+09  , 1.86284e+09  , 1.29429e+10 
Thu May 23 21:48:18, Info:  Frictional work (total, % static, % radiated):  2.49477e+16  , 16.4337  , 83.5663 
Thu May 23 21:48:18, Info:  Seismic moment (without plasticity): 8.39437e+19  Mw: 7.21266 
Thu May 23 21:48:18, Info:  Writing energy output at time 10 Done. 
Thu May 23 21:48:18, Info:  Time spent this phase (total): 28.4854 s (min: 28.4734 s, max: 28.5109 s)
Thu May 23 21:48:18, Info:  Time spent this phase (compute): 28.4854 s (min: 28.4734 s, max: 28.5108 s)
Thu May 23 21:48:18, Info:  Time spent this phase (IO): 63.5694 ms (min: 52.1628 ms, max: 93.4976 ms)
Thu May 23 21:48:18, Info:  Performance since the start: 9.4316 TFLOP/s (rank 0: 587.3243 GFLOP/s , average over ranks: 589.4739 GFLOP/s ) 
Thu May 23 21:48:18, Info:  Performance since last sync point: 9.5216 TFLOP/s (rank 0: 593.0603 GFLOP/s , average over ranks: 595.0988 GFLOP/s ) 
Thu May 23 21:48:46, Info:  Writing energy output at time 10.5 
Thu May 23 21:48:47, Info:  Elastic energy (total, % kinematic, % potential):  1.06262e+16  , 29.6937  , 70.3063 
Thu May 23 21:48:47, Info:  Total momentum (X, Y, Z): 9.24236e+08  , 1.85883e+09  , 7.81231e+08 
Thu May 23 21:48:47, Info:  Frictional work (total, % static, % radiated):  2.49477e+16  , 16.5333  , 83.4667 
Thu May 23 21:48:47, Info:  Seismic moment (without plasticity): 8.39445e+19  Mw: 7.21266 
Thu May 23 21:48:47, Info:  Writing energy output at time 10.5 Done. 
Thu May 23 21:48:47, Info:  Time spent this phase (total): 28.6352 s (min: 28.6197 s, max: 28.6524 s)
Thu May 23 21:48:47, Info:  Time spent this phase (compute): 28.6351 s (min: 28.6197 s, max: 28.6523 s)
Thu May 23 21:48:47, Info:  Time spent this phase (IO): 48.6639 ms (min: 39.2703 ms, max: 81.0659 ms)
Thu May 23 21:48:47, Info:  Performance since the start: 9.4335 TFLOP/s (rank 0: 587.4453 GFLOP/s , average over ranks: 589.5930 GFLOP/s ) 
Thu May 23 21:48:47, Info:  Performance since last sync point: 9.4718 TFLOP/s (rank 0: 589.8760 GFLOP/s , average over ranks: 591.9858 GFLOP/s ) 
Thu May 23 21:49:15, Info:  Writing energy output at time 11 
Thu May 23 21:49:15, Info:  Elastic energy (total, % kinematic, % potential):  1.04421e+16  , 29.154  , 70.846 
Thu May 23 21:49:15, Info:  Total momentum (X, Y, Z): -2.66585e+09  , -2.93185e+09  , -6.45392e+10 
Thu May 23 21:49:15, Info:  Frictional work (total, % static, % radiated):  2.49477e+16  , 16.6971  , 83.3029 
Thu May 23 21:49:15, Info:  Seismic moment (without plasticity): 8.39452e+19  Mw: 7.21266 
Thu May 23 21:49:15, Info:  Writing energy output at time 11 Done. 
Thu May 23 21:49:15, Info:  Time spent this phase (total): 28.6704 s (min: 28.6468 s, max: 28.7051 s)
Thu May 23 21:49:15, Info:  Time spent this phase (compute): 28.6704 s (min: 28.6467 s, max: 28.7051 s)
Thu May 23 21:49:15, Info:  Time spent this phase (IO): 48.7011 ms (min: 39.3098 ms, max: 79.6648 ms)
Thu May 23 21:49:15, Info:  Performance since the start: 9.4347 TFLOP/s (rank 0: 587.5018 GFLOP/s , average over ranks: 589.6685 GFLOP/s ) 
Thu May 23 21:49:15, Info:  Performance since last sync point: 9.4602 TFLOP/s (rank 0: 588.6898 GFLOP/s , average over ranks: 591.2596 GFLOP/s ) 
Thu May 23 21:49:44, Info:  Writing energy output at time 11.5 
Thu May 23 21:49:44, Info:  Elastic energy (total, % kinematic, % potential):  1.02793e+16  , 29.1097  , 70.8903 
Thu May 23 21:49:44, Info:  Total momentum (X, Y, Z): -4.84996e+09  , -4.46477e+09  , 2.49588e+10 
Thu May 23 21:49:44, Info:  Frictional work (total, % static, % radiated):  2.49477e+16  , 16.8207  , 83.1793 
Thu May 23 21:49:44, Info:  Seismic moment (without plasticity): 8.39459e+19  Mw: 7.21267 
Thu May 23 21:49:44, Info:  Writing energy output at time 11.5 Done. 
Thu May 23 21:49:44, Info:  Time spent this phase (total): 28.5377 s (min: 28.5335 s, max: 28.5455 s)
Thu May 23 21:49:44, Info:  Time spent this phase (compute): 28.5376 s (min: 28.5331 s, max: 28.5455 s)
Thu May 23 21:49:44, Info:  Time spent this phase (IO): 48.7388 ms (min: 39.2872 ms, max: 75.4132 ms)
Thu May 23 21:49:44, Info:  Performance since the start: 9.4377 TFLOP/s (rank 0: 587.6936 GFLOP/s , average over ranks: 589.8560 GFLOP/s ) 
Thu May 23 21:49:44, Info:  Performance since last sync point: 9.5042 TFLOP/s (rank 0: 591.9452 GFLOP/s , average over ranks: 594.0101 GFLOP/s ) 
Thu May 23 21:50:12, Info:  Writing faultoutput at time 12.
Thu May 23 21:50:12, Info:  Writing faultoutput at time 12. Done.
Thu May 23 21:50:12, Info:  Writing energy output at time 12 
Thu May 23 21:50:12, Info:  Elastic energy (total, % kinematic, % potential):  1.01384e+16  , 29.0879  , 70.9121 
Thu May 23 21:50:12, Info:  Total momentum (X, Y, Z): 9.16838e+09  , 2.79988e+09  , 3.21918e+11 
Thu May 23 21:50:12, Info:  Frictional work (total, % static, % radiated):  2.49477e+16  , 16.9908  , 83.0092 
Thu May 23 21:50:12, Info:  Seismic moment (without plasticity): 8.39465e+19  Mw: 7.21267 
Thu May 23 21:50:12, Info:  Writing energy output at time 12 Done. 
Thu May 23 21:50:12, Info:  Time spent this phase (total): 28.6611 s (min: 28.6124 s, max: 28.6829 s)
Thu May 23 21:50:12, Info:  Time spent this phase (compute): 28.6611 s (min: 28.6124 s, max: 28.6828 s)
Thu May 23 21:50:12, Info:  Time spent this phase (IO): 54.7109 ms (min: 42.9170 ms, max: 85.1492 ms)
Thu May 23 21:50:12, Info:  Performance since the start: 9.4388 TFLOP/s (rank 0: 587.7661 GFLOP/s , average over ranks: 589.9223 GFLOP/s ) 
Thu May 23 21:50:12, Info:  Performance since last sync point: 9.4632 TFLOP/s (rank 0: 589.4406 GFLOP/s , average over ranks: 591.4529 GFLOP/s ) 
Thu May 23 21:50:41, Info:  Writing energy output at time 12.5 
Thu May 23 21:50:41, Info:  Elastic energy (total, % kinematic, % potential):  1.00009e+16  , 28.5726  , 71.4274 
Thu May 23 21:50:41, Info:  Total momentum (X, Y, Z): 1.21128e+10  , 5.82269e+09  , 9.48121e+10 
Thu May 23 21:50:41, Info:  Frictional work (total, % static, % radiated):  2.49477e+16  , 16.9166  , 83.0834 
Thu May 23 21:50:41, Info:  Seismic moment (without plasticity): 8.39471e+19  Mw: 7.21267 
Thu May 23 21:50:41, Info:  Writing energy output at time 12.5 Done. 
Thu May 23 21:50:41, Info:  Time spent this phase (total): 28.6138 s (min: 28.6083 s, max: 28.6287 s)
Thu May 23 21:50:41, Info:  Time spent this phase (compute): 28.6137 s (min: 28.6082 s, max: 28.6286 s)
Thu May 23 21:50:41, Info:  Time spent this phase (IO): 50.3397 ms (min: 39.3536 ms, max: 88.0691 ms)
Thu May 23 21:50:41, Info:  Performance since the start: 9.4404 TFLOP/s (rank 0: 587.8678 GFLOP/s , average over ranks: 590.0222 GFLOP/s ) 
Thu May 23 21:50:41, Info:  Performance since last sync point: 9.4789 TFLOP/s (rank 0: 590.3169 GFLOP/s , average over ranks: 592.4292 GFLOP/s ) 
Thu May 23 21:51:09, Info:  Writing energy output at time 13 
Thu May 23 21:51:09, Info:  Elastic energy (total, % kinematic, % potential):  9.87282e+15  , 28.1742  , 71.8258 
Thu May 23 21:51:09, Info:  Total momentum (X, Y, Z): -8.78669e+09  , -3.42974e+09  , -8.41403e+11 
Thu May 23 21:51:09, Info:  Frictional work (total, % static, % radiated):  2.49476e+16  , 16.8283  , 83.1717 
Thu May 23 21:51:09, Info:  Seismic moment (without plasticity): 8.39476e+19  Mw: 7.21267 
Thu May 23 21:51:09, Info:  Writing energy output at time 13 Done. 
Thu May 23 21:51:09, Info:  Time spent this phase (total): 28.4536 s (min: 28.4402 s, max: 28.4568 s)
Thu May 23 21:51:09, Info:  Time spent this phase (compute): 28.4535 s (min: 28.4401 s, max: 28.4568 s)
Thu May 23 21:51:09, Info:  Time spent this phase (IO): 51.0652 ms (min: 39.5620 ms, max: 79.5267 ms)
Thu May 23 21:51:09, Info:  Performance since the start: 9.4439 TFLOP/s (rank 0: 588.0858 GFLOP/s , average over ranks: 590.2410 GFLOP/s ) 
Thu May 23 21:51:09, Info:  Performance since last sync point: 9.5323 TFLOP/s (rank 0: 593.5888 GFLOP/s , average over ranks: 595.7657 GFLOP/s ) 
Thu May 23 21:51:38, Info:  Writing energy output at time 13.5 
Thu May 23 21:51:38, Info:  Elastic energy (total, % kinematic, % potential):  9.75006e+15  , 28.0471  , 71.9529 
Thu May 23 21:51:38, Info:  Total momentum (X, Y, Z): -1.61271e+10  , -2.90935e+09  , -5.19504e+11 
Thu May 23 21:51:38, Info:  Frictional work (total, % static, % radiated):  2.49476e+16  , 16.8284  , 83.1716 
Thu May 23 21:51:38, Info:  Seismic moment (without plasticity): 8.39482e+19  Mw: 7.21267 
Thu May 23 21:51:38, Info:  Writing energy output at time 13.5 Done. 
Thu May 23 21:51:38, Info:  Time spent this phase (total): 28.5049 s (min: 28.4974 s, max: 28.5160 s)
Thu May 23 21:51:38, Info:  Time spent this phase (compute): 28.5049 s (min: 28.4974 s, max: 28.5160 s)
Thu May 23 21:51:38, Info:  Time spent this phase (IO): 49.6091 ms (min: 39.2960 ms, max: 74.5140 ms)
Thu May 23 21:51:38, Info:  Performance since the start: 9.4465 TFLOP/s (rank 0: 588.2496 GFLOP/s , average over ranks: 590.4047 GFLOP/s ) 
Thu May 23 21:51:38, Info:  Performance since last sync point: 9.5151 TFLOP/s (rank 0: 592.5430 GFLOP/s , average over ranks: 594.6925 GFLOP/s ) 
Thu May 23 21:52:07, Info:  Writing faultoutput at time 14.
Thu May 23 21:52:07, Info:  Writing faultoutput at time 14. Done.
Thu May 23 21:52:07, Info:  Writing energy output at time 14 
Thu May 23 21:52:07, Info:  Elastic energy (total, % kinematic, % potential):  9.63123e+15  , 27.8396  , 72.1604 
Thu May 23 21:52:07, Info:  Total momentum (X, Y, Z): -7.69346e+09  , -7.94687e+08  , 1.06013e+12 
Thu May 23 21:52:07, Info:  Frictional work (total, % static, % radiated):  2.49476e+16  , 16.8921  , 83.1079 
Thu May 23 21:52:07, Info:  Seismic moment (without plasticity): 8.39487e+19  Mw: 7.21268 
Thu May 23 21:52:07, Info:  Writing energy output at time 14 Done. 
Thu May 23 21:52:07, Info:  Time spent this phase (total): 28.5950 s (min: 28.5818 s, max: 28.6018 s)
Thu May 23 21:52:07, Info:  Time spent this phase (compute): 28.5949 s (min: 28.5818 s, max: 28.6018 s)
Thu May 23 21:52:07, Info:  Time spent this phase (IO): 54.4209 ms (min: 42.8343 ms, max: 84.1363 ms)
Thu May 23 21:52:07, Info:  Performance since the start: 9.4478 TFLOP/s (rank 0: 588.3370 GFLOP/s , average over ranks: 590.4906 GFLOP/s ) 
Thu May 23 21:52:07, Info:  Performance since last sync point: 9.4851 TFLOP/s (rank 0: 590.7058 GFLOP/s , average over ranks: 592.8193 GFLOP/s ) 
Thu May 23 21:52:35, Info:  Writing energy output at time 14.5 
Thu May 23 21:52:35, Info:  Elastic energy (total, % kinematic, % potential):  9.52055e+15  , 27.5697  , 72.4303 
Thu May 23 21:52:35, Info:  Total momentum (X, Y, Z): 3.03136e+10  , -3.03921e+10  , -3.39795e+12 
Thu May 23 21:52:35, Info:  Frictional work (total, % static, % radiated):  2.49476e+16  , 16.7612  , 83.2388 
Thu May 23 21:52:35, Info:  Seismic moment (without plasticity): 8.39491e+19  Mw: 7.21268 
Thu May 23 21:52:35, Info:  Writing energy output at time 14.5 Done. 
Thu May 23 21:52:35, Info:  Time spent this phase (total): 28.8687 s (min: 28.8562 s, max: 28.8766 s)
Thu May 23 21:52:35, Info:  Time spent this phase (compute): 28.8686 s (min: 28.8561 s, max: 28.8766 s)
Thu May 23 21:52:35, Info:  Time spent this phase (IO): 50.6999 ms (min: 39.2975 ms, max: 76.1126 ms)
Thu May 23 21:52:35, Info:  Performance since the start: 9.4460 TFLOP/s (rank 0: 588.2237 GFLOP/s , average over ranks: 590.3765 GFLOP/s ) 
Thu May 23 21:52:35, Info:  Performance since last sync point: 9.3952 TFLOP/s (rank 0: 585.0699 GFLOP/s , average over ranks: 587.1993 GFLOP/s ) 
Thu May 23 21:53:04, Info:  Writing free surface at time 15.
Thu May 23 21:53:04, Info:  Writing free surface at time 15. Done.
Thu May 23 21:53:04, Info:  Writing energy output at time 15 
Thu May 23 21:53:04, Info:  Elastic energy (total, % kinematic, % potential):  9.40024e+15  , 27.1341  , 72.8659 
Thu May 23 21:53:04, Info:  Total momentum (X, Y, Z): 4.3954e+10  , -3.28059e+10  , -2.57129e+13 
Thu May 23 21:53:04, Info:  Frictional work (total, % static, % radiated):  2.49476e+16  , 16.7653  , 83.2347 
Thu May 23 21:53:04, Info:  Seismic moment (without plasticity): 8.39496e+19  Mw: 7.21268 
Thu May 23 21:53:04, Info:  Writing energy output at time 15 Done. 
Thu May 23 21:53:04, Info:  Time spent this phase (total): 28.5484 s (min: 28.5383 s, max: 28.5747 s)
Thu May 23 21:53:04, Info:  Time spent this phase (compute): 28.5483 s (min: 28.5383 s, max: 28.5747 s)
Thu May 23 21:53:04, Info:  Time spent this phase (IO): 54.1941 ms (min: 39.4502 ms, max: 79.5480 ms)
Thu May 23 21:53:04, Info:  Performance since the start: 9.4478 TFLOP/s (rank 0: 588.3355 GFLOP/s , average over ranks: 590.4895 GFLOP/s ) 
Thu May 23 21:53:04, Info:  Performance since last sync point: 9.5006 TFLOP/s (rank 0: 591.5943 GFLOP/s , average over ranks: 593.7866 GFLOP/s ) 
Thu May 23 21:53:04, Info:  Writing faultoutput at time 15.
Thu May 23 21:53:04, Info:  Writing faultoutput at time 15. Done.
Thu May 23 21:53:04, Info:  Waiting for last wave field. 
Thu May 23 21:53:04, Info:  Writing wave field at time 15.
Thu May 23 21:53:04, Info:  Writing wave field at time 15. Done.
Thu May 23 21:53:04, Info:  Ignoring duplicate synchronisation point at time 15 ; the last sync point was at  15 
Thu May 23 21:53:04, Info:  Wrote receivers in 3.41e-07 seconds. 
Thu May 23 21:53:04, Info:  Ignoring duplicate synchronisation point at time 15 ; the last sync point was at  15 
Thu May 23 21:53:04, Info:  Simulation time (total): 14 min 21.2476 s (min: 14 min 21.2041 s, max: 14 min 21.2710 s)
Thu May 23 21:53:04, Info:  Simulation time (compute): 14 min 19.6163 s (min: 14 min 18.7504 s, max: 14 min 19.9540 s)
Thu May 23 21:53:04, Info:  Simulation time (IO): 1.6146 s (min: 1.2733 s, max: 2.4885 s)
Thu May 23 21:53:04, Info:  Time spent in compute kernels: mean = 826.5  std = 16.0319  min = 787.06  median = 828.395  max = 848.407 
Thu May 23 21:53:04, Info:  Load imbalance: 2.58217 % 
Thu May 23 21:53:04, Info:  Regression analysis of compute kernels: 
Thu May 23 21:53:04, Info:  "computeLocalIntegration" (total time): 4052.96 s ( = 1 h 7 min 32.9618 s ) 
Thu May 23 21:53:04, Info:  "computeLocalIntegration" ( constant ): 2.87545e-05 (sample size: 4.66041e+06 , standard error: 4.98887e-12 ) 
Thu May 23 21:53:04, Info:  "computeLocalIntegration" ( per element ): 8.35257e-08 (sample size: 4.66041e+06 , standard error: 4.98887e-12 ) 
Thu May 23 21:53:04, Info:  "computeNeighboringIntegration" (total time): 5052.65 s ( = 1 h 24 min 12.6503 s ) 
Thu May 23 21:53:04, Info:  "computeNeighboringIntegration" ( constant ): 7.93587e-05 (sample size: 4.66041e+06 , standard error: 8.41686e-12 ) 
Thu May 23 21:53:04, Info:  "computeNeighboringIntegration" ( per element ): 9.98059e-08 (sample size: 4.66041e+06 , standard error: 8.41686e-12 ) 
Thu May 23 21:53:04, Info:  "computeDynamicRupture" (total time): 4118.39 s ( = 1 h 8 min 38.3863 s ) 
Thu May 23 21:53:04, Info:  "computeDynamicRupture" ( constant ): 6.32675e-05 (sample size: 3.65271e+06 , standard error: 3.73713e-11 ) 
Thu May 23 21:53:04, Info:  "computeDynamicRupture" ( per element ): 4.4246e-07 (sample size: 3.65271e+06 , standard error: 3.73713e-11 ) 
Thu May 23 21:53:04, Info:  "computePointSources" (total time): 0 s ( = 0.0000 s ) 
Thu May 23 21:53:04, Info:  "computePointSources" ( constant ): -nan (sample size: 0 , standard error: -nan ) 
Thu May 23 21:53:04, Info:  "computePointSources" ( per element ): -nan (sample size: 0 , standard error: -nan ) 
Thu May 23 21:53:04, Info:  Total time spent in compute kernels: 13224 s ( = 3 h 40 min 23.9984 s ) 
Thu May 23 21:53:04, Info:  Total calculated HW-FLOP:  8.1368 PFLOP 
Thu May 23 21:53:04, Info:  Total calculated NZ-FLOP:  3.2379 PFLOP 
Thu May 23 21:53:04, Info:  Total calculated HW-FLOP/s:  9.4474 TFLOP/s 
Thu May 23 21:53:04, Info:  Total calculated NZ-FLOP/s:  3.7595 TFLOP/s 
Thu May 23 21:53:04, Info:  WP calculated HW-FLOP:  6.7643 PFLOP 
Thu May 23 21:53:04, Info:  WP calculated NZ-FLOP:  2.2174 PFLOP 
Thu May 23 21:53:04, Info:  DR calculated HW-FLOP:  1.3725 PFLOP 
Thu May 23 21:53:04, Info:  DR calculated NZ-FLOP:  1.0205 PFLOP 
Thu May 23 21:53:04, Info:  PL calculated HW-FLOP:  0.0000 FLOP 
Thu May 23 21:53:04, Info:  PL calculated NZ-FLOP:  0.0000 FLOP 
Thu May 23 21:53:04, Info:  Time spent in simulation: 14 min 21.2717 s (min: 14 min 21.2715 s, max: 14 min 21.2725 s)
Thu May 23 21:53:04, Info:  Simulation done. 
Thu May 23 21:53:04, Info:  Closing IO. 
Thu May 23 21:53:05, Info:  Time wave field writer backend: 1.3011 s (min: 744.6511 ms, max: 2.6386 s)
Thu May 23 21:53:05, Info:  Time free surface writer backend: 169.1158 ms (min: 118.1690 µs, max: 1.5557 s)
Thu May 23 21:53:05, Info:  Time wave field writer frontend: 29.7218 ms (min: 26.5499 ms, max: 34.6890 ms)
Thu May 23 21:53:05, Info:  Time fault writer backend: 799.2677 ms (min: 320.6334 ms, max: 5.7069 s)
Thu May 23 21:53:05, Info:  Time fault writer frontend: 8.7248 ms (min: 7.8208 ms, max: 9.7301 ms)
Thu May 23 21:53:05, Info:  Time free surface writer frontend: 3.4379 ms (min: 206.0520 µs, max: 12.7881 ms)
Thu May 23 21:53:05, Info:  SeisSol done. Goodbye. 
