Fri 27 Sep 2024 11:59:55 PM UTC
num_nodes: 16 ntasks: 16 cpus_per_task:
Line 63 replaced with: OutputFile='/hppfs/scratch/01/di35poq/haiti-rupture-outputs/dynamic-rupture-outputs/variable_SH_max/jobid_3944396'
Job log complete.
Starting SeisSol...
Sat Sep 28 01:59:56, Info:  Using the parameter file parameters.par 
Sat Sep 28 01:59:56, Info:  Reading SeisSol parameter file... 
Sat Sep 28 01:59:56, Info:  In your parameter file, you have specified a non-positive interval for "checkpointinterval" . This mechanism is deprecated and may be removed in a future version of SeisSol. Consider disabling the whole module by setting "checkpoint" to 0 instead by adding "checkpoint = 0" to the "output" section of your parameter file instead. 
Sat Sep 28 01:59:56, Info:  The field "printintervalcriterion" is no longer in use. You may safely remove it from your parameters file. 
Sat Sep 28 01:59:56, Info:  The field "printintervalcriterion" is no longer in use. You may safely remove it from your parameters file. 
Sat Sep 28 01:59:56, Info:  The field "pickdttype" is no longer in use. You may safely remove it from your parameters file. 
Sat Sep 28 01:59:56, Info:  The field "faultoutputflag" is no longer in use. You may safely remove it from your parameters file. 
Sat Sep 28 01:59:56, Info:  The field "boundaries" is no longer in use. You may safely remove it from your parameters file. 
Sat Sep 28 01:59:56, Info:  SeisSol parameter file read successfully. 
Sat Sep 28 01:59:56, Info:  Model information: 
Sat Sep 28 01:59:56, Info:  Elastic model: yes 
Sat Sep 28 01:59:56, Info:  Viscoelastic model: no 
Sat Sep 28 01:59:56, Info:  Anelastic model: no 
Sat Sep 28 01:59:56, Info:  Poroelastic model: no 
Sat Sep 28 01:59:56, Info:  Anisotropic model: no 
Sat Sep 28 01:59:56, Info:  Plasticity: no 
Sat Sep 28 01:59:56, Info:  Welcome to SeisSol 
Sat Sep 28 01:59:56, Info:  Copyright (c) 2012 - 2024  SeisSol Group 
Sat Sep 28 01:59:56, Info:  Version: v1.1.4-148-g60aedc8c (dirty) 
Sat Sep 28 01:59:56, Info:  Built on: Jun 17 2024 21:03:35 
Sat Sep 28 01:59:56, Info:  Last commit: 60aedc8c2ae0a5d9e5a46cc3a40e4eaf1c047225 at 2024-06-06T12:54:08+00:00 
Sat Sep 28 01:59:56, Info:  Compiled with HOST_ARCH = skx 
Sat Sep 28 01:59:56, Info:  Running on (rank=0): "i01r01c03s01" 
Sat Sep 28 01:59:56, Info:  Using MPI with #ranks: 16 
Sat Sep 28 01:59:56, Info:  Node-wide (shared memory) MPI with #ranks/node: 1 
Sat Sep 28 01:59:56, Info:  Using asynchronous MPI routines. 
Sat Sep 28 01:59:56, Info:  Using OMP with #threads/rank: 94 
Sat Sep 28 01:59:56, Info:  OpenMP worker affinity (this process): "0123456789|0123456789|0123456789|0123456789|0123456-89|0123456789|0123456789|0123456789|0123456789|01234-" 
Sat Sep 28 01:59:56, Info:  OpenMP worker affinity (this node)   : "0123456789|0123456789|0123456789|0123456789|0123456-89|0123456789|0123456789|0123456789|0123456789|01234-" 
Sat Sep 28 01:59:56, Info:  Using a communication thread for advancing MPI communication. 
Sat Sep 28 01:59:56, Info:  Communication thread affinity        : "----------|----------|----------|----------|-------7--|----------|----------|----------|----------|-----5" 
Sat Sep 28 01:59:56, Info:  The stack size ulimit is 2097152 [kiB] ( = 2.0000 GiB ). 
Sat Sep 28 01:59:56, Info:  Begin init mesh. 
Sat Sep 28 01:59:56, Info:  Mesh file: "/dss/dsshome1/01/di35poq/mesh/mesh_v07/Haiti_v07_lowres" 
Sat Sep 28 01:59:56, Info:  Running mini SeisSol to determine node weights. 
Sat Sep 28 01:59:56, Info:  miniSeisSol configured with 50000 elements and 10 repeats per process 
Sat Sep 28 01:59:56, Info:  Node weights: mean = 41.1714  std = 0.9359  min = 37.8473  median = 41.4328  max = 41.9179 
Sat Sep 28 01:59:56, Info:  Reading PUML mesh 
Sat Sep 28 01:59:56, Info:  Inferring boundary format. 
Sat Sep 28 01:59:56, Info:  Boundary format not given in PUML file; inferring from array shape. 
Sat Sep 28 01:59:56, Info:  Using boundary format: i32 (4xi8) 
Sat Sep 28 01:59:56, Info:  Found 2685422 cells 
Sat Sep 28 01:59:56, Info:  Found 477078 vertices 
Sat Sep 28 01:59:58, Info:  Computing LTS weights. 
Sat Sep 28 02:00:00, Info:  Limiting number of clusters to 2147483646 
Sat Sep 28 02:00:00, Info:  Computing LTS weights. Done.  (108216 reductions.)
Sat Sep 28 02:00:00, Info:  Using the Parmetis partition library and strategy. 
Sat Sep 28 02:00:06, Info:  PUML mesh read in: 7.6954 s (min: 7.6313 s, max: 7.8532 s)
Sat Sep 28 02:00:06, Info:  The mesh has been read. Starting post processing. 
Sat Sep 28 02:00:06, Info:  Extracting fault information. 
Sat Sep 28 02:00:06, Info:  Exchanging ghostlayer metadata. 
Sat Sep 28 02:00:08, Info:  Mesh initialized in: 11.7890 s (min: 11.7888 s, max: 11.7893 s)
Sat Sep 28 02:00:08, Info:  End init mesh. 
Sat Sep 28 02:00:08, Info:  Begin init model. 
Sat Sep 28 02:00:08, Info:  Initialize LTS. 
Sat Sep 28 02:00:08, Info:  Deriving clusters ids for min. time step width / multiRate: 0.000213316 / 2 
Sat Sep 28 02:00:08, Info:  Due to wiggle factor of 1 the minimum timestep size is reduced to 0.000213316 
Sat Sep 28 02:00:08, Info:  Number of elements in time clusters: 
Sat Sep 28 02:00:08, Info:  0: 2088 
Sat Sep 28 02:00:08, Info:  1: 265401 
Sat Sep 28 02:00:08, Info:  2: 1618976 
Sat Sep 28 02:00:08, Info:  3: 538212 
Sat Sep 28 02:00:08, Info:  4: 147352 
Sat Sep 28 02:00:08, Info:  5: 35652 
Sat Sep 28 02:00:08, Info:  6: 11329 
Sat Sep 28 02:00:08, Info:  7: 18592 
Sat Sep 28 02:00:08, Info:  8: 47781 
Sat Sep 28 02:00:08, Info:  9: 39 
Sat Sep 28 02:00:08, Info:  maximum theoretical speedup (compared to GTS): 6.4313 per cell LTS, 4.34786 with the used clustering. 
Sat Sep 28 02:00:08, Info:  Number of elements in dynamic rupture time clusters: 
Sat Sep 28 02:00:08, Info:  0 (dr): 618 
Sat Sep 28 02:00:08, Info:  1 (dr): 78815 
Sat Sep 28 02:00:08, Info:  2 (dr): 309953 
Sat Sep 28 02:00:08, Info:  3 (dr): 2512 
Sat Sep 28 02:00:08, Info:  4 (dr): 0 
Sat Sep 28 02:00:08, Info:  5 (dr): 0 
Sat Sep 28 02:00:08, Info:  6 (dr): 0 
Sat Sep 28 02:00:08, Info:  7 (dr): 0 
Sat Sep 28 02:00:08, Info:  8 (dr): 0 
Sat Sep 28 02:00:08, Info:  9 (dr): 0 
Sat Sep 28 02:00:08, Info:  Initialize Friction Model 
Sat Sep 28 02:00:09, Info:  Initialize cell material parameters. 
Sat Sep 28 02:00:10, Info:  Initialize Memory layout. 
Sat Sep 28 02:00:11, Info:  Initialize cell-local matrices. 
Sat Sep 28 02:00:11, Info:  Initializing Fault, using a quadrature rule with  25  points. 
Sat Sep 28 02:02:53, Info:  Model initialized in: 2 min 45.4500 s (min: 2 min 45.4480 s, max: 2 min 45.4532 s)
Sat Sep 28 02:02:53, Info:  End init model. 
Sat Sep 28 02:02:53, Info:  Setting initial conditions. 
Sat Sep 28 02:02:53, Info:  Using initial condition "Zero" . 
Sat Sep 28 02:02:53, Info:  Reading source. 
Sat Sep 28 02:02:53, Info:  No source term specified. 
Sat Sep 28 02:02:53, Info:  Setting up boundary conditions. 
Sat Sep 28 02:02:53, Info:  Begin init output. 
Sat Sep 28 02:02:53, Info:  Initializing free surface integrator. 
Sat Sep 28 02:02:53, Info:  Initializing free surface integrator. Done. 
Sat Sep 28 02:02:53, Info:  Enabling 2D fault output 
Sat Sep 28 02:02:53, Info:  Initializing Fault output. Number of sub-triangles: 4 
Sat Sep 28 02:02:53, Info:  Initializing XDMF fault output. 
Sat Sep 28 02:02:53, Info:  Fault writer thread affinity: "----------|----------|----------|----------|-------7--|----------|----------|----------|----------|-----5" 
Sat Sep 28 02:02:53, Info:  Initializing XDMF fault output. Done. 
Sat Sep 28 02:02:53, Info:  Wave field writer thread affinity: "----------|----------|----------|----------|-------7--|----------|----------|----------|----------|-----5" 
Sat Sep 28 02:02:53, Info:  Initializing XDMF wave field output. 
Sat Sep 28 02:02:53, Info:  Refinement is turned off. 
Sat Sep 28 02:02:53, Info:  Refinement class initialized 
Sat Sep 28 02:02:53, Info:  VariableSubsampler initialized 
Sat Sep 28 02:02:54, Info:  High order output initialized 
Sat Sep 28 02:02:54, Info:  Initializing XDMF wave field output. Done. 
Sat Sep 28 02:02:54, Info:  Initializing free surface output. 
Sat Sep 28 02:02:54, Info:  Free surface writer thread affinity: "----------|----------|----------|----------|-------7--|----------|----------|----------|----------|-----5" 
Sat Sep 28 02:02:54, Info:  No record points read. 
Sat Sep 28 02:02:54, Info:  Finding meshIds for receivers... 
Sat Sep 28 02:02:54, Info:  Cleaning possible double occurring receivers for MPI... 
Sat Sep 28 02:02:54, Info:  Mapping receivers to LTS cells... 
Sat Sep 28 02:02:54, Info:  Initializing energy output. 
Sat Sep 28 02:02:54, Info:  End init output. 
Sat Sep 28 02:02:54, Info:  Initializing free surface output. Done. 
Sat Sep 28 02:02:54, Info:  Finishing initialization... 
Sat Sep 28 02:02:54, Info:  Starting simulation. 
Sat Sep 28 02:02:54, Info:  Writing faultoutput at time 0.
Sat Sep 28 02:02:54, Info:  Writing faultoutput at time 0. Done.
Sat Sep 28 02:02:54, Info:  Waiting for last wave field. 
Sat Sep 28 02:02:54, Info:  Writing wave field at time 0.
Sat Sep 28 02:02:54, Info:  Writing wave field at time 0. Done.
Sat Sep 28 02:02:54, Info:  Writing free surface at time 0.
Sat Sep 28 02:02:54, Info:  Writing free surface at time 0. Done.
Sat Sep 28 02:02:54, Info:  Writing energy output at time 0 
Sat Sep 28 02:02:54, Info:  Total momentum (X, Y, Z): 0  , 0  , 0 
Sat Sep 28 02:02:54, Info:  Writing energy output at time 0 Done. 
Sat Sep 28 02:02:54, Info:  Time spent for initial IO: 59.4538 ms (min: 48.7791 ms, max: 76.6955 ms)
Sat Sep 28 02:03:21, Info:  Writing faultoutput at time 0.5.
Sat Sep 28 02:03:21, Info:  Writing faultoutput at time 0.5. Done.
Sat Sep 28 02:03:21, Info:  Writing energy output at time 0.5 
Sat Sep 28 02:03:21, Info:  Elastic energy (total, % kinematic, % potential):  1.34089e+12  , 24.8953  , 75.1047 
Sat Sep 28 02:03:21, Info:  Total momentum (X, Y, Z): -0.00742722  , 0.00106049  , 0.00168896 
Sat Sep 28 02:03:21, Info:  Frictional work (total, % static, % radiated):  1.35674e+12  , 72.8795  , 27.1205 
Sat Sep 28 02:03:21, Info:  Seismic moment (without plasticity): 1.65144e+16  Mw: 4.74191 
Sat Sep 28 02:03:21, Info:  Writing energy output at time 0.5 Done. 
Sat Sep 28 02:03:21, Info:  Time spent this phase (total): 26.9393 s (min: 26.9059 s, max: 26.9691 s)
Sat Sep 28 02:03:21, Info:  Time spent this phase (compute): 26.8798 s (min: 26.8546 s, max: 26.9014 s)
Sat Sep 28 02:03:21, Info:  Time spent this phase (IO): 50.8881 ms (min: 40.7022 ms, max: 82.0034 ms)
Sat Sep 28 02:03:21, Info:  Performance since the start: 9.3425 TFLOP/s (rank 0: 578.4106 GFLOP/s , average over ranks: 583.9065 GFLOP/s ) 
Sat Sep 28 02:03:21, Info:  Performance since last sync point: 9.3425 TFLOP/s (rank 0: 578.4106 GFLOP/s , average over ranks: 583.9065 GFLOP/s ) 
Sat Sep 28 02:03:48, Info:  Writing faultoutput at time 1.
Sat Sep 28 02:03:48, Info:  Writing faultoutput at time 1. Done.
Sat Sep 28 02:03:48, Info:  Writing free surface at time 1.
Sat Sep 28 02:03:48, Info:  Writing free surface at time 1. Done.
Sat Sep 28 02:03:48, Info:  Writing energy output at time 1 
Sat Sep 28 02:03:48, Info:  Elastic energy (total, % kinematic, % potential):  1.02002e+13  , 23.9796  , 76.0204 
Sat Sep 28 02:03:48, Info:  Total momentum (X, Y, Z): 0.375488  , 0.469238  , -0.260254 
Sat Sep 28 02:03:48, Info:  Frictional work (total, % static, % radiated):  1.05549e+13  , 72.3299  , 27.6701 
Sat Sep 28 02:03:48, Info:  Seismic moment (without plasticity): 1.22896e+17  Mw: 5.32303 
Sat Sep 28 02:03:48, Info:  Writing energy output at time 1 Done. 
Sat Sep 28 02:03:48, Info:  Time spent this phase (total): 26.7776 s (min: 26.7292 s, max: 26.8004 s)
Sat Sep 28 02:03:48, Info:  Time spent this phase (compute): 26.7775 s (min: 26.7291 s, max: 26.8003 s)
Sat Sep 28 02:03:48, Info:  Time spent this phase (IO): 52.3885 ms (min: 40.8451 ms, max: 77.9755 ms)
Sat Sep 28 02:03:48, Info:  Performance since the start: 9.3707 TFLOP/s (rank 0: 580.5176 GFLOP/s , average over ranks: 585.6659 GFLOP/s ) 
Sat Sep 28 02:03:48, Info:  Performance since last sync point: 9.3990 TFLOP/s (rank 0: 582.6401 GFLOP/s , average over ranks: 587.4364 GFLOP/s ) 
Sat Sep 28 02:04:14, Info:  Writing faultoutput at time 1.5.
Sat Sep 28 02:04:14, Info:  Writing faultoutput at time 1.5. Done.
Sat Sep 28 02:04:14, Info:  Writing energy output at time 1.5 
Sat Sep 28 02:04:14, Info:  Elastic energy (total, % kinematic, % potential):  3.11316e+13  , 22.8008  , 77.1992 
Sat Sep 28 02:04:14, Info:  Total momentum (X, Y, Z): -0.232422  , -0.162109  , -0.129395 
Sat Sep 28 02:04:14, Info:  Frictional work (total, % static, % radiated):  3.22354e+13  , 73.41  , 26.59 
Sat Sep 28 02:04:14, Info:  Seismic moment (without plasticity): 3.85164e+17  Mw: 5.65376 
Sat Sep 28 02:04:14, Info:  Writing energy output at time 1.5 Done. 
Sat Sep 28 02:04:14, Info:  Time spent this phase (total): 26.6710 s (min: 26.6521 s, max: 26.6854 s)
Sat Sep 28 02:04:14, Info:  Time spent this phase (compute): 26.6709 s (min: 26.6521 s, max: 26.6853 s)
Sat Sep 28 02:04:14, Info:  Time spent this phase (IO): 50.1500 ms (min: 40.6831 ms, max: 93.3226 ms)
Sat Sep 28 02:04:14, Info:  Performance since the start: 9.3925 TFLOP/s (rank 0: 581.9370 GFLOP/s , average over ranks: 587.0316 GFLOP/s ) 
Sat Sep 28 02:04:14, Info:  Performance since last sync point: 9.4365 TFLOP/s (rank 0: 584.7965 GFLOP/s , average over ranks: 589.7824 GFLOP/s ) 
Sat Sep 28 02:04:41, Info:  Writing faultoutput at time 2.
Sat Sep 28 02:04:41, Info:  Writing faultoutput at time 2. Done.
Sat Sep 28 02:04:41, Info:  Writing free surface at time 2.
Sat Sep 28 02:04:41, Info:  Writing free surface at time 2. Done.
Sat Sep 28 02:04:41, Info:  Writing energy output at time 2 
Sat Sep 28 02:04:41, Info:  Elastic energy (total, % kinematic, % potential):  6.47437e+13  , 21.0739  , 78.9261 
Sat Sep 28 02:04:41, Info:  Total momentum (X, Y, Z): -0.566406  , -0.101562  , -0.463867 
Sat Sep 28 02:04:41, Info:  Frictional work (total, % static, % radiated):  6.69555e+13  , 74.7813  , 25.2187 
Sat Sep 28 02:04:41, Info:  Seismic moment (without plasticity): 8.28014e+17  Mw: 5.87536 
Sat Sep 28 02:04:41, Info:  Writing energy output at time 2 Done. 
Sat Sep 28 02:04:41, Info:  Time spent this phase (total): 26.6566 s (min: 26.6415 s, max: 26.6736 s)
Sat Sep 28 02:04:41, Info:  Time spent this phase (compute): 26.6565 s (min: 26.6414 s, max: 26.6735 s)
Sat Sep 28 02:04:41, Info:  Time spent this phase (IO): 53.0620 ms (min: 40.7179 ms, max: 76.9436 ms)
Sat Sep 28 02:04:41, Info:  Performance since the start: 9.4047 TFLOP/s (rank 0: 582.7773 GFLOP/s , average over ranks: 587.7961 GFLOP/s ) 
Sat Sep 28 02:04:41, Info:  Performance since last sync point: 9.4416 TFLOP/s (rank 0: 585.3130 GFLOP/s , average over ranks: 590.1018 GFLOP/s ) 
Sat Sep 28 02:05:08, Info:  Writing faultoutput at time 2.5.
Sat Sep 28 02:05:08, Info:  Writing faultoutput at time 2.5. Done.
Sat Sep 28 02:05:08, Info:  Writing energy output at time 2.5 
Sat Sep 28 02:05:08, Info:  Elastic energy (total, % kinematic, % potential):  1.07945e+14  , 19.1543  , 80.8457 
Sat Sep 28 02:05:08, Info:  Total momentum (X, Y, Z): -9.03906  , -4.33594  , 9.79395 
Sat Sep 28 02:05:08, Info:  Frictional work (total, % static, % radiated):  1.11299e+14  , 76.3591  , 23.6409 
Sat Sep 28 02:05:08, Info:  Seismic moment (without plasticity): 1.43353e+18  Mw: 6.03427 
Sat Sep 28 02:05:08, Info:  Writing energy output at time 2.5 Done. 
Sat Sep 28 02:05:08, Info:  Time spent this phase (total): 26.7490 s (min: 26.7222 s, max: 26.7976 s)
Sat Sep 28 02:05:08, Info:  Time spent this phase (compute): 26.7489 s (min: 26.7222 s, max: 26.7975 s)
Sat Sep 28 02:05:08, Info:  Time spent this phase (IO): 55.4013 ms (min: 39.4689 ms, max: 123.0510 ms)
Sat Sep 28 02:05:08, Info:  Performance since the start: 9.4056 TFLOP/s (rank 0: 582.6832 GFLOP/s , average over ranks: 587.8495 GFLOP/s ) 
Sat Sep 28 02:05:08, Info:  Performance since last sync point: 9.4090 TFLOP/s (rank 0: 582.3069 GFLOP/s , average over ranks: 588.0636 GFLOP/s ) 
Sat Sep 28 02:05:34, Info:  Writing faultoutput at time 3.
Sat Sep 28 02:05:34, Info:  Writing faultoutput at time 3. Done.
Sat Sep 28 02:05:34, Info:  Writing free surface at time 3.
Sat Sep 28 02:05:34, Info:  Writing free surface at time 3. Done.
Sat Sep 28 02:05:34, Info:  Writing energy output at time 3 
Sat Sep 28 02:05:34, Info:  Elastic energy (total, % kinematic, % potential):  1.59258e+14  , 18.2374  , 81.7626 
Sat Sep 28 02:05:34, Info:  Total momentum (X, Y, Z): -24.6172  , -11.9453  , 28.9297 
Sat Sep 28 02:05:34, Info:  Frictional work (total, % static, % radiated):  1.63878e+14  , 77.4401  , 22.5599 
Sat Sep 28 02:05:34, Info:  Seismic moment (without plasticity): 2.20286e+18  Mw: 6.15866 
Sat Sep 28 02:05:34, Info:  Writing energy output at time 3 Done. 
Sat Sep 28 02:05:34, Info:  Time spent this phase (total): 26.6875 s (min: 26.6344 s, max: 26.7463 s)
Sat Sep 28 02:05:34, Info:  Time spent this phase (compute): 26.6874 s (min: 26.6343 s, max: 26.7463 s)
Sat Sep 28 02:05:34, Info:  Time spent this phase (IO): 52.0570 ms (min: 40.8712 ms, max: 78.3888 ms)
Sat Sep 28 02:05:34, Info:  Performance since the start: 9.4098 TFLOP/s (rank 0: 583.1515 GFLOP/s , average over ranks: 588.1096 GFLOP/s ) 
Sat Sep 28 02:05:34, Info:  Performance since last sync point: 9.4306 TFLOP/s (rank 0: 585.5043 GFLOP/s , average over ranks: 589.4145 GFLOP/s ) 
Sat Sep 28 02:06:01, Info:  Writing faultoutput at time 3.5.
Sat Sep 28 02:06:01, Info:  Writing faultoutput at time 3.5. Done.
Sat Sep 28 02:06:01, Info:  Writing energy output at time 3.5 
Sat Sep 28 02:06:01, Info:  Elastic energy (total, % kinematic, % potential):  2.19412e+14  , 17.9522  , 82.0478 
Sat Sep 28 02:06:01, Info:  Total momentum (X, Y, Z): -45.1641  , -23.375  , 52.0703 
Sat Sep 28 02:06:01, Info:  Frictional work (total, % static, % radiated):  2.25706e+14  , 77.6396  , 22.3604 
Sat Sep 28 02:06:01, Info:  Seismic moment (without plasticity): 3.14828e+18  Mw: 6.26205 
Sat Sep 28 02:06:01, Info:  Writing energy output at time 3.5 Done. 
Sat Sep 28 02:06:01, Info:  Time spent this phase (total): 26.5900 s (min: 26.5686 s, max: 26.5967 s)
Sat Sep 28 02:06:01, Info:  Time spent this phase (compute): 26.5899 s (min: 26.5685 s, max: 26.5967 s)
Sat Sep 28 02:06:01, Info:  Time spent this phase (IO): 49.2709 ms (min: 40.7162 ms, max: 77.7702 ms)
Sat Sep 28 02:06:01, Info:  Performance since the start: 9.4176 TFLOP/s (rank 0: 583.6525 GFLOP/s , average over ranks: 588.6026 GFLOP/s ) 
Sat Sep 28 02:06:01, Info:  Performance since last sync point: 9.4652 TFLOP/s (rank 0: 586.6767 GFLOP/s , average over ranks: 591.5779 GFLOP/s ) 
Sat Sep 28 02:06:28, Info:  Writing faultoutput at time 4.
Sat Sep 28 02:06:28, Info:  Writing faultoutput at time 4. Done.
Sat Sep 28 02:06:28, Info:  Writing free surface at time 4.
Sat Sep 28 02:06:28, Info:  Writing free surface at time 4. Done.
Sat Sep 28 02:06:28, Info:  Writing energy output at time 4 
Sat Sep 28 02:06:28, Info:  Elastic energy (total, % kinematic, % potential):  2.87736e+14  , 17.9884  , 82.0116 
Sat Sep 28 02:06:28, Info:  Total momentum (X, Y, Z): -74.3281  , -37.25  , 92.709 
Sat Sep 28 02:06:28, Info:  Frictional work (total, % static, % radiated):  2.96168e+14  , 77.2908  , 22.7092 
Sat Sep 28 02:06:28, Info:  Seismic moment (without plasticity): 4.2696e+18  Mw: 6.35026 
Sat Sep 28 02:06:28, Info:  Writing energy output at time 4 Done. 
Sat Sep 28 02:06:28, Info:  Time spent this phase (total): 26.9907 s (min: 26.9733 s, max: 27.0108 s)
Sat Sep 28 02:06:28, Info:  Time spent this phase (compute): 26.9906 s (min: 26.9733 s, max: 27.0107 s)
Sat Sep 28 02:06:28, Info:  Time spent this phase (IO): 52.5349 ms (min: 40.8382 ms, max: 77.8831 ms)
Sat Sep 28 02:06:28, Info:  Performance since the start: 9.4059 TFLOP/s (rank 0: 582.9339 GFLOP/s , average over ranks: 587.8707 GFLOP/s ) 
Sat Sep 28 02:06:28, Info:  Performance since last sync point: 9.3248 TFLOP/s (rank 0: 577.9529 GFLOP/s , average over ranks: 582.7986 GFLOP/s ) 
Sat Sep 28 02:06:54, Info:  Writing faultoutput at time 4.5.
Sat Sep 28 02:06:54, Info:  Writing faultoutput at time 4.5. Done.
Sat Sep 28 02:06:54, Info:  Writing energy output at time 4.5 
Sat Sep 28 02:06:55, Info:  Elastic energy (total, % kinematic, % potential):  3.64726e+14  , 18.0483  , 81.9517 
Sat Sep 28 02:06:55, Info:  Total momentum (X, Y, Z): -60.6406  , 5.46875  , 109.697 
Sat Sep 28 02:06:55, Info:  Frictional work (total, % static, % radiated):  3.75932e+14  , 76.6854  , 23.3146 
Sat Sep 28 02:06:55, Info:  Seismic moment (without plasticity): 5.57339e+18  Mw: 6.42741 
Sat Sep 28 02:06:55, Info:  Writing energy output at time 4.5 Done. 
Sat Sep 28 02:06:55, Info:  Time spent this phase (total): 26.5394 s (min: 26.5236 s, max: 26.5495 s)
Sat Sep 28 02:06:55, Info:  Time spent this phase (compute): 26.5393 s (min: 26.5235 s, max: 26.5494 s)
Sat Sep 28 02:06:55, Info:  Time spent this phase (IO): 49.9817 ms (min: 40.6949 ms, max: 83.3754 ms)
Sat Sep 28 02:06:55, Info:  Performance since the start: 9.4145 TFLOP/s (rank 0: 583.4554 GFLOP/s , average over ranks: 588.4043 GFLOP/s ) 
Sat Sep 28 02:06:55, Info:  Performance since last sync point: 9.4833 TFLOP/s (rank 0: 587.6613 GFLOP/s , average over ranks: 592.7076 GFLOP/s ) 
Sat Sep 28 02:07:21, Info:  Writing faultoutput at time 5.
Sat Sep 28 02:07:21, Info:  Writing faultoutput at time 5. Done.
Sat Sep 28 02:07:21, Info:  Writing free surface at time 5.
Sat Sep 28 02:07:21, Info:  Writing free surface at time 5. Done.
Sat Sep 28 02:07:21, Info:  Writing energy output at time 5 
Sat Sep 28 02:07:21, Info:  Elastic energy (total, % kinematic, % potential):  4.49709e+14  , 18.1978  , 81.8022 
Sat Sep 28 02:07:21, Info:  Total momentum (X, Y, Z): -51.9844  , 105.625  , -120.982 
Sat Sep 28 02:07:21, Info:  Frictional work (total, % static, % radiated):  4.63951e+14  , 76.182  , 23.818 
Sat Sep 28 02:07:21, Info:  Seismic moment (without plasticity): 7.08956e+18  Mw: 6.49708 
Sat Sep 28 02:07:21, Info:  Writing energy output at time 5 Done. 
Sat Sep 28 02:07:21, Info:  Time spent this phase (total): 26.6838 s (min: 26.6524 s, max: 26.7237 s)
Sat Sep 28 02:07:21, Info:  Time spent this phase (compute): 26.6837 s (min: 26.6523 s, max: 26.7236 s)
Sat Sep 28 02:07:21, Info:  Time spent this phase (IO): 54.8438 ms (min: 40.8063 ms, max: 86.4243 ms)
Sat Sep 28 02:07:21, Info:  Performance since the start: 9.4162 TFLOP/s (rank 0: 583.5217 GFLOP/s , average over ranks: 588.5141 GFLOP/s ) 
Sat Sep 28 02:07:21, Info:  Performance since last sync point: 9.4321 TFLOP/s (rank 0: 584.1192 GFLOP/s , average over ranks: 589.5046 GFLOP/s ) 
Sat Sep 28 02:07:48, Info:  Writing faultoutput at time 5.5.
Sat Sep 28 02:07:48, Info:  Writing faultoutput at time 5.5. Done.
Sat Sep 28 02:07:48, Info:  Writing energy output at time 5.5 
Sat Sep 28 02:07:48, Info:  Elastic energy (total, % kinematic, % potential):  5.44227e+14  , 18.2858  , 81.7142 
Sat Sep 28 02:07:48, Info:  Total momentum (X, Y, Z): 164.297  , -12.6875  , 661.746 
Sat Sep 28 02:07:48, Info:  Frictional work (total, % static, % radiated):  5.61885e+14  , 75.7704  , 24.2296 
Sat Sep 28 02:07:48, Info:  Seismic moment (without plasticity): 8.86273e+18  Mw: 6.56171 
Sat Sep 28 02:07:48, Info:  Writing energy output at time 5.5 Done. 
Sat Sep 28 02:07:48, Info:  Time spent this phase (total): 26.8030 s (min: 26.7676 s, max: 26.8215 s)
Sat Sep 28 02:07:48, Info:  Time spent this phase (compute): 26.8029 s (min: 26.7676 s, max: 26.8215 s)
Sat Sep 28 02:07:48, Info:  Time spent this phase (IO): 48.5863 ms (min: 40.7205 ms, max: 77.5224 ms)
Sat Sep 28 02:07:48, Info:  Performance since the start: 9.4138 TFLOP/s (rank 0: 583.4318 GFLOP/s , average over ranks: 588.3647 GFLOP/s ) 
Sat Sep 28 02:07:48, Info:  Performance since last sync point: 9.3900 TFLOP/s (rank 0: 582.5344 GFLOP/s , average over ranks: 586.8753 GFLOP/s ) 
Sat Sep 28 02:08:15, Info:  Writing faultoutput at time 6.
Sat Sep 28 02:08:15, Info:  Writing faultoutput at time 6. Done.
Sat Sep 28 02:08:15, Info:  Writing free surface at time 6.
Sat Sep 28 02:08:15, Info:  Writing free surface at time 6. Done.
Sat Sep 28 02:08:15, Info:  Writing energy output at time 6 
Sat Sep 28 02:08:15, Info:  Elastic energy (total, % kinematic, % potential):  6.47168e+14  , 18.244  , 81.756 
Sat Sep 28 02:08:15, Info:  Total momentum (X, Y, Z): -507.125  , 741.75  , -162.869 
Sat Sep 28 02:08:15, Info:  Frictional work (total, % static, % radiated):  6.68757e+14  , 75.3577  , 24.6423 
Sat Sep 28 02:08:15, Info:  Seismic moment (without plasticity): 1.08832e+19  Mw: 6.62117 
Sat Sep 28 02:08:15, Info:  Writing energy output at time 6 Done. 
Sat Sep 28 02:08:15, Info:  Time spent this phase (total): 26.6267 s (min: 26.6191 s, max: 26.6416 s)
Sat Sep 28 02:08:15, Info:  Time spent this phase (compute): 26.6266 s (min: 26.6191 s, max: 26.6416 s)
Sat Sep 28 02:08:15, Info:  Time spent this phase (IO): 52.4569 ms (min: 40.7848 ms, max: 78.9393 ms)
Sat Sep 28 02:08:15, Info:  Performance since the start: 9.4170 TFLOP/s (rank 0: 583.6296 GFLOP/s , average over ranks: 588.5639 GFLOP/s ) 
Sat Sep 28 02:08:15, Info:  Performance since last sync point: 9.4522 TFLOP/s (rank 0: 585.8146 GFLOP/s , average over ranks: 590.7646 GFLOP/s ) 
Sat Sep 28 02:08:41, Info:  Writing faultoutput at time 6.5.
Sat Sep 28 02:08:41, Info:  Writing faultoutput at time 6.5. Done.
Sat Sep 28 02:08:41, Info:  Writing energy output at time 6.5 
Sat Sep 28 02:08:41, Info:  Elastic energy (total, % kinematic, % potential):  7.59853e+14  , 18.3367  , 81.6633 
Sat Sep 28 02:08:41, Info:  Total momentum (X, Y, Z): 2246.36  , -1165.12  , -6553.92 
Sat Sep 28 02:08:41, Info:  Frictional work (total, % static, % radiated):  7.8568e+14  , 75.0546  , 24.9454 
Sat Sep 28 02:08:41, Info:  Seismic moment (without plasticity): 1.31889e+19  Mw: 6.67681 
Sat Sep 28 02:08:41, Info:  Writing energy output at time 6.5 Done. 
Sat Sep 28 02:08:41, Info:  Time spent this phase (total): 26.6729 s (min: 26.6525 s, max: 26.6971 s)
Sat Sep 28 02:08:41, Info:  Time spent this phase (compute): 26.6728 s (min: 26.6524 s, max: 26.6971 s)
Sat Sep 28 02:08:41, Info:  Time spent this phase (IO): 47.3944 ms (min: 39.6001 ms, max: 56.0347 ms)
Sat Sep 28 02:08:41, Info:  Performance since the start: 9.4185 TFLOP/s (rank 0: 583.7295 GFLOP/s , average over ranks: 588.6543 GFLOP/s ) 
Sat Sep 28 02:08:41, Info:  Performance since last sync point: 9.4358 TFLOP/s (rank 0: 584.9298 GFLOP/s , average over ranks: 589.7406 GFLOP/s ) 
Sat Sep 28 02:09:08, Info:  Writing faultoutput at time 7.
Sat Sep 28 02:09:08, Info:  Writing faultoutput at time 7. Done.
Sat Sep 28 02:09:08, Info:  Writing free surface at time 7.
Sat Sep 28 02:09:08, Info:  Writing free surface at time 7. Done.
Sat Sep 28 02:09:08, Info:  Writing energy output at time 7 
Sat Sep 28 02:09:08, Info:  Elastic energy (total, % kinematic, % potential):  8.87427e+14  , 18.5781  , 81.4219 
Sat Sep 28 02:09:08, Info:  Total momentum (X, Y, Z): -7216.61  , 5037.5  , 31230.6 
Sat Sep 28 02:09:08, Info:  Frictional work (total, % static, % radiated):  9.18223e+14  , 74.7788  , 25.2212 
Sat Sep 28 02:09:08, Info:  Seismic moment (without plasticity): 1.5857e+19  Mw: 6.73015 
Sat Sep 28 02:09:08, Info:  Writing energy output at time 7 Done. 
Sat Sep 28 02:09:08, Info:  Time spent this phase (total): 26.6109 s (min: 26.5861 s, max: 26.6393 s)
Sat Sep 28 02:09:08, Info:  Time spent this phase (compute): 26.6108 s (min: 26.5860 s, max: 26.6392 s)
Sat Sep 28 02:09:08, Info:  Time spent this phase (IO): 54.1535 ms (min: 40.8624 ms, max: 82.1775 ms)
Sat Sep 28 02:09:08, Info:  Performance since the start: 9.4213 TFLOP/s (rank 0: 583.8857 GFLOP/s , average over ranks: 588.8293 GFLOP/s ) 
Sat Sep 28 02:09:08, Info:  Performance since last sync point: 9.4578 TFLOP/s (rank 0: 585.9242 GFLOP/s , average over ranks: 591.1142 GFLOP/s ) 
Sat Sep 28 02:09:34, Info:  Writing faultoutput at time 7.5.
Sat Sep 28 02:09:34, Info:  Writing faultoutput at time 7.5. Done.
Sat Sep 28 02:09:34, Info:  Writing energy output at time 7.5 
Sat Sep 28 02:09:35, Info:  Elastic energy (total, % kinematic, % potential):  1.02529e+15  , 18.3935  , 81.6065 
Sat Sep 28 02:09:35, Info:  Total momentum (X, Y, Z): 22720  , -16215.1  , -69416.3 
Sat Sep 28 02:09:35, Info:  Frictional work (total, % static, % radiated):  1.06126e+15  , 74.2202  , 25.7798 
Sat Sep 28 02:09:35, Info:  Seismic moment (without plasticity): 1.8704e+19  Mw: 6.77796 
Sat Sep 28 02:09:35, Info:  Writing energy output at time 7.5 Done. 
Sat Sep 28 02:09:35, Info:  Time spent this phase (total): 26.5910 s (min: 26.5578 s, max: 26.6492 s)
Sat Sep 28 02:09:35, Info:  Time spent this phase (compute): 26.5907 s (min: 26.5578 s, max: 26.6492 s)
Sat Sep 28 02:09:35, Info:  Time spent this phase (IO): 50.1322 ms (min: 40.6985 ms, max: 77.8727 ms)
Sat Sep 28 02:09:35, Info:  Performance since the start: 9.4242 TFLOP/s (rank 0: 584.0763 GFLOP/s , average over ranks: 589.0100 GFLOP/s ) 
Sat Sep 28 02:09:35, Info:  Performance since last sync point: 9.4648 TFLOP/s (rank 0: 586.7577 GFLOP/s , average over ranks: 591.5521 GFLOP/s ) 
Sat Sep 28 02:10:01, Info:  Writing faultoutput at time 8.
Sat Sep 28 02:10:01, Info:  Writing faultoutput at time 8. Done.
Sat Sep 28 02:10:01, Info:  Writing free surface at time 8.
Sat Sep 28 02:10:01, Info:  Writing free surface at time 8. Done.
Sat Sep 28 02:10:01, Info:  Writing energy output at time 8 
Sat Sep 28 02:10:01, Info:  Elastic energy (total, % kinematic, % potential):  1.17135e+15  , 18.1137  , 81.8863 
Sat Sep 28 02:10:01, Info:  Total momentum (X, Y, Z): -56342.4  , 50698.6  , -18502 
Sat Sep 28 02:10:01, Info:  Frictional work (total, % static, % radiated):  1.21257e+15  , 73.395  , 26.605 
Sat Sep 28 02:10:01, Info:  Seismic moment (without plasticity): 2.14923e+19  Mw: 6.81819 
Sat Sep 28 02:10:01, Info:  Writing energy output at time 8 Done. 
Sat Sep 28 02:10:01, Info:  Time spent this phase (total): 26.8326 s (min: 26.7972 s, max: 26.8626 s)
Sat Sep 28 02:10:01, Info:  Time spent this phase (compute): 26.8325 s (min: 26.7971 s, max: 26.8625 s)
Sat Sep 28 02:10:01, Info:  Time spent this phase (IO): 54.1452 ms (min: 40.9553 ms, max: 79.4648 ms)
Sat Sep 28 02:10:01, Info:  Performance since the start: 9.4214 TFLOP/s (rank 0: 583.9024 GFLOP/s , average over ranks: 588.8357 GFLOP/s ) 
Sat Sep 28 02:10:01, Info:  Performance since last sync point: 9.3797 TFLOP/s (rank 0: 581.3068 GFLOP/s , average over ranks: 586.2338 GFLOP/s ) 
Sat Sep 28 02:10:28, Info:  Writing faultoutput at time 8.5.
Sat Sep 28 02:10:28, Info:  Writing faultoutput at time 8.5. Done.
Sat Sep 28 02:10:28, Info:  Writing energy output at time 8.5 
Sat Sep 28 02:10:28, Info:  Elastic energy (total, % kinematic, % potential):  1.3183e+15  , 17.906  , 82.094 
Sat Sep 28 02:10:28, Info:  Total momentum (X, Y, Z): 109957  , -107811  , 793706 
Sat Sep 28 02:10:28, Info:  Frictional work (total, % static, % radiated):  1.36477e+15  , 72.7041  , 27.2959 
Sat Sep 28 02:10:28, Info:  Seismic moment (without plasticity): 2.42536e+19  Mw: 6.85318 
Sat Sep 28 02:10:28, Info:  Writing energy output at time 8.5 Done. 
Sat Sep 28 02:10:28, Info:  Time spent this phase (total): 26.8467 s (min: 26.8258 s, max: 26.8528 s)
Sat Sep 28 02:10:28, Info:  Time spent this phase (compute): 26.8466 s (min: 26.8258 s, max: 26.8527 s)
Sat Sep 28 02:10:28, Info:  Time spent this phase (IO): 49.4644 ms (min: 40.7636 ms, max: 77.6827 ms)
Sat Sep 28 02:10:28, Info:  Performance since the start: 9.4186 TFLOP/s (rank 0: 583.7411 GFLOP/s , average over ranks: 588.6635 GFLOP/s ) 
Sat Sep 28 02:10:28, Info:  Performance since last sync point: 9.3747 TFLOP/s (rank 0: 581.1715 GFLOP/s , average over ranks: 585.9217 GFLOP/s ) 
Sat Sep 28 02:10:55, Info:  Writing faultoutput at time 9.
Sat Sep 28 02:10:55, Info:  Writing faultoutput at time 9. Done.
Sat Sep 28 02:10:55, Info:  Writing free surface at time 9.
Sat Sep 28 02:10:55, Info:  Writing free surface at time 9. Done.
Sat Sep 28 02:10:55, Info:  Writing energy output at time 9 
Sat Sep 28 02:10:55, Info:  Elastic energy (total, % kinematic, % potential):  1.45948e+15  , 17.638  , 82.362 
Sat Sep 28 02:10:55, Info:  Total momentum (X, Y, Z): -139473  , 150004  , -3.67922e+06 
Sat Sep 28 02:10:55, Info:  Frictional work (total, % static, % radiated):  1.51089e+15  , 72.1991  , 27.8009 
Sat Sep 28 02:10:55, Info:  Seismic moment (without plasticity): 2.69823e+19  Mw: 6.88405 
Sat Sep 28 02:10:55, Info:  Writing energy output at time 9 Done. 
Sat Sep 28 02:10:55, Info:  Time spent this phase (total): 26.6479 s (min: 26.6392 s, max: 26.6681 s)
Sat Sep 28 02:10:55, Info:  Time spent this phase (compute): 26.6478 s (min: 26.6392 s, max: 26.6680 s)
Sat Sep 28 02:10:55, Info:  Time spent this phase (IO): 54.8563 ms (min: 40.9564 ms, max: 84.2405 ms)
Sat Sep 28 02:10:55, Info:  Performance since the start: 9.4201 TFLOP/s (rank 0: 583.8257 GFLOP/s , average over ranks: 588.7538 GFLOP/s ) 
Sat Sep 28 02:10:55, Info:  Performance since last sync point: 9.4447 TFLOP/s (rank 0: 585.2682 GFLOP/s , average over ranks: 590.2944 GFLOP/s ) 
Sat Sep 28 02:11:22, Info:  Writing faultoutput at time 9.5.
Sat Sep 28 02:11:22, Info:  Writing faultoutput at time 9.5. Done.
Sat Sep 28 02:11:22, Info:  Writing energy output at time 9.5 
Sat Sep 28 02:11:22, Info:  Elastic energy (total, % kinematic, % potential):  1.59192e+15  , 17.2578  , 82.7422 
Sat Sep 28 02:11:22, Info:  Total momentum (X, Y, Z): -6757  , -144044  , 1.07024e+07 
Sat Sep 28 02:11:22, Info:  Frictional work (total, % static, % radiated):  1.64808e+15  , 71.7601  , 28.2399 
Sat Sep 28 02:11:22, Info:  Seismic moment (without plasticity): 2.96631e+19  Mw: 6.91148 
Sat Sep 28 02:11:22, Info:  Writing energy output at time 9.5 Done. 
Sat Sep 28 02:11:22, Info:  Time spent this phase (total): 26.9353 s (min: 26.9181 s, max: 26.9767 s)
Sat Sep 28 02:11:22, Info:  Time spent this phase (compute): 26.9352 s (min: 26.9180 s, max: 26.9766 s)
Sat Sep 28 02:11:22, Info:  Time spent this phase (IO): 51.5202 ms (min: 40.7707 ms, max: 70.9239 ms)
Sat Sep 28 02:11:22, Info:  Performance since the start: 9.4160 TFLOP/s (rank 0: 583.5766 GFLOP/s , average over ranks: 588.5014 GFLOP/s ) 
Sat Sep 28 02:11:22, Info:  Performance since last sync point: 9.3439 TFLOP/s (rank 0: 579.1299 GFLOP/s , average over ranks: 583.9939 GFLOP/s ) 
Sat Sep 28 02:11:48, Info:  Writing faultoutput at time 10.
Sat Sep 28 02:11:48, Info:  Writing faultoutput at time 10. Done.
Sat Sep 28 02:11:48, Info:  Waiting for last wave field. 
Sat Sep 28 02:11:48, Info:  Writing wave field at time 10.
Sat Sep 28 02:11:48, Info:  Writing wave field at time 10. Done.
Sat Sep 28 02:11:48, Info:  Writing free surface at time 10.
Sat Sep 28 02:11:48, Info:  Writing free surface at time 10. Done.
Sat Sep 28 02:11:48, Info:  Wrote receivers in 8.55e-07 seconds. 
Sat Sep 28 02:11:48, Info:  Writing energy output at time 10 
Sat Sep 28 02:11:48, Info:  Elastic energy (total, % kinematic, % potential):  1.71579e+15  , 16.7566  , 83.2434 
Sat Sep 28 02:11:48, Info:  Total momentum (X, Y, Z): 834642  , 277884  , -1.89006e+07 
Sat Sep 28 02:11:48, Info:  Frictional work (total, % static, % radiated):  1.77658e+15  , 71.3905  , 28.6095 
Sat Sep 28 02:11:48, Info:  Seismic moment (without plasticity): 3.22823e+19  Mw: 6.93598 
Sat Sep 28 02:11:48, Info:  Writing energy output at time 10 Done. 
Sat Sep 28 02:11:48, Info:  Time spent this phase (total): 26.6883 s (min: 26.6452 s, max: 26.7041 s)
Sat Sep 28 02:11:48, Info:  Time spent this phase (compute): 26.6882 s (min: 26.6451 s, max: 26.7041 s)
Sat Sep 28 02:11:48, Info:  Time spent this phase (IO): 59.3843 ms (min: 46.7338 ms, max: 84.9799 ms)
Sat Sep 28 02:11:48, Info:  Performance since the start: 9.4167 TFLOP/s (rank 0: 583.6244 GFLOP/s , average over ranks: 588.5464 GFLOP/s ) 
Sat Sep 28 02:11:48, Info:  Performance since last sync point: 9.4304 TFLOP/s (rank 0: 584.5333 GFLOP/s , average over ranks: 589.4026 GFLOP/s ) 
Sat Sep 28 02:12:15, Info:  Writing faultoutput at time 10.5.
Sat Sep 28 02:12:15, Info:  Writing faultoutput at time 10.5. Done.
Sat Sep 28 02:12:15, Info:  Writing energy output at time 10.5 
Sat Sep 28 02:12:15, Info:  Elastic energy (total, % kinematic, % potential):  1.83234e+15  , 16.2183  , 83.7817 
Sat Sep 28 02:12:15, Info:  Total momentum (X, Y, Z): -3.27272e+06  , -178906  , -6.18899e+06 
Sat Sep 28 02:12:15, Info:  Frictional work (total, % static, % radiated):  1.89782e+15  , 71.0936  , 28.9064 
Sat Sep 28 02:12:15, Info:  Seismic moment (without plasticity): 3.4856e+19  Mw: 6.95818 
Sat Sep 28 02:12:15, Info:  Writing energy output at time 10.5 Done. 
Sat Sep 28 02:12:15, Info:  Time spent this phase (total): 26.7370 s (min: 26.7195 s, max: 26.7419 s)
Sat Sep 28 02:12:15, Info:  Time spent this phase (compute): 26.7369 s (min: 26.7194 s, max: 26.7418 s)
Sat Sep 28 02:12:15, Info:  Time spent this phase (IO): 49.6241 ms (min: 40.7603 ms, max: 77.9194 ms)
Sat Sep 28 02:12:15, Info:  Performance since the start: 9.4166 TFLOP/s (rank 0: 583.6193 GFLOP/s , average over ranks: 588.5359 GFLOP/s ) 
Sat Sep 28 02:12:15, Info:  Performance since last sync point: 9.4132 TFLOP/s (rank 0: 583.5165 GFLOP/s , average over ranks: 588.3271 GFLOP/s ) 
Sat Sep 28 02:12:42, Info:  Writing faultoutput at time 11.
Sat Sep 28 02:12:42, Info:  Writing faultoutput at time 11. Done.
Sat Sep 28 02:12:42, Info:  Writing free surface at time 11.
Sat Sep 28 02:12:42, Info:  Writing free surface at time 11. Done.
Sat Sep 28 02:12:42, Info:  Writing energy output at time 11 
Sat Sep 28 02:12:42, Info:  Elastic energy (total, % kinematic, % potential):  1.94092e+15  , 15.7245  , 84.2755 
Sat Sep 28 02:12:42, Info:  Total momentum (X, Y, Z): 6.68282e+06  , -4.23418e+06  , 1.67538e+08 
Sat Sep 28 02:12:42, Info:  Frictional work (total, % static, % radiated):  2.01093e+15  , 70.9026  , 29.0974 
Sat Sep 28 02:12:42, Info:  Seismic moment (without plasticity): 3.73909e+19  Mw: 6.97851 
Sat Sep 28 02:12:42, Info:  Writing energy output at time 11 Done. 
Sat Sep 28 02:12:42, Info:  Time spent this phase (total): 26.6885 s (min: 26.6824 s, max: 26.7072 s)
Sat Sep 28 02:12:42, Info:  Time spent this phase (compute): 26.6885 s (min: 26.6823 s, max: 26.7072 s)
Sat Sep 28 02:12:42, Info:  Time spent this phase (IO): 53.5991 ms (min: 40.8263 ms, max: 78.8460 ms)
Sat Sep 28 02:12:42, Info:  Performance since the start: 9.4172 TFLOP/s (rank 0: 583.6541 GFLOP/s , average over ranks: 588.5749 GFLOP/s ) 
Sat Sep 28 02:12:42, Info:  Performance since last sync point: 9.4303 TFLOP/s (rank 0: 584.3859 GFLOP/s , average over ranks: 589.3958 GFLOP/s ) 
Sat Sep 28 02:13:09, Info:  Writing faultoutput at time 11.5.
Sat Sep 28 02:13:09, Info:  Writing faultoutput at time 11.5. Done.
Sat Sep 28 02:13:09, Info:  Writing energy output at time 11.5 
Sat Sep 28 02:13:09, Info:  Elastic energy (total, % kinematic, % potential):  2.04266e+15  , 15.3187  , 84.6813 
Sat Sep 28 02:13:09, Info:  Total momentum (X, Y, Z): -2.54054e+06  , 1.91973e+07  , -4.63065e+08 
Sat Sep 28 02:13:09, Info:  Frictional work (total, % static, % radiated):  2.11726e+15  , 70.8242  , 29.1758 
Sat Sep 28 02:13:09, Info:  Seismic moment (without plasticity): 3.99471e+19  Mw: 6.99766 
Sat Sep 28 02:13:09, Info:  Writing energy output at time 11.5 Done. 
Sat Sep 28 02:13:09, Info:  Time spent this phase (total): 26.7726 s (min: 26.7505 s, max: 26.7873 s)
Sat Sep 28 02:13:09, Info:  Time spent this phase (compute): 26.7725 s (min: 26.7505 s, max: 26.7872 s)
Sat Sep 28 02:13:09, Info:  Time spent this phase (IO): 49.8122 ms (min: 39.7106 ms, max: 86.4505 ms)
Sat Sep 28 02:13:09, Info:  Performance since the start: 9.4165 TFLOP/s (rank 0: 583.6119 GFLOP/s , average over ranks: 588.5299 GFLOP/s ) 
Sat Sep 28 02:13:09, Info:  Performance since last sync point: 9.4007 TFLOP/s (rank 0: 582.6865 GFLOP/s , average over ranks: 587.5411 GFLOP/s ) 
Sat Sep 28 02:13:35, Info:  Writing faultoutput at time 12.
Sat Sep 28 02:13:35, Info:  Writing faultoutput at time 12. Done.
Sat Sep 28 02:13:35, Info:  Writing free surface at time 12.
Sat Sep 28 02:13:35, Info:  Writing free surface at time 12. Done.
Sat Sep 28 02:13:35, Info:  Writing energy output at time 12 
Sat Sep 28 02:13:35, Info:  Elastic energy (total, % kinematic, % potential):  2.1425e+15  , 14.9322  , 85.0678 
Sat Sep 28 02:13:35, Info:  Total momentum (X, Y, Z): -2.28524e+07  , -3.15147e+07  , 1.37488e+08 
Sat Sep 28 02:13:35, Info:  Frictional work (total, % static, % radiated):  2.22198e+15  , 70.7578  , 29.2422 
Sat Sep 28 02:13:35, Info:  Seismic moment (without plasticity): 4.25354e+19  Mw: 7.01583 
Sat Sep 28 02:13:35, Info:  Writing energy output at time 12 Done. 
Sat Sep 28 02:13:35, Info:  Time spent this phase (total): 26.6048 s (min: 26.5856 s, max: 26.6242 s)
Sat Sep 28 02:13:35, Info:  Time spent this phase (compute): 26.6048 s (min: 26.5855 s, max: 26.6241 s)
Sat Sep 28 02:13:35, Info:  Time spent this phase (IO): 51.5829 ms (min: 41.0154 ms, max: 73.0475 ms)
Sat Sep 28 02:13:35, Info:  Performance since the start: 9.4183 TFLOP/s (rank 0: 583.7257 GFLOP/s , average over ranks: 588.6428 GFLOP/s ) 
Sat Sep 28 02:13:35, Info:  Performance since last sync point: 9.4600 TFLOP/s (rank 0: 586.3541 GFLOP/s , average over ranks: 591.2512 GFLOP/s ) 
Sat Sep 28 02:14:02, Info:  Writing faultoutput at time 12.5.
Sat Sep 28 02:14:02, Info:  Writing faultoutput at time 12.5. Done.
Sat Sep 28 02:14:02, Info:  Writing energy output at time 12.5 
Sat Sep 28 02:14:02, Info:  Elastic energy (total, % kinematic, % potential):  2.24422e+15  , 14.5726  , 85.4274 
Sat Sep 28 02:14:02, Info:  Total momentum (X, Y, Z): 5.43361e+07  , -1.37237e+07  , 2.18769e+09 
Sat Sep 28 02:14:02, Info:  Frictional work (total, % static, % radiated):  2.32914e+15  , 70.6576  , 29.3424 
Sat Sep 28 02:14:02, Info:  Seismic moment (without plasticity): 4.51281e+19  Mw: 7.03296 
Sat Sep 28 02:14:02, Info:  Writing energy output at time 12.5 Done. 
Sat Sep 28 02:14:02, Info:  Time spent this phase (total): 26.7345 s (min: 26.7154 s, max: 26.7685 s)
Sat Sep 28 02:14:02, Info:  Time spent this phase (compute): 26.7344 s (min: 26.7153 s, max: 26.7685 s)
Sat Sep 28 02:14:02, Info:  Time spent this phase (IO): 49.6843 ms (min: 40.6724 ms, max: 78.2273 ms)
Sat Sep 28 02:14:02, Info:  Performance since the start: 9.4181 TFLOP/s (rank 0: 583.7208 GFLOP/s , average over ranks: 588.6323 GFLOP/s ) 
Sat Sep 28 02:14:02, Info:  Performance since last sync point: 9.4141 TFLOP/s (rank 0: 583.6032 GFLOP/s , average over ranks: 588.3800 GFLOP/s ) 
Sat Sep 28 02:14:29, Info:  Writing faultoutput at time 13.
Sat Sep 28 02:14:29, Info:  Writing faultoutput at time 13. Done.
Sat Sep 28 02:14:29, Info:  Writing free surface at time 13.
Sat Sep 28 02:14:29, Info:  Writing free surface at time 13. Done.
Sat Sep 28 02:14:29, Info:  Writing energy output at time 13 
Sat Sep 28 02:14:29, Info:  Elastic energy (total, % kinematic, % potential):  2.34697e+15  , 14.2378  , 85.7622 
Sat Sep 28 02:14:29, Info:  Total momentum (X, Y, Z): -1.80496e+07  , 1.4754e+08  , -3.73468e+09 
Sat Sep 28 02:14:29, Info:  Frictional work (total, % static, % radiated):  2.43704e+15  , 70.5748  , 29.4252 
Sat Sep 28 02:14:29, Info:  Seismic moment (without plasticity): 4.76993e+19  Mw: 7.04901 
Sat Sep 28 02:14:29, Info:  Writing energy output at time 13 Done. 
Sat Sep 28 02:14:29, Info:  Time spent this phase (total): 26.7940 s (min: 26.7849 s, max: 26.8133 s)
Sat Sep 28 02:14:29, Info:  Time spent this phase (compute): 26.7939 s (min: 26.7848 s, max: 26.8133 s)
Sat Sep 28 02:14:29, Info:  Time spent this phase (IO): 54.1657 ms (min: 40.9146 ms, max: 79.3573 ms)
Sat Sep 28 02:14:29, Info:  Performance since the start: 9.4172 TFLOP/s (rank 0: 583.6573 GFLOP/s , average over ranks: 588.5722 GFLOP/s ) 
Sat Sep 28 02:14:29, Info:  Performance since last sync point: 9.3932 TFLOP/s (rank 0: 582.0747 GFLOP/s , average over ranks: 587.0751 GFLOP/s ) 
Sat Sep 28 02:14:55, Info:  Writing faultoutput at time 13.5.
Sat Sep 28 02:14:55, Info:  Writing faultoutput at time 13.5. Done.
Sat Sep 28 02:14:55, Info:  Writing energy output at time 13.5 
Sat Sep 28 02:14:55, Info:  Elastic energy (total, % kinematic, % potential):  2.45131e+15  , 13.962  , 86.038 
Sat Sep 28 02:14:55, Info:  Total momentum (X, Y, Z): -1.08535e+08  , -1.95153e+08  , -5.58067e+09 
Sat Sep 28 02:14:55, Info:  Frictional work (total, % static, % radiated):  2.54652e+15  , 70.4693  , 29.5307 
Sat Sep 28 02:14:55, Info:  Seismic moment (without plasticity): 5.02393e+19  Mw: 7.06403 
Sat Sep 28 02:14:55, Info:  Writing energy output at time 13.5 Done. 
Sat Sep 28 02:14:55, Info:  Time spent this phase (total): 26.6473 s (min: 26.6325 s, max: 26.6696 s)
Sat Sep 28 02:14:55, Info:  Time spent this phase (compute): 26.6473 s (min: 26.6325 s, max: 26.6696 s)
Sat Sep 28 02:14:55, Info:  Time spent this phase (IO): 50.7761 ms (min: 40.7603 ms, max: 71.5407 ms)
Sat Sep 28 02:14:55, Info:  Performance since the start: 9.4182 TFLOP/s (rank 0: 583.7200 GFLOP/s , average over ranks: 588.6364 GFLOP/s ) 
Sat Sep 28 02:14:55, Info:  Performance since last sync point: 9.4449 TFLOP/s (rank 0: 585.3558 GFLOP/s , average over ranks: 590.3088 GFLOP/s ) 
Sat Sep 28 02:15:22, Info:  Writing faultoutput at time 14.
Sat Sep 28 02:15:22, Info:  Writing faultoutput at time 14. Done.
Sat Sep 28 02:15:22, Info:  Writing free surface at time 14.
Sat Sep 28 02:15:22, Info:  Writing free surface at time 14. Done.
Sat Sep 28 02:15:22, Info:  Writing energy output at time 14 
Sat Sep 28 02:15:22, Info:  Elastic energy (total, % kinematic, % potential):  2.55407e+15  , 13.7301  , 86.2699 
Sat Sep 28 02:15:22, Info:  Total momentum (X, Y, Z): 9.916e+07  , -1.3694e+08  , 1.93986e+10 
Sat Sep 28 02:15:22, Info:  Frictional work (total, % static, % radiated):  2.65446e+15  , 70.3671  , 29.6329 
Sat Sep 28 02:15:22, Info:  Seismic moment (without plasticity): 5.27443e+19  Mw: 7.07812 
Sat Sep 28 02:15:22, Info:  Writing energy output at time 14 Done. 
Sat Sep 28 02:15:22, Info:  Time spent this phase (total): 26.6174 s (min: 26.5955 s, max: 26.6286 s)
Sat Sep 28 02:15:22, Info:  Time spent this phase (compute): 26.6173 s (min: 26.5954 s, max: 26.6284 s)
Sat Sep 28 02:15:22, Info:  Time spent this phase (IO): 55.0832 ms (min: 40.9716 ms, max: 87.6109 ms)
Sat Sep 28 02:15:22, Info:  Performance since the start: 9.4195 TFLOP/s (rank 0: 583.7943 GFLOP/s , average over ranks: 588.7194 GFLOP/s ) 
Sat Sep 28 02:15:22, Info:  Performance since last sync point: 9.4555 TFLOP/s (rank 0: 585.8066 GFLOP/s , average over ranks: 590.9714 GFLOP/s ) 
Sat Sep 28 02:15:49, Info:  Writing faultoutput at time 14.5.
Sat Sep 28 02:15:49, Info:  Writing faultoutput at time 14.5. Done.
Sat Sep 28 02:15:49, Info:  Writing energy output at time 14.5 
Sat Sep 28 02:15:49, Info:  Elastic energy (total, % kinematic, % potential):  2.65067e+15  , 13.5607  , 86.4393 
Sat Sep 28 02:15:49, Info:  Total momentum (X, Y, Z): 1.162e+08  , 5.92585e+08  , 8.08618e+09 
Sat Sep 28 02:15:49, Info:  Frictional work (total, % static, % radiated):  2.75616e+15  , 70.3649  , 29.6351 
Sat Sep 28 02:15:49, Info:  Seismic moment (without plasticity): 5.52195e+19  Mw: 7.09139 
Sat Sep 28 02:15:49, Info:  Writing energy output at time 14.5 Done. 
Sat Sep 28 02:15:49, Info:  Time spent this phase (total): 26.6230 s (min: 26.5929 s, max: 26.6339 s)
Sat Sep 28 02:15:49, Info:  Time spent this phase (compute): 26.6229 s (min: 26.5929 s, max: 26.6339 s)
Sat Sep 28 02:15:49, Info:  Time spent this phase (IO): 49.8027 ms (min: 40.8750 ms, max: 79.1429 ms)
Sat Sep 28 02:15:49, Info:  Performance since the start: 9.4207 TFLOP/s (rank 0: 583.8788 GFLOP/s , average over ranks: 588.7924 GFLOP/s ) 
Sat Sep 28 02:15:49, Info:  Performance since last sync point: 9.4535 TFLOP/s (rank 0: 586.2540 GFLOP/s , average over ranks: 590.8435 GFLOP/s ) 
Sat Sep 28 02:16:16, Info:  Writing faultoutput at time 15.
Sat Sep 28 02:16:16, Info:  Writing faultoutput at time 15. Done.
Sat Sep 28 02:16:16, Info:  Writing free surface at time 15.
Sat Sep 28 02:16:16, Info:  Writing free surface at time 15. Done.
Sat Sep 28 02:16:16, Info:  Writing energy output at time 15 
Sat Sep 28 02:16:16, Info:  Elastic energy (total, % kinematic, % potential):  2.74419e+15  , 13.4461  , 86.5539 
Sat Sep 28 02:16:16, Info:  Total momentum (X, Y, Z): -1.44602e+07  , -2.34257e+08  , -7.63088e+10 
Sat Sep 28 02:16:16, Info:  Frictional work (total, % static, % radiated):  2.85467e+15  , 70.3618  , 29.6382 
Sat Sep 28 02:16:16, Info:  Seismic moment (without plasticity): 5.76832e+19  Mw: 7.10403 
Sat Sep 28 02:16:16, Info:  Writing energy output at time 15 Done. 
Sat Sep 28 02:16:16, Info:  Time spent this phase (total): 26.9289 s (min: 26.9239 s, max: 26.9503 s)
Sat Sep 28 02:16:16, Info:  Time spent this phase (compute): 26.9288 s (min: 26.9238 s, max: 26.9502 s)
Sat Sep 28 02:16:16, Info:  Time spent this phase (IO): 54.2752 ms (min: 41.0228 ms, max: 79.5462 ms)
Sat Sep 28 02:16:16, Info:  Performance since the start: 9.4182 TFLOP/s (rank 0: 583.7199 GFLOP/s , average over ranks: 588.6360 GFLOP/s ) 
Sat Sep 28 02:16:16, Info:  Performance since last sync point: 9.3462 TFLOP/s (rank 0: 579.1500 GFLOP/s , average over ranks: 584.1354 GFLOP/s ) 
Sat Sep 28 02:16:42, Info:  Writing faultoutput at time 15.5.
Sat Sep 28 02:16:42, Info:  Writing faultoutput at time 15.5. Done.
Sat Sep 28 02:16:42, Info:  Writing energy output at time 15.5 
Sat Sep 28 02:16:42, Info:  Elastic energy (total, % kinematic, % potential):  2.83554e+15  , 13.4045  , 86.5955 
Sat Sep 28 02:16:42, Info:  Total momentum (X, Y, Z): -6.63339e+08  , -6.53076e+08  , -4.00094e+10 
Sat Sep 28 02:16:42, Info:  Frictional work (total, % static, % radiated):  2.95117e+15  , 70.4007  , 29.5993 
Sat Sep 28 02:16:42, Info:  Seismic moment (without plasticity): 6.01595e+19  Mw: 7.1162 
Sat Sep 28 02:16:42, Info:  Writing energy output at time 15.5 Done. 
Sat Sep 28 02:16:42, Info:  Time spent this phase (total): 26.7643 s (min: 26.7420 s, max: 26.7858 s)
Sat Sep 28 02:16:42, Info:  Time spent this phase (compute): 26.7643 s (min: 26.7420 s, max: 26.7857 s)
Sat Sep 28 02:16:42, Info:  Time spent this phase (IO): 49.6571 ms (min: 40.7918 ms, max: 77.5445 ms)
Sat Sep 28 02:16:42, Info:  Performance since the start: 9.4177 TFLOP/s (rank 0: 583.6967 GFLOP/s , average over ranks: 588.6065 GFLOP/s ) 
Sat Sep 28 02:16:42, Info:  Performance since last sync point: 9.4036 TFLOP/s (rank 0: 583.0017 GFLOP/s , average over ranks: 587.7247 GFLOP/s ) 
Sat Sep 28 02:17:09, Info:  Writing faultoutput at time 16.
Sat Sep 28 02:17:09, Info:  Writing faultoutput at time 16. Done.
Sat Sep 28 02:17:09, Info:  Writing free surface at time 16.
Sat Sep 28 02:17:09, Info:  Writing free surface at time 16. Done.
Sat Sep 28 02:17:09, Info:  Writing energy output at time 16 
Sat Sep 28 02:17:09, Info:  Elastic energy (total, % kinematic, % potential):  2.92799e+15  , 13.432  , 86.568 
Sat Sep 28 02:17:09, Info:  Total momentum (X, Y, Z): -1.2782e+09  , 1.07902e+09  , 1.92395e+11 
Sat Sep 28 02:17:09, Info:  Frictional work (total, % static, % radiated):  3.04876e+15  , 70.4561  , 29.5439 
Sat Sep 28 02:17:09, Info:  Seismic moment (without plasticity): 6.26486e+19  Mw: 7.12794 
Sat Sep 28 02:17:09, Info:  Writing energy output at time 16 Done. 
Sat Sep 28 02:17:09, Info:  Time spent this phase (total): 26.6711 s (min: 26.6574 s, max: 26.6890 s)
Sat Sep 28 02:17:09, Info:  Time spent this phase (compute): 26.6710 s (min: 26.6574 s, max: 26.6889 s)
Sat Sep 28 02:17:09, Info:  Time spent this phase (IO): 53.3114 ms (min: 40.9027 ms, max: 88.0466 ms)
Sat Sep 28 02:17:09, Info:  Performance since the start: 9.4183 TFLOP/s (rank 0: 583.7338 GFLOP/s , average over ranks: 588.6431 GFLOP/s ) 
Sat Sep 28 02:17:09, Info:  Performance since last sync point: 9.4365 TFLOP/s (rank 0: 584.8868 GFLOP/s , average over ranks: 589.7789 GFLOP/s ) 
Sat Sep 28 02:17:36, Info:  Writing faultoutput at time 16.5.
Sat Sep 28 02:17:36, Info:  Writing faultoutput at time 16.5. Done.
Sat Sep 28 02:17:36, Info:  Writing energy output at time 16.5 
Sat Sep 28 02:17:36, Info:  Elastic energy (total, % kinematic, % potential):  3.02303e+15  , 13.495  , 86.505 
Sat Sep 28 02:17:36, Info:  Total momentum (X, Y, Z): 9.03324e+08  , 8.93377e+08  , 1.70758e+11 
Sat Sep 28 02:17:36, Info:  Frictional work (total, % static, % radiated):  3.14857e+15  , 70.4706  , 29.5294 
Sat Sep 28 02:17:36, Info:  Seismic moment (without plasticity): 6.51529e+19  Mw: 7.13929 
Sat Sep 28 02:17:36, Info:  Writing energy output at time 16.5 Done. 
Sat Sep 28 02:17:36, Info:  Time spent this phase (total): 26.6966 s (min: 26.6726 s, max: 26.7241 s)
Sat Sep 28 02:17:36, Info:  Time spent this phase (compute): 26.6965 s (min: 26.6725 s, max: 26.7241 s)
Sat Sep 28 02:17:36, Info:  Time spent this phase (IO): 47.6136 ms (min: 39.6230 ms, max: 59.5487 ms)
Sat Sep 28 02:17:36, Info:  Performance since the start: 9.4186 TFLOP/s (rank 0: 583.7482 GFLOP/s , average over ranks: 588.6606 GFLOP/s ) 
Sat Sep 28 02:17:36, Info:  Performance since last sync point: 9.4275 TFLOP/s (rank 0: 584.2107 GFLOP/s , average over ranks: 589.2200 GFLOP/s ) 
Sat Sep 28 02:18:02, Info:  Writing faultoutput at time 17.
Sat Sep 28 02:18:02, Info:  Writing faultoutput at time 17. Done.
Sat Sep 28 02:18:02, Info:  Writing free surface at time 17.
Sat Sep 28 02:18:02, Info:  Writing free surface at time 17. Done.
Sat Sep 28 02:18:02, Info:  Writing energy output at time 17 
Sat Sep 28 02:18:02, Info:  Elastic energy (total, % kinematic, % potential):  3.11901e+15  , 13.5744  , 86.4256 
Sat Sep 28 02:18:02, Info:  Total momentum (X, Y, Z): 3.59148e+09  , -7.82709e+08  , -3.54508e+11 
Sat Sep 28 02:18:02, Info:  Frictional work (total, % static, % radiated):  3.24918e+15  , 70.5501  , 29.4499 
Sat Sep 28 02:18:02, Info:  Seismic moment (without plasticity): 6.7681e+19  Mw: 7.15031 
Sat Sep 28 02:18:02, Info:  Writing energy output at time 17 Done. 
Sat Sep 28 02:18:02, Info:  Time spent this phase (total): 26.7186 s (min: 26.6882 s, max: 26.7378 s)
Sat Sep 28 02:18:02, Info:  Time spent this phase (compute): 26.7185 s (min: 26.6881 s, max: 26.7378 s)
Sat Sep 28 02:18:02, Info:  Time spent this phase (IO): 55.0220 ms (min: 40.9462 ms, max: 80.9068 ms)
Sat Sep 28 02:18:02, Info:  Performance since the start: 9.4186 TFLOP/s (rank 0: 583.7503 GFLOP/s , average over ranks: 588.6626 GFLOP/s ) 
Sat Sep 28 02:18:02, Info:  Performance since last sync point: 9.4197 TFLOP/s (rank 0: 583.8191 GFLOP/s , average over ranks: 588.7288 GFLOP/s ) 
Sat Sep 28 02:18:29, Info:  Writing faultoutput at time 17.5.
Sat Sep 28 02:18:29, Info:  Writing faultoutput at time 17.5. Done.
Sat Sep 28 02:18:29, Info:  Writing energy output at time 17.5 
Sat Sep 28 02:18:29, Info:  Elastic energy (total, % kinematic, % potential):  3.21687e+15  , 13.3283  , 86.6717 
Sat Sep 28 02:18:29, Info:  Total momentum (X, Y, Z): 8.96133e+08  , -2.08298e+09  , -1.03254e+11 
Sat Sep 28 02:18:29, Info:  Frictional work (total, % static, % radiated):  3.35266e+15  , 70.4772  , 29.5228 
Sat Sep 28 02:18:29, Info:  Seismic moment (without plasticity): 7.00826e+19  Mw: 7.16041 
Sat Sep 28 02:18:29, Info:  Writing energy output at time 17.5 Done. 
Sat Sep 28 02:18:29, Info:  Time spent this phase (total): 26.8427 s (min: 26.7973 s, max: 26.8587 s)
Sat Sep 28 02:18:29, Info:  Time spent this phase (compute): 26.8426 s (min: 26.7973 s, max: 26.8586 s)
Sat Sep 28 02:18:29, Info:  Time spent this phase (IO): 49.7460 ms (min: 40.9070 ms, max: 77.3952 ms)
Sat Sep 28 02:18:29, Info:  Performance since the start: 9.4174 TFLOP/s (rank 0: 583.6774 GFLOP/s , average over ranks: 588.5865 GFLOP/s ) 
Sat Sep 28 02:18:29, Info:  Performance since last sync point: 9.3762 TFLOP/s (rank 0: 581.2093 GFLOP/s , average over ranks: 586.0125 GFLOP/s ) 
Sat Sep 28 02:18:56, Info:  Writing faultoutput at time 18.
Sat Sep 28 02:18:56, Info:  Writing faultoutput at time 18. Done.
Sat Sep 28 02:18:56, Info:  Writing free surface at time 18.
Sat Sep 28 02:18:56, Info:  Writing free surface at time 18. Done.
Sat Sep 28 02:18:56, Info:  Writing energy output at time 18 
Sat Sep 28 02:18:56, Info:  Elastic energy (total, % kinematic, % potential):  3.29297e+15  , 12.5932  , 87.4068 
Sat Sep 28 02:18:56, Info:  Total momentum (X, Y, Z): -3.74856e+09  , 2.13477e+09  , 3.82161e+12 
Sat Sep 28 02:18:56, Info:  Frictional work (total, % static, % radiated):  3.43234e+15  , 70.3407  , 29.6593 
Sat Sep 28 02:18:56, Info:  Seismic moment (without plasticity): 7.18936e+19  Mw: 7.16779 
Sat Sep 28 02:18:56, Info:  Writing energy output at time 18 Done. 
Sat Sep 28 02:18:56, Info:  Time spent this phase (total): 26.8723 s (min: 26.8595 s, max: 26.9026 s)
Sat Sep 28 02:18:56, Info:  Time spent this phase (compute): 26.8722 s (min: 26.8595 s, max: 26.9025 s)
Sat Sep 28 02:18:56, Info:  Time spent this phase (IO): 55.6315 ms (min: 40.8587 ms, max: 89.1492 ms)
Sat Sep 28 02:18:56, Info:  Performance since the start: 9.4159 TFLOP/s (rank 0: 583.5791 GFLOP/s , average over ranks: 588.4966 GFLOP/s ) 
Sat Sep 28 02:18:56, Info:  Performance since last sync point: 9.3659 TFLOP/s (rank 0: 580.1601 GFLOP/s , average over ranks: 585.3658 GFLOP/s ) 
Sat Sep 28 02:19:23, Info:  Writing faultoutput at time 18.5.
Sat Sep 28 02:19:23, Info:  Writing faultoutput at time 18.5. Done.
Sat Sep 28 02:19:23, Info:  Writing energy output at time 18.5 
Sat Sep 28 02:19:23, Info:  Elastic energy (total, % kinematic, % potential):  3.3436e+15  , 11.696  , 88.304 
Sat Sep 28 02:19:23, Info:  Total momentum (X, Y, Z): -3.51056e+09  , 5.70821e+09  , 1.46074e+13 
Sat Sep 28 02:19:23, Info:  Frictional work (total, % static, % radiated):  3.48534e+15  , 70.2637  , 29.7363 
Sat Sep 28 02:19:23, Info:  Seismic moment (without plasticity): 7.31945e+19  Mw: 7.17299 
Sat Sep 28 02:19:23, Info:  Writing energy output at time 18.5 Done. 
Sat Sep 28 02:19:23, Info:  Time spent this phase (total): 26.6882 s (min: 26.6556 s, max: 26.7141 s)
Sat Sep 28 02:19:23, Info:  Time spent this phase (compute): 26.6881 s (min: 26.6556 s, max: 26.7141 s)
Sat Sep 28 02:19:23, Info:  Time spent this phase (IO): 49.8349 ms (min: 40.7092 ms, max: 78.6900 ms)
Sat Sep 28 02:19:23, Info:  Performance since the start: 9.4163 TFLOP/s (rank 0: 583.6144 GFLOP/s , average over ranks: 588.5209 GFLOP/s ) 
Sat Sep 28 02:19:23, Info:  Performance since last sync point: 9.4304 TFLOP/s (rank 0: 584.8856 GFLOP/s , average over ranks: 589.3994 GFLOP/s ) 
Sat Sep 28 02:19:50, Info:  Writing faultoutput at time 19.
Sat Sep 28 02:19:50, Info:  Writing faultoutput at time 19. Done.
Sat Sep 28 02:19:50, Info:  Writing free surface at time 19.
Sat Sep 28 02:19:50, Info:  Writing free surface at time 19. Done.
Sat Sep 28 02:19:50, Info:  Writing energy output at time 19 
Sat Sep 28 02:19:50, Info:  Elastic energy (total, % kinematic, % potential):  3.37506e+15  , 10.6035  , 89.3965 
Sat Sep 28 02:19:50, Info:  Total momentum (X, Y, Z): -1.01492e+09  , -3.40852e+09  , 3.49155e+13 
Sat Sep 28 02:19:50, Info:  Frictional work (total, % static, % radiated):  3.51915e+15  , 70.1908  , 29.8092 
Sat Sep 28 02:19:50, Info:  Seismic moment (without plasticity): 7.40848e+19  Mw: 7.17649 
Sat Sep 28 02:19:50, Info:  Writing energy output at time 19 Done. 
Sat Sep 28 02:19:50, Info:  Time spent this phase (total): 26.7993 s (min: 26.7772 s, max: 26.8224 s)
Sat Sep 28 02:19:50, Info:  Time spent this phase (compute): 26.7992 s (min: 26.7771 s, max: 26.8223 s)
Sat Sep 28 02:19:50, Info:  Time spent this phase (IO): 54.1380 ms (min: 41.0537 ms, max: 79.4289 ms)
Sat Sep 28 02:19:50, Info:  Performance since the start: 9.4157 TFLOP/s (rank 0: 583.5691 GFLOP/s , average over ranks: 588.4798 GFLOP/s ) 
Sat Sep 28 02:19:50, Info:  Performance since last sync point: 9.3914 TFLOP/s (rank 0: 581.8990 GFLOP/s , average over ranks: 586.9609 GFLOP/s ) 
Sat Sep 28 02:20:16, Info:  Writing faultoutput at time 19.5.
Sat Sep 28 02:20:16, Info:  Writing faultoutput at time 19.5. Done.
Sat Sep 28 02:20:16, Info:  Writing energy output at time 19.5 
Sat Sep 28 02:20:16, Info:  Elastic energy (total, % kinematic, % potential):  3.39556e+15  , 9.63194  , 90.3681 
Sat Sep 28 02:20:16, Info:  Total momentum (X, Y, Z): 7.77335e+08  , -1.53619e+10  , 6.66404e+13 
Sat Sep 28 02:20:16, Info:  Frictional work (total, % static, % radiated):  3.54232e+15  , 70.2722  , 29.7278 
Sat Sep 28 02:20:16, Info:  Seismic moment (without plasticity): 7.46594e+19  Mw: 7.17872 
Sat Sep 28 02:20:16, Info:  Writing energy output at time 19.5 Done. 
Sat Sep 28 02:20:16, Info:  Time spent this phase (total): 26.7383 s (min: 26.7170 s, max: 26.7438 s)
Sat Sep 28 02:20:16, Info:  Time spent this phase (compute): 26.7382 s (min: 26.7169 s, max: 26.7438 s)
Sat Sep 28 02:20:16, Info:  Time spent this phase (IO): 49.8516 ms (min: 40.8620 ms, max: 78.8600 ms)
Sat Sep 28 02:20:16, Info:  Performance since the start: 9.4156 TFLOP/s (rank 0: 583.5682 GFLOP/s , average over ranks: 588.4751 GFLOP/s ) 
Sat Sep 28 02:20:16, Info:  Performance since last sync point: 9.4128 TFLOP/s (rank 0: 583.5326 GFLOP/s , average over ranks: 588.2977 GFLOP/s ) 
Sat Sep 28 02:20:43, Info:  Writing faultoutput at time 20.
Sat Sep 28 02:20:43, Info:  Writing faultoutput at time 20. Done.
Sat Sep 28 02:20:43, Info:  Waiting for last wave field. 
Sat Sep 28 02:20:43, Info:  Writing wave field at time 20.
Sat Sep 28 02:20:43, Info:  Writing wave field at time 20. Done.
Sat Sep 28 02:20:43, Info:  Writing free surface at time 20.
Sat Sep 28 02:20:43, Info:  Writing free surface at time 20. Done.
Sat Sep 28 02:20:43, Info:  Wrote receivers in 5.06e-07 seconds. 
Sat Sep 28 02:20:43, Info:  Writing energy output at time 20 
Sat Sep 28 02:20:43, Info:  Elastic energy (total, % kinematic, % potential):  3.42422e+15  , 9.12547  , 90.8745 
Sat Sep 28 02:20:43, Info:  Total momentum (X, Y, Z): 5.56888e+09  , -1.04634e+10  , 1.1158e+14 
Sat Sep 28 02:20:43, Info:  Frictional work (total, % static, % radiated):  3.57443e+15  , 71.0466  , 28.9534 
Sat Sep 28 02:20:43, Info:  Seismic moment (without plasticity): 7.51879e+19  Mw: 7.18077 
Sat Sep 28 02:20:43, Info:  Writing energy output at time 20 Done. 
Sat Sep 28 02:20:43, Info:  Time spent this phase (total): 26.7287 s (min: 26.7143 s, max: 26.7572 s)
Sat Sep 28 02:20:43, Info:  Time spent this phase (compute): 26.7286 s (min: 26.7142 s, max: 26.7571 s)
Sat Sep 28 02:20:43, Info:  Time spent this phase (IO): 59.9289 ms (min: 47.1372 ms, max: 83.7112 ms)
Sat Sep 28 02:20:43, Info:  Performance since the start: 9.4156 TFLOP/s (rank 0: 583.5621 GFLOP/s , average over ranks: 588.4760 GFLOP/s ) 
Sat Sep 28 02:20:43, Info:  Performance since last sync point: 9.4162 TFLOP/s (rank 0: 583.3254 GFLOP/s , average over ranks: 588.5133 GFLOP/s ) 
Sat Sep 28 02:21:10, Info:  Writing faultoutput at time 20.5.
Sat Sep 28 02:21:10, Info:  Writing faultoutput at time 20.5. Done.
Sat Sep 28 02:21:10, Info:  Writing energy output at time 20.5 
Sat Sep 28 02:21:10, Info:  Elastic energy (total, % kinematic, % potential):  3.49654e+15  , 9.27482  , 90.7252 
Sat Sep 28 02:21:10, Info:  Total momentum (X, Y, Z): -2.65133e+09  , 1.45903e+10  , 1.72613e+14 
Sat Sep 28 02:21:10, Info:  Frictional work (total, % static, % radiated):  3.65177e+15  , 72.3544  , 27.6456 
Sat Sep 28 02:21:10, Info:  Seismic moment (without plasticity): 7.60482e+19  Mw: 7.18406 
Sat Sep 28 02:21:10, Info:  Writing energy output at time 20.5 Done. 
Sat Sep 28 02:21:10, Info:  Time spent this phase (total): 26.9335 s (min: 26.8963 s, max: 26.9880 s)
Sat Sep 28 02:21:10, Info:  Time spent this phase (compute): 26.9334 s (min: 26.8962 s, max: 26.9880 s)
Sat Sep 28 02:21:10, Info:  Time spent this phase (IO): 50.5300 ms (min: 40.7432 ms, max: 85.1940 ms)
Sat Sep 28 02:21:10, Info:  Performance since the start: 9.4139 TFLOP/s (rank 0: 583.4618 GFLOP/s , average over ranks: 588.3668 GFLOP/s ) 
Sat Sep 28 02:21:10, Info:  Performance since last sync point: 9.3445 TFLOP/s (rank 0: 579.4778 GFLOP/s , average over ranks: 584.0289 GFLOP/s ) 
Sat Sep 28 02:21:37, Info:  Writing faultoutput at time 21.
Sat Sep 28 02:21:37, Info:  Writing faultoutput at time 21. Done.
Sat Sep 28 02:21:37, Info:  Writing free surface at time 21.
Sat Sep 28 02:21:37, Info:  Writing free surface at time 21. Done.
Sat Sep 28 02:21:37, Info:  Writing energy output at time 21 
Sat Sep 28 02:21:37, Info:  Elastic energy (total, % kinematic, % potential):  3.66808e+15  , 10.3008  , 89.6992 
Sat Sep 28 02:21:37, Info:  Total momentum (X, Y, Z): -2.15404e+10  , 2.99989e+10  , 2.51338e+14 
Sat Sep 28 02:21:37, Info:  Frictional work (total, % static, % radiated):  3.83264e+15  , 73.4138  , 26.5862 
Sat Sep 28 02:21:37, Info:  Seismic moment (without plasticity): 7.7615e+19  Mw: 7.18996 
Sat Sep 28 02:21:37, Info:  Writing energy output at time 21 Done. 
Sat Sep 28 02:21:37, Info:  Time spent this phase (total): 26.7224 s (min: 26.6901 s, max: 26.7456 s)
Sat Sep 28 02:21:37, Info:  Time spent this phase (compute): 26.7223 s (min: 26.6900 s, max: 26.7456 s)
Sat Sep 28 02:21:37, Info:  Time spent this phase (IO): 51.1496 ms (min: 40.8303 ms, max: 72.4591 ms)
Sat Sep 28 02:21:37, Info:  Performance since the start: 9.4140 TFLOP/s (rank 0: 583.4686 GFLOP/s , average over ranks: 588.3735 GFLOP/s ) 
Sat Sep 28 02:21:37, Info:  Performance since last sync point: 9.4184 TFLOP/s (rank 0: 583.7493 GFLOP/s , average over ranks: 588.6511 GFLOP/s ) 
Sat Sep 28 02:22:03, Info:  Writing faultoutput at time 21.5.
Sat Sep 28 02:22:03, Info:  Writing faultoutput at time 21.5. Done.
Sat Sep 28 02:22:03, Info:  Writing energy output at time 21.5 
Sat Sep 28 02:22:03, Info:  Elastic energy (total, % kinematic, % potential):  3.99387e+15  , 12.2374  , 87.7626 
Sat Sep 28 02:22:03, Info:  Total momentum (X, Y, Z): -1.22782e+10  , 1.23512e+10  , 3.43355e+14 
Sat Sep 28 02:22:03, Info:  Frictional work (total, % static, % radiated):  4.17224e+15  , 73.9032  , 26.0968 
Sat Sep 28 02:22:03, Info:  Seismic moment (without plasticity): 8.02197e+19  Mw: 7.19952 
Sat Sep 28 02:22:03, Info:  Writing energy output at time 21.5 Done. 
Sat Sep 28 02:22:03, Info:  Time spent this phase (total): 26.6502 s (min: 26.6334 s, max: 26.6670 s)
Sat Sep 28 02:22:03, Info:  Time spent this phase (compute): 26.6501 s (min: 26.6334 s, max: 26.6670 s)
Sat Sep 28 02:22:03, Info:  Time spent this phase (IO): 49.9282 ms (min: 40.7096 ms, max: 79.2279 ms)
Sat Sep 28 02:22:03, Info:  Performance since the start: 9.4147 TFLOP/s (rank 0: 583.5127 GFLOP/s , average over ranks: 588.4168 GFLOP/s ) 
Sat Sep 28 02:22:03, Info:  Performance since last sync point: 9.4439 TFLOP/s (rank 0: 585.3704 GFLOP/s , average over ranks: 590.2410 GFLOP/s ) 
Sat Sep 28 02:22:30, Info:  Writing faultoutput at time 22.
Sat Sep 28 02:22:30, Info:  Writing faultoutput at time 22. Done.
Sat Sep 28 02:22:30, Info:  Writing free surface at time 22.
Sat Sep 28 02:22:30, Info:  Writing free surface at time 22. Done.
Sat Sep 28 02:22:30, Info:  Writing energy output at time 22 
Sat Sep 28 02:22:30, Info:  Elastic energy (total, % kinematic, % potential):  4.52831e+15  , 14.8581  , 85.1419 
Sat Sep 28 02:22:30, Info:  Total momentum (X, Y, Z): 2.05347e+10  , -1.44446e+10  , 4.38104e+14 
Sat Sep 28 02:22:30, Info:  Frictional work (total, % static, % radiated):  4.72922e+15  , 73.584  , 26.416 
Sat Sep 28 02:22:30, Info:  Seismic moment (without plasticity): 8.41841e+19  Mw: 7.21349 
Sat Sep 28 02:22:30, Info:  Writing energy output at time 22 Done. 
Sat Sep 28 02:22:30, Info:  Time spent this phase (total): 26.6443 s (min: 26.6300 s, max: 26.6629 s)
Sat Sep 28 02:22:30, Info:  Time spent this phase (compute): 26.6442 s (min: 26.6299 s, max: 26.6628 s)
Sat Sep 28 02:22:30, Info:  Time spent this phase (IO): 55.1649 ms (min: 40.8726 ms, max: 78.6776 ms)
Sat Sep 28 02:22:30, Info:  Performance since the start: 9.4154 TFLOP/s (rank 0: 583.5551 GFLOP/s , average over ranks: 588.4612 GFLOP/s ) 
Sat Sep 28 02:22:30, Info:  Performance since last sync point: 9.4460 TFLOP/s (rank 0: 585.3841 GFLOP/s , average over ranks: 590.3751 GFLOP/s ) 
Sat Sep 28 02:22:57, Info:  Writing faultoutput at time 22.5.
Sat Sep 28 02:22:57, Info:  Writing faultoutput at time 22.5. Done.
Sat Sep 28 02:22:57, Info:  Writing energy output at time 22.5 
Sat Sep 28 02:22:57, Info:  Elastic energy (total, % kinematic, % potential):  5.2996e+15  , 17.6309  , 82.3691 
Sat Sep 28 02:22:57, Info:  Total momentum (X, Y, Z): 2.09916e+10  , -1.05037e+10  , 5.2518e+14 
Sat Sep 28 02:22:57, Info:  Frictional work (total, % static, % radiated):  5.53115e+15  , 72.6272  , 27.3728 
Sat Sep 28 02:22:57, Info:  Seismic moment (without plasticity): 8.97738e+19  Mw: 7.2321 
Sat Sep 28 02:22:57, Info:  Writing energy output at time 22.5 Done. 
Sat Sep 28 02:22:57, Info:  Time spent this phase (total): 26.7644 s (min: 26.7470 s, max: 26.7694 s)
Sat Sep 28 02:22:57, Info:  Time spent this phase (compute): 26.7643 s (min: 26.7470 s, max: 26.7694 s)
Sat Sep 28 02:22:57, Info:  Time spent this phase (IO): 49.9039 ms (min: 40.7607 ms, max: 78.4945 ms)
Sat Sep 28 02:22:57, Info:  Performance since the start: 9.4151 TFLOP/s (rank 0: 583.5399 GFLOP/s , average over ranks: 588.4448 GFLOP/s ) 
Sat Sep 28 02:22:57, Info:  Performance since last sync point: 9.4036 TFLOP/s (rank 0: 582.8727 GFLOP/s , average over ranks: 587.7234 GFLOP/s ) 
Sat Sep 28 02:23:24, Info:  Writing faultoutput at time 23.
Sat Sep 28 02:23:24, Info:  Writing faultoutput at time 23. Done.
Sat Sep 28 02:23:24, Info:  Writing free surface at time 23.
Sat Sep 28 02:23:24, Info:  Writing free surface at time 23. Done.
Sat Sep 28 02:23:24, Info:  Writing energy output at time 23 
Sat Sep 28 02:23:24, Info:  Elastic energy (total, % kinematic, % potential):  6.29473e+15  , 19.8466  , 80.1534 
Sat Sep 28 02:23:24, Info:  Total momentum (X, Y, Z): -1.71616e+10  , 1.62933e+10  , 6.00526e+14 
Sat Sep 28 02:23:24, Info:  Frictional work (total, % static, % radiated):  6.5666e+15  , 71.362  , 28.638 
Sat Sep 28 02:23:24, Info:  Seismic moment (without plasticity): 9.71034e+19  Mw: 7.25482 
Sat Sep 28 02:23:24, Info:  Writing energy output at time 23 Done. 
Sat Sep 28 02:23:24, Info:  Time spent this phase (total): 26.7655 s (min: 26.7516 s, max: 26.7907 s)
Sat Sep 28 02:23:24, Info:  Time spent this phase (compute): 26.7654 s (min: 26.7516 s, max: 26.7906 s)
Sat Sep 28 02:23:24, Info:  Time spent this phase (IO): 54.7643 ms (min: 40.8862 ms, max: 84.9928 ms)
Sat Sep 28 02:23:24, Info:  Performance since the start: 9.4149 TFLOP/s (rank 0: 583.5191 GFLOP/s , average over ranks: 588.4286 GFLOP/s ) 
Sat Sep 28 02:23:24, Info:  Performance since last sync point: 9.4032 TFLOP/s (rank 0: 582.5845 GFLOP/s , average over ranks: 587.7017 GFLOP/s ) 
Sat Sep 28 02:23:50, Info:  Writing faultoutput at time 23.5.
Sat Sep 28 02:23:50, Info:  Writing faultoutput at time 23.5. Done.
Sat Sep 28 02:23:50, Info:  Writing energy output at time 23.5 
Sat Sep 28 02:23:50, Info:  Elastic energy (total, % kinematic, % potential):  7.37009e+15  , 20.5236  , 79.4764 
Sat Sep 28 02:23:50, Info:  Total momentum (X, Y, Z): -2.1983e+10  , 1.02995e+10  , 6.66528e+14 
Sat Sep 28 02:23:50, Info:  Frictional work (total, % static, % radiated):  7.6876e+15  , 70.2579  , 29.7421 
Sat Sep 28 02:23:50, Info:  Seismic moment (without plasticity): 1.04988e+20  Mw: 7.27743 
Sat Sep 28 02:23:50, Info:  Writing energy output at time 23.5 Done. 
Sat Sep 28 02:23:50, Info:  Time spent this phase (total): 26.8379 s (min: 26.8124 s, max: 26.8469 s)
Sat Sep 28 02:23:50, Info:  Time spent this phase (compute): 26.8378 s (min: 26.8124 s, max: 26.8469 s)
Sat Sep 28 02:23:50, Info:  Time spent this phase (IO): 49.9639 ms (min: 40.7000 ms, max: 78.6927 ms)
Sat Sep 28 02:23:50, Info:  Performance since the start: 9.4141 TFLOP/s (rank 0: 583.4751 GFLOP/s , average over ranks: 588.3791 GFLOP/s ) 
Sat Sep 28 02:23:50, Info:  Performance since last sync point: 9.3778 TFLOP/s (rank 0: 581.4551 GFLOP/s , average over ranks: 586.1143 GFLOP/s ) 
Sat Sep 28 02:24:17, Info:  Writing faultoutput at time 24.
Sat Sep 28 02:24:17, Info:  Writing faultoutput at time 24. Done.
Sat Sep 28 02:24:17, Info:  Writing free surface at time 24.
Sat Sep 28 02:24:17, Info:  Writing free surface at time 24. Done.
Sat Sep 28 02:24:17, Info:  Writing energy output at time 24 
Sat Sep 28 02:24:17, Info:  Elastic energy (total, % kinematic, % potential):  8.44242e+15  , 20.3144  , 79.6856 
Sat Sep 28 02:24:17, Info:  Total momentum (X, Y, Z): 4.65326e+10  , -5.12634e+10  , 7.27861e+14 
Sat Sep 28 02:24:17, Info:  Frictional work (total, % static, % radiated):  8.80155e+15  , 69.452  , 30.548 
Sat Sep 28 02:24:17, Info:  Seismic moment (without plasticity): 1.12548e+20  Mw: 7.29756 
Sat Sep 28 02:24:17, Info:  Writing energy output at time 24 Done. 
Sat Sep 28 02:24:17, Info:  Time spent this phase (total): 26.7379 s (min: 26.7223 s, max: 26.7623 s)
Sat Sep 28 02:24:17, Info:  Time spent this phase (compute): 26.7378 s (min: 26.7222 s, max: 26.7622 s)
Sat Sep 28 02:24:17, Info:  Time spent this phase (IO): 51.6721 ms (min: 40.7993 ms, max: 69.5840 ms)
Sat Sep 28 02:24:17, Info:  Performance since the start: 9.4140 TFLOP/s (rank 0: 583.4696 GFLOP/s , average over ranks: 588.3777 GFLOP/s ) 
Sat Sep 28 02:24:17, Info:  Performance since last sync point: 9.4130 TFLOP/s (rank 0: 583.2135 GFLOP/s , average over ranks: 588.3100 GFLOP/s ) 
Sat Sep 28 02:24:44, Info:  Writing faultoutput at time 24.5.
Sat Sep 28 02:24:44, Info:  Writing faultoutput at time 24.5. Done.
Sat Sep 28 02:24:44, Info:  Writing energy output at time 24.5 
Sat Sep 28 02:24:44, Info:  Elastic energy (total, % kinematic, % potential):  9.4624e+15  , 20.0582  , 79.9418 
Sat Sep 28 02:24:44, Info:  Total momentum (X, Y, Z): 1.08267e+11  , -8.53129e+10  , 7.87278e+14 
Sat Sep 28 02:24:44, Info:  Frictional work (total, % static, % radiated):  9.86094e+15  , 68.9416  , 31.0584 
Sat Sep 28 02:24:44, Info:  Seismic moment (without plasticity): 1.19658e+20  Mw: 7.31529 
Sat Sep 28 02:24:44, Info:  Writing energy output at time 24.5 Done. 
Sat Sep 28 02:24:44, Info:  Time spent this phase (total): 26.6151 s (min: 26.5910 s, max: 26.6273 s)
Sat Sep 28 02:24:44, Info:  Time spent this phase (compute): 26.6150 s (min: 26.5909 s, max: 26.6272 s)
Sat Sep 28 02:24:44, Info:  Time spent this phase (IO): 50.0216 ms (min: 40.7447 ms, max: 78.1328 ms)
Sat Sep 28 02:24:44, Info:  Performance since the start: 9.4149 TFLOP/s (rank 0: 583.5272 GFLOP/s , average over ranks: 588.4314 GFLOP/s ) 
Sat Sep 28 02:24:44, Info:  Performance since last sync point: 9.4563 TFLOP/s (rank 0: 586.3056 GFLOP/s , average over ranks: 591.0188 GFLOP/s ) 
Sat Sep 28 02:25:10, Info:  Writing faultoutput at time 25.
Sat Sep 28 02:25:10, Info:  Writing faultoutput at time 25. Done.
Sat Sep 28 02:25:10, Info:  Writing free surface at time 25.
Sat Sep 28 02:25:10, Info:  Writing free surface at time 25. Done.
Sat Sep 28 02:25:10, Info:  Writing energy output at time 25 
Sat Sep 28 02:25:10, Info:  Elastic energy (total, % kinematic, % potential):  1.04312e+16  , 19.9277  , 80.0723 
Sat Sep 28 02:25:10, Info:  Total momentum (X, Y, Z): 5.87125e+09  , 5.49552e+10  , 8.44449e+14 
Sat Sep 28 02:25:10, Info:  Frictional work (total, % static, % radiated):  1.0867e+16  , 68.658  , 31.342 
Sat Sep 28 02:25:10, Info:  Seismic moment (without plasticity): 1.26606e+20  Mw: 7.33164 
Sat Sep 28 02:25:10, Info:  Writing energy output at time 25 Done. 
Sat Sep 28 02:25:10, Info:  Time spent this phase (total): 26.6292 s (min: 26.6240 s, max: 26.6465 s)
Sat Sep 28 02:25:10, Info:  Time spent this phase (compute): 26.6291 s (min: 26.6239 s, max: 26.6465 s)
Sat Sep 28 02:25:10, Info:  Time spent this phase (IO): 53.2874 ms (min: 41.1437 ms, max: 79.0384 ms)
Sat Sep 28 02:25:10, Info:  Performance since the start: 9.4156 TFLOP/s (rank 0: 583.5714 GFLOP/s , average over ranks: 588.4767 GFLOP/s ) 
Sat Sep 28 02:25:10, Info:  Performance since last sync point: 9.4513 TFLOP/s (rank 0: 585.7423 GFLOP/s , average over ranks: 590.7079 GFLOP/s ) 
Sat Sep 28 02:25:10, Info:  Ignoring duplicate synchronisation point at time 25 ; the last sync point was at  25 
Sat Sep 28 02:25:10, Info:  Waiting for last wave field. 
Sat Sep 28 02:25:10, Info:  Writing wave field at time 25.
Sat Sep 28 02:25:10, Info:  Writing wave field at time 25. Done.
Sat Sep 28 02:25:10, Info:  Ignoring duplicate synchronisation point at time 25 ; the last sync point was at  25 
Sat Sep 28 02:25:10, Info:  Wrote receivers in 8.63e-07 seconds. 
Sat Sep 28 02:25:10, Info:  Ignoring duplicate synchronisation point at time 25 ; the last sync point was at  25 
Sat Sep 28 02:25:10, Info:  Simulation time (total): 22 min 16.5153 s (min: 22 min 16.4740 s, max: 22 min 16.5375 s)
Sat Sep 28 02:25:10, Info:  Simulation time (compute): 22 min 13.8437 s (min: 22 min 12.6497 s, max: 22 min 14.3780 s)
Sat Sep 28 02:25:10, Info:  Simulation time (IO): 2.6578 s (min: 2.1016 s, max: 3.8655 s)
Sat Sep 28 02:25:10, Info:  Time spent in compute kernels: mean = 1272.72  std = 33.6218  min = 1177.79  median = 1271.65  max = 1316.61 
Sat Sep 28 02:25:10, Info:  Load imbalance: 3.33405 % 
Sat Sep 28 02:25:10, Info:  Regression analysis of compute kernels: 
Sat Sep 28 02:25:10, Info:  "computeLocalIntegration" (total time): 6159.11 s ( = 1 h 42 min 39.1051 s ) 
Sat Sep 28 02:25:10, Info:  "computeLocalIntegration" ( constant ): 1.98207e-05 (sample size: 6.31445e+06 , standard error: 4.05832e-12 ) 
Sat Sep 28 02:25:10, Info:  "computeLocalIntegration" ( per element ): 8.33022e-08 (sample size: 6.31445e+06 , standard error: 4.05832e-12 ) 
Sat Sep 28 02:25:10, Info:  "computeNeighboringIntegration" (total time): 7534.03 s ( = 2 h 5 min 34.0312 s ) 
Sat Sep 28 02:25:10, Info:  "computeNeighboringIntegration" ( constant ): 0.00014117 (sample size: 6.31445e+06 , standard error: 6.27822e-12 ) 
Sat Sep 28 02:25:10, Info:  "computeNeighboringIntegration" ( per element ): 9.17052e-08 (sample size: 6.31445e+06 , standard error: 6.27822e-12 ) 
Sat Sep 28 02:25:10, Info:  "computeDynamicRupture" (total time): 6670.35 s ( = 1 h 51 min 10.3536 s ) 
Sat Sep 28 02:25:10, Info:  "computeDynamicRupture" ( constant ): 8.24065e-05 (sample size: 5.02495e+06 , standard error: 3.17137e-11 ) 
Sat Sep 28 02:25:10, Info:  "computeDynamicRupture" ( per element ): 4.53044e-07 (sample size: 5.02495e+06 , standard error: 3.17137e-11 ) 
Sat Sep 28 02:25:10, Info:  "computePointSources" (total time): 0 s ( = 0.0000 s ) 
Sat Sep 28 02:25:10, Info:  "computePointSources" ( constant ): -nan (sample size: 0 , standard error: -nan ) 
Sat Sep 28 02:25:10, Info:  "computePointSources" ( per element ): -nan (sample size: 0 , standard error: -nan ) 
Sat Sep 28 02:25:10, Info:  Total time spent in compute kernels: 20363.5 s ( = 5 h 39 min 23.4900 s ) 
Sat Sep 28 02:25:10, Info:  Total calculated HW-FLOP:  12.5841 PFLOP 
Sat Sep 28 02:25:10, Info:  Total calculated NZ-FLOP:  5.0305 PFLOP 
Sat Sep 28 02:25:10, Info:  Total calculated HW-FLOP/s:  9.4154 TFLOP/s 
Sat Sep 28 02:25:10, Info:  Total calculated NZ-FLOP/s:  3.7638 TFLOP/s 
Sat Sep 28 02:25:10, Info:  WP calculated HW-FLOP:  10.4267 PFLOP 
Sat Sep 28 02:25:10, Info:  WP calculated NZ-FLOP:  3.4264 PFLOP 
Sat Sep 28 02:25:10, Info:  DR calculated HW-FLOP:  2.1574 PFLOP 
Sat Sep 28 02:25:10, Info:  DR calculated NZ-FLOP:  1.6041 PFLOP 
Sat Sep 28 02:25:10, Info:  PL calculated HW-FLOP:  0.0000 FLOP 
Sat Sep 28 02:25:10, Info:  PL calculated NZ-FLOP:  0.0000 FLOP 
Sat Sep 28 02:25:10, Info:  Time spent in simulation: 22 min 16.5386 s (min: 22 min 16.5383 s, max: 22 min 16.5396 s)
Sat Sep 28 02:25:10, Info:  Simulation done. 
Sat Sep 28 02:25:10, Info:  Closing IO. 
Sat Sep 28 02:25:11, Info:  Time wave field writer backend: 1.6423 s (min: 1.1327 s, max: 2.9999 s)
Sat Sep 28 02:25:11, Info:  Time wave field writer frontend: 26.3519 ms (min: 22.6699 ms, max: 35.3586 ms)
Sat Sep 28 02:25:11, Info:  Time free surface writer backend: 931.6968 ms (min: 32.7457 ms, max: 7.7931 s)
Sat Sep 28 02:25:11, Info:  Time fault writer backend: 5.5913 s (min: 2.7057 s, max: 31.8530 s)
Sat Sep 28 02:25:11, Info:  Time fault writer frontend: 57.2838 ms (min: 47.9833 ms, max: 65.5899 ms)
Sat Sep 28 02:25:11, Info:  Time free surface writer frontend: 12.5010 ms (min: 473.8510 s, max: 58.5155 ms)
Sat Sep 28 02:25:12, Info:  SeisSol done. Goodbye. 
SeisSol complete.
/hppfs/scratch/01/di35poq/haiti-rupture-outputs/dynamic-rupture-outputs/variable_SH_max/jobid_3944396 ~/haiti-rupture-inputs/dynamic-rupture/variable_SH_max
Writing hdf5 output with compression enabled (compression_level=4). 
Use --compression=0 if you want to speed-up data extraction.
u1: 0it [00:00, ?it/s]u1: 1it [00:00,  7.34it/s]u1: 4it [00:00, 16.67it/s]u1: 8it [00:00, 24.99it/s]u1: 12it [00:00, 29.95it/s]u1: 20it [00:00, 40.74it/s]u1: 25it [00:00, 37.04it/s]
u2: 0it [00:00, ?it/s]u2: 1it [00:00,  8.81it/s]u2: 4it [00:00, 20.50it/s]u2: 8it [00:00, 25.94it/s]u2: 16it [00:00, 43.29it/s]u2: 25it [00:00, 57.72it/s]u2: 25it [00:00, 44.58it/s]
u3: 0it [00:00, ?it/s]u3: 1it [00:00,  8.03it/s]u3: 4it [00:00, 19.29it/s]u3: 8it [00:00, 26.56it/s]u3: 12it [00:00, 31.35it/s]u3: 17it [00:00, 37.20it/s]u3: 21it [00:00, 35.47it/s]u3: 25it [00:00, 34.66it/s]
done writing output_jobid_3944396_extracted-surface.h5
done writing output_jobid_3944396_extracted-surface.xdmf
full path: /hppfs/scratch/01/di35poq/haiti-rupture-outputs/dynamic-rupture-outputs/variable_SH_max/jobid_3944396/output_jobid_3944396_extracted-surface.xdmf
Working on JobID: 3944396
No matching file found for jobid 3944396. Assigning output-fault.xdmf instead
/hppfs/scratch/01/di35poq/haiti-rupture-outputs/dynamic-rupture-outputs/variable_SH_max/jobid_3944396/output-fault.xdmf
warning: Mw computed over 0-85s (avoiding contribution of small residual moment after rupture)
jobid_3944396 moment magnitude: 7.331636191913653 (M0 = 1.2661e+20)
Finished writing /hppfs/scratch/01/di35poq/haiti-rupture-outputs/dynamic-rupture-outputs/variable_SH_max/jobid_3944396/moment_rate_mainshock.png
Looking for output-fault.xdmf
mu_s: 0.52
mu_d: 0.16
done writing /hppfs/scratch/01/di35poq/haiti-rupture-outputs/dynamic-rupture-outputs/variable_SH_max/jobid_3944396/output_jobid_3944396_extracted-fault.xdmf
full path: /hppfs/scratch/01/di35poq/haiti-rupture-outputs/dynamic-rupture-outputs/variable_SH_max/jobid_3944396/output_jobid_3944396_extracted-fault.xdmf
done writing /hppfs/scratch/01/di35poq/haiti-rupture-outputs/dynamic-rupture-outputs/variable_SH_max/jobid_3944396/output_jobid_3944396_extracted-fault.h5
Job ID set as: 3944396
mu_s: 0.52
mu_d: 0.16
~/haiti-rupture-inputs/dynamic-rupture/variable_SH_max
