Fri Jul 19 00:24:13, Info:  Using the parameter file parameters.par 
Fri Jul 19 00:24:13, Info:  Reading SeisSol parameter file... 
Fri Jul 19 00:24:13, Info:  In your parameter file, you have specified a non-positive interval for "checkpointinterval" . This mechanism is deprecated and may be removed in a future version of SeisSol. Consider disabling the whole module by setting "checkpoint" to 0 instead by adding "checkpoint = 0" to the "output" section of your parameter file instead. 
Fri Jul 19 00:24:13, Info:  The field "printintervalcriterion" is no longer in use. You may safely remove it from your parameters file. 
Fri Jul 19 00:24:13, Info:  Disabling the wavefield output by setting "outputformat = 10" is deprecated and may be removed in a future version of SeisSol. Consider using the parameter "wavefieldoutput" instead. To disable wavefield output, add "wavefieldoutput = 0" to the "output" section of your parameters file. 
Fri Jul 19 00:24:13, Info:  The field "printintervalcriterion" is no longer in use. You may safely remove it from your parameters file. 
Fri Jul 19 00:24:13, Info:  The field "pickdttype" is no longer in use. You may safely remove it from your parameters file. 
Fri Jul 19 00:24:13, Info:  The field "faultoutputflag" is no longer in use. You may safely remove it from your parameters file. 
Fri Jul 19 00:24:13, Info:  The field "boundaries" is no longer in use. You may safely remove it from your parameters file. 
Fri Jul 19 00:24:13, Info:  SeisSol parameter file read successfully. 
Fri Jul 19 00:24:13, Info:  Model information: 
Fri Jul 19 00:24:13, Info:  Elastic model: yes 
Fri Jul 19 00:24:13, Info:  Viscoelastic model: no 
Fri Jul 19 00:24:13, Info:  Anelastic model: no 
Fri Jul 19 00:24:13, Info:  Poroelastic model: no 
Fri Jul 19 00:24:13, Info:  Anisotropic model: no 
Fri Jul 19 00:24:13, Info:  Plasticity: no 
Fri Jul 19 00:24:13, Info:  Welcome to SeisSol 
Fri Jul 19 00:24:13, Info:  Copyright (c) 2012 - 2024  SeisSol Group 
Fri Jul 19 00:24:13, Info:  Version: v1.1.4-148-g60aedc8c (dirty) 
Fri Jul 19 00:24:13, Info:  Built on: Jun 17 2024 21:03:35 
Fri Jul 19 00:24:13, Info:  Last commit: 60aedc8c2ae0a5d9e5a46cc3a40e4eaf1c047225 at 2024-06-06T12:54:08+00:00 
Fri Jul 19 00:24:13, Info:  Compiled with HOST_ARCH = skx 
Fri Jul 19 00:24:13, Info:  Running on (rank=0): "i01r01c01s01" 
Fri Jul 19 00:24:13, Info:  Using MPI with #ranks: 16 
Fri Jul 19 00:24:13, Info:  Node-wide (shared memory) MPI with #ranks/node: 1 
Fri Jul 19 00:24:13, Info:  Using asynchronous MPI routines. 
Fri Jul 19 00:24:13, Info:  Using OMP with #threads/rank: 94 
Fri Jul 19 00:24:13, Info:  OpenMP worker affinity (this process): "0123456789|0123456789|0123456789|0123456789|0123456-89|0123456789|0123456789|0123456789|0123456789|01234-" 
Fri Jul 19 00:24:13, Info:  OpenMP worker affinity (this node)   : "0123456789|0123456789|0123456789|0123456789|0123456-89|0123456789|0123456789|0123456789|0123456789|01234-" 
Fri Jul 19 00:24:13, Info:  Using a communication thread for advancing MPI communication. 
Fri Jul 19 00:24:13, Info:  Communication thread affinity        : "----------|----------|----------|----------|-------7--|----------|----------|----------|----------|-----5" 
Fri Jul 19 00:24:13, Info:  The stack size ulimit is 2097152 [kiB] ( = 2.0000 GiB ). 
Fri Jul 19 00:24:13, Info:  Begin init mesh. 
Fri Jul 19 00:24:13, Info:  Mesh file: "/dss/dsshome1/01/di35poq/mesh/mesh_v07/Haiti_v07_lowres" 
Fri Jul 19 00:24:13, Info:  Running mini SeisSol to determine node weights. 
Fri Jul 19 00:24:13, Info:  miniSeisSol configured with 50000 elements and 10 repeats per process 
Fri Jul 19 00:24:13, Info:  Node weights: mean = 41.1952  std = 0.802784  min = 38.242  median = 41.3407  max = 41.7758 
Fri Jul 19 00:24:13, Info:  Reading PUML mesh 
Fri Jul 19 00:24:13, Info:  Inferring boundary format. 
Fri Jul 19 00:24:13, Info:  Boundary format not given in PUML file; inferring from array shape. 
Fri Jul 19 00:24:13, Info:  Using boundary format: i32 (4xi8) 
Fri Jul 19 00:24:13, Info:  Found 2685422 cells 
Fri Jul 19 00:24:13, Info:  Found 477078 vertices 
Fri Jul 19 00:24:15, Info:  Computing LTS weights. 
Fri Jul 19 00:24:18, Info:  Limiting number of clusters to 2147483646 
Fri Jul 19 00:24:18, Info:  Computing LTS weights. Done.  (108216 reductions.)
Fri Jul 19 00:24:18, Info:  Using the Parmetis partition library and strategy. 
Fri Jul 19 00:24:21, Info:  PUML mesh read in: 7.8603 s (min: 7.7867 s, max: 8.0120 s)
Fri Jul 19 00:24:21, Info:  The mesh has been read. Starting post processing. 
Fri Jul 19 00:24:21, Info:  Extracting fault information. 
Fri Jul 19 00:24:21, Info:  Exchanging ghostlayer metadata. 
Fri Jul 19 00:24:23, Info:  Mesh initialized in: 9.9449 s (min: 9.9445 s, max: 9.9453 s)
Fri Jul 19 00:24:23, Info:  End init mesh. 
Fri Jul 19 00:24:23, Info:  Begin init model. 
Fri Jul 19 00:24:23, Info:  Initialize LTS. 
Fri Jul 19 00:24:23, Info:  Deriving clusters ids for min. time step width / multiRate: 0.000213316 / 2 
Fri Jul 19 00:24:23, Info:  Due to wiggle factor of 1 the minimum timestep size is reduced to 0.000213316 
Fri Jul 19 00:24:23, Info:  Number of elements in time clusters: 
Fri Jul 19 00:24:23, Info:  0: 2088 
Fri Jul 19 00:24:23, Info:  1: 265401 
Fri Jul 19 00:24:23, Info:  2: 1618976 
Fri Jul 19 00:24:23, Info:  3: 538212 
Fri Jul 19 00:24:23, Info:  4: 147352 
Fri Jul 19 00:24:23, Info:  5: 35652 
Fri Jul 19 00:24:23, Info:  6: 11329 
Fri Jul 19 00:24:23, Info:  7: 18592 
Fri Jul 19 00:24:23, Info:  8: 47781 
Fri Jul 19 00:24:23, Info:  9: 39 
Fri Jul 19 00:24:23, Info:  maximum theoretical speedup (compared to GTS): 6.4313 per cell LTS, 4.34786 with the used clustering. 
Fri Jul 19 00:24:23, Info:  Number of elements in dynamic rupture time clusters: 
Fri Jul 19 00:24:23, Info:  0 (dr): 618 
Fri Jul 19 00:24:23, Info:  1 (dr): 78818 
Fri Jul 19 00:24:23, Info:  2 (dr): 309922 
Fri Jul 19 00:24:23, Info:  3 (dr): 2510 
Fri Jul 19 00:24:23, Info:  4 (dr): 0 
Fri Jul 19 00:24:23, Info:  5 (dr): 0 
Fri Jul 19 00:24:23, Info:  6 (dr): 0 
Fri Jul 19 00:24:23, Info:  7 (dr): 0 
Fri Jul 19 00:24:23, Info:  8 (dr): 0 
Fri Jul 19 00:24:23, Info:  9 (dr): 0 
Fri Jul 19 00:24:23, Info:  Initialize Friction Model 
Fri Jul 19 00:24:26, Info:  Initialize cell material parameters. 
Fri Jul 19 00:24:27, Info:  Initialize Memory layout. 
Fri Jul 19 00:24:28, Info:  Initialize cell-local matrices. 
Fri Jul 19 00:24:28, Info:  Initializing Fault, using a quadrature rule with  25  points. 
Fri Jul 19 00:27:23, Info:  Model initialized in: 2 min 59.7615 s (min: 2 min 59.7590 s, max: 2 min 59.7649 s)
Fri Jul 19 00:27:23, Info:  End init model. 
Fri Jul 19 00:27:23, Info:  Setting initial conditions. 
Fri Jul 19 00:27:23, Info:  Using initial condition "Zero" . 
Fri Jul 19 00:27:23, Info:  Reading source. 
Fri Jul 19 00:27:23, Info:  No source term specified. 
Fri Jul 19 00:27:23, Info:  Setting up boundary conditions. 
Fri Jul 19 00:27:23, Info:  Begin init output. 
Fri Jul 19 00:27:23, Info:  Initializing free surface integrator. 
Fri Jul 19 00:27:23, Info:  Initializing free surface integrator. Done. 
Fri Jul 19 00:27:23, Info:  Enabling 2D fault output 
Fri Jul 19 00:27:23, Info:  Initializing Fault output. Number of sub-triangles: 4 
Fri Jul 19 00:27:23, Info:  Initializing XDMF fault output. 
Fri Jul 19 00:27:23, Info:  Fault writer thread affinity: "----------|----------|----------|----------|-------7--|----------|----------|----------|----------|-----5" 
Fri Jul 19 00:27:23, Info:  Initializing XDMF fault output. Done. 
Fri Jul 19 00:27:23, Info:  Initializing free surface output. 
Fri Jul 19 00:27:23, Info:  Free surface writer thread affinity: "----------|----------|----------|----------|-------7--|----------|----------|----------|----------|-----5" 
Fri Jul 19 00:27:23, Info:  Initializing free surface output. Done. 
Fri Jul 19 00:27:23, Info:  No record points read. 
Fri Jul 19 00:27:23, Info:  Finding meshIds for receivers... 
Fri Jul 19 00:27:23, Info:  Cleaning possible double occurring receivers for MPI... 
Fri Jul 19 00:27:23, Info:  Mapping receivers to LTS cells... 
Fri Jul 19 00:27:23, Info:  Initializing energy output. 
Fri Jul 19 00:27:23, Info:  End init output. 
Fri Jul 19 00:27:23, Info:  Finishing initialization... 
Fri Jul 19 00:27:23, Info:  Starting simulation. 
Fri Jul 19 00:27:23, Info:  Writing faultoutput at time 0.
Fri Jul 19 00:27:23, Info:  Writing faultoutput at time 0. Done.
Fri Jul 19 00:27:23, Info:  Writing free surface at time 0.
Fri Jul 19 00:27:23, Info:  Writing free surface at time 0. Done.
Fri Jul 19 00:27:23, Info:  Writing energy output at time 0 
Fri Jul 19 00:27:23, Info:  Total momentum (X, Y, Z): 0  , 0  , 0 
Fri Jul 19 00:27:23, Info:  Writing energy output at time 0 Done. 
Fri Jul 19 00:27:23, Info:  Time spent for initial IO: 53.3150 ms (min: 39.8180 ms, max: 66.6782 ms)
Fri Jul 19 00:27:50, Info:  Writing faultoutput at time 0.5.
Fri Jul 19 00:27:50, Info:  Writing faultoutput at time 0.5. Done.
Fri Jul 19 00:27:50, Info:  Writing energy output at time 0.5 
Fri Jul 19 00:27:50, Info:  Elastic energy (total, % kinematic, % potential):  9.76727e+12  , 22.2994  , 77.7006 
Fri Jul 19 00:27:50, Info:  Total momentum (X, Y, Z): 0.0771659  , 0.0116109  , 0.0184482 
Fri Jul 19 00:27:50, Info:  Frictional work (total, % static, % radiated):  9.83973e+12  , 75.321  , 24.679 
Fri Jul 19 00:27:50, Info:  Seismic moment (without plasticity): 4.29726e+16  Mw: 5.01879 
Fri Jul 19 00:27:50, Info:  Writing energy output at time 0.5 Done. 
Fri Jul 19 00:27:50, Info:  Time spent this phase (total): 26.9331 s (min: 26.8934 s, max: 26.9632 s)
Fri Jul 19 00:27:50, Info:  Time spent this phase (compute): 26.8798 s (min: 26.8348 s, max: 26.9138 s)
Fri Jul 19 00:27:50, Info:  Time spent this phase (IO): 50.3689 ms (min: 39.6428 ms, max: 72.3559 ms)
Fri Jul 19 00:27:50, Info:  Performance since the start: 9.3444 TFLOP/s (rank 0: 584.9614 GFLOP/s , average over ranks: 584.0237 GFLOP/s ) 
Fri Jul 19 00:27:50, Info:  Performance since last sync point: 9.3444 TFLOP/s (rank 0: 584.9614 GFLOP/s , average over ranks: 584.0237 GFLOP/s ) 
Fri Jul 19 00:28:17, Info:  Writing faultoutput at time 1.
Fri Jul 19 00:28:17, Info:  Writing faultoutput at time 1. Done.
Fri Jul 19 00:28:17, Info:  Writing free surface at time 1.
Fri Jul 19 00:28:17, Info:  Writing free surface at time 1. Done.
Fri Jul 19 00:28:17, Info:  Writing energy output at time 1 
Fri Jul 19 00:28:17, Info:  Elastic energy (total, % kinematic, % potential):  4.46852e+13  , 11.0547  , 88.9453 
Fri Jul 19 00:28:17, Info:  Total momentum (X, Y, Z): 0.982929  , 0.773508  , 0.268839 
Fri Jul 19 00:28:17, Info:  Frictional work (total, % static, % radiated):  4.5718e+13  , 78.6105  , 21.3895 
Fri Jul 19 00:28:17, Info:  Seismic moment (without plasticity): 2.0218e+17  Mw: 5.46716 
Fri Jul 19 00:28:17, Info:  Writing energy output at time 1 Done. 
Fri Jul 19 00:28:17, Info:  Time spent this phase (total): 26.7196 s (min: 26.6974 s, max: 26.7536 s)
Fri Jul 19 00:28:17, Info:  Time spent this phase (compute): 26.7195 s (min: 26.6972 s, max: 26.7535 s)
Fri Jul 19 00:28:17, Info:  Time spent this phase (IO): 54.2011 ms (min: 38.0796 ms, max: 85.8339 ms)
Fri Jul 19 00:28:17, Info:  Performance since the start: 9.3815 TFLOP/s (rank 0: 587.6487 GFLOP/s , average over ranks: 586.3424 GFLOP/s ) 
Fri Jul 19 00:28:17, Info:  Performance since last sync point: 9.4189 TFLOP/s (rank 0: 590.3608 GFLOP/s , average over ranks: 588.6802 GFLOP/s ) 
Fri Jul 19 00:28:44, Info:  Writing faultoutput at time 1.5.
Fri Jul 19 00:28:44, Info:  Writing faultoutput at time 1.5. Done.
Fri Jul 19 00:28:44, Info:  Writing energy output at time 1.5 
Fri Jul 19 00:28:44, Info:  Elastic energy (total, % kinematic, % potential):  5.7729e+13  , 5.17258  , 94.8274 
Fri Jul 19 00:28:44, Info:  Total momentum (X, Y, Z): 0.6967  , -0.308938  , -0.027179 
Fri Jul 19 00:28:44, Info:  Frictional work (total, % static, % radiated):  5.93041e+13  , 82.072  , 17.928 
Fri Jul 19 00:28:44, Info:  Seismic moment (without plasticity): 2.70416e+17  Mw: 5.55136 
Fri Jul 19 00:28:44, Info:  Writing energy output at time 1.5 Done. 
Fri Jul 19 00:28:44, Info:  Time spent this phase (total): 26.6953 s (min: 26.6457 s, max: 26.7222 s)
Fri Jul 19 00:28:44, Info:  Time spent this phase (compute): 26.6952 s (min: 26.6457 s, max: 26.7222 s)
Fri Jul 19 00:28:44, Info:  Time spent this phase (IO): 50.6758 ms (min: 37.9484 ms, max: 78.2316 ms)
Fri Jul 19 00:28:44, Info:  Performance since the start: 9.3968 TFLOP/s (rank 0: 588.7090 GFLOP/s , average over ranks: 587.2999 GFLOP/s ) 
Fri Jul 19 00:28:44, Info:  Performance since last sync point: 9.4276 TFLOP/s (rank 0: 590.8412 GFLOP/s , average over ranks: 589.2247 GFLOP/s ) 
Fri Jul 19 00:29:10, Info:  Writing faultoutput at time 2.
Fri Jul 19 00:29:10, Info:  Writing faultoutput at time 2. Done.
Fri Jul 19 00:29:10, Info:  Writing free surface at time 2.
Fri Jul 19 00:29:10, Info:  Writing free surface at time 2. Done.
Fri Jul 19 00:29:10, Info:  Writing energy output at time 2 
Fri Jul 19 00:29:10, Info:  Elastic energy (total, % kinematic, % potential):  5.89227e+13  , 4.30385  , 95.6961 
Fri Jul 19 00:29:10, Info:  Total momentum (X, Y, Z): 3.59279  , -1.00008  , -0.366746 
Fri Jul 19 00:29:10, Info:  Frictional work (total, % static, % radiated):  6.05526e+13  , 86.5881  , 13.4119 
Fri Jul 19 00:29:10, Info:  Seismic moment (without plasticity): 2.8549e+17  Mw: 5.56706 
Fri Jul 19 00:29:10, Info:  Writing energy output at time 2 Done. 
Fri Jul 19 00:29:10, Info:  Time spent this phase (total): 26.5705 s (min: 26.5668 s, max: 26.5807 s)
Fri Jul 19 00:29:10, Info:  Time spent this phase (compute): 26.5704 s (min: 26.5667 s, max: 26.5806 s)
Fri Jul 19 00:29:10, Info:  Time spent this phase (IO): 51.4134 ms (min: 38.0566 ms, max: 78.0490 ms)
Fri Jul 19 00:29:10, Info:  Performance since the start: 9.4154 TFLOP/s (rank 0: 589.9452 GFLOP/s , average over ranks: 588.4647 GFLOP/s ) 
Fri Jul 19 00:29:10, Info:  Performance since last sync point: 9.4718 TFLOP/s (rank 0: 593.6852 GFLOP/s , average over ranks: 591.9871 GFLOP/s ) 
Fri Jul 19 00:29:37, Info:  Writing faultoutput at time 2.5.
Fri Jul 19 00:29:37, Info:  Writing faultoutput at time 2.5. Done.
Fri Jul 19 00:29:37, Info:  Writing energy output at time 2.5 
Fri Jul 19 00:29:37, Info:  Elastic energy (total, % kinematic, % potential):  5.9453e+13  , 4.1075  , 95.8925 
Fri Jul 19 00:29:37, Info:  Total momentum (X, Y, Z): -4.87855  , -2.63406  , 2.07892 
Fri Jul 19 00:29:37, Info:  Frictional work (total, % static, % radiated):  6.11091e+13  , 87.8506  , 12.1494 
Fri Jul 19 00:29:37, Info:  Seismic moment (without plasticity): 2.93847e+17  Mw: 5.57541 
Fri Jul 19 00:29:37, Info:  Writing energy output at time 2.5 Done. 
Fri Jul 19 00:29:37, Info:  Time spent this phase (total): 26.6006 s (min: 26.5838 s, max: 26.6448 s)
Fri Jul 19 00:29:37, Info:  Time spent this phase (compute): 26.6005 s (min: 26.5837 s, max: 26.6448 s)
Fri Jul 19 00:29:37, Info:  Time spent this phase (IO): 49.8510 ms (min: 37.8756 ms, max: 77.5819 ms)
Fri Jul 19 00:29:37, Info:  Performance since the start: 9.4245 TFLOP/s (rank 0: 590.5771 GFLOP/s , average over ranks: 589.0326 GFLOP/s ) 
Fri Jul 19 00:29:37, Info:  Performance since last sync point: 9.4611 TFLOP/s (rank 0: 593.1180 GFLOP/s , average over ranks: 591.3157 GFLOP/s ) 
Fri Jul 19 00:30:03, Info:  Writing faultoutput at time 3.
Fri Jul 19 00:30:03, Info:  Writing faultoutput at time 3. Done.
Fri Jul 19 00:30:03, Info:  Writing free surface at time 3.
Fri Jul 19 00:30:03, Info:  Writing free surface at time 3. Done.
Fri Jul 19 00:30:03, Info:  Writing energy output at time 3 
Fri Jul 19 00:30:04, Info:  Elastic energy (total, % kinematic, % potential):  6.00573e+13  , 4.00178  , 95.9982 
Fri Jul 19 00:30:04, Info:  Total momentum (X, Y, Z): -6.12958  , -1.17167  , 3.54341 
Fri Jul 19 00:30:04, Info:  Frictional work (total, % static, % radiated):  6.18291e+13  , 88.1101  , 11.8899 
Fri Jul 19 00:30:04, Info:  Seismic moment (without plasticity): 3.01193e+17  Mw: 5.58256 
Fri Jul 19 00:30:04, Info:  Writing energy output at time 3 Done. 
Fri Jul 19 00:30:04, Info:  Time spent this phase (total): 26.7071 s (min: 26.6955 s, max: 26.7179 s)
Fri Jul 19 00:30:04, Info:  Time spent this phase (compute): 26.7070 s (min: 26.6954 s, max: 26.7179 s)
Fri Jul 19 00:30:04, Info:  Time spent this phase (IO): 52.2098 ms (min: 38.0541 ms, max: 81.4896 ms)
Fri Jul 19 00:30:04, Info:  Performance since the start: 9.4243 TFLOP/s (rank 0: 590.5770 GFLOP/s , average over ranks: 589.0209 GFLOP/s ) 
Fri Jul 19 00:30:04, Info:  Performance since last sync point: 9.4234 TFLOP/s (rank 0: 590.5765 GFLOP/s , average over ranks: 588.9622 GFLOP/s ) 
Fri Jul 19 00:30:30, Info:  Writing faultoutput at time 3.5.
Fri Jul 19 00:30:30, Info:  Writing faultoutput at time 3.5. Done.
Fri Jul 19 00:30:30, Info:  Writing energy output at time 3.5 
Fri Jul 19 00:30:30, Info:  Elastic energy (total, % kinematic, % potential):  6.08102e+13  , 3.7824  , 96.2176 
Fri Jul 19 00:30:30, Info:  Total momentum (X, Y, Z): -3.06151  , 1.17489  , 4.01304 
Fri Jul 19 00:30:30, Info:  Frictional work (total, % static, % radiated):  6.26482e+13  , 88.1527  , 11.8473 
Fri Jul 19 00:30:30, Info:  Seismic moment (without plasticity): 3.08656e+17  Mw: 5.58965 
Fri Jul 19 00:30:30, Info:  Writing energy output at time 3.5 Done. 
Fri Jul 19 00:30:30, Info:  Time spent this phase (total): 26.6721 s (min: 26.6641 s, max: 26.6796 s)
Fri Jul 19 00:30:30, Info:  Time spent this phase (compute): 26.6720 s (min: 26.6640 s, max: 26.6795 s)
Fri Jul 19 00:30:30, Info:  Time spent this phase (IO): 51.1624 ms (min: 37.8880 ms, max: 78.0486 ms)
Fri Jul 19 00:30:30, Info:  Performance since the start: 9.4260 TFLOP/s (rank 0: 590.6630 GFLOP/s , average over ranks: 589.1227 GFLOP/s ) 
Fri Jul 19 00:30:30, Info:  Performance since last sync point: 9.4357 TFLOP/s (rank 0: 591.1800 GFLOP/s , average over ranks: 589.7342 GFLOP/s ) 
Fri Jul 19 00:30:57, Info:  Writing faultoutput at time 4.
Fri Jul 19 00:30:57, Info:  Writing faultoutput at time 4. Done.
Fri Jul 19 00:30:57, Info:  Writing free surface at time 4.
Fri Jul 19 00:30:57, Info:  Writing free surface at time 4. Done.
Fri Jul 19 00:30:57, Info:  Writing energy output at time 4 
Fri Jul 19 00:30:57, Info:  Elastic energy (total, % kinematic, % potential):  6.17706e+13  , 3.60191  , 96.3981 
Fri Jul 19 00:30:57, Info:  Total momentum (X, Y, Z): -3.29968  , 1.36744  , 5.27289 
Fri Jul 19 00:30:57, Info:  Frictional work (total, % static, % radiated):  6.36102e+13  , 88.3115  , 11.6885 
Fri Jul 19 00:30:57, Info:  Seismic moment (without plasticity): 3.16251e+17  Mw: 5.59669 
Fri Jul 19 00:30:57, Info:  Writing energy output at time 4 Done. 
Fri Jul 19 00:30:57, Info:  Time spent this phase (total): 26.5439 s (min: 26.5318 s, max: 26.5718 s)
Fri Jul 19 00:30:57, Info:  Time spent this phase (compute): 26.5438 s (min: 26.5312 s, max: 26.5717 s)
Fri Jul 19 00:30:57, Info:  Time spent this phase (IO): 50.2304 ms (min: 38.1091 ms, max: 77.5888 ms)
Fri Jul 19 00:30:57, Info:  Performance since the start: 9.4328 TFLOP/s (rank 0: 591.1365 GFLOP/s , average over ranks: 589.5524 GFLOP/s ) 
Fri Jul 19 00:30:57, Info:  Performance since last sync point: 9.4813 TFLOP/s (rank 0: 594.4723 GFLOP/s , average over ranks: 592.5781 GFLOP/s ) 
Fri Jul 19 00:31:24, Info:  Writing faultoutput at time 4.5.
Fri Jul 19 00:31:24, Info:  Writing faultoutput at time 4.5. Done.
Fri Jul 19 00:31:24, Info:  Writing energy output at time 4.5 
Fri Jul 19 00:31:24, Info:  Elastic energy (total, % kinematic, % potential):  6.29711e+13  , 3.43031  , 96.5697 
Fri Jul 19 00:31:24, Info:  Total momentum (X, Y, Z): -1.16357  , -4.63953  , 64.6729 
Fri Jul 19 00:31:24, Info:  Frictional work (total, % static, % radiated):  6.48192e+13  , 88.4574  , 11.5426 
Fri Jul 19 00:31:24, Info:  Seismic moment (without plasticity): 3.2418e+17  Mw: 5.60386 
Fri Jul 19 00:31:24, Info:  Writing energy output at time 4.5 Done. 
Fri Jul 19 00:31:24, Info:  Time spent this phase (total): 26.8786 s (min: 26.8477 s, max: 26.8926 s)
Fri Jul 19 00:31:24, Info:  Time spent this phase (compute): 26.8785 s (min: 26.8477 s, max: 26.8926 s)
Fri Jul 19 00:31:24, Info:  Time spent this phase (IO): 50.8533 ms (min: 37.9352 ms, max: 77.6236 ms)
Fri Jul 19 00:31:24, Info:  Performance since the start: 9.4251 TFLOP/s (rank 0: 590.6302 GFLOP/s , average over ranks: 589.0664 GFLOP/s ) 
Fri Jul 19 00:31:24, Info:  Performance since last sync point: 9.3633 TFLOP/s (rank 0: 586.6109 GFLOP/s , average over ranks: 585.2069 GFLOP/s ) 
Fri Jul 19 00:31:50, Info:  Writing faultoutput at time 5.
Fri Jul 19 00:31:50, Info:  Writing faultoutput at time 5. Done.
Fri Jul 19 00:31:50, Info:  Writing free surface at time 5.
Fri Jul 19 00:31:50, Info:  Writing free surface at time 5. Done.
Fri Jul 19 00:31:50, Info:  Writing energy output at time 5 
Fri Jul 19 00:31:50, Info:  Elastic energy (total, % kinematic, % potential):  6.41945e+13  , 3.17167  , 96.8283 
Fri Jul 19 00:31:50, Info:  Total momentum (X, Y, Z): -44.4785  , 54.3473  , -265.131 
Fri Jul 19 00:31:50, Info:  Frictional work (total, % static, % radiated):  6.61358e+13  , 88.499  , 11.501 
Fri Jul 19 00:31:50, Info:  Seismic moment (without plasticity): 3.31526e+17  Mw: 5.61034 
Fri Jul 19 00:31:50, Info:  Writing energy output at time 5 Done. 
Fri Jul 19 00:31:50, Info:  Time spent this phase (total): 26.7651 s (min: 26.7324 s, max: 26.8002 s)
Fri Jul 19 00:31:50, Info:  Time spent this phase (compute): 26.7650 s (min: 26.7323 s, max: 26.8001 s)
Fri Jul 19 00:31:50, Info:  Time spent this phase (IO): 51.8124 ms (min: 38.3336 ms, max: 77.8471 ms)
Fri Jul 19 00:31:50, Info:  Performance since the start: 9.4229 TFLOP/s (rank 0: 590.4280 GFLOP/s , average over ranks: 588.9282 GFLOP/s ) 
Fri Jul 19 00:31:50, Info:  Performance since last sync point: 9.4030 TFLOP/s (rank 0: 588.6144 GFLOP/s , average over ranks: 587.6884 GFLOP/s ) 
Fri Jul 19 00:32:17, Info:  Writing faultoutput at time 5.5.
Fri Jul 19 00:32:17, Info:  Writing faultoutput at time 5.5. Done.
Fri Jul 19 00:32:17, Info:  Writing energy output at time 5.5 
Fri Jul 19 00:32:17, Info:  Elastic energy (total, % kinematic, % potential):  6.51543e+13  , 3.01388  , 96.9861 
Fri Jul 19 00:32:17, Info:  Total momentum (X, Y, Z): 168.765  , -169.312  , 436.879 
Fri Jul 19 00:32:17, Info:  Frictional work (total, % static, % radiated):  6.71875e+13  , 88.5773  , 11.4227 
Fri Jul 19 00:32:17, Info:  Seismic moment (without plasticity): 3.37595e+17  Mw: 5.6156 
Fri Jul 19 00:32:17, Info:  Writing energy output at time 5.5 Done. 
Fri Jul 19 00:32:17, Info:  Time spent this phase (total): 26.5677 s (min: 26.5202 s, max: 26.6271 s)
Fri Jul 19 00:32:17, Info:  Time spent this phase (compute): 26.5676 s (min: 26.5202 s, max: 26.6270 s)
Fri Jul 19 00:32:17, Info:  Time spent this phase (IO): 53.2943 ms (min: 37.8469 ms, max: 92.5575 ms)
Fri Jul 19 00:32:17, Info:  Performance since the start: 9.4274 TFLOP/s (rank 0: 590.7772 GFLOP/s , average over ranks: 589.2100 GFLOP/s ) 
Fri Jul 19 00:32:17, Info:  Performance since last sync point: 9.4727 TFLOP/s (rank 0: 594.2917 GFLOP/s , average over ranks: 592.0438 GFLOP/s ) 
Fri Jul 19 00:32:44, Info:  Writing faultoutput at time 6.
Fri Jul 19 00:32:44, Info:  Writing faultoutput at time 6. Done.
Fri Jul 19 00:32:44, Info:  Writing free surface at time 6.
Fri Jul 19 00:32:44, Info:  Writing free surface at time 6. Done.
Fri Jul 19 00:32:44, Info:  Writing energy output at time 6 
Fri Jul 19 00:32:44, Info:  Elastic energy (total, % kinematic, % potential):  6.56739e+13  , 2.90546  , 97.0945 
Fri Jul 19 00:32:44, Info:  Total momentum (X, Y, Z): -573.756  , 383.209  , 1979.78 
Fri Jul 19 00:32:44, Info:  Frictional work (total, % static, % radiated):  6.77663e+13  , 88.7901  , 11.2099 
Fri Jul 19 00:32:44, Info:  Seismic moment (without plasticity): 3.42105e+17  Mw: 5.61944 
Fri Jul 19 00:32:44, Info:  Writing energy output at time 6 Done. 
Fri Jul 19 00:32:44, Info:  Time spent this phase (total): 26.6163 s (min: 26.5498 s, max: 26.6385 s)
Fri Jul 19 00:32:44, Info:  Time spent this phase (compute): 26.6163 s (min: 26.5497 s, max: 26.6384 s)
Fri Jul 19 00:32:44, Info:  Time spent this phase (IO): 51.0576 ms (min: 39.6204 ms, max: 78.5884 ms)
Fri Jul 19 00:32:44, Info:  Performance since the start: 9.4297 TFLOP/s (rank 0: 590.9175 GFLOP/s , average over ranks: 589.3567 GFLOP/s ) 
Fri Jul 19 00:32:44, Info:  Performance since last sync point: 9.4556 TFLOP/s (rank 0: 592.4657 GFLOP/s , average over ranks: 590.9754 GFLOP/s ) 
Fri Jul 19 00:33:10, Info:  Writing faultoutput at time 6.5.
Fri Jul 19 00:33:10, Info:  Writing faultoutput at time 6.5. Done.
Fri Jul 19 00:33:10, Info:  Writing energy output at time 6.5 
Fri Jul 19 00:33:10, Info:  Elastic energy (total, % kinematic, % potential):  6.61853e+13  , 2.76683  , 97.2332 
Fri Jul 19 00:33:10, Info:  Total momentum (X, Y, Z): 1821.63  , -370.102  , -20401.9 
Fri Jul 19 00:33:10, Info:  Frictional work (total, % static, % radiated):  6.82868e+13  , 89.0525  , 10.9475 
Fri Jul 19 00:33:10, Info:  Seismic moment (without plasticity): 3.47005e+17  Mw: 5.62356 
Fri Jul 19 00:33:10, Info:  Writing energy output at time 6.5 Done. 
Fri Jul 19 00:33:10, Info:  Time spent this phase (total): 26.5479 s (min: 26.5445 s, max: 26.5630 s)
Fri Jul 19 00:33:10, Info:  Time spent this phase (compute): 26.5478 s (min: 26.5444 s, max: 26.5629 s)
Fri Jul 19 00:33:10, Info:  Time spent this phase (IO): 50.7025 ms (min: 37.9188 ms, max: 78.2798 ms)
Fri Jul 19 00:33:10, Info:  Performance since the start: 9.4335 TFLOP/s (rank 0: 591.1652 GFLOP/s , average over ranks: 589.5966 GFLOP/s ) 
Fri Jul 19 00:33:10, Info:  Performance since last sync point: 9.4799 TFLOP/s (rank 0: 594.1532 GFLOP/s , average over ranks: 592.4916 GFLOP/s ) 
Fri Jul 19 00:33:37, Info:  Writing faultoutput at time 7.
Fri Jul 19 00:33:37, Info:  Writing faultoutput at time 7. Done.
Fri Jul 19 00:33:37, Info:  Writing free surface at time 7.
Fri Jul 19 00:33:37, Info:  Writing free surface at time 7. Done.
Fri Jul 19 00:33:37, Info:  Writing energy output at time 7 
Fri Jul 19 00:33:37, Info:  Elastic energy (total, % kinematic, % potential):  6.71317e+13  , 2.66742  , 97.3326 
Fri Jul 19 00:33:37, Info:  Total momentum (X, Y, Z): -6494.69  , 402.967  , 101752 
Fri Jul 19 00:33:37, Info:  Frictional work (total, % static, % radiated):  6.92419e+13  , 89.225  , 10.775 
Fri Jul 19 00:33:37, Info:  Seismic moment (without plasticity): 3.52999e+17  Mw: 5.62852 
Fri Jul 19 00:33:37, Info:  Writing energy output at time 7 Done. 
Fri Jul 19 00:33:37, Info:  Time spent this phase (total): 26.6465 s (min: 26.6318 s, max: 26.6493 s)
Fri Jul 19 00:33:37, Info:  Time spent this phase (compute): 26.6464 s (min: 26.6318 s, max: 26.6493 s)
Fri Jul 19 00:33:37, Info:  Time spent this phase (IO): 51.0189 ms (min: 38.0315 ms, max: 77.7914 ms)
Fri Jul 19 00:33:37, Info:  Performance since the start: 9.4344 TFLOP/s (rank 0: 591.2159 GFLOP/s , average over ranks: 589.6469 GFLOP/s ) 
Fri Jul 19 00:33:37, Info:  Performance since last sync point: 9.4448 TFLOP/s (rank 0: 591.8766 GFLOP/s , average over ranks: 590.3011 GFLOP/s ) 
Fri Jul 19 00:34:03, Info:  Writing faultoutput at time 7.5.
Fri Jul 19 00:34:03, Info:  Writing faultoutput at time 7.5. Done.
Fri Jul 19 00:34:03, Info:  Writing energy output at time 7.5 
Fri Jul 19 00:34:03, Info:  Elastic energy (total, % kinematic, % potential):  6.8343e+13  , 2.54437  , 97.4556 
Fri Jul 19 00:34:03, Info:  Total momentum (X, Y, Z): 22791.1  , -5736.2  , -351745 
Fri Jul 19 00:34:03, Info:  Frictional work (total, % static, % radiated):  7.04669e+13  , 89.3242  , 10.6758 
Fri Jul 19 00:34:03, Info:  Seismic moment (without plasticity): 3.60017e+17  Mw: 5.63422 
Fri Jul 19 00:34:03, Info:  Writing energy output at time 7.5 Done. 
Fri Jul 19 00:34:03, Info:  Time spent this phase (total): 26.6032 s (min: 26.5989 s, max: 26.6278 s)
Fri Jul 19 00:34:03, Info:  Time spent this phase (compute): 26.6028 s (min: 26.5942 s, max: 26.6277 s)
Fri Jul 19 00:34:03, Info:  Time spent this phase (IO): 50.4630 ms (min: 37.8808 ms, max: 78.0582 ms)
Fri Jul 19 00:34:03, Info:  Performance since the start: 9.4361 TFLOP/s (rank 0: 591.3317 GFLOP/s , average over ranks: 589.7541 GFLOP/s ) 
Fri Jul 19 00:34:03, Info:  Performance since last sync point: 9.4602 TFLOP/s (rank 0: 592.9566 GFLOP/s , average over ranks: 591.2594 GFLOP/s ) 
Fri Jul 19 00:34:30, Info:  Writing faultoutput at time 8.
Fri Jul 19 00:34:30, Info:  Writing faultoutput at time 8. Done.
Fri Jul 19 00:34:30, Info:  Writing free surface at time 8.
Fri Jul 19 00:34:30, Info:  Writing free surface at time 8. Done.
Fri Jul 19 00:34:30, Info:  Writing energy output at time 8 
Fri Jul 19 00:34:30, Info:  Elastic energy (total, % kinematic, % potential):  6.95391e+13  , 2.42397  , 97.576 
Fri Jul 19 00:34:30, Info:  Total momentum (X, Y, Z): -67134.1  , 32389.3  , 880146 
Fri Jul 19 00:34:30, Info:  Frictional work (total, % static, % radiated):  7.16825e+13  , 89.5177  , 10.4823 
Fri Jul 19 00:34:30, Info:  Seismic moment (without plasticity): 3.67288e+17  Mw: 5.64 
Fri Jul 19 00:34:30, Info:  Writing energy output at time 8 Done. 
Fri Jul 19 00:34:30, Info:  Time spent this phase (total): 26.5333 s (min: 26.5163 s, max: 26.5796 s)
Fri Jul 19 00:34:30, Info:  Time spent this phase (compute): 26.5332 s (min: 26.5162 s, max: 26.5795 s)
Fri Jul 19 00:34:30, Info:  Time spent this phase (IO): 53.7174 ms (min: 38.0302 ms, max: 92.0487 ms)
Fri Jul 19 00:34:30, Info:  Performance since the start: 9.4391 TFLOP/s (rank 0: 591.5282 GFLOP/s , average over ranks: 589.9444 GFLOP/s ) 
Fri Jul 19 00:34:30, Info:  Performance since last sync point: 9.4850 TFLOP/s (rank 0: 594.4926 GFLOP/s , average over ranks: 592.8137 GFLOP/s ) 
Fri Jul 19 00:34:56, Info:  Writing faultoutput at time 8.5.
Fri Jul 19 00:34:56, Info:  Writing faultoutput at time 8.5. Done.
Fri Jul 19 00:34:56, Info:  Writing energy output at time 8.5 
Fri Jul 19 00:34:57, Info:  Elastic energy (total, % kinematic, % potential):  7.08336e+13  , 2.28728  , 97.7127 
Fri Jul 19 00:34:57, Info:  Total momentum (X, Y, Z): 153795  , -89698.6  , -1.42977e+06 
Fri Jul 19 00:34:57, Info:  Frictional work (total, % static, % radiated):  7.30143e+13  , 89.6173  , 10.3827 
Fri Jul 19 00:34:57, Info:  Seismic moment (without plasticity): 3.7488e+17  Mw: 5.64593 
Fri Jul 19 00:34:57, Info:  Writing energy output at time 8.5 Done. 
Fri Jul 19 00:34:57, Info:  Time spent this phase (total): 26.6697 s (min: 26.6471 s, max: 26.7083 s)
Fri Jul 19 00:34:57, Info:  Time spent this phase (compute): 26.6696 s (min: 26.6471 s, max: 26.7082 s)
Fri Jul 19 00:34:57, Info:  Time spent this phase (IO): 54.1307 ms (min: 37.8763 ms, max: 114.2211 ms)
Fri Jul 19 00:34:57, Info:  Performance since the start: 9.4390 TFLOP/s (rank 0: 591.5165 GFLOP/s , average over ranks: 589.9349 GFLOP/s ) 
Fri Jul 19 00:34:57, Info:  Performance since last sync point: 9.4365 TFLOP/s (rank 0: 591.3279 GFLOP/s , average over ranks: 589.7842 GFLOP/s ) 
Fri Jul 19 00:35:23, Info:  Writing faultoutput at time 9.
Fri Jul 19 00:35:23, Info:  Writing faultoutput at time 9. Done.
Fri Jul 19 00:35:23, Info:  Writing free surface at time 9.
Fri Jul 19 00:35:23, Info:  Writing free surface at time 9. Done.
Fri Jul 19 00:35:23, Info:  Writing energy output at time 9 
Fri Jul 19 00:35:23, Info:  Elastic energy (total, % kinematic, % potential):  7.19586e+13  , 2.15652  , 97.8435 
Fri Jul 19 00:35:23, Info:  Total momentum (X, Y, Z): -268387  , 120675  , 303965 
Fri Jul 19 00:35:23, Info:  Frictional work (total, % static, % radiated):  7.41676e+13  , 89.9277  , 10.0723 
Fri Jul 19 00:35:23, Info:  Seismic moment (without plasticity): 3.82381e+17  Mw: 5.65166 
Fri Jul 19 00:35:23, Info:  Writing energy output at time 9 Done. 
Fri Jul 19 00:35:23, Info:  Time spent this phase (total): 26.7327 s (min: 26.6839 s, max: 26.7658 s)
Fri Jul 19 00:35:23, Info:  Time spent this phase (compute): 26.7327 s (min: 26.6839 s, max: 26.7658 s)
Fri Jul 19 00:35:23, Info:  Time spent this phase (IO): 52.2822 ms (min: 38.0809 ms, max: 86.0819 ms)
Fri Jul 19 00:35:23, Info:  Performance since the start: 9.4376 TFLOP/s (rank 0: 591.4411 GFLOP/s , average over ranks: 589.8495 GFLOP/s ) 
Fri Jul 19 00:35:23, Info:  Performance since last sync point: 9.4144 TFLOP/s (rank 0: 590.1636 GFLOP/s , average over ranks: 588.4015 GFLOP/s ) 
Fri Jul 19 00:35:50, Info:  Writing faultoutput at time 9.5.
Fri Jul 19 00:35:50, Info:  Writing faultoutput at time 9.5. Done.
Fri Jul 19 00:35:50, Info:  Writing energy output at time 9.5 
Fri Jul 19 00:35:50, Info:  Elastic energy (total, % kinematic, % potential):  7.31574e+13  , 2.02298  , 97.977 
Fri Jul 19 00:35:50, Info:  Total momentum (X, Y, Z): 380214  , -100881  , 7.61194e+06 
Fri Jul 19 00:35:50, Info:  Frictional work (total, % static, % radiated):  7.5434e+13  , 90.1492  , 9.85079 
Fri Jul 19 00:35:50, Info:  Seismic moment (without plasticity): 3.90188e+17  Mw: 5.65752 
Fri Jul 19 00:35:50, Info:  Writing energy output at time 9.5 Done. 
Fri Jul 19 00:35:50, Info:  Time spent this phase (total): 26.5971 s (min: 26.5806 s, max: 26.6023 s)
Fri Jul 19 00:35:50, Info:  Time spent this phase (compute): 26.5970 s (min: 26.5805 s, max: 26.6022 s)
Fri Jul 19 00:35:50, Info:  Time spent this phase (IO): 51.0039 ms (min: 37.9167 ms, max: 78.0179 ms)
Fri Jul 19 00:35:50, Info:  Performance since the start: 9.4389 TFLOP/s (rank 0: 591.5176 GFLOP/s , average over ranks: 589.9308 GFLOP/s ) 
Fri Jul 19 00:35:50, Info:  Performance since last sync point: 9.4624 TFLOP/s (rank 0: 592.8975 GFLOP/s , average over ranks: 591.3979 GFLOP/s ) 
Fri Jul 19 00:36:16, Info:  Writing faultoutput at time 10.
Fri Jul 19 00:36:16, Info:  Writing faultoutput at time 10. Done.
Fri Jul 19 00:36:16, Info:  Writing free surface at time 10.
Fri Jul 19 00:36:16, Info:  Writing free surface at time 10. Done.
Fri Jul 19 00:36:16, Info:  Wrote receivers in 5.19e-07 seconds. 
Fri Jul 19 00:36:16, Info:  Writing energy output at time 10 
Fri Jul 19 00:36:17, Info:  Elastic energy (total, % kinematic, % potential):  7.4599e+13  , 1.8911  , 98.1089 
Fri Jul 19 00:36:17, Info:  Total momentum (X, Y, Z): -502012  , 845351  , -3.1737e+07 
Fri Jul 19 00:36:17, Info:  Frictional work (total, % static, % radiated):  7.69287e+13  , 90.2602  , 9.73978 
Fri Jul 19 00:36:17, Info:  Seismic moment (without plasticity): 3.99012e+17  Mw: 5.66399 
Fri Jul 19 00:36:17, Info:  Writing energy output at time 10 Done. 
Fri Jul 19 00:36:17, Info:  Time spent this phase (total): 26.6827 s (min: 26.6192 s, max: 26.7490 s)
Fri Jul 19 00:36:17, Info:  Time spent this phase (compute): 26.6826 s (min: 26.6192 s, max: 26.7489 s)
Fri Jul 19 00:36:17, Info:  Time spent this phase (IO): 61.9816 ms (min: 38.1023 ms, max: 166.6307 ms)
Fri Jul 19 00:36:17, Info:  Performance since the start: 9.4385 TFLOP/s (rank 0: 591.4633 GFLOP/s , average over ranks: 589.9086 GFLOP/s ) 
Fri Jul 19 00:36:17, Info:  Performance since last sync point: 9.4318 TFLOP/s (rank 0: 590.4329 GFLOP/s , average over ranks: 589.4891 GFLOP/s ) 
Fri Jul 19 00:36:43, Info:  Writing faultoutput at time 10.5.
Fri Jul 19 00:36:43, Info:  Writing faultoutput at time 10.5. Done.
Fri Jul 19 00:36:43, Info:  Writing energy output at time 10.5 
Fri Jul 19 00:36:43, Info:  Elastic energy (total, % kinematic, % potential):  7.62407e+13  , 1.76793  , 98.2321 
Fri Jul 19 00:36:43, Info:  Total momentum (X, Y, Z): 382385  , -4.58766e+06  , 6.95362e+07 
Fri Jul 19 00:36:43, Info:  Frictional work (total, % static, % radiated):  7.85813e+13  , 90.5782  , 9.42175 
Fri Jul 19 00:36:43, Info:  Seismic moment (without plasticity): 4.09676e+17  Mw: 5.67163 
Fri Jul 19 00:36:43, Info:  Writing energy output at time 10.5 Done. 
Fri Jul 19 00:36:43, Info:  Time spent this phase (total): 26.7868 s (min: 26.6896 s, max: 26.8553 s)
Fri Jul 19 00:36:43, Info:  Time spent this phase (compute): 26.7867 s (min: 26.6895 s, max: 26.8552 s)
Fri Jul 19 00:36:43, Info:  Time spent this phase (IO): 50.6675 ms (min: 37.8452 ms, max: 77.9838 ms)
Fri Jul 19 00:36:43, Info:  Performance since the start: 9.4365 TFLOP/s (rank 0: 591.3637 GFLOP/s , average over ranks: 589.7801 GFLOP/s ) 
Fri Jul 19 00:36:43, Info:  Performance since last sync point: 9.3956 TFLOP/s (rank 0: 589.3790 GFLOP/s , average over ranks: 587.2239 GFLOP/s ) 
Fri Jul 19 00:37:10, Info:  Writing faultoutput at time 11.
Fri Jul 19 00:37:10, Info:  Writing faultoutput at time 11. Done.
Fri Jul 19 00:37:10, Info:  Writing free surface at time 11.
Fri Jul 19 00:37:10, Info:  Writing free surface at time 11. Done.
Fri Jul 19 00:37:10, Info:  Writing energy output at time 11 
Fri Jul 19 00:37:10, Info:  Elastic energy (total, % kinematic, % potential):  7.87475e+13  , 1.6622  , 98.3378 
Fri Jul 19 00:37:10, Info:  Total momentum (X, Y, Z): 1.52194e+06  , 1.01943e+07  , -3.31756e+07 
Fri Jul 19 00:37:10, Info:  Frictional work (total, % static, % radiated):  8.1074e+13  , 90.7969  , 9.20309 
Fri Jul 19 00:37:10, Info:  Seismic moment (without plasticity): 4.23352e+17  Mw: 5.68113 
Fri Jul 19 00:37:10, Info:  Writing energy output at time 11 Done. 
Fri Jul 19 00:37:10, Info:  Time spent this phase (total): 26.5836 s (min: 26.5813 s, max: 26.5968 s)
Fri Jul 19 00:37:10, Info:  Time spent this phase (compute): 26.5836 s (min: 26.5811 s, max: 26.5967 s)
Fri Jul 19 00:37:10, Info:  Time spent this phase (IO): 50.8711 ms (min: 38.0166 ms, max: 78.5492 ms)
Fri Jul 19 00:37:10, Info:  Performance since the start: 9.4379 TFLOP/s (rank 0: 591.4541 GFLOP/s , average over ranks: 589.8668 GFLOP/s ) 
Fri Jul 19 00:37:10, Info:  Performance since last sync point: 9.4671 TFLOP/s (rank 0: 593.3594 GFLOP/s , average over ranks: 591.6950 GFLOP/s ) 
Fri Jul 19 00:37:37, Info:  Writing faultoutput at time 11.5.
Fri Jul 19 00:37:37, Info:  Writing faultoutput at time 11.5. Done.
Fri Jul 19 00:37:37, Info:  Writing energy output at time 11.5 
Fri Jul 19 00:37:37, Info:  Elastic energy (total, % kinematic, % potential):  8.14296e+13  , 1.53321  , 98.4668 
Fri Jul 19 00:37:37, Info:  Total momentum (X, Y, Z): -7.97932e+06  , -3.44393e+06  , -3.05015e+08 
Fri Jul 19 00:37:37, Info:  Frictional work (total, % static, % radiated):  8.37162e+13  , 91.0269  , 8.9731 
Fri Jul 19 00:37:37, Info:  Seismic moment (without plasticity): 4.3764e+17  Mw: 5.69074 
Fri Jul 19 00:37:37, Info:  Writing energy output at time 11.5 Done. 
Fri Jul 19 00:37:37, Info:  Time spent this phase (total): 26.6309 s (min: 26.6181 s, max: 26.6332 s)
Fri Jul 19 00:37:37, Info:  Time spent this phase (compute): 26.6308 s (min: 26.6180 s, max: 26.6332 s)
Fri Jul 19 00:37:37, Info:  Time spent this phase (IO): 50.6324 ms (min: 37.8866 ms, max: 77.4824 ms)
Fri Jul 19 00:37:37, Info:  Performance since the start: 9.4384 TFLOP/s (rank 0: 591.4874 GFLOP/s , average over ranks: 589.9007 GFLOP/s ) 
Fri Jul 19 00:37:37, Info:  Performance since last sync point: 9.4503 TFLOP/s (rank 0: 592.2206 GFLOP/s , average over ranks: 590.6467 GFLOP/s ) 
Fri Jul 19 00:38:03, Info:  Writing faultoutput at time 12.
Fri Jul 19 00:38:03, Info:  Writing faultoutput at time 12. Done.
Fri Jul 19 00:38:03, Info:  Writing free surface at time 12.
Fri Jul 19 00:38:03, Info:  Writing free surface at time 12. Done.
Fri Jul 19 00:38:03, Info:  Writing energy output at time 12 
Fri Jul 19 00:38:03, Info:  Elastic energy (total, % kinematic, % potential):  8.38257e+13  , 1.44341  , 98.5566 
Fri Jul 19 00:38:03, Info:  Total momentum (X, Y, Z): 1.91638e+07  , -3.03168e+07  , 8.56591e+08 
Fri Jul 19 00:38:03, Info:  Frictional work (total, % static, % radiated):  8.60837e+13  , 91.459  , 8.54104 
Fri Jul 19 00:38:03, Info:  Seismic moment (without plasticity): 4.51542e+17  Mw: 5.6998 
Fri Jul 19 00:38:03, Info:  Writing energy output at time 12 Done. 
Fri Jul 19 00:38:03, Info:  Time spent this phase (total): 26.6132 s (min: 26.5898 s, max: 26.6866 s)
Fri Jul 19 00:38:03, Info:  Time spent this phase (compute): 26.6131 s (min: 26.5897 s, max: 26.6866 s)
Fri Jul 19 00:38:03, Info:  Time spent this phase (IO): 54.6268 ms (min: 38.0324 ms, max: 98.7147 ms)
Fri Jul 19 00:38:03, Info:  Performance since the start: 9.4392 TFLOP/s (rank 0: 591.5383 GFLOP/s , average over ranks: 589.9477 GFLOP/s ) 
Fri Jul 19 00:38:03, Info:  Performance since last sync point: 9.4565 TFLOP/s (rank 0: 592.7103 GFLOP/s , average over ranks: 591.0319 GFLOP/s ) 
Fri Jul 19 00:38:30, Info:  Writing faultoutput at time 12.5.
Fri Jul 19 00:38:30, Info:  Writing faultoutput at time 12.5. Done.
Fri Jul 19 00:38:30, Info:  Writing energy output at time 12.5 
Fri Jul 19 00:38:30, Info:  Elastic energy (total, % kinematic, % potential):  8.69507e+13  , 1.34993  , 98.6501 
Fri Jul 19 00:38:30, Info:  Total momentum (X, Y, Z): -2.09216e+07  , 5.19357e+07  , -4.18009e+07 
Fri Jul 19 00:38:30, Info:  Frictional work (total, % static, % radiated):  8.9213e+13  , 91.81  , 8.19 
Fri Jul 19 00:38:30, Info:  Seismic moment (without plasticity): 4.68538e+17  Mw: 5.7105 
Fri Jul 19 00:38:30, Info:  Writing energy output at time 12.5 Done. 
Fri Jul 19 00:38:30, Info:  Time spent this phase (total): 26.4802 s (min: 26.4330 s, max: 26.5032 s)
Fri Jul 19 00:38:30, Info:  Time spent this phase (compute): 26.4802 s (min: 26.4330 s, max: 26.5032 s)
Fri Jul 19 00:38:30, Info:  Time spent this phase (IO): 50.9751 ms (min: 37.8927 ms, max: 77.4401 ms)
Fri Jul 19 00:38:30, Info:  Performance since the start: 9.4417 TFLOP/s (rank 0: 591.7064 GFLOP/s , average over ranks: 590.1092 GFLOP/s ) 
Fri Jul 19 00:38:30, Info:  Performance since last sync point: 9.5042 TFLOP/s (rank 0: 595.7719 GFLOP/s , average over ranks: 594.0118 GFLOP/s ) 
Fri Jul 19 00:38:56, Info:  Writing faultoutput at time 13.
Fri Jul 19 00:38:56, Info:  Writing faultoutput at time 13. Done.
Fri Jul 19 00:38:56, Info:  Writing free surface at time 13.
Fri Jul 19 00:38:56, Info:  Writing free surface at time 13. Done.
Fri Jul 19 00:38:56, Info:  Writing energy output at time 13 
Fri Jul 19 00:38:56, Info:  Elastic energy (total, % kinematic, % potential):  9.06393e+13  , 1.25299  , 98.747 
Fri Jul 19 00:38:56, Info:  Total momentum (X, Y, Z): -3.33816e+07  , 2.74315e+07  , -3.79128e+09 
Fri Jul 19 00:38:56, Info:  Frictional work (total, % static, % radiated):  9.28754e+13  , 92.0098  , 7.99025 
Fri Jul 19 00:38:56, Info:  Seismic moment (without plasticity): 4.87572e+17  Mw: 5.72203 
Fri Jul 19 00:38:56, Info:  Writing energy output at time 13 Done. 
Fri Jul 19 00:38:56, Info:  Time spent this phase (total): 26.5944 s (min: 26.5769 s, max: 26.6239 s)
Fri Jul 19 00:38:56, Info:  Time spent this phase (compute): 26.5943 s (min: 26.5769 s, max: 26.6238 s)
Fri Jul 19 00:38:56, Info:  Time spent this phase (IO): 51.5759 ms (min: 38.0087 ms, max: 80.2898 ms)
Fri Jul 19 00:38:56, Info:  Performance since the start: 9.4426 TFLOP/s (rank 0: 591.7633 GFLOP/s , average over ranks: 590.1608 GFLOP/s ) 
Fri Jul 19 00:38:56, Info:  Performance since last sync point: 9.4632 TFLOP/s (rank 0: 593.1894 GFLOP/s , average over ranks: 591.4531 GFLOP/s ) 
Fri Jul 19 00:39:23, Info:  Writing faultoutput at time 13.5.
Fri Jul 19 00:39:23, Info:  Writing faultoutput at time 13.5. Done.
Fri Jul 19 00:39:23, Info:  Writing energy output at time 13.5 
Fri Jul 19 00:39:23, Info:  Elastic energy (total, % kinematic, % potential):  9.40175e+13  , 1.15762  , 98.8424 
Fri Jul 19 00:39:23, Info:  Total momentum (X, Y, Z): 1.78205e+08  , -1.59525e+08  , 4.21189e+09 
Fri Jul 19 00:39:23, Info:  Frictional work (total, % static, % radiated):  9.62884e+13  , 92.1688  , 7.83121 
Fri Jul 19 00:39:23, Info:  Seismic moment (without plasticity): 5.05522e+17  Mw: 5.73249 
Fri Jul 19 00:39:23, Info:  Writing energy output at time 13.5 Done. 
Fri Jul 19 00:39:23, Info:  Time spent this phase (total): 26.4224 s (min: 26.3885 s, max: 26.4372 s)
Fri Jul 19 00:39:23, Info:  Time spent this phase (compute): 26.4223 s (min: 26.3885 s, max: 26.4372 s)
Fri Jul 19 00:39:23, Info:  Time spent this phase (IO): 50.8209 ms (min: 37.9095 ms, max: 78.1662 ms)
Fri Jul 19 00:39:23, Info:  Performance since the start: 9.4456 TFLOP/s (rank 0: 591.9448 GFLOP/s , average over ranks: 590.3499 GFLOP/s ) 
Fri Jul 19 00:39:23, Info:  Performance since last sync point: 9.5250 TFLOP/s (rank 0: 596.7018 GFLOP/s , average over ranks: 595.3119 GFLOP/s ) 
Fri Jul 19 00:39:49, Info:  Writing faultoutput at time 14.
Fri Jul 19 00:39:49, Info:  Writing faultoutput at time 14. Done.
Fri Jul 19 00:39:49, Info:  Writing free surface at time 14.
Fri Jul 19 00:39:49, Info:  Writing free surface at time 14. Done.
Fri Jul 19 00:39:49, Info:  Writing energy output at time 14 
Fri Jul 19 00:39:49, Info:  Elastic energy (total, % kinematic, % potential):  9.70421e+13  , 1.07322  , 98.9268 
Fri Jul 19 00:39:49, Info:  Total momentum (X, Y, Z): -2.53605e+08  , 7.76561e+07  , 1.18782e+10 
Fri Jul 19 00:39:49, Info:  Frictional work (total, % static, % radiated):  9.93334e+13  , 92.3947  , 7.60527 
Fri Jul 19 00:39:49, Info:  Seismic moment (without plasticity): 5.2201e+17  Mw: 5.74179 
Fri Jul 19 00:39:49, Info:  Writing energy output at time 14 Done. 
Fri Jul 19 00:39:49, Info:  Time spent this phase (total): 26.5763 s (min: 26.5695 s, max: 26.5876 s)
Fri Jul 19 00:39:49, Info:  Time spent this phase (compute): 26.5762 s (min: 26.5694 s, max: 26.5876 s)
Fri Jul 19 00:39:49, Info:  Time spent this phase (IO): 51.0342 ms (min: 38.2427 ms, max: 79.3928 ms)
Fri Jul 19 00:39:49, Info:  Performance since the start: 9.4465 TFLOP/s (rank 0: 592.0024 GFLOP/s , average over ranks: 590.4037 GFLOP/s ) 
Fri Jul 19 00:39:49, Info:  Performance since last sync point: 9.4697 TFLOP/s (rank 0: 593.5633 GFLOP/s , average over ranks: 591.8579 GFLOP/s ) 
Fri Jul 19 00:40:16, Info:  Writing faultoutput at time 14.5.
Fri Jul 19 00:40:16, Info:  Writing faultoutput at time 14.5. Done.
Fri Jul 19 00:40:16, Info:  Writing energy output at time 14.5 
Fri Jul 19 00:40:16, Info:  Elastic energy (total, % kinematic, % potential):  9.97545e+13  , 1.00472  , 98.9953 
Fri Jul 19 00:40:16, Info:  Total momentum (X, Y, Z): -1.58955e+08  , 2.55448e+08  , -2.63237e+10 
Fri Jul 19 00:40:16, Info:  Frictional work (total, % static, % radiated):  1.02094e+14  , 92.6728  , 7.32722 
Fri Jul 19 00:40:16, Info:  Seismic moment (without plasticity): 5.38177e+17  Mw: 5.75062 
Fri Jul 19 00:40:16, Info:  Writing energy output at time 14.5 Done. 
Fri Jul 19 00:40:16, Info:  Time spent this phase (total): 26.8222 s (min: 26.8127 s, max: 26.8315 s)
Fri Jul 19 00:40:16, Info:  Time spent this phase (compute): 26.8221 s (min: 26.8126 s, max: 26.8315 s)
Fri Jul 19 00:40:16, Info:  Time spent this phase (IO): 50.3088 ms (min: 38.2079 ms, max: 73.4318 ms)
Fri Jul 19 00:40:16, Info:  Performance since the start: 9.4443 TFLOP/s (rank 0: 591.8611 GFLOP/s , average over ranks: 590.2659 GFLOP/s ) 
Fri Jul 19 00:40:16, Info:  Performance since last sync point: 9.3830 TFLOP/s (rank 0: 587.9292 GFLOP/s , average over ranks: 586.4346 GFLOP/s ) 
Fri Jul 19 00:40:42, Info:  Writing faultoutput at time 15.
Fri Jul 19 00:40:43, Info:  Writing faultoutput at time 15. Done.
Fri Jul 19 00:40:43, Info:  Writing free surface at time 15.
Fri Jul 19 00:40:43, Info:  Writing free surface at time 15. Done.
Fri Jul 19 00:40:43, Info:  Writing energy output at time 15 
Fri Jul 19 00:40:43, Info:  Elastic energy (total, % kinematic, % potential):  1.02839e+14  , 0.942875  , 99.0571 
Fri Jul 19 00:40:43, Info:  Total momentum (X, Y, Z): 9.5846e+08  , -3.57386e+08  , -2.57481e+10 
Fri Jul 19 00:40:43, Info:  Frictional work (total, % static, % radiated):  1.05189e+14  , 92.9303  , 7.06967 
Fri Jul 19 00:40:43, Info:  Seismic moment (without plasticity): 5.56151e+17  Mw: 5.76013 
Fri Jul 19 00:40:43, Info:  Writing energy output at time 15 Done. 
Fri Jul 19 00:40:43, Info:  Time spent this phase (total): 26.4445 s (min: 26.4320 s, max: 26.4467 s)
Fri Jul 19 00:40:43, Info:  Time spent this phase (compute): 26.4444 s (min: 26.4320 s, max: 26.4467 s)
Fri Jul 19 00:40:43, Info:  Time spent this phase (IO): 51.0217 ms (min: 38.0379 ms, max: 78.0655 ms)
Fri Jul 19 00:40:43, Info:  Performance since the start: 9.4467 TFLOP/s (rank 0: 592.0108 GFLOP/s , average over ranks: 590.4162 GFLOP/s ) 
Fri Jul 19 00:40:43, Info:  Performance since last sync point: 9.5170 TFLOP/s (rank 0: 596.3862 GFLOP/s , average over ranks: 594.8097 GFLOP/s ) 
Fri Jul 19 00:41:09, Info:  Writing faultoutput at time 15.5.
Fri Jul 19 00:41:09, Info:  Writing faultoutput at time 15.5. Done.
Fri Jul 19 00:41:09, Info:  Writing energy output at time 15.5 
Fri Jul 19 00:41:09, Info:  Elastic energy (total, % kinematic, % potential):  1.0638e+14  , 0.88626  , 99.1137 
Fri Jul 19 00:41:09, Info:  Total momentum (X, Y, Z): -7.28938e+08  , 3.54162e+07  , 8.10486e+10 
Fri Jul 19 00:41:09, Info:  Frictional work (total, % static, % radiated):  1.08763e+14  , 93.038  , 6.962 
Fri Jul 19 00:41:09, Info:  Seismic moment (without plasticity): 5.757e+17  Mw: 5.77013 
Fri Jul 19 00:41:09, Info:  Writing energy output at time 15.5 Done. 
Fri Jul 19 00:41:09, Info:  Time spent this phase (total): 26.6017 s (min: 26.5934 s, max: 26.6419 s)
Fri Jul 19 00:41:09, Info:  Time spent this phase (compute): 26.6016 s (min: 26.5934 s, max: 26.6418 s)
Fri Jul 19 00:41:09, Info:  Time spent this phase (IO): 51.0357 ms (min: 39.5167 ms, max: 79.9905 ms)
Fri Jul 19 00:41:09, Info:  Performance since the start: 9.4471 TFLOP/s (rank 0: 592.0453 GFLOP/s , average over ranks: 590.4444 GFLOP/s ) 
Fri Jul 19 00:41:09, Info:  Performance since last sync point: 9.4607 TFLOP/s (rank 0: 593.0828 GFLOP/s , average over ranks: 591.2921 GFLOP/s ) 
Fri Jul 19 00:41:36, Info:  Writing faultoutput at time 16.
Fri Jul 19 00:41:36, Info:  Writing faultoutput at time 16. Done.
Fri Jul 19 00:41:36, Info:  Writing free surface at time 16.
Fri Jul 19 00:41:36, Info:  Writing free surface at time 16. Done.
Fri Jul 19 00:41:36, Info:  Writing energy output at time 16 
Fri Jul 19 00:41:36, Info:  Elastic energy (total, % kinematic, % potential):  1.0986e+14  , 0.831599  , 99.1684 
Fri Jul 19 00:41:36, Info:  Total momentum (X, Y, Z): -1.85108e+09  , 6.21446e+08  , 5.86543e+10 
Fri Jul 19 00:41:36, Info:  Frictional work (total, % static, % radiated):  1.12297e+14  , 93.1723  , 6.82772 
Fri Jul 19 00:41:36, Info:  Seismic moment (without plasticity): 5.95537e+17  Mw: 5.77994 
Fri Jul 19 00:41:36, Info:  Writing energy output at time 16 Done. 
Fri Jul 19 00:41:36, Info:  Time spent this phase (total): 26.8112 s (min: 26.7712 s, max: 26.8207 s)
Fri Jul 19 00:41:36, Info:  Time spent this phase (compute): 26.8111 s (min: 26.7711 s, max: 26.8207 s)
Fri Jul 19 00:41:36, Info:  Time spent this phase (IO): 51.0160 ms (min: 38.1598 ms, max: 77.0484 ms)
Fri Jul 19 00:41:36, Info:  Performance since the start: 9.4452 TFLOP/s (rank 0: 591.9215 GFLOP/s , average over ranks: 590.3259 GFLOP/s ) 
Fri Jul 19 00:41:36, Info:  Performance since last sync point: 9.3868 TFLOP/s (rank 0: 588.1105 GFLOP/s , average over ranks: 586.6751 GFLOP/s ) 
Fri Jul 19 00:42:02, Info:  Writing faultoutput at time 16.5.
Fri Jul 19 00:42:02, Info:  Writing faultoutput at time 16.5. Done.
Fri Jul 19 00:42:02, Info:  Writing energy output at time 16.5 
Fri Jul 19 00:42:03, Info:  Elastic energy (total, % kinematic, % potential):  1.13499e+14  , 0.786444  , 99.2136 
Fri Jul 19 00:42:03, Info:  Total momentum (X, Y, Z): 1.90589e+09  , -7.55296e+08  , -1.60048e+11 
Fri Jul 19 00:42:03, Info:  Frictional work (total, % static, % radiated):  1.1592e+14  , 93.5353  , 6.46466 
Fri Jul 19 00:42:03, Info:  Seismic moment (without plasticity): 6.17343e+17  Mw: 5.79035 
Fri Jul 19 00:42:03, Info:  Writing energy output at time 16.5 Done. 
Fri Jul 19 00:42:03, Info:  Time spent this phase (total): 26.5379 s (min: 26.5190 s, max: 26.5501 s)
Fri Jul 19 00:42:03, Info:  Time spent this phase (compute): 26.5379 s (min: 26.5190 s, max: 26.5501 s)
Fri Jul 19 00:42:03, Info:  Time spent this phase (IO): 52.2807 ms (min: 37.8803 ms, max: 85.8214 ms)
Fri Jul 19 00:42:03, Info:  Performance since the start: 9.4464 TFLOP/s (rank 0: 591.9950 GFLOP/s , average over ranks: 590.3980 GFLOP/s ) 
Fri Jul 19 00:42:03, Info:  Performance since last sync point: 9.4834 TFLOP/s (rank 0: 594.3541 GFLOP/s , average over ranks: 592.7140 GFLOP/s ) 
Fri Jul 19 00:42:29, Info:  Writing faultoutput at time 17.
Fri Jul 19 00:42:29, Info:  Writing faultoutput at time 17. Done.
Fri Jul 19 00:42:29, Info:  Writing free surface at time 17.
Fri Jul 19 00:42:29, Info:  Writing free surface at time 17. Done.
Fri Jul 19 00:42:29, Info:  Writing energy output at time 17 
Fri Jul 19 00:42:29, Info:  Elastic energy (total, % kinematic, % potential):  1.18196e+14  , 0.750626  , 99.2494 
Fri Jul 19 00:42:29, Info:  Total momentum (X, Y, Z): 3.84514e+09  , -5.99874e+08  , -1.63801e+11 
Fri Jul 19 00:42:29, Info:  Frictional work (total, % static, % radiated):  1.20645e+14  , 93.8108  , 6.1892 
Fri Jul 19 00:42:29, Info:  Seismic moment (without plasticity): 6.44134e+17  Mw: 5.80265 
Fri Jul 19 00:42:29, Info:  Writing energy output at time 17 Done. 
Fri Jul 19 00:42:29, Info:  Time spent this phase (total): 26.6648 s (min: 26.6504 s, max: 26.6820 s)
Fri Jul 19 00:42:29, Info:  Time spent this phase (compute): 26.6647 s (min: 26.6503 s, max: 26.6819 s)
Fri Jul 19 00:42:29, Info:  Time spent this phase (IO): 50.9948 ms (min: 38.0099 ms, max: 78.2648 ms)
Fri Jul 19 00:42:29, Info:  Performance since the start: 9.4461 TFLOP/s (rank 0: 591.9817 GFLOP/s , average over ranks: 590.3832 GFLOP/s ) 
Fri Jul 19 00:42:29, Info:  Performance since last sync point: 9.4383 TFLOP/s (rank 0: 591.5435 GFLOP/s , average over ranks: 589.8949 GFLOP/s ) 
Fri Jul 19 00:42:56, Info:  Writing faultoutput at time 17.5.
Fri Jul 19 00:42:56, Info:  Writing faultoutput at time 17.5. Done.
Fri Jul 19 00:42:56, Info:  Writing energy output at time 17.5 
Fri Jul 19 00:42:56, Info:  Elastic energy (total, % kinematic, % potential):  1.24062e+14  , 0.735652  , 99.2643 
Fri Jul 19 00:42:56, Info:  Total momentum (X, Y, Z): -1.72337e+09  , 9.8833e+08  , 4.85358e+11 
Fri Jul 19 00:42:56, Info:  Frictional work (total, % static, % radiated):  1.26614e+14  , 94.2832  , 5.71675 
Fri Jul 19 00:42:56, Info:  Seismic moment (without plasticity): 6.77961e+17  Mw: 5.81747 
Fri Jul 19 00:42:56, Info:  Writing energy output at time 17.5 Done. 
Fri Jul 19 00:42:56, Info:  Time spent this phase (total): 26.4994 s (min: 26.4919 s, max: 26.5229 s)
Fri Jul 19 00:42:56, Info:  Time spent this phase (compute): 26.4993 s (min: 26.4919 s, max: 26.5228 s)
Fri Jul 19 00:42:56, Info:  Time spent this phase (IO): 51.5758 ms (min: 37.9138 ms, max: 81.7022 ms)
Fri Jul 19 00:42:56, Info:  Performance since the start: 9.4476 TFLOP/s (rank 0: 592.0777 GFLOP/s , average over ranks: 590.4739 GFLOP/s ) 
Fri Jul 19 00:42:56, Info:  Performance since last sync point: 9.4972 TFLOP/s (rank 0: 595.3606 GFLOP/s , average over ranks: 593.5740 GFLOP/s ) 
Fri Jul 19 00:43:22, Info:  Writing faultoutput at time 18.
Fri Jul 19 00:43:22, Info:  Writing faultoutput at time 18. Done.
Fri Jul 19 00:43:22, Info:  Writing free surface at time 18.
Fri Jul 19 00:43:22, Info:  Writing free surface at time 18. Done.
Fri Jul 19 00:43:22, Info:  Writing energy output at time 18 
Fri Jul 19 00:43:22, Info:  Elastic energy (total, % kinematic, % potential):  1.32582e+14  , 0.750242  , 99.2498 
Fri Jul 19 00:43:22, Info:  Total momentum (X, Y, Z): -6.8305e+09  , 1.85531e+09  , 1.83588e+12 
Fri Jul 19 00:43:22, Info:  Frictional work (total, % static, % radiated):  1.35229e+14  , 94.5448  , 5.45517 
Fri Jul 19 00:43:22, Info:  Seismic moment (without plasticity): 7.24825e+17  Mw: 5.83682 
Fri Jul 19 00:43:22, Info:  Writing energy output at time 18 Done. 
Fri Jul 19 00:43:22, Info:  Time spent this phase (total): 26.5327 s (min: 26.5210 s, max: 26.5489 s)
Fri Jul 19 00:43:22, Info:  Time spent this phase (compute): 26.5326 s (min: 26.5210 s, max: 26.5488 s)
Fri Jul 19 00:43:22, Info:  Time spent this phase (IO): 51.0433 ms (min: 38.0634 ms, max: 79.1056 ms)
Fri Jul 19 00:43:22, Info:  Performance since the start: 9.4486 TFLOP/s (rank 0: 592.1369 GFLOP/s , average over ranks: 590.5391 GFLOP/s ) 
Fri Jul 19 00:43:22, Info:  Performance since last sync point: 9.4853 TFLOP/s (rank 0: 594.2178 GFLOP/s , average over ranks: 592.8325 GFLOP/s ) 
Fri Jul 19 00:43:49, Info:  Writing faultoutput at time 18.5.
Fri Jul 19 00:43:49, Info:  Writing faultoutput at time 18.5. Done.
Fri Jul 19 00:43:49, Info:  Writing energy output at time 18.5 
Fri Jul 19 00:43:49, Info:  Elastic energy (total, % kinematic, % potential):  1.4258e+14  , 0.726133  , 99.2739 
Fri Jul 19 00:43:49, Info:  Total momentum (X, Y, Z): -4.57408e+08  , -7.42617e+08  , 3.23764e+12 
Fri Jul 19 00:43:49, Info:  Frictional work (total, % static, % radiated):  1.45387e+14  , 94.5982  , 5.40184 
Fri Jul 19 00:43:49, Info:  Seismic moment (without plasticity): 7.77854e+17  Mw: 5.85727 
Fri Jul 19 00:43:49, Info:  Writing energy output at time 18.5 Done. 
Fri Jul 19 00:43:49, Info:  Time spent this phase (total): 26.5580 s (min: 26.5455 s, max: 26.5747 s)
Fri Jul 19 00:43:49, Info:  Time spent this phase (compute): 26.5579 s (min: 26.5451 s, max: 26.5747 s)
Fri Jul 19 00:43:49, Info:  Time spent this phase (IO): 50.3158 ms (min: 37.8991 ms, max: 72.1032 ms)
Fri Jul 19 00:43:49, Info:  Performance since the start: 9.4494 TFLOP/s (rank 0: 592.1916 GFLOP/s , average over ranks: 590.5857 GFLOP/s ) 
Fri Jul 19 00:43:49, Info:  Performance since last sync point: 9.4763 TFLOP/s (rank 0: 594.1657 GFLOP/s , average over ranks: 592.2674 GFLOP/s ) 
Fri Jul 19 00:44:15, Info:  Writing faultoutput at time 19.
Fri Jul 19 00:44:15, Info:  Writing faultoutput at time 19. Done.
Fri Jul 19 00:44:15, Info:  Writing free surface at time 19.
Fri Jul 19 00:44:15, Info:  Writing free surface at time 19. Done.
Fri Jul 19 00:44:15, Info:  Writing energy output at time 19 
Fri Jul 19 00:44:15, Info:  Elastic energy (total, % kinematic, % potential):  1.53246e+14  , 0.734119  , 99.2659 
Fri Jul 19 00:44:15, Info:  Total momentum (X, Y, Z): 8.36872e+09  , -7.01207e+09  , 3.80648e+12 
Fri Jul 19 00:44:15, Info:  Frictional work (total, % static, % radiated):  1.56177e+14  , 95.1657  , 4.83435 
Fri Jul 19 00:44:15, Info:  Seismic moment (without plasticity): 8.39584e+17  Mw: 5.87938 
Fri Jul 19 00:44:15, Info:  Writing energy output at time 19 Done. 
Fri Jul 19 00:44:15, Info:  Time spent this phase (total): 26.7059 s (min: 26.6605 s, max: 26.7374 s)
Fri Jul 19 00:44:15, Info:  Time spent this phase (compute): 26.7059 s (min: 26.6604 s, max: 26.7373 s)
Fri Jul 19 00:44:15, Info:  Time spent this phase (IO): 53.2636 ms (min: 38.0801 ms, max: 81.4029 ms)
Fri Jul 19 00:44:16, Info:  Performance since the start: 9.4487 TFLOP/s (rank 0: 592.1376 GFLOP/s , average over ranks: 590.5436 GFLOP/s ) 
Fri Jul 19 00:44:16, Info:  Performance since last sync point: 9.4238 TFLOP/s (rank 0: 590.1480 GFLOP/s , average over ranks: 588.9888 GFLOP/s ) 
Fri Jul 19 00:44:42, Info:  Writing faultoutput at time 19.5.
Fri Jul 19 00:44:42, Info:  Writing faultoutput at time 19.5. Done.
Fri Jul 19 00:44:42, Info:  Writing energy output at time 19.5 
Fri Jul 19 00:44:42, Info:  Elastic energy (total, % kinematic, % potential):  1.68601e+14  , 0.842509  , 99.1575 
Fri Jul 19 00:44:42, Info:  Total momentum (X, Y, Z): 9.76214e+08  , -1.76598e+09  , 3.63296e+12 
Fri Jul 19 00:44:42, Info:  Frictional work (total, % static, % radiated):  1.71464e+14  , 95.9283  , 4.07171 
Fri Jul 19 00:44:42, Info:  Seismic moment (without plasticity): 9.26079e+17  Mw: 5.90777 
Fri Jul 19 00:44:42, Info:  Writing energy output at time 19.5 Done. 
Fri Jul 19 00:44:42, Info:  Time spent this phase (total): 26.5950 s (min: 26.5755 s, max: 26.6107 s)
Fri Jul 19 00:44:42, Info:  Time spent this phase (compute): 26.5949 s (min: 26.5754 s, max: 26.6106 s)
Fri Jul 19 00:44:42, Info:  Time spent this phase (IO): 50.7670 ms (min: 37.9198 ms, max: 78.0274 ms)
Fri Jul 19 00:44:42, Info:  Performance since the start: 9.4491 TFLOP/s (rank 0: 592.1660 GFLOP/s , average over ranks: 590.5666 GFLOP/s ) 
Fri Jul 19 00:44:42, Info:  Performance since last sync point: 9.4631 TFLOP/s (rank 0: 593.2451 GFLOP/s , average over ranks: 591.4440 GFLOP/s ) 
Fri Jul 19 00:45:09, Info:  Writing faultoutput at time 20.
Fri Jul 19 00:45:09, Info:  Writing faultoutput at time 20. Done.
Fri Jul 19 00:45:09, Info:  Writing free surface at time 20.
Fri Jul 19 00:45:09, Info:  Writing free surface at time 20. Done.
Fri Jul 19 00:45:09, Info:  Wrote receivers in 5.1e-07 seconds. 
Fri Jul 19 00:45:09, Info:  Writing energy output at time 20 
Fri Jul 19 00:45:09, Info:  Elastic energy (total, % kinematic, % potential):  1.89832e+14  , 1.01851  , 98.9815 
Fri Jul 19 00:45:09, Info:  Total momentum (X, Y, Z): -8.63485e+09  , 1.32303e+10  , 3.62484e+12 
Fri Jul 19 00:45:09, Info:  Frictional work (total, % static, % radiated):  1.92511e+14  , 96.3813  , 3.61871 
Fri Jul 19 00:45:09, Info:  Seismic moment (without plasticity): 1.04198e+18  Mw: 5.94191 
Fri Jul 19 00:45:09, Info:  Writing energy output at time 20 Done. 
Fri Jul 19 00:45:09, Info:  Time spent this phase (total): 26.7262 s (min: 26.7223 s, max: 26.7282 s)
Fri Jul 19 00:45:09, Info:  Time spent this phase (compute): 26.7262 s (min: 26.7223 s, max: 26.7281 s)
Fri Jul 19 00:45:09, Info:  Time spent this phase (IO): 50.9748 ms (min: 38.0296 ms, max: 77.8620 ms)
Fri Jul 19 00:45:09, Info:  Performance since the start: 9.4483 TFLOP/s (rank 0: 592.1155 GFLOP/s , average over ranks: 590.5157 GFLOP/s ) 
Fri Jul 19 00:45:09, Info:  Performance since last sync point: 9.4166 TFLOP/s (rank 0: 590.1530 GFLOP/s , average over ranks: 588.5382 GFLOP/s ) 
Fri Jul 19 00:45:09, Info:  Ignoring duplicate synchronisation point at time 20 ; the last sync point was at  20 
Fri Jul 19 00:45:09, Info:  Ignoring duplicate synchronisation point at time 20 ; the last sync point was at  20 
Fri Jul 19 00:45:09, Info:  Ignoring duplicate synchronisation point at time 20 ; the last sync point was at  20 
Fri Jul 19 00:45:09, Info:  Ignoring duplicate synchronisation point at time 20 ; the last sync point was at  20 
Fri Jul 19 00:45:09, Info:  Simulation time (total): 17 min 45.4705 s (min: 17 min 45.4218 s, max: 17 min 45.4981 s)
Fri Jul 19 00:45:09, Info:  Simulation time (compute): 17 min 43.3462 s (min: 17 min 42.1440 s, max: 17 min 43.9177 s)
Fri Jul 19 00:45:09, Info:  Simulation time (IO): 2.1186 s (min: 1.5660 s, max: 3.3266 s)
Fri Jul 19 00:45:09, Info:  Time spent in compute kernels: mean = 1014.27  std = 23.1887  min = 945.659  median = 1016.19  max = 1049.46 
Fri Jul 19 00:45:09, Info:  Load imbalance: 3.35251 % 
Fri Jul 19 00:45:09, Info:  Regression analysis of compute kernels: 
Fri Jul 19 00:45:09, Info:  "computeLocalIntegration" (total time): 4925.46 s ( = 1 h 22 min 5.4639 s ) 
Fri Jul 19 00:45:09, Info:  "computeLocalIntegration" ( constant ): 2.08108e-05 (sample size: 5.33084e+06 , standard error: 4.77776e-12 ) 
Fri Jul 19 00:45:09, Info:  "computeLocalIntegration" ( per element ): 8.30875e-08 (sample size: 5.33084e+06 , standard error: 4.77776e-12 ) 
Fri Jul 19 00:45:09, Info:  "computeNeighboringIntegration" (total time): 5978.19 s ( = 1 h 39 min 38.1899 s ) 
Fri Jul 19 00:45:09, Info:  "computeNeighboringIntegration" ( constant ): 0.00013797 (sample size: 5.33084e+06 , standard error: 6.99534e-12 ) 
Fri Jul 19 00:45:09, Info:  "computeNeighboringIntegration" ( per element ): 9.04768e-08 (sample size: 5.33084e+06 , standard error: 6.99534e-12 ) 
Fri Jul 19 00:45:09, Info:  "computeDynamicRupture" (total time): 5324.73 s ( = 1 h 28 min 44.7292 s ) 
Fri Jul 19 00:45:09, Info:  "computeDynamicRupture" ( constant ): 8.11494e-05 (sample size: 4.06684e+06 , standard error: 3.89511e-11 ) 
Fri Jul 19 00:45:09, Info:  "computeDynamicRupture" ( per element ): 4.52136e-07 (sample size: 4.06684e+06 , standard error: 3.89511e-11 ) 
Fri Jul 19 00:45:09, Info:  "computePointSources" (total time): 0 s ( = 0.0000 s ) 
Fri Jul 19 00:45:09, Info:  "computePointSources" ( constant ): -nan (sample size: 0 , standard error: -nan ) 
Fri Jul 19 00:45:09, Info:  "computePointSources" ( per element ): -nan (sample size: 0 , standard error: -nan ) 
Fri Jul 19 00:45:09, Info:  Total time spent in compute kernels: 16228.4 s ( = 4 h 30 min 28.3829 s ) 
Fri Jul 19 00:45:09, Info:  Total calculated HW-FLOP:  10.0668 PFLOP 
Fri Jul 19 00:45:09, Info:  Total calculated NZ-FLOP:  4.0242 PFLOP 
Fri Jul 19 00:45:09, Info:  Total calculated HW-FLOP/s:  9.4480 TFLOP/s 
Fri Jul 19 00:45:09, Info:  Total calculated NZ-FLOP/s:  3.7768 TFLOP/s 
Fri Jul 19 00:45:09, Info:  WP calculated HW-FLOP:  8.3410 PFLOP 
Fri Jul 19 00:45:09, Info:  WP calculated NZ-FLOP:  2.7410 PFLOP 
Fri Jul 19 00:45:09, Info:  DR calculated HW-FLOP:  1.7258 PFLOP 
Fri Jul 19 00:45:09, Info:  DR calculated NZ-FLOP:  1.2832 PFLOP 
Fri Jul 19 00:45:09, Info:  PL calculated HW-FLOP:  0.0000 FLOP 
Fri Jul 19 00:45:09, Info:  PL calculated NZ-FLOP:  0.0000 FLOP 
Fri Jul 19 00:45:09, Info:  Time spent in simulation: 17 min 45.4986 s (min: 17 min 45.4982 s, max: 17 min 45.4994 s)
Fri Jul 19 00:45:09, Info:  Simulation done. 
Fri Jul 19 00:45:09, Info:  Closing IO. 
Fri Jul 19 00:45:10, Info:  Time fault writer backend: 4.3605 s (min: 1.7802 s, max: 26.9472 s)
Fri Jul 19 00:45:10, Info:  Time fault writer frontend: 46.1360 ms (min: 38.5247 ms, max: 55.6911 ms)
Fri Jul 19 00:45:10, Info:  Time free surface writer backend: 732.6249 ms (min: 569.9540 s, max: 6.9306 s)
Fri Jul 19 00:45:10, Info:  Time free surface writer frontend: 3.1086 ms (min: 398.8200 s, max: 8.8108 ms)
Fri Jul 19 00:45:10, Info:  SeisSol done. Goodbye. 
/hppfs/scratch/01/di35poq/haiti-rupture-outputs/dynamic-rupture-outputs/outputs_tmp ~/haiti-rupture-inputs/dynamic-rupture/regional-only
Writing hdf5 output with compression enabled (compression_level=4). 
Use --compression=0 if you want to speed-up data extraction.
ASl: 0it [00:00, ?it/s]ASl: 1it [00:00,  9.82it/s]ASl: 4it [00:00, 20.10it/s]ASl: 8it [00:00, 25.06it/s]ASl: 16it [00:00, 42.07it/s]ASl: 24it [00:00, 51.69it/s]ASl: 32it [00:00, 57.89it/s]ASl: 40it [00:00, 50.40it/s]
Sls: 0it [00:00, ?it/s]Sls: 1it [00:00,  7.27it/s]Sls: 4it [00:00, 13.57it/s]Sls: 8it [00:00, 18.93it/s]Sls: 12it [00:00, 23.12it/s]Sls: 16it [00:00, 26.85it/s]Sls: 20it [00:00, 29.48it/s]Sls: 24it [00:00, 31.29it/s]Sls: 28it [00:01, 29.43it/s]Sls: 32it [00:01, 31.08it/s]Sls: 36it [00:01, 31.06it/s]Sls: 40it [00:01, 33.22it/s]Sls: 40it [00:01, 27.89it/s]
Sld: 0it [00:00, ?it/s]Sld: 1it [00:00,  6.90it/s]Sld: 4it [00:00, 15.50it/s]Sld: 8it [00:00, 20.12it/s]Sld: 12it [00:00, 20.99it/s]Sld: 16it [00:00, 25.25it/s]Sld: 20it [00:00, 25.44it/s]Sld: 24it [00:00, 28.28it/s]Sld: 28it [00:01, 26.93it/s]Sld: 32it [00:01, 29.34it/s]Sld: 36it [00:01, 27.39it/s]Sld: 40it [00:01, 29.90it/s]Sld: 40it [00:01, 25.86it/s]
Ts0: 0it [00:00, ?it/s]Ts0: 1it [00:00,  7.74it/s]Ts0: 2it [00:00,  6.64it/s]Ts0: 4it [00:00,  7.61it/s]Ts0: 6it [00:00,  9.36it/s]Ts0: 8it [00:01,  7.60it/s]Ts0: 10it [00:01,  8.87it/s]Ts0: 12it [00:01,  9.16it/s]Ts0: 14it [00:01, 10.00it/s]Ts0: 16it [00:01,  9.77it/s]Ts0: 18it [00:01, 10.38it/s]Ts0: 20it [00:02,  9.25it/s]Ts0: 22it [00:02,  9.91it/s]Ts0: 24it [00:02, 10.15it/s]Ts0: 26it [00:02, 10.58it/s]Ts0: 28it [00:02, 10.62it/s]Ts0: 30it [00:03, 10.92it/s]Ts0: 32it [00:03, 10.85it/s]Ts0: 34it [00:03, 11.09it/s]Ts0: 36it [00:03, 11.03it/s]Ts0: 38it [00:03, 11.21it/s]Ts0: 40it [00:03, 11.12it/s]Ts0: 40it [00:03, 10.03it/s]
Td0: 0it [00:00, ?it/s]Td0: 1it [00:00,  4.25it/s]Td0: 3it [00:00,  8.68it/s]Td0: 4it [00:00,  8.05it/s]Td0: 6it [00:00, 10.12it/s]Td0: 8it [00:00, 10.60it/s]Td0: 10it [00:00, 11.53it/s]Td0: 12it [00:01, 11.79it/s]Td0: 14it [00:01, 12.28it/s]Td0: 16it [00:01, 12.20it/s]Td0: 18it [00:01, 12.52it/s]Td0: 20it [00:01, 10.30it/s]Td0: 22it [00:02, 11.00it/s]Td0: 24it [00:02, 11.22it/s]Td0: 26it [00:02, 11.71it/s]Td0: 28it [00:02, 11.77it/s]Td0: 30it [00:02, 12.08it/s]Td0: 32it [00:02, 11.25it/s]Td0: 34it [00:03, 11.69it/s]Td0: 36it [00:03, 11.69it/s]Td0: 38it [00:03, 12.01it/s]Td0: 40it [00:03, 12.00it/s]Td0: 40it [00:03, 11.27it/s]
Pn0: 0it [00:00, ?it/s]Pn0: 1it [00:00,  6.52it/s]Pn0: 3it [00:00,  9.91it/s]Pn0: 5it [00:00, 10.47it/s]Pn0: 7it [00:00, 11.10it/s]Pn0: 9it [00:00,  9.71it/s]Pn0: 11it [00:01, 10.42it/s]Pn0: 13it [00:01,  9.45it/s]Pn0: 15it [00:01, 10.10it/s]Pn0: 17it [00:01, 10.00it/s]Pn0: 19it [00:01, 10.43it/s]Pn0: 21it [00:02, 10.51it/s]Pn0: 23it [00:02, 10.76it/s]Pn0: 25it [00:02, 10.58it/s]Pn0: 27it [00:02, 10.77it/s]Pn0: 29it [00:02, 10.69it/s]Pn0: 31it [00:02, 10.84it/s]Pn0: 33it [00:03, 10.71it/s]Pn0: 35it [00:03, 10.85it/s]Pn0: 37it [00:03, 10.67it/s]Pn0: 39it [00:03, 10.82it/s]Pn0: 40it [00:03, 10.45it/s]
T_s: 0it [00:00, ?it/s]T_s: 1it [00:00,  6.41it/s]T_s: 3it [00:00, 11.47it/s]T_s: 5it [00:00,  9.98it/s]T_s: 7it [00:00, 11.65it/s]T_s: 9it [00:00, 11.11it/s]T_s: 11it [00:00, 12.03it/s]T_s: 13it [00:01, 11.01it/s]T_s: 15it [00:01, 11.70it/s]T_s: 17it [00:01, 10.85it/s]T_s: 19it [00:01, 11.43it/s]T_s: 21it [00:01, 10.77it/s]T_s: 23it [00:02, 11.31it/s]T_s: 25it [00:02, 11.38it/s]T_s: 27it [00:02, 11.73it/s]T_s: 29it [00:02, 11.71it/s]T_s: 31it [00:02, 11.92it/s]T_s: 33it [00:02, 11.79it/s]T_s: 35it [00:03, 11.95it/s]T_s: 37it [00:03, 11.79it/s]T_s: 39it [00:03, 11.94it/s]T_s: 40it [00:03, 11.43it/s]
T_d: 0it [00:00, ?it/s]T_d: 1it [00:00,  6.28it/s]T_d: 3it [00:00, 11.34it/s]T_d: 5it [00:00, 10.15it/s]T_d: 7it [00:00, 11.76it/s]T_d: 9it [00:00,  9.42it/s]T_d: 11it [00:01, 10.67it/s]T_d: 13it [00:01,  9.86it/s]T_d: 15it [00:01, 10.81it/s]T_d: 17it [00:01, 11.26it/s]T_d: 19it [00:01, 11.81it/s]T_d: 21it [00:02, 10.22it/s]T_d: 23it [00:02, 10.92it/s]T_d: 25it [00:02, 11.15it/s]T_d: 27it [00:02, 11.62it/s]T_d: 29it [00:02, 10.42it/s]T_d: 31it [00:02, 11.01it/s]T_d: 33it [00:03, 11.02it/s]T_d: 35it [00:03, 11.47it/s]T_d: 37it [00:03, 11.56it/s]T_d: 39it [00:03, 11.86it/s]T_d: 40it [00:03, 10.99it/s]
P_n: 0it [00:00, ?it/s]P_n: 1it [00:00,  6.02it/s]P_n: 3it [00:00, 11.12it/s]P_n: 5it [00:00,  9.44it/s]P_n: 7it [00:00, 11.20it/s]P_n: 9it [00:00,  9.48it/s]P_n: 11it [00:01, 10.73it/s]P_n: 13it [00:01, 10.78it/s]P_n: 15it [00:01, 11.55it/s]P_n: 17it [00:01, 11.61it/s]P_n: 19it [00:01, 12.04it/s]P_n: 21it [00:01, 10.33it/s]P_n: 23it [00:02, 10.94it/s]P_n: 25it [00:02,  9.02it/s]P_n: 27it [00:02,  9.88it/s]P_n: 29it [00:02,  9.66it/s]P_n: 31it [00:02, 10.37it/s]P_n: 33it [00:03, 10.71it/s]P_n: 35it [00:03, 11.17it/s]P_n: 37it [00:03, 11.26it/s]P_n: 39it [00:03, 11.58it/s]P_n: 40it [00:03, 10.67it/s]
Mud: 0it [00:00, ?it/s]Mud: 1it [00:00,  3.25it/s]Mud: 4it [00:00,  9.71it/s]Mud: 8it [00:00, 13.86it/s]Mud: 16it [00:00, 23.48it/s]Mud: 20it [00:01, 24.19it/s]Mud: 26it [00:01, 31.22it/s]Mud: 33it [00:01, 39.94it/s]Mud: 40it [00:01, 29.64it/s]
done writing output_jobid_3453788_extracted-fault.h5
done writing output_jobid_3453788_extracted-fault.xdmf
full path: /hppfs/scratch/01/di35poq/haiti-rupture-outputs/dynamic-rupture-outputs/outputs_tmp/output_jobid_3453788_extracted-fault.xdmf
Writing hdf5 output with compression enabled (compression_level=4). 
Use --compression=0 if you want to speed-up data extraction.
u1: 0it [00:00, ?it/s]u1: 2it [00:00, 18.54it/s]u1: 8it [00:00, 40.91it/s]u1: 19it [00:00, 69.85it/s]u1: 20it [00:00, 59.49it/s]
u2: 0it [00:00, ?it/s]u2: 1it [00:00,  7.51it/s]u2: 6it [00:00, 29.13it/s]u2: 10it [00:00, 27.24it/s]u2: 20it [00:00, 49.72it/s]u2: 20it [00:00, 39.97it/s]
u3: 0it [00:00, ?it/s]u3: 4it [00:00, 21.56it/s]u3: 8it [00:00, 29.47it/s]u3: 18it [00:00, 55.64it/s]u3: 20it [00:00, 48.34it/s]
done writing output_jobid_3453788_extracted-surface.h5
done writing output_jobid_3453788_extracted-surface.xdmf
full path: /hppfs/scratch/01/di35poq/haiti-rupture-outputs/dynamic-rupture-outputs/outputs_tmp/output_jobid_3453788_extracted-surface.xdmf
~/haiti-rupture-inputs/dynamic-rupture/regional-only
