THIS RUN IS USING general
Thu 17 Oct 2024 08:29:55 PM UTC
num_nodes: 24 ntasks: 24 cpus_per_task:
Line 63 replaced with: OutputFile='/hppfs/scratch/01/di35poq/haiti-rupture-outputs/dynamic-rupture-outputs/regional-only/jobid_4043208'
Job log complete.
Starting SeisSol...
Thu Oct 17 22:29:56, Info:  Using the parameter file parameters.par 
Thu Oct 17 22:29:56, Info:  Reading SeisSol parameter file... 
Thu Oct 17 22:29:56, Info:  In your parameter file, you have specified a non-positive interval for "checkpointinterval" . This mechanism is deprecated and may be removed in a future version of SeisSol. Consider disabling the whole module by setting "checkpoint" to 0 instead by adding "checkpoint = 0" to the "output" section of your parameter file instead. 
Thu Oct 17 22:29:56, Info:  The field "printintervalcriterion" is no longer in use. You may safely remove it from your parameters file. 
Thu Oct 17 22:29:56, Info:  Disabling the wavefield output by setting "outputformat = 10" is deprecated and may be removed in a future version of SeisSol. Consider using the parameter "wavefieldoutput" instead. To disable wavefield output, add "wavefieldoutput = 0" to the "output" section of your parameters file. 
Thu Oct 17 22:29:56, Info:  The field "printintervalcriterion" is no longer in use. You may safely remove it from your parameters file. 
Thu Oct 17 22:29:56, Info:  The field "pickdttype" is no longer in use. You may safely remove it from your parameters file. 
Thu Oct 17 22:29:56, Info:  The field "faultoutputflag" is no longer in use. You may safely remove it from your parameters file. 
Thu Oct 17 22:29:56, Info:  The field "boundaries" is no longer in use. You may safely remove it from your parameters file. 
Thu Oct 17 22:29:56, Info:  SeisSol parameter file read successfully. 
Thu Oct 17 22:29:56, Info:  Model information: 
Thu Oct 17 22:29:56, Info:  Elastic model: yes 
Thu Oct 17 22:29:56, Info:  Viscoelastic model: no 
Thu Oct 17 22:29:56, Info:  Anelastic model: no 
Thu Oct 17 22:29:56, Info:  Poroelastic model: no 
Thu Oct 17 22:29:56, Info:  Anisotropic model: no 
Thu Oct 17 22:29:56, Info:  Plasticity: no 
Thu Oct 17 22:29:56, Info:  Welcome to SeisSol 
Thu Oct 17 22:29:56, Info:  Copyright (c) 2012 - 2024  SeisSol Group 
Thu Oct 17 22:29:56, Info:  Version: v1.1.4-148-g60aedc8c (dirty) 
Thu Oct 17 22:29:56, Info:  Built on: Jun 17 2024 21:03:35 
Thu Oct 17 22:29:56, Info:  Last commit: 60aedc8c2ae0a5d9e5a46cc3a40e4eaf1c047225 at 2024-06-06T12:54:08+00:00 
Thu Oct 17 22:29:56, Info:  Compiled with HOST_ARCH = skx 
Thu Oct 17 22:29:56, Info:  Running on (rank=0): "i05r05c05s06" 
Thu Oct 17 22:29:56, Info:  Using MPI with #ranks: 24 
Thu Oct 17 22:29:56, Info:  Node-wide (shared memory) MPI with #ranks/node: 1 
Thu Oct 17 22:29:56, Info:  Using asynchronous MPI routines. 
Thu Oct 17 22:29:56, Info:  Using OMP with #threads/rank: 94 
Thu Oct 17 22:29:56, Info:  OpenMP worker affinity (this process): "0123456789|0123456789|0123456789|0123456789|0123456-89|0123456789|0123456789|0123456789|0123456789|01234-" 
Thu Oct 17 22:29:56, Info:  OpenMP worker affinity (this node)   : "0123456789|0123456789|0123456789|0123456789|0123456-89|0123456789|0123456789|0123456789|0123456789|01234-" 
Thu Oct 17 22:29:56, Info:  Using a communication thread for advancing MPI communication. 
Thu Oct 17 22:29:56, Info:  Communication thread affinity        : "----------|----------|----------|----------|-------7--|----------|----------|----------|----------|-----5" 
Thu Oct 17 22:29:56, Info:  The stack size ulimit is 2097152 [kiB] ( = 2.0000 GiB ). 
Thu Oct 17 22:29:56, Info:  Begin init mesh. 
Thu Oct 17 22:29:56, Info:  Mesh file: "/dss/dsshome1/01/di35poq/mesh/mesh_v07/Haiti_v07_lowres" 
Thu Oct 17 22:29:56, Info:  Running mini SeisSol to determine node weights. 
Thu Oct 17 22:29:56, Info:  miniSeisSol configured with 50000 elements and 10 repeats per process 
Thu Oct 17 22:29:56, Info:  Node weights: mean = 41.1941  std = 0.983201  min = 37.3354  median = 41.561  max = 42.1885 
Thu Oct 17 22:29:56, Info:  Reading PUML mesh 
Thu Oct 17 22:29:56, Info:  Inferring boundary format. 
Thu Oct 17 22:29:56, Info:  Boundary format not given in PUML file; inferring from array shape. 
Thu Oct 17 22:29:56, Info:  Using boundary format: i32 (4xi8) 
Thu Oct 17 22:29:56, Info:  Found 2685422 cells 
Thu Oct 17 22:29:56, Info:  Found 477078 vertices 
Thu Oct 17 22:29:58, Info:  Computing LTS weights. 
Thu Oct 17 22:29:59, Info:  Limiting number of clusters to 2147483646 
Thu Oct 17 22:29:59, Info:  Computing LTS weights. Done.  (108213 reductions.)
Thu Oct 17 22:29:59, Info:  Using the Parmetis partition library and strategy. 
Thu Oct 17 22:30:02, Info:  PUML mesh read in: 5.3728 s (min: 5.2713 s, max: 5.5073 s)
Thu Oct 17 22:30:02, Info:  The mesh has been read. Starting post processing. 
Thu Oct 17 22:30:02, Info:  Extracting fault information. 
Thu Oct 17 22:30:02, Info:  Exchanging ghostlayer metadata. 
Thu Oct 17 22:30:03, Info:  Mesh initialized in: 6.8391 s (min: 6.8387 s, max: 6.8398 s)
Thu Oct 17 22:30:03, Info:  End init mesh. 
Thu Oct 17 22:30:03, Info:  Begin init model. 
Thu Oct 17 22:30:03, Info:  Initialize LTS. 
Thu Oct 17 22:30:03, Info:  Deriving clusters ids for min. time step width / multiRate: 0.000213316 / 2 
Thu Oct 17 22:30:03, Info:  Due to wiggle factor of 1 the minimum timestep size is reduced to 0.000213316 
Thu Oct 17 22:30:03, Info:  Number of elements in time clusters: 
Thu Oct 17 22:30:03, Info:  0: 2088 
Thu Oct 17 22:30:03, Info:  1: 265401 
Thu Oct 17 22:30:03, Info:  2: 1618976 
Thu Oct 17 22:30:03, Info:  3: 538212 
Thu Oct 17 22:30:03, Info:  4: 147352 
Thu Oct 17 22:30:03, Info:  5: 35652 
Thu Oct 17 22:30:03, Info:  6: 11329 
Thu Oct 17 22:30:03, Info:  7: 18592 
Thu Oct 17 22:30:03, Info:  8: 47781 
Thu Oct 17 22:30:03, Info:  9: 39 
Thu Oct 17 22:30:03, Info:  maximum theoretical speedup (compared to GTS): 6.4313 per cell LTS, 4.34786 with the used clustering. 
Thu Oct 17 22:30:03, Info:  Number of elements in dynamic rupture time clusters: 
Thu Oct 17 22:30:03, Info:  0 (dr): 619 
Thu Oct 17 22:30:03, Info:  1 (dr): 78833 
Thu Oct 17 22:30:03, Info:  2 (dr): 310018 
Thu Oct 17 22:30:03, Info:  3 (dr): 2509 
Thu Oct 17 22:30:03, Info:  4 (dr): 0 
Thu Oct 17 22:30:03, Info:  5 (dr): 0 
Thu Oct 17 22:30:03, Info:  6 (dr): 0 
Thu Oct 17 22:30:03, Info:  7 (dr): 0 
Thu Oct 17 22:30:03, Info:  8 (dr): 0 
Thu Oct 17 22:30:03, Info:  9 (dr): 0 
Thu Oct 17 22:30:03, Info:  Initialize Friction Model 
Thu Oct 17 22:30:04, Info:  Initialize cell material parameters. 
Thu Oct 17 22:30:05, Info:  Initialize Memory layout. 
Thu Oct 17 22:30:05, Info:  Initialize cell-local matrices. 
Thu Oct 17 22:30:05, Info:  Initializing Fault, using a quadrature rule with  25  points. 
Thu Oct 17 22:31:55, Info:  Model initialized in: 1 min 52.2352 s (min: 1 min 52.2336 s, max: 1 min 52.2385 s)
Thu Oct 17 22:31:55, Info:  End init model. 
Thu Oct 17 22:31:55, Info:  Setting initial conditions. 
Thu Oct 17 22:31:55, Info:  Using initial condition "Zero" . 
Thu Oct 17 22:31:55, Info:  Reading source. 
Thu Oct 17 22:31:55, Info:  No source term specified. 
Thu Oct 17 22:31:55, Info:  Setting up boundary conditions. 
Thu Oct 17 22:31:55, Info:  Begin init output. 
Thu Oct 17 22:31:55, Info:  Initializing free surface integrator. 
Thu Oct 17 22:31:55, Info:  Initializing free surface integrator. Done. 
Thu Oct 17 22:31:55, Info:  Enabling 2D fault output 
Thu Oct 17 22:31:55, Info:  Initializing Fault output. Number of sub-triangles: 4 
Thu Oct 17 22:31:55, Info:  Initializing XDMF fault output. 
Thu Oct 17 22:31:55, Info:  Fault writer thread affinity: "----------|----------|----------|----------|-------7--|----------|----------|----------|----------|-----5" 
Thu Oct 17 22:31:56, Info:  Initializing XDMF fault output. Done. 
Thu Oct 17 22:31:56, Info:  Initializing free surface output. 
Thu Oct 17 22:31:56, Info:  Free surface writer thread affinity: "----------|----------|----------|----------|-------7--|----------|----------|----------|----------|-----5" 
Thu Oct 17 22:31:56, Info:  No record points read. 
Thu Oct 17 22:31:56, Info:  Finding meshIds for receivers... 
Thu Oct 17 22:31:56, Info:  Cleaning possible double occurring receivers for MPI... 
Thu Oct 17 22:31:56, Info:  Mapping receivers to LTS cells... 
Thu Oct 17 22:31:56, Info:  Initializing energy output. 
Thu Oct 17 22:31:56, Info:  End init output. 
Thu Oct 17 22:31:56, Info:  Initializing free surface output. Done. 
Thu Oct 17 22:31:56, Info:  Finishing initialization... 
Thu Oct 17 22:31:56, Info:  Starting simulation. 
Thu Oct 17 22:31:56, Info:  Writing faultoutput at time 0.
Thu Oct 17 22:31:56, Info:  Writing faultoutput at time 0. Done.
Thu Oct 17 22:31:56, Info:  Writing free surface at time 0.
Thu Oct 17 22:31:56, Info:  Writing free surface at time 0. Done.
Thu Oct 17 22:31:56, Info:  Writing energy output at time 0 
Thu Oct 17 22:31:56, Info:  Total momentum (X, Y, Z): 0  , 0  , 0 
Thu Oct 17 22:31:56, Info:  Writing energy output at time 0 Done. 
Thu Oct 17 22:31:56, Info:  Time spent for initial IO: 33.6593 ms (min: 27.3022 ms, max: 45.0574 ms)
Thu Oct 17 22:32:14, Info:  Writing faultoutput at time 0.5.
Thu Oct 17 22:32:14, Info:  Writing faultoutput at time 0.5. Done.
Thu Oct 17 22:32:14, Info:  Writing energy output at time 0.5 
Thu Oct 17 22:32:15, Info:  Elastic energy (total, % kinematic, % potential):  2.82828e+13  , 26.6532  , 73.3468 
Thu Oct 17 22:32:15, Info:  Total momentum (X, Y, Z): 0.0966712  , -0.0173167  , -0.0399815 
Thu Oct 17 22:32:15, Info:  Frictional work (total, % static, % radiated):  2.85777e+13  , 72.0086  , 27.9914 
Thu Oct 17 22:32:15, Info:  Seismic moment (without plasticity): 7.69081e+16  Mw: 5.18731 
Thu Oct 17 22:32:15, Info:  Writing energy output at time 0.5 Done. 
Thu Oct 17 22:32:15, Info:  Time spent this phase (total): 18.7732 s (min: 18.7601 s, max: 18.7904 s)
Thu Oct 17 22:32:15, Info:  Time spent this phase (compute): 18.7396 s (min: 18.7243 s, max: 18.7557 s)
Thu Oct 17 22:32:15, Info:  Time spent this phase (IO): 33.8906 ms (min: 25.5397 ms, max: 64.1517 ms)
Thu Oct 17 22:32:15, Info:  Performance since the start: 13.4087 TFLOP/s (rank 0: 561.1555 GFLOP/s , average over ranks: 558.6941 GFLOP/s ) 
Thu Oct 17 22:32:15, Info:  Performance since last sync point: 13.4087 TFLOP/s (rank 0: 561.1555 GFLOP/s , average over ranks: 558.6941 GFLOP/s ) 
Thu Oct 17 22:32:33, Info:  Writing faultoutput at time 1.
Thu Oct 17 22:32:33, Info:  Writing faultoutput at time 1. Done.
Thu Oct 17 22:32:33, Info:  Writing free surface at time 1.
Thu Oct 17 22:32:33, Info:  Writing free surface at time 1. Done.
Thu Oct 17 22:32:33, Info:  Wrote receivers in 5.63e-07 seconds. 
Thu Oct 17 22:32:33, Info:  Writing energy output at time 1 
Thu Oct 17 22:32:33, Info:  Elastic energy (total, % kinematic, % potential):  3.40541e+14  , 32.4717  , 67.5283 
Thu Oct 17 22:32:33, Info:  Total momentum (X, Y, Z): 2.09745  , 2.3974  , -1.73984 
Thu Oct 17 22:32:33, Info:  Frictional work (total, % static, % radiated):  3.49646e+14  , 61.8871  , 38.1129 
Thu Oct 17 22:32:33, Info:  Seismic moment (without plasticity): 7.68783e+17  Mw: 5.85387 
Thu Oct 17 22:32:33, Info:  Writing energy output at time 1 Done. 
Thu Oct 17 22:32:33, Info:  Time spent this phase (total): 18.7564 s (min: 18.7417 s, max: 18.7732 s)
Thu Oct 17 22:32:33, Info:  Time spent this phase (compute): 18.7562 s (min: 18.7415 s, max: 18.7731 s)
Thu Oct 17 22:32:33, Info:  Time spent this phase (IO): 36.0084 ms (min: 25.7124 ms, max: 67.0726 ms)
Thu Oct 17 22:32:33, Info:  Performance since the start: 13.4147 TFLOP/s (rank 0: 561.4895 GFLOP/s , average over ranks: 558.9451 GFLOP/s ) 
Thu Oct 17 22:32:33, Info:  Performance since last sync point: 13.4207 TFLOP/s (rank 0: 561.8238 GFLOP/s , average over ranks: 559.1964 GFLOP/s ) 
Thu Oct 17 22:32:33, Info:  Ignoring duplicate synchronisation point at time 1 ; the last sync point was at  1 
Thu Oct 17 22:32:33, Info:  Ignoring duplicate synchronisation point at time 1 ; the last sync point was at  1 
Thu Oct 17 22:32:33, Info:  Ignoring duplicate synchronisation point at time 1 ; the last sync point was at  1 
Thu Oct 17 22:32:33, Info:  Ignoring duplicate synchronisation point at time 1 ; the last sync point was at  1 
Thu Oct 17 22:32:33, Info:  Simulation time (total): 37.5298 s (min: 37.5079 s, max: 37.5596 s)
Thu Oct 17 22:32:33, Info:  Simulation time (compute): 37.4259 s (min: 37.3802 s, max: 37.4503 s)
Thu Oct 17 22:32:33, Info:  Simulation time (IO): 103.4151 ms (min: 78.7688 ms, max: 174.6787 ms)
Thu Oct 17 22:32:33, Info:  Time spent in compute kernels: mean = 34.5851  std = 1.18253  min = 32.4155  median = 34.7012  max = 36.5564 
Thu Oct 17 22:32:33, Info:  Load imbalance: 5.39248 % 
Thu Oct 17 22:32:33, Info:  Regression analysis of compute kernels: 
Thu Oct 17 22:32:33, Info:  "computeLocalIntegration" (total time): 247.521 s ( = 4 min 7.5206 s ) 
Thu Oct 17 22:32:33, Info:  "computeLocalIntegration" ( constant ): 2.36714e-05 (sample size: 383300 , standard error: 3.34386e-11 ) 
Thu Oct 17 22:32:33, Info:  "computeLocalIntegration" ( per element ): 8.22844e-08 (sample size: 383300 , standard error: 3.34386e-11 ) 
Thu Oct 17 22:32:33, Info:  "computeNeighboringIntegration" (total time): 309.054 s ( = 5 min 9.0535 s ) 
Thu Oct 17 22:32:33, Info:  "computeNeighboringIntegration" ( constant ): 0.000110515 (sample size: 383300 , standard error: 3.24191e-11 ) 
Thu Oct 17 22:32:33, Info:  "computeNeighboringIntegration" ( per element ): 9.20316e-08 (sample size: 383300 , standard error: 3.24191e-11 ) 
Thu Oct 17 22:32:33, Info:  "computeDynamicRupture" (total time): 273.468 s ( = 4 min 33.4677 s ) 
Thu Oct 17 22:32:33, Info:  "computeDynamicRupture" ( constant ): 6.50832e-05 (sample size: 302962 , standard error: 1.8965e-10 ) 
Thu Oct 17 22:32:33, Info:  "computeDynamicRupture" ( per element ): 4.59278e-07 (sample size: 302962 , standard error: 1.8965e-10 ) 
Thu Oct 17 22:32:33, Info:  "computePointSources" (total time): 0 s ( = 0.0000 s ) 
Thu Oct 17 22:32:33, Info:  "computePointSources" ( constant ): -nan (sample size: 0 , standard error: -nan ) 
Thu Oct 17 22:32:33, Info:  "computePointSources" ( per element ): -nan (sample size: 0 , standard error: -nan ) 
Thu Oct 17 22:32:33, Info:  Total time spent in compute kernels: 830.042 s ( = 13 min 50.0418 s ) 
Thu Oct 17 22:32:33, Info:  Total calculated HW-FLOP:  503.4493 TFLOP 
Thu Oct 17 22:32:33, Info:  Total calculated NZ-FLOP:  201.2537 TFLOP 
Thu Oct 17 22:32:33, Info:  Total calculated HW-FLOP/s:  13.4040 TFLOP/s 
Thu Oct 17 22:32:33, Info:  Total calculated NZ-FLOP/s:  5.3583 TFLOP/s 
Thu Oct 17 22:32:33, Info:  WP calculated HW-FLOP:  417.1374 TFLOP 
Thu Oct 17 22:32:33, Info:  WP calculated NZ-FLOP:  137.0770 TFLOP 
Thu Oct 17 22:32:33, Info:  DR calculated HW-FLOP:  86.3120 TFLOP 
Thu Oct 17 22:32:33, Info:  DR calculated NZ-FLOP:  64.1767 TFLOP 
Thu Oct 17 22:32:33, Info:  PL calculated HW-FLOP:  0.0000 FLOP 
Thu Oct 17 22:32:33, Info:  PL calculated NZ-FLOP:  0.0000 FLOP 
Thu Oct 17 22:32:33, Info:  Time spent in simulation: 37.5606 s (min: 37.5604 s, max: 37.5626 s)
Thu Oct 17 22:32:33, Info:  Simulation done. 
Thu Oct 17 22:32:33, Info:  Closing IO. 
Thu Oct 17 22:32:33, Info:  Time free surface writer backend: 75.9986 ms (min: 552.5980 µs, max: 897.1051 ms)
Thu Oct 17 22:32:34, Info:  Time fault writer backend: 324.9040 ms (min: 192.2556 ms, max: 2.7104 s)
Thu Oct 17 22:32:34, Info:  Time fault writer frontend: 2.2733 ms (min: 1.9833 ms, max: 2.8135 ms)
Thu Oct 17 22:32:34, Info:  Time free surface writer frontend: 268.0802 µs (min: 39.4490 µs, max: 1.9506 ms)
Thu Oct 17 22:32:34, Info:  SeisSol done. Goodbye. 
SeisSol complete.
/hppfs/scratch/01/di35poq/haiti-rupture-outputs/dynamic-rupture-outputs/regional-only/jobid_4043208 ~/haiti-rupture-inputs/dynamic-rupture/regional-only/automated-runs/shmax_nu_suite/job_SHmax_30.0_nu_0.3
Writing hdf5 output with compression enabled (compression_level=4). 
Use --compression=0 if you want to speed-up data extraction.
u1: 0it [00:00, ?it/s]u1: 1it [00:00, 50.72it/s]
u2: 0it [00:00, ?it/s]u2: 1it [00:00, 40.83it/s]
u3: 0it [00:00, ?it/s]u3: 1it [00:00, 49.92it/s]
done writing output_jobid_4043208_extracted-surface.h5
done writing output_jobid_4043208_extracted-surface.xdmf
full path: /hppfs/scratch/01/di35poq/haiti-rupture-outputs/dynamic-rupture-outputs/regional-only/jobid_4043208/output_jobid_4043208_extracted-surface.xdmf
Working on JobID: 4043208
No matching file found for jobid 4043208. Assigning output-fault.xdmf instead
/hppfs/scratch/01/di35poq/haiti-rupture-outputs/dynamic-rupture-outputs/regional-only/jobid_4043208/output-fault.xdmf
warning: Mw computed over 0-85s (avoiding contribution of small residual moment after rupture)
jobid_4043208 moment magnitude: 5.853869180845614 (M0 = 7.6878e+17)
Finished writing /hppfs/scratch/01/di35poq/haiti-rupture-outputs/dynamic-rupture-outputs/regional-only/jobid_4043208/moment_rate_mainshock.png
Looking for output-fault.xdmf
mu_s: 0.6
mu_d: 0.2
done writing /hppfs/scratch/01/di35poq/haiti-rupture-outputs/dynamic-rupture-outputs/regional-only/jobid_4043208/output_jobid_4043208_extracted-fault.xdmf
full path: /hppfs/scratch/01/di35poq/haiti-rupture-outputs/dynamic-rupture-outputs/regional-only/jobid_4043208/output_jobid_4043208_extracted-fault.xdmf
done writing /hppfs/scratch/01/di35poq/haiti-rupture-outputs/dynamic-rupture-outputs/regional-only/jobid_4043208/output_jobid_4043208_extracted-fault.h5
Job ID set as: 4043208
mu_s: 0.6
mu_d: 0.2
~/haiti-rupture-inputs/dynamic-rupture/regional-only/automated-runs/shmax_nu_suite/job_SHmax_30.0_nu_0.3
