Thu 17 Oct 2024 06:32:14 PM UTC
num_nodes: 16 ntasks: 16 cpus_per_task:
Line 63 replaced with: OutputFile='/hppfs/scratch/01/di35poq/haiti-rupture-outputs/dynamic-rupture-outputs/FL33-only/jobid_4043096'
Job log complete.
Starting SeisSol...
Thu Oct 17 20:32:16, Info:  Using the parameter file parameters.par 
Thu Oct 17 20:32:16, Info:  Reading SeisSol parameter file... 
Thu Oct 17 20:32:16, Info:  In your parameter file, you have specified a non-positive interval for "checkpointinterval" . This mechanism is deprecated and may be removed in a future version of SeisSol. Consider disabling the whole module by setting "checkpoint" to 0 instead by adding "checkpoint = 0" to the "output" section of your parameter file instead. 
Thu Oct 17 20:32:16, Info:  The field "printintervalcriterion" is no longer in use. You may safely remove it from your parameters file. 
Thu Oct 17 20:32:16, Info:  The field "printintervalcriterion" is no longer in use. You may safely remove it from your parameters file. 
Thu Oct 17 20:32:16, Info:  The field "pickdttype" is no longer in use. You may safely remove it from your parameters file. 
Thu Oct 17 20:32:16, Info:  The field "faultoutputflag" is no longer in use. You may safely remove it from your parameters file. 
Thu Oct 17 20:32:16, Info:  The field "boundaries" is no longer in use. You may safely remove it from your parameters file. 
Thu Oct 17 20:32:16, Info:  SeisSol parameter file read successfully. 
Thu Oct 17 20:32:16, Info:  Model information: 
Thu Oct 17 20:32:16, Info:  Elastic model: yes 
Thu Oct 17 20:32:16, Info:  Viscoelastic model: no 
Thu Oct 17 20:32:16, Info:  Anelastic model: no 
Thu Oct 17 20:32:16, Info:  Poroelastic model: no 
Thu Oct 17 20:32:16, Info:  Anisotropic model: no 
Thu Oct 17 20:32:16, Info:  Plasticity: no 
Thu Oct 17 20:32:16, Info:  Welcome to SeisSol 
Thu Oct 17 20:32:16, Info:  Copyright (c) 2012 - 2024  SeisSol Group 
Thu Oct 17 20:32:16, Info:  Version: v1.1.4-148-g60aedc8c (dirty) 
Thu Oct 17 20:32:16, Info:  Built on: Jun 17 2024 21:03:35 
Thu Oct 17 20:32:16, Info:  Last commit: 60aedc8c2ae0a5d9e5a46cc3a40e4eaf1c047225 at 2024-06-06T12:54:08+00:00 
Thu Oct 17 20:32:16, Info:  Compiled with HOST_ARCH = skx 
Thu Oct 17 20:32:16, Info:  Running on (rank=0): "i01r01c03s01" 
Thu Oct 17 20:32:16, Info:  Using MPI with #ranks: 16 
Thu Oct 17 20:32:16, Info:  Node-wide (shared memory) MPI with #ranks/node: 1 
Thu Oct 17 20:32:16, Info:  Using asynchronous MPI routines. 
Thu Oct 17 20:32:16, Info:  Using OMP with #threads/rank: 94 
Thu Oct 17 20:32:16, Info:  OpenMP worker affinity (this process): "0123456789|0123456789|0123456789|0123456789|0123456-89|0123456789|0123456789|0123456789|0123456789|01234-" 
Thu Oct 17 20:32:16, Info:  OpenMP worker affinity (this node)   : "0123456789|0123456789|0123456789|0123456789|0123456-89|0123456789|0123456789|0123456789|0123456789|01234-" 
Thu Oct 17 20:32:16, Info:  Using a communication thread for advancing MPI communication. 
Thu Oct 17 20:32:16, Info:  Communication thread affinity        : "----------|----------|----------|----------|-------7--|----------|----------|----------|----------|-----5" 
Thu Oct 17 20:32:16, Info:  The stack size ulimit is 2097152 [kiB] ( = 2.0000 GiB ). 
Thu Oct 17 20:32:16, Info:  Begin init mesh. 
Thu Oct 17 20:32:16, Info:  Mesh file: "/dss/dsshome1/01/di35poq/mesh/mesh_v07/Haiti_v07_lowres" 
Thu Oct 17 20:32:16, Info:  Running mini SeisSol to determine node weights. 
Thu Oct 17 20:32:16, Info:  miniSeisSol configured with 50000 elements and 10 repeats per process 
Thu Oct 17 20:32:16, Info:  Node weights: mean = 41.3843  std = 0.369891  min = 40.5457  median = 41.5107  max = 41.9226 
Thu Oct 17 20:32:16, Info:  Reading PUML mesh 
Thu Oct 17 20:32:16, Info:  Inferring boundary format. 
Thu Oct 17 20:32:16, Info:  Boundary format not given in PUML file; inferring from array shape. 
Thu Oct 17 20:32:16, Info:  Using boundary format: i32 (4xi8) 
Thu Oct 17 20:32:16, Info:  Found 2685422 cells 
Thu Oct 17 20:32:16, Info:  Found 477078 vertices 
Thu Oct 17 20:32:18, Info:  Computing LTS weights. 
Thu Oct 17 20:32:21, Info:  Limiting number of clusters to 2147483646 
Thu Oct 17 20:32:21, Info:  Computing LTS weights. Done.  (108216 reductions.)
Thu Oct 17 20:32:21, Info:  Using the Parmetis partition library and strategy. 
Thu Oct 17 20:32:24, Info:  PUML mesh read in: 7.6593 s (min: 7.5973 s, max: 7.8069 s)
Thu Oct 17 20:32:24, Info:  The mesh has been read. Starting post processing. 
Thu Oct 17 20:32:24, Info:  Extracting fault information. 
Thu Oct 17 20:32:24, Info:  Exchanging ghostlayer metadata. 
Thu Oct 17 20:32:26, Info:  Mesh initialized in: 9.7107 s (min: 9.7100 s, max: 9.7111 s)
Thu Oct 17 20:32:26, Info:  End init mesh. 
Thu Oct 17 20:32:26, Info:  Begin init model. 
Thu Oct 17 20:32:26, Info:  Initialize LTS. 
Thu Oct 17 20:32:26, Info:  Deriving clusters ids for min. time step width / multiRate: 0.000213316 / 2 
Thu Oct 17 20:32:26, Info:  Due to wiggle factor of 1 the minimum timestep size is reduced to 0.000213316 
Thu Oct 17 20:32:26, Info:  Number of elements in time clusters: 
Thu Oct 17 20:32:26, Info:  0: 2088 
Thu Oct 17 20:32:26, Info:  1: 265401 
Thu Oct 17 20:32:26, Info:  2: 1618976 
Thu Oct 17 20:32:26, Info:  3: 538212 
Thu Oct 17 20:32:26, Info:  4: 147352 
Thu Oct 17 20:32:26, Info:  5: 35652 
Thu Oct 17 20:32:26, Info:  6: 11329 
Thu Oct 17 20:32:26, Info:  7: 18592 
Thu Oct 17 20:32:26, Info:  8: 47781 
Thu Oct 17 20:32:26, Info:  9: 39 
Thu Oct 17 20:32:26, Info:  maximum theoretical speedup (compared to GTS): 6.4313 per cell LTS, 4.34786 with the used clustering. 
Thu Oct 17 20:32:26, Info:  Number of elements in dynamic rupture time clusters: 
Thu Oct 17 20:32:26, Info:  0 (dr): 618 
Thu Oct 17 20:32:26, Info:  1 (dr): 78814 
Thu Oct 17 20:32:26, Info:  2 (dr): 309937 
Thu Oct 17 20:32:26, Info:  3 (dr): 2509 
Thu Oct 17 20:32:26, Info:  4 (dr): 0 
Thu Oct 17 20:32:26, Info:  5 (dr): 0 
Thu Oct 17 20:32:26, Info:  6 (dr): 0 
Thu Oct 17 20:32:26, Info:  7 (dr): 0 
Thu Oct 17 20:32:26, Info:  8 (dr): 0 
Thu Oct 17 20:32:26, Info:  9 (dr): 0 
Thu Oct 17 20:32:26, Info:  Initialize Friction Model 
Thu Oct 17 20:32:33, Info:  Initialize cell material parameters. 
Thu Oct 17 20:32:34, Info:  Initialize Memory layout. 
Thu Oct 17 20:32:35, Info:  Initialize cell-local matrices. 
Thu Oct 17 20:32:35, Info:  Initializing Fault, using a quadrature rule with  25  points. 
Thu Oct 17 20:37:43, Info:  Model initialized in: 5 min 16.9050 s (min: 5 min 16.9029 s, max: 5 min 16.9084 s)
Thu Oct 17 20:37:43, Info:  End init model. 
Thu Oct 17 20:37:43, Info:  Setting initial conditions. 
Thu Oct 17 20:37:43, Info:  Using initial condition "Zero" . 
Thu Oct 17 20:37:43, Info:  Reading source. 
Thu Oct 17 20:37:43, Info:  No source term specified. 
Thu Oct 17 20:37:43, Info:  Setting up boundary conditions. 
Thu Oct 17 20:37:43, Info:  Begin init output. 
Thu Oct 17 20:37:43, Info:  Initializing free surface integrator. 
Thu Oct 17 20:37:43, Info:  Initializing free surface integrator. Done. 
Thu Oct 17 20:37:43, Info:  Enabling 2D fault output 
Thu Oct 17 20:37:43, Info:  Initializing Fault output. Number of sub-triangles: 4 
Thu Oct 17 20:37:43, Info:  Initializing XDMF fault output. 
Thu Oct 17 20:37:43, Info:  Fault writer thread affinity: "----------|----------|----------|----------|-------7--|----------|----------|----------|----------|-----5" 
Thu Oct 17 20:37:43, Info:  Initializing XDMF fault output. Done. 
Thu Oct 17 20:37:43, Info:  Wave field writer thread affinity: "----------|----------|----------|----------|-------7--|----------|----------|----------|----------|-----5" 
Thu Oct 17 20:37:43, Info:  Initializing XDMF wave field output. 
Thu Oct 17 20:37:43, Info:  Refinement is turned off. 
Thu Oct 17 20:37:43, Info:  Refinement class initialized 
Thu Oct 17 20:37:43, Info:  VariableSubsampler initialized 
Thu Oct 17 20:37:43, Info:  High order output initialized 
Thu Oct 17 20:37:43, Info:  Initializing XDMF wave field output. Done. 
Thu Oct 17 20:37:43, Info:  Initializing free surface output. 
Thu Oct 17 20:37:43, Info:  Free surface writer thread affinity: "----------|----------|----------|----------|-------7--|----------|----------|----------|----------|-----5" 
Thu Oct 17 20:37:44, Info:  No record points read. 
Thu Oct 17 20:37:44, Info:  Finding meshIds for receivers... 
Thu Oct 17 20:37:44, Info:  Cleaning possible double occurring receivers for MPI... 
Thu Oct 17 20:37:44, Info:  Mapping receivers to LTS cells... 
Thu Oct 17 20:37:44, Info:  Initializing energy output. 
Thu Oct 17 20:37:44, Info:  End init output. 
Thu Oct 17 20:37:44, Info:  Initializing free surface output. Done. 
Thu Oct 17 20:37:44, Info:  Finishing initialization... 
Thu Oct 17 20:37:44, Info:  Starting simulation. 
Thu Oct 17 20:37:44, Info:  Writing faultoutput at time 0.
Thu Oct 17 20:37:44, Info:  Writing faultoutput at time 0. Done.
Thu Oct 17 20:37:44, Info:  Waiting for last wave field. 
Thu Oct 17 20:37:44, Info:  Writing wave field at time 0.
Thu Oct 17 20:37:44, Info:  Writing wave field at time 0. Done.
Thu Oct 17 20:37:44, Info:  Writing free surface at time 0.
Thu Oct 17 20:37:44, Info:  Writing free surface at time 0. Done.
Thu Oct 17 20:37:44, Info:  Writing energy output at time 0 
Thu Oct 17 20:37:44, Info:  Total momentum (X, Y, Z): 0  , 0  , 0 
Thu Oct 17 20:37:44, Info:  Writing energy output at time 0 Done. 
Thu Oct 17 20:37:44, Info:  Time spent for initial IO: 59.2443 ms (min: 47.2513 ms, max: 77.8916 ms)
Thu Oct 17 20:38:10, Info:  Writing faultoutput at time 0.5.
Thu Oct 17 20:38:10, Info:  Writing faultoutput at time 0.5. Done.
Thu Oct 17 20:38:10, Info:  Writing energy output at time 0.5 
Thu Oct 17 20:38:10, Info:  Elastic energy (total, % kinematic, % potential):  5.49374e+14  , 38.0419  , 61.9581 
Thu Oct 17 20:38:10, Info:  Total momentum (X, Y, Z): 0.298065  , -0.46875  , 0.00830555 
Thu Oct 17 20:38:10, Info:  Frictional work (total, % static, % radiated):  5.67984e+14  , 50.7353  , 49.2647 
Thu Oct 17 20:38:10, Info:  Seismic moment (without plasticity): 7.49001e+18  Mw: 6.51299 
Thu Oct 17 20:38:10, Info:  Writing energy output at time 0.5 Done. 
Thu Oct 17 20:38:10, Info:  Time spent this phase (total): 26.5918 s (min: 26.5539 s, max: 26.6167 s)
Thu Oct 17 20:38:10, Info:  Time spent this phase (compute): 26.5325 s (min: 26.5029 s, max: 26.5568 s)
Thu Oct 17 20:38:10, Info:  Time spent this phase (IO): 49.8500 ms (min: 39.6640 ms, max: 87.8929 ms)
Thu Oct 17 20:38:10, Info:  Performance since the start: 9.4649 TFLOP/s (rank 0: 592.5120 GFLOP/s , average over ranks: 591.5577 GFLOP/s ) 
Thu Oct 17 20:38:10, Info:  Performance since last sync point: 9.4649 TFLOP/s (rank 0: 592.5120 GFLOP/s , average over ranks: 591.5577 GFLOP/s ) 
Thu Oct 17 20:38:37, Info:  Writing faultoutput at time 1.
Thu Oct 17 20:38:37, Info:  Writing faultoutput at time 1. Done.
Thu Oct 17 20:38:37, Info:  Writing free surface at time 1.
Thu Oct 17 20:38:37, Info:  Writing free surface at time 1. Done.
Thu Oct 17 20:38:37, Info:  Writing energy output at time 1 
Thu Oct 17 20:38:37, Info:  Elastic energy (total, % kinematic, % potential):  8.69669e+14  , 28.7834  , 71.2166 
Thu Oct 17 20:38:37, Info:  Total momentum (X, Y, Z): -17.7275  , -11.418  , 1.97168 
Thu Oct 17 20:38:37, Info:  Frictional work (total, % static, % radiated):  8.98182e+14  , 52.3629  , 47.6371 
Thu Oct 17 20:38:37, Info:  Seismic moment (without plasticity): 1.32805e+19  Mw: 6.67881 
Thu Oct 17 20:38:37, Info:  Writing energy output at time 1 Done. 
Thu Oct 17 20:38:37, Info:  Time spent this phase (total): 26.4733 s (min: 26.4613 s, max: 26.5036 s)
Thu Oct 17 20:38:37, Info:  Time spent this phase (compute): 26.4731 s (min: 26.4611 s, max: 26.5035 s)
Thu Oct 17 20:38:37, Info:  Time spent this phase (IO): 55.1040 ms (min: 40.2517 ms, max: 90.6709 ms)
Thu Oct 17 20:38:37, Info:  Performance since the start: 9.4861 TFLOP/s (rank 0: 594.0697 GFLOP/s , average over ranks: 592.8782 GFLOP/s ) 
Thu Oct 17 20:38:37, Info:  Performance since last sync point: 9.5073 TFLOP/s (rank 0: 595.6355 GFLOP/s , average over ranks: 594.2049 GFLOP/s ) 
Thu Oct 17 20:39:03, Info:  Writing faultoutput at time 1.5.
Thu Oct 17 20:39:03, Info:  Writing faultoutput at time 1.5. Done.
Thu Oct 17 20:39:03, Info:  Writing energy output at time 1.5 
Thu Oct 17 20:39:03, Info:  Elastic energy (total, % kinematic, % potential):  1.00218e+15  , 24.6949  , 75.3051 
Thu Oct 17 20:39:03, Info:  Total momentum (X, Y, Z): -19.4492  , -8.4043  , -35.1753 
Thu Oct 17 20:39:03, Info:  Frictional work (total, % static, % radiated):  1.04098e+15  , 53.8536  , 46.1464 
Thu Oct 17 20:39:03, Info:  Seismic moment (without plasticity): 1.69729e+19  Mw: 6.74984 
Thu Oct 17 20:39:03, Info:  Writing energy output at time 1.5 Done. 
Thu Oct 17 20:39:03, Info:  Time spent this phase (total): 26.5053 s (min: 26.4642 s, max: 26.5419 s)
Thu Oct 17 20:39:03, Info:  Time spent this phase (compute): 26.5052 s (min: 26.4641 s, max: 26.5419 s)
Thu Oct 17 20:39:03, Info:  Time spent this phase (IO): 50.7268 ms (min: 39.6372 ms, max: 110.3632 ms)
Thu Oct 17 20:39:03, Info:  Performance since the start: 9.4893 TFLOP/s (rank 0: 594.3025 GFLOP/s , average over ranks: 593.0808 GFLOP/s ) 
Thu Oct 17 20:39:03, Info:  Performance since last sync point: 9.4958 TFLOP/s (rank 0: 594.7688 GFLOP/s , average over ranks: 593.4867 GFLOP/s ) 
Thu Oct 17 20:39:30, Info:  Writing faultoutput at time 2.
Thu Oct 17 20:39:30, Info:  Writing faultoutput at time 2. Done.
Thu Oct 17 20:39:30, Info:  Writing free surface at time 2.
Thu Oct 17 20:39:30, Info:  Writing free surface at time 2. Done.
Thu Oct 17 20:39:30, Info:  Writing energy output at time 2 
Thu Oct 17 20:39:30, Info:  Elastic energy (total, % kinematic, % potential):  1.06543e+15  , 21.446  , 78.554 
Thu Oct 17 20:39:30, Info:  Total momentum (X, Y, Z): -49.6406  , -4.83594  , -74.875 
Thu Oct 17 20:39:30, Info:  Frictional work (total, % static, % radiated):  1.11381e+15  , 54.701  , 45.299 
Thu Oct 17 20:39:30, Info:  Seismic moment (without plasticity): 1.93439e+19  Mw: 6.7877 
Thu Oct 17 20:39:30, Info:  Writing energy output at time 2 Done. 
Thu Oct 17 20:39:30, Info:  Time spent this phase (total): 26.6796 s (min: 26.6540 s, max: 26.7198 s)
Thu Oct 17 20:39:30, Info:  Time spent this phase (compute): 26.6796 s (min: 26.6539 s, max: 26.7197 s)
Thu Oct 17 20:39:30, Info:  Time spent this phase (IO): 59.7366 ms (min: 39.7514 ms, max: 142.5119 ms)
Thu Oct 17 20:39:30, Info:  Performance since the start: 9.4753 TFLOP/s (rank 0: 593.4314 GFLOP/s , average over ranks: 592.2089 GFLOP/s ) 
Thu Oct 17 20:39:30, Info:  Performance since last sync point: 9.4337 TFLOP/s (rank 0: 590.8333 GFLOP/s , average over ranks: 589.6088 GFLOP/s ) 
Thu Oct 17 20:39:57, Info:  Writing faultoutput at time 2.5.
Thu Oct 17 20:39:57, Info:  Writing faultoutput at time 2.5. Done.
Thu Oct 17 20:39:57, Info:  Writing energy output at time 2.5 
Thu Oct 17 20:39:57, Info:  Elastic energy (total, % kinematic, % potential):  1.09307e+15  , 19.2409  , 80.7591 
Thu Oct 17 20:39:57, Info:  Total momentum (X, Y, Z): 29.7422  , 5.375  , -21.5156 
Thu Oct 17 20:39:57, Info:  Frictional work (total, % static, % radiated):  1.15008e+15  , 56.3313  , 43.6687 
Thu Oct 17 20:39:57, Info:  Seismic moment (without plasticity): 2.08503e+19  Mw: 6.80941 
Thu Oct 17 20:39:57, Info:  Writing energy output at time 2.5 Done. 
Thu Oct 17 20:39:57, Info:  Time spent this phase (total): 26.7203 s (min: 26.7016 s, max: 26.7311 s)
Thu Oct 17 20:39:57, Info:  Time spent this phase (compute): 26.7202 s (min: 26.7014 s, max: 26.7310 s)
Thu Oct 17 20:39:57, Info:  Time spent this phase (IO): 55.5775 ms (min: 39.5773 ms, max: 145.7184 ms)
Thu Oct 17 20:39:57, Info:  Performance since the start: 9.4641 TFLOP/s (rank 0: 592.7445 GFLOP/s , average over ranks: 591.5059 GFLOP/s ) 
Thu Oct 17 20:39:57, Info:  Performance since last sync point: 9.4194 TFLOP/s (rank 0: 590.0126 GFLOP/s , average over ranks: 588.7105 GFLOP/s ) 
Thu Oct 17 20:40:23, Info:  Writing faultoutput at time 3.
Thu Oct 17 20:40:23, Info:  Writing faultoutput at time 3. Done.
Thu Oct 17 20:40:23, Info:  Writing free surface at time 3.
Thu Oct 17 20:40:23, Info:  Writing free surface at time 3. Done.
Thu Oct 17 20:40:23, Info:  Wrote receivers in 3.83e-07 seconds. 
Thu Oct 17 20:40:23, Info:  Writing energy output at time 3 
Thu Oct 17 20:40:23, Info:  Elastic energy (total, % kinematic, % potential):  1.09788e+15  , 18.0961  , 81.9039 
Thu Oct 17 20:40:23, Info:  Total momentum (X, Y, Z): 87.8516  , 3.625  , 36.0703 
Thu Oct 17 20:40:23, Info:  Frictional work (total, % static, % radiated):  1.16288e+15  , 57.4312  , 42.5688 
Thu Oct 17 20:40:23, Info:  Seismic moment (without plasticity): 2.18693e+19  Mw: 6.82322 
Thu Oct 17 20:40:23, Info:  Writing energy output at time 3 Done. 
Thu Oct 17 20:40:23, Info:  Time spent this phase (total): 26.5711 s (min: 26.5020 s, max: 26.6226 s)
Thu Oct 17 20:40:23, Info:  Time spent this phase (compute): 26.5710 s (min: 26.5020 s, max: 26.6225 s)
Thu Oct 17 20:40:23, Info:  Time spent this phase (IO): 52.7700 ms (min: 39.8926 ms, max: 84.9416 ms)
Thu Oct 17 20:40:23, Info:  Performance since the start: 9.4655 TFLOP/s (rank 0: 593.0221 GFLOP/s , average over ranks: 591.5917 GFLOP/s ) 
Thu Oct 17 20:40:23, Info:  Performance since last sync point: 9.4724 TFLOP/s (rank 0: 594.4140 GFLOP/s , average over ranks: 592.0221 GFLOP/s ) 
Thu Oct 17 20:40:23, Info:  Ignoring duplicate synchronisation point at time 3 ; the last sync point was at  3 
Thu Oct 17 20:40:23, Info:  Waiting for last wave field. 
Thu Oct 17 20:40:23, Info:  Writing wave field at time 3.
Thu Oct 17 20:40:23, Info:  Writing wave field at time 3. Done.
Thu Oct 17 20:40:23, Info:  Ignoring duplicate synchronisation point at time 3 ; the last sync point was at  3 
Thu Oct 17 20:40:23, Info:  Ignoring duplicate synchronisation point at time 3 ; the last sync point was at  3 
Thu Oct 17 20:40:23, Info:  Ignoring duplicate synchronisation point at time 3 ; the last sync point was at  3 
Thu Oct 17 20:40:23, Info:  Simulation time (total): 2 min 39.5482 s (min: 2 min 39.5143 s, max: 2 min 39.5697 s)
Thu Oct 17 20:40:23, Info:  Simulation time (compute): 2 min 39.1581 s (min: 2 min 38.8213 s, max: 2 min 39.2321 s)
Thu Oct 17 20:40:23, Info:  Simulation time (IO): 382.5448 ms (min: 288.4763 ms, max: 739.0289 ms)
Thu Oct 17 20:40:23, Info:  Time spent in compute kernels: mean = 152.211  std = 3.12605  min = 146.203  median = 152.948  max = 157.056 
Thu Oct 17 20:40:23, Info:  Load imbalance: 3.08456 % 
Thu Oct 17 20:40:23, Info:  Regression analysis of compute kernels: 
Thu Oct 17 20:40:23, Info:  "computeLocalIntegration" (total time): 738.416 s ( = 12 min 18.4165 s ) 
Thu Oct 17 20:40:23, Info:  "computeLocalIntegration" ( constant ): 2.00898e-05 (sample size: 715302 , standard error: 1.43884e-11 ) 
Thu Oct 17 20:40:23, Info:  "computeLocalIntegration" ( per element ): 8.32957e-08 (sample size: 715302 , standard error: 1.43884e-11 ) 
Thu Oct 17 20:40:23, Info:  "computeNeighboringIntegration" (total time): 900.948 s ( = 15 min 948.0177 ms ) 
Thu Oct 17 20:40:23, Info:  "computeNeighboringIntegration" ( constant ): 0.000152345 (sample size: 715302 , standard error: 1.98856e-11 ) 
Thu Oct 17 20:40:23, Info:  "computeNeighboringIntegration" ( per element ): 9.11104e-08 (sample size: 715302 , standard error: 1.98856e-11 ) 
Thu Oct 17 20:40:23, Info:  "computeDynamicRupture" (total time): 796.013 s ( = 13 min 16.0126 s ) 
Thu Oct 17 20:40:23, Info:  "computeDynamicRupture" ( constant ): 8.31924e-05 (sample size: 606510 , standard error: 1.0639e-10 ) 
Thu Oct 17 20:40:23, Info:  "computeDynamicRupture" ( per element ): 4.49926e-07 (sample size: 606510 , standard error: 1.0639e-10 ) 
Thu Oct 17 20:40:23, Info:  "computePointSources" (total time): 0 s ( = 0.0000 s ) 
Thu Oct 17 20:40:23, Info:  "computePointSources" ( constant ): -nan (sample size: 0 , standard error: -nan ) 
Thu Oct 17 20:40:23, Info:  "computePointSources" ( per element ): -nan (sample size: 0 , standard error: -nan ) 
Thu Oct 17 20:40:23, Info:  Total time spent in compute kernels: 2435.38 s ( = 40 min 35.3771 s ) 
Thu Oct 17 20:40:23, Info:  Total calculated HW-FLOP:  1.5101 PFLOP 
Thu Oct 17 20:40:23, Info:  Total calculated NZ-FLOP:  603.6677 TFLOP 
Thu Oct 17 20:40:23, Info:  Total calculated HW-FLOP/s:  9.4638 TFLOP/s 
Thu Oct 17 20:40:23, Info:  Total calculated NZ-FLOP/s:  3.7831 TFLOP/s 
Thu Oct 17 20:40:23, Info:  WP calculated HW-FLOP:  1.2513 PFLOP 
Thu Oct 17 20:40:23, Info:  WP calculated NZ-FLOP:  411.1799 TFLOP 
Thu Oct 17 20:40:23, Info:  DR calculated HW-FLOP:  258.8783 TFLOP 
Thu Oct 17 20:40:23, Info:  DR calculated NZ-FLOP:  192.4878 TFLOP 
Thu Oct 17 20:40:23, Info:  PL calculated HW-FLOP:  0.0000 FLOP 
Thu Oct 17 20:40:23, Info:  PL calculated NZ-FLOP:  0.0000 FLOP 
Thu Oct 17 20:40:23, Info:  Time spent in simulation: 2 min 39.5703 s (min: 2 min 39.5702 s, max: 2 min 39.5711 s)
Thu Oct 17 20:40:23, Info:  Simulation done. 
Thu Oct 17 20:40:23, Info:  Closing IO. 
Thu Oct 17 20:40:24, Info:  Time wave field writer backend: 856.9621 ms (min: 501.3135 ms, max: 1.7895 s)
Thu Oct 17 20:40:24, Info:  Time wave field writer frontend: 13.1168 ms (min: 11.3354 ms, max: 17.5606 ms)
Thu Oct 17 20:40:24, Info:  Time fault writer backend: 940.8352 ms (min: 529.4828 ms, max: 5.4153 s)
Thu Oct 17 20:40:24, Info:  Time fault writer frontend: 7.8214 ms (min: 6.5647 ms, max: 9.2148 ms)
Thu Oct 17 20:40:24, Info:  Time free surface writer backend: 196.9889 ms (min: 591.0930 µs, max: 1.8916 s)
Thu Oct 17 20:40:24, Info:  Time free surface writer frontend: 1.5522 ms (min: 67.1890 µs, max: 12.4514 ms)
Thu Oct 17 20:40:24, Info:  SeisSol done. Goodbye. 
SeisSol complete.
/hppfs/scratch/01/di35poq/haiti-rupture-outputs/dynamic-rupture-outputs/FL33-only/jobid_4043096 ~/haiti-rupture-inputs/dynamic-rupture/FL33-only
Writing hdf5 output with compression enabled (compression_level=4). 
Use --compression=0 if you want to speed-up data extraction.
u1: 0it [00:00, ?it/s]u1: 1it [00:00,  6.54it/s]u1: 3it [00:00, 18.48it/s]
u2: 0it [00:00, ?it/s]u2: 3it [00:00, 98.67it/s]
u3: 0it [00:00, ?it/s]u3: 1it [00:00,  6.98it/s]u3: 3it [00:00, 19.65it/s]
done writing output_jobid_4043096_extracted-surface.h5
done writing output_jobid_4043096_extracted-surface.xdmf
full path: /hppfs/scratch/01/di35poq/haiti-rupture-outputs/dynamic-rupture-outputs/FL33-only/jobid_4043096/output_jobid_4043096_extracted-surface.xdmf
Working on JobID: 4043096
No matching file found for jobid 4043096. Assigning output-fault.xdmf instead
/hppfs/scratch/01/di35poq/haiti-rupture-outputs/dynamic-rupture-outputs/FL33-only/jobid_4043096/output-fault.xdmf
warning: Mw computed over 0-85s (avoiding contribution of small residual moment after rupture)
jobid_4043096 moment magnitude: 6.823223254809648 (M0 = 2.1869e+19)
Finished writing /hppfs/scratch/01/di35poq/haiti-rupture-outputs/dynamic-rupture-outputs/FL33-only/jobid_4043096/moment_rate_mainshock.png
Looking for output-fault.xdmf
mu_s: 0.52
mu_d: 0.16
~/haiti-rupture-inputs/dynamic-rupture/FL33-only
