Thu 22 Aug 2024 04:32:48 PM UTC
num_nodes: 16 ntasks: 16 cpus_per_task:
Line 63 replaced with: OutputFile='/hppfs/scratch/01/di35poq/haiti-rupture-outputs/dynamic-rupture-outputs/regional-only/jobid_3794410'
Job log complete.
Starting SeisSol...
Thu Aug 22 18:32:50, Info:  Using the parameter file parameters.par 
Thu Aug 22 18:32:50, Info:  Reading SeisSol parameter file... 
Thu Aug 22 18:32:50, Info:  In your parameter file, you have specified a non-positive interval for "checkpointinterval" . This mechanism is deprecated and may be removed in a future version of SeisSol. Consider disabling the whole module by setting "checkpoint" to 0 instead by adding "checkpoint = 0" to the "output" section of your parameter file instead. 
Thu Aug 22 18:32:50, Info:  The field "printintervalcriterion" is no longer in use. You may safely remove it from your parameters file. 
Thu Aug 22 18:32:50, Info:  Disabling the wavefield output by setting "outputformat = 10" is deprecated and may be removed in a future version of SeisSol. Consider using the parameter "wavefieldoutput" instead. To disable wavefield output, add "wavefieldoutput = 0" to the "output" section of your parameters file. 
Thu Aug 22 18:32:50, Info:  The field "printintervalcriterion" is no longer in use. You may safely remove it from your parameters file. 
Thu Aug 22 18:32:50, Info:  The field "pickdttype" is no longer in use. You may safely remove it from your parameters file. 
Thu Aug 22 18:32:50, Info:  The field "faultoutputflag" is no longer in use. You may safely remove it from your parameters file. 
Thu Aug 22 18:32:50, Info:  The field "boundaries" is no longer in use. You may safely remove it from your parameters file. 
Thu Aug 22 18:32:50, Info:  SeisSol parameter file read successfully. 
Thu Aug 22 18:32:50, Info:  Model information: 
Thu Aug 22 18:32:50, Info:  Elastic model: yes 
Thu Aug 22 18:32:50, Info:  Viscoelastic model: no 
Thu Aug 22 18:32:50, Info:  Anelastic model: no 
Thu Aug 22 18:32:50, Info:  Poroelastic model: no 
Thu Aug 22 18:32:50, Info:  Anisotropic model: no 
Thu Aug 22 18:32:50, Info:  Plasticity: no 
Thu Aug 22 18:32:50, Info:  Welcome to SeisSol 
Thu Aug 22 18:32:50, Info:  Copyright (c) 2012 - 2024  SeisSol Group 
Thu Aug 22 18:32:50, Info:  Version: v1.1.4-148-g60aedc8c (dirty) 
Thu Aug 22 18:32:50, Info:  Built on: Jun 17 2024 21:03:35 
Thu Aug 22 18:32:50, Info:  Last commit: 60aedc8c2ae0a5d9e5a46cc3a40e4eaf1c047225 at 2024-06-06T12:54:08+00:00 
Thu Aug 22 18:32:50, Info:  Compiled with HOST_ARCH = skx 
Thu Aug 22 18:32:50, Info:  Running on (rank=0): "i01r01c04s08" 
Thu Aug 22 18:32:50, Info:  Using MPI with #ranks: 16 
Thu Aug 22 18:32:50, Info:  Node-wide (shared memory) MPI with #ranks/node: 1 
Thu Aug 22 18:32:50, Info:  Using asynchronous MPI routines. 
Thu Aug 22 18:32:50, Info:  Using OMP with #threads/rank: 94 
Thu Aug 22 18:32:50, Info:  OpenMP worker affinity (this process): "0123456789|0123456789|0123456789|0123456789|0123456-89|0123456789|0123456789|0123456789|0123456789|01234-" 
Thu Aug 22 18:32:50, Info:  OpenMP worker affinity (this node)   : "0123456789|0123456789|0123456789|0123456789|0123456-89|0123456789|0123456789|0123456789|0123456789|01234-" 
Thu Aug 22 18:32:50, Info:  Using a communication thread for advancing MPI communication. 
Thu Aug 22 18:32:50, Info:  Communication thread affinity        : "----------|----------|----------|----------|-------7--|----------|----------|----------|----------|-----5" 
Thu Aug 22 18:32:50, Info:  The stack size ulimit is 2097152 [kiB] ( = 2.0000 GiB ). 
Thu Aug 22 18:32:50, Info:  Begin init mesh. 
Thu Aug 22 18:32:50, Info:  Mesh file: "/dss/dsshome1/01/di35poq/mesh/mesh_v07/Haiti_v07_lowres" 
Thu Aug 22 18:32:50, Info:  Running mini SeisSol to determine node weights. 
Thu Aug 22 18:32:50, Info:  miniSeisSol configured with 50000 elements and 10 repeats per process 
Thu Aug 22 18:32:50, Info:  Node weights: mean = 41.5611  std = 0.230646  min = 41.0254  median = 41.5486  max = 41.9245 
Thu Aug 22 18:32:50, Info:  Reading PUML mesh 
Thu Aug 22 18:32:50, Info:  Inferring boundary format. 
Thu Aug 22 18:32:50, Info:  Boundary format not given in PUML file; inferring from array shape. 
Thu Aug 22 18:32:50, Info:  Using boundary format: i32 (4xi8) 
Thu Aug 22 18:32:50, Info:  Found 2685422 cells 
Thu Aug 22 18:32:50, Info:  Found 477078 vertices 
Thu Aug 22 18:32:52, Info:  Computing LTS weights. 
Thu Aug 22 18:32:55, Info:  Limiting number of clusters to 2147483646 
Thu Aug 22 18:32:55, Info:  Computing LTS weights. Done.  (108216 reductions.)
Thu Aug 22 18:32:55, Info:  Using the Parmetis partition library and strategy. 
Thu Aug 22 18:32:58, Info:  PUML mesh read in: 7.5881 s (min: 7.5335 s, max: 7.6547 s)
Thu Aug 22 18:32:58, Info:  The mesh has been read. Starting post processing. 
Thu Aug 22 18:32:58, Info:  Extracting fault information. 
Thu Aug 22 18:32:58, Info:  Exchanging ghostlayer metadata. 
Thu Aug 22 18:32:59, Info:  Mesh initialized in: 9.4262 s (min: 9.4259 s, max: 9.4269 s)
Thu Aug 22 18:32:59, Info:  End init mesh. 
Thu Aug 22 18:32:59, Info:  Begin init model. 
Thu Aug 22 18:32:59, Info:  Initialize LTS. 
Thu Aug 22 18:32:59, Info:  Deriving clusters ids for min. time step width / multiRate: 0.000213316 / 2 
Thu Aug 22 18:32:59, Info:  Due to wiggle factor of 1 the minimum timestep size is reduced to 0.000213316 
Thu Aug 22 18:32:59, Info:  Number of elements in time clusters: 
Thu Aug 22 18:32:59, Info:  0: 2088 
Thu Aug 22 18:32:59, Info:  1: 265401 
Thu Aug 22 18:32:59, Info:  2: 1618976 
Thu Aug 22 18:32:59, Info:  3: 538212 
Thu Aug 22 18:32:59, Info:  4: 147352 
Thu Aug 22 18:32:59, Info:  5: 35652 
Thu Aug 22 18:32:59, Info:  6: 11329 
Thu Aug 22 18:32:59, Info:  7: 18592 
Thu Aug 22 18:32:59, Info:  8: 47781 
Thu Aug 22 18:32:59, Info:  9: 39 
Thu Aug 22 18:32:59, Info:  maximum theoretical speedup (compared to GTS): 6.4313 per cell LTS, 4.34786 with the used clustering. 
Thu Aug 22 18:32:59, Info:  Number of elements in dynamic rupture time clusters: 
Thu Aug 22 18:32:59, Info:  0 (dr): 618 
Thu Aug 22 18:32:59, Info:  1 (dr): 78819 
Thu Aug 22 18:32:59, Info:  2 (dr): 309964 
Thu Aug 22 18:32:59, Info:  3 (dr): 2510 
Thu Aug 22 18:32:59, Info:  4 (dr): 0 
Thu Aug 22 18:32:59, Info:  5 (dr): 0 
Thu Aug 22 18:32:59, Info:  6 (dr): 0 
Thu Aug 22 18:32:59, Info:  7 (dr): 0 
Thu Aug 22 18:32:59, Info:  8 (dr): 0 
Thu Aug 22 18:32:59, Info:  9 (dr): 0 
Thu Aug 22 18:32:59, Info:  Initialize Friction Model 
Thu Aug 22 18:33:02, Info:  Initialize cell material parameters. 
Thu Aug 22 18:33:03, Info:  Initialize Memory layout. 
Thu Aug 22 18:33:04, Info:  Initialize cell-local matrices. 
Thu Aug 22 18:33:04, Info:  Initializing Fault, using a quadrature rule with  25  points. 
Thu Aug 22 18:36:30, Info:  Model initialized in: 3 min 31.1015 s (min: 3 min 31.0998 s, max: 3 min 31.1038 s)
Thu Aug 22 18:36:30, Info:  End init model. 
Thu Aug 22 18:36:30, Info:  Setting initial conditions. 
Thu Aug 22 18:36:30, Info:  Using initial condition "Zero" . 
Thu Aug 22 18:36:30, Info:  Reading source. 
Thu Aug 22 18:36:30, Info:  No source term specified. 
Thu Aug 22 18:36:30, Info:  Setting up boundary conditions. 
Thu Aug 22 18:36:30, Info:  Begin init output. 
Thu Aug 22 18:36:30, Info:  Initializing free surface integrator. 
Thu Aug 22 18:36:30, Info:  Initializing free surface integrator. Done. 
Thu Aug 22 18:36:30, Info:  Enabling 2D fault output 
Thu Aug 22 18:36:30, Info:  Initializing Fault output. Number of sub-triangles: 4 
Thu Aug 22 18:36:31, Info:  Initializing XDMF fault output. 
Thu Aug 22 18:36:31, Info:  Fault writer thread affinity: "----------|----------|----------|----------|-------7--|----------|----------|----------|----------|-----5" 
Thu Aug 22 18:36:31, Info:  Initializing XDMF fault output. Done. 
Thu Aug 22 18:36:31, Info:  Initializing free surface output. 
Thu Aug 22 18:36:31, Info:  Free surface writer thread affinity: "----------|----------|----------|----------|-------7--|----------|----------|----------|----------|-----5" 
Thu Aug 22 18:36:31, Info:  Initializing free surface output. Done. 
Thu Aug 22 18:36:31, Info:  No record points read. 
Thu Aug 22 18:36:31, Info:  Finding meshIds for receivers... 
Thu Aug 22 18:36:31, Info:  Cleaning possible double occurring receivers for MPI... 
Thu Aug 22 18:36:31, Info:  Mapping receivers to LTS cells... 
Thu Aug 22 18:36:31, Info:  Initializing energy output. 
Thu Aug 22 18:36:31, Info:  End init output. 
Thu Aug 22 18:36:31, Info:  Finishing initialization... 
Thu Aug 22 18:36:31, Info:  Starting simulation. 
Thu Aug 22 18:36:31, Info:  Writing faultoutput at time 0.
Thu Aug 22 18:36:31, Info:  Writing faultoutput at time 0. Done.
Thu Aug 22 18:36:31, Info:  Writing free surface at time 0.
Thu Aug 22 18:36:31, Info:  Writing free surface at time 0. Done.
Thu Aug 22 18:36:31, Info:  Writing energy output at time 0 
Thu Aug 22 18:36:31, Info:  Total momentum (X, Y, Z): 0  , 0  , 0 
Thu Aug 22 18:36:31, Info:  Writing energy output at time 0 Done. 
Thu Aug 22 18:36:31, Info:  Time spent for initial IO: 50.4819 ms (min: 41.4989 ms, max: 65.0436 ms)
Thu Aug 22 18:36:57, Info:  Writing faultoutput at time 0.5.
Thu Aug 22 18:36:57, Info:  Writing faultoutput at time 0.5. Done.
Thu Aug 22 18:36:57, Info:  Writing energy output at time 0.5 
Thu Aug 22 18:36:57, Info:  Total momentum (X, Y, Z): 0  , 0  , 0 
Thu Aug 22 18:36:57, Info:  Writing energy output at time 0.5 Done. 
Thu Aug 22 18:36:57, Info:  Time spent this phase (total): 26.6535 s (min: 26.6090 s, max: 26.6787 s)
Thu Aug 22 18:36:57, Info:  Time spent this phase (compute): 26.6030 s (min: 26.5604 s, max: 26.6247 s)
Thu Aug 22 18:36:57, Info:  Time spent this phase (IO): 50.7787 ms (min: 39.7053 ms, max: 83.1637 ms)
Thu Aug 22 18:36:57, Info:  Performance since the start: 9.4432 TFLOP/s (rank 0: 557.7927 GFLOP/s , average over ranks: 590.1979 GFLOP/s ) 
Thu Aug 22 18:36:57, Info:  Performance since last sync point: 9.4432 TFLOP/s (rank 0: 557.7927 GFLOP/s , average over ranks: 590.1979 GFLOP/s ) 
Thu Aug 22 18:37:24, Info:  Writing faultoutput at time 1.
Thu Aug 22 18:37:24, Info:  Writing faultoutput at time 1. Done.
Thu Aug 22 18:37:24, Info:  Writing free surface at time 1.
Thu Aug 22 18:37:24, Info:  Writing free surface at time 1. Done.
Thu Aug 22 18:37:24, Info:  Writing energy output at time 1 
Thu Aug 22 18:37:24, Info:  Total momentum (X, Y, Z): 0  , 0  , 0 
Thu Aug 22 18:37:24, Info:  Writing energy output at time 1 Done. 
Thu Aug 22 18:37:24, Info:  Time spent this phase (total): 26.6869 s (min: 26.6774 s, max: 26.7087 s)
Thu Aug 22 18:37:24, Info:  Time spent this phase (compute): 26.6867 s (min: 26.6773 s, max: 26.7086 s)
Thu Aug 22 18:37:24, Info:  Time spent this phase (IO): 52.1404 ms (min: 39.8687 ms, max: 87.3888 ms)
Thu Aug 22 18:37:24, Info:  Performance since the start: 9.4373 TFLOP/s (rank 0: 557.6894 GFLOP/s , average over ranks: 589.8282 GFLOP/s ) 
Thu Aug 22 18:37:24, Info:  Performance since last sync point: 9.4313 TFLOP/s (rank 0: 557.5860 GFLOP/s , average over ranks: 589.4591 GFLOP/s ) 
Thu Aug 22 18:37:51, Info:  Writing faultoutput at time 1.5.
Thu Aug 22 18:37:51, Info:  Writing faultoutput at time 1.5. Done.
Thu Aug 22 18:37:51, Info:  Writing energy output at time 1.5 
Thu Aug 22 18:37:51, Info:  Total momentum (X, Y, Z): 0  , 0  , 0 
Thu Aug 22 18:37:51, Info:  Writing energy output at time 1.5 Done. 
Thu Aug 22 18:37:51, Info:  Time spent this phase (total): 26.6548 s (min: 26.6246 s, max: 26.6672 s)
Thu Aug 22 18:37:51, Info:  Time spent this phase (compute): 26.6547 s (min: 26.6246 s, max: 26.6672 s)
Thu Aug 22 18:37:51, Info:  Time spent this phase (IO): 52.7242 ms (min: 39.7730 ms, max: 88.8773 ms)
Thu Aug 22 18:37:51, Info:  Performance since the start: 9.4391 TFLOP/s (rank 0: 557.9044 GFLOP/s , average over ranks: 589.9417 GFLOP/s ) 
Thu Aug 22 18:37:51, Info:  Performance since last sync point: 9.4427 TFLOP/s (rank 0: 558.3349 GFLOP/s , average over ranks: 590.1689 GFLOP/s ) 
Thu Aug 22 18:38:17, Info:  Writing faultoutput at time 2.
Thu Aug 22 18:38:17, Info:  Writing faultoutput at time 2. Done.
Thu Aug 22 18:38:17, Info:  Writing free surface at time 2.
Thu Aug 22 18:38:17, Info:  Writing free surface at time 2. Done.
Thu Aug 22 18:38:17, Info:  Writing energy output at time 2 
Thu Aug 22 18:38:18, Info:  Total momentum (X, Y, Z): 0  , 0  , 0 
Thu Aug 22 18:38:18, Info:  Writing energy output at time 2 Done. 
Thu Aug 22 18:38:18, Info:  Time spent this phase (total): 26.7130 s (min: 26.6938 s, max: 26.7432 s)
Thu Aug 22 18:38:18, Info:  Time spent this phase (compute): 26.7130 s (min: 26.6938 s, max: 26.7431 s)
Thu Aug 22 18:38:18, Info:  Time spent this phase (IO): 52.0319 ms (min: 39.9287 ms, max: 99.8714 ms)
Thu Aug 22 18:38:18, Info:  Performance since the start: 9.4348 TFLOP/s (rank 0: 557.7120 GFLOP/s , average over ranks: 589.6764 GFLOP/s ) 
Thu Aug 22 18:38:18, Info:  Performance since last sync point: 9.4221 TFLOP/s (rank 0: 557.1357 GFLOP/s , average over ranks: 588.8825 GFLOP/s ) 
Thu Aug 22 18:38:44, Info:  Writing faultoutput at time 2.5.
Thu Aug 22 18:38:44, Info:  Writing faultoutput at time 2.5. Done.
Thu Aug 22 18:38:44, Info:  Writing energy output at time 2.5 
Thu Aug 22 18:38:44, Info:  Total momentum (X, Y, Z): 0  , 0  , 0 
Thu Aug 22 18:38:44, Info:  Writing energy output at time 2.5 Done. 
Thu Aug 22 18:38:44, Info:  Time spent this phase (total): 26.5415 s (min: 26.5119 s, max: 26.5563 s)
Thu Aug 22 18:38:44, Info:  Time spent this phase (compute): 26.5414 s (min: 26.5119 s, max: 26.5563 s)
Thu Aug 22 18:38:44, Info:  Time spent this phase (IO): 53.4390 ms (min: 39.8248 ms, max: 89.8980 ms)
Thu Aug 22 18:38:44, Info:  Performance since the start: 9.4444 TFLOP/s (rank 0: 558.2857 GFLOP/s , average over ranks: 590.2763 GFLOP/s ) 
Thu Aug 22 18:38:44, Info:  Performance since last sync point: 9.4830 TFLOP/s (rank 0: 560.5921 GFLOP/s , average over ranks: 592.6884 GFLOP/s ) 
Thu Aug 22 18:39:11, Info:  Writing faultoutput at time 3.
Thu Aug 22 18:39:11, Info:  Writing faultoutput at time 3. Done.
Thu Aug 22 18:39:11, Info:  Writing free surface at time 3.
Thu Aug 22 18:39:11, Info:  Writing free surface at time 3. Done.
Thu Aug 22 18:39:11, Info:  Writing energy output at time 3 
Thu Aug 22 18:39:11, Info:  Total momentum (X, Y, Z): 0  , 0  , 0 
Thu Aug 22 18:39:11, Info:  Writing energy output at time 3 Done. 
Thu Aug 22 18:39:11, Info:  Time spent this phase (total): 26.6605 s (min: 26.6556 s, max: 26.6629 s)
Thu Aug 22 18:39:11, Info:  Time spent this phase (compute): 26.6604 s (min: 26.6555 s, max: 26.6629 s)
Thu Aug 22 18:39:11, Info:  Time spent this phase (IO): 54.1351 ms (min: 39.8062 ms, max: 92.4311 ms)
Thu Aug 22 18:39:11, Info:  Performance since the start: 9.4438 TFLOP/s (rank 0: 558.2588 GFLOP/s , average over ranks: 590.2374 GFLOP/s ) 
Thu Aug 22 18:39:11, Info:  Performance since last sync point: 9.4407 TFLOP/s (rank 0: 558.1246 GFLOP/s , average over ranks: 590.0430 GFLOP/s ) 
Thu Aug 22 18:39:37, Info:  Writing faultoutput at time 3.5.
Thu Aug 22 18:39:37, Info:  Writing faultoutput at time 3.5. Done.
Thu Aug 22 18:39:37, Info:  Writing energy output at time 3.5 
Thu Aug 22 18:39:38, Info:  Total momentum (X, Y, Z): 0  , 0  , 0 
Thu Aug 22 18:39:38, Info:  Writing energy output at time 3.5 Done. 
Thu Aug 22 18:39:38, Info:  Time spent this phase (total): 26.7953 s (min: 26.7901 s, max: 26.8130 s)
Thu Aug 22 18:39:38, Info:  Time spent this phase (compute): 26.7952 s (min: 26.7899 s, max: 26.8129 s)
Thu Aug 22 18:39:38, Info:  Time spent this phase (IO): 51.9667 ms (min: 39.7794 ms, max: 89.1653 ms)
Thu Aug 22 18:39:38, Info:  Performance since the start: 9.4365 TFLOP/s (rank 0: 557.8589 GFLOP/s , average over ranks: 589.7835 GFLOP/s ) 
Thu Aug 22 18:39:38, Info:  Performance since last sync point: 9.3932 TFLOP/s (rank 0: 555.4713 GFLOP/s , average over ranks: 587.0747 GFLOP/s ) 
Thu Aug 22 18:40:04, Info:  Writing faultoutput at time 4.
Thu Aug 22 18:40:04, Info:  Writing faultoutput at time 4. Done.
Thu Aug 22 18:40:04, Info:  Writing free surface at time 4.
Thu Aug 22 18:40:04, Info:  Writing free surface at time 4. Done.
Thu Aug 22 18:40:04, Info:  Writing energy output at time 4 
Thu Aug 22 18:40:04, Info:  Total momentum (X, Y, Z): 0  , 0  , 0 
Thu Aug 22 18:40:04, Info:  Writing energy output at time 4 Done. 
Thu Aug 22 18:40:04, Info:  Time spent this phase (total): 26.5375 s (min: 26.5187 s, max: 26.5498 s)
Thu Aug 22 18:40:04, Info:  Time spent this phase (compute): 26.5374 s (min: 26.5186 s, max: 26.5497 s)
Thu Aug 22 18:40:04, Info:  Time spent this phase (IO): 53.3757 ms (min: 39.8171 ms, max: 88.7456 ms)
Thu Aug 22 18:40:04, Info:  Performance since the start: 9.4425 TFLOP/s (rank 0: 558.2124 GFLOP/s , average over ranks: 590.1559 GFLOP/s ) 
Thu Aug 22 18:40:04, Info:  Performance since last sync point: 9.4844 TFLOP/s (rank 0: 560.6997 GFLOP/s , average over ranks: 592.7762 GFLOP/s ) 
Thu Aug 22 18:40:31, Info:  Writing faultoutput at time 4.5.
Thu Aug 22 18:40:31, Info:  Writing faultoutput at time 4.5. Done.
Thu Aug 22 18:40:31, Info:  Writing energy output at time 4.5 
Thu Aug 22 18:40:31, Info:  Total momentum (X, Y, Z): 0  , 0  , 0 
Thu Aug 22 18:40:31, Info:  Writing energy output at time 4.5 Done. 
Thu Aug 22 18:40:31, Info:  Time spent this phase (total): 26.6511 s (min: 26.6314 s, max: 26.6752 s)
Thu Aug 22 18:40:31, Info:  Time spent this phase (compute): 26.6510 s (min: 26.6313 s, max: 26.6751 s)
Thu Aug 22 18:40:31, Info:  Time spent this phase (IO): 48.1655 ms (min: 39.6931 ms, max: 69.1576 ms)
Thu Aug 22 18:40:31, Info:  Performance since the start: 9.4427 TFLOP/s (rank 0: 558.2158 GFLOP/s , average over ranks: 590.1664 GFLOP/s ) 
Thu Aug 22 18:40:31, Info:  Performance since last sync point: 9.4440 TFLOP/s (rank 0: 558.2428 GFLOP/s , average over ranks: 590.2504 GFLOP/s ) 
Thu Aug 22 18:40:57, Info:  Writing faultoutput at time 5.
Thu Aug 22 18:40:57, Info:  Writing faultoutput at time 5. Done.
Thu Aug 22 18:40:57, Info:  Writing free surface at time 5.
Thu Aug 22 18:40:57, Info:  Writing free surface at time 5. Done.
Thu Aug 22 18:40:57, Info:  Writing energy output at time 5 
Thu Aug 22 18:40:57, Info:  Total momentum (X, Y, Z): 0  , 0  , 0 
Thu Aug 22 18:40:57, Info:  Writing energy output at time 5 Done. 
Thu Aug 22 18:40:57, Info:  Time spent this phase (total): 26.5522 s (min: 26.5326 s, max: 26.5717 s)
Thu Aug 22 18:40:57, Info:  Time spent this phase (compute): 26.5522 s (min: 26.5325 s, max: 26.5716 s)
Thu Aug 22 18:40:57, Info:  Time spent this phase (IO): 52.8549 ms (min: 39.8699 ms, max: 88.7160 ms)
Thu Aug 22 18:40:57, Info:  Performance since the start: 9.4463 TFLOP/s (rank 0: 558.4527 GFLOP/s , average over ranks: 590.3937 GFLOP/s ) 
Thu Aug 22 18:40:57, Info:  Performance since last sync point: 9.4792 TFLOP/s (rank 0: 560.5942 GFLOP/s , average over ranks: 592.4476 GFLOP/s ) 
Thu Aug 22 18:41:24, Info:  Writing faultoutput at time 5.5.
Thu Aug 22 18:41:24, Info:  Writing faultoutput at time 5.5. Done.
Thu Aug 22 18:41:24, Info:  Writing energy output at time 5.5 
Thu Aug 22 18:41:24, Info:  Total momentum (X, Y, Z): 0  , 0  , 0 
Thu Aug 22 18:41:24, Info:  Writing energy output at time 5.5 Done. 
Thu Aug 22 18:41:24, Info:  Time spent this phase (total): 26.5253 s (min: 26.5189 s, max: 26.5282 s)
Thu Aug 22 18:41:24, Info:  Time spent this phase (compute): 26.5252 s (min: 26.5188 s, max: 26.5281 s)
Thu Aug 22 18:41:24, Info:  Time spent this phase (IO): 53.0225 ms (min: 39.6884 ms, max: 87.7983 ms)
Thu Aug 22 18:41:24, Info:  Performance since the start: 9.4501 TFLOP/s (rank 0: 558.6848 GFLOP/s , average over ranks: 590.6342 GFLOP/s ) 
Thu Aug 22 18:41:24, Info:  Performance since last sync point: 9.4888 TFLOP/s (rank 0: 561.0163 GFLOP/s , average over ranks: 593.0498 GFLOP/s ) 
Thu Aug 22 18:41:50, Info:  Writing faultoutput at time 6.
Thu Aug 22 18:41:50, Info:  Writing faultoutput at time 6. Done.
Thu Aug 22 18:41:50, Info:  Writing free surface at time 6.
Thu Aug 22 18:41:50, Info:  Writing free surface at time 6. Done.
Thu Aug 22 18:41:50, Info:  Writing energy output at time 6 
Thu Aug 22 18:41:51, Info:  Total momentum (X, Y, Z): 0  , 0  , 0 
Thu Aug 22 18:41:51, Info:  Writing energy output at time 6 Done. 
Thu Aug 22 18:41:51, Info:  Time spent this phase (total): 26.7734 s (min: 26.7713 s, max: 26.7763 s)
Thu Aug 22 18:41:51, Info:  Time spent this phase (compute): 26.7733 s (min: 26.7712 s, max: 26.7763 s)
Thu Aug 22 18:41:51, Info:  Time spent this phase (IO): 53.6776 ms (min: 39.9033 ms, max: 89.1404 ms)
Thu Aug 22 18:41:51, Info:  Performance since the start: 9.4460 TFLOP/s (rank 0: 558.4403 GFLOP/s , average over ranks: 590.3763 GFLOP/s ) 
Thu Aug 22 18:41:51, Info:  Performance since last sync point: 9.4009 TFLOP/s (rank 0: 555.7652 GFLOP/s , average over ranks: 587.5547 GFLOP/s ) 
Thu Aug 22 18:42:17, Info:  Writing faultoutput at time 6.5.
Thu Aug 22 18:42:17, Info:  Writing faultoutput at time 6.5. Done.
Thu Aug 22 18:42:17, Info:  Writing energy output at time 6.5 
Thu Aug 22 18:42:17, Info:  Total momentum (X, Y, Z): 0  , 0  , 0 
Thu Aug 22 18:42:17, Info:  Writing energy output at time 6.5 Done. 
Thu Aug 22 18:42:17, Info:  Time spent this phase (total): 26.4815 s (min: 26.4717 s, max: 26.5109 s)
Thu Aug 22 18:42:17, Info:  Time spent this phase (compute): 26.4814 s (min: 26.4717 s, max: 26.5109 s)
Thu Aug 22 18:42:17, Info:  Time spent this phase (IO): 51.0987 ms (min: 39.8895 ms, max: 91.5365 ms)
Thu Aug 22 18:42:17, Info:  Performance since the start: 9.4505 TFLOP/s (rank 0: 558.7164 GFLOP/s , average over ranks: 590.6559 GFLOP/s ) 
Thu Aug 22 18:42:17, Info:  Performance since last sync point: 9.5045 TFLOP/s (rank 0: 562.0510 GFLOP/s , average over ranks: 594.0313 GFLOP/s ) 
Thu Aug 22 18:42:44, Info:  Writing faultoutput at time 7.
Thu Aug 22 18:42:44, Info:  Writing faultoutput at time 7. Done.
Thu Aug 22 18:42:44, Info:  Writing free surface at time 7.
Thu Aug 22 18:42:44, Info:  Writing free surface at time 7. Done.
Thu Aug 22 18:42:44, Info:  Writing energy output at time 7 
Thu Aug 22 18:42:44, Info:  Total momentum (X, Y, Z): 0  , 0  , 0 
Thu Aug 22 18:42:44, Info:  Writing energy output at time 7 Done. 
Thu Aug 22 18:42:44, Info:  Time spent this phase (total): 26.6241 s (min: 26.5935 s, max: 26.6347 s)
Thu Aug 22 18:42:44, Info:  Time spent this phase (compute): 26.6240 s (min: 26.5935 s, max: 26.6346 s)
Thu Aug 22 18:42:44, Info:  Time spent this phase (IO): 53.9230 ms (min: 39.8593 ms, max: 89.5906 ms)
Thu Aug 22 18:42:44, Info:  Performance since the start: 9.4507 TFLOP/s (rank 0: 558.7236 GFLOP/s , average over ranks: 590.6697 GFLOP/s ) 
Thu Aug 22 18:42:44, Info:  Performance since last sync point: 9.4536 TFLOP/s (rank 0: 558.8172 GFLOP/s , average over ranks: 590.8497 GFLOP/s ) 
Thu Aug 22 18:43:10, Info:  Writing faultoutput at time 7.5.
Thu Aug 22 18:43:10, Info:  Writing faultoutput at time 7.5. Done.
Thu Aug 22 18:43:10, Info:  Writing energy output at time 7.5 
Thu Aug 22 18:43:10, Info:  Total momentum (X, Y, Z): 0  , 0  , 0 
Thu Aug 22 18:43:10, Info:  Writing energy output at time 7.5 Done. 
Thu Aug 22 18:43:10, Info:  Time spent this phase (total): 26.6641 s (min: 26.6603 s, max: 26.6693 s)
Thu Aug 22 18:43:10, Info:  Time spent this phase (compute): 26.6637 s (min: 26.6553 s, max: 26.6692 s)
Thu Aug 22 18:43:10, Info:  Time spent this phase (IO): 53.3546 ms (min: 39.7243 ms, max: 88.8368 ms)
Thu Aug 22 18:43:10, Info:  Performance since the start: 9.4500 TFLOP/s (rank 0: 558.6872 GFLOP/s , average over ranks: 590.6226 GFLOP/s ) 
Thu Aug 22 18:43:10, Info:  Performance since last sync point: 9.4394 TFLOP/s (rank 0: 558.1775 GFLOP/s , average over ranks: 589.9630 GFLOP/s ) 
Thu Aug 22 18:43:37, Info:  Writing faultoutput at time 8.
Thu Aug 22 18:43:37, Info:  Writing faultoutput at time 8. Done.
Thu Aug 22 18:43:37, Info:  Writing free surface at time 8.
Thu Aug 22 18:43:37, Info:  Writing free surface at time 8. Done.
Thu Aug 22 18:43:37, Info:  Writing energy output at time 8 
Thu Aug 22 18:43:37, Info:  Total momentum (X, Y, Z): 0  , 0  , 0 
Thu Aug 22 18:43:37, Info:  Writing energy output at time 8 Done. 
Thu Aug 22 18:43:37, Info:  Time spent this phase (total): 26.7014 s (min: 26.6928 s, max: 26.7408 s)
Thu Aug 22 18:43:37, Info:  Time spent this phase (compute): 26.7014 s (min: 26.6927 s, max: 26.7408 s)
Thu Aug 22 18:43:37, Info:  Time spent this phase (IO): 51.6091 ms (min: 39.8879 ms, max: 93.4647 ms)
Thu Aug 22 18:43:37, Info:  Performance since the start: 9.4485 TFLOP/s (rank 0: 558.6063 GFLOP/s , average over ranks: 590.5296 GFLOP/s ) 
Thu Aug 22 18:43:37, Info:  Performance since last sync point: 9.4262 TFLOP/s (rank 0: 557.3963 GFLOP/s , average over ranks: 589.1385 GFLOP/s ) 
Thu Aug 22 18:44:04, Info:  Writing faultoutput at time 8.5.
Thu Aug 22 18:44:04, Info:  Writing faultoutput at time 8.5. Done.
Thu Aug 22 18:44:04, Info:  Writing energy output at time 8.5 
Thu Aug 22 18:44:04, Info:  Total momentum (X, Y, Z): 0  , 0  , 0 
Thu Aug 22 18:44:04, Info:  Writing energy output at time 8.5 Done. 
Thu Aug 22 18:44:04, Info:  Time spent this phase (total): 26.6469 s (min: 26.6098 s, max: 26.6642 s)
Thu Aug 22 18:44:04, Info:  Time spent this phase (compute): 26.6468 s (min: 26.6098 s, max: 26.6642 s)
Thu Aug 22 18:44:04, Info:  Time spent this phase (IO): 51.9083 ms (min: 39.7288 ms, max: 87.5504 ms)
Thu Aug 22 18:44:04, Info:  Performance since the start: 9.4483 TFLOP/s (rank 0: 558.5949 GFLOP/s , average over ranks: 590.5186 GFLOP/s ) 
Thu Aug 22 18:44:04, Info:  Performance since last sync point: 9.4455 TFLOP/s (rank 0: 558.4118 GFLOP/s , average over ranks: 590.3431 GFLOP/s ) 
Thu Aug 22 18:44:30, Info:  Writing faultoutput at time 9.
Thu Aug 22 18:44:30, Info:  Writing faultoutput at time 9. Done.
Thu Aug 22 18:44:30, Info:  Writing free surface at time 9.
Thu Aug 22 18:44:30, Info:  Writing free surface at time 9. Done.
Thu Aug 22 18:44:30, Info:  Writing energy output at time 9 
Thu Aug 22 18:44:30, Info:  Total momentum (X, Y, Z): 0  , 0  , 0 
Thu Aug 22 18:44:30, Info:  Writing energy output at time 9 Done. 
Thu Aug 22 18:44:30, Info:  Time spent this phase (total): 26.5943 s (min: 26.5693 s, max: 26.6194 s)
Thu Aug 22 18:44:30, Info:  Time spent this phase (compute): 26.5942 s (min: 26.5692 s, max: 26.6194 s)
Thu Aug 22 18:44:30, Info:  Time spent this phase (IO): 52.5068 ms (min: 39.8436 ms, max: 95.4132 ms)
Thu Aug 22 18:44:30, Info:  Performance since the start: 9.4492 TFLOP/s (rank 0: 558.6577 GFLOP/s , average over ranks: 590.5737 GFLOP/s ) 
Thu Aug 22 18:44:30, Info:  Performance since last sync point: 9.4642 TFLOP/s (rank 0: 559.7275 GFLOP/s , average over ranks: 591.5127 GFLOP/s ) 
Thu Aug 22 18:44:57, Info:  Writing faultoutput at time 9.5.
Thu Aug 22 18:44:57, Info:  Writing faultoutput at time 9.5. Done.
Thu Aug 22 18:44:57, Info:  Writing energy output at time 9.5 
Thu Aug 22 18:44:57, Info:  Total momentum (X, Y, Z): 0  , 0  , 0 
Thu Aug 22 18:44:57, Info:  Writing energy output at time 9.5 Done. 
Thu Aug 22 18:44:57, Info:  Time spent this phase (total): 26.6345 s (min: 26.6006 s, max: 26.6744 s)
Thu Aug 22 18:44:57, Info:  Time spent this phase (compute): 26.6344 s (min: 26.6005 s, max: 26.6744 s)
Thu Aug 22 18:44:57, Info:  Time spent this phase (IO): 50.8950 ms (min: 39.7142 ms, max: 88.1009 ms)
Thu Aug 22 18:44:57, Info:  Performance since the start: 9.4492 TFLOP/s (rank 0: 558.6459 GFLOP/s , average over ranks: 590.5761 GFLOP/s ) 
Thu Aug 22 18:44:57, Info:  Performance since last sync point: 9.4499 TFLOP/s (rank 0: 558.4337 GFLOP/s , average over ranks: 590.6194 GFLOP/s ) 
Thu Aug 22 18:45:23, Info:  Writing faultoutput at time 10.
Thu Aug 22 18:45:23, Info:  Writing faultoutput at time 10. Done.
Thu Aug 22 18:45:23, Info:  Writing free surface at time 10.
Thu Aug 22 18:45:23, Info:  Writing free surface at time 10. Done.
Thu Aug 22 18:45:23, Info:  Wrote receivers in 2.94e-07 seconds. 
Thu Aug 22 18:45:23, Info:  Writing energy output at time 10 
Thu Aug 22 18:45:23, Info:  Total momentum (X, Y, Z): 0  , 0  , 0 
Thu Aug 22 18:45:23, Info:  Writing energy output at time 10 Done. 
Thu Aug 22 18:45:23, Info:  Time spent this phase (total): 26.5480 s (min: 26.5069 s, max: 26.5741 s)
Thu Aug 22 18:45:23, Info:  Time spent this phase (compute): 26.5479 s (min: 26.5069 s, max: 26.5741 s)
Thu Aug 22 18:45:23, Info:  Time spent this phase (IO): 52.3034 ms (min: 39.9804 ms, max: 80.4534 ms)
Thu Aug 22 18:45:23, Info:  Performance since the start: 9.4508 TFLOP/s (rank 0: 558.7536 GFLOP/s , average over ranks: 590.6741 GFLOP/s ) 
Thu Aug 22 18:45:23, Info:  Performance since last sync point: 9.4807 TFLOP/s (rank 0: 560.8075 GFLOP/s , average over ranks: 592.5442 GFLOP/s ) 
Thu Aug 22 18:45:50, Info:  Writing faultoutput at time 10.5.
Thu Aug 22 18:45:50, Info:  Writing faultoutput at time 10.5. Done.
Thu Aug 22 18:45:50, Info:  Writing energy output at time 10.5 
Thu Aug 22 18:45:50, Info:  Total momentum (X, Y, Z): 0  , 0  , 0 
Thu Aug 22 18:45:50, Info:  Writing energy output at time 10.5 Done. 
Thu Aug 22 18:45:50, Info:  Time spent this phase (total): 26.6905 s (min: 26.6708 s, max: 26.7141 s)
Thu Aug 22 18:45:50, Info:  Time spent this phase (compute): 26.6904 s (min: 26.6707 s, max: 26.7140 s)
Thu Aug 22 18:45:50, Info:  Time spent this phase (IO): 50.8754 ms (min: 39.7509 ms, max: 76.7747 ms)
Thu Aug 22 18:45:50, Info:  Performance since the start: 9.4498 TFLOP/s (rank 0: 558.6939 GFLOP/s , average over ranks: 590.6123 GFLOP/s ) 
Thu Aug 22 18:45:50, Info:  Performance since last sync point: 9.4301 TFLOP/s (rank 0: 557.5029 GFLOP/s , average over ranks: 589.3782 GFLOP/s ) 
Thu Aug 22 18:46:17, Info:  Writing faultoutput at time 11.
Thu Aug 22 18:46:17, Info:  Writing faultoutput at time 11. Done.
Thu Aug 22 18:46:17, Info:  Writing free surface at time 11.
Thu Aug 22 18:46:17, Info:  Writing free surface at time 11. Done.
Thu Aug 22 18:46:17, Info:  Writing energy output at time 11 
Thu Aug 22 18:46:17, Info:  Total momentum (X, Y, Z): 0  , 0  , 0 
Thu Aug 22 18:46:17, Info:  Writing energy output at time 11 Done. 
Thu Aug 22 18:46:17, Info:  Time spent this phase (total): 26.4660 s (min: 26.4460 s, max: 26.4922 s)
Thu Aug 22 18:46:17, Info:  Time spent this phase (compute): 26.4660 s (min: 26.4459 s, max: 26.4921 s)
Thu Aug 22 18:46:17, Info:  Time spent this phase (IO): 49.2250 ms (min: 39.8661 ms, max: 73.3008 ms)
Thu Aug 22 18:46:17, Info:  Performance since the start: 9.4525 TFLOP/s (rank 0: 558.8313 GFLOP/s , average over ranks: 590.7825 GFLOP/s ) 
Thu Aug 22 18:46:17, Info:  Performance since last sync point: 9.5101 TFLOP/s (rank 0: 561.7330 GFLOP/s , average over ranks: 594.3797 GFLOP/s ) 
Thu Aug 22 18:46:43, Info:  Writing faultoutput at time 11.5.
Thu Aug 22 18:46:43, Info:  Writing faultoutput at time 11.5. Done.
Thu Aug 22 18:46:43, Info:  Writing energy output at time 11.5 
Thu Aug 22 18:46:43, Info:  Total momentum (X, Y, Z): 0  , 0  , 0 
Thu Aug 22 18:46:43, Info:  Writing energy output at time 11.5 Done. 
Thu Aug 22 18:46:43, Info:  Time spent this phase (total): 26.5957 s (min: 26.5683 s, max: 26.6128 s)
Thu Aug 22 18:46:43, Info:  Time spent this phase (compute): 26.5956 s (min: 26.5683 s, max: 26.6127 s)
Thu Aug 22 18:46:43, Info:  Time spent this phase (IO): 52.6734 ms (min: 39.7471 ms, max: 88.1294 ms)
Thu Aug 22 18:46:43, Info:  Performance since the start: 9.4530 TFLOP/s (rank 0: 558.8800 GFLOP/s , average over ranks: 590.8128 GFLOP/s ) 
Thu Aug 22 18:46:43, Info:  Performance since last sync point: 9.4637 TFLOP/s (rank 0: 559.9526 GFLOP/s , average over ranks: 591.4794 GFLOP/s ) 
Thu Aug 22 18:47:10, Info:  Writing faultoutput at time 12.
Thu Aug 22 18:47:10, Info:  Writing faultoutput at time 12. Done.
Thu Aug 22 18:47:10, Info:  Writing free surface at time 12.
Thu Aug 22 18:47:10, Info:  Writing free surface at time 12. Done.
Thu Aug 22 18:47:10, Info:  Writing energy output at time 12 
Thu Aug 22 18:47:10, Info:  Total momentum (X, Y, Z): 0  , 0  , 0 
Thu Aug 22 18:47:10, Info:  Writing energy output at time 12 Done. 
Thu Aug 22 18:47:10, Info:  Time spent this phase (total): 26.4781 s (min: 26.4732 s, max: 26.4811 s)
Thu Aug 22 18:47:10, Info:  Time spent this phase (compute): 26.4780 s (min: 26.4731 s, max: 26.4810 s)
Thu Aug 22 18:47:10, Info:  Time spent this phase (IO): 54.0644 ms (min: 39.7679 ms, max: 92.7514 ms)
Thu Aug 22 18:47:10, Info:  Performance since the start: 9.4552 TFLOP/s (rank 0: 559.0075 GFLOP/s , average over ranks: 590.9493 GFLOP/s ) 
Thu Aug 22 18:47:10, Info:  Performance since last sync point: 9.5057 TFLOP/s (rank 0: 561.9557 GFLOP/s , average over ranks: 594.1080 GFLOP/s ) 
Thu Aug 22 18:47:36, Info:  Writing faultoutput at time 12.5.
Thu Aug 22 18:47:36, Info:  Writing faultoutput at time 12.5. Done.
Thu Aug 22 18:47:36, Info:  Writing energy output at time 12.5 
Thu Aug 22 18:47:36, Info:  Total momentum (X, Y, Z): 0  , 0  , 0 
Thu Aug 22 18:47:36, Info:  Writing energy output at time 12.5 Done. 
Thu Aug 22 18:47:36, Info:  Time spent this phase (total): 26.6907 s (min: 26.6854 s, max: 26.6931 s)
Thu Aug 22 18:47:36, Info:  Time spent this phase (compute): 26.6906 s (min: 26.6853 s, max: 26.6930 s)
Thu Aug 22 18:47:36, Info:  Time spent this phase (IO): 53.3568 ms (min: 39.8499 ms, max: 88.8986 ms)
Thu Aug 22 18:47:36, Info:  Performance since the start: 9.4542 TFLOP/s (rank 0: 558.9508 GFLOP/s , average over ranks: 590.8862 GFLOP/s ) 
Thu Aug 22 18:47:36, Info:  Performance since last sync point: 9.4300 TFLOP/s (rank 0: 557.5936 GFLOP/s , average over ranks: 589.3754 GFLOP/s ) 
Thu Aug 22 18:48:03, Info:  Writing faultoutput at time 13.
Thu Aug 22 18:48:03, Info:  Writing faultoutput at time 13. Done.
Thu Aug 22 18:48:03, Info:  Writing free surface at time 13.
Thu Aug 22 18:48:03, Info:  Writing free surface at time 13. Done.
Thu Aug 22 18:48:03, Info:  Writing energy output at time 13 
Thu Aug 22 18:48:03, Info:  Total momentum (X, Y, Z): 0  , 0  , 0 
Thu Aug 22 18:48:03, Info:  Writing energy output at time 13 Done. 
Thu Aug 22 18:48:03, Info:  Time spent this phase (total): 26.9058 s (min: 26.8966 s, max: 26.9351 s)
Thu Aug 22 18:48:03, Info:  Time spent this phase (compute): 26.9057 s (min: 26.8966 s, max: 26.9350 s)
Thu Aug 22 18:48:03, Info:  Time spent this phase (IO): 52.2381 ms (min: 39.8573 ms, max: 91.3676 ms)
Thu Aug 22 18:48:03, Info:  Performance since the start: 9.4503 TFLOP/s (rank 0: 558.7150 GFLOP/s , average over ranks: 590.6444 GFLOP/s ) 
Thu Aug 22 18:48:03, Info:  Performance since last sync point: 9.3546 TFLOP/s (rank 0: 552.8840 GFLOP/s , average over ranks: 584.6628 GFLOP/s ) 
Thu Aug 22 18:48:30, Info:  Writing faultoutput at time 13.5.
Thu Aug 22 18:48:30, Info:  Writing faultoutput at time 13.5. Done.
Thu Aug 22 18:48:30, Info:  Writing energy output at time 13.5 
Thu Aug 22 18:48:30, Info:  Total momentum (X, Y, Z): 0  , 0  , 0 
Thu Aug 22 18:48:30, Info:  Writing energy output at time 13.5 Done. 
Thu Aug 22 18:48:30, Info:  Time spent this phase (total): 26.5024 s (min: 26.4673 s, max: 26.5477 s)
Thu Aug 22 18:48:30, Info:  Time spent this phase (compute): 26.5023 s (min: 26.4673 s, max: 26.5477 s)
Thu Aug 22 18:48:30, Info:  Time spent this phase (IO): 49.1615 ms (min: 39.7318 ms, max: 78.2048 ms)
Thu Aug 22 18:48:30, Info:  Performance since the start: 9.4520 TFLOP/s (rank 0: 558.8381 GFLOP/s , average over ranks: 590.7520 GFLOP/s ) 
Thu Aug 22 18:48:30, Info:  Performance since last sync point: 9.4970 TFLOP/s (rank 0: 562.0583 GFLOP/s , average over ranks: 593.5632 GFLOP/s ) 
Thu Aug 22 18:48:56, Info:  Writing faultoutput at time 14.
Thu Aug 22 18:48:56, Info:  Writing faultoutput at time 14. Done.
Thu Aug 22 18:48:56, Info:  Writing free surface at time 14.
Thu Aug 22 18:48:56, Info:  Writing free surface at time 14. Done.
Thu Aug 22 18:48:56, Info:  Writing energy output at time 14 
Thu Aug 22 18:48:56, Info:  Total momentum (X, Y, Z): 0  , 0  , 0 
Thu Aug 22 18:48:56, Info:  Writing energy output at time 14 Done. 
Thu Aug 22 18:48:56, Info:  Time spent this phase (total): 26.5773 s (min: 26.5355 s, max: 26.5974 s)
Thu Aug 22 18:48:56, Info:  Time spent this phase (compute): 26.5773 s (min: 26.5354 s, max: 26.5974 s)
Thu Aug 22 18:48:56, Info:  Time spent this phase (IO): 54.0414 ms (min: 39.9094 ms, max: 91.3050 ms)
Thu Aug 22 18:48:56, Info:  Performance since the start: 9.4527 TFLOP/s (rank 0: 558.8630 GFLOP/s , average over ranks: 590.7925 GFLOP/s ) 
Thu Aug 22 18:48:56, Info:  Performance since last sync point: 9.4702 TFLOP/s (rank 0: 559.5353 GFLOP/s , average over ranks: 591.8897 GFLOP/s ) 
Thu Aug 22 18:49:23, Info:  Writing faultoutput at time 14.5.
Thu Aug 22 18:49:23, Info:  Writing faultoutput at time 14.5. Done.
Thu Aug 22 18:49:23, Info:  Writing energy output at time 14.5 
Thu Aug 22 18:49:23, Info:  Total momentum (X, Y, Z): 0  , 0  , 0 
Thu Aug 22 18:49:23, Info:  Writing energy output at time 14.5 Done. 
Thu Aug 22 18:49:23, Info:  Time spent this phase (total): 26.5297 s (min: 26.5276 s, max: 26.5359 s)
Thu Aug 22 18:49:23, Info:  Time spent this phase (compute): 26.5296 s (min: 26.5272 s, max: 26.5358 s)
Thu Aug 22 18:49:23, Info:  Time spent this phase (IO): 53.1677 ms (min: 39.7258 ms, max: 87.8326 ms)
Thu Aug 22 18:49:23, Info:  Performance since the start: 9.4539 TFLOP/s (rank 0: 558.9353 GFLOP/s , average over ranks: 590.8667 GFLOP/s ) 
Thu Aug 22 18:49:23, Info:  Performance since last sync point: 9.4872 TFLOP/s (rank 0: 560.9695 GFLOP/s , average over ranks: 592.9506 GFLOP/s ) 
Thu Aug 22 18:49:50, Info:  Writing faultoutput at time 15.
Thu Aug 22 18:49:50, Info:  Writing faultoutput at time 15. Done.
Thu Aug 22 18:49:50, Info:  Writing free surface at time 15.
Thu Aug 22 18:49:50, Info:  Writing free surface at time 15. Done.
Thu Aug 22 18:49:50, Info:  Writing energy output at time 15 
Thu Aug 22 18:49:50, Info:  Total momentum (X, Y, Z): 0  , 0  , 0 
Thu Aug 22 18:49:50, Info:  Writing energy output at time 15 Done. 
Thu Aug 22 18:49:50, Info:  Time spent this phase (total): 26.7003 s (min: 26.6906 s, max: 26.7157 s)
Thu Aug 22 18:49:50, Info:  Time spent this phase (compute): 26.7003 s (min: 26.6906 s, max: 26.7156 s)
Thu Aug 22 18:49:50, Info:  Time spent this phase (IO): 53.4060 ms (min: 39.8297 ms, max: 94.9744 ms)
Thu Aug 22 18:49:50, Info:  Performance since the start: 9.4530 TFLOP/s (rank 0: 558.8841 GFLOP/s , average over ranks: 590.8097 GFLOP/s ) 
Thu Aug 22 18:49:50, Info:  Performance since last sync point: 9.4266 TFLOP/s (rank 0: 557.4013 GFLOP/s , average over ranks: 589.1621 GFLOP/s ) 
Thu Aug 22 18:50:16, Info:  Writing faultoutput at time 15.5.
Thu Aug 22 18:50:16, Info:  Writing faultoutput at time 15.5. Done.
Thu Aug 22 18:50:16, Info:  Writing energy output at time 15.5 
Thu Aug 22 18:50:16, Info:  Total momentum (X, Y, Z): 0  , 0  , 0 
Thu Aug 22 18:50:16, Info:  Writing energy output at time 15.5 Done. 
Thu Aug 22 18:50:16, Info:  Time spent this phase (total): 26.6090 s (min: 26.5873 s, max: 26.6478 s)
Thu Aug 22 18:50:16, Info:  Time spent this phase (compute): 26.6090 s (min: 26.5872 s, max: 26.6477 s)
Thu Aug 22 18:50:16, Info:  Time spent this phase (IO): 48.9889 ms (min: 39.7511 ms, max: 88.4995 ms)
Thu Aug 22 18:50:16, Info:  Performance since the start: 9.4531 TFLOP/s (rank 0: 558.8913 GFLOP/s , average over ranks: 590.8217 GFLOP/s ) 
Thu Aug 22 18:50:16, Info:  Performance since last sync point: 9.4589 TFLOP/s (rank 0: 559.1071 GFLOP/s , average over ranks: 591.1840 GFLOP/s ) 
Thu Aug 22 18:50:43, Info:  Writing faultoutput at time 16.
Thu Aug 22 18:50:43, Info:  Writing faultoutput at time 16. Done.
Thu Aug 22 18:50:43, Info:  Writing free surface at time 16.
Thu Aug 22 18:50:43, Info:  Writing free surface at time 16. Done.
Thu Aug 22 18:50:43, Info:  Writing energy output at time 16 
Thu Aug 22 18:50:43, Info:  Total momentum (X, Y, Z): 0  , 0  , 0 
Thu Aug 22 18:50:43, Info:  Writing energy output at time 16 Done. 
Thu Aug 22 18:50:43, Info:  Time spent this phase (total): 26.5930 s (min: 26.5404 s, max: 26.6011 s)
Thu Aug 22 18:50:43, Info:  Time spent this phase (compute): 26.5929 s (min: 26.5403 s, max: 26.6010 s)
Thu Aug 22 18:50:43, Info:  Time spent this phase (IO): 53.3895 ms (min: 39.8641 ms, max: 89.0668 ms)
Thu Aug 22 18:50:43, Info:  Performance since the start: 9.4535 TFLOP/s (rank 0: 558.9149 GFLOP/s , average over ranks: 590.8442 GFLOP/s ) 
Thu Aug 22 18:50:43, Info:  Performance since last sync point: 9.4646 TFLOP/s (rank 0: 559.6485 GFLOP/s , average over ranks: 591.5403 GFLOP/s ) 
Thu Aug 22 18:51:09, Info:  Writing faultoutput at time 16.5.
Thu Aug 22 18:51:09, Info:  Writing faultoutput at time 16.5. Done.
Thu Aug 22 18:51:09, Info:  Writing energy output at time 16.5 
Thu Aug 22 18:51:09, Info:  Total momentum (X, Y, Z): 0  , 0  , 0 
Thu Aug 22 18:51:09, Info:  Writing energy output at time 16.5 Done. 
Thu Aug 22 18:51:09, Info:  Time spent this phase (total): 26.6743 s (min: 26.6690 s, max: 26.6864 s)
Thu Aug 22 18:51:09, Info:  Time spent this phase (compute): 26.6742 s (min: 26.6689 s, max: 26.6864 s)
Thu Aug 22 18:51:09, Info:  Time spent this phase (IO): 52.0658 ms (min: 39.8390 ms, max: 88.7677 ms)
Thu Aug 22 18:51:09, Info:  Performance since the start: 9.4530 TFLOP/s (rank 0: 558.8858 GFLOP/s , average over ranks: 590.8106 GFLOP/s ) 
Thu Aug 22 18:51:09, Info:  Performance since last sync point: 9.4358 TFLOP/s (rank 0: 557.9574 GFLOP/s , average over ranks: 589.7381 GFLOP/s ) 
Thu Aug 22 18:51:36, Info:  Writing faultoutput at time 17.
Thu Aug 22 18:51:36, Info:  Writing faultoutput at time 17. Done.
Thu Aug 22 18:51:36, Info:  Writing free surface at time 17.
Thu Aug 22 18:51:36, Info:  Writing free surface at time 17. Done.
Thu Aug 22 18:51:36, Info:  Writing energy output at time 17 
Thu Aug 22 18:51:36, Info:  Total momentum (X, Y, Z): 0  , 0  , 0 
Thu Aug 22 18:51:36, Info:  Writing energy output at time 17 Done. 
Thu Aug 22 18:51:36, Info:  Time spent this phase (total): 26.5071 s (min: 26.4944 s, max: 26.5133 s)
Thu Aug 22 18:51:36, Info:  Time spent this phase (compute): 26.5070 s (min: 26.4943 s, max: 26.5132 s)
Thu Aug 22 18:51:36, Info:  Time spent this phase (IO): 54.6010 ms (min: 39.8081 ms, max: 94.4632 ms)
Thu Aug 22 18:51:36, Info:  Performance since the start: 9.4542 TFLOP/s (rank 0: 558.9558 GFLOP/s , average over ranks: 590.8881 GFLOP/s ) 
Thu Aug 22 18:51:36, Info:  Performance since last sync point: 9.4953 TFLOP/s (rank 0: 561.2737 GFLOP/s , average over ranks: 593.4574 GFLOP/s ) 
Thu Aug 22 18:52:03, Info:  Writing faultoutput at time 17.5.
Thu Aug 22 18:52:03, Info:  Writing faultoutput at time 17.5. Done.
Thu Aug 22 18:52:03, Info:  Writing energy output at time 17.5 
Thu Aug 22 18:52:03, Info:  Total momentum (X, Y, Z): 0  , 0  , 0 
Thu Aug 22 18:52:03, Info:  Writing energy output at time 17.5 Done. 
Thu Aug 22 18:52:03, Info:  Time spent this phase (total): 26.5856 s (min: 26.5630 s, max: 26.6143 s)
Thu Aug 22 18:52:03, Info:  Time spent this phase (compute): 26.5855 s (min: 26.5629 s, max: 26.6143 s)
Thu Aug 22 18:52:03, Info:  Time spent this phase (IO): 49.1565 ms (min: 39.7189 ms, max: 69.8035 ms)
Thu Aug 22 18:52:03, Info:  Performance since the start: 9.4546 TFLOP/s (rank 0: 558.9792 GFLOP/s , average over ranks: 590.9114 GFLOP/s ) 
Thu Aug 22 18:52:03, Info:  Performance since last sync point: 9.4673 TFLOP/s (rank 0: 559.7760 GFLOP/s , average over ranks: 591.7045 GFLOP/s ) 
Thu Aug 22 18:52:29, Info:  Writing faultoutput at time 18.
Thu Aug 22 18:52:29, Info:  Writing faultoutput at time 18. Done.
Thu Aug 22 18:52:29, Info:  Writing free surface at time 18.
Thu Aug 22 18:52:29, Info:  Writing free surface at time 18. Done.
Thu Aug 22 18:52:29, Info:  Writing energy output at time 18 
Thu Aug 22 18:52:29, Info:  Total momentum (X, Y, Z): 0  , 0  , 0 
Thu Aug 22 18:52:29, Info:  Writing energy output at time 18 Done. 
Thu Aug 22 18:52:29, Info:  Time spent this phase (total): 26.5623 s (min: 26.5097 s, max: 26.6050 s)
Thu Aug 22 18:52:29, Info:  Time spent this phase (compute): 26.5622 s (min: 26.5097 s, max: 26.6050 s)
Thu Aug 22 18:52:29, Info:  Time spent this phase (IO): 54.0423 ms (min: 39.9216 ms, max: 120.5582 ms)
Thu Aug 22 18:52:29, Info:  Performance since the start: 9.4552 TFLOP/s (rank 0: 559.0149 GFLOP/s , average over ranks: 590.9478 GFLOP/s ) 
Thu Aug 22 18:52:29, Info:  Performance since last sync point: 9.4756 TFLOP/s (rank 0: 560.2688 GFLOP/s , average over ranks: 592.2267 GFLOP/s ) 
Thu Aug 22 18:52:56, Info:  Writing faultoutput at time 18.5.
Thu Aug 22 18:52:56, Info:  Writing faultoutput at time 18.5. Done.
Thu Aug 22 18:52:56, Info:  Writing energy output at time 18.5 
Thu Aug 22 18:52:56, Info:  Total momentum (X, Y, Z): 0  , 0  , 0 
Thu Aug 22 18:52:56, Info:  Writing energy output at time 18.5 Done. 
Thu Aug 22 18:52:56, Info:  Time spent this phase (total): 26.6320 s (min: 26.4990 s, max: 26.6932 s)
Thu Aug 22 18:52:56, Info:  Time spent this phase (compute): 26.6319 s (min: 26.4989 s, max: 26.6932 s)
Thu Aug 22 18:52:56, Info:  Time spent this phase (IO): 67.5346 ms (min: 39.8525 ms, max: 186.7608 ms)
Thu Aug 22 18:52:56, Info:  Performance since the start: 9.4550 TFLOP/s (rank 0: 558.9910 GFLOP/s , average over ranks: 590.9404 GFLOP/s ) 
Thu Aug 22 18:52:56, Info:  Performance since last sync point: 9.4508 TFLOP/s (rank 0: 558.1304 GFLOP/s , average over ranks: 590.6771 GFLOP/s ) 
Thu Aug 22 18:53:22, Info:  Writing faultoutput at time 19.
Thu Aug 22 18:53:22, Info:  Writing faultoutput at time 19. Done.
Thu Aug 22 18:53:22, Info:  Writing free surface at time 19.
Thu Aug 22 18:53:22, Info:  Writing free surface at time 19. Done.
Thu Aug 22 18:53:22, Info:  Writing energy output at time 19 
Thu Aug 22 18:53:22, Info:  Total momentum (X, Y, Z): 0  , 0  , 0 
Thu Aug 22 18:53:22, Info:  Writing energy output at time 19 Done. 
Thu Aug 22 18:53:22, Info:  Time spent this phase (total): 26.6155 s (min: 26.5815 s, max: 26.7045 s)
Thu Aug 22 18:53:22, Info:  Time spent this phase (compute): 26.6154 s (min: 26.5814 s, max: 26.7045 s)
Thu Aug 22 18:53:22, Info:  Time spent this phase (IO): 53.9005 ms (min: 39.8768 ms, max: 89.3362 ms)
Thu Aug 22 18:53:22, Info:  Performance since the start: 9.4551 TFLOP/s (rank 0: 559.0107 GFLOP/s , average over ranks: 590.9430 GFLOP/s ) 
Thu Aug 22 18:53:22, Info:  Performance since last sync point: 9.4567 TFLOP/s (rank 0: 559.7408 GFLOP/s , average over ranks: 591.0419 GFLOP/s ) 
Thu Aug 22 18:53:49, Info:  Writing faultoutput at time 19.5.
Thu Aug 22 18:53:49, Info:  Writing faultoutput at time 19.5. Done.
Thu Aug 22 18:53:49, Info:  Writing energy output at time 19.5 
Thu Aug 22 18:53:49, Info:  Total momentum (X, Y, Z): 0  , 0  , 0 
Thu Aug 22 18:53:49, Info:  Writing energy output at time 19.5 Done. 
Thu Aug 22 18:53:49, Info:  Time spent this phase (total): 26.6825 s (min: 26.6724 s, max: 26.6997 s)
Thu Aug 22 18:53:49, Info:  Time spent this phase (compute): 26.6824 s (min: 26.6720 s, max: 26.6996 s)
Thu Aug 22 18:53:49, Info:  Time spent this phase (IO): 51.5248 ms (min: 39.6992 ms, max: 87.8697 ms)
Thu Aug 22 18:53:49, Info:  Performance since the start: 9.4545 TFLOP/s (rank 0: 558.9828 GFLOP/s , average over ranks: 590.9074 GFLOP/s ) 
Thu Aug 22 18:53:49, Info:  Performance since last sync point: 9.4329 TFLOP/s (rank 0: 557.9255 GFLOP/s , average over ranks: 589.5551 GFLOP/s ) 
Thu Aug 22 18:54:16, Info:  Writing faultoutput at time 20.
Thu Aug 22 18:54:16, Info:  Writing faultoutput at time 20. Done.
Thu Aug 22 18:54:16, Info:  Writing free surface at time 20.
Thu Aug 22 18:54:16, Info:  Writing free surface at time 20. Done.
Thu Aug 22 18:54:16, Info:  Wrote receivers in 3.02e-07 seconds. 
Thu Aug 22 18:54:16, Info:  Writing energy output at time 20 
Thu Aug 22 18:54:16, Info:  Total momentum (X, Y, Z): 0  , 0  , 0 
Thu Aug 22 18:54:16, Info:  Writing energy output at time 20 Done. 
Thu Aug 22 18:54:16, Info:  Time spent this phase (total): 26.6665 s (min: 26.6507 s, max: 26.6756 s)
Thu Aug 22 18:54:16, Info:  Time spent this phase (compute): 26.6664 s (min: 26.6506 s, max: 26.6756 s)
Thu Aug 22 18:54:16, Info:  Time spent this phase (IO): 53.6673 ms (min: 39.8131 ms, max: 89.8810 ms)
Thu Aug 22 18:54:16, Info:  Performance since the start: 9.4541 TFLOP/s (rank 0: 558.9546 GFLOP/s , average over ranks: 590.8824 GFLOP/s ) 
Thu Aug 22 18:54:16, Info:  Performance since last sync point: 9.4386 TFLOP/s (rank 0: 557.8575 GFLOP/s , average over ranks: 589.9104 GFLOP/s ) 
Thu Aug 22 18:54:16, Info:  Ignoring duplicate synchronisation point at time 20 ; the last sync point was at  20 
Thu Aug 22 18:54:16, Info:  Ignoring duplicate synchronisation point at time 20 ; the last sync point was at  20 
Thu Aug 22 18:54:16, Info:  Ignoring duplicate synchronisation point at time 20 ; the last sync point was at  20 
Thu Aug 22 18:54:16, Info:  Ignoring duplicate synchronisation point at time 20 ; the last sync point was at  20 
Thu Aug 22 18:54:16, Info:  Simulation time (total): 17 min 44.9039 s (min: 17 min 44.8641 s, max: 17 min 44.9312 s)
Thu Aug 22 18:54:16, Info:  Simulation time (compute): 17 min 42.7439 s (min: 17 min 41.3467 s, max: 17 min 43.2627 s)
Thu Aug 22 18:54:16, Info:  Simulation time (IO): 2.1547 s (min: 1.6327 s, max: 3.5606 s)
Thu Aug 22 18:54:16, Info:  Time spent in compute kernels: mean = 1011.23  std = 23.9523  min = 948.417  median = 1010.02  max = 1048.72 
Thu Aug 22 18:54:16, Info:  Load imbalance: 3.57447 % 
Thu Aug 22 18:54:16, Info:  Regression analysis of compute kernels: 
Thu Aug 22 18:54:16, Info:  "computeLocalIntegration" (total time): 4912.67 s ( = 1 h 21 min 52.6704 s ) 
Thu Aug 22 18:54:16, Info:  "computeLocalIntegration" ( constant ): 2.1363e-05 (sample size: 5.33124e+06 , standard error: 4.47062e-12 ) 
Thu Aug 22 18:54:16, Info:  "computeLocalIntegration" ( per element ): 8.28085e-08 (sample size: 5.33124e+06 , standard error: 4.47062e-12 ) 
Thu Aug 22 18:54:16, Info:  "computeNeighboringIntegration" (total time): 5970.97 s ( = 1 h 39 min 30.9741 s ) 
Thu Aug 22 18:54:16, Info:  "computeNeighboringIntegration" ( constant ): 0.000132167 (sample size: 5.33124e+06 , standard error: 6.99517e-12 ) 
Thu Aug 22 18:54:16, Info:  "computeNeighboringIntegration" ( per element ): 9.08771e-08 (sample size: 5.33124e+06 , standard error: 6.99517e-12 ) 
Thu Aug 22 18:54:16, Info:  "computeDynamicRupture" (total time): 5296.03 s ( = 1 h 28 min 16.0267 s ) 
Thu Aug 22 18:54:16, Info:  "computeDynamicRupture" ( constant ): 7.88062e-05 (sample size: 4.05512e+06 , standard error: 3.80817e-11 ) 
Thu Aug 22 18:54:16, Info:  "computeDynamicRupture" ( per element ): 4.50442e-07 (sample size: 4.05512e+06 , standard error: 3.80817e-11 ) 
Thu Aug 22 18:54:16, Info:  "computePointSources" (total time): 0 s ( = 0.0000 s ) 
Thu Aug 22 18:54:16, Info:  "computePointSources" ( constant ): -nan (sample size: 0 , standard error: -nan ) 
Thu Aug 22 18:54:16, Info:  "computePointSources" ( per element ): -nan (sample size: 0 , standard error: -nan ) 
Thu Aug 22 18:54:16, Info:  Total time spent in compute kernels: 16179.7 s ( = 4 h 29 min 39.6712 s ) 
Thu Aug 22 18:54:16, Info:  Total calculated HW-FLOP:  10.0677 PFLOP 
Thu Aug 22 18:54:16, Info:  Total calculated NZ-FLOP:  4.0246 PFLOP 
Thu Aug 22 18:54:16, Info:  Total calculated HW-FLOP/s:  9.4539 TFLOP/s 
Thu Aug 22 18:54:16, Info:  Total calculated NZ-FLOP/s:  3.7792 TFLOP/s 
Thu Aug 22 18:54:16, Info:  WP calculated HW-FLOP:  8.3418 PFLOP 
Thu Aug 22 18:54:16, Info:  WP calculated NZ-FLOP:  2.7412 PFLOP 
Thu Aug 22 18:54:16, Info:  DR calculated HW-FLOP:  1.7260 PFLOP 
Thu Aug 22 18:54:16, Info:  DR calculated NZ-FLOP:  1.2833 PFLOP 
Thu Aug 22 18:54:16, Info:  PL calculated HW-FLOP:  0.0000 FLOP 
Thu Aug 22 18:54:16, Info:  PL calculated NZ-FLOP:  0.0000 FLOP 
Thu Aug 22 18:54:16, Info:  Time spent in simulation: 17 min 44.9320 s (min: 17 min 44.9318 s, max: 17 min 44.9327 s)
Thu Aug 22 18:54:16, Info:  Simulation done. 
Thu Aug 22 18:54:16, Info:  Closing IO. 
Thu Aug 22 18:54:17, Info:  Time fault writer backend: 4.2170 s (min: 1.7319 s, max: 26.9015 s)
Thu Aug 22 18:54:17, Info:  Time fault writer frontend: 45.8708 ms (min: 38.4314 ms, max: 52.0111 ms)
Thu Aug 22 18:54:17, Info:  Time free surface writer backend: 709.7851 ms (min: 5.2063 ms, max: 6.5662 s)
Thu Aug 22 18:54:17, Info:  Time free surface writer frontend: 5.5757 ms (min: 389.4920 s, max: 27.3498 ms)
Thu Aug 22 18:54:17, Info:  SeisSol done. Goodbye. 
SeisSol complete.
/hppfs/scratch/01/di35poq/haiti-rupture-outputs/dynamic-rupture-outputs/regional-only/jobid_3794410 ~/haiti-rupture-inputs/dynamic-rupture/regional-only
Writing hdf5 output with compression enabled (compression_level=4). 
Use --compression=0 if you want to speed-up data extraction.
ASl: 0it [00:00, ?it/s]ASl: 4it [00:00, 23.26it/s]ASl: 8it [00:00, 26.19it/s]ASl: 16it [00:00, 43.82it/s]ASl: 24it [00:00, 53.64it/s]ASl: 32it [00:00, 60.15it/s]ASl: 40it [00:00, 54.17it/s]
Sls: 0it [00:00, ?it/s]Sls: 1it [00:00,  6.71it/s]Sls: 4it [00:00, 14.03it/s]Sls: 8it [00:00, 18.42it/s]Sls: 12it [00:00, 20.41it/s]Sls: 16it [00:00, 24.38it/s]Sls: 20it [00:00, 27.63it/s]Sls: 24it [00:00, 29.65it/s]Sls: 28it [00:01, 31.46it/s]Sls: 32it [00:01, 32.69it/s]Sls: 36it [00:01, 33.30it/s]Sls: 40it [00:01, 34.10it/s]Sls: 40it [00:01, 27.67it/s]
Sld: 0it [00:00, ?it/s]Sld: 1it [00:00,  6.61it/s]Sld: 4it [00:00, 15.85it/s]Sld: 8it [00:00, 20.11it/s]Sld: 12it [00:00, 25.75it/s]Sld: 16it [00:00, 29.58it/s]Sld: 20it [00:00, 31.87it/s]Sld: 24it [00:00, 33.69it/s]Sld: 28it [00:00, 34.64it/s]Sld: 32it [00:01, 35.57it/s]Sld: 36it [00:01, 36.35it/s]Sld: 40it [00:01, 31.25it/s]
Ts0: 0it [00:00, ?it/s]Ts0: 1it [00:00,  5.25it/s]Ts0: 2it [00:00,  6.22it/s]Ts0: 4it [00:00,  7.36it/s]Ts0: 6it [00:00,  9.17it/s]Ts0: 8it [00:00, 10.05it/s]Ts0: 10it [00:01, 10.86it/s]Ts0: 12it [00:01, 11.13it/s]Ts0: 14it [00:01, 11.59it/s]Ts0: 16it [00:01, 11.64it/s]Ts0: 18it [00:01, 11.93it/s]Ts0: 20it [00:01, 10.27it/s]Ts0: 22it [00:02, 10.90it/s]Ts0: 24it [00:02, 11.12it/s]Ts0: 26it [00:02, 11.54it/s]Ts0: 28it [00:02, 11.60it/s]Ts0: 30it [00:02, 11.89it/s]Ts0: 32it [00:02, 11.84it/s]Ts0: 34it [00:03, 12.07it/s]Ts0: 36it [00:03, 11.90it/s]Ts0: 38it [00:03, 12.11it/s]Ts0: 40it [00:03, 12.02it/s]Ts0: 40it [00:03, 11.05it/s]
Td0: 0it [00:00, ?it/s]Td0: 2it [00:00, 12.63it/s]Td0: 4it [00:00,  9.87it/s]Td0: 6it [00:00, 11.37it/s]Td0: 8it [00:00, 11.87it/s]Td0: 10it [00:00, 12.51it/s]Td0: 12it [00:00, 12.61it/s]Td0: 14it [00:01, 13.00it/s]Td0: 16it [00:01, 12.90it/s]Td0: 18it [00:01, 13.19it/s]Td0: 20it [00:01, 13.07it/s]Td0: 22it [00:01, 13.31it/s]Td0: 24it [00:01, 13.14it/s]Td0: 26it [00:02, 13.35it/s]Td0: 28it [00:02, 13.19it/s]Td0: 30it [00:02, 13.39it/s]Td0: 32it [00:02, 13.21it/s]Td0: 34it [00:02, 13.40it/s]Td0: 36it [00:02, 13.20it/s]Td0: 38it [00:02, 13.40it/s]Td0: 40it [00:03, 13.25it/s]Td0: 40it [00:03, 12.92it/s]
Pn0: 0it [00:00, ?it/s]Pn0: 1it [00:00,  4.66it/s]Pn0: 3it [00:00,  8.50it/s]Pn0: 5it [00:00,  9.68it/s]Pn0: 7it [00:00, 10.54it/s]Pn0: 9it [00:00,  9.28it/s]Pn0: 11it [00:01, 10.08it/s]Pn0: 13it [00:01,  9.16it/s]Pn0: 15it [00:01,  9.92it/s]Pn0: 17it [00:01, 10.26it/s]Pn0: 19it [00:01, 10.74it/s]Pn0: 21it [00:02, 10.87it/s]Pn0: 23it [00:02, 11.19it/s]Pn0: 25it [00:02, 11.19it/s]Pn0: 27it [00:02, 11.42it/s]Pn0: 29it [00:02, 10.15it/s]Pn0: 31it [00:03, 10.64it/s]Pn0: 33it [00:03, 10.78it/s]Pn0: 35it [00:03, 11.12it/s]Pn0: 37it [00:03, 11.13it/s]Pn0: 39it [00:03, 11.38it/s]Pn0: 40it [00:03, 10.51it/s]
T_s: 0it [00:00, ?it/s]T_s: 4it [00:00, 26.39it/s]T_s: 8it [00:00, 28.44it/s]T_s: 16it [00:00, 45.68it/s]T_s: 24it [00:00, 54.29it/s]T_s: 32it [00:00, 60.61it/s]T_s: 40it [00:00, 65.42it/s]T_s: 40it [00:00, 54.97it/s]
T_d: 0it [00:00, ?it/s]T_d: 4it [00:00, 20.48it/s]T_d: 12it [00:00, 42.77it/s]T_d: 20it [00:00, 54.05it/s]T_d: 28it [00:00, 59.64it/s]T_d: 36it [00:00, 64.03it/s]T_d: 40it [00:00, 57.17it/s]
P_n: 0it [00:00, ?it/s]P_n: 1it [00:00,  7.92it/s]P_n: 6it [00:00, 29.18it/s]P_n: 12it [00:00, 32.85it/s]P_n: 20it [00:00, 46.52it/s]P_n: 28it [00:00, 54.26it/s]P_n: 36it [00:00, 60.31it/s]P_n: 40it [00:00, 50.87it/s]
Mud: 0it [00:00, ?it/s]Mud: 1it [00:00,  6.87it/s]Mud: 4it [00:00, 15.70it/s]Mud: 8it [00:00, 24.64it/s]Mud: 16it [00:00, 41.79it/s]Mud: 21it [00:00, 43.23it/s]Mud: 28it [00:00, 51.39it/s]Mud: 34it [00:00, 48.33it/s]Mud: 40it [00:00, 42.95it/s]
Vr: 0it [00:00, ?it/s]Vr: 4it [00:00, 36.62it/s]Vr: 12it [00:00, 46.27it/s]Vr: 20it [00:00, 57.00it/s]Vr: 28it [00:00, 63.05it/s]Vr: 36it [00:00, 66.94it/s]Vr: 40it [00:00, 62.09it/s]
done writing output_jobid_3794410_extracted-fault.h5
done writing output_jobid_3794410_extracted-fault.xdmf
full path: /hppfs/scratch/01/di35poq/haiti-rupture-outputs/dynamic-rupture-outputs/regional-only/jobid_3794410/output_jobid_3794410_extracted-fault.xdmf
Writing hdf5 output with compression enabled (compression_level=4). 
Use --compression=0 if you want to speed-up data extraction.
u1: 0it [00:00, ?it/s]u1: 1it [00:00,  9.53it/s]u1: 4it [00:00, 20.06it/s]u1: 16it [00:00, 59.94it/s]u1: 20it [00:00, 57.42it/s]
u2: 0it [00:00, ?it/s]u2: 9it [00:00, 88.29it/s]u2: 20it [00:00, 125.57it/s]
u3: 0it [00:00, ?it/s]u3: 1it [00:00,  9.07it/s]u3: 8it [00:00, 40.64it/s]u3: 20it [00:00, 71.11it/s]
done writing output_jobid_3794410_extracted-surface.h5
done writing output_jobid_3794410_extracted-surface.xdmf
full path: /hppfs/scratch/01/di35poq/haiti-rupture-outputs/dynamic-rupture-outputs/regional-only/jobid_3794410/output_jobid_3794410_extracted-surface.xdmf
Working on JobID: 3794410
/hppfs/scratch/01/di35poq/haiti-rupture-outputs/dynamic-rupture-outputs/regional-only/jobid_3794410/output_jobid_3794410_extracted-fault.xdmf
warning: Mw computed over 0-85s (avoiding contribution of small residual moment after rupture)
jobid_3794410 moment magnitude: -inf (M0 = 0.0000e+00)
Finished writing /hppfs/scratch/01/di35poq/haiti-rupture-outputs/dynamic-rupture-outputs/regional-only/jobid_3794410/moment_rate_mainshock.png
Job ID set as: 3794410
mu_s: 0.6
mu_d: 0.52
~/haiti-rupture-inputs/dynamic-rupture/regional-only
