Tue May 07 22:54:42, Warn:  The field "magnitude_output_on" in "dynamicrupture" was given in the parameter file, but is unknown to SeisSol. 
Tue May 07 22:54:42, Warn:  The field "energy_rate_output_on" in "dynamicrupture" was given in the parameter file, but is unknown to SeisSol. 
Tue May 07 22:54:49, Error: Could not open  outputs/fault1_ss_ds_ASAGI.nc  with ASAGI. 
Tue May 07 22:54:49, Error: Could not open  outputs/fault1_ss_ds_ASAGI.nc  with ASAGI. 
Tue May 07 22:54:49, Error: Could not open  outputs/fault1_ss_ds_ASAGI.nc  with ASAGI. 
Tue May 07 22:54:49, Error: Could not open  outputs/fault1_ss_ds_ASAGI.nc  with ASAGI. 
Tue May 07 22:54:49, Error: Could not open  outputs/fault1_ss_ds_ASAGI.nc  with ASAGI. 
Tue May 07 22:54:49, Error: Could not open  outputs/fault1_ss_ds_ASAGI.nc  with ASAGI. 
Tue May 07 22:54:49, Error: Could not open  outputs/fault1_ss_ds_ASAGI.nc  with ASAGI. 
Backtrace:
/dss/dsshome1/01/di35poq/SeisSol/build-release/SeisSol_Release_dskx_4_elastic(_ZN5utils6LoggerD1Ev+0x341) [0x481a01]
/dss/dsshome1/01/di35poq/SeisSol/build-release/SeisSol_Release_dskx_4_elastic() [0x66b906]
/dss/dsshome1/01/di35poq/SeisSol/build-release/SeisSol_Release_dskx_4_elastic() [0x82bf13]
/dss/dsshome1/01/di35poq/SeisSol/build-release/SeisSol_Release_dskx_4_elastic() [0x7f40c8]
/dss/dsshome1/01/di35poq/SeisSol/build-release/SeisSol_Release_dskx_4_elastic() [0x7f083d]
/dss/dsshome1/01/di35poq/SeisSol/build-release/SeisSol_Release_dskx_4_elastic() [0x822581]
/dss/dsshome1/01/di35poq/SeisSol/build-release/SeisSol_Release_dskx_4_elastic() [0x82769e]
/dss/dsshome1/01/di35poq/SeisSol/build-release/SeisSol_Release_dskx_4_elastic() [0x7f3cf9]
/dss/dsshome1/01/di35poq/SeisSol/build-release/SeisSol_Release_dskx_4_elastic() [0x7f083d]
/dss/dsshome1/01/di35poq/SeisSol/build-release/SeisSol_Release_dskx_4_elastic() [0x8226f7]
/dss/dsshome1/01/di35poq/SeisSol/build-release/SeisSol_Release_dskx_4_elastic() [0x82422b]
/dss/dsshome1/01/di35poq/SeisSol/build-release/SeisSol_Release_dskx_4_elastic() [0x7f39be]
/dss/dsshome1/01/di35poq/SeisSol/build-release/SeisSol_Release_dskx_4_elastic() [0x7f083d]
/dss/dsshome1/01/di35poq/SeisSol/build-release/SeisSol_Release_dskx_4_elastic() [0x822581]
/dss/dsshome1/01/di35poq/SeisSol/build-release/SeisSol_Release_dskx_4_elastic() [0x823a2b]
/dss/dsshome1/01/di35poq/SeisSol/build-release/SeisSol_Release_dskx_4_elastic() [0x7f38c0]
/dss/dsshome1/01/di35poq/SeisSol/build-release/SeisSol_Release_dskx_4_elastic() [0x7f083d]
/dss/dsshome1/01/di35poq/SeisSol/build-release/SeisSol_Release_dskx_4_elastic() [0x820364]
/dss/dsshome1/01/di35poq/SeisSol/build-release/SeisSol_Release_dskx_4_elastic() [0x7f35ba]
/dss/dsshome1/01/di35poq/SeisSol/build-release/SeisSol_Release_dskx_4_elastic() [0x7f083d]
/dss/dsshome1/01/di35poq/SeisSol/build-release/SeisSol_Release_dskx_4_elastic() [0x82c68d]
Backtrace:
/dss/dsshome1/01/di35poq/SeisSol/build-release/SeisSol_Release_dskx_4_elastic(_ZN5utils6LoggerD1Ev+0x341) [0x481a01]
/dss/dsshome1/01/di35poq/SeisSol/build-release/SeisSol_Release_dskx_4_elastic() [0x66b906]
/dss/dsshome1/01/di35poq/SeisSol/build-release/SeisSol_Release_dskx_4_elastic() [0x82bf13]
/dss/dsshome1/01/di35poq/SeisSol/build-release/SeisSol_Release_dskx_4_elastic() [0x7f40c8]
/dss/dsshome1/01/di35poq/SeisSol/build-release/SeisSol_Release_dskx_4_elastic() [0x7f083d]
/dss/dsshome1/01/di35poq/SeisSol/build-release/SeisSol_Release_dskx_4_elastic() [0x822581]
/dss/dsshome1/01/di35poq/SeisSol/build-release/SeisSol_Release_dskx_4_elastic() [0x82769e]
/dss/dsshome1/01/di35poq/SeisSol/build-release/SeisSol_Release_dskx_4_elastic() [0x7f3cf9]
/dss/dsshome1/01/di35poq/SeisSol/build-release/SeisSol_Release_dskx_4_elastic() [0x7f083d]
/dss/dsshome1/01/di35poq/SeisSol/build-release/SeisSol_Release_dskx_4_elastic() [0x8226f7]
/dss/dsshome1/01/di35poq/SeisSol/build-release/SeisSol_Release_dskx_4_elastic() [0x7f4210]
/dss/dsshome1/01/di35poq/SeisSol/build-release/SeisSol_Release_dskx_4_elastic() [0x7f083d]
/dss/dsshome1/01/di35poq/SeisSol/build-release/SeisSol_Release_dskx_4_elastic() [0x820364]
/dss/dsshome1/01/di35poq/SeisSol/build-release/SeisSol_Release_dskx_4_elastic() [0x7f35ba]
/dss/dsshome1/01/di35poq/SeisSol/build-release/SeisSol_Release_dskx_4_elastic() [0x7f083d]
/dss/dsshome1/01/di35poq/SeisSol/build-release/SeisSol_Release_dskx_4_elastic() [0x7efb5d]
/dss/dsshome1/01/di35poq/SeisSol/build-release/SeisSol_Release_dskx_4_elastic() [0x53d4e3]
/dss/dsshome1/01/di35poq/SeisSol/build-release/SeisSol_Release_dskx_4_elastic() [0x6ecca7]
/dss/dsshome1/01/di35poq/SeisSol/build-release/SeisSol_Release_dskx_4_elastic() [0x5317a6]
/dss/dsshome1/01/di35poq/SeisSol/build-release/SeisSol_Release_dskx_4_elastic() [0x523855]
/dss/dsshome1/01/di35poq/SeisSol/build-release/SeisSol_Release_dskx_4_elastic() [0x52670f]
/dss/dsshome1/01/di35poq/SeisSol/build-release/SeisSol_Release_dskx_4_elastic() [0x5170ee]
/dss/dsshome1/01/di35poq/SeisSol/build-release/SeisSol_Release_dskx_4_elastic() [0x414e67]
/lib64/libc.so.6(__libc_start_main+0xef) [0x7f33f65ba2bd]
/dss/dsshome1/01/di35poq/SeisSol/build-release/SeisSol_Release_dskx_4_elastic() [0x413e2a]
/dss/dsshome1/01/di35poq/SeisSol/build-release/SeisSol_Release_dskx_4_elastic() [0x82422b]
/dss/dsshome1/01/di35poq/SeisSol/build-release/SeisSol_Release_dskx_4_elastic() [0x7f39be]
/dss/dsshome1/01/di35poq/SeisSol/build-release/SeisSol_Release_dskx_4_elastic() [0x7f083d]
/dss/dsshome1/01/di35poq/SeisSol/build-release/SeisSol_Release_dskx_4_elastic() [0x822581]
/dss/dsshome1/01/di35poq/SeisSol/build-release/SeisSol_Release_dskx_4_elastic() [0x823a2b]
/dss/dsshome1/01/di35poq/SeisSol/build-release/SeisSol_Release_dskx_4_elastic() [0x7f38c0]
/dss/dsshome1/01/di35poq/SeisSol/build-release/SeisSol_Release_dskx_4_elastic() [0x7f083d]
/dss/dsshome1/01/di35poq/SeisSol/build-release/SeisSol_Release_dskx_4_elastic() [0x820364]
/dss/dsshome1/01/di35poq/SeisSol/build-release/SeisSol_Release_dskx_4_elastic() [0x7f35ba]
/dss/dsshome1/01/di35poq/SeisSol/build-release/SeisSol_Release_dskx_4_elastic() [0x7f083d]
/dss/dsshome1/01/di35poq/SeisSol/build-release/SeisSol_Release_dskx_4_elastic() [0x82c68d]
Backtrace:
/dss/dsshome1/01/di35poq/SeisSol/build-release/SeisSol_Release_dskx_4_elastic(_ZN5utils6LoggerD1Ev+0x341) [0x481a01]
/dss/dsshome1/01/di35poq/SeisSol/build-release/SeisSol_Release_dskx_4_elastic() [0x66b906]
/dss/dsshome1/01/di35poq/SeisSol/build-release/SeisSol_Release_dskx_4_elastic() [0x82bf13]
/dss/dsshome1/01/di35poq/SeisSol/build-release/SeisSol_Release_dskx_4_elastic() [0x7f40c8]
/dss/dsshome1/01/di35poq/SeisSol/build-release/SeisSol_Release_dskx_4_elastic() [0x7f083d]
/dss/dsshome1/01/di35poq/SeisSol/build-release/SeisSol_Release_dskx_4_elastic() [0x822581]
/dss/dsshome1/01/di35poq/SeisSol/build-release/SeisSol_Release_dskx_4_elastic() [0x82769e]
/dss/dsshome1/01/di35poq/SeisSol/build-release/SeisSol_Release_dskx_4_elastic() [0x7f3cf9]
/dss/dsshome1/01/di35poq/SeisSol/build-release/SeisSol_Release_dskx_4_elastic() [0x7f083d]
/dss/dsshome1/01/di35poq/SeisSol/build-release/SeisSol_Release_dskx_4_elastic() [0x8226f7]
Tue May 07 22:54:49, Error: Could not open  outputs/fault1_ss_ds_ASAGI.nc  with ASAGI. 
Abort(134) on node 7 (rank 7 in comm 0): application called MPI_Abort(MPI_COMM_WORLD, 134) - process 7
Backtrace:
/dss/dsshome1/01/di35poq/SeisSol/build-release/SeisSol_Release_dskx_4_elastic(_ZN5utils6LoggerD1Ev+0x341) [0x481a01]
/dss/dsshome1/01/di35poq/SeisSol/build-release/SeisSol_Release_dskx_4_elastic() [0x66b906]
/dss/dsshome1/01/di35poq/SeisSol/build-release/SeisSol_Release_dskx_4_elastic() [0x82bf13]
/dss/dsshome1/01/di35poq/SeisSol/build-release/SeisSol_Release_dskx_4_elastic() [0x7f40c8]
/dss/dsshome1/01/di35poq/SeisSol/build-release/SeisSol_Release_dskx_4_elastic() [0x7f083d]
/dss/dsshome1/01/di35poq/SeisSol/build-release/SeisSol_Release_dskx_4_elastic() [0x822581]
/dss/dsshome1/01/di35poq/SeisSol/build-release/SeisSol_Release_dskx_4_elastic() [0x82769e]
/dss/dsshome1/01/di35poq/SeisSol/build-release/SeisSol_Release_dskx_4_elastic() [0x7f3cf9]
/dss/dsshome1/01/di35poq/SeisSol/build-release/SeisSol_Release_dskx_4_elastic() [0x7f083d]
/dss/dsshome1/01/di35poq/SeisSol/build-release/SeisSol_Release_dskx_4_elastic() [0x8226f7]
Tue May 07 22:54:49, Error: Could not open  outputs/fault1_ss_ds_ASAGI.nc  with ASAGI. 
/dss/dsshome1/01/di35poq/SeisSol/build-release/SeisSol_Release_dskx_4_elastic() [0x7f4210]
/dss/dsshome1/01/di35poq/SeisSol/build-release/SeisSol_Release_dskx_4_elastic() [0x7f083d]
/dss/dsshome1/01/di35poq/SeisSol/build-release/SeisSol_Release_dskx_4_elastic() [0x820364]
/dss/dsshome1/01/di35poq/SeisSol/build-release/SeisSol_Release_dskx_4_elastic() [0x7f35ba]
/dss/dsshome1/01/di35poq/SeisSol/build-release/SeisSol_Release_dskx_4_elastic() [0x7f083d]
/dss/dsshome1/01/di35poq/SeisSol/build-release/SeisSol_Release_dskx_4_elastic() [0x7efb5d]
/dss/dsshome1/01/di35poq/SeisSol/build-release/SeisSol_Release_dskx_4_elastic() [0x53d4e3]
/dss/dsshome1/01/di35poq/SeisSol/build-release/SeisSol_Release_dskx_4_elastic() [0x6ecca7]
/dss/dsshome1/01/di35poq/SeisSol/build-release/SeisSol_Release_dskx_4_elastic() [0x5317a6]
/dss/dsshome1/01/di35poq/SeisSol/build-release/SeisSol_Release_dskx_4_elastic() [0x523855]
/dss/dsshome1/01/di35poq/SeisSol/build-release/SeisSol_Release_dskx_4_elastic() [0x52670f]
/dss/dsshome1/01/di35poq/SeisSol/build-release/SeisSol_Release_dskx_4_elastic() [0x82422b]
/dss/dsshome1/01/di35poq/SeisSol/build-release/SeisSol_Release_dskx_4_elastic() [0x7f39be]
/dss/dsshome1/01/di35poq/SeisSol/build-release/SeisSol_Release_dskx_4_elastic() [0x7f083d]
/dss/dsshome1/01/di35poq/SeisSol/build-release/SeisSol_Release_dskx_4_elastic() [0x822581]
/dss/dsshome1/01/di35poq/SeisSol/build-release/SeisSol_Release_dskx_4_elastic() [0x823a2b]
/dss/dsshome1/01/di35poq/SeisSol/build-release/SeisSol_Release_dskx_4_elastic() [0x7f38c0]
/dss/dsshome1/01/di35poq/SeisSol/build-release/SeisSol_Release_dskx_4_elastic() [0x7f083d]
/dss/dsshome1/01/di35poq/SeisSol/build-release/SeisSol_Release_dskx_4_elastic() [0x820364]
/dss/dsshome1/01/di35poq/SeisSol/build-release/SeisSol_Release_dskx_4_elastic() [0x7f35ba]
/dss/dsshome1/01/di35poq/SeisSol/build-release/SeisSol_Release_dskx_4_elastic() [0x7f083d]
/dss/dsshome1/01/di35poq/SeisSol/build-release/SeisSol_Release_dskx_4_elastic() [0x82c68d]
Tue May 07 22:54:49, Error: Could not open  outputs/fault1_ss_ds_ASAGI.nc  with ASAGI. 
Tue May 07 22:54:49, Error: Could not open  outputs/fault1_ss_ds_ASAGI.nc  with ASAGI. 
Tue May 07 22:54:49, Error: Could not open  outputs/fault1_ss_ds_ASAGI.nc  with ASAGI. 
Backtrace:
/dss/dsshome1/01/di35poq/SeisSol/build-release/SeisSol_Release_dskx_4_elastic(_ZN5utils6LoggerD1Ev+0x341) [0x481a01]
/dss/dsshome1/01/di35poq/SeisSol/build-release/SeisSol_Release_dskx_4_elastic() [0x66b906]
/dss/dsshome1/01/di35poq/SeisSol/build-release/SeisSol_Release_dskx_4_elastic() [0x82bf13]
/dss/dsshome1/01/di35poq/SeisSol/build-release/SeisSol_Release_dskx_4_elastic() [0x7f40c8]
/dss/dsshome1/01/di35poq/SeisSol/build-release/SeisSol_Release_dskx_4_elastic() [0x7f083d]
/dss/dsshome1/01/di35poq/SeisSol/build-release/SeisSol_Release_dskx_4_elastic() [0x822581]
/dss/dsshome1/01/di35poq/SeisSol/build-release/SeisSol_Release_dskx_4_elastic() [0x82769e]
/dss/dsshome1/01/di35poq/SeisSol/build-release/SeisSol_Release_dskx_4_elastic() [0x7f3cf9]
/dss/dsshome1/01/di35poq/SeisSol/build-release/SeisSol_Release_dskx_4_elastic() [0x7f083d]
/dss/dsshome1/01/di35poq/SeisSol/build-release/SeisSol_Release_dskx_4_elastic() [0x8226f7]
Tue May 07 22:54:49, Error: Could not open  outputs/fault1_ss_ds_ASAGI.nc  with ASAGI. 
Tue May 07 22:54:49, Error: Could not open  outputs/fault1_ss_ds_ASAGI.nc  with ASAGI. 
Backtrace:
/dss/dsshome1/01/di35poq/SeisSol/build-release/SeisSol_Release_dskx_4_elastic(_ZN5utils6LoggerD1Ev+0x341) [0x481a01]
/dss/dsshome1/01/di35poq/SeisSol/build-release/SeisSol_Release_dskx_4_elastic() [0x66b906]
/dss/dsshome1/01/di35poq/SeisSol/build-release/SeisSol_Release_dskx_4_elastic() [0x82bf13]
/dss/dsshome1/01/di35poq/SeisSol/build-release/SeisSol_Release_dskx_4_elastic() [0x7f40c8]
/dss/dsshome1/01/di35poq/SeisSol/build-release/SeisSol_Release_dskx_4_elastic() [0x7f083d]
/dss/dsshome1/01/di35poq/SeisSol/build-release/SeisSol_Release_dskx_4_elastic() [0x822581]
/dss/dsshome1/01/di35poq/SeisSol/build-release/SeisSol_Release_dskx_4_elastic() [0x82769e]
/dss/dsshome1/01/di35poq/SeisSol/build-release/SeisSol_Release_dskx_4_elastic() [0x7f3cf9]
/dss/dsshome1/01/di35poq/SeisSol/build-release/SeisSol_Release_dskx_4_elastic() [0x7f083d]
/dss/dsshome1/01/di35poq/SeisSol/build-release/SeisSol_Release_dskx_4_elastic() [0x8226f7]
Tue May 07 22:54:49, Error: Could not open  outputs/fault1_ss_ds_ASAGI.nc  with ASAGI. 
/dss/dsshome1/01/di35poq/SeisSol/build-release/SeisSol_Release_dskx_4_elastic() [0x82422b]
/dss/dsshome1/01/di35poq/SeisSol/build-release/SeisSol_Release_dskx_4_elastic() [0x7f39be]
/dss/dsshome1/01/di35poq/SeisSol/build-release/SeisSol_Release_dskx_4_elastic() [0x7f083d]
/dss/dsshome1/01/di35poq/SeisSol/build-release/SeisSol_Release_dskx_4_elastic() [0x822581]
/dss/dsshome1/01/di35poq/SeisSol/build-release/SeisSol_Release_dskx_4_elastic() [0x823a2b]
/dss/dsshome1/01/di35poq/SeisSol/build-release/SeisSol_Release_dskx_4_elastic() [0x7f38c0]
/dss/dsshome1/01/di35poq/SeisSol/build-release/SeisSol_Release_dskx_4_elastic() [0x7f083d]
/dss/dsshome1/01/di35poq/SeisSol/build-release/SeisSol_Release_dskx_4_elastic() [0x820364]
/dss/dsshome1/01/di35poq/SeisSol/build-release/SeisSol_Release_dskx_4_elastic() [0x7f35ba]
/dss/dsshome1/01/di35poq/SeisSol/build-release/SeisSol_Release_dskx_4_elastic() [0x7f083d]
/dss/dsshome1/01/di35poq/SeisSol/build-release/SeisSol_Release_dskx_4_elastic() [0x82c68d]
Tue May 07 22:54:49, Error: Could not open  outputs/fault1_ss_ds_ASAGI.nc  with ASAGI. 
Tue May 07 22:54:49, Error: Could not open  outputs/fault1_ss_ds_ASAGI.nc  with ASAGI. 
Tue May 07 22:54:49, Error: Could not open  outputs/fault1_ss_ds_ASAGI.nc  with ASAGI. 
Backtrace:
/dss/dsshome1/01/di35poq/SeisSol/build-release/SeisSol_Release_dskx_4_elastic(_ZN5utils6LoggerD1Ev+0x341) [0x481a01]
/dss/dsshome1/01/di35poq/SeisSol/build-release/SeisSol_Release_dskx_4_elastic() [0x66b906]
/dss/dsshome1/01/di35poq/SeisSol/build-release/SeisSol_Release_dskx_4_elastic() [0x82bf13]
/dss/dsshome1/01/di35poq/SeisSol/build-release/SeisSol_Release_dskx_4_elastic() [0x7f40c8]
/dss/dsshome1/01/di35poq/SeisSol/build-release/SeisSol_Release_dskx_4_elastic() [0x7f083d]
/dss/dsshome1/01/di35poq/SeisSol/build-release/SeisSol_Release_dskx_4_elastic() [0x822581]
/dss/dsshome1/01/di35poq/SeisSol/build-release/SeisSol_Release_dskx_4_elastic() [0x82769e]
/dss/dsshome1/01/di35poq/SeisSol/build-release/SeisSol_Release_dskx_4_elastic() [0x7f3cf9]
/dss/dsshome1/01/di35poq/SeisSol/build-release/SeisSol_Release_dskx_4_elastic() [0x7f083d]
/dss/dsshome1/01/di35poq/SeisSol/build-release/SeisSol_Release_dskx_4_elastic() [0x8226f7]
Tue May 07 22:54:49, Error: Could not open  outputs/fault1_ss_ds_ASAGI.nc  with ASAGI. 
Tue May 07 22:54:49, Error: Could not open  outputs/fault1_ss_ds_ASAGI.nc  with ASAGI. 
/dss/dsshome1/01/di35poq/SeisSol/build-release/SeisSol_Release_dskx_4_elastic() [0x5170ee]
/dss/dsshome1/01/di35poq/SeisSol/build-release/SeisSol_Release_dskx_4_elastic() [0x414e67]
/lib64/libc.so.6(__libc_start_main+0xef) [0x7fbdd193e2bd]
/dss/dsshome1/01/di35poq/SeisSol/build-release/SeisSol_Release_dskx_4_elastic() [0x413e2a]
Tue May 07 22:54:49, Error: Could not open  outputs/fault1_ss_ds_ASAGI.nc  with ASAGI. 
/dss/dsshome1/01/di35poq/SeisSol/build-release/SeisSol_Release_dskx_4_elastic() [0x7f4210]
/dss/dsshome1/01/di35poq/SeisSol/build-release/SeisSol_Release_dskx_4_elastic() [0x7f083d]
/dss/dsshome1/01/di35poq/SeisSol/build-release/SeisSol_Release_dskx_4_elastic() [0x820364]
/dss/dsshome1/01/di35poq/SeisSol/build-release/SeisSol_Release_dskx_4_elastic() [0x7f35ba]
/dss/dsshome1/01/di35poq/SeisSol/build-release/SeisSol_Release_dskx_4_elastic() [0x7f083d]
/dss/dsshome1/01/di35poq/SeisSol/build-release/SeisSol_Release_dskx_4_elastic() [0x7efb5d]
/dss/dsshome1/01/di35poq/SeisSol/build-release/SeisSol_Release_dskx_4_elastic() [0x53d4e3]
/dss/dsshome1/01/di35poq/SeisSol/build-release/SeisSol_Release_dskx_4_elastic() [0x6ecca7]
/dss/dsshome1/01/di35poq/SeisSol/build-release/SeisSol_Release_dskx_4_elastic() [0x5317a6]
/dss/dsshome1/01/di35poq/SeisSol/build-release/SeisSol_Release_dskx_4_elastic() [0x523855]
/dss/dsshome1/01/di35poq/SeisSol/build-release/SeisSol_Release_dskx_4_elastic() [0x52670f]
Tue May 07 22:54:49, Error: Could not open  outputs/fault1_ss_ds_ASAGI.nc  with ASAGI. 
Tue May 07 22:54:49, Error: Could not open  outputs/fault1_ss_ds_ASAGI.nc  with ASAGI. 
Backtrace:
/dss/dsshome1/01/di35poq/SeisSol/build-release/SeisSol_Release_dskx_4_elastic(_ZN5utils6LoggerD1Ev+0x341) [0x481a01]
/dss/dsshome1/01/di35poq/SeisSol/build-release/SeisSol_Release_dskx_4_elastic() [0x66b906]
/dss/dsshome1/01/di35poq/SeisSol/build-release/SeisSol_Release_dskx_4_elastic() [0x82bf13]
/dss/dsshome1/01/di35poq/SeisSol/build-release/SeisSol_Release_dskx_4_elastic() [0x7f40c8]
/dss/dsshome1/01/di35poq/SeisSol/build-release/SeisSol_Release_dskx_4_elastic() [0x7f083d]
/dss/dsshome1/01/di35poq/SeisSol/build-release/SeisSol_Release_dskx_4_elastic() [0x822581]
/dss/dsshome1/01/di35poq/SeisSol/build-release/SeisSol_Release_dskx_4_elastic() [0x82769e]
/dss/dsshome1/01/di35poq/SeisSol/build-release/SeisSol_Release_dskx_4_elastic() [0x7f3cf9]
/dss/dsshome1/01/di35poq/SeisSol/build-release/SeisSol_Release_dskx_4_elastic() [0x7f083d]
/dss/dsshome1/01/di35poq/SeisSol/build-release/SeisSol_Release_dskx_4_elastic() [0x8226f7]
Backtrace:
/dss/dsshome1/01/di35poq/SeisSol/build-release/SeisSol_Release_dskx_4_elastic(_ZN5utils6LoggerD1Ev+0x341) [0x481a01]
/dss/dsshome1/01/di35poq/SeisSol/build-release/SeisSol_Release_dskx_4_elastic() [0x66b906]
/dss/dsshome1/01/di35poq/SeisSol/build-release/SeisSol_Release_dskx_4_elastic() [0x82bf13]
/dss/dsshome1/01/di35poq/SeisSol/build-release/SeisSol_Release_dskx_4_elastic() [0x7f40c8]
/dss/dsshome1/01/di35poq/SeisSol/build-release/SeisSol_Release_dskx_4_elastic() [0x7f083d]
/dss/dsshome1/01/di35poq/SeisSol/build-release/SeisSol_Release_dskx_4_elastic() [0x822581]
/dss/dsshome1/01/di35poq/SeisSol/build-release/SeisSol_Release_dskx_4_elastic() [0x82769e]
/dss/dsshome1/01/di35poq/SeisSol/build-release/SeisSol_Release_dskx_4_elastic() [0x7f3cf9]
/dss/dsshome1/01/di35poq/SeisSol/build-release/SeisSol_Release_dskx_4_elastic() [0x7f083d]
/dss/dsshome1/01/di35poq/SeisSol/build-release/SeisSol_Release_dskx_4_elastic() [0x8226f7]
Backtrace:
/dss/dsshome1/01/di35poq/SeisSol/build-release/SeisSol_Release_dskx_4_elastic(_ZN5utils6LoggerD1Ev+0x341) [0x481a01]
/dss/dsshome1/01/di35poq/SeisSol/build-release/SeisSol_Release_dskx_4_elastic() [0x66b906]
/dss/dsshome1/01/di35poq/SeisSol/build-release/SeisSol_Release_dskx_4_elastic() [0x82bf13]
/dss/dsshome1/01/di35poq/SeisSol/build-release/SeisSol_Release_dskx_4_elastic() [0x7f40c8]
/dss/dsshome1/01/di35poq/SeisSol/build-release/SeisSol_Release_dskx_4_elastic() [0x7f083d]
/dss/dsshome1/01/di35poq/SeisSol/build-release/SeisSol_Release_dskx_4_elastic() [0x822581]
/dss/dsshome1/01/di35poq/SeisSol/build-release/SeisSol_Release_dskx_4_elastic() [0x82769e]
/dss/dsshome1/01/di35poq/SeisSol/build-release/SeisSol_Release_dskx_4_elastic() [0x7f3cf9]
/dss/dsshome1/01/di35poq/SeisSol/build-release/SeisSol_Release_dskx_4_elastic() [0x7f083d]
/dss/dsshome1/01/di35poq/SeisSol/build-release/SeisSol_Release_dskx_4_elastic() [0x8226f7]
Backtrace:
/dss/dsshome1/01/di35poq/SeisSol/build-release/SeisSol_Release_dskx_4_elastic(_ZN5utils6LoggerD1Ev+0x341) [0x481a01]
/dss/dsshome1/01/di35poq/SeisSol/build-release/SeisSol_Release_dskx_4_elastic() [0x66b906]
/dss/dsshome1/01/di35poq/SeisSol/build-release/SeisSol_Release_dskx_4_elastic() [0x82bf13]
/dss/dsshome1/01/di35poq/SeisSol/build-release/SeisSol_Release_dskx_4_elastic() [0x7f40c8]
/dss/dsshome1/01/di35poq/SeisSol/build-release/SeisSol_Release_dskx_4_elastic() [0x7f083d]
/dss/dsshome1/01/di35poq/SeisSol/build-release/SeisSol_Release_dskx_4_elastic() [0x822581]
/dss/dsshome1/01/di35poq/SeisSol/build-release/SeisSol_Release_dskx_4_elastic() [0x82769e]
/dss/dsshome1/01/di35poq/SeisSol/build-release/SeisSol_Release_dskx_4_elastic() [0x7f3cf9]
/dss/dsshome1/01/di35poq/SeisSol/build-release/SeisSol_Release_dskx_4_elastic() [0x7f083d]
/dss/dsshome1/01/di35poq/SeisSol/build-release/SeisSol_Release_dskx_4_elastic() [0x8226f7]
Backtrace:
/dss/dsshome1/01/di35poq/SeisSol/build-release/SeisSol_Release_dskx_4_elastic(_ZN5utils6LoggerD1Ev+0x341) [0x481a01]
/dss/dsshome1/01/di35poq/SeisSol/build-release/SeisSol_Release_dskx_4_elastic() [0x66b906]
/dss/dsshome1/01/di35poq/SeisSol/build-release/SeisSol_Release_dskx_4_elastic() [0x82bf13]
/dss/dsshome1/01/di35poq/SeisSol/build-release/SeisSol_Release_dskx_4_elastic() [0x7f40c8]
/dss/dsshome1/01/di35poq/SeisSol/build-release/SeisSol_Release_dskx_4_elastic() [0x7f083d]
/dss/dsshome1/01/di35poq/SeisSol/build-release/SeisSol_Release_dskx_4_elastic() [0x822581]
/dss/dsshome1/01/di35poq/SeisSol/build-release/SeisSol_Release_dskx_4_elastic() [0x82769e]
/dss/dsshome1/01/di35poq/SeisSol/build-release/SeisSol_Release_dskx_4_elastic() [0x7f3cf9]
/dss/dsshome1/01/di35poq/SeisSol/build-release/SeisSol_Release_dskx_4_elastic() [0x7f083d]
/dss/dsshome1/01/di35poq/SeisSol/build-release/SeisSol_Release_dskx_4_elastic() [0x8226f7]
/dss/dsshome1/01/di35poq/SeisSol/build-release/SeisSol_Release_dskx_4_elastic() [0x82422b]
/dss/dsshome1/01/di35poq/SeisSol/build-release/SeisSol_Release_dskx_4_elastic() [0x7f39be]
/dss/dsshome1/01/di35poq/SeisSol/build-release/SeisSol_Release_dskx_4_elastic() [0x7f083d]
/dss/dsshome1/01/di35poq/SeisSol/build-release/SeisSol_Release_dskx_4_elastic() [0x822581]
/dss/dsshome1/01/di35poq/SeisSol/build-release/SeisSol_Release_dskx_4_elastic() [0x823a2b]
/dss/dsshome1/01/di35poq/SeisSol/build-release/SeisSol_Release_dskx_4_elastic() [0x7f38c0]
/dss/dsshome1/01/di35poq/SeisSol/build-release/SeisSol_Release_dskx_4_elastic() [0x7f083d]
/dss/dsshome1/01/di35poq/SeisSol/build-release/SeisSol_Release_dskx_4_elastic() [0x820364]
/dss/dsshome1/01/di35poq/SeisSol/build-release/SeisSol_Release_dskx_4_elastic() [0x7f35ba]
/dss/dsshome1/01/di35poq/SeisSol/build-release/SeisSol_Release_dskx_4_elastic() [0x7f083d]
/dss/dsshome1/01/di35poq/SeisSol/build-release/SeisSol_Release_dskx_4_elastic() [0x82c68d]
Backtrace:
/dss/dsshome1/01/di35poq/SeisSol/build-release/SeisSol_Release_dskx_4_elastic(_ZN5utils6LoggerD1Ev+0x341) [0x481a01]
/dss/dsshome1/01/di35poq/SeisSol/build-release/SeisSol_Release_dskx_4_elastic() [0x66b906]
/dss/dsshome1/01/di35poq/SeisSol/build-release/SeisSol_Release_dskx_4_elastic() [0x82bf13]
/dss/dsshome1/01/di35poq/SeisSol/build-release/SeisSol_Release_dskx_4_elastic() [0x7f40c8]
/dss/dsshome1/01/di35poq/SeisSol/build-release/SeisSol_Release_dskx_4_elastic() [0x7f083d]
/dss/dsshome1/01/di35poq/SeisSol/build-release/SeisSol_Release_dskx_4_elastic() [0x822581]
/dss/dsshome1/01/di35poq/SeisSol/build-release/SeisSol_Release_dskx_4_elastic() [0x82769e]
/dss/dsshome1/01/di35poq/SeisSol/build-release/SeisSol_Release_dskx_4_elastic() [0x7f3cf9]
/dss/dsshome1/01/di35poq/SeisSol/build-release/SeisSol_Release_dskx_4_elastic() [0x7f083d]
/dss/dsshome1/01/di35poq/SeisSol/build-release/SeisSol_Release_dskx_4_elastic() [0x8226f7]
Backtrace:
/dss/dsshome1/01/di35poq/SeisSol/build-release/SeisSol_Release_dskx_4_elastic(_ZN5utils6LoggerD1Ev+0x341) [0x481a01]
/dss/dsshome1/01/di35poq/SeisSol/build-release/SeisSol_Release_dskx_4_elastic() [0x66b906]
/dss/dsshome1/01/di35poq/SeisSol/build-release/SeisSol_Release_dskx_4_elastic() [0x82bf13]
/dss/dsshome1/01/di35poq/SeisSol/build-release/SeisSol_Release_dskx_4_elastic() [0x7f40c8]
/dss/dsshome1/01/di35poq/SeisSol/build-release/SeisSol_Release_dskx_4_elastic() [0x7f083d]
/dss/dsshome1/01/di35poq/SeisSol/build-release/SeisSol_Release_dskx_4_elastic() [0x822581]
/dss/dsshome1/01/di35poq/SeisSol/build-release/SeisSol_Release_dskx_4_elastic() [0x82769e]
/dss/dsshome1/01/di35poq/SeisSol/build-release/SeisSol_Release_dskx_4_elastic() [0x7f3cf9]
/dss/dsshome1/01/di35poq/SeisSol/build-release/SeisSol_Release_dskx_4_elastic() [0x7f083d]
/dss/dsshome1/01/di35poq/SeisSol/build-release/SeisSol_Release_dskx_4_elastic() [0x8226f7]
/dss/dsshome1/01/di35poq/SeisSol/build-release/SeisSol_Release_dskx_4_elastic() [0x82422b]
/dss/dsshome1/01/di35poq/SeisSol/build-release/SeisSol_Release_dskx_4_elastic() [0x7f39be]
/dss/dsshome1/01/di35poq/SeisSol/build-release/SeisSol_Release_dskx_4_elastic() [0x7f083d]
/dss/dsshome1/01/di35poq/SeisSol/build-release/SeisSol_Release_dskx_4_elastic() [0x822581]
/dss/dsshome1/01/di35poq/SeisSol/build-release/SeisSol_Release_dskx_4_elastic() [0x823a2b]
/dss/dsshome1/01/di35poq/SeisSol/build-release/SeisSol_Release_dskx_4_elastic() [0x7f38c0]
/dss/dsshome1/01/di35poq/SeisSol/build-release/SeisSol_Release_dskx_4_elastic() [0x7f083d]
/dss/dsshome1/01/di35poq/SeisSol/build-release/SeisSol_Release_dskx_4_elastic() [0x820364]
/dss/dsshome1/01/di35poq/SeisSol/build-release/SeisSol_Release_dskx_4_elastic() [0x7f35ba]
/dss/dsshome1/01/di35poq/SeisSol/build-release/SeisSol_Release_dskx_4_elastic() [0x7f083d]
/dss/dsshome1/01/di35poq/SeisSol/build-release/SeisSol_Release_dskx_4_elastic() [0x82c68d]
Backtrace:
/dss/dsshome1/01/di35poq/SeisSol/build-release/SeisSol_Release_dskx_4_elastic(_ZN5utils6LoggerD1Ev+0x341) [0x481a01]
/dss/dsshome1/01/di35poq/SeisSol/build-release/SeisSol_Release_dskx_4_elastic() [0x66b906]
/dss/dsshome1/01/di35poq/SeisSol/build-release/SeisSol_Release_dskx_4_elastic() [0x82bf13]
/dss/dsshome1/01/di35poq/SeisSol/build-release/SeisSol_Release_dskx_4_elastic() [0x7f40c8]
/dss/dsshome1/01/di35poq/SeisSol/build-release/SeisSol_Release_dskx_4_elastic() [0x7f083d]
/dss/dsshome1/01/di35poq/SeisSol/build-release/SeisSol_Release_dskx_4_elastic() [0x822581]
/dss/dsshome1/01/di35poq/SeisSol/build-release/SeisSol_Release_dskx_4_elastic() [0x82769e]
/dss/dsshome1/01/di35poq/SeisSol/build-release/SeisSol_Release_dskx_4_elastic() [0x7f3cf9]
/dss/dsshome1/01/di35poq/SeisSol/build-release/SeisSol_Release_dskx_4_elastic() [0x7f083d]
/dss/dsshome1/01/di35poq/SeisSol/build-release/SeisSol_Release_dskx_4_elastic() [0x8226f7]
/dss/dsshome1/01/di35poq/SeisSol/build-release/SeisSol_Release_dskx_4_elastic() [0x7f4210]
/dss/dsshome1/01/di35poq/SeisSol/build-release/SeisSol_Release_dskx_4_elastic() [0x7f083d]
/dss/dsshome1/01/di35poq/SeisSol/build-release/SeisSol_Release_dskx_4_elastic() [0x820364]
/dss/dsshome1/01/di35poq/SeisSol/build-release/SeisSol_Release_dskx_4_elastic() [0x7f35ba]
/dss/dsshome1/01/di35poq/SeisSol/build-release/SeisSol_Release_dskx_4_elastic() [0x7f083d]
/dss/dsshome1/01/di35poq/SeisSol/build-release/SeisSol_Release_dskx_4_elastic() [0x7efb5d]
/dss/dsshome1/01/di35poq/SeisSol/build-release/SeisSol_Release_dskx_4_elastic() [0x53d4e3]
/dss/dsshome1/01/di35poq/SeisSol/build-release/SeisSol_Release_dskx_4_elastic() [0x6ecca7]
/dss/dsshome1/01/di35poq/SeisSol/build-release/SeisSol_Release_dskx_4_elastic() [0x5317a6]
/dss/dsshome1/01/di35poq/SeisSol/build-release/SeisSol_Release_dskx_4_elastic() [0x523855]
/dss/dsshome1/01/di35poq/SeisSol/build-release/SeisSol_Release_dskx_4_elastic() [0x52670f]
Backtrace:
/dss/dsshome1/01/di35poq/SeisSol/build-release/SeisSol_Release_dskx_4_elastic(_ZN5utils6LoggerD1Ev+0x341) [0x481a01]
/dss/dsshome1/01/di35poq/SeisSol/build-release/SeisSol_Release_dskx_4_elastic() [0x66b906]
/dss/dsshome1/01/di35poq/SeisSol/build-release/SeisSol_Release_dskx_4_elastic() [0x82bf13]
/dss/dsshome1/01/di35poq/SeisSol/build-release/SeisSol_Release_dskx_4_elastic() [0x7f40c8]
/dss/dsshome1/01/di35poq/SeisSol/build-release/SeisSol_Release_dskx_4_elastic() [0x7f083d]
/dss/dsshome1/01/di35poq/SeisSol/build-release/SeisSol_Release_dskx_4_elastic() [0x822581]
/dss/dsshome1/01/di35poq/SeisSol/build-release/SeisSol_Release_dskx_4_elastic() [0x82769e]
/dss/dsshome1/01/di35poq/SeisSol/build-release/SeisSol_Release_dskx_4_elastic() [0x7f3cf9]
/dss/dsshome1/01/di35poq/SeisSol/build-release/SeisSol_Release_dskx_4_elastic() [0x7f083d]
/dss/dsshome1/01/di35poq/SeisSol/build-release/SeisSol_Release_dskx_4_elastic() [0x8226f7]
Backtrace:
/dss/dsshome1/01/di35poq/SeisSol/build-release/SeisSol_Release_dskx_4_elastic(_ZN5utils6LoggerD1Ev+0x341) [0x481a01]
/dss/dsshome1/01/di35poq/SeisSol/build-release/SeisSol_Release_dskx_4_elastic() [0x66b906]
/dss/dsshome1/01/di35poq/SeisSol/build-release/SeisSol_Release_dskx_4_elastic() [0x82bf13]
/dss/dsshome1/01/di35poq/SeisSol/build-release/SeisSol_Release_dskx_4_elastic() [0x7f40c8]
/dss/dsshome1/01/di35poq/SeisSol/build-release/SeisSol_Release_dskx_4_elastic() [0x7f083d]
/dss/dsshome1/01/di35poq/SeisSol/build-release/SeisSol_Release_dskx_4_elastic() [0x822581]
/dss/dsshome1/01/di35poq/SeisSol/build-release/SeisSol_Release_dskx_4_elastic() [0x82769e]
/dss/dsshome1/01/di35poq/SeisSol/build-release/SeisSol_Release_dskx_4_elastic() [0x7f3cf9]
/dss/dsshome1/01/di35poq/SeisSol/build-release/SeisSol_Release_dskx_4_elastic() [0x7f083d]
/dss/dsshome1/01/di35poq/SeisSol/build-release/SeisSol_Release_dskx_4_elastic() [0x8226f7]
/dss/dsshome1/01/di35poq/SeisSol/build-release/SeisSol_Release_dskx_4_elastic() [0x82422b]
/dss/dsshome1/01/di35poq/SeisSol/build-release/SeisSol_Release_dskx_4_elastic() [0x7f39be]
/dss/dsshome1/01/di35poq/SeisSol/build-release/SeisSol_Release_dskx_4_elastic() [0x7f083d]
/dss/dsshome1/01/di35poq/SeisSol/build-release/SeisSol_Release_dskx_4_elastic() [0x822581]
/dss/dsshome1/01/di35poq/SeisSol/build-release/SeisSol_Release_dskx_4_elastic() [0x823a2b]
/dss/dsshome1/01/di35poq/SeisSol/build-release/SeisSol_Release_dskx_4_elastic() [0x7f38c0]
/dss/dsshome1/01/di35poq/SeisSol/build-release/SeisSol_Release_dskx_4_elastic() [0x7f083d]
/dss/dsshome1/01/di35poq/SeisSol/build-release/SeisSol_Release_dskx_4_elastic() [0x820364]
/dss/dsshome1/01/di35poq/SeisSol/build-release/SeisSol_Release_dskx_4_elastic() [0x7f35ba]
/dss/dsshome1/01/di35poq/SeisSol/build-release/SeisSol_Release_dskx_4_elastic() [0x7f083d]
/dss/dsshome1/01/di35poq/SeisSol/build-release/SeisSol_Release_dskx_4_elastic() [0x82c68d]
Backtrace:
/dss/dsshome1/01/di35poq/SeisSol/build-release/SeisSol_Release_dskx_4_elastic(_ZN5utils6LoggerD1Ev+0x341) [0x481a01]
/dss/dsshome1/01/di35poq/SeisSol/build-release/SeisSol_Release_dskx_4_elastic() [0x66b906]
/dss/dsshome1/01/di35poq/SeisSol/build-release/SeisSol_Release_dskx_4_elastic() [0x82bf13]
/dss/dsshome1/01/di35poq/SeisSol/build-release/SeisSol_Release_dskx_4_elastic() [0x7f40c8]
/dss/dsshome1/01/di35poq/SeisSol/build-release/SeisSol_Release_dskx_4_elastic() [0x7f083d]
/dss/dsshome1/01/di35poq/SeisSol/build-release/SeisSol_Release_dskx_4_elastic() [0x822581]
/dss/dsshome1/01/di35poq/SeisSol/build-release/SeisSol_Release_dskx_4_elastic() [0x82769e]
/dss/dsshome1/01/di35poq/SeisSol/build-release/SeisSol_Release_dskx_4_elastic() [0x7f3cf9]
/dss/dsshome1/01/di35poq/SeisSol/build-release/SeisSol_Release_dskx_4_elastic() [0x7f083d]
/dss/dsshome1/01/di35poq/SeisSol/build-release/SeisSol_Release_dskx_4_elastic() [0x8226f7]
Backtrace:
/dss/dsshome1/01/di35poq/SeisSol/build-release/SeisSol_Release_dskx_4_elastic(_ZN5utils6LoggerD1Ev+0x341) [0x481a01]
/dss/dsshome1/01/di35poq/SeisSol/build-release/SeisSol_Release_dskx_4_elastic() [0x66b906]
/dss/dsshome1/01/di35poq/SeisSol/build-release/SeisSol_Release_dskx_4_elastic() [0x82bf13]
/dss/dsshome1/01/di35poq/SeisSol/build-release/SeisSol_Release_dskx_4_elastic() [0x7f40c8]
/dss/dsshome1/01/di35poq/SeisSol/build-release/SeisSol_Release_dskx_4_elastic() [0x7f083d]
/dss/dsshome1/01/di35poq/SeisSol/build-release/SeisSol_Release_dskx_4_elastic() [0x822581]
/dss/dsshome1/01/di35poq/SeisSol/build-release/SeisSol_Release_dskx_4_elastic() [0x82769e]
/dss/dsshome1/01/di35poq/SeisSol/build-release/SeisSol_Release_dskx_4_elastic() [0x7f3cf9]
/dss/dsshome1/01/di35poq/SeisSol/build-release/SeisSol_Release_dskx_4_elastic() [0x7f083d]
/dss/dsshome1/01/di35poq/SeisSol/build-release/SeisSol_Release_dskx_4_elastic() [0x8226f7]
Abort(134) on node 19 (rank 19 in comm 0): application called MPI_Abort(MPI_COMM_WORLD, 134) - process 19
/dss/dsshome1/01/di35poq/SeisSol/build-release/SeisSol_Release_dskx_4_elastic() [0x5170ee]
/dss/dsshome1/01/di35poq/SeisSol/build-release/SeisSol_Release_dskx_4_elastic() [0x414e67]
/lib64/libc.so.6(__libc_start_main+0xef) [0x7f6d2c3462bd]
/dss/dsshome1/01/di35poq/SeisSol/build-release/SeisSol_Release_dskx_4_elastic() [0x413e2a]
Backtrace:
/dss/dsshome1/01/di35poq/SeisSol/build-release/SeisSol_Release_dskx_4_elastic(_ZN5utils6LoggerD1Ev+0x341) [0x481a01]
/dss/dsshome1/01/di35poq/SeisSol/build-release/SeisSol_Release_dskx_4_elastic() [0x66b906]
/dss/dsshome1/01/di35poq/SeisSol/build-release/SeisSol_Release_dskx_4_elastic() [0x82bf13]
/dss/dsshome1/01/di35poq/SeisSol/build-release/SeisSol_Release_dskx_4_elastic() [0x7f40c8]
/dss/dsshome1/01/di35poq/SeisSol/build-release/SeisSol_Release_dskx_4_elastic() [0x7f083d]
/dss/dsshome1/01/di35poq/SeisSol/build-release/SeisSol_Release_dskx_4_elastic() [0x822581]
/dss/dsshome1/01/di35poq/SeisSol/build-release/SeisSol_Release_dskx_4_elastic() [0x82769e]
/dss/dsshome1/01/di35poq/SeisSol/build-release/SeisSol_Release_dskx_4_elastic() [0x7f3cf9]
/dss/dsshome1/01/di35poq/SeisSol/build-release/SeisSol_Release_dskx_4_elastic() [0x7f083d]
/dss/dsshome1/01/di35poq/SeisSol/build-release/SeisSol_Release_dskx_4_elastic() [0x8226f7]
Backtrace:
/dss/dsshome1/01/di35poq/SeisSol/build-release/SeisSol_Release_dskx_4_elastic(_ZN5utils6LoggerD1Ev+0x341) [0x481a01]
/dss/dsshome1/01/di35poq/SeisSol/build-release/SeisSol_Release_dskx_4_elastic() [0x66b906]
/dss/dsshome1/01/di35poq/SeisSol/build-release/SeisSol_Release_dskx_4_elastic() [0x82bf13]
/dss/dsshome1/01/di35poq/SeisSol/build-release/SeisSol_Release_dskx_4_elastic() [0x7f40c8]
/dss/dsshome1/01/di35poq/SeisSol/build-release/SeisSol_Release_dskx_4_elastic() [0x7f083d]
/dss/dsshome1/01/di35poq/SeisSol/build-release/SeisSol_Release_dskx_4_elastic() [0x822581]
/dss/dsshome1/01/di35poq/SeisSol/build-release/SeisSol_Release_dskx_4_elastic() [0x82769e]
/dss/dsshome1/01/di35poq/SeisSol/build-release/SeisSol_Release_dskx_4_elastic() [0x7f3cf9]
/dss/dsshome1/01/di35poq/SeisSol/build-release/SeisSol_Release_dskx_4_elastic() [0x7f083d]
/dss/dsshome1/01/di35poq/SeisSol/build-release/SeisSol_Release_dskx_4_elastic() [0x8226f7]
/dss/dsshome1/01/di35poq/SeisSol/build-release/SeisSol_Release_dskx_4_elastic() [0x82422b]
/dss/dsshome1/01/di35poq/SeisSol/build-release/SeisSol_Release_dskx_4_elastic() [0x7f39be]
/dss/dsshome1/01/di35poq/SeisSol/build-release/SeisSol_Release_dskx_4_elastic() [0x7f083d]
/dss/dsshome1/01/di35poq/SeisSol/build-release/SeisSol_Release_dskx_4_elastic() [0x822581]
/dss/dsshome1/01/di35poq/SeisSol/build-release/SeisSol_Release_dskx_4_elastic() [0x823a2b]
/dss/dsshome1/01/di35poq/SeisSol/build-release/SeisSol_Release_dskx_4_elastic() [0x7f38c0]
/dss/dsshome1/01/di35poq/SeisSol/build-release/SeisSol_Release_dskx_4_elastic() [0x7f083d]
/dss/dsshome1/01/di35poq/SeisSol/build-release/SeisSol_Release_dskx_4_elastic() [0x820364]
/dss/dsshome1/01/di35poq/SeisSol/build-release/SeisSol_Release_dskx_4_elastic() [0x7f35ba]
/dss/dsshome1/01/di35poq/SeisSol/build-release/SeisSol_Release_dskx_4_elastic() [0x7f083d]
/dss/dsshome1/01/di35poq/SeisSol/build-release/SeisSol_Release_dskx_4_elastic() [0x82c68d]
/dss/dsshome1/01/di35poq/SeisSol/build-release/SeisSol_Release_dskx_4_elastic() [0x82422b]
/dss/dsshome1/01/di35poq/SeisSol/build-release/SeisSol_Release_dskx_4_elastic() [0x7f39be]
/dss/dsshome1/01/di35poq/SeisSol/build-release/SeisSol_Release_dskx_4_elastic() [0x7f083d]
/dss/dsshome1/01/di35poq/SeisSol/build-release/SeisSol_Release_dskx_4_elastic() [0x822581]
/dss/dsshome1/01/di35poq/SeisSol/build-release/SeisSol_Release_dskx_4_elastic() [0x823a2b]
/dss/dsshome1/01/di35poq/SeisSol/build-release/SeisSol_Release_dskx_4_elastic() [0x7f38c0]
/dss/dsshome1/01/di35poq/SeisSol/build-release/SeisSol_Release_dskx_4_elastic() [0x7f083d]
/dss/dsshome1/01/di35poq/SeisSol/build-release/SeisSol_Release_dskx_4_elastic() [0x820364]
/dss/dsshome1/01/di35poq/SeisSol/build-release/SeisSol_Release_dskx_4_elastic() [0x7f35ba]
/dss/dsshome1/01/di35poq/SeisSol/build-release/SeisSol_Release_dskx_4_elastic() [0x7f083d]
/dss/dsshome1/01/di35poq/SeisSol/build-release/SeisSol_Release_dskx_4_elastic() [0x82c68d]
/dss/dsshome1/01/di35poq/SeisSol/build-release/SeisSol_Release_dskx_4_elastic() [0x82422b]
/dss/dsshome1/01/di35poq/SeisSol/build-release/SeisSol_Release_dskx_4_elastic() [0x7f39be]
/dss/dsshome1/01/di35poq/SeisSol/build-release/SeisSol_Release_dskx_4_elastic() [0x7f083d]
/dss/dsshome1/01/di35poq/SeisSol/build-release/SeisSol_Release_dskx_4_elastic() [0x822581]
/dss/dsshome1/01/di35poq/SeisSol/build-release/SeisSol_Release_dskx_4_elastic() [0x823a2b]
/dss/dsshome1/01/di35poq/SeisSol/build-release/SeisSol_Release_dskx_4_elastic() [0x7f38c0]
/dss/dsshome1/01/di35poq/SeisSol/build-release/SeisSol_Release_dskx_4_elastic() [0x7f083d]
/dss/dsshome1/01/di35poq/SeisSol/build-release/SeisSol_Release_dskx_4_elastic() [0x820364]
/dss/dsshome1/01/di35poq/SeisSol/build-release/SeisSol_Release_dskx_4_elastic() [0x7f35ba]
/dss/dsshome1/01/di35poq/SeisSol/build-release/SeisSol_Release_dskx_4_elastic() [0x7f083d]
/dss/dsshome1/01/di35poq/SeisSol/build-release/SeisSol_Release_dskx_4_elastic() [0x82c68d]
/dss/dsshome1/01/di35poq/SeisSol/build-release/SeisSol_Release_dskx_4_elastic() [0x82422b]
/dss/dsshome1/01/di35poq/SeisSol/build-release/SeisSol_Release_dskx_4_elastic() [0x7f39be]
/dss/dsshome1/01/di35poq/SeisSol/build-release/SeisSol_Release_dskx_4_elastic() [0x7f083d]
/dss/dsshome1/01/di35poq/SeisSol/build-release/SeisSol_Release_dskx_4_elastic() [0x822581]
/dss/dsshome1/01/di35poq/SeisSol/build-release/SeisSol_Release_dskx_4_elastic() [0x823a2b]
/dss/dsshome1/01/di35poq/SeisSol/build-release/SeisSol_Release_dskx_4_elastic() [0x7f38c0]
/dss/dsshome1/01/di35poq/SeisSol/build-release/SeisSol_Release_dskx_4_elastic() [0x7f083d]
/dss/dsshome1/01/di35poq/SeisSol/build-release/SeisSol_Release_dskx_4_elastic() [0x820364]
/dss/dsshome1/01/di35poq/SeisSol/build-release/SeisSol_Release_dskx_4_elastic() [0x7f35ba]
/dss/dsshome1/01/di35poq/SeisSol/build-release/SeisSol_Release_dskx_4_elastic() [0x7f083d]
/dss/dsshome1/01/di35poq/SeisSol/build-release/SeisSol_Release_dskx_4_elastic() [0x82c68d]
/dss/dsshome1/01/di35poq/SeisSol/build-release/SeisSol_Release_dskx_4_elastic() [0x82422b]
/dss/dsshome1/01/di35poq/SeisSol/build-release/SeisSol_Release_dskx_4_elastic() [0x7f39be]
/dss/dsshome1/01/di35poq/SeisSol/build-release/SeisSol_Release_dskx_4_elastic() [0x7f083d]
/dss/dsshome1/01/di35poq/SeisSol/build-release/SeisSol_Release_dskx_4_elastic() [0x822581]
/dss/dsshome1/01/di35poq/SeisSol/build-release/SeisSol_Release_dskx_4_elastic() [0x823a2b]
/dss/dsshome1/01/di35poq/SeisSol/build-release/SeisSol_Release_dskx_4_elastic() [0x7f38c0]
/dss/dsshome1/01/di35poq/SeisSol/build-release/SeisSol_Release_dskx_4_elastic() [0x7f083d]
/dss/dsshome1/01/di35poq/SeisSol/build-release/SeisSol_Release_dskx_4_elastic() [0x820364]
/dss/dsshome1/01/di35poq/SeisSol/build-release/SeisSol_Release_dskx_4_elastic() [0x7f35ba]
/dss/dsshome1/01/di35poq/SeisSol/build-release/SeisSol_Release_dskx_4_elastic() [0x7f083d]
/dss/dsshome1/01/di35poq/SeisSol/build-release/SeisSol_Release_dskx_4_elastic() [0x82c68d]
/dss/dsshome1/01/di35poq/SeisSol/build-release/SeisSol_Release_dskx_4_elastic() [0x7f4210]
/dss/dsshome1/01/di35poq/SeisSol/build-release/SeisSol_Release_dskx_4_elastic() [0x7f083d]
/dss/dsshome1/01/di35poq/SeisSol/build-release/SeisSol_Release_dskx_4_elastic() [0x820364]
/dss/dsshome1/01/di35poq/SeisSol/build-release/SeisSol_Release_dskx_4_elastic() [0x7f35ba]
/dss/dsshome1/01/di35poq/SeisSol/build-release/SeisSol_Release_dskx_4_elastic() [0x7f083d]
/dss/dsshome1/01/di35poq/SeisSol/build-release/SeisSol_Release_dskx_4_elastic() [0x7efb5d]
/dss/dsshome1/01/di35poq/SeisSol/build-release/SeisSol_Release_dskx_4_elastic() [0x53d4e3]
/dss/dsshome1/01/di35poq/SeisSol/build-release/SeisSol_Release_dskx_4_elastic() [0x6ecca7]
/dss/dsshome1/01/di35poq/SeisSol/build-release/SeisSol_Release_dskx_4_elastic() [0x5317a6]
/dss/dsshome1/01/di35poq/SeisSol/build-release/SeisSol_Release_dskx_4_elastic() [0x523855]
/dss/dsshome1/01/di35poq/SeisSol/build-release/SeisSol_Release_dskx_4_elastic() [0x52670f]
Tue May 07 22:54:49, Error: Could not open  outputs/fault1_ss_ds_ASAGI.nc  with ASAGI. 
/dss/dsshome1/01/di35poq/SeisSol/build-release/SeisSol_Release_dskx_4_elastic() [0x82422b]
/dss/dsshome1/01/di35poq/SeisSol/build-release/SeisSol_Release_dskx_4_elastic() [0x7f39be]
/dss/dsshome1/01/di35poq/SeisSol/build-release/SeisSol_Release_dskx_4_elastic() [0x7f083d]
/dss/dsshome1/01/di35poq/SeisSol/build-release/SeisSol_Release_dskx_4_elastic() [0x822581]
/dss/dsshome1/01/di35poq/SeisSol/build-release/SeisSol_Release_dskx_4_elastic() [0x823a2b]
/dss/dsshome1/01/di35poq/SeisSol/build-release/SeisSol_Release_dskx_4_elastic() [0x7f38c0]
/dss/dsshome1/01/di35poq/SeisSol/build-release/SeisSol_Release_dskx_4_elastic() [0x7f083d]
/dss/dsshome1/01/di35poq/SeisSol/build-release/SeisSol_Release_dskx_4_elastic() [0x820364]
/dss/dsshome1/01/di35poq/SeisSol/build-release/SeisSol_Release_dskx_4_elastic() [0x7f35ba]
/dss/dsshome1/01/di35poq/SeisSol/build-release/SeisSol_Release_dskx_4_elastic() [0x7f083d]
/dss/dsshome1/01/di35poq/SeisSol/build-release/SeisSol_Release_dskx_4_elastic() [0x82c68d]
/dss/dsshome1/01/di35poq/SeisSol/build-release/SeisSol_Release_dskx_4_elastic() [0x82422b]
/dss/dsshome1/01/di35poq/SeisSol/build-release/SeisSol_Release_dskx_4_elastic() [0x7f39be]
/dss/dsshome1/01/di35poq/SeisSol/build-release/SeisSol_Release_dskx_4_elastic() [0x7f083d]
/dss/dsshome1/01/di35poq/SeisSol/build-release/SeisSol_Release_dskx_4_elastic() [0x822581]
/dss/dsshome1/01/di35poq/SeisSol/build-release/SeisSol_Release_dskx_4_elastic() [0x823a2b]
/dss/dsshome1/01/di35poq/SeisSol/build-release/SeisSol_Release_dskx_4_elastic() [0x7f38c0]
/dss/dsshome1/01/di35poq/SeisSol/build-release/SeisSol_Release_dskx_4_elastic() [0x7f083d]
/dss/dsshome1/01/di35poq/SeisSol/build-release/SeisSol_Release_dskx_4_elastic() [0x820364]
/dss/dsshome1/01/di35poq/SeisSol/build-release/SeisSol_Release_dskx_4_elastic() [0x7f35ba]
/dss/dsshome1/01/di35poq/SeisSol/build-release/SeisSol_Release_dskx_4_elastic() [0x7f083d]
/dss/dsshome1/01/di35poq/SeisSol/build-release/SeisSol_Release_dskx_4_elastic() [0x82c68d]
/dss/dsshome1/01/di35poq/SeisSol/build-release/SeisSol_Release_dskx_4_elastic() [0x7f4210]
/dss/dsshome1/01/di35poq/SeisSol/build-release/SeisSol_Release_dskx_4_elastic() [0x7f083d]
/dss/dsshome1/01/di35poq/SeisSol/build-release/SeisSol_Release_dskx_4_elastic() [0x820364]
/dss/dsshome1/01/di35poq/SeisSol/build-release/SeisSol_Release_dskx_4_elastic() [0x7f35ba]
/dss/dsshome1/01/di35poq/SeisSol/build-release/SeisSol_Release_dskx_4_elastic() [0x7f083d]
/dss/dsshome1/01/di35poq/SeisSol/build-release/SeisSol_Release_dskx_4_elastic() [0x7efb5d]
/dss/dsshome1/01/di35poq/SeisSol/build-release/SeisSol_Release_dskx_4_elastic() [0x53d4e3]
/dss/dsshome1/01/di35poq/SeisSol/build-release/SeisSol_Release_dskx_4_elastic() [0x6ecca7]
/dss/dsshome1/01/di35poq/SeisSol/build-release/SeisSol_Release_dskx_4_elastic() [0x5317a6]
/dss/dsshome1/01/di35poq/SeisSol/build-release/SeisSol_Release_dskx_4_elastic() [0x523855]
/dss/dsshome1/01/di35poq/SeisSol/build-release/SeisSol_Release_dskx_4_elastic() [0x52670f]
/dss/dsshome1/01/di35poq/SeisSol/build-release/SeisSol_Release_dskx_4_elastic() [0x82422b]
/dss/dsshome1/01/di35poq/SeisSol/build-release/SeisSol_Release_dskx_4_elastic() [0x7f39be]
/dss/dsshome1/01/di35poq/SeisSol/build-release/SeisSol_Release_dskx_4_elastic() [0x7f083d]
/dss/dsshome1/01/di35poq/SeisSol/build-release/SeisSol_Release_dskx_4_elastic() [0x822581]
/dss/dsshome1/01/di35poq/SeisSol/build-release/SeisSol_Release_dskx_4_elastic() [0x823a2b]
/dss/dsshome1/01/di35poq/SeisSol/build-release/SeisSol_Release_dskx_4_elastic() [0x7f38c0]
/dss/dsshome1/01/di35poq/SeisSol/build-release/SeisSol_Release_dskx_4_elastic() [0x7f083d]
/dss/dsshome1/01/di35poq/SeisSol/build-release/SeisSol_Release_dskx_4_elastic() [0x820364]
/dss/dsshome1/01/di35poq/SeisSol/build-release/SeisSol_Release_dskx_4_elastic() [0x7f35ba]
/dss/dsshome1/01/di35poq/SeisSol/build-release/SeisSol_Release_dskx_4_elastic() [0x7f083d]
/dss/dsshome1/01/di35poq/SeisSol/build-release/SeisSol_Release_dskx_4_elastic() [0x82c68d]
/dss/dsshome1/01/di35poq/SeisSol/build-release/SeisSol_Release_dskx_4_elastic() [0x5170ee]
/dss/dsshome1/01/di35poq/SeisSol/build-release/SeisSol_Release_dskx_4_elastic() [0x414e67]
/lib64/libc.so.6(__libc_start_main+0xef) [0x7fae4934b2bd]
/dss/dsshome1/01/di35poq/SeisSol/build-release/SeisSol_Release_dskx_4_elastic() [0x413e2a]
/dss/dsshome1/01/di35poq/SeisSol/build-release/SeisSol_Release_dskx_4_elastic() [0x82422b]
/dss/dsshome1/01/di35poq/SeisSol/build-release/SeisSol_Release_dskx_4_elastic() [0x7f39be]
/dss/dsshome1/01/di35poq/SeisSol/build-release/SeisSol_Release_dskx_4_elastic() [0x7f083d]
/dss/dsshome1/01/di35poq/SeisSol/build-release/SeisSol_Release_dskx_4_elastic() [0x822581]
/dss/dsshome1/01/di35poq/SeisSol/build-release/SeisSol_Release_dskx_4_elastic() [0x823a2b]
/dss/dsshome1/01/di35poq/SeisSol/build-release/SeisSol_Release_dskx_4_elastic() [0x7f38c0]
/dss/dsshome1/01/di35poq/SeisSol/build-release/SeisSol_Release_dskx_4_elastic() [0x7f083d]
/dss/dsshome1/01/di35poq/SeisSol/build-release/SeisSol_Release_dskx_4_elastic() [0x820364]
/dss/dsshome1/01/di35poq/SeisSol/build-release/SeisSol_Release_dskx_4_elastic() [0x7f35ba]
/dss/dsshome1/01/di35poq/SeisSol/build-release/SeisSol_Release_dskx_4_elastic() [0x7f083d]
/dss/dsshome1/01/di35poq/SeisSol/build-release/SeisSol_Release_dskx_4_elastic() [0x82c68d]
Backtrace:
/dss/dsshome1/01/di35poq/SeisSol/build-release/SeisSol_Release_dskx_4_elastic(_ZN5utils6LoggerD1Ev+0x341) [0x481a01]
/dss/dsshome1/01/di35poq/SeisSol/build-release/SeisSol_Release_dskx_4_elastic() [0x66b906]
/dss/dsshome1/01/di35poq/SeisSol/build-release/SeisSol_Release_dskx_4_elastic() [0x82bf13]
/dss/dsshome1/01/di35poq/SeisSol/build-release/SeisSol_Release_dskx_4_elastic() [0x7f40c8]
/dss/dsshome1/01/di35poq/SeisSol/build-release/SeisSol_Release_dskx_4_elastic() [0x7f083d]
/dss/dsshome1/01/di35poq/SeisSol/build-release/SeisSol_Release_dskx_4_elastic() [0x822581]
/dss/dsshome1/01/di35poq/SeisSol/build-release/SeisSol_Release_dskx_4_elastic() [0x82769e]
/dss/dsshome1/01/di35poq/SeisSol/build-release/SeisSol_Release_dskx_4_elastic() [0x7f3cf9]
/dss/dsshome1/01/di35poq/SeisSol/build-release/SeisSol_Release_dskx_4_elastic() [0x7f083d]
/dss/dsshome1/01/di35poq/SeisSol/build-release/SeisSol_Release_dskx_4_elastic() [0x8226f7]
/dss/dsshome1/01/di35poq/SeisSol/build-release/SeisSol_Release_dskx_4_elastic() [0x82422b]
/dss/dsshome1/01/di35poq/SeisSol/build-release/SeisSol_Release_dskx_4_elastic() [0x7f39be]
/dss/dsshome1/01/di35poq/SeisSol/build-release/SeisSol_Release_dskx_4_elastic() [0x7f083d]
/dss/dsshome1/01/di35poq/SeisSol/build-release/SeisSol_Release_dskx_4_elastic() [0x822581]
/dss/dsshome1/01/di35poq/SeisSol/build-release/SeisSol_Release_dskx_4_elastic() [0x823a2b]
/dss/dsshome1/01/di35poq/SeisSol/build-release/SeisSol_Release_dskx_4_elastic() [0x7f38c0]
/dss/dsshome1/01/di35poq/SeisSol/build-release/SeisSol_Release_dskx_4_elastic() [0x7f083d]
/dss/dsshome1/01/di35poq/SeisSol/build-release/SeisSol_Release_dskx_4_elastic() [0x820364]
/dss/dsshome1/01/di35poq/SeisSol/build-release/SeisSol_Release_dskx_4_elastic() [0x7f35ba]
/dss/dsshome1/01/di35poq/SeisSol/build-release/SeisSol_Release_dskx_4_elastic() [0x7f083d]
/dss/dsshome1/01/di35poq/SeisSol/build-release/SeisSol_Release_dskx_4_elastic() [0x82c68d]
/dss/dsshome1/01/di35poq/SeisSol/build-release/SeisSol_Release_dskx_4_elastic() [0x7f4210]
/dss/dsshome1/01/di35poq/SeisSol/build-release/SeisSol_Release_dskx_4_elastic() [0x7f083d]
/dss/dsshome1/01/di35poq/SeisSol/build-release/SeisSol_Release_dskx_4_elastic() [0x820364]
/dss/dsshome1/01/di35poq/SeisSol/build-release/SeisSol_Release_dskx_4_elastic() [0x7f35ba]
/dss/dsshome1/01/di35poq/SeisSol/build-release/SeisSol_Release_dskx_4_elastic() [0x7f083d]
/dss/dsshome1/01/di35poq/SeisSol/build-release/SeisSol_Release_dskx_4_elastic() [0x7efb5d]
/dss/dsshome1/01/di35poq/SeisSol/build-release/SeisSol_Release_dskx_4_elastic() [0x53d4e3]
/dss/dsshome1/01/di35poq/SeisSol/build-release/SeisSol_Release_dskx_4_elastic() [0x6ecca7]
/dss/dsshome1/01/di35poq/SeisSol/build-release/SeisSol_Release_dskx_4_elastic() [0x5317a6]
/dss/dsshome1/01/di35poq/SeisSol/build-release/SeisSol_Release_dskx_4_elastic() [0x523855]
/dss/dsshome1/01/di35poq/SeisSol/build-release/SeisSol_Release_dskx_4_elastic() [0x52670f]
/dss/dsshome1/01/di35poq/SeisSol/build-release/SeisSol_Release_dskx_4_elastic() [0x82422b]
/dss/dsshome1/01/di35poq/SeisSol/build-release/SeisSol_Release_dskx_4_elastic() [0x7f39be]
/dss/dsshome1/01/di35poq/SeisSol/build-release/SeisSol_Release_dskx_4_elastic() [0x7f083d]
/dss/dsshome1/01/di35poq/SeisSol/build-release/SeisSol_Release_dskx_4_elastic() [0x822581]
/dss/dsshome1/01/di35poq/SeisSol/build-release/SeisSol_Release_dskx_4_elastic() [0x823a2b]
/dss/dsshome1/01/di35poq/SeisSol/build-release/SeisSol_Release_dskx_4_elastic() [0x7f38c0]
/dss/dsshome1/01/di35poq/SeisSol/build-release/SeisSol_Release_dskx_4_elastic() [0x7f083d]
/dss/dsshome1/01/di35poq/SeisSol/build-release/SeisSol_Release_dskx_4_elastic() [0x820364]
/dss/dsshome1/01/di35poq/SeisSol/build-release/SeisSol_Release_dskx_4_elastic() [0x7f35ba]
/dss/dsshome1/01/di35poq/SeisSol/build-release/SeisSol_Release_dskx_4_elastic() [0x7f083d]
/dss/dsshome1/01/di35poq/SeisSol/build-release/SeisSol_Release_dskx_4_elastic() [0x82c68d]
/dss/dsshome1/01/di35poq/SeisSol/build-release/SeisSol_Release_dskx_4_elastic() [0x82422b]
/dss/dsshome1/01/di35poq/SeisSol/build-release/SeisSol_Release_dskx_4_elastic() [0x7f39be]
/dss/dsshome1/01/di35poq/SeisSol/build-release/SeisSol_Release_dskx_4_elastic() [0x7f083d]
/dss/dsshome1/01/di35poq/SeisSol/build-release/SeisSol_Release_dskx_4_elastic() [0x822581]
/dss/dsshome1/01/di35poq/SeisSol/build-release/SeisSol_Release_dskx_4_elastic() [0x823a2b]
/dss/dsshome1/01/di35poq/SeisSol/build-release/SeisSol_Release_dskx_4_elastic() [0x7f38c0]
/dss/dsshome1/01/di35poq/SeisSol/build-release/SeisSol_Release_dskx_4_elastic() [0x7f083d]
/dss/dsshome1/01/di35poq/SeisSol/build-release/SeisSol_Release_dskx_4_elastic() [0x820364]
/dss/dsshome1/01/di35poq/SeisSol/build-release/SeisSol_Release_dskx_4_elastic() [0x7f35ba]
/dss/dsshome1/01/di35poq/SeisSol/build-release/SeisSol_Release_dskx_4_elastic() [0x7f083d]
/dss/dsshome1/01/di35poq/SeisSol/build-release/SeisSol_Release_dskx_4_elastic() [0x82c68d]
Backtrace:
/dss/dsshome1/01/di35poq/SeisSol/build-release/SeisSol_Release_dskx_4_elastic(_ZN5utils6LoggerD1Ev+0x341) [0x481a01]
/dss/dsshome1/01/di35poq/SeisSol/build-release/SeisSol_Release_dskx_4_elastic() [0x66b906]
/dss/dsshome1/01/di35poq/SeisSol/build-release/SeisSol_Release_dskx_4_elastic() [0x82bf13]
/dss/dsshome1/01/di35poq/SeisSol/build-release/SeisSol_Release_dskx_4_elastic() [0x7f40c8]
/dss/dsshome1/01/di35poq/SeisSol/build-release/SeisSol_Release_dskx_4_elastic() [0x7f083d]
/dss/dsshome1/01/di35poq/SeisSol/build-release/SeisSol_Release_dskx_4_elastic() [0x822581]
/dss/dsshome1/01/di35poq/SeisSol/build-release/SeisSol_Release_dskx_4_elastic() [0x82769e]
/dss/dsshome1/01/di35poq/SeisSol/build-release/SeisSol_Release_dskx_4_elastic() [0x7f3cf9]
/dss/dsshome1/01/di35poq/SeisSol/build-release/SeisSol_Release_dskx_4_elastic() [0x7f083d]
/dss/dsshome1/01/di35poq/SeisSol/build-release/SeisSol_Release_dskx_4_elastic() [0x8226f7]
Abort(134) on node 18 (rank 18 in comm 0): application called MPI_Abort(MPI_COMM_WORLD, 134) - process 18
Tue May 07 22:54:49, Error: Could not open  outputs/fault1_ss_ds_ASAGI.nc  with ASAGI. 
/dss/dsshome1/01/di35poq/SeisSol/build-release/SeisSol_Release_dskx_4_elastic() [0x82422b]
/dss/dsshome1/01/di35poq/SeisSol/build-release/SeisSol_Release_dskx_4_elastic() [0x7f39be]
/dss/dsshome1/01/di35poq/SeisSol/build-release/SeisSol_Release_dskx_4_elastic() [0x7f083d]
/dss/dsshome1/01/di35poq/SeisSol/build-release/SeisSol_Release_dskx_4_elastic() [0x822581]
/dss/dsshome1/01/di35poq/SeisSol/build-release/SeisSol_Release_dskx_4_elastic() [0x823a2b]
/dss/dsshome1/01/di35poq/SeisSol/build-release/SeisSol_Release_dskx_4_elastic() [0x7f38c0]
/dss/dsshome1/01/di35poq/SeisSol/build-release/SeisSol_Release_dskx_4_elastic() [0x7f083d]
/dss/dsshome1/01/di35poq/SeisSol/build-release/SeisSol_Release_dskx_4_elastic() [0x820364]
/dss/dsshome1/01/di35poq/SeisSol/build-release/SeisSol_Release_dskx_4_elastic() [0x7f35ba]
/dss/dsshome1/01/di35poq/SeisSol/build-release/SeisSol_Release_dskx_4_elastic() [0x7f083d]
/dss/dsshome1/01/di35poq/SeisSol/build-release/SeisSol_Release_dskx_4_elastic() [0x82c68d]
/dss/dsshome1/01/di35poq/SeisSol/build-release/SeisSol_Release_dskx_4_elastic() [0x82422b]
/dss/dsshome1/01/di35poq/SeisSol/build-release/SeisSol_Release_dskx_4_elastic() [0x7f39be]
/dss/dsshome1/01/di35poq/SeisSol/build-release/SeisSol_Release_dskx_4_elastic() [0x7f083d]
/dss/dsshome1/01/di35poq/SeisSol/build-release/SeisSol_Release_dskx_4_elastic() [0x822581]
/dss/dsshome1/01/di35poq/SeisSol/build-release/SeisSol_Release_dskx_4_elastic() [0x823a2b]
/dss/dsshome1/01/di35poq/SeisSol/build-release/SeisSol_Release_dskx_4_elastic() [0x7f38c0]
/dss/dsshome1/01/di35poq/SeisSol/build-release/SeisSol_Release_dskx_4_elastic() [0x7f083d]
/dss/dsshome1/01/di35poq/SeisSol/build-release/SeisSol_Release_dskx_4_elastic() [0x820364]
/dss/dsshome1/01/di35poq/SeisSol/build-release/SeisSol_Release_dskx_4_elastic() [0x7f35ba]
/dss/dsshome1/01/di35poq/SeisSol/build-release/SeisSol_Release_dskx_4_elastic() [0x7f083d]
/dss/dsshome1/01/di35poq/SeisSol/build-release/SeisSol_Release_dskx_4_elastic() [0x82c68d]
/dss/dsshome1/01/di35poq/SeisSol/build-release/SeisSol_Release_dskx_4_elastic() [0x7f4210]
/dss/dsshome1/01/di35poq/SeisSol/build-release/SeisSol_Release_dskx_4_elastic() [0x7f083d]
/dss/dsshome1/01/di35poq/SeisSol/build-release/SeisSol_Release_dskx_4_elastic() [0x820364]
/dss/dsshome1/01/di35poq/SeisSol/build-release/SeisSol_Release_dskx_4_elastic() [0x7f35ba]
/dss/dsshome1/01/di35poq/SeisSol/build-release/SeisSol_Release_dskx_4_elastic() [0x7f083d]
/dss/dsshome1/01/di35poq/SeisSol/build-release/SeisSol_Release_dskx_4_elastic() [0x7efb5d]
/dss/dsshome1/01/di35poq/SeisSol/build-release/SeisSol_Release_dskx_4_elastic() [0x53d4e3]
/dss/dsshome1/01/di35poq/SeisSol/build-release/SeisSol_Release_dskx_4_elastic() [0x6ecca7]
/dss/dsshome1/01/di35poq/SeisSol/build-release/SeisSol_Release_dskx_4_elastic() [0x5317a6]
/dss/dsshome1/01/di35poq/SeisSol/build-release/SeisSol_Release_dskx_4_elastic() [0x523855]
/dss/dsshome1/01/di35poq/SeisSol/build-release/SeisSol_Release_dskx_4_elastic() [0x52670f]
/dss/dsshome1/01/di35poq/SeisSol/build-release/SeisSol_Release_dskx_4_elastic() [0x7f4210]
/dss/dsshome1/01/di35poq/SeisSol/build-release/SeisSol_Release_dskx_4_elastic() [0x7f083d]
/dss/dsshome1/01/di35poq/SeisSol/build-release/SeisSol_Release_dskx_4_elastic() [0x820364]
/dss/dsshome1/01/di35poq/SeisSol/build-release/SeisSol_Release_dskx_4_elastic() [0x7f35ba]
/dss/dsshome1/01/di35poq/SeisSol/build-release/SeisSol_Release_dskx_4_elastic() [0x7f083d]
/dss/dsshome1/01/di35poq/SeisSol/build-release/SeisSol_Release_dskx_4_elastic() [0x7efb5d]
/dss/dsshome1/01/di35poq/SeisSol/build-release/SeisSol_Release_dskx_4_elastic() [0x53d4e3]
/dss/dsshome1/01/di35poq/SeisSol/build-release/SeisSol_Release_dskx_4_elastic() [0x6ecca7]
/dss/dsshome1/01/di35poq/SeisSol/build-release/SeisSol_Release_dskx_4_elastic() [0x5317a6]
/dss/dsshome1/01/di35poq/SeisSol/build-release/SeisSol_Release_dskx_4_elastic() [0x523855]
/dss/dsshome1/01/di35poq/SeisSol/build-release/SeisSol_Release_dskx_4_elastic() [0x52670f]
/dss/dsshome1/01/di35poq/SeisSol/build-release/SeisSol_Release_dskx_4_elastic() [0x7f4210]
/dss/dsshome1/01/di35poq/SeisSol/build-release/SeisSol_Release_dskx_4_elastic() [0x7f083d]
/dss/dsshome1/01/di35poq/SeisSol/build-release/SeisSol_Release_dskx_4_elastic() [0x820364]
/dss/dsshome1/01/di35poq/SeisSol/build-release/SeisSol_Release_dskx_4_elastic() [0x7f35ba]
/dss/dsshome1/01/di35poq/SeisSol/build-release/SeisSol_Release_dskx_4_elastic() [0x7f083d]
/dss/dsshome1/01/di35poq/SeisSol/build-release/SeisSol_Release_dskx_4_elastic() [0x7efb5d]
/dss/dsshome1/01/di35poq/SeisSol/build-release/SeisSol_Release_dskx_4_elastic() [0x53d4e3]
/dss/dsshome1/01/di35poq/SeisSol/build-release/SeisSol_Release_dskx_4_elastic() [0x6ecca7]
/dss/dsshome1/01/di35poq/SeisSol/build-release/SeisSol_Release_dskx_4_elastic() [0x5317a6]
/dss/dsshome1/01/di35poq/SeisSol/build-release/SeisSol_Release_dskx_4_elastic() [0x523855]
/dss/dsshome1/01/di35poq/SeisSol/build-release/SeisSol_Release_dskx_4_elastic() [0x52670f]
/dss/dsshome1/01/di35poq/SeisSol/build-release/SeisSol_Release_dskx_4_elastic() [0x7f4210]
/dss/dsshome1/01/di35poq/SeisSol/build-release/SeisSol_Release_dskx_4_elastic() [0x7f083d]
/dss/dsshome1/01/di35poq/SeisSol/build-release/SeisSol_Release_dskx_4_elastic() [0x820364]
/dss/dsshome1/01/di35poq/SeisSol/build-release/SeisSol_Release_dskx_4_elastic() [0x7f35ba]
/dss/dsshome1/01/di35poq/SeisSol/build-release/SeisSol_Release_dskx_4_elastic() [0x7f083d]
/dss/dsshome1/01/di35poq/SeisSol/build-release/SeisSol_Release_dskx_4_elastic() [0x7efb5d]
/dss/dsshome1/01/di35poq/SeisSol/build-release/SeisSol_Release_dskx_4_elastic() [0x53d4e3]
/dss/dsshome1/01/di35poq/SeisSol/build-release/SeisSol_Release_dskx_4_elastic() [0x6ecca7]
/dss/dsshome1/01/di35poq/SeisSol/build-release/SeisSol_Release_dskx_4_elastic() [0x5317a6]
/dss/dsshome1/01/di35poq/SeisSol/build-release/SeisSol_Release_dskx_4_elastic() [0x523855]
/dss/dsshome1/01/di35poq/SeisSol/build-release/SeisSol_Release_dskx_4_elastic() [0x52670f]
/dss/dsshome1/01/di35poq/SeisSol/build-release/SeisSol_Release_dskx_4_elastic() [0x7f4210]
/dss/dsshome1/01/di35poq/SeisSol/build-release/SeisSol_Release_dskx_4_elastic() [0x7f083d]
/dss/dsshome1/01/di35poq/SeisSol/build-release/SeisSol_Release_dskx_4_elastic() [0x820364]
/dss/dsshome1/01/di35poq/SeisSol/build-release/SeisSol_Release_dskx_4_elastic() [0x7f35ba]
/dss/dsshome1/01/di35poq/SeisSol/build-release/SeisSol_Release_dskx_4_elastic() [0x7f083d]
/dss/dsshome1/01/di35poq/SeisSol/build-release/SeisSol_Release_dskx_4_elastic() [0x7efb5d]
/dss/dsshome1/01/di35poq/SeisSol/build-release/SeisSol_Release_dskx_4_elastic() [0x53d4e3]
/dss/dsshome1/01/di35poq/SeisSol/build-release/SeisSol_Release_dskx_4_elastic() [0x6ecca7]
/dss/dsshome1/01/di35poq/SeisSol/build-release/SeisSol_Release_dskx_4_elastic() [0x5317a6]
/dss/dsshome1/01/di35poq/SeisSol/build-release/SeisSol_Release_dskx_4_elastic() [0x523855]
/dss/dsshome1/01/di35poq/SeisSol/build-release/SeisSol_Release_dskx_4_elastic() [0x52670f]
/dss/dsshome1/01/di35poq/SeisSol/build-release/SeisSol_Release_dskx_4_elastic() [0x5170ee]
/dss/dsshome1/01/di35poq/SeisSol/build-release/SeisSol_Release_dskx_4_elastic() [0x414e67]
/lib64/libc.so.6(__libc_start_main+0xef) [0x7f6cf9da62bd]
/dss/dsshome1/01/di35poq/SeisSol/build-release/SeisSol_Release_dskx_4_elastic() [0x413e2a]
/dss/dsshome1/01/di35poq/SeisSol/build-release/SeisSol_Release_dskx_4_elastic() [0x7f4210]
/dss/dsshome1/01/di35poq/SeisSol/build-release/SeisSol_Release_dskx_4_elastic() [0x7f083d]
/dss/dsshome1/01/di35poq/SeisSol/build-release/SeisSol_Release_dskx_4_elastic() [0x820364]
/dss/dsshome1/01/di35poq/SeisSol/build-release/SeisSol_Release_dskx_4_elastic() [0x7f35ba]
/dss/dsshome1/01/di35poq/SeisSol/build-release/SeisSol_Release_dskx_4_elastic() [0x7f083d]
/dss/dsshome1/01/di35poq/SeisSol/build-release/SeisSol_Release_dskx_4_elastic() [0x7efb5d]
/dss/dsshome1/01/di35poq/SeisSol/build-release/SeisSol_Release_dskx_4_elastic() [0x53d4e3]
/dss/dsshome1/01/di35poq/SeisSol/build-release/SeisSol_Release_dskx_4_elastic() [0x6ecca7]
/dss/dsshome1/01/di35poq/SeisSol/build-release/SeisSol_Release_dskx_4_elastic() [0x5317a6]
/dss/dsshome1/01/di35poq/SeisSol/build-release/SeisSol_Release_dskx_4_elastic() [0x523855]
/dss/dsshome1/01/di35poq/SeisSol/build-release/SeisSol_Release_dskx_4_elastic() [0x52670f]
/dss/dsshome1/01/di35poq/SeisSol/build-release/SeisSol_Release_dskx_4_elastic() [0x7f4210]
/dss/dsshome1/01/di35poq/SeisSol/build-release/SeisSol_Release_dskx_4_elastic() [0x7f083d]
/dss/dsshome1/01/di35poq/SeisSol/build-release/SeisSol_Release_dskx_4_elastic() [0x820364]
/dss/dsshome1/01/di35poq/SeisSol/build-release/SeisSol_Release_dskx_4_elastic() [0x7f35ba]
/dss/dsshome1/01/di35poq/SeisSol/build-release/SeisSol_Release_dskx_4_elastic() [0x7f083d]
/dss/dsshome1/01/di35poq/SeisSol/build-release/SeisSol_Release_dskx_4_elastic() [0x7efb5d]
/dss/dsshome1/01/di35poq/SeisSol/build-release/SeisSol_Release_dskx_4_elastic() [0x53d4e3]
/dss/dsshome1/01/di35poq/SeisSol/build-release/SeisSol_Release_dskx_4_elastic() [0x6ecca7]
/dss/dsshome1/01/di35poq/SeisSol/build-release/SeisSol_Release_dskx_4_elastic() [0x5317a6]
/dss/dsshome1/01/di35poq/SeisSol/build-release/SeisSol_Release_dskx_4_elastic() [0x523855]
/dss/dsshome1/01/di35poq/SeisSol/build-release/SeisSol_Release_dskx_4_elastic() [0x52670f]
/dss/dsshome1/01/di35poq/SeisSol/build-release/SeisSol_Release_dskx_4_elastic() [0x5170ee]
/dss/dsshome1/01/di35poq/SeisSol/build-release/SeisSol_Release_dskx_4_elastic() [0x414e67]
/lib64/libc.so.6(__libc_start_main+0xef) [0x7f1e2619e2bd]
/dss/dsshome1/01/di35poq/SeisSol/build-release/SeisSol_Release_dskx_4_elastic() [0x413e2a]
/dss/dsshome1/01/di35poq/SeisSol/build-release/SeisSol_Release_dskx_4_elastic() [0x7f4210]
/dss/dsshome1/01/di35poq/SeisSol/build-release/SeisSol_Release_dskx_4_elastic() [0x7f083d]
/dss/dsshome1/01/di35poq/SeisSol/build-release/SeisSol_Release_dskx_4_elastic() [0x820364]
/dss/dsshome1/01/di35poq/SeisSol/build-release/SeisSol_Release_dskx_4_elastic() [0x7f35ba]
/dss/dsshome1/01/di35poq/SeisSol/build-release/SeisSol_Release_dskx_4_elastic() [0x7f083d]
/dss/dsshome1/01/di35poq/SeisSol/build-release/SeisSol_Release_dskx_4_elastic() [0x7efb5d]
/dss/dsshome1/01/di35poq/SeisSol/build-release/SeisSol_Release_dskx_4_elastic() [0x53d4e3]
/dss/dsshome1/01/di35poq/SeisSol/build-release/SeisSol_Release_dskx_4_elastic() [0x6ecca7]
/dss/dsshome1/01/di35poq/SeisSol/build-release/SeisSol_Release_dskx_4_elastic() [0x5317a6]
/dss/dsshome1/01/di35poq/SeisSol/build-release/SeisSol_Release_dskx_4_elastic() [0x523855]
/dss/dsshome1/01/di35poq/SeisSol/build-release/SeisSol_Release_dskx_4_elastic() [0x52670f]
Abort(134) on node 22 (rank 22 in comm 0): application called MPI_Abort(MPI_COMM_WORLD, 134) - process 22
/dss/dsshome1/01/di35poq/SeisSol/build-release/SeisSol_Release_dskx_4_elastic() [0x7f4210]
/dss/dsshome1/01/di35poq/SeisSol/build-release/SeisSol_Release_dskx_4_elastic() [0x7f083d]
/dss/dsshome1/01/di35poq/SeisSol/build-release/SeisSol_Release_dskx_4_elastic() [0x820364]
/dss/dsshome1/01/di35poq/SeisSol/build-release/SeisSol_Release_dskx_4_elastic() [0x7f35ba]
/dss/dsshome1/01/di35poq/SeisSol/build-release/SeisSol_Release_dskx_4_elastic() [0x7f083d]
/dss/dsshome1/01/di35poq/SeisSol/build-release/SeisSol_Release_dskx_4_elastic() [0x7efb5d]
/dss/dsshome1/01/di35poq/SeisSol/build-release/SeisSol_Release_dskx_4_elastic() [0x53d4e3]
/dss/dsshome1/01/di35poq/SeisSol/build-release/SeisSol_Release_dskx_4_elastic() [0x6ecca7]
/dss/dsshome1/01/di35poq/SeisSol/build-release/SeisSol_Release_dskx_4_elastic() [0x5317a6]
/dss/dsshome1/01/di35poq/SeisSol/build-release/SeisSol_Release_dskx_4_elastic() [0x523855]
/dss/dsshome1/01/di35poq/SeisSol/build-release/SeisSol_Release_dskx_4_elastic() [0x52670f]
/dss/dsshome1/01/di35poq/SeisSol/build-release/SeisSol_Release_dskx_4_elastic() [0x82422b]
/dss/dsshome1/01/di35poq/SeisSol/build-release/SeisSol_Release_dskx_4_elastic() [0x7f39be]
/dss/dsshome1/01/di35poq/SeisSol/build-release/SeisSol_Release_dskx_4_elastic() [0x7f083d]
/dss/dsshome1/01/di35poq/SeisSol/build-release/SeisSol_Release_dskx_4_elastic() [0x822581]
/dss/dsshome1/01/di35poq/SeisSol/build-release/SeisSol_Release_dskx_4_elastic() [0x823a2b]
/dss/dsshome1/01/di35poq/SeisSol/build-release/SeisSol_Release_dskx_4_elastic() [0x7f38c0]
/dss/dsshome1/01/di35poq/SeisSol/build-release/SeisSol_Release_dskx_4_elastic() [0x7f083d]
/dss/dsshome1/01/di35poq/SeisSol/build-release/SeisSol_Release_dskx_4_elastic() [0x820364]
/dss/dsshome1/01/di35poq/SeisSol/build-release/SeisSol_Release_dskx_4_elastic() [0x7f35ba]
/dss/dsshome1/01/di35poq/SeisSol/build-release/SeisSol_Release_dskx_4_elastic() [0x7f083d]
/dss/dsshome1/01/di35poq/SeisSol/build-release/SeisSol_Release_dskx_4_elastic() [0x82c68d]
/dss/dsshome1/01/di35poq/SeisSol/build-release/SeisSol_Release_dskx_4_elastic() [0x7f4210]
/dss/dsshome1/01/di35poq/SeisSol/build-release/SeisSol_Release_dskx_4_elastic() [0x7f083d]
/dss/dsshome1/01/di35poq/SeisSol/build-release/SeisSol_Release_dskx_4_elastic() [0x820364]
/dss/dsshome1/01/di35poq/SeisSol/build-release/SeisSol_Release_dskx_4_elastic() [0x7f35ba]
/dss/dsshome1/01/di35poq/SeisSol/build-release/SeisSol_Release_dskx_4_elastic() [0x7f083d]
/dss/dsshome1/01/di35poq/SeisSol/build-release/SeisSol_Release_dskx_4_elastic() [0x7efb5d]
/dss/dsshome1/01/di35poq/SeisSol/build-release/SeisSol_Release_dskx_4_elastic() [0x53d4e3]
/dss/dsshome1/01/di35poq/SeisSol/build-release/SeisSol_Release_dskx_4_elastic() [0x6ecca7]
/dss/dsshome1/01/di35poq/SeisSol/build-release/SeisSol_Release_dskx_4_elastic() [0x5317a6]
/dss/dsshome1/01/di35poq/SeisSol/build-release/SeisSol_Release_dskx_4_elastic() [0x523855]
/dss/dsshome1/01/di35poq/SeisSol/build-release/SeisSol_Release_dskx_4_elastic() [0x52670f]
/dss/dsshome1/01/di35poq/SeisSol/build-release/SeisSol_Release_dskx_4_elastic() [0x5170ee]
/dss/dsshome1/01/di35poq/SeisSol/build-release/SeisSol_Release_dskx_4_elastic() [0x414e67]
/lib64/libc.so.6(__libc_start_main+0xef) [0x7f67857522bd]
/dss/dsshome1/01/di35poq/SeisSol/build-release/SeisSol_Release_dskx_4_elastic() [0x413e2a]
/dss/dsshome1/01/di35poq/SeisSol/build-release/SeisSol_Release_dskx_4_elastic() [0x7f4210]
/dss/dsshome1/01/di35poq/SeisSol/build-release/SeisSol_Release_dskx_4_elastic() [0x7f083d]
/dss/dsshome1/01/di35poq/SeisSol/build-release/SeisSol_Release_dskx_4_elastic() [0x820364]
/dss/dsshome1/01/di35poq/SeisSol/build-release/SeisSol_Release_dskx_4_elastic() [0x7f35ba]
/dss/dsshome1/01/di35poq/SeisSol/build-release/SeisSol_Release_dskx_4_elastic() [0x7f083d]
/dss/dsshome1/01/di35poq/SeisSol/build-release/SeisSol_Release_dskx_4_elastic() [0x7efb5d]
/dss/dsshome1/01/di35poq/SeisSol/build-release/SeisSol_Release_dskx_4_elastic() [0x53d4e3]
/dss/dsshome1/01/di35poq/SeisSol/build-release/SeisSol_Release_dskx_4_elastic() [0x6ecca7]
/dss/dsshome1/01/di35poq/SeisSol/build-release/SeisSol_Release_dskx_4_elastic() [0x5317a6]
/dss/dsshome1/01/di35poq/SeisSol/build-release/SeisSol_Release_dskx_4_elastic() [0x523855]
/dss/dsshome1/01/di35poq/SeisSol/build-release/SeisSol_Release_dskx_4_elastic() [0x52670f]
/dss/dsshome1/01/di35poq/SeisSol/build-release/SeisSol_Release_dskx_4_elastic() [0x7f4210]
/dss/dsshome1/01/di35poq/SeisSol/build-release/SeisSol_Release_dskx_4_elastic() [0x7f083d]
/dss/dsshome1/01/di35poq/SeisSol/build-release/SeisSol_Release_dskx_4_elastic() [0x820364]
/dss/dsshome1/01/di35poq/SeisSol/build-release/SeisSol_Release_dskx_4_elastic() [0x7f35ba]
/dss/dsshome1/01/di35poq/SeisSol/build-release/SeisSol_Release_dskx_4_elastic() [0x7f083d]
/dss/dsshome1/01/di35poq/SeisSol/build-release/SeisSol_Release_dskx_4_elastic() [0x7efb5d]
/dss/dsshome1/01/di35poq/SeisSol/build-release/SeisSol_Release_dskx_4_elastic() [0x53d4e3]
/dss/dsshome1/01/di35poq/SeisSol/build-release/SeisSol_Release_dskx_4_elastic() [0x6ecca7]
/dss/dsshome1/01/di35poq/SeisSol/build-release/SeisSol_Release_dskx_4_elastic() [0x5317a6]
/dss/dsshome1/01/di35poq/SeisSol/build-release/SeisSol_Release_dskx_4_elastic() [0x523855]
/dss/dsshome1/01/di35poq/SeisSol/build-release/SeisSol_Release_dskx_4_elastic() [0x52670f]
/dss/dsshome1/01/di35poq/SeisSol/build-release/SeisSol_Release_dskx_4_elastic() [0x82422b]
/dss/dsshome1/01/di35poq/SeisSol/build-release/SeisSol_Release_dskx_4_elastic() [0x7f39be]
/dss/dsshome1/01/di35poq/SeisSol/build-release/SeisSol_Release_dskx_4_elastic() [0x7f083d]
/dss/dsshome1/01/di35poq/SeisSol/build-release/SeisSol_Release_dskx_4_elastic() [0x822581]
/dss/dsshome1/01/di35poq/SeisSol/build-release/SeisSol_Release_dskx_4_elastic() [0x823a2b]
/dss/dsshome1/01/di35poq/SeisSol/build-release/SeisSol_Release_dskx_4_elastic() [0x7f38c0]
/dss/dsshome1/01/di35poq/SeisSol/build-release/SeisSol_Release_dskx_4_elastic() [0x7f083d]
/dss/dsshome1/01/di35poq/SeisSol/build-release/SeisSol_Release_dskx_4_elastic() [0x820364]
/dss/dsshome1/01/di35poq/SeisSol/build-release/SeisSol_Release_dskx_4_elastic() [0x7f35ba]
/dss/dsshome1/01/di35poq/SeisSol/build-release/SeisSol_Release_dskx_4_elastic() [0x7f083d]
/dss/dsshome1/01/di35poq/SeisSol/build-release/SeisSol_Release_dskx_4_elastic() [0x82c68d]
/dss/dsshome1/01/di35poq/SeisSol/build-release/SeisSol_Release_dskx_4_elastic() [0x7f4210]
/dss/dsshome1/01/di35poq/SeisSol/build-release/SeisSol_Release_dskx_4_elastic() [0x7f083d]
/dss/dsshome1/01/di35poq/SeisSol/build-release/SeisSol_Release_dskx_4_elastic() [0x820364]
/dss/dsshome1/01/di35poq/SeisSol/build-release/SeisSol_Release_dskx_4_elastic() [0x7f35ba]
/dss/dsshome1/01/di35poq/SeisSol/build-release/SeisSol_Release_dskx_4_elastic() [0x7f083d]
/dss/dsshome1/01/di35poq/SeisSol/build-release/SeisSol_Release_dskx_4_elastic() [0x7efb5d]
/dss/dsshome1/01/di35poq/SeisSol/build-release/SeisSol_Release_dskx_4_elastic() [0x53d4e3]
/dss/dsshome1/01/di35poq/SeisSol/build-release/SeisSol_Release_dskx_4_elastic() [0x6ecca7]
/dss/dsshome1/01/di35poq/SeisSol/build-release/SeisSol_Release_dskx_4_elastic() [0x5317a6]
/dss/dsshome1/01/di35poq/SeisSol/build-release/SeisSol_Release_dskx_4_elastic() [0x523855]
/dss/dsshome1/01/di35poq/SeisSol/build-release/SeisSol_Release_dskx_4_elastic() [0x52670f]
/dss/dsshome1/01/di35poq/SeisSol/build-release/SeisSol_Release_dskx_4_elastic() [0x7f4210]
/dss/dsshome1/01/di35poq/SeisSol/build-release/SeisSol_Release_dskx_4_elastic() [0x7f083d]
/dss/dsshome1/01/di35poq/SeisSol/build-release/SeisSol_Release_dskx_4_elastic() [0x820364]
/dss/dsshome1/01/di35poq/SeisSol/build-release/SeisSol_Release_dskx_4_elastic() [0x7f35ba]
/dss/dsshome1/01/di35poq/SeisSol/build-release/SeisSol_Release_dskx_4_elastic() [0x7f083d]
/dss/dsshome1/01/di35poq/SeisSol/build-release/SeisSol_Release_dskx_4_elastic() [0x7efb5d]
/dss/dsshome1/01/di35poq/SeisSol/build-release/SeisSol_Release_dskx_4_elastic() [0x53d4e3]
/dss/dsshome1/01/di35poq/SeisSol/build-release/SeisSol_Release_dskx_4_elastic() [0x6ecca7]
/dss/dsshome1/01/di35poq/SeisSol/build-release/SeisSol_Release_dskx_4_elastic() [0x5317a6]
/dss/dsshome1/01/di35poq/SeisSol/build-release/SeisSol_Release_dskx_4_elastic() [0x523855]
/dss/dsshome1/01/di35poq/SeisSol/build-release/SeisSol_Release_dskx_4_elastic() [0x52670f]
/dss/dsshome1/01/di35poq/SeisSol/build-release/SeisSol_Release_dskx_4_elastic() [0x5170ee]
/dss/dsshome1/01/di35poq/SeisSol/build-release/SeisSol_Release_dskx_4_elastic() [0x414e67]
/lib64/libc.so.6(__libc_start_main+0xef) [0x7f0d7bb712bd]
/dss/dsshome1/01/di35poq/SeisSol/build-release/SeisSol_Release_dskx_4_elastic() [0x413e2a]
/dss/dsshome1/01/di35poq/SeisSol/build-release/SeisSol_Release_dskx_4_elastic() [0x5170ee]
/dss/dsshome1/01/di35poq/SeisSol/build-release/SeisSol_Release_dskx_4_elastic() [0x414e67]
/lib64/libc.so.6(__libc_start_main+0xef) [0x7f086e3a72bd]
/dss/dsshome1/01/di35poq/SeisSol/build-release/SeisSol_Release_dskx_4_elastic() [0x413e2a]
/dss/dsshome1/01/di35poq/SeisSol/build-release/SeisSol_Release_dskx_4_elastic() [0x5170ee]
/dss/dsshome1/01/di35poq/SeisSol/build-release/SeisSol_Release_dskx_4_elastic() [0x414e67]
/lib64/libc.so.6(__libc_start_main+0xef) [0x7ff5146c12bd]
/dss/dsshome1/01/di35poq/SeisSol/build-release/SeisSol_Release_dskx_4_elastic() [0x413e2a]
/dss/dsshome1/01/di35poq/SeisSol/build-release/SeisSol_Release_dskx_4_elastic() [0x5170ee]
/dss/dsshome1/01/di35poq/SeisSol/build-release/SeisSol_Release_dskx_4_elastic() [0x414e67]
/lib64/libc.so.6(__libc_start_main+0xef) [0x7efd8ffd42bd]
/dss/dsshome1/01/di35poq/SeisSol/build-release/SeisSol_Release_dskx_4_elastic() [0x413e2a]
/dss/dsshome1/01/di35poq/SeisSol/build-release/SeisSol_Release_dskx_4_elastic() [0x5170ee]
/dss/dsshome1/01/di35poq/SeisSol/build-release/SeisSol_Release_dskx_4_elastic() [0x414e67]
/lib64/libc.so.6(__libc_start_main+0xef) [0x7f06e6bf72bd]
/dss/dsshome1/01/di35poq/SeisSol/build-release/SeisSol_Release_dskx_4_elastic() [0x413e2a]
Abort(134) on node 9 (rank 9 in comm 0): application called MPI_Abort(MPI_COMM_WORLD, 134) - process 9
/dss/dsshome1/01/di35poq/SeisSol/build-release/SeisSol_Release_dskx_4_elastic() [0x5170ee]
/dss/dsshome1/01/di35poq/SeisSol/build-release/SeisSol_Release_dskx_4_elastic() [0x414e67]
/lib64/libc.so.6(__libc_start_main+0xef) [0x7fdeb72472bd]
/dss/dsshome1/01/di35poq/SeisSol/build-release/SeisSol_Release_dskx_4_elastic() [0x413e2a]
/dss/dsshome1/01/di35poq/SeisSol/build-release/SeisSol_Release_dskx_4_elastic() [0x5170ee]
/dss/dsshome1/01/di35poq/SeisSol/build-release/SeisSol_Release_dskx_4_elastic() [0x414e67]
/lib64/libc.so.6(__libc_start_main+0xef) [0x7f851f93c2bd]
/dss/dsshome1/01/di35poq/SeisSol/build-release/SeisSol_Release_dskx_4_elastic() [0x413e2a]
Abort(134) on node 17 (rank 17 in comm 0): application called MPI_Abort(MPI_COMM_WORLD, 134) - process 17
/dss/dsshome1/01/di35poq/SeisSol/build-release/SeisSol_Release_dskx_4_elastic() [0x5170ee]
/dss/dsshome1/01/di35poq/SeisSol/build-release/SeisSol_Release_dskx_4_elastic() [0x414e67]
/lib64/libc.so.6(__libc_start_main+0xef) [0x7f7fc436b2bd]
/dss/dsshome1/01/di35poq/SeisSol/build-release/SeisSol_Release_dskx_4_elastic() [0x413e2a]
/dss/dsshome1/01/di35poq/SeisSol/build-release/SeisSol_Release_dskx_4_elastic() [0x5170ee]
/dss/dsshome1/01/di35poq/SeisSol/build-release/SeisSol_Release_dskx_4_elastic() [0x414e67]
/lib64/libc.so.6(__libc_start_main+0xef) [0x7f6d8a5832bd]
/dss/dsshome1/01/di35poq/SeisSol/build-release/SeisSol_Release_dskx_4_elastic() [0x413e2a]
/dss/dsshome1/01/di35poq/SeisSol/build-release/SeisSol_Release_dskx_4_elastic() [0x7f4210]
/dss/dsshome1/01/di35poq/SeisSol/build-release/SeisSol_Release_dskx_4_elastic() [0x7f083d]
/dss/dsshome1/01/di35poq/SeisSol/build-release/SeisSol_Release_dskx_4_elastic() [0x820364]
/dss/dsshome1/01/di35poq/SeisSol/build-release/SeisSol_Release_dskx_4_elastic() [0x7f35ba]
/dss/dsshome1/01/di35poq/SeisSol/build-release/SeisSol_Release_dskx_4_elastic() [0x7f083d]
/dss/dsshome1/01/di35poq/SeisSol/build-release/SeisSol_Release_dskx_4_elastic() [0x7efb5d]
/dss/dsshome1/01/di35poq/SeisSol/build-release/SeisSol_Release_dskx_4_elastic() [0x53d4e3]
/dss/dsshome1/01/di35poq/SeisSol/build-release/SeisSol_Release_dskx_4_elastic() [0x6ecca7]
/dss/dsshome1/01/di35poq/SeisSol/build-release/SeisSol_Release_dskx_4_elastic() [0x5317a6]
/dss/dsshome1/01/di35poq/SeisSol/build-release/SeisSol_Release_dskx_4_elastic() [0x523855]
/dss/dsshome1/01/di35poq/SeisSol/build-release/SeisSol_Release_dskx_4_elastic() [0x52670f]
/dss/dsshome1/01/di35poq/SeisSol/build-release/SeisSol_Release_dskx_4_elastic() [0x5170ee]
/dss/dsshome1/01/di35poq/SeisSol/build-release/SeisSol_Release_dskx_4_elastic() [0x414e67]
/lib64/libc.so.6(__libc_start_main+0xef) [0x7f45afc9b2bd]
/dss/dsshome1/01/di35poq/SeisSol/build-release/SeisSol_Release_dskx_4_elastic() [0x413e2a]
Abort(134) on node 11 (rank 11 in comm 0): application called MPI_Abort(MPI_COMM_WORLD, 134) - process 11
/dss/dsshome1/01/di35poq/SeisSol/build-release/SeisSol_Release_dskx_4_elastic() [0x5170ee]
/dss/dsshome1/01/di35poq/SeisSol/build-release/SeisSol_Release_dskx_4_elastic() [0x414e67]
/lib64/libc.so.6(__libc_start_main+0xef) [0x7f2dad9a62bd]
/dss/dsshome1/01/di35poq/SeisSol/build-release/SeisSol_Release_dskx_4_elastic() [0x413e2a]
/dss/dsshome1/01/di35poq/SeisSol/build-release/SeisSol_Release_dskx_4_elastic() [0x5170ee]
/dss/dsshome1/01/di35poq/SeisSol/build-release/SeisSol_Release_dskx_4_elastic() [0x414e67]
/lib64/libc.so.6(__libc_start_main+0xef) [0x7ff2efe122bd]
/dss/dsshome1/01/di35poq/SeisSol/build-release/SeisSol_Release_dskx_4_elastic() [0x413e2a]
/dss/dsshome1/01/di35poq/SeisSol/build-release/SeisSol_Release_dskx_4_elastic() [0x7f4210]
/dss/dsshome1/01/di35poq/SeisSol/build-release/SeisSol_Release_dskx_4_elastic() [0x7f083d]
/dss/dsshome1/01/di35poq/SeisSol/build-release/SeisSol_Release_dskx_4_elastic() [0x820364]
/dss/dsshome1/01/di35poq/SeisSol/build-release/SeisSol_Release_dskx_4_elastic() [0x7f35ba]
/dss/dsshome1/01/di35poq/SeisSol/build-release/SeisSol_Release_dskx_4_elastic() [0x7f083d]
/dss/dsshome1/01/di35poq/SeisSol/build-release/SeisSol_Release_dskx_4_elastic() [0x7efb5d]
/dss/dsshome1/01/di35poq/SeisSol/build-release/SeisSol_Release_dskx_4_elastic() [0x53d4e3]
/dss/dsshome1/01/di35poq/SeisSol/build-release/SeisSol_Release_dskx_4_elastic() [0x6ecca7]
/dss/dsshome1/01/di35poq/SeisSol/build-release/SeisSol_Release_dskx_4_elastic() [0x5317a6]
/dss/dsshome1/01/di35poq/SeisSol/build-release/SeisSol_Release_dskx_4_elastic() [0x523855]
/dss/dsshome1/01/di35poq/SeisSol/build-release/SeisSol_Release_dskx_4_elastic() [0x52670f]
/dss/dsshome1/01/di35poq/SeisSol/build-release/SeisSol_Release_dskx_4_elastic() [0x5170ee]
/dss/dsshome1/01/di35poq/SeisSol/build-release/SeisSol_Release_dskx_4_elastic() [0x414e67]
/lib64/libc.so.6(__libc_start_main+0xef) [0x7fd5428982bd]
/dss/dsshome1/01/di35poq/SeisSol/build-release/SeisSol_Release_dskx_4_elastic() [0x413e2a]
/dss/dsshome1/01/di35poq/SeisSol/build-release/SeisSol_Release_dskx_4_elastic() [0x5170ee]
/dss/dsshome1/01/di35poq/SeisSol/build-release/SeisSol_Release_dskx_4_elastic() [0x414e67]
/lib64/libc.so.6(__libc_start_main+0xef) [0x7f2864da92bd]
/dss/dsshome1/01/di35poq/SeisSol/build-release/SeisSol_Release_dskx_4_elastic() [0x413e2a]
Abort(134) on node 12 (rank 12 in comm 0): application called MPI_Abort(MPI_COMM_WORLD, 134) - process 12
Abort(134) on node 21 (rank 21 in comm 0): application called MPI_Abort(MPI_COMM_WORLD, 134) - process 21
Abort(134) on node 0 (rank 0 in comm 0): application called MPI_Abort(MPI_COMM_WORLD, 134) - process 0
Abort(134) on node 13 (rank 13 in comm 0): application called MPI_Abort(MPI_COMM_WORLD, 134) - process 13
Abort(134) on node 1 (rank 1 in comm 0): application called MPI_Abort(MPI_COMM_WORLD, 134) - process 1
Abort(134) on node 14 (rank 14 in comm 0): application called MPI_Abort(MPI_COMM_WORLD, 134) - process 14
Abort(134) on node 3 (rank 3 in comm 0): application called MPI_Abort(MPI_COMM_WORLD, 134) - process 3
Abort(134) on node 5 (rank 5 in comm 0): application called MPI_Abort(MPI_COMM_WORLD, 134) - process 5
Abort(134) on node 16 (rank 16 in comm 0): application called MPI_Abort(MPI_COMM_WORLD, 134) - process 16
/dss/dsshome1/01/di35poq/SeisSol/build-release/SeisSol_Release_dskx_4_elastic() [0x5170ee]
/dss/dsshome1/01/di35poq/SeisSol/build-release/SeisSol_Release_dskx_4_elastic() [0x414e67]
/lib64/libc.so.6(__libc_start_main+0xef) [0x7f8b895622bd]
/dss/dsshome1/01/di35poq/SeisSol/build-release/SeisSol_Release_dskx_4_elastic() [0x413e2a]
Abort(134) on node 20 (rank 20 in comm 0): application called MPI_Abort(MPI_COMM_WORLD, 134) - process 20
Abort(134) on node 15 (rank 15 in comm 0): application called MPI_Abort(MPI_COMM_WORLD, 134) - process 15
Abort(134) on node 24 (rank 24 in comm 0): application called MPI_Abort(MPI_COMM_WORLD, 134) - process 24
/dss/dsshome1/01/di35poq/SeisSol/build-release/SeisSol_Release_dskx_4_elastic() [0x5170ee]
/dss/dsshome1/01/di35poq/SeisSol/build-release/SeisSol_Release_dskx_4_elastic() [0x414e67]
/lib64/libc.so.6(__libc_start_main+0xef) [0x7f0172c2a2bd]
/dss/dsshome1/01/di35poq/SeisSol/build-release/SeisSol_Release_dskx_4_elastic() [0x413e2a]
Abort(134) on node 2 (rank 2 in comm 0): application called MPI_Abort(MPI_COMM_WORLD, 134) - process 2
Abort(134) on node 4 (rank 4 in comm 0): application called MPI_Abort(MPI_COMM_WORLD, 134) - process 4
Abort(134) on node 23 (rank 23 in comm 0): application called MPI_Abort(MPI_COMM_WORLD, 134) - process 23
Abort(134) on node 6 (rank 6 in comm 0): application called MPI_Abort(MPI_COMM_WORLD, 134) - process 6
Backtrace:
/dss/dsshome1/01/di35poq/SeisSol/build-release/SeisSol_Release_dskx_4_elastic(_ZN5utils6LoggerD1Ev+0x341) [0x481a01]
/dss/dsshome1/01/di35poq/SeisSol/build-release/SeisSol_Release_dskx_4_elastic() [0x66b906]
/dss/dsshome1/01/di35poq/SeisSol/build-release/SeisSol_Release_dskx_4_elastic() [0x82bf13]
/dss/dsshome1/01/di35poq/SeisSol/build-release/SeisSol_Release_dskx_4_elastic() [0x7f40c8]
/dss/dsshome1/01/di35poq/SeisSol/build-release/SeisSol_Release_dskx_4_elastic() [0x7f083d]
/dss/dsshome1/01/di35poq/SeisSol/build-release/SeisSol_Release_dskx_4_elastic() [0x822581]
/dss/dsshome1/01/di35poq/SeisSol/build-release/SeisSol_Release_dskx_4_elastic() [0x82769e]
/dss/dsshome1/01/di35poq/SeisSol/build-release/SeisSol_Release_dskx_4_elastic() [0x7f3cf9]
/dss/dsshome1/01/di35poq/SeisSol/build-release/SeisSol_Release_dskx_4_elastic() [0x7f083d]
/dss/dsshome1/01/di35poq/SeisSol/build-release/SeisSol_Release_dskx_4_elastic() [0x8226f7]
/dss/dsshome1/01/di35poq/SeisSol/build-release/SeisSol_Release_dskx_4_elastic() [0x82422b]
/dss/dsshome1/01/di35poq/SeisSol/build-release/SeisSol_Release_dskx_4_elastic() [0x7f39be]
/dss/dsshome1/01/di35poq/SeisSol/build-release/SeisSol_Release_dskx_4_elastic() [0x7f083d]
/dss/dsshome1/01/di35poq/SeisSol/build-release/SeisSol_Release_dskx_4_elastic() [0x822581]
/dss/dsshome1/01/di35poq/SeisSol/build-release/SeisSol_Release_dskx_4_elastic() [0x823a2b]
/dss/dsshome1/01/di35poq/SeisSol/build-release/SeisSol_Release_dskx_4_elastic() [0x7f38c0]
/dss/dsshome1/01/di35poq/SeisSol/build-release/SeisSol_Release_dskx_4_elastic() [0x7f083d]
/dss/dsshome1/01/di35poq/SeisSol/build-release/SeisSol_Release_dskx_4_elastic() [0x820364]
/dss/dsshome1/01/di35poq/SeisSol/build-release/SeisSol_Release_dskx_4_elastic() [0x7f35ba]
/dss/dsshome1/01/di35poq/SeisSol/build-release/SeisSol_Release_dskx_4_elastic() [0x7f083d]
/dss/dsshome1/01/di35poq/SeisSol/build-release/SeisSol_Release_dskx_4_elastic() [0x82c68d]
Backtrace:
/dss/dsshome1/01/di35poq/SeisSol/build-release/SeisSol_Release_dskx_4_elastic(_ZN5utils6LoggerD1Ev+0x341) [0x481a01]
/dss/dsshome1/01/di35poq/SeisSol/build-release/SeisSol_Release_dskx_4_elastic() [0x66b906]
/dss/dsshome1/01/di35poq/SeisSol/build-release/SeisSol_Release_dskx_4_elastic() [0x82bf13]
/dss/dsshome1/01/di35poq/SeisSol/build-release/SeisSol_Release_dskx_4_elastic() [0x7f40c8]
/dss/dsshome1/01/di35poq/SeisSol/build-release/SeisSol_Release_dskx_4_elastic() [0x7f083d]
/dss/dsshome1/01/di35poq/SeisSol/build-release/SeisSol_Release_dskx_4_elastic() [0x822581]
/dss/dsshome1/01/di35poq/SeisSol/build-release/SeisSol_Release_dskx_4_elastic() [0x82769e]
/dss/dsshome1/01/di35poq/SeisSol/build-release/SeisSol_Release_dskx_4_elastic() [0x7f3cf9]
/dss/dsshome1/01/di35poq/SeisSol/build-release/SeisSol_Release_dskx_4_elastic() [0x7f083d]
/dss/dsshome1/01/di35poq/SeisSol/build-release/SeisSol_Release_dskx_4_elastic() [0x8226f7]
/dss/dsshome1/01/di35poq/SeisSol/build-release/SeisSol_Release_dskx_4_elastic() [0x7f4210]
/dss/dsshome1/01/di35poq/SeisSol/build-release/SeisSol_Release_dskx_4_elastic() [0x7f083d]
/dss/dsshome1/01/di35poq/SeisSol/build-release/SeisSol_Release_dskx_4_elastic() [0x820364]
/dss/dsshome1/01/di35poq/SeisSol/build-release/SeisSol_Release_dskx_4_elastic() [0x7f35ba]
/dss/dsshome1/01/di35poq/SeisSol/build-release/SeisSol_Release_dskx_4_elastic() [0x7f083d]
/dss/dsshome1/01/di35poq/SeisSol/build-release/SeisSol_Release_dskx_4_elastic() [0x7efb5d]
/dss/dsshome1/01/di35poq/SeisSol/build-release/SeisSol_Release_dskx_4_elastic() [0x53d4e3]
/dss/dsshome1/01/di35poq/SeisSol/build-release/SeisSol_Release_dskx_4_elastic() [0x6ecca7]
/dss/dsshome1/01/di35poq/SeisSol/build-release/SeisSol_Release_dskx_4_elastic() [0x5317a6]
/dss/dsshome1/01/di35poq/SeisSol/build-release/SeisSol_Release_dskx_4_elastic() [0x523855]
/dss/dsshome1/01/di35poq/SeisSol/build-release/SeisSol_Release_dskx_4_elastic() [0x52670f]
/dss/dsshome1/01/di35poq/SeisSol/build-release/SeisSol_Release_dskx_4_elastic() [0x82422b]
/dss/dsshome1/01/di35poq/SeisSol/build-release/SeisSol_Release_dskx_4_elastic() [0x7f39be]
/dss/dsshome1/01/di35poq/SeisSol/build-release/SeisSol_Release_dskx_4_elastic() [0x7f083d]
/dss/dsshome1/01/di35poq/SeisSol/build-release/SeisSol_Release_dskx_4_elastic() [0x822581]
/dss/dsshome1/01/di35poq/SeisSol/build-release/SeisSol_Release_dskx_4_elastic() [0x823a2b]
/dss/dsshome1/01/di35poq/SeisSol/build-release/SeisSol_Release_dskx_4_elastic() [0x7f38c0]
/dss/dsshome1/01/di35poq/SeisSol/build-release/SeisSol_Release_dskx_4_elastic() [0x7f083d]
/dss/dsshome1/01/di35poq/SeisSol/build-release/SeisSol_Release_dskx_4_elastic() [0x820364]
/dss/dsshome1/01/di35poq/SeisSol/build-release/SeisSol_Release_dskx_4_elastic() [0x7f35ba]
/dss/dsshome1/01/di35poq/SeisSol/build-release/SeisSol_Release_dskx_4_elastic() [0x7f083d]
/dss/dsshome1/01/di35poq/SeisSol/build-release/SeisSol_Release_dskx_4_elastic() [0x82c68d]
/dss/dsshome1/01/di35poq/SeisSol/build-release/SeisSol_Release_dskx_4_elastic() [0x5170ee]
/dss/dsshome1/01/di35poq/SeisSol/build-release/SeisSol_Release_dskx_4_elastic() [0x414e67]
/lib64/libc.so.6(__libc_start_main+0xef) [0x7f3c489e42bd]
/dss/dsshome1/01/di35poq/SeisSol/build-release/SeisSol_Release_dskx_4_elastic() [0x413e2a]
/dss/dsshome1/01/di35poq/SeisSol/build-release/SeisSol_Release_dskx_4_elastic() [0x7f4210]
/dss/dsshome1/01/di35poq/SeisSol/build-release/SeisSol_Release_dskx_4_elastic() [0x7f083d]
/dss/dsshome1/01/di35poq/SeisSol/build-release/SeisSol_Release_dskx_4_elastic() [0x820364]
/dss/dsshome1/01/di35poq/SeisSol/build-release/SeisSol_Release_dskx_4_elastic() [0x7f35ba]
/dss/dsshome1/01/di35poq/SeisSol/build-release/SeisSol_Release_dskx_4_elastic() [0x7f083d]
/dss/dsshome1/01/di35poq/SeisSol/build-release/SeisSol_Release_dskx_4_elastic() [0x7efb5d]
/dss/dsshome1/01/di35poq/SeisSol/build-release/SeisSol_Release_dskx_4_elastic() [0x53d4e3]
/dss/dsshome1/01/di35poq/SeisSol/build-release/SeisSol_Release_dskx_4_elastic() [0x6ecca7]
/dss/dsshome1/01/di35poq/SeisSol/build-release/SeisSol_Release_dskx_4_elastic() [0x5317a6]
/dss/dsshome1/01/di35poq/SeisSol/build-release/SeisSol_Release_dskx_4_elastic() [0x523855]
/dss/dsshome1/01/di35poq/SeisSol/build-release/SeisSol_Release_dskx_4_elastic() [0x52670f]
Abort(134) on node 10 (rank 10 in comm 0): application called MPI_Abort(MPI_COMM_WORLD, 134) - process 10
/dss/dsshome1/01/di35poq/SeisSol/build-release/SeisSol_Release_dskx_4_elastic() [0x5170ee]
/dss/dsshome1/01/di35poq/SeisSol/build-release/SeisSol_Release_dskx_4_elastic() [0x414e67]
/lib64/libc.so.6(__libc_start_main+0xef) [0x7f5d7bbfb2bd]
/dss/dsshome1/01/di35poq/SeisSol/build-release/SeisSol_Release_dskx_4_elastic() [0x413e2a]
Abort(134) on node 8 (rank 8 in comm 0): application called MPI_Abort(MPI_COMM_WORLD, 134) - process 8
slurmstepd: error: *** STEP 3378180.0 ON i06r08c05s05 CANCELLED AT 2024-05-07T22:54:49 ***
slurmstepd: error: _cgroup_procs_check: failed on path /sys/fs/cgroup/freezer/slurm/uid_4299032/job_3378180/step_0/cgroup.procs: No such file or directory
slurmstepd: error: unable to read '/sys/fs/cgroup/freezer/slurm/uid_4299032/job_3378180/step_0/cgroup.procs'
srun: error: i06r11c03s09: task 23: Killed
srun: launch/slurm: _step_signal: Terminating StepId=3378180.0
srun: error: i06r11c02s06: task 8: Killed
srun: error: i06r11c02s11: task 13: Killed
srun: error: i06r11c02s08: task 10: Killed
srun: error: i06r11c02s07: task 9: Killed
srun: error: i06r11c03s07: task 21: Killed
srun: error: i06r08c05s05: task 0: Killed
srun: error: i06r11c02s04: task 6: Killed
srun: error: i06r11c02s03: task 5: Killed
srun: error: i06r11c05s02: task 24: Killed
srun: error: i06r11c03s05: task 19: Killed
srun: error: i06r11c02s02: task 4: Killed
srun: error: i06r11c03s04: task 18: Killed
srun: error: i06r11c03s02: task 16: Killed
srun: error: i06r11c03s06: task 20: Killed
srun: error: i06r11c01s12: task 2: Killed
srun: error: i06r11c03s01: task 15: Killed
srun: error: i06r11c03s03: task 17: Killed
srun: error: i06r11c02s10: task 12: Killed
srun: error: i06r11c02s09: task 11: Killed
srun: error: i06r11c03s08: task 22: Killed
srun: error: i06r11c02s01: task 3: Killed
srun: error: i06r11c02s12: task 14: Killed
srun: error: i06r08c05s06: task 1: Killed
srun: error: i06r11c02s05: task 7: Killed
srun: Force Terminated StepId=3378180.0
