terminate called after throwing an instance of 'std::invalid_argument'
terminate called after throwing an instance of 'std::invalid_argument'
terminate called after throwing an instance of 'std::invalid_argument'
  what():  Haiti_initial_stress.yaml@76: Component does not supply all required parameters. Missing: {mu_d}.
terminate called after throwing an instance of 'std::invalid_argument'
terminate called after throwing an instance of 'std::invalid_argument'
terminate called after throwing an instance of 'std::invalid_argument'
  what():  Haiti_initial_stress.yaml@76: Component does not supply all required parameters. Missing: {mu_d}.
terminate called after throwing an instance of 'std::invalid_argument'
terminate called after throwing an instance of 'std::invalid_argument'
  what():  Haiti_initial_stress.yaml@76: Component does not supply all required parameters. Missing: {mu_d}.
terminate called after throwing an instance of 'std::invalid_argument'
terminate called after throwing an instance of 'std::invalid_argument'
terminate called after throwing an instance of 'std::invalid_argument'
  what():  Haiti_initial_stress.yaml@76: Component does not supply all required parameters. Missing: {mu_d}.
  what():  Haiti_initial_stress.yaml@76: Component does not supply all required parameters. Missing: {mu_d}.
  what():  Haiti_initial_stress.yaml@76: Component does not supply all required parameters. Missing: {mu_d}.
  what():  Haiti_initial_stress.yaml@76: Component does not supply all required parameters. Missing: {mu_d}.
  what():  Haiti_initial_stress.yaml@76: Component does not supply all required parameters. Missing: {mu_d}.
  what():  Haiti_initial_stress.yaml@76: Component does not supply all required parameters. Missing: {mu_d}.
  what():  Haiti_initial_stress.yaml@76: Component does not supply all required parameters. Missing: {mu_d}.
  what():  Haiti_initial_stress.yaml@76: Component does not supply all required parameters. Missing: {mu_d}.
terminate called after throwing an instance of 'std::invalid_argument'
terminate called after throwing an instance of 'std::invalid_argument'
  what():  Haiti_initial_stress.yaml@76: Component does not supply all required parameters. Missing: {mu_d}.
  what():  Haiti_initial_stress.yaml@76: Component does not supply all required parameters. Missing: {mu_d}.
terminate called after throwing an instance of 'std::invalid_argument'
  what():  Haiti_initial_stress.yaml@76: Component does not supply all required parameters. Missing: {mu_d}.
terminate called after throwing an instance of 'std::invalid_argument'
terminate called after throwing an instance of 'std::invalid_argument'
  what():  Haiti_initial_stress.yaml@76: Component does not supply all required parameters. Missing: {mu_d}.
  what():  Haiti_initial_stress.yaml@76: Component does not supply all required parameters. Missing: {mu_d}.
srun: error: i01r01c05s04: task 10: Aborted (core dumped)
srun: launch/slurm: _step_signal: Terminating StepId=3955860.0
srun: error: i01r01c05s06: task 12: Aborted (core dumped)
slurmstepd: error: *** STEP 3955860.0 ON i01r01c04s06 CANCELLED AT 2024-09-29T01:36:34 ***
slurmstepd: error: _cgroup_procs_check: failed on path /sys/fs/cgroup/freezer/slurm/uid_4299032/job_3955860/step_0/cgroup.procs: No such file or directory
slurmstepd: error: unable to read '/sys/fs/cgroup/freezer/slurm/uid_4299032/job_3955860/step_0/cgroup.procs'
srun: error: i01r01c04s10: task 4: Aborted (core dumped)
srun: error: i01r01c05s02: task 8: Aborted (core dumped)
srun: error: i01r01c05s07: task 13: Aborted (core dumped)
srun: error: i01r01c05s03: task 9: Aborted (core dumped)
srun: error: i01r01c05s05: task 11: Aborted (core dumped)
srun: error: i01r01c04s07: task 1: Aborted (core dumped)
srun: error: i01r01c04s09: task 3: Aborted (core dumped)
srun: error: i01r01c04s11: task 5: Aborted (core dumped)
srun: error: i01r01c04s08: task 2: Aborted (core dumped)
srun: error: i01r01c04s06: task 0: Aborted (core dumped)
srun: error: i01r01c05s01: task 7: Aborted (core dumped)
srun: error: i01r01c05s08: task 14: Aborted (core dumped)
srun: error: i01r01c04s12: task 6: Aborted (core dumped)
srun: error: i01r01c05s09: task 15: Aborted (core dumped)
cp: cannot create directory '/hppfs/scratch/01/di35poq/haiti-rupture-outputs/dynamic-rupture-outputs/variable_SH_max/jobid_3955860/logs': No such file or directory
/var/spool/slurm/job3955860/slurm_script: line 80: pushd: /hppfs/scratch/01/di35poq/haiti-rupture-outputs/dynamic-rupture-outputs/variable_SH_max/jobid_3955860: No such file or directory
Traceback (most recent call last):
  File "/dss/dsshome1/01/di35poq/.local/bin/seissol_output_extractor", line 8, in <module>
    sys.exit(main())
  File "/dss/dsshome1/01/di35poq/.local/lib/python3.8/site-packages/seissolxdmfwriter/seissol_output_extractor.py", line 143, in main
    sx = SeissolxdmfExtended(args.xdmfFilename)
  File "/dss/dsshome1/01/di35poq/.local/lib/python3.8/site-packages/seissolxdmf/seissolxdmf.py", line 14, in __init__
    with open (xdmfFilename, "r") as fid:
FileNotFoundError: [Errno 2] No such file or directory: 'output-surface.xdmf'
Traceback (most recent call last):
  File "/dss/dsshome1/01/di35poq/soft/calc-moment-rate_supermuc.py", line 30, in find_xdmffile_wahweap
    xdmfFile = glob.glob(datadir + '*/jobid_'+jobid+'*/*extracted-fault.xdmf')[0]
IndexError: list index out of range

During handling of the above exception, another exception occurred:

Traceback (most recent call last):
  File "/dss/dsshome1/01/di35poq/soft/calc-moment-rate_supermuc.py", line 211, in <module>
    generateMoment(jobid_list)
  File "/dss/dsshome1/01/di35poq/soft/calc-moment-rate_supermuc.py", line 87, in generateMoment
    xdmfFilename, momentCsvFile = find_xdmffile_wahweap(jobid)
  File "/dss/dsshome1/01/di35poq/soft/calc-moment-rate_supermuc.py", line 34, in find_xdmffile_wahweap
    xdmfFile = glob.glob(datadir + '*/jobid_'+jobid+'*/output-fault.xdmf')[0]
IndexError: list index out of range
Traceback (most recent call last):
  File "/dss/dsshome1/01/di35poq/soft/calc-R-rake_supermuc.py", line 83, in <module>
    jobdir, xdmfFile, momentCsvFile = find_xdmffile_wahweap(jobid)
  File "/dss/dsshome1/01/di35poq/soft/calc-R-rake_supermuc.py", line 32, in find_xdmffile_wahweap
    xdmfFile = glob.glob(datadir + '*/jobid_'+jobid+'*/output-fault.xdmf')[0]
IndexError: list index out of range
[0m[31m(   3.310s) [paraview        ]      vtkXdmfReader.cxx:253    ERR| vtkXdmfReader (0x2b7ecd0): Error opening file output_jobid_3955860_extracted-fault.xdmf[0m
[0m[31m(   3.312s) [paraview        ]       vtkExecutive.cxx:729    ERR| vtkPVCompositeDataPipeline (0x2b8dfa0): Algorithm vtkFileSeriesReader (0x2b8ba10) returned failure for request: vtkInformation (0x2b8d590)
  Debug: Off
  Modified Time: 92784
  Reference Count: 1
  Registered Events: (none)
  Request: REQUEST_DATA_OBJECT
  ALGORITHM_AFTER_FORWARD: 1
  FORWARD_DIRECTION: 0

[0m
[0m[31m(   3.312s) [paraview        ]      vtkXdmfReader.cxx:253    ERR| vtkXdmfReader (0x2b7ecd0): Error opening file output_jobid_3955860_extracted-fault.xdmf[0m
[0m[31m(   3.312s) [paraview        ]       vtkExecutive.cxx:729    ERR| vtkPVCompositeDataPipeline (0x2b81930): Algorithm vtkXdmfReader (0x2b7ecd0) returned failure for request: vtkInformation (0x2b807e0)
  Debug: Off
  Modified Time: 92671
  Reference Count: 1
  Registered Events: (none)
  Request: REQUEST_DATA_OBJECT
  ALGORITHM_AFTER_FORWARD: 1
  FORWARD_DIRECTION: 0

[0m
[0m[31m(   3.312s) [paraview        ]      vtkXdmfReader.cxx:253    ERR| vtkXdmfReader (0x2b7ecd0): Error opening file output_jobid_3955860_extracted-fault.xdmf[0m
[0m[31m(   3.312s) [paraview        ]       vtkExecutive.cxx:729    ERR| vtkPVCompositeDataPipeline (0x2b81930): Algorithm vtkXdmfReader (0x2b7ecd0) returned failure for request: vtkInformation (0x2b807e0)
  Debug: Off
  Modified Time: 92671
  Reference Count: 1
  Registered Events: (none)
  Request: REQUEST_DATA_OBJECT
  ALGORITHM_AFTER_FORWARD: 1
  FORWARD_DIRECTION: 0

[0m
[0m[31m(   3.313s) [paraview        ]      vtkXdmfReader.cxx:253    ERR| vtkXdmfReader (0x2b7ecd0): Error opening file output_jobid_3955860_extracted-fault.xdmf[0m
[0m[31m(   3.313s) [paraview        ]       vtkExecutive.cxx:729    ERR| vtkPVCompositeDataPipeline (0x2b8dfa0): Algorithm vtkFileSeriesReader (0x2b8ba10) returned failure for request: vtkInformation (0x2b8d590)
  Debug: Off
  Modified Time: 92784
  Reference Count: 1
  Registered Events: (none)
  Request: REQUEST_DATA_OBJECT
  ALGORITHM_AFTER_FORWARD: 1
  FORWARD_DIRECTION: 0

[0m
[0m[31m(   3.313s) [paraview        ]      vtkXdmfReader.cxx:253    ERR| vtkXdmfReader (0x2b7ecd0): Error opening file output_jobid_3955860_extracted-fault.xdmf[0m
[0m[31m(   3.313s) [paraview        ]       vtkExecutive.cxx:729    ERR| vtkPVCompositeDataPipeline (0x2b81930): Algorithm vtkXdmfReader (0x2b7ecd0) returned failure for request: vtkInformation (0x2b807e0)
  Debug: Off
  Modified Time: 92671
  Reference Count: 1
  Registered Events: (none)
  Request: REQUEST_DATA_OBJECT
  ALGORITHM_AFTER_FORWARD: 1
  FORWARD_DIRECTION: 0

[0m
[0m[31m(   3.313s) [paraview        ]      vtkXdmfReader.cxx:253    ERR| vtkXdmfReader (0x2b7ecd0): Error opening file output_jobid_3955860_extracted-fault.xdmf[0m
[0m[31m(   3.313s) [paraview        ]       vtkExecutive.cxx:729    ERR| vtkPVCompositeDataPipeline (0x2b81930): Algorithm vtkXdmfReader (0x2b7ecd0) returned failure for request: vtkInformation (0x2b807e0)
  Debug: Off
  Modified Time: 92671
  Reference Count: 1
  Registered Events: (none)
  Request: REQUEST_DATA_OBJECT
  ALGORITHM_AFTER_FORWARD: 1
  FORWARD_DIRECTION: 0

[0m
[0m[31m(   3.315s) [paraview        ]      vtkXdmfReader.cxx:253    ERR| vtkXdmfReader (0x2b7ecd0): Error opening file output_jobid_3955860_extracted-fault.xdmf[0m
[0m[31m(   3.315s) [paraview        ]       vtkExecutive.cxx:729    ERR| vtkPVCompositeDataPipeline (0x2b8dfa0): Algorithm vtkFileSeriesReader (0x2b8ba10) returned failure for request: vtkInformation (0x2b8d590)
  Debug: Off
  Modified Time: 92784
  Reference Count: 1
  Registered Events: (none)
  Request: REQUEST_DATA_OBJECT
  ALGORITHM_AFTER_FORWARD: 1
  FORWARD_DIRECTION: 0

[0m
[0m[31m(   3.315s) [paraview        ]      vtkXdmfReader.cxx:253    ERR| vtkXdmfReader (0x2b7ecd0): Error opening file output_jobid_3955860_extracted-fault.xdmf[0m
[0m[31m(   3.315s) [paraview        ]       vtkExecutive.cxx:729    ERR| vtkPVCompositeDataPipeline (0x2b81930): Algorithm vtkXdmfReader (0x2b7ecd0) returned failure for request: vtkInformation (0x2b807e0)
  Debug: Off
  Modified Time: 92671
  Reference Count: 1
  Registered Events: (none)
  Request: REQUEST_DATA_OBJECT
  ALGORITHM_AFTER_FORWARD: 1
  FORWARD_DIRECTION: 0

[0m
[0m[31m(   3.315s) [paraview        ]      vtkXdmfReader.cxx:253    ERR| vtkXdmfReader (0x2b7ecd0): Error opening file output_jobid_3955860_extracted-fault.xdmf[0m
[0m[31m(   3.315s) [paraview        ]       vtkExecutive.cxx:729    ERR| vtkPVCompositeDataPipeline (0x2b81930): Algorithm vtkXdmfReader (0x2b7ecd0) returned failure for request: vtkInformation (0x2b807e0)
  Debug: Off
  Modified Time: 92671
  Reference Count: 1
  Registered Events: (none)
  Request: REQUEST_DATA_OBJECT
  ALGORITHM_AFTER_FORWARD: 1
  FORWARD_DIRECTION: 0

[0m
[0m[31m(   3.818s) [paraview        ]      vtkXdmfReader.cxx:253    ERR| vtkXdmfReader (0x2b7ecd0): Error opening file output_jobid_3955860_extracted-fault.xdmf[0m
[0m[31m(   3.818s) [paraview        ]       vtkExecutive.cxx:729    ERR| vtkPVCompositeDataPipeline (0x2b8dfa0): Algorithm vtkFileSeriesReader (0x2b8ba10) returned failure for request: vtkInformation (0x449d7c0)
  Debug: Off
  Modified Time: 154807
  Reference Count: 1
  Registered Events: (none)
  Request: REQUEST_DATA_OBJECT
  FROM_OUTPUT_PORT: 0
  ALGORITHM_AFTER_FORWARD: 1
  FORWARD_DIRECTION: 0

[0m
[0m[31m(   3.818s) [paraview        ]      vtkXdmfReader.cxx:253    ERR| vtkXdmfReader (0x2b7ecd0): Error opening file output_jobid_3955860_extracted-fault.xdmf[0m
[0m[31m(   3.818s) [paraview        ]       vtkExecutive.cxx:729    ERR| vtkPVCompositeDataPipeline (0x2b8dfa0): Algorithm vtkFileSeriesReader (0x2b8ba10) returned failure for request: vtkInformation (0x449d7c0)
  Debug: Off
  Modified Time: 154807
  Reference Count: 1
  Registered Events: (none)
  Request: REQUEST_DATA_OBJECT
  FROM_OUTPUT_PORT: 0
  ALGORITHM_AFTER_FORWARD: 1
  FORWARD_DIRECTION: 0

[0m
[0m[33m(   3.965s) [paraview        ]vtkSMColorMapEditorHelp:772   WARN| Failed to determine the LookupTable being used.[0m
[0m[31m(   3.966s) [paraview        ]      vtkXdmfReader.cxx:253    ERR| vtkXdmfReader (0x2b7ecd0): Error opening file output_jobid_3955860_extracted-fault.xdmf[0m
[0m[31m(   3.966s) [paraview        ]       vtkExecutive.cxx:729    ERR| vtkPVCompositeDataPipeline (0x2b8dfa0): Algorithm vtkFileSeriesReader (0x2b8ba10) returned failure for request: vtkInformation (0x501bf50)
  Debug: Off
  Modified Time: 878733
  Reference Count: 1
  Registered Events: (none)
  Request: REQUEST_DATA_OBJECT
  FROM_OUTPUT_PORT: 0
  ALGORITHM_AFTER_FORWARD: 1
  FORWARD_DIRECTION: 0

[0m
[0m[31m(   3.966s) [paraview        ]       vtkExecutive.cxx:729    ERR| vtkCompositeDataPipeline (0x4f88e70): Algorithm vtkPVGeometryFilter (0x50e76d0) returned failure for request: vtkInformation (0x4f8a060)
  Debug: Off
  Modified Time: 878737
  Reference Count: 1
  Registered Events: (none)
  Request: REQUEST_DATA_OBJECT
  FROM_OUTPUT_PORT: 0
  ALGORITHM_AFTER_FORWARD: 1
  FORWARD_DIRECTION: 0

[0m
[0m[31m(   3.966s) [paraview        ]      vtkXdmfReader.cxx:253    ERR| vtkXdmfReader (0x2b7ecd0): Error opening file output_jobid_3955860_extracted-fault.xdmf[0m
[0m[31m(   3.966s) [paraview        ]       vtkExecutive.cxx:729    ERR| vtkPVCompositeDataPipeline (0x2b8dfa0): Algorithm vtkFileSeriesReader (0x2b8ba10) returned failure for request: vtkInformation (0x4f3f7c0)
  Debug: Off
  Modified Time: 878801
  Reference Count: 1
  Registered Events: (none)
  Request: REQUEST_DATA_OBJECT
  FROM_OUTPUT_PORT: 0
  ALGORITHM_AFTER_FORWARD: 1
  FORWARD_DIRECTION: 0

[0m
[0m[31m(   3.967s) [paraview        ]       vtkExecutive.cxx:729    ERR| vtkCompositeDataPipeline (0x4f5ca40): Algorithm vtkPVGeometryFilter (0x4f2d3b0) returned failure for request: vtkInformation (0x4f5db10)
  Debug: Off
  Modified Time: 878806
  Reference Count: 1
  Registered Events: (none)
  Request: REQUEST_DATA_OBJECT
  FROM_OUTPUT_PORT: 0
  ALGORITHM_AFTER_FORWARD: 1
  FORWARD_DIRECTION: 0

[0m
[0m[31m(   3.967s) [paraview        ]      vtkXdmfReader.cxx:253    ERR| vtkXdmfReader (0x2b7ecd0): Error opening file output_jobid_3955860_extracted-fault.xdmf[0m
[0m[31m(   3.967s) [paraview        ]       vtkExecutive.cxx:729    ERR| vtkPVCompositeDataPipeline (0x2b8dfa0): Algorithm vtkFileSeriesReader (0x2b8ba10) returned failure for request: vtkInformation (0x49b2780)
  Debug: Off
  Modified Time: 878864
  Reference Count: 1
  Registered Events: (none)
  Request: REQUEST_DATA_OBJECT
  FROM_OUTPUT_PORT: 0
  ALGORITHM_AFTER_FORWARD: 1
  FORWARD_DIRECTION: 0

[0m
[0m[31m(   3.976s) [paraview        ]       vtkExecutive.cxx:729    ERR| vtkCompositeDataPipeline (0x4f88e70): Algorithm vtkPVGeometryFilter (0x50e76d0) returned failure for request: vtkInformation (0x4f8a060)
  Debug: Off
  Modified Time: 878737
  Reference Count: 1
  Registered Events: (none)
  Request: REQUEST_DATA_OBJECT
  FROM_OUTPUT_PORT: 0
  ALGORITHM_AFTER_FORWARD: 1
  FORWARD_DIRECTION: 0

[0m
[0m[31m(   3.976s) [paraview        ]       vtkExecutive.cxx:729    ERR| vtkCompositeDataPipeline (0x4f5ca40): Algorithm vtkPVGeometryFilter (0x4f2d3b0) returned failure for request: vtkInformation (0x4f5db10)
  Debug: Off
  Modified Time: 878806
  Reference Count: 1
  Registered Events: (none)
  Request: REQUEST_DATA_OBJECT
  FROM_OUTPUT_PORT: 0
  ALGORITHM_AFTER_FORWARD: 1
  FORWARD_DIRECTION: 0

[0m
[0m[33m(   3.976s) [paraview        ]vtkSMColorMapEditorHelp:772   WARN| Failed to determine the LookupTable being used.[0m
[0m[31m(   3.976s) [paraview        ]       vtkExecutive.cxx:729    ERR| vtkCompositeDataPipeline (0x4f88e70): Algorithm vtkPVGeometryFilter (0x50e76d0) returned failure for request: vtkInformation (0x4f8a060)
  Debug: Off
  Modified Time: 878737
  Reference Count: 1
  Registered Events: (none)
  Request: REQUEST_DATA_OBJECT
  FROM_OUTPUT_PORT: 0
  ALGORITHM_AFTER_FORWARD: 1
  FORWARD_DIRECTION: 0

[0m
[0m[31m(   3.977s) [paraview        ]       vtkExecutive.cxx:729    ERR| vtkCompositeDataPipeline (0x4f5ca40): Algorithm vtkPVGeometryFilter (0x4f2d3b0) returned failure for request: vtkInformation (0x4f5db10)
  Debug: Off
  Modified Time: 878806
  Reference Count: 1
  Registered Events: (none)
  Request: REQUEST_DATA_OBJECT
  FROM_OUTPUT_PORT: 0
  ALGORITHM_AFTER_FORWARD: 1
  FORWARD_DIRECTION: 0

[0m
[0m[31m(   3.982s) [paraview        ]      vtkXdmfReader.cxx:253    ERR| vtkXdmfReader (0x2b7ecd0): Error opening file output_jobid_3955860_extracted-fault.xdmf[0m
[0m[31m(   3.982s) [paraview        ]       vtkExecutive.cxx:729    ERR| vtkPVCompositeDataPipeline (0x2b8dfa0): Algorithm vtkFileSeriesReader (0x2b8ba10) returned failure for request: vtkInformation (0x58ca1a0)
  Debug: Off
  Modified Time: 882182
  Reference Count: 1
  Registered Events: (none)
  Request: REQUEST_DATA_OBJECT
  FROM_OUTPUT_PORT: 0
  ALGORITHM_AFTER_FORWARD: 1
  FORWARD_DIRECTION: 0

[0m
[0m[31m(   3.983s) [paraview        ]      vtkXdmfReader.cxx:253    ERR| vtkXdmfReader (0x2b7ecd0): Error opening file output_jobid_3955860_extracted-fault.xdmf[0m
[0m[31m(   3.983s) [paraview        ]       vtkExecutive.cxx:729    ERR| vtkPVCompositeDataPipeline (0x2b8dfa0): Algorithm vtkFileSeriesReader (0x2b8ba10) returned failure for request: vtkInformation (0x58f3cb0)
  Debug: Off
  Modified Time: 882364
  Reference Count: 1
  Registered Events: (none)
  Request: REQUEST_DATA_OBJECT
  FROM_OUTPUT_PORT: 0
  ALGORITHM_AFTER_FORWARD: 1
  FORWARD_DIRECTION: 0

[0m
[0m[31m(   3.983s) [paraview        ]      vtkXdmfReader.cxx:253    ERR| vtkXdmfReader (0x2b7ecd0): Error opening file output_jobid_3955860_extracted-fault.xdmf[0m
[0m[31m(   3.983s) [paraview        ]       vtkExecutive.cxx:729    ERR| vtkPVCompositeDataPipeline (0x2b8dfa0): Algorithm vtkFileSeriesReader (0x2b8ba10) returned failure for request: vtkInformation (0x58f3cb0)
  Debug: Off
  Modified Time: 882364
  Reference Count: 1
  Registered Events: (none)
  Request: REQUEST_DATA_OBJECT
  FROM_OUTPUT_PORT: 0
  ALGORITHM_AFTER_FORWARD: 1
  FORWARD_DIRECTION: 0

[0m
[0m[31m(   4.098s) [paraview        ]      vtkXdmfReader.cxx:253    ERR| vtkXdmfReader (0x2b7ecd0): Error opening file output_jobid_3955860_extracted-fault.xdmf[0m
[0m[31m(   4.098s) [paraview        ]       vtkExecutive.cxx:729    ERR| vtkPVCompositeDataPipeline (0x2b8dfa0): Algorithm vtkFileSeriesReader (0x2b8ba10) returned failure for request: vtkInformation (0x58f3cb0)
  Debug: Off
  Modified Time: 882364
  Reference Count: 1
  Registered Events: (none)
  Request: REQUEST_DATA_OBJECT
  FROM_OUTPUT_PORT: 0
  ALGORITHM_AFTER_FORWARD: 1
  FORWARD_DIRECTION: 0

[0m
[0m[31m(   4.098s) [paraview        ]      vtkXdmfReader.cxx:253    ERR| vtkXdmfReader (0x2b7ecd0): Error opening file output_jobid_3955860_extracted-fault.xdmf[0m
[0m[31m(   4.098s) [paraview        ]       vtkExecutive.cxx:729    ERR| vtkPVCompositeDataPipeline (0x2b8dfa0): Algorithm vtkFileSeriesReader (0x2b8ba10) returned failure for request: vtkInformation (0x58f3cb0)
  Debug: Off
  Modified Time: 882364
  Reference Count: 1
  Registered Events: (none)
  Request: REQUEST_DATA_OBJECT
  FROM_OUTPUT_PORT: 0
  ALGORITHM_AFTER_FORWARD: 1
  FORWARD_DIRECTION: 0

[0m
[0m[33m(   4.108s) [paraview        ]vtkSMColorMapEditorHelp:772   WARN| Failed to determine the LookupTable being used.[0m
[0m[33m(   4.115s) [paraview        ]vtkSMColorMapEditorHelp:170   WARN| Could not determine array range.[0m
[0m[33m(   4.115s) [paraview        ]vtkSMColorMapEditorHelp:170   WARN| Could not determine array range.[0m
[0m[31m(   4.126s) [paraview        ]      vtkXdmfReader.cxx:253    ERR| vtkXdmfReader (0x2b7ecd0): Error opening file output_jobid_3955860_extracted-fault.xdmf[0m
[0m[31m(   4.126s) [paraview        ]       vtkExecutive.cxx:729    ERR| vtkPVCompositeDataPipeline (0x2b8dfa0): Algorithm vtkFileSeriesReader (0x2b8ba10) returned failure for request: vtkInformation (0x67e45e0)
  Debug: Off
  Modified Time: 1029680
  Reference Count: 1
  Registered Events: (none)
  Request: REQUEST_DATA_OBJECT
  FROM_OUTPUT_PORT: 0
  ALGORITHM_AFTER_FORWARD: 1
  FORWARD_DIRECTION: 0

[0m
[0m[31m(   4.128s) [paraview        ]      vtkXdmfReader.cxx:253    ERR| vtkXdmfReader (0x2b7ecd0): Error opening file output_jobid_3955860_extracted-fault.xdmf[0m
[0m[31m(   4.128s) [paraview        ]       vtkExecutive.cxx:729    ERR| vtkPVCompositeDataPipeline (0x2b8dfa0): Algorithm vtkFileSeriesReader (0x2b8ba10) returned failure for request: vtkInformation (0x67d85b0)
  Debug: Off
  Modified Time: 1029862
  Reference Count: 1
  Registered Events: (none)
  Request: REQUEST_DATA_OBJECT
  FROM_OUTPUT_PORT: 0
  ALGORITHM_AFTER_FORWARD: 1
  FORWARD_DIRECTION: 0

[0m
[0m[31m(   4.128s) [paraview        ]      vtkXdmfReader.cxx:253    ERR| vtkXdmfReader (0x2b7ecd0): Error opening file output_jobid_3955860_extracted-fault.xdmf[0m
[0m[31m(   4.128s) [paraview        ]       vtkExecutive.cxx:729    ERR| vtkPVCompositeDataPipeline (0x2b8dfa0): Algorithm vtkFileSeriesReader (0x2b8ba10) returned failure for request: vtkInformation (0x67d85b0)
  Debug: Off
  Modified Time: 1029862
  Reference Count: 1
  Registered Events: (none)
  Request: REQUEST_DATA_OBJECT
  FROM_OUTPUT_PORT: 0
  ALGORITHM_AFTER_FORWARD: 1
  FORWARD_DIRECTION: 0

[0m
[0m[31m(   4.240s) [paraview        ]      vtkXdmfReader.cxx:253    ERR| vtkXdmfReader (0x2b7ecd0): Error opening file output_jobid_3955860_extracted-fault.xdmf[0m
[0m[31m(   4.240s) [paraview        ]       vtkExecutive.cxx:729    ERR| vtkPVCompositeDataPipeline (0x2b8dfa0): Algorithm vtkFileSeriesReader (0x2b8ba10) returned failure for request: vtkInformation (0x67d85b0)
  Debug: Off
  Modified Time: 1029862
  Reference Count: 1
  Registered Events: (none)
  Request: REQUEST_DATA_OBJECT
  FROM_OUTPUT_PORT: 0
  ALGORITHM_AFTER_FORWARD: 1
  FORWARD_DIRECTION: 0

[0m
[0m[31m(   4.240s) [paraview        ]      vtkXdmfReader.cxx:253    ERR| vtkXdmfReader (0x2b7ecd0): Error opening file output_jobid_3955860_extracted-fault.xdmf[0m
[0m[31m(   4.240s) [paraview        ]       vtkExecutive.cxx:729    ERR| vtkPVCompositeDataPipeline (0x2b8dfa0): Algorithm vtkFileSeriesReader (0x2b8ba10) returned failure for request: vtkInformation (0x67d85b0)
  Debug: Off
  Modified Time: 1029862
  Reference Count: 1
  Registered Events: (none)
  Request: REQUEST_DATA_OBJECT
  FROM_OUTPUT_PORT: 0
  ALGORITHM_AFTER_FORWARD: 1
  FORWARD_DIRECTION: 0

[0m
[0m[31m(   4.251s) [paraview        ]      vtkXdmfReader.cxx:253    ERR| vtkXdmfReader (0x2b7ecd0): Error opening file output_jobid_3955860_extracted-fault.xdmf[0m
[0m[31m(   4.251s) [paraview        ]       vtkExecutive.cxx:729    ERR| vtkPVCompositeDataPipeline (0x2b8dfa0): Algorithm vtkFileSeriesReader (0x2b8ba10) returned failure for request: vtkInformation (0x67d85b0)
  Debug: Off
  Modified Time: 1029862
  Reference Count: 1
  Registered Events: (none)
  Request: REQUEST_DATA_OBJECT
  FROM_OUTPUT_PORT: 0
  ALGORITHM_AFTER_FORWARD: 1
  FORWARD_DIRECTION: 0

[0m
[0m[31m(   4.251s) [paraview        ]      vtkXdmfReader.cxx:253    ERR| vtkXdmfReader (0x2b7ecd0): Error opening file output_jobid_3955860_extracted-fault.xdmf[0m
[0m[31m(   4.251s) [paraview        ]       vtkExecutive.cxx:729    ERR| vtkPVCompositeDataPipeline (0x2b8dfa0): Algorithm vtkFileSeriesReader (0x2b8ba10) returned failure for request: vtkInformation (0x67d85b0)
  Debug: Off
  Modified Time: 1029862
  Reference Count: 1
  Registered Events: (none)
  Request: REQUEST_DATA_OBJECT
  FROM_OUTPUT_PORT: 0
  ALGORITHM_AFTER_FORWARD: 1
  FORWARD_DIRECTION: 0

[0m
[0m[31m(   4.254s) [paraview        ]      vtkXdmfReader.cxx:253    ERR| vtkXdmfReader (0x2b7ecd0): Error opening file output_jobid_3955860_extracted-fault.xdmf[0m
[0m[31m(   4.254s) [paraview        ]       vtkExecutive.cxx:729    ERR| vtkPVCompositeDataPipeline (0x2b8dfa0): Algorithm vtkFileSeriesReader (0x2b8ba10) returned failure for request: vtkInformation (0x7389b80)
  Debug: Off
  Modified Time: 1171874
  Reference Count: 1
  Registered Events: (none)
  Request: REQUEST_DATA_OBJECT
  FROM_OUTPUT_PORT: 0
  ALGORITHM_AFTER_FORWARD: 1
  FORWARD_DIRECTION: 0

[0m
[0m[31m(   4.255s) [paraview        ]      vtkXdmfReader.cxx:253    ERR| vtkXdmfReader (0x2b7ecd0): Error opening file output_jobid_3955860_extracted-fault.xdmf[0m
[0m[31m(   4.255s) [paraview        ]       vtkExecutive.cxx:729    ERR| vtkPVCompositeDataPipeline (0x2b8dfa0): Algorithm vtkFileSeriesReader (0x2b8ba10) returned failure for request: vtkInformation (0x7389b80)
  Debug: Off
  Modified Time: 1171874
  Reference Count: 1
  Registered Events: (none)
  Request: REQUEST_DATA_OBJECT
  FROM_OUTPUT_PORT: 0
  ALGORITHM_AFTER_FORWARD: 1
  FORWARD_DIRECTION: 0

[0m
Traceback (most recent call last):
  File "/dss/dsshome1/01/di35poq/soft/plot_initial_stress_profile.py", line 58, in <module>
    data = pd.read_csv(csvfile)
  File "/dss/dsshome1/01/di35poq/.local/lib/python3.8/site-packages/pandas/io/parsers/readers.py", line 912, in read_csv
    return _read(filepath_or_buffer, kwds)
  File "/dss/dsshome1/01/di35poq/.local/lib/python3.8/site-packages/pandas/io/parsers/readers.py", line 577, in _read
    parser = TextFileReader(filepath_or_buffer, **kwds)
  File "/dss/dsshome1/01/di35poq/.local/lib/python3.8/site-packages/pandas/io/parsers/readers.py", line 1407, in __init__
    self._engine = self._make_engine(f, self.engine)
  File "/dss/dsshome1/01/di35poq/.local/lib/python3.8/site-packages/pandas/io/parsers/readers.py", line 1679, in _make_engine
    return mapping[engine](f, **self.options)
  File "/dss/dsshome1/01/di35poq/.local/lib/python3.8/site-packages/pandas/io/parsers/c_parser_wrapper.py", line 93, in __init__
    self._reader = parsers.TextReader(src, **kwds)
  File "pandas/_libs/parsers.pyx", line 557, in pandas._libs.parsers.TextReader.__cinit__
pandas.errors.EmptyDataError: No columns to parse from file
/var/spool/slurm/job3955860/slurm_script: line 95: popd: directory stack empty
cp: target '/hppfs/scratch/01/di35poq/haiti-rupture-outputs/dynamic-rupture-outputs/variable_SH_max/jobid_3955860/logs/' is not a directory
