Fri 13 Sep 2024 04:55:06 PM UTC
num_nodes: 16 ntasks: 16 cpus_per_task:
Line 63 replaced with: OutputFile='/hppfs/scratch/01/di35poq/haiti-rupture-outputs/dynamic-rupture-outputs/variable_SH_max/jobid_3912367'
Job log complete.
Starting SeisSol...
Fri Sep 13 18:55:08, Info:  Using the parameter file parameters.par 
Fri Sep 13 18:55:08, Info:  Reading SeisSol parameter file... 
Fri Sep 13 18:55:08, Info:  In your parameter file, you have specified a non-positive interval for "checkpointinterval" . This mechanism is deprecated and may be removed in a future version of SeisSol. Consider disabling the whole module by setting "checkpoint" to 0 instead by adding "checkpoint = 0" to the "output" section of your parameter file instead. 
Fri Sep 13 18:55:08, Info:  The field "printintervalcriterion" is no longer in use. You may safely remove it from your parameters file. 
Fri Sep 13 18:55:08, Info:  Disabling the wavefield output by setting "outputformat = 10" is deprecated and may be removed in a future version of SeisSol. Consider using the parameter "wavefieldoutput" instead. To disable wavefield output, add "wavefieldoutput = 0" to the "output" section of your parameters file. 
Fri Sep 13 18:55:08, Info:  The field "printintervalcriterion" is no longer in use. You may safely remove it from your parameters file. 
Fri Sep 13 18:55:08, Info:  The field "pickdttype" is no longer in use. You may safely remove it from your parameters file. 
Fri Sep 13 18:55:08, Info:  The field "faultoutputflag" is no longer in use. You may safely remove it from your parameters file. 
Fri Sep 13 18:55:08, Info:  The field "boundaries" is no longer in use. You may safely remove it from your parameters file. 
Fri Sep 13 18:55:08, Info:  SeisSol parameter file read successfully. 
Fri Sep 13 18:55:08, Info:  Model information: 
Fri Sep 13 18:55:08, Info:  Elastic model: yes 
Fri Sep 13 18:55:08, Info:  Viscoelastic model: no 
Fri Sep 13 18:55:08, Info:  Anelastic model: no 
Fri Sep 13 18:55:08, Info:  Poroelastic model: no 
Fri Sep 13 18:55:08, Info:  Anisotropic model: no 
Fri Sep 13 18:55:08, Info:  Plasticity: no 
Fri Sep 13 18:55:08, Info:  Welcome to SeisSol 
Fri Sep 13 18:55:08, Info:  Copyright (c) 2012 - 2024  SeisSol Group 
Fri Sep 13 18:55:08, Info:  Version: v1.1.4-148-g60aedc8c (dirty) 
Fri Sep 13 18:55:08, Info:  Built on: Jun 17 2024 21:03:35 
Fri Sep 13 18:55:08, Info:  Last commit: 60aedc8c2ae0a5d9e5a46cc3a40e4eaf1c047225 at 2024-06-06T12:54:08+00:00 
Fri Sep 13 18:55:08, Info:  Compiled with HOST_ARCH = skx 
Fri Sep 13 18:55:08, Info:  Running on (rank=0): "i01r01c03s01" 
Fri Sep 13 18:55:08, Info:  Using MPI with #ranks: 16 
Fri Sep 13 18:55:08, Info:  Node-wide (shared memory) MPI with #ranks/node: 1 
Fri Sep 13 18:55:08, Info:  Using asynchronous MPI routines. 
Fri Sep 13 18:55:08, Info:  Using OMP with #threads/rank: 94 
Fri Sep 13 18:55:08, Info:  OpenMP worker affinity (this process): "0123456789|0123456789|0123456789|0123456789|0123456-89|0123456789|0123456789|0123456789|0123456789|01234-" 
Fri Sep 13 18:55:08, Info:  OpenMP worker affinity (this node)   : "0123456789|0123456789|0123456789|0123456789|0123456-89|0123456789|0123456789|0123456789|0123456789|01234-" 
Fri Sep 13 18:55:08, Info:  Using a communication thread for advancing MPI communication. 
Fri Sep 13 18:55:08, Info:  Communication thread affinity        : "----------|----------|----------|----------|-------7--|----------|----------|----------|----------|-----5" 
Fri Sep 13 18:55:08, Info:  The stack size ulimit is 2097152 [kiB] ( = 2.0000 GiB ). 
Fri Sep 13 18:55:08, Info:  Begin init mesh. 
Fri Sep 13 18:55:08, Info:  Mesh file: "/dss/dsshome1/01/di35poq/mesh/mesh_v07/Haiti_v07_lowres" 
Fri Sep 13 18:55:08, Info:  Running mini SeisSol to determine node weights. 
Fri Sep 13 18:55:08, Info:  miniSeisSol configured with 50000 elements and 10 repeats per process 
Fri Sep 13 18:55:08, Info:  Node weights: mean = 41.3482  std = 0.389142  min = 40.5178  median = 41.4572  max = 41.9777 
Fri Sep 13 18:55:08, Info:  Reading PUML mesh 
Fri Sep 13 18:55:08, Info:  Inferring boundary format. 
Fri Sep 13 18:55:08, Info:  Boundary format not given in PUML file; inferring from array shape. 
Fri Sep 13 18:55:08, Info:  Using boundary format: i32 (4xi8) 
Fri Sep 13 18:55:08, Info:  Found 2685422 cells 
Fri Sep 13 18:55:08, Info:  Found 477078 vertices 
Fri Sep 13 18:55:10, Info:  Computing LTS weights. 
Fri Sep 13 18:55:12, Info:  Limiting number of clusters to 2147483646 
Fri Sep 13 18:55:12, Info:  Computing LTS weights. Done.  (108216 reductions.)
Fri Sep 13 18:55:12, Info:  Using the Parmetis partition library and strategy. 
Fri Sep 13 18:55:16, Info:  PUML mesh read in: 7.6189 s (min: 7.5512 s, max: 7.7754 s)
Fri Sep 13 18:55:16, Info:  The mesh has been read. Starting post processing. 
Fri Sep 13 18:55:16, Info:  Extracting fault information. 
Fri Sep 13 18:55:16, Info:  Exchanging ghostlayer metadata. 
Fri Sep 13 18:55:17, Info:  Mesh initialized in: 9.6657 s (min: 9.6651 s, max: 9.6661 s)
Fri Sep 13 18:55:17, Info:  End init mesh. 
Fri Sep 13 18:55:17, Info:  Begin init model. 
Fri Sep 13 18:55:17, Info:  Initialize LTS. 
Fri Sep 13 18:55:17, Info:  Deriving clusters ids for min. time step width / multiRate: 0.000213316 / 2 
Fri Sep 13 18:55:17, Info:  Due to wiggle factor of 1 the minimum timestep size is reduced to 0.000213316 
Fri Sep 13 18:55:17, Info:  Number of elements in time clusters: 
Fri Sep 13 18:55:17, Info:  0: 2088 
Fri Sep 13 18:55:17, Info:  1: 265401 
Fri Sep 13 18:55:17, Info:  2: 1618976 
Fri Sep 13 18:55:17, Info:  3: 538212 
Fri Sep 13 18:55:17, Info:  4: 147352 
Fri Sep 13 18:55:17, Info:  5: 35652 
Fri Sep 13 18:55:17, Info:  6: 11329 
Fri Sep 13 18:55:17, Info:  7: 18592 
Fri Sep 13 18:55:17, Info:  8: 47781 
Fri Sep 13 18:55:17, Info:  9: 39 
Fri Sep 13 18:55:17, Info:  maximum theoretical speedup (compared to GTS): 6.4313 per cell LTS, 4.34786 with the used clustering. 
Fri Sep 13 18:55:17, Info:  Number of elements in dynamic rupture time clusters: 
Fri Sep 13 18:55:17, Info:  0 (dr): 618 
Fri Sep 13 18:55:17, Info:  1 (dr): 78813 
Fri Sep 13 18:55:17, Info:  2 (dr): 309926 
Fri Sep 13 18:55:17, Info:  3 (dr): 2509 
Fri Sep 13 18:55:17, Info:  4 (dr): 0 
Fri Sep 13 18:55:17, Info:  5 (dr): 0 
Fri Sep 13 18:55:17, Info:  6 (dr): 0 
Fri Sep 13 18:55:17, Info:  7 (dr): 0 
Fri Sep 13 18:55:17, Info:  8 (dr): 0 
Fri Sep 13 18:55:17, Info:  9 (dr): 0 
Fri Sep 13 18:55:17, Info:  Initialize Friction Model 
Fri Sep 13 18:55:18, Info:  Initialize cell material parameters. 
Fri Sep 13 18:55:19, Info:  Initialize Memory layout. 
Fri Sep 13 18:55:20, Info:  Initialize cell-local matrices. 
Fri Sep 13 18:55:20, Info:  Initializing Fault, using a quadrature rule with  25  points. 
Fri Sep 13 18:58:21, Info:  Model initialized in: 3 min 3.2911 s (min: 3 min 3.2889 s, max: 3 min 3.2937 s)
Fri Sep 13 18:58:21, Info:  End init model. 
Fri Sep 13 18:58:21, Info:  Setting initial conditions. 
Fri Sep 13 18:58:21, Info:  Using initial condition "Zero" . 
Fri Sep 13 18:58:21, Info:  Reading source. 
Fri Sep 13 18:58:21, Info:  No source term specified. 
Fri Sep 13 18:58:21, Info:  Setting up boundary conditions. 
Fri Sep 13 18:58:21, Info:  Begin init output. 
Fri Sep 13 18:58:21, Info:  Initializing free surface integrator. 
Fri Sep 13 18:58:21, Info:  Initializing free surface integrator. Done. 
Fri Sep 13 18:58:21, Info:  Enabling 2D fault output 
Fri Sep 13 18:58:21, Info:  Initializing Fault output. Number of sub-triangles: 4 
Fri Sep 13 18:58:21, Info:  Initializing XDMF fault output. 
Fri Sep 13 18:58:21, Info:  Fault writer thread affinity: "----------|----------|----------|----------|-------7--|----------|----------|----------|----------|-----5" 
Fri Sep 13 18:58:21, Info:  Initializing XDMF fault output. Done. 
Fri Sep 13 18:58:21, Info:  Initializing free surface output. 
Fri Sep 13 18:58:21, Info:  Free surface writer thread affinity: "----------|----------|----------|----------|-------7--|----------|----------|----------|----------|-----5" 
Fri Sep 13 18:58:21, Info:  No record points read. 
Fri Sep 13 18:58:21, Info:  Finding meshIds for receivers... 
Fri Sep 13 18:58:21, Info:  Cleaning possible double occurring receivers for MPI... 
Fri Sep 13 18:58:21, Info:  Mapping receivers to LTS cells... 
Fri Sep 13 18:58:21, Info:  Initializing energy output. 
Fri Sep 13 18:58:21, Info:  End init output. 
Fri Sep 13 18:58:21, Info:  Initializing free surface output. Done. 
Fri Sep 13 18:58:21, Info:  Finishing initialization... 
Fri Sep 13 18:58:21, Info:  Starting simulation. 
Fri Sep 13 18:58:21, Info:  Writing faultoutput at time 0.
Fri Sep 13 18:58:21, Info:  Writing faultoutput at time 0. Done.
Fri Sep 13 18:58:21, Info:  Writing free surface at time 0.
Fri Sep 13 18:58:21, Info:  Writing free surface at time 0. Done.
Fri Sep 13 18:58:21, Info:  Writing energy output at time 0 
Fri Sep 13 18:58:21, Info:  Total momentum (X, Y, Z): 0  , 0  , 0 
Fri Sep 13 18:58:21, Info:  Writing energy output at time 0 Done. 
Fri Sep 13 18:58:21, Info:  Time spent for initial IO: 51.8741 ms (min: 41.4771 ms, max: 67.4997 ms)
Fri Sep 13 18:58:48, Info:  Writing faultoutput at time 0.5.
Fri Sep 13 18:58:48, Info:  Writing faultoutput at time 0.5. Done.
Fri Sep 13 18:58:48, Info:  Writing energy output at time 0.5 
Fri Sep 13 18:58:48, Info:  Elastic energy (total, % kinematic, % potential):  1.41293e+12  , 24.9124  , 75.0876 
Fri Sep 13 18:58:48, Info:  Total momentum (X, Y, Z): 0.00387001  , -0.0029273  , -0.00415039 
Fri Sep 13 18:58:48, Info:  Frictional work (total, % static, % radiated):  1.42944e+12  , 72.8906  , 27.1094 
Fri Sep 13 18:58:48, Info:  Seismic moment (without plasticity): 1.6942e+16  Mw: 4.74931 
Fri Sep 13 18:58:48, Info:  Writing energy output at time 0.5 Done. 
Fri Sep 13 18:58:48, Info:  Time spent this phase (total): 26.6387 s (min: 26.5998 s, max: 26.6588 s)
Fri Sep 13 18:58:48, Info:  Time spent this phase (compute): 26.5869 s (min: 26.5478 s, max: 26.6170 s)
Fri Sep 13 18:58:48, Info:  Time spent this phase (IO): 51.1172 ms (min: 39.7041 ms, max: 77.6038 ms)
Fri Sep 13 18:58:48, Info:  Performance since the start: 9.4476 TFLOP/s (rank 0: 596.4046 GFLOP/s , average over ranks: 590.4770 GFLOP/s ) 
Fri Sep 13 18:58:48, Info:  Performance since last sync point: 9.4476 TFLOP/s (rank 0: 596.4046 GFLOP/s , average over ranks: 590.4770 GFLOP/s ) 
Fri Sep 13 18:59:14, Info:  Writing faultoutput at time 1.
Fri Sep 13 18:59:14, Info:  Writing faultoutput at time 1. Done.
Fri Sep 13 18:59:14, Info:  Writing free surface at time 1.
Fri Sep 13 18:59:14, Info:  Writing free surface at time 1. Done.
Fri Sep 13 18:59:14, Info:  Writing energy output at time 1 
Fri Sep 13 18:59:14, Info:  Elastic energy (total, % kinematic, % potential):  1.07528e+13  , 23.9416  , 76.0584 
Fri Sep 13 18:59:14, Info:  Total momentum (X, Y, Z): 0.331299  , 0.389648  , -0.18573 
Fri Sep 13 18:59:14, Info:  Frictional work (total, % static, % radiated):  1.11272e+13  , 72.3053  , 27.6947 
Fri Sep 13 18:59:14, Info:  Seismic moment (without plasticity): 1.26189e+17  Mw: 5.33068 
Fri Sep 13 18:59:14, Info:  Writing energy output at time 1 Done. 
Fri Sep 13 18:59:14, Info:  Time spent this phase (total): 26.5031 s (min: 26.4665 s, max: 26.5562 s)
Fri Sep 13 18:59:14, Info:  Time spent this phase (compute): 26.5030 s (min: 26.4664 s, max: 26.5561 s)
Fri Sep 13 18:59:14, Info:  Time spent this phase (IO): 53.0770 ms (min: 39.7246 ms, max: 100.0686 ms)
Fri Sep 13 18:59:14, Info:  Performance since the start: 9.4716 TFLOP/s (rank 0: 598.1169 GFLOP/s , average over ranks: 591.9776 GFLOP/s ) 
Fri Sep 13 18:59:14, Info:  Performance since last sync point: 9.4958 TFLOP/s (rank 0: 599.8391 GFLOP/s , average over ranks: 593.4867 GFLOP/s ) 
Fri Sep 13 18:59:41, Info:  Writing faultoutput at time 1.5.
Fri Sep 13 18:59:41, Info:  Writing faultoutput at time 1.5. Done.
Fri Sep 13 18:59:41, Info:  Writing energy output at time 1.5 
Fri Sep 13 18:59:41, Info:  Elastic energy (total, % kinematic, % potential):  3.25019e+13  , 22.696  , 77.304 
Fri Sep 13 18:59:41, Info:  Total momentum (X, Y, Z): -0.441895  , -0.302734  , -0.156494 
Fri Sep 13 18:59:41, Info:  Frictional work (total, % static, % radiated):  3.3661e+13  , 73.3893  , 26.6107 
Fri Sep 13 18:59:41, Info:  Seismic moment (without plasticity): 3.93649e+17  Mw: 5.66007 
Fri Sep 13 18:59:41, Info:  Writing energy output at time 1.5 Done. 
Fri Sep 13 18:59:41, Info:  Time spent this phase (total): 26.4893 s (min: 26.4502 s, max: 26.5172 s)
Fri Sep 13 18:59:41, Info:  Time spent this phase (compute): 26.4892 s (min: 26.4501 s, max: 26.5171 s)
Fri Sep 13 18:59:41, Info:  Time spent this phase (IO): 53.5529 ms (min: 39.7787 ms, max: 98.0177 ms)
Fri Sep 13 18:59:41, Info:  Performance since the start: 9.4814 TFLOP/s (rank 0: 598.8612 GFLOP/s , average over ranks: 592.5872 GFLOP/s ) 
Fri Sep 13 18:59:41, Info:  Performance since last sync point: 9.5010 TFLOP/s (rank 0: 600.3552 GFLOP/s , average over ranks: 593.8104 GFLOP/s ) 
Fri Sep 13 19:00:07, Info:  Writing faultoutput at time 2.
Fri Sep 13 19:00:07, Info:  Writing faultoutput at time 2. Done.
Fri Sep 13 19:00:07, Info:  Writing free surface at time 2.
Fri Sep 13 19:00:07, Info:  Writing free surface at time 2. Done.
Fri Sep 13 19:00:07, Info:  Writing energy output at time 2 
Fri Sep 13 19:00:07, Info:  Elastic energy (total, % kinematic, % potential):  6.67358e+13  , 20.8456  , 79.1544 
Fri Sep 13 19:00:07, Info:  Total momentum (X, Y, Z): 0.0117188  , -0.171875  , -0.486328 
Fri Sep 13 19:00:07, Info:  Frictional work (total, % static, % radiated):  6.90594e+13  , 74.7601  , 25.2399 
Fri Sep 13 19:00:07, Info:  Seismic moment (without plasticity): 8.40823e+17  Mw: 5.8798 
Fri Sep 13 19:00:07, Info:  Writing energy output at time 2 Done. 
Fri Sep 13 19:00:07, Info:  Time spent this phase (total): 26.6372 s (min: 26.6158 s, max: 26.6630 s)
Fri Sep 13 19:00:07, Info:  Time spent this phase (compute): 26.6372 s (min: 26.6158 s, max: 26.6629 s)
Fri Sep 13 19:00:07, Info:  Time spent this phase (IO): 54.5236 ms (min: 39.7027 ms, max: 109.2118 ms)
Fri Sep 13 19:00:07, Info:  Performance since the start: 9.4730 TFLOP/s (rank 0: 598.3349 GFLOP/s , average over ranks: 592.0644 GFLOP/s ) 
Fri Sep 13 19:00:07, Info:  Performance since last sync point: 9.4480 TFLOP/s (rank 0: 596.7617 GFLOP/s , average over ranks: 590.5019 GFLOP/s ) 
Fri Sep 13 19:00:34, Info:  Writing faultoutput at time 2.5.
Fri Sep 13 19:00:34, Info:  Writing faultoutput at time 2.5. Done.
Fri Sep 13 19:00:34, Info:  Writing energy output at time 2.5 
Fri Sep 13 19:00:34, Info:  Elastic energy (total, % kinematic, % potential):  1.08386e+14  , 18.2432  , 81.7568 
Fri Sep 13 19:00:34, Info:  Total momentum (X, Y, Z): -9.46289  , -4.65625  , 9.48828 
Fri Sep 13 19:00:34, Info:  Frictional work (total, % static, % radiated):  1.11663e+14  , 76.6133  , 23.3867 
Fri Sep 13 19:00:34, Info:  Seismic moment (without plasticity): 1.42802e+18  Mw: 6.03316 
Fri Sep 13 19:00:34, Info:  Writing energy output at time 2.5 Done. 
Fri Sep 13 19:00:34, Info:  Time spent this phase (total): 26.4143 s (min: 26.3907 s, max: 26.4516 s)
Fri Sep 13 19:00:34, Info:  Time spent this phase (compute): 26.4142 s (min: 26.3906 s, max: 26.4515 s)
Fri Sep 13 19:00:34, Info:  Time spent this phase (IO): 51.9043 ms (min: 39.5949 ms, max: 79.7419 ms)
Fri Sep 13 19:00:34, Info:  Performance since the start: 9.4839 TFLOP/s (rank 0: 598.9966 GFLOP/s , average over ranks: 592.7460 GFLOP/s ) 
Fri Sep 13 19:00:34, Info:  Performance since last sync point: 9.5278 TFLOP/s (rank 0: 601.6579 GFLOP/s , average over ranks: 595.4883 GFLOP/s ) 
Fri Sep 13 19:01:00, Info:  Writing faultoutput at time 3.
Fri Sep 13 19:01:00, Info:  Writing faultoutput at time 3. Done.
Fri Sep 13 19:01:00, Info:  Writing free surface at time 3.
Fri Sep 13 19:01:00, Info:  Writing free surface at time 3. Done.
Fri Sep 13 19:01:00, Info:  Writing energy output at time 3 
Fri Sep 13 19:01:00, Info:  Elastic energy (total, % kinematic, % potential):  1.52211e+14  , 16.0787  , 83.9213 
Fri Sep 13 19:01:00, Info:  Total momentum (X, Y, Z): -25.3516  , -12.7812  , 27.3633 
Fri Sep 13 19:01:00, Info:  Frictional work (total, % static, % radiated):  1.56043e+14  , 78.2693  , 21.7307 
Fri Sep 13 19:01:00, Info:  Seismic moment (without plasticity): 2.09698e+18  Mw: 6.1444 
Fri Sep 13 19:01:00, Info:  Writing energy output at time 3 Done. 
Fri Sep 13 19:01:00, Info:  Time spent this phase (total): 26.4481 s (min: 26.4161 s, max: 26.4677 s)
Fri Sep 13 19:01:00, Info:  Time spent this phase (compute): 26.4480 s (min: 26.4161 s, max: 26.4677 s)
Fri Sep 13 19:01:00, Info:  Time spent this phase (IO): 55.3097 ms (min: 39.9389 ms, max: 116.3458 ms)
Fri Sep 13 19:01:00, Info:  Performance since the start: 9.4892 TFLOP/s (rank 0: 599.3874 GFLOP/s , average over ranks: 593.0759 GFLOP/s ) 
Fri Sep 13 19:01:00, Info:  Performance since last sync point: 9.5157 TFLOP/s (rank 0: 601.3493 GFLOP/s , average over ranks: 594.7314 GFLOP/s ) 
Fri Sep 13 19:01:27, Info:  Writing faultoutput at time 3.5.
Fri Sep 13 19:01:27, Info:  Writing faultoutput at time 3.5. Done.
Fri Sep 13 19:01:27, Info:  Writing energy output at time 3.5 
Fri Sep 13 19:01:27, Info:  Elastic energy (total, % kinematic, % potential):  1.9752e+14  , 15.2121  , 84.7879 
Fri Sep 13 19:01:27, Info:  Total momentum (X, Y, Z): -44.4062  , -21.7188  , 50.2148 
Fri Sep 13 19:01:27, Info:  Frictional work (total, % static, % radiated):  2.01902e+14  , 79.826  , 20.174 
Fri Sep 13 19:01:27, Info:  Seismic moment (without plasticity): 2.85296e+18  Mw: 6.23353 
Fri Sep 13 19:01:27, Info:  Writing energy output at time 3.5 Done. 
Fri Sep 13 19:01:27, Info:  Time spent this phase (total): 26.6884 s (min: 26.6871 s, max: 26.6891 s)
Fri Sep 13 19:01:27, Info:  Time spent this phase (compute): 26.6884 s (min: 26.6871 s, max: 26.6890 s)
Fri Sep 13 19:01:27, Info:  Time spent this phase (IO): 55.1613 ms (min: 39.6562 ms, max: 117.7237 ms)
Fri Sep 13 19:01:27, Info:  Performance since the start: 9.4807 TFLOP/s (rank 0: 598.8637 GFLOP/s , average over ranks: 592.5441 GFLOP/s ) 
Fri Sep 13 19:01:27, Info:  Performance since last sync point: 9.4300 TFLOP/s (rank 0: 595.7404 GFLOP/s , average over ranks: 589.3732 GFLOP/s ) 
Fri Sep 13 19:01:53, Info:  Writing faultoutput at time 4.
Fri Sep 13 19:01:53, Info:  Writing faultoutput at time 4. Done.
Fri Sep 13 19:01:53, Info:  Writing free surface at time 4.
Fri Sep 13 19:01:53, Info:  Writing free surface at time 4. Done.
Fri Sep 13 19:01:53, Info:  Writing energy output at time 4 
Fri Sep 13 19:01:53, Info:  Elastic energy (total, % kinematic, % potential):  2.46151e+14  , 14.7397  , 85.2603 
Fri Sep 13 19:01:53, Info:  Total momentum (X, Y, Z): -67.4375  , -31.5  , 81.3086 
Fri Sep 13 19:01:53, Info:  Frictional work (total, % static, % radiated):  2.51141e+14  , 80.7677  , 19.2323 
Fri Sep 13 19:01:53, Info:  Seismic moment (without plasticity): 3.71347e+18  Mw: 6.30985 
Fri Sep 13 19:01:53, Info:  Writing energy output at time 4 Done. 
Fri Sep 13 19:01:53, Info:  Time spent this phase (total): 26.5591 s (min: 26.5499 s, max: 26.5813 s)
Fri Sep 13 19:01:53, Info:  Time spent this phase (compute): 26.5590 s (min: 26.5498 s, max: 26.5812 s)
Fri Sep 13 19:01:53, Info:  Time spent this phase (IO): 54.1936 ms (min: 39.7389 ms, max: 107.9659 ms)
Fri Sep 13 19:01:53, Info:  Performance since the start: 9.4801 TFLOP/s (rank 0: 598.8614 GFLOP/s , average over ranks: 592.5065 GFLOP/s ) 
Fri Sep 13 19:01:53, Info:  Performance since last sync point: 9.4759 TFLOP/s (rank 0: 598.8452 GFLOP/s , average over ranks: 592.2436 GFLOP/s ) 
Fri Sep 13 19:02:20, Info:  Writing faultoutput at time 4.5.
Fri Sep 13 19:02:20, Info:  Writing faultoutput at time 4.5. Done.
Fri Sep 13 19:02:20, Info:  Writing energy output at time 4.5 
Fri Sep 13 19:02:20, Info:  Elastic energy (total, % kinematic, % potential):  2.99115e+14  , 14.521  , 85.479 
Fri Sep 13 19:02:20, Info:  Total momentum (X, Y, Z): -63.8438  , 1.28125  , 109.227 
Fri Sep 13 19:02:20, Info:  Frictional work (total, % static, % radiated):  3.04866e+14  , 81.3361  , 18.6639 
Fri Sep 13 19:02:20, Info:  Seismic moment (without plasticity): 4.69692e+18  Mw: 6.37788 
Fri Sep 13 19:02:20, Info:  Writing energy output at time 4.5 Done. 
Fri Sep 13 19:02:20, Info:  Time spent this phase (total): 26.4855 s (min: 26.4628 s, max: 26.4943 s)
Fri Sep 13 19:02:20, Info:  Time spent this phase (compute): 26.4854 s (min: 26.4628 s, max: 26.4940 s)
Fri Sep 13 19:02:20, Info:  Time spent this phase (IO): 55.0303 ms (min: 39.6729 ms, max: 115.7278 ms)
Fri Sep 13 19:02:20, Info:  Performance since the start: 9.4826 TFLOP/s (rank 0: 598.9996 GFLOP/s , average over ranks: 592.6598 GFLOP/s ) 
Fri Sep 13 19:02:20, Info:  Performance since last sync point: 9.5022 TFLOP/s (rank 0: 600.1081 GFLOP/s , average over ranks: 593.8889 GFLOP/s ) 
Fri Sep 13 19:02:46, Info:  Writing faultoutput at time 5.
Fri Sep 13 19:02:46, Info:  Writing faultoutput at time 5. Done.
Fri Sep 13 19:02:46, Info:  Writing free surface at time 5.
Fri Sep 13 19:02:46, Info:  Writing free surface at time 5. Done.
Fri Sep 13 19:02:46, Info:  Wrote receivers in 4.91e-07 seconds. 
Fri Sep 13 19:02:46, Info:  Writing energy output at time 5 
Fri Sep 13 19:02:46, Info:  Elastic energy (total, % kinematic, % potential):  3.5726e+14  , 14.3784  , 85.6216 
Fri Sep 13 19:02:46, Info:  Total momentum (X, Y, Z): -74.7344  , 81.25  , -110.086 
Fri Sep 13 19:02:46, Info:  Frictional work (total, % static, % radiated):  3.64053e+14  , 81.797  , 18.203 
Fri Sep 13 19:02:46, Info:  Seismic moment (without plasticity): 5.83734e+18  Mw: 6.44081 
Fri Sep 13 19:02:46, Info:  Writing energy output at time 5 Done. 
Fri Sep 13 19:02:46, Info:  Time spent this phase (total): 26.3916 s (min: 26.3587 s, max: 26.4345 s)
Fri Sep 13 19:02:46, Info:  Time spent this phase (compute): 26.3915 s (min: 26.3586 s, max: 26.4345 s)
Fri Sep 13 19:02:46, Info:  Time spent this phase (IO): 50.5009 ms (min: 39.8106 ms, max: 68.7427 ms)
Fri Sep 13 19:02:46, Info:  Performance since the start: 9.4879 TFLOP/s (rank 0: 599.3553 GFLOP/s , average over ranks: 592.9931 GFLOP/s ) 
Fri Sep 13 19:02:46, Info:  Performance since last sync point: 9.5362 TFLOP/s (rank 0: 602.5751 GFLOP/s , average over ranks: 596.0102 GFLOP/s ) 
Fri Sep 13 19:02:46, Info:  Ignoring duplicate synchronisation point at time 5 ; the last sync point was at  5 
Fri Sep 13 19:02:46, Info:  Ignoring duplicate synchronisation point at time 5 ; the last sync point was at  5 
Fri Sep 13 19:02:46, Info:  Ignoring duplicate synchronisation point at time 5 ; the last sync point was at  5 
Fri Sep 13 19:02:46, Info:  Ignoring duplicate synchronisation point at time 5 ; the last sync point was at  5 
Fri Sep 13 19:02:46, Info:  Simulation time (total): 4 min 25.2556 s (min: 4 min 25.2174 s, max: 4 min 25.2765 s)
Fri Sep 13 19:02:46, Info:  Simulation time (compute): 4 min 24.6686 s (min: 4 min 24.2193 s, max: 4 min 24.8223 s)
Fri Sep 13 19:02:46, Info:  Simulation time (IO): 585.5071 ms (min: 438.2409 ms, max: 1.0520 s)
Fri Sep 13 19:02:46, Info:  Time spent in compute kernels: mean = 252.844  std = 5.0903  min = 240.796  median = 252.5  max = 260.144 
Fri Sep 13 19:02:46, Info:  Load imbalance: 2.80586 % 
Fri Sep 13 19:02:46, Info:  Regression analysis of compute kernels: 
Fri Sep 13 19:02:46, Info:  "computeLocalIntegration" (total time): 1226.86 s ( = 20 min 26.8568 s ) 
Fri Sep 13 19:02:46, Info:  "computeLocalIntegration" ( constant ): 1.78438e-05 (sample size: 1.30947e+06 , standard error: 9.33192e-12 ) 
Fri Sep 13 19:02:46, Info:  "computeLocalIntegration" ( per element ): 8.30775e-08 (sample size: 1.30947e+06 , standard error: 9.33192e-12 ) 
Fri Sep 13 19:02:46, Info:  "computeNeighboringIntegration" (total time): 1496.86 s ( = 24 min 56.8606 s ) 
Fri Sep 13 19:02:46, Info:  "computeNeighboringIntegration" ( constant ): 0.000136942 (sample size: 1.30947e+06 , standard error: 1.53217e-11 ) 
Fri Sep 13 19:02:46, Info:  "computeNeighboringIntegration" ( per element ): 9.09503e-08 (sample size: 1.30947e+06 , standard error: 1.53217e-11 ) 
Fri Sep 13 19:02:46, Info:  "computeDynamicRupture" (total time): 1321.79 s ( = 22 min 1.7936 s ) 
Fri Sep 13 19:02:46, Info:  "computeDynamicRupture" ( constant ): 8.04826e-05 (sample size: 1.01085e+06 , standard error: 7.97277e-11 ) 
Fri Sep 13 19:02:46, Info:  "computeDynamicRupture" ( per element ): 4.49159e-07 (sample size: 1.01085e+06 , standard error: 7.97277e-11 ) 
Fri Sep 13 19:02:46, Info:  "computePointSources" (total time): 0 s ( = 0.0000 s ) 
Fri Sep 13 19:02:46, Info:  "computePointSources" ( constant ): -nan (sample size: 0 , standard error: -nan ) 
Fri Sep 13 19:02:46, Info:  "computePointSources" ( per element ): -nan (sample size: 0 , standard error: -nan ) 
Fri Sep 13 19:02:46, Info:  Total time spent in compute kernels: 4045.51 s ( = 1 h 7 min 25.5111 s ) 
Fri Sep 13 19:02:46, Info:  Total calculated HW-FLOP:  2.5167 PFLOP 
Fri Sep 13 19:02:46, Info:  Total calculated NZ-FLOP:  1.0060 PFLOP 
Fri Sep 13 19:02:46, Info:  Total calculated HW-FLOP/s:  9.4871 TFLOP/s 
Fri Sep 13 19:02:46, Info:  Total calculated NZ-FLOP/s:  3.7925 TFLOP/s 
Fri Sep 13 19:02:46, Info:  WP calculated HW-FLOP:  2.0853 PFLOP 
Fri Sep 13 19:02:46, Info:  WP calculated NZ-FLOP:  685.2465 TFLOP 
Fri Sep 13 19:02:46, Info:  DR calculated HW-FLOP:  431.4489 TFLOP 
Fri Sep 13 19:02:46, Info:  DR calculated NZ-FLOP:  320.8018 TFLOP 
Fri Sep 13 19:02:46, Info:  PL calculated HW-FLOP:  0.0000 FLOP 
Fri Sep 13 19:02:46, Info:  PL calculated NZ-FLOP:  0.0000 FLOP 
Fri Sep 13 19:02:46, Info:  Time spent in simulation: 4 min 25.2773 s (min: 4 min 25.2772 s, max: 4 min 25.2786 s)
Fri Sep 13 19:02:46, Info:  Simulation done. 
Fri Sep 13 19:02:46, Info:  Closing IO. 
Fri Sep 13 19:02:46, Info:  Time free surface writer backend: 256.0867 ms (min: 1.3405 ms, max: 2.2863 s)
Fri Sep 13 19:02:47, Info:  Time fault writer backend: 1.1709 s (min: 525.6872 ms, max: 8.1341 s)
Fri Sep 13 19:02:47, Info:  Time fault writer frontend: 12.0883 ms (min: 10.2939 ms, max: 13.3211 ms)
Fri Sep 13 19:02:47, Info:  Time free surface writer frontend: 1.1153 ms (min: 120.4000 µs, max: 8.4183 ms)
Fri Sep 13 19:02:47, Info:  SeisSol done. Goodbye. 
SeisSol complete.
/hppfs/scratch/01/di35poq/haiti-rupture-outputs/dynamic-rupture-outputs/variable_SH_max/jobid_3912367 ~/haiti-rupture-inputs/dynamic-rupture/variable_SH_max
Writing hdf5 output with compression enabled (compression_level=4). 
Use --compression=0 if you want to speed-up data extraction.
u1: 0it [00:00, ?it/s]u1: 1it [00:00,  7.64it/s]u1: 5it [00:00, 31.46it/s]
u2: 0it [00:00, ?it/s]u2: 5it [00:00, 99.49it/s]
u3: 0it [00:00, ?it/s]u3: 5it [00:00, 109.31it/s]
done writing output_jobid_3912367_extracted-surface.h5
done writing output_jobid_3912367_extracted-surface.xdmf
full path: /hppfs/scratch/01/di35poq/haiti-rupture-outputs/dynamic-rupture-outputs/variable_SH_max/jobid_3912367/output_jobid_3912367_extracted-surface.xdmf
Working on JobID: 3912367
No matching file found for jobid 3912367. Assigning output-fault.xdmf instead
/hppfs/scratch/01/di35poq/haiti-rupture-outputs/dynamic-rupture-outputs/variable_SH_max/jobid_3912367/output-fault.xdmf
warning: Mw computed over 0-85s (avoiding contribution of small residual moment after rupture)
jobid_3912367 moment magnitude: 6.440809993224244 (M0 = 5.8373e+18)
Finished writing /hppfs/scratch/01/di35poq/haiti-rupture-outputs/dynamic-rupture-outputs/variable_SH_max/jobid_3912367/moment_rate_mainshock.png
Looking for output-fault.xdmf
mu_s: 0.5
mu_d: 0.16
done writing /hppfs/scratch/01/di35poq/haiti-rupture-outputs/dynamic-rupture-outputs/variable_SH_max/jobid_3912367/output_jobid_3912367_extracted-fault.xdmf
full path: /hppfs/scratch/01/di35poq/haiti-rupture-outputs/dynamic-rupture-outputs/variable_SH_max/jobid_3912367/output_jobid_3912367_extracted-fault.xdmf
done writing /hppfs/scratch/01/di35poq/haiti-rupture-outputs/dynamic-rupture-outputs/variable_SH_max/jobid_3912367/output_jobid_3912367_extracted-fault.h5
Job ID set as: 3912367
mu_s: 0.5
mu_d: 0.16
~/haiti-rupture-inputs/dynamic-rupture/variable_SH_max
