THIS RUN IS USING general
Sun 08 Sep 2024 03:02:06 AM UTC
num_nodes: 24 ntasks: 24 cpus_per_task:
Line 63 replaced with: OutputFile='/hppfs/scratch/01/di35poq/haiti-rupture-outputs/dynamic-rupture-outputs/regional-only/jobid_3891879'
Job log complete.
Starting SeisSol...
Sun Sep 08 05:02:08, Info:  Using the parameter file parameters.par 
Sun Sep 08 05:02:08, Info:  Reading SeisSol parameter file... 
Sun Sep 08 05:02:08, Info:  In your parameter file, you have specified a non-positive interval for "checkpointinterval" . This mechanism is deprecated and may be removed in a future version of SeisSol. Consider disabling the whole module by setting "checkpoint" to 0 instead by adding "checkpoint = 0" to the "output" section of your parameter file instead. 
Sun Sep 08 05:02:08, Info:  The field "printintervalcriterion" is no longer in use. You may safely remove it from your parameters file. 
Sun Sep 08 05:02:08, Info:  Disabling the wavefield output by setting "outputformat = 10" is deprecated and may be removed in a future version of SeisSol. Consider using the parameter "wavefieldoutput" instead. To disable wavefield output, add "wavefieldoutput = 0" to the "output" section of your parameters file. 
Sun Sep 08 05:02:08, Info:  The field "printintervalcriterion" is no longer in use. You may safely remove it from your parameters file. 
Sun Sep 08 05:02:08, Info:  The field "pickdttype" is no longer in use. You may safely remove it from your parameters file. 
Sun Sep 08 05:02:08, Info:  The field "faultoutputflag" is no longer in use. You may safely remove it from your parameters file. 
Sun Sep 08 05:02:08, Info:  The field "boundaries" is no longer in use. You may safely remove it from your parameters file. 
Sun Sep 08 05:02:08, Info:  SeisSol parameter file read successfully. 
Sun Sep 08 05:02:08, Info:  Model information: 
Sun Sep 08 05:02:08, Info:  Elastic model: yes 
Sun Sep 08 05:02:08, Info:  Viscoelastic model: no 
Sun Sep 08 05:02:08, Info:  Anelastic model: no 
Sun Sep 08 05:02:08, Info:  Poroelastic model: no 
Sun Sep 08 05:02:08, Info:  Anisotropic model: no 
Sun Sep 08 05:02:08, Info:  Plasticity: no 
Sun Sep 08 05:02:08, Info:  Welcome to SeisSol 
Sun Sep 08 05:02:08, Info:  Copyright (c) 2012 - 2024  SeisSol Group 
Sun Sep 08 05:02:08, Info:  Version: v1.1.4-148-g60aedc8c (dirty) 
Sun Sep 08 05:02:08, Info:  Built on: Jun 17 2024 21:03:35 
Sun Sep 08 05:02:08, Info:  Last commit: 60aedc8c2ae0a5d9e5a46cc3a40e4eaf1c047225 at 2024-06-06T12:54:08+00:00 
Sun Sep 08 05:02:08, Info:  Compiled with HOST_ARCH = skx 
Sun Sep 08 05:02:08, Info:  Running on (rank=0): "i02r01c04s03" 
Sun Sep 08 05:02:08, Info:  Using MPI with #ranks: 24 
Sun Sep 08 05:02:08, Info:  Node-wide (shared memory) MPI with #ranks/node: 1 
Sun Sep 08 05:02:08, Info:  Using asynchronous MPI routines. 
Sun Sep 08 05:02:08, Info:  Using OMP with #threads/rank: 94 
Sun Sep 08 05:02:08, Info:  OpenMP worker affinity (this process): "0123456789|0123456789|0123456789|0123456789|0123456-89|0123456789|0123456789|0123456789|0123456789|01234-" 
Sun Sep 08 05:02:08, Info:  OpenMP worker affinity (this node)   : "0123456789|0123456789|0123456789|0123456789|0123456-89|0123456789|0123456789|0123456789|0123456789|01234-" 
Sun Sep 08 05:02:08, Info:  Using a communication thread for advancing MPI communication. 
Sun Sep 08 05:02:08, Info:  Communication thread affinity        : "----------|----------|----------|----------|-------7--|----------|----------|----------|----------|-----5" 
Sun Sep 08 05:02:08, Info:  The stack size ulimit is 2097152 [kiB] ( = 2.0000 GiB ). 
Sun Sep 08 05:02:08, Info:  Begin init mesh. 
Sun Sep 08 05:02:08, Info:  Mesh file: "/dss/dsshome1/01/di35poq/mesh/mesh_v07/Haiti_v07_lowres" 
Sun Sep 08 05:02:08, Info:  Running mini SeisSol to determine node weights. 
Sun Sep 08 05:02:08, Info:  miniSeisSol configured with 50000 elements and 10 repeats per process 
Sun Sep 08 05:02:08, Info:  Node weights: mean = 41.4246  std = 0.457189  min = 40.2238  median = 41.5016  max = 42.0399 
Sun Sep 08 05:02:08, Info:  Reading PUML mesh 
Sun Sep 08 05:02:08, Info:  Inferring boundary format. 
Sun Sep 08 05:02:08, Info:  Boundary format not given in PUML file; inferring from array shape. 
Sun Sep 08 05:02:08, Info:  Using boundary format: i32 (4xi8) 
Sun Sep 08 05:02:08, Info:  Found 2685422 cells 
Sun Sep 08 05:02:08, Info:  Found 477078 vertices 
Sun Sep 08 05:02:09, Info:  Computing LTS weights. 
Sun Sep 08 05:02:11, Info:  Limiting number of clusters to 2147483646 
Sun Sep 08 05:02:11, Info:  Computing LTS weights. Done.  (108213 reductions.)
Sun Sep 08 05:02:11, Info:  Using the Parmetis partition library and strategy. 
Sun Sep 08 05:02:13, Info:  PUML mesh read in: 5.4177 s (min: 5.3664 s, max: 5.5620 s)
Sun Sep 08 05:02:13, Info:  The mesh has been read. Starting post processing. 
Sun Sep 08 05:02:13, Info:  Extracting fault information. 
Sun Sep 08 05:02:13, Info:  Exchanging ghostlayer metadata. 
Sun Sep 08 05:02:15, Info:  Mesh initialized in: 7.0240 s (min: 7.0235 s, max: 7.0245 s)
Sun Sep 08 05:02:15, Info:  End init mesh. 
Sun Sep 08 05:02:15, Info:  Begin init model. 
Sun Sep 08 05:02:15, Info:  Initialize LTS. 
Sun Sep 08 05:02:15, Info:  Deriving clusters ids for min. time step width / multiRate: 0.000213316 / 2 
Sun Sep 08 05:02:15, Info:  Due to wiggle factor of 1 the minimum timestep size is reduced to 0.000213316 
Sun Sep 08 05:02:15, Info:  Number of elements in time clusters: 
Sun Sep 08 05:02:15, Info:  0: 2088 
Sun Sep 08 05:02:15, Info:  1: 265401 
Sun Sep 08 05:02:15, Info:  2: 1618976 
Sun Sep 08 05:02:15, Info:  3: 538212 
Sun Sep 08 05:02:15, Info:  4: 147352 
Sun Sep 08 05:02:15, Info:  5: 35652 
Sun Sep 08 05:02:15, Info:  6: 11329 
Sun Sep 08 05:02:15, Info:  7: 18592 
Sun Sep 08 05:02:15, Info:  8: 47781 
Sun Sep 08 05:02:15, Info:  9: 39 
Sun Sep 08 05:02:15, Info:  maximum theoretical speedup (compared to GTS): 6.4313 per cell LTS, 4.34786 with the used clustering. 
Sun Sep 08 05:02:15, Info:  Number of elements in dynamic rupture time clusters: 
Sun Sep 08 05:02:15, Info:  0 (dr): 617 
Sun Sep 08 05:02:15, Info:  1 (dr): 78868 
Sun Sep 08 05:02:15, Info:  2 (dr): 310048 
Sun Sep 08 05:02:15, Info:  3 (dr): 2510 
Sun Sep 08 05:02:15, Info:  4 (dr): 0 
Sun Sep 08 05:02:15, Info:  5 (dr): 0 
Sun Sep 08 05:02:15, Info:  6 (dr): 0 
Sun Sep 08 05:02:15, Info:  7 (dr): 0 
Sun Sep 08 05:02:15, Info:  8 (dr): 0 
Sun Sep 08 05:02:15, Info:  9 (dr): 0 
Sun Sep 08 05:02:15, Info:  Initialize Friction Model 
Sun Sep 08 05:02:16, Info:  Initialize cell material parameters. 
Sun Sep 08 05:02:16, Info:  Initialize Memory layout. 
Sun Sep 08 05:02:17, Info:  Initialize cell-local matrices. 
Sun Sep 08 05:02:17, Info:  Initializing Fault, using a quadrature rule with  25  points. 
Sun Sep 08 05:04:14, Info:  Model initialized in: 1 min 59.2049 s (min: 1 min 59.2027 s, max: 1 min 59.2078 s)
Sun Sep 08 05:04:14, Info:  End init model. 
Sun Sep 08 05:04:14, Info:  Setting initial conditions. 
Sun Sep 08 05:04:14, Info:  Using initial condition "Zero" . 
Sun Sep 08 05:04:14, Info:  Reading source. 
Sun Sep 08 05:04:14, Info:  No source term specified. 
Sun Sep 08 05:04:14, Info:  Setting up boundary conditions. 
Sun Sep 08 05:04:14, Info:  Begin init output. 
Sun Sep 08 05:04:14, Info:  Initializing free surface integrator. 
Sun Sep 08 05:04:14, Info:  Initializing free surface integrator. Done. 
Sun Sep 08 05:04:14, Info:  Enabling 2D fault output 
Sun Sep 08 05:04:14, Info:  Initializing Fault output. Number of sub-triangles: 4 
Sun Sep 08 05:04:14, Info:  Initializing XDMF fault output. 
Sun Sep 08 05:04:14, Info:  Fault writer thread affinity: "----------|----------|----------|----------|-------7--|----------|----------|----------|----------|-----5" 
Sun Sep 08 05:04:14, Info:  Initializing XDMF fault output. Done. 
Sun Sep 08 05:04:14, Info:  Initializing free surface output. 
Sun Sep 08 05:04:14, Info:  Free surface writer thread affinity: "----------|----------|----------|----------|-------7--|----------|----------|----------|----------|-----5" 
Sun Sep 08 05:04:14, Info:  Initializing free surface output. Done. 
Sun Sep 08 05:04:14, Info:  No record points read. 
Sun Sep 08 05:04:14, Info:  Finding meshIds for receivers... 
Sun Sep 08 05:04:14, Info:  Cleaning possible double occurring receivers for MPI... 
Sun Sep 08 05:04:14, Info:  Mapping receivers to LTS cells... 
Sun Sep 08 05:04:14, Info:  Initializing energy output. 
Sun Sep 08 05:04:14, Info:  End init output. 
Sun Sep 08 05:04:14, Info:  Finishing initialization... 
Sun Sep 08 05:04:14, Info:  Starting simulation. 
Sun Sep 08 05:04:14, Info:  Writing faultoutput at time 0.
Sun Sep 08 05:04:14, Info:  Writing faultoutput at time 0. Done.
Sun Sep 08 05:04:14, Info:  Writing free surface at time 0.
Sun Sep 08 05:04:14, Info:  Writing free surface at time 0. Done.
Sun Sep 08 05:04:14, Info:  Writing energy output at time 0 
Sun Sep 08 05:04:14, Info:  Total momentum (X, Y, Z): 0  , 0  , 0 
Sun Sep 08 05:04:14, Info:  Writing energy output at time 0 Done. 
Sun Sep 08 05:04:14, Info:  Time spent for initial IO: 37.2136 ms (min: 27.2763 ms, max: 51.3320 ms)
Sun Sep 08 05:04:33, Info:  Writing faultoutput at time 0.5.
Sun Sep 08 05:04:33, Info:  Writing faultoutput at time 0.5. Done.
Sun Sep 08 05:04:33, Info:  Writing energy output at time 0.5 
Sun Sep 08 05:04:33, Info:  Elastic energy (total, % kinematic, % potential):  3.84569e+13  , 29.6896  , 70.3104 
Sun Sep 08 05:04:33, Info:  Total momentum (X, Y, Z): 0.0187566  , 0.0196493  , -0.0268966 
Sun Sep 08 05:04:33, Info:  Frictional work (total, % static, % radiated):  3.89861e+13  , 68.6897  , 31.3103 
Sun Sep 08 05:04:33, Info:  Seismic moment (without plasticity): 9.18439e+16  Mw: 5.2387 
Sun Sep 08 05:04:33, Info:  Writing energy output at time 0.5 Done. 
Sun Sep 08 05:04:33, Info:  Time spent this phase (total): 18.8513 s (min: 18.8225 s, max: 18.8976 s)
Sun Sep 08 05:04:33, Info:  Time spent this phase (compute): 18.8141 s (min: 18.7920 s, max: 18.8489 s)
Sun Sep 08 05:04:33, Info:  Time spent this phase (IO): 35.7916 ms (min: 25.6813 ms, max: 85.2106 ms)
Sun Sep 08 05:04:33, Info:  Performance since the start: 13.3544 TFLOP/s (rank 0: 556.0154 GFLOP/s , average over ranks: 556.4331 GFLOP/s ) 
Sun Sep 08 05:04:33, Info:  Performance since last sync point: 13.3544 TFLOP/s (rank 0: 556.0154 GFLOP/s , average over ranks: 556.4331 GFLOP/s ) 
Sun Sep 08 05:04:52, Info:  Writing faultoutput at time 1.
Sun Sep 08 05:04:52, Info:  Writing faultoutput at time 1. Done.
Sun Sep 08 05:04:52, Info:  Writing free surface at time 1.
Sun Sep 08 05:04:52, Info:  Writing free surface at time 1. Done.
Sun Sep 08 05:04:52, Info:  Wrote receivers in 3.13e-07 seconds. 
Sun Sep 08 05:04:52, Info:  Writing energy output at time 1 
Sun Sep 08 05:04:52, Info:  Elastic energy (total, % kinematic, % potential):  4.91923e+14  , 33.9998  , 66.0002 
Sun Sep 08 05:04:52, Info:  Total momentum (X, Y, Z): 2.80449  , 2.97946  , -1.60204 
Sun Sep 08 05:04:52, Info:  Frictional work (total, % static, % radiated):  5.06709e+14  , 58.4832  , 41.5168 
Sun Sep 08 05:04:52, Info:  Seismic moment (without plasticity): 9.81632e+17  Mw: 5.92463 
Sun Sep 08 05:04:52, Info:  Writing energy output at time 1 Done. 
Sun Sep 08 05:04:52, Info:  Time spent this phase (total): 18.7148 s (min: 18.6801 s, max: 18.7595 s)
Sun Sep 08 05:04:52, Info:  Time spent this phase (compute): 18.7147 s (min: 18.6800 s, max: 18.7594 s)
Sun Sep 08 05:04:52, Info:  Time spent this phase (IO): 40.7953 ms (min: 25.9146 ms, max: 127.5152 ms)
Sun Sep 08 05:04:52, Info:  Performance since the start: 13.4030 TFLOP/s (rank 0: 558.5855 GFLOP/s , average over ranks: 558.4569 GFLOP/s ) 
Sun Sep 08 05:04:52, Info:  Performance since last sync point: 13.4519 TFLOP/s (rank 0: 561.1796 GFLOP/s , average over ranks: 560.4959 GFLOP/s ) 
Sun Sep 08 05:04:52, Info:  Ignoring duplicate synchronisation point at time 1 ; the last sync point was at  1 
Sun Sep 08 05:04:52, Info:  Ignoring duplicate synchronisation point at time 1 ; the last sync point was at  1 
Sun Sep 08 05:04:52, Info:  Ignoring duplicate synchronisation point at time 1 ; the last sync point was at  1 
Sun Sep 08 05:04:52, Info:  Ignoring duplicate synchronisation point at time 1 ; the last sync point was at  1 
Sun Sep 08 05:04:52, Info:  Simulation time (total): 37.5663 s (min: 37.5103 s, max: 37.6221 s)
Sun Sep 08 05:04:52, Info:  Simulation time (compute): 37.4522 s (min: 37.3594 s, max: 37.5181 s)
Sun Sep 08 05:04:52, Info:  Simulation time (IO): 113.6640 ms (min: 78.7613 ms, max: 261.3272 ms)
Sun Sep 08 05:04:52, Info:  Time spent in compute kernels: mean = 34.7909  std = 0.868277  min = 32.8513  median = 34.8459  max = 36.5433 
Sun Sep 08 05:04:52, Info:  Load imbalance: 4.79522 % 
Sun Sep 08 05:04:52, Info:  Regression analysis of compute kernels: 
Sun Sep 08 05:04:52, Info:  "computeLocalIntegration" (total time): 248.984 s ( = 4 min 8.9837 s ) 
Sun Sep 08 05:04:52, Info:  "computeLocalIntegration" ( constant ): 2.27106e-05 (sample size: 387860 , standard error: 3.40344e-11 ) 
Sun Sep 08 05:04:52, Info:  "computeLocalIntegration" ( per element ): 8.28737e-08 (sample size: 387860 , standard error: 3.40344e-11 ) 
Sun Sep 08 05:04:52, Info:  "computeNeighboringIntegration" (total time): 312.356 s ( = 5 min 12.3556 s ) 
Sun Sep 08 05:04:52, Info:  "computeNeighboringIntegration" ( constant ): 0.000108016 (sample size: 387860 , standard error: 3.6393e-11 ) 
Sun Sep 08 05:04:52, Info:  "computeNeighboringIntegration" ( per element ): 9.33238e-08 (sample size: 387860 , standard error: 3.6393e-11 ) 
Sun Sep 08 05:04:52, Info:  "computeDynamicRupture" (total time): 273.643 s ( = 4 min 33.6428 s ) 
Sun Sep 08 05:04:52, Info:  "computeDynamicRupture" ( constant ): 6.67093e-05 (sample size: 290070 , standard error: 2.44095e-10 ) 
Sun Sep 08 05:04:52, Info:  "computeDynamicRupture" ( per element ): 4.60169e-07 (sample size: 290070 , standard error: 2.44095e-10 ) 
Sun Sep 08 05:04:52, Info:  "computePointSources" (total time): 0 s ( = 0.0000 s ) 
Sun Sep 08 05:04:52, Info:  "computePointSources" ( constant ): -nan (sample size: 0 , standard error: -nan ) 
Sun Sep 08 05:04:52, Info:  "computePointSources" ( per element ): -nan (sample size: 0 , standard error: -nan ) 
Sun Sep 08 05:04:52, Info:  Total time spent in compute kernels: 834.982 s ( = 13 min 54.9822 s ) 
Sun Sep 08 05:04:52, Info:  Total calculated HW-FLOP:  503.4994 TFLOP 
Sun Sep 08 05:04:52, Info:  Total calculated NZ-FLOP:  201.2766 TFLOP 
Sun Sep 08 05:04:52, Info:  Total calculated HW-FLOP/s:  13.3831 TFLOP/s 
Sun Sep 08 05:04:52, Info:  Total calculated NZ-FLOP/s:  5.3500 TFLOP/s 
Sun Sep 08 05:04:52, Info:  WP calculated HW-FLOP:  417.1722 TFLOP 
Sun Sep 08 05:04:52, Info:  WP calculated NZ-FLOP:  137.0886 TFLOP 
Sun Sep 08 05:04:52, Info:  DR calculated HW-FLOP:  86.3272 TFLOP 
Sun Sep 08 05:04:52, Info:  DR calculated NZ-FLOP:  64.1880 TFLOP 
Sun Sep 08 05:04:52, Info:  PL calculated HW-FLOP:  0.0000 FLOP 
Sun Sep 08 05:04:52, Info:  PL calculated NZ-FLOP:  0.0000 FLOP 
Sun Sep 08 05:04:52, Info:  Time spent in simulation: 37.6227 s (min: 37.6226 s, max: 37.6237 s)
Sun Sep 08 05:04:52, Info:  Simulation done. 
Sun Sep 08 05:04:52, Info:  Closing IO. 
Sun Sep 08 05:04:53, Info:  Time fault writer backend: 353.0354 ms (min: 141.8592 ms, max: 3.1833 s)
Sun Sep 08 05:04:53, Info:  Time fault writer frontend: 2.2449 ms (min: 1.8513 ms, max: 2.6096 ms)
Sun Sep 08 05:04:53, Info:  Time free surface writer backend: 127.7428 ms (min: 6.7807 ms, max: 1.1938 s)
Sun Sep 08 05:04:53, Info:  Time free surface writer frontend: 149.9737 µs (min: 35.7680 µs, max: 844.2180 µs)
Sun Sep 08 05:04:53, Info:  SeisSol done. Goodbye. 
SeisSol complete.
/hppfs/scratch/01/di35poq/haiti-rupture-outputs/dynamic-rupture-outputs/regional-only/jobid_3891879 ~/haiti-rupture-inputs/dynamic-rupture/regional-only/automated-runs/shmax_nu_suite/job_SHmax_40.0_nu_0.3
Writing hdf5 output with compression enabled (compression_level=4). 
Use --compression=0 if you want to speed-up data extraction.
u1: 0it [00:00, ?it/s]u1: 1it [00:00, 168.53it/s]
u2: 0it [00:00, ?it/s]u2: 1it [00:00, 181.50it/s]
u3: 0it [00:00, ?it/s]u3: 1it [00:00, 177.25it/s]
done writing output_jobid_3891879_extracted-surface.h5
done writing output_jobid_3891879_extracted-surface.xdmf
full path: /hppfs/scratch/01/di35poq/haiti-rupture-outputs/dynamic-rupture-outputs/regional-only/jobid_3891879/output_jobid_3891879_extracted-surface.xdmf
Working on JobID: 3891879
No matching file found for jobid 3891879. Assigning output-fault.xdmf instead
/hppfs/scratch/01/di35poq/haiti-rupture-outputs/dynamic-rupture-outputs/regional-only/jobid_3891879/output-fault.xdmf
warning: Mw computed over 0-85s (avoiding contribution of small residual moment after rupture)
jobid_3891879 moment magnitude: 5.924632471611666 (M0 = 9.8163e+17)
Finished writing /hppfs/scratch/01/di35poq/haiti-rupture-outputs/dynamic-rupture-outputs/regional-only/jobid_3891879/moment_rate_mainshock.png
No matching file found for jobid 3891879. Looking for output-fault.xdmf instead
mu_s: 0.6
mu_d: 0.2
done writing /hppfs/scratch/01/di35poq/haiti-rupture-outputs/dynamic-rupture-outputs/regional-only/jobid_3891879/output_jobid_3891879_extracted-fault.xdmf
full path: /hppfs/scratch/01/di35poq/haiti-rupture-outputs/dynamic-rupture-outputs/regional-only/jobid_3891879/output_jobid_3891879_extracted-fault.xdmf
done writing /hppfs/scratch/01/di35poq/haiti-rupture-outputs/dynamic-rupture-outputs/regional-only/jobid_3891879/output_jobid_3891879_extracted-fault.h5
Job ID set as: 3891879
mu_s: 0.6
mu_d: 0.2
~/haiti-rupture-inputs/dynamic-rupture/regional-only/automated-runs/shmax_nu_suite/job_SHmax_40.0_nu_0.3
