Mon 26 Aug 2024 06:45:06 PM UTC
num_nodes: 16 ntasks: 16 cpus_per_task:
Line 63 replaced with: OutputFile='/hppfs/scratch/01/di35poq/haiti-rupture-outputs/dynamic-rupture-outputs/regional-only/jobid_3838148'
Job log complete.
Starting SeisSol...
Mon Aug 26 20:45:08, Info:  Using the parameter file parameters.par 
Mon Aug 26 20:45:08, Info:  Reading SeisSol parameter file... 
Mon Aug 26 20:45:08, Info:  In your parameter file, you have specified a non-positive interval for "checkpointinterval" . This mechanism is deprecated and may be removed in a future version of SeisSol. Consider disabling the whole module by setting "checkpoint" to 0 instead by adding "checkpoint = 0" to the "output" section of your parameter file instead. 
Mon Aug 26 20:45:08, Info:  The field "printintervalcriterion" is no longer in use. You may safely remove it from your parameters file. 
Mon Aug 26 20:45:08, Info:  Disabling the wavefield output by setting "outputformat = 10" is deprecated and may be removed in a future version of SeisSol. Consider using the parameter "wavefieldoutput" instead. To disable wavefield output, add "wavefieldoutput = 0" to the "output" section of your parameters file. 
Mon Aug 26 20:45:08, Info:  The field "printintervalcriterion" is no longer in use. You may safely remove it from your parameters file. 
Mon Aug 26 20:45:08, Info:  The field "pickdttype" is no longer in use. You may safely remove it from your parameters file. 
Mon Aug 26 20:45:08, Info:  The field "faultoutputflag" is no longer in use. You may safely remove it from your parameters file. 
Mon Aug 26 20:45:08, Info:  The field "boundaries" is no longer in use. You may safely remove it from your parameters file. 
Mon Aug 26 20:45:08, Info:  SeisSol parameter file read successfully. 
Mon Aug 26 20:45:08, Info:  Model information: 
Mon Aug 26 20:45:08, Info:  Elastic model: yes 
Mon Aug 26 20:45:08, Info:  Viscoelastic model: no 
Mon Aug 26 20:45:08, Info:  Anelastic model: no 
Mon Aug 26 20:45:08, Info:  Poroelastic model: no 
Mon Aug 26 20:45:08, Info:  Anisotropic model: no 
Mon Aug 26 20:45:08, Info:  Plasticity: no 
Mon Aug 26 20:45:08, Info:  Welcome to SeisSol 
Mon Aug 26 20:45:08, Info:  Copyright (c) 2012 - 2024  SeisSol Group 
Mon Aug 26 20:45:08, Info:  Version: v1.1.4-148-g60aedc8c (dirty) 
Mon Aug 26 20:45:08, Info:  Built on: Jun 17 2024 21:03:35 
Mon Aug 26 20:45:08, Info:  Last commit: 60aedc8c2ae0a5d9e5a46cc3a40e4eaf1c047225 at 2024-06-06T12:54:08+00:00 
Mon Aug 26 20:45:08, Info:  Compiled with HOST_ARCH = skx 
Mon Aug 26 20:45:08, Info:  Running on (rank=0): "i01r01c03s01" 
Mon Aug 26 20:45:08, Info:  Using MPI with #ranks: 16 
Mon Aug 26 20:45:08, Info:  Node-wide (shared memory) MPI with #ranks/node: 1 
Mon Aug 26 20:45:08, Info:  Using asynchronous MPI routines. 
Mon Aug 26 20:45:08, Info:  Using OMP with #threads/rank: 94 
Mon Aug 26 20:45:08, Info:  OpenMP worker affinity (this process): "0123456789|0123456789|0123456789|0123456789|0123456-89|0123456789|0123456789|0123456789|0123456789|01234-" 
Mon Aug 26 20:45:08, Info:  OpenMP worker affinity (this node)   : "0123456789|0123456789|0123456789|0123456789|0123456-89|0123456789|0123456789|0123456789|0123456789|01234-" 
Mon Aug 26 20:45:08, Info:  Using a communication thread for advancing MPI communication. 
Mon Aug 26 20:45:08, Info:  Communication thread affinity        : "----------|----------|----------|----------|-------7--|----------|----------|----------|----------|-----5" 
Mon Aug 26 20:45:08, Info:  The stack size ulimit is 2097152 [kiB] ( = 2.0000 GiB ). 
Mon Aug 26 20:45:08, Info:  Begin init mesh. 
Mon Aug 26 20:45:08, Info:  Mesh file: "/dss/dsshome1/01/di35poq/mesh/mesh_v07/Haiti_v07_lowres" 
Mon Aug 26 20:45:08, Info:  Running mini SeisSol to determine node weights. 
Mon Aug 26 20:45:08, Info:  miniSeisSol configured with 50000 elements and 10 repeats per process 
Mon Aug 26 20:45:08, Info:  Node weights: mean = 41.4117  std = 0.352509  min = 40.6069  median = 41.4752  max = 41.7729 
Mon Aug 26 20:45:08, Info:  Reading PUML mesh 
Mon Aug 26 20:45:08, Info:  Inferring boundary format. 
Mon Aug 26 20:45:08, Info:  Boundary format not given in PUML file; inferring from array shape. 
Mon Aug 26 20:45:08, Info:  Using boundary format: i32 (4xi8) 
Mon Aug 26 20:45:08, Info:  Found 2685422 cells 
Mon Aug 26 20:45:08, Info:  Found 477078 vertices 
Mon Aug 26 20:45:10, Info:  Computing LTS weights. 
Mon Aug 26 20:45:13, Info:  Limiting number of clusters to 2147483646 
Mon Aug 26 20:45:13, Info:  Computing LTS weights. Done.  (108216 reductions.)
Mon Aug 26 20:45:13, Info:  Using the Parmetis partition library and strategy. 
Mon Aug 26 20:45:16, Info:  PUML mesh read in: 7.6843 s (min: 7.6267 s, max: 7.8122 s)
Mon Aug 26 20:45:16, Info:  The mesh has been read. Starting post processing. 
Mon Aug 26 20:45:16, Info:  Extracting fault information. 
Mon Aug 26 20:45:16, Info:  Exchanging ghostlayer metadata. 
Mon Aug 26 20:45:18, Info:  Mesh initialized in: 9.7321 s (min: 9.7318 s, max: 9.7327 s)
Mon Aug 26 20:45:18, Info:  End init mesh. 
Mon Aug 26 20:45:18, Info:  Begin init model. 
Mon Aug 26 20:45:18, Info:  Initialize LTS. 
Mon Aug 26 20:45:18, Info:  Deriving clusters ids for min. time step width / multiRate: 0.000213316 / 2 
Mon Aug 26 20:45:18, Info:  Due to wiggle factor of 1 the minimum timestep size is reduced to 0.000213316 
Mon Aug 26 20:45:18, Info:  Number of elements in time clusters: 
Mon Aug 26 20:45:18, Info:  0: 2088 
Mon Aug 26 20:45:18, Info:  1: 265401 
Mon Aug 26 20:45:18, Info:  2: 1618976 
Mon Aug 26 20:45:18, Info:  3: 538212 
Mon Aug 26 20:45:18, Info:  4: 147352 
Mon Aug 26 20:45:18, Info:  5: 35652 
Mon Aug 26 20:45:18, Info:  6: 11329 
Mon Aug 26 20:45:18, Info:  7: 18592 
Mon Aug 26 20:45:18, Info:  8: 47781 
Mon Aug 26 20:45:18, Info:  9: 39 
Mon Aug 26 20:45:18, Info:  maximum theoretical speedup (compared to GTS): 6.4313 per cell LTS, 4.34786 with the used clustering. 
Mon Aug 26 20:45:18, Info:  Number of elements in dynamic rupture time clusters: 
Mon Aug 26 20:45:18, Info:  0 (dr): 617 
Mon Aug 26 20:45:18, Info:  1 (dr): 78816 
Mon Aug 26 20:45:18, Info:  2 (dr): 309908 
Mon Aug 26 20:45:18, Info:  3 (dr): 2509 
Mon Aug 26 20:45:18, Info:  4 (dr): 0 
Mon Aug 26 20:45:18, Info:  5 (dr): 0 
Mon Aug 26 20:45:18, Info:  6 (dr): 0 
Mon Aug 26 20:45:18, Info:  7 (dr): 0 
Mon Aug 26 20:45:18, Info:  8 (dr): 0 
Mon Aug 26 20:45:18, Info:  9 (dr): 0 
Mon Aug 26 20:45:18, Info:  Initialize Friction Model 
Mon Aug 26 20:45:21, Info:  Initialize cell material parameters. 
Mon Aug 26 20:45:22, Info:  Initialize Memory layout. 
Mon Aug 26 20:45:22, Info:  Initialize cell-local matrices. 
Mon Aug 26 20:45:23, Info:  Initializing Fault, using a quadrature rule with  25  points. 
Mon Aug 26 20:48:32, Info:  Model initialized in: 3 min 14.8072 s (min: 3 min 14.8050 s, max: 3 min 14.8104 s)
Mon Aug 26 20:48:32, Info:  End init model. 
Mon Aug 26 20:48:32, Info:  Setting initial conditions. 
Mon Aug 26 20:48:32, Info:  Using initial condition "Zero" . 
Mon Aug 26 20:48:32, Info:  Reading source. 
Mon Aug 26 20:48:32, Info:  No source term specified. 
Mon Aug 26 20:48:32, Info:  Setting up boundary conditions. 
Mon Aug 26 20:48:32, Info:  Begin init output. 
Mon Aug 26 20:48:32, Info:  Initializing free surface integrator. 
Mon Aug 26 20:48:32, Info:  Initializing free surface integrator. Done. 
Mon Aug 26 20:48:32, Info:  Enabling 2D fault output 
Mon Aug 26 20:48:32, Info:  Initializing Fault output. Number of sub-triangles: 4 
Mon Aug 26 20:48:33, Info:  Initializing XDMF fault output. 
Mon Aug 26 20:48:33, Info:  Fault writer thread affinity: "----------|----------|----------|----------|-------7--|----------|----------|----------|----------|-----5" 
Mon Aug 26 20:48:33, Info:  Initializing XDMF fault output. Done. 
Mon Aug 26 20:48:33, Info:  Initializing free surface output. 
Mon Aug 26 20:48:33, Info:  Free surface writer thread affinity: "----------|----------|----------|----------|-------7--|----------|----------|----------|----------|-----5" 
Mon Aug 26 20:48:33, Info:  No record points read. 
Mon Aug 26 20:48:33, Info:  Finding meshIds for receivers... 
Mon Aug 26 20:48:33, Info:  Cleaning possible double occurring receivers for MPI... 
Mon Aug 26 20:48:33, Info:  Mapping receivers to LTS cells... 
Mon Aug 26 20:48:33, Info:  Initializing energy output. 
Mon Aug 26 20:48:33, Info:  End init output. 
Mon Aug 26 20:48:33, Info:  Initializing free surface output. Done. 
Mon Aug 26 20:48:33, Info:  Finishing initialization... 
Mon Aug 26 20:48:33, Info:  Starting simulation. 
Mon Aug 26 20:48:33, Info:  Writing faultoutput at time 0.
Mon Aug 26 20:48:33, Info:  Writing faultoutput at time 0. Done.
Mon Aug 26 20:48:33, Info:  Writing free surface at time 0.
Mon Aug 26 20:48:33, Info:  Writing free surface at time 0. Done.
Mon Aug 26 20:48:33, Info:  Writing energy output at time 0 
Mon Aug 26 20:48:33, Info:  Total momentum (X, Y, Z): 0  , 0  , 0 
Mon Aug 26 20:48:33, Info:  Writing energy output at time 0 Done. 
Mon Aug 26 20:48:33, Info:  Time spent for initial IO: 51.0552 ms (min: 42.4009 ms, max: 67.6136 ms)
Mon Aug 26 20:49:00, Info:  Writing faultoutput at time 0.5.
Mon Aug 26 20:49:00, Info:  Writing faultoutput at time 0.5. Done.
Mon Aug 26 20:49:00, Info:  Writing energy output at time 0.5 
Mon Aug 26 20:49:00, Info:  Elastic energy (total, % kinematic, % potential):  6.77021e+11  , 24.3338  , 75.6662 
Mon Aug 26 20:49:00, Info:  Total momentum (X, Y, Z): 0.00771999  , 0.0108655  , -0.0022796 
Mon Aug 26 20:49:00, Info:  Frictional work (total, % static, % radiated):  6.84758e+11  , 73.2376  , 26.7624 
Mon Aug 26 20:49:00, Info:  Seismic moment (without plasticity): 1.1676e+16  Mw: 4.64153 
Mon Aug 26 20:49:00, Info:  Writing energy output at time 0.5 Done. 
Mon Aug 26 20:49:00, Info:  Time spent this phase (total): 27.1037 s (min: 27.0646 s, max: 27.1359 s)
Mon Aug 26 20:49:00, Info:  Time spent this phase (compute): 27.0526 s (min: 27.0175 s, max: 27.0845 s)
Mon Aug 26 20:49:00, Info:  Time spent this phase (IO): 49.9238 ms (min: 39.4800 ms, max: 70.1579 ms)
Mon Aug 26 20:49:00, Info:  Performance since the start: 9.2857 TFLOP/s (rank 0: 585.7399 GFLOP/s , average over ranks: 580.3566 GFLOP/s ) 
Mon Aug 26 20:49:00, Info:  Performance since last sync point: 9.2857 TFLOP/s (rank 0: 585.7399 GFLOP/s , average over ranks: 580.3566 GFLOP/s ) 
Mon Aug 26 20:49:27, Info:  Writing faultoutput at time 1.
Mon Aug 26 20:49:27, Info:  Writing faultoutput at time 1. Done.
Mon Aug 26 20:49:27, Info:  Writing free surface at time 1.
Mon Aug 26 20:49:27, Info:  Writing free surface at time 1. Done.
Mon Aug 26 20:49:27, Info:  Writing energy output at time 1 
Mon Aug 26 20:49:27, Info:  Elastic energy (total, % kinematic, % potential):  4.89336e+12  , 22.6361  , 77.3639 
Mon Aug 26 20:49:27, Info:  Total momentum (X, Y, Z): 0.332879  , 0.236854  , -0.0984984 
Mon Aug 26 20:49:27, Info:  Frictional work (total, % static, % radiated):  5.05323e+12  , 73.7934  , 26.2066 
Mon Aug 26 20:49:27, Info:  Seismic moment (without plasticity): 8.34694e+16  Mw: 5.21102 
Mon Aug 26 20:49:27, Info:  Writing energy output at time 1 Done. 
Mon Aug 26 20:49:27, Info:  Time spent this phase (total): 27.1639 s (min: 27.1586 s, max: 27.1694 s)
Mon Aug 26 20:49:27, Info:  Time spent this phase (compute): 27.1637 s (min: 27.1580 s, max: 27.1693 s)
Mon Aug 26 20:49:27, Info:  Time spent this phase (IO): 50.3082 ms (min: 39.5985 ms, max: 71.9153 ms)
Mon Aug 26 20:49:27, Info:  Performance since the start: 9.2754 TFLOP/s (rank 0: 585.4955 GFLOP/s , average over ranks: 579.7111 GFLOP/s ) 
Mon Aug 26 20:49:27, Info:  Performance since last sync point: 9.2651 TFLOP/s (rank 0: 585.2513 GFLOP/s , average over ranks: 579.0672 GFLOP/s ) 
Mon Aug 26 20:49:54, Info:  Writing faultoutput at time 1.5.
Mon Aug 26 20:49:54, Info:  Writing faultoutput at time 1.5. Done.
Mon Aug 26 20:49:54, Info:  Writing energy output at time 1.5 
Mon Aug 26 20:49:54, Info:  Elastic energy (total, % kinematic, % potential):  1.38623e+13  , 19.1289  , 80.8711 
Mon Aug 26 20:49:54, Info:  Total momentum (X, Y, Z): -0.109894  , -0.382996  , -0.189606 
Mon Aug 26 20:49:54, Info:  Frictional work (total, % static, % radiated):  1.43292e+13  , 76.1813  , 23.8187 
Mon Aug 26 20:49:54, Info:  Seismic moment (without plasticity): 2.42981e+17  Mw: 5.52038 
Mon Aug 26 20:49:54, Info:  Writing energy output at time 1.5 Done. 
Mon Aug 26 20:49:54, Info:  Time spent this phase (total): 26.9708 s (min: 26.9637 s, max: 26.9721 s)
Mon Aug 26 20:49:54, Info:  Time spent this phase (compute): 26.9707 s (min: 26.9637 s, max: 26.9721 s)
Mon Aug 26 20:49:54, Info:  Time spent this phase (IO): 49.2529 ms (min: 39.3842 ms, max: 66.0312 ms)
Mon Aug 26 20:49:54, Info:  Performance since the start: 9.2940 TFLOP/s (rank 0: 586.8011 GFLOP/s , average over ranks: 580.8740 GFLOP/s ) 
Mon Aug 26 20:49:54, Info:  Performance since last sync point: 9.3314 TFLOP/s (rank 0: 589.4299 GFLOP/s , average over ranks: 583.2139 GFLOP/s ) 
Mon Aug 26 20:50:21, Info:  Writing faultoutput at time 2.
Mon Aug 26 20:50:21, Info:  Writing faultoutput at time 2. Done.
Mon Aug 26 20:50:21, Info:  Writing free surface at time 2.
Mon Aug 26 20:50:21, Info:  Writing free surface at time 2. Done.
Mon Aug 26 20:50:21, Info:  Writing energy output at time 2 
Mon Aug 26 20:50:21, Info:  Elastic energy (total, % kinematic, % potential):  2.45132e+13  , 13.3376  , 86.6624 
Mon Aug 26 20:50:21, Info:  Total momentum (X, Y, Z): 0.131836  , -0.263672  , -0.415283 
Mon Aug 26 20:50:21, Info:  Frictional work (total, % static, % radiated):  2.53647e+13  , 78.0337  , 21.9663 
Mon Aug 26 20:50:21, Info:  Seismic moment (without plasticity): 4.38845e+17  Mw: 5.69154 
Mon Aug 26 20:50:21, Info:  Writing energy output at time 2 Done. 
Mon Aug 26 20:50:21, Info:  Time spent this phase (total): 27.0484 s (min: 27.0453 s, max: 27.0528 s)
Mon Aug 26 20:50:21, Info:  Time spent this phase (compute): 27.0483 s (min: 27.0452 s, max: 27.0528 s)
Mon Aug 26 20:50:21, Info:  Time spent this phase (IO): 49.5948 ms (min: 39.4345 ms, max: 67.5559 ms)
Mon Aug 26 20:50:21, Info:  Performance since the start: 9.2966 TFLOP/s (rank 0: 587.0136 GFLOP/s , average over ranks: 581.0402 GFLOP/s ) 
Mon Aug 26 20:50:21, Info:  Performance since last sync point: 9.3046 TFLOP/s (rank 0: 587.6522 GFLOP/s , average over ranks: 581.5396 GFLOP/s ) 
Mon Aug 26 20:50:49, Info:  Writing faultoutput at time 2.5.
Mon Aug 26 20:50:49, Info:  Writing faultoutput at time 2.5. Done.
Mon Aug 26 20:50:49, Info:  Writing energy output at time 2.5 
Mon Aug 26 20:50:49, Info:  Elastic energy (total, % kinematic, % potential):  3.22002e+13  , 8.41496  , 91.585 
Mon Aug 26 20:50:49, Info:  Total momentum (X, Y, Z): -4.66699  , -2.2373  , 3.91406 
Mon Aug 26 20:50:49, Info:  Frictional work (total, % static, % radiated):  3.33073e+13  , 78.621  , 21.379 
Mon Aug 26 20:50:49, Info:  Seismic moment (without plasticity): 5.78449e+17  Mw: 5.77151 
Mon Aug 26 20:50:49, Info:  Writing energy output at time 2.5 Done. 
Mon Aug 26 20:50:49, Info:  Time spent this phase (total): 27.3314 s (min: 27.3171 s, max: 27.3701 s)
Mon Aug 26 20:50:49, Info:  Time spent this phase (compute): 27.3313 s (min: 27.3170 s, max: 27.3700 s)
Mon Aug 26 20:50:49, Info:  Time spent this phase (IO): 48.8324 ms (min: 39.3126 ms, max: 63.7274 ms)
Mon Aug 26 20:50:49, Info:  Performance since the start: 9.2788 TFLOP/s (rank 0: 585.9649 GFLOP/s , average over ranks: 579.9273 GFLOP/s ) 
Mon Aug 26 20:50:49, Info:  Performance since last sync point: 9.2083 TFLOP/s (rank 0: 581.8071 GFLOP/s , average over ranks: 575.5178 GFLOP/s ) 
Mon Aug 26 20:51:16, Info:  Writing faultoutput at time 3.
Mon Aug 26 20:51:16, Info:  Writing faultoutput at time 3. Done.
Mon Aug 26 20:51:16, Info:  Writing free surface at time 3.
Mon Aug 26 20:51:16, Info:  Writing free surface at time 3. Done.
Mon Aug 26 20:51:16, Info:  Writing energy output at time 3 
Mon Aug 26 20:51:16, Info:  Elastic energy (total, % kinematic, % potential):  3.55161e+13  , 5.97662  , 94.0234 
Mon Aug 26 20:51:16, Info:  Total momentum (X, Y, Z): -11.6172  , -5.19141  , 10.4392 
Mon Aug 26 20:51:16, Info:  Frictional work (total, % static, % radiated):  3.67022e+13  , 79.7249  , 20.2751 
Mon Aug 26 20:51:16, Info:  Seismic moment (without plasticity): 6.45043e+17  Mw: 5.80306 
Mon Aug 26 20:51:16, Info:  Writing energy output at time 3 Done. 
Mon Aug 26 20:51:16, Info:  Time spent this phase (total): 27.0099 s (min: 26.9733 s, max: 27.0281 s)
Mon Aug 26 20:51:16, Info:  Time spent this phase (compute): 27.0098 s (min: 26.9732 s, max: 27.0280 s)
Mon Aug 26 20:51:16, Info:  Time spent this phase (IO): 49.5334 ms (min: 39.4192 ms, max: 68.2712 ms)
Mon Aug 26 20:51:16, Info:  Performance since the start: 9.2853 TFLOP/s (rank 0: 586.3232 GFLOP/s , average over ranks: 580.3331 GFLOP/s ) 
Mon Aug 26 20:51:16, Info:  Performance since last sync point: 9.3179 TFLOP/s (rank 0: 588.1213 GFLOP/s , average over ranks: 582.3709 GFLOP/s ) 
Mon Aug 26 20:51:43, Info:  Writing faultoutput at time 3.5.
Mon Aug 26 20:51:43, Info:  Writing faultoutput at time 3.5. Done.
Mon Aug 26 20:51:43, Info:  Writing energy output at time 3.5 
Mon Aug 26 20:51:43, Info:  Elastic energy (total, % kinematic, % potential):  3.62203e+13  , 5.30932  , 94.6907 
Mon Aug 26 20:51:43, Info:  Total momentum (X, Y, Z): -17.0469  , -6.23047  , 15.926 
Mon Aug 26 20:51:43, Info:  Frictional work (total, % static, % radiated):  3.7489e+13  , 82.4215  , 17.5785 
Mon Aug 26 20:51:43, Info:  Seismic moment (without plasticity): 6.70135e+17  Mw: 5.81411 
Mon Aug 26 20:51:43, Info:  Writing energy output at time 3.5 Done. 
Mon Aug 26 20:51:43, Info:  Time spent this phase (total): 26.9740 s (min: 26.9565 s, max: 26.9776 s)
Mon Aug 26 20:51:43, Info:  Time spent this phase (compute): 26.9740 s (min: 26.9564 s, max: 26.9776 s)
Mon Aug 26 20:51:43, Info:  Time spent this phase (IO): 48.9271 ms (min: 39.2520 ms, max: 65.3320 ms)
Mon Aug 26 20:51:43, Info:  Performance since the start: 9.2917 TFLOP/s (rank 0: 586.7514 GFLOP/s , average over ranks: 580.7330 GFLOP/s ) 
Mon Aug 26 20:51:43, Info:  Performance since last sync point: 9.3303 TFLOP/s (rank 0: 589.3340 GFLOP/s , average over ranks: 583.1443 GFLOP/s ) 
Mon Aug 26 20:52:09, Info:  Writing faultoutput at time 4.
Mon Aug 26 20:52:09, Info:  Writing faultoutput at time 4. Done.
Mon Aug 26 20:52:09, Info:  Writing free surface at time 4.
Mon Aug 26 20:52:09, Info:  Writing free surface at time 4. Done.
Mon Aug 26 20:52:09, Info:  Writing energy output at time 4 
Mon Aug 26 20:52:09, Info:  Elastic energy (total, % kinematic, % potential):  3.64468e+13  , 5.0725  , 94.9275 
Mon Aug 26 20:52:09, Info:  Total momentum (X, Y, Z): -19.418  , -4.01172  , 21.6521 
Mon Aug 26 20:52:09, Info:  Frictional work (total, % static, % radiated):  3.77789e+13  , 84.3698  , 15.6302 
Mon Aug 26 20:52:09, Info:  Seismic moment (without plasticity): 6.83324e+17  Mw: 5.81975 
Mon Aug 26 20:52:09, Info:  Writing energy output at time 4 Done. 
Mon Aug 26 20:52:09, Info:  Time spent this phase (total): 26.9400 s (min: 26.9244 s, max: 26.9658 s)
Mon Aug 26 20:52:09, Info:  Time spent this phase (compute): 26.9401 s (min: 26.9243 s, max: 26.9657 s)
Mon Aug 26 20:52:09, Info:  Time spent this phase (IO): 50.5635 ms (min: 39.4613 ms, max: 70.5258 ms)
Mon Aug 26 20:52:09, Info:  Performance since the start: 9.2980 TFLOP/s (rank 0: 587.1773 GFLOP/s , average over ranks: 581.1244 GFLOP/s ) 
Mon Aug 26 20:52:09, Info:  Performance since last sync point: 9.3421 TFLOP/s (rank 0: 590.1753 GFLOP/s , average over ranks: 583.8791 GFLOP/s ) 
Mon Aug 26 20:52:37, Info:  Writing faultoutput at time 4.5.
Mon Aug 26 20:52:37, Info:  Writing faultoutput at time 4.5. Done.
Mon Aug 26 20:52:37, Info:  Writing energy output at time 4.5 
Mon Aug 26 20:52:37, Info:  Elastic energy (total, % kinematic, % potential):  3.66293e+13  , 4.75994  , 95.2401 
Mon Aug 26 20:52:37, Info:  Total momentum (X, Y, Z): -21.3164  , -1.49219  , 41.6738 
Mon Aug 26 20:52:37, Info:  Frictional work (total, % static, % radiated):  3.80136e+13  , 85.3758  , 14.6242 
Mon Aug 26 20:52:37, Info:  Seismic moment (without plasticity): 6.92928e+17  Mw: 5.82379 
Mon Aug 26 20:52:37, Info:  Writing energy output at time 4.5 Done. 
Mon Aug 26 20:52:37, Info:  Time spent this phase (total): 27.1222 s (min: 27.1105 s, max: 27.1343 s)
Mon Aug 26 20:52:37, Info:  Time spent this phase (compute): 27.1219 s (min: 27.1105 s, max: 27.1342 s)
Mon Aug 26 20:52:37, Info:  Time spent this phase (IO): 48.6773 ms (min: 39.2823 ms, max: 64.1248 ms)
Mon Aug 26 20:52:37, Info:  Performance since the start: 9.2959 TFLOP/s (rank 0: 587.0395 GFLOP/s , average over ranks: 580.9947 GFLOP/s ) 
Mon Aug 26 20:52:37, Info:  Performance since last sync point: 9.2793 TFLOP/s (rank 0: 585.9402 GFLOP/s , average over ranks: 579.9592 GFLOP/s ) 
Mon Aug 26 20:53:04, Info:  Writing faultoutput at time 5.
Mon Aug 26 20:53:04, Info:  Writing faultoutput at time 5. Done.
Mon Aug 26 20:53:04, Info:  Writing free surface at time 5.
Mon Aug 26 20:53:04, Info:  Writing free surface at time 5. Done.
Mon Aug 26 20:53:04, Info:  Wrote receivers in 5.79e-07 seconds. 
Mon Aug 26 20:53:04, Info:  Writing energy output at time 5 
Mon Aug 26 20:53:04, Info:  Elastic energy (total, % kinematic, % potential):  3.67871e+13  , 4.53856  , 95.4614 
Mon Aug 26 20:53:04, Info:  Total momentum (X, Y, Z): -40.8945  , 27.082  , -102.527 
Mon Aug 26 20:53:04, Info:  Frictional work (total, % static, % radiated):  3.82047e+13  , 85.6044  , 14.3956 
Mon Aug 26 20:53:04, Info:  Seismic moment (without plasticity): 6.99954e+17  Mw: 5.82671 
Mon Aug 26 20:53:04, Info:  Writing energy output at time 5 Done. 
Mon Aug 26 20:53:04, Info:  Time spent this phase (total): 27.0169 s (min: 26.9957 s, max: 27.0450 s)
Mon Aug 26 20:53:04, Info:  Time spent this phase (compute): 27.0168 s (min: 26.9956 s, max: 27.0450 s)
Mon Aug 26 20:53:04, Info:  Time spent this phase (IO): 50.8122 ms (min: 39.5261 ms, max: 71.1634 ms)
Mon Aug 26 20:53:04, Info:  Performance since the start: 9.2979 TFLOP/s (rank 0: 587.1568 GFLOP/s , average over ranks: 581.1168 GFLOP/s ) 
Mon Aug 26 20:53:04, Info:  Performance since last sync point: 9.3155 TFLOP/s (rank 0: 588.2139 GFLOP/s , average over ranks: 582.2178 GFLOP/s ) 
Mon Aug 26 20:53:04, Info:  Ignoring duplicate synchronisation point at time 5 ; the last sync point was at  5 
Mon Aug 26 20:53:04, Info:  Ignoring duplicate synchronisation point at time 5 ; the last sync point was at  5 
Mon Aug 26 20:53:04, Info:  Ignoring duplicate synchronisation point at time 5 ; the last sync point was at  5 
Mon Aug 26 20:53:04, Info:  Ignoring duplicate synchronisation point at time 5 ; the last sync point was at  5 
Mon Aug 26 20:53:04, Info:  Simulation time (total): 4 min 30.6813 s (min: 4 min 30.6572 s, max: 4 min 30.7052 s)
Mon Aug 26 20:53:04, Info:  Simulation time (compute): 4 min 30.1331 s (min: 4 min 29.9639 s, max: 4 min 30.2595 s)
Mon Aug 26 20:53:04, Info:  Simulation time (IO): 546.5626 ms (min: 436.0625 ms, max: 733.1921 ms)
Mon Aug 26 20:53:04, Info:  Time spent in compute kernels: mean = 254.011  std = 5.80027  min = 239.335  median = 253.38  max = 266.404 
Mon Aug 26 20:53:04, Info:  Load imbalance: 4.65205 % 
Mon Aug 26 20:53:04, Info:  Regression analysis of compute kernels: 
Mon Aug 26 20:53:04, Info:  "computeLocalIntegration" (total time): 1228.87 s ( = 20 min 28.8744 s ) 
Mon Aug 26 20:53:04, Info:  "computeLocalIntegration" ( constant ): 2.2366e-05 (sample size: 1.26209e+06 , standard error: 1.08213e-11 ) 
Mon Aug 26 20:53:04, Info:  "computeLocalIntegration" ( per element ): 8.28789e-08 (sample size: 1.26209e+06 , standard error: 1.08213e-11 ) 
Mon Aug 26 20:53:04, Info:  "computeNeighboringIntegration" (total time): 1508.07 s ( = 25 min 8.0710 s ) 
Mon Aug 26 20:53:04, Info:  "computeNeighboringIntegration" ( constant ): 0.00014692 (sample size: 1.26209e+06 , standard error: 1.46589e-11 ) 
Mon Aug 26 20:53:04, Info:  "computeNeighboringIntegration" ( per element ): 9.13003e-08 (sample size: 1.26209e+06 , standard error: 1.46589e-11 ) 
Mon Aug 26 20:53:04, Info:  "computeDynamicRupture" (total time): 1327.23 s ( = 22 min 7.2303 s ) 
Mon Aug 26 20:53:04, Info:  "computeDynamicRupture" ( constant ): 8.30634e-05 (sample size: 955180 , standard error: 8.68722e-11 ) 
Mon Aug 26 20:53:04, Info:  "computeDynamicRupture" ( per element ): 4.51872e-07 (sample size: 955180 , standard error: 8.68722e-11 ) 
Mon Aug 26 20:53:04, Info:  "computePointSources" (total time): 0 s ( = 0.0000 s ) 
Mon Aug 26 20:53:04, Info:  "computePointSources" ( constant ): -nan (sample size: 0 , standard error: -nan ) 
Mon Aug 26 20:53:04, Info:  "computePointSources" ( per element ): -nan (sample size: 0 , standard error: -nan ) 
Mon Aug 26 20:53:04, Info:  Total time spent in compute kernels: 4064.18 s ( = 1 h 7 min 44.1756 s ) 
Mon Aug 26 20:53:04, Info:  Total calculated HW-FLOP:  2.5168 PFLOP 
Mon Aug 26 20:53:04, Info:  Total calculated NZ-FLOP:  1.0061 PFLOP 
Mon Aug 26 20:53:04, Info:  Total calculated HW-FLOP/s:  9.2970 TFLOP/s 
Mon Aug 26 20:53:04, Info:  Total calculated NZ-FLOP/s:  3.7164 TFLOP/s 
Mon Aug 26 20:53:04, Info:  WP calculated HW-FLOP:  2.0853 PFLOP 
Mon Aug 26 20:53:04, Info:  WP calculated NZ-FLOP:  685.2640 TFLOP 
Mon Aug 26 20:53:04, Info:  DR calculated HW-FLOP:  431.4398 TFLOP 
Mon Aug 26 20:53:04, Info:  DR calculated NZ-FLOP:  320.7952 TFLOP 
Mon Aug 26 20:53:04, Info:  PL calculated HW-FLOP:  0.0000 FLOP 
Mon Aug 26 20:53:04, Info:  PL calculated NZ-FLOP:  0.0000 FLOP 
Mon Aug 26 20:53:04, Info:  Time spent in simulation: 4 min 30.7059 s (min: 4 min 30.7058 s, max: 4 min 30.7071 s)
Mon Aug 26 20:53:04, Info:  Simulation done. 
Mon Aug 26 20:53:04, Info:  Closing IO. 
Mon Aug 26 20:53:04, Info:  Time free surface writer backend: 229.8415 ms (min: 1.9726 ms, max: 2.2145 s)
Mon Aug 26 20:53:05, Info:  Time fault writer backend: 1.0837 s (min: 391.6874 ms, max: 7.3258 s)
Mon Aug 26 20:53:05, Info:  Time fault writer frontend: 12.1325 ms (min: 10.3387 ms, max: 13.4839 ms)
Mon Aug 26 20:53:05, Info:  Time free surface writer frontend: 1.0500 ms (min: 113.7420 µs, max: 7.1681 ms)
Mon Aug 26 20:53:05, Info:  SeisSol done. Goodbye. 
SeisSol complete.
/hppfs/scratch/01/di35poq/haiti-rupture-outputs/dynamic-rupture-outputs/regional-only/jobid_3838148 ~/haiti-rupture-inputs/dynamic-rupture/regional-only
Writing hdf5 output with compression enabled (compression_level=4). 
Use --compression=0 if you want to speed-up data extraction.
u1: 0it [00:00, ?it/s]u1: 5it [00:00, 105.11it/s]
u2: 0it [00:00, ?it/s]u2: 5it [00:00, 104.54it/s]
u3: 0it [00:00, ?it/s]u3: 1it [00:00,  6.03it/s]u3: 5it [00:00, 24.88it/s]
done writing output_jobid_3838148_extracted-surface.h5
done writing output_jobid_3838148_extracted-surface.xdmf
full path: /hppfs/scratch/01/di35poq/haiti-rupture-outputs/dynamic-rupture-outputs/regional-only/jobid_3838148/output_jobid_3838148_extracted-surface.xdmf
Working on JobID: 3838148
No matching file found for jobid 3838148. Assigning output-fault.xdmf instead
/hppfs/scratch/01/di35poq/haiti-rupture-outputs/dynamic-rupture-outputs/regional-only/jobid_3838148/output-fault.xdmf
warning: Mw computed over 0-85s (avoiding contribution of small residual moment after rupture)
jobid_3838148 moment magnitude: 5.82671299981655 (M0 = 6.9995e+17)
Finished writing /hppfs/scratch/01/di35poq/haiti-rupture-outputs/dynamic-rupture-outputs/regional-only/jobid_3838148/moment_rate_mainshock.png
No matching file found for jobid 3838148. Looking for output-fault.xdmf instead
mu_s: 0.6
mu_d: 0.2
done writing /hppfs/scratch/01/di35poq/haiti-rupture-outputs/dynamic-rupture-outputs/regional-only/jobid_3838148/output_jobid_3838148_extracted-fault.xdmf
full path: /hppfs/scratch/01/di35poq/haiti-rupture-outputs/dynamic-rupture-outputs/regional-only/jobid_3838148/output_jobid_3838148_extracted-fault.xdmf
done writing /hppfs/scratch/01/di35poq/haiti-rupture-outputs/dynamic-rupture-outputs/regional-only/jobid_3838148/output_jobid_3838148_extracted-fault.h5
Job ID set as: 3838148
mu_s: 0.6
mu_d: 0.2
~/haiti-rupture-inputs/dynamic-rupture/regional-only
