Fri 27 Sep 2024 10:52:08 PM UTC
num_nodes: 16 ntasks: 16 cpus_per_task:
Line 63 replaced with: OutputFile='/hppfs/scratch/01/di35poq/haiti-rupture-outputs/dynamic-rupture-outputs/variable_SH_max/jobid_3944241'
Job log complete.
Starting SeisSol...
Sat Sep 28 00:52:10, Info:  Using the parameter file parameters.par 
Sat Sep 28 00:52:10, Info:  Reading SeisSol parameter file... 
Sat Sep 28 00:52:10, Info:  In your parameter file, you have specified a non-positive interval for "checkpointinterval" . This mechanism is deprecated and may be removed in a future version of SeisSol. Consider disabling the whole module by setting "checkpoint" to 0 instead by adding "checkpoint = 0" to the "output" section of your parameter file instead. 
Sat Sep 28 00:52:10, Info:  The field "printintervalcriterion" is no longer in use. You may safely remove it from your parameters file. 
Sat Sep 28 00:52:10, Info:  The field "printintervalcriterion" is no longer in use. You may safely remove it from your parameters file. 
Sat Sep 28 00:52:10, Info:  The field "pickdttype" is no longer in use. You may safely remove it from your parameters file. 
Sat Sep 28 00:52:10, Info:  The field "faultoutputflag" is no longer in use. You may safely remove it from your parameters file. 
Sat Sep 28 00:52:10, Info:  The field "boundaries" is no longer in use. You may safely remove it from your parameters file. 
Sat Sep 28 00:52:10, Info:  SeisSol parameter file read successfully. 
Sat Sep 28 00:52:10, Info:  Model information: 
Sat Sep 28 00:52:10, Info:  Elastic model: yes 
Sat Sep 28 00:52:10, Info:  Viscoelastic model: no 
Sat Sep 28 00:52:10, Info:  Anelastic model: no 
Sat Sep 28 00:52:10, Info:  Poroelastic model: no 
Sat Sep 28 00:52:10, Info:  Anisotropic model: no 
Sat Sep 28 00:52:10, Info:  Plasticity: no 
Sat Sep 28 00:52:10, Info:  Welcome to SeisSol 
Sat Sep 28 00:52:10, Info:  Copyright (c) 2012 - 2024  SeisSol Group 
Sat Sep 28 00:52:10, Info:  Version: v1.1.4-148-g60aedc8c (dirty) 
Sat Sep 28 00:52:10, Info:  Built on: Jun 17 2024 21:03:35 
Sat Sep 28 00:52:10, Info:  Last commit: 60aedc8c2ae0a5d9e5a46cc3a40e4eaf1c047225 at 2024-06-06T12:54:08+00:00 
Sat Sep 28 00:52:10, Info:  Compiled with HOST_ARCH = skx 
Sat Sep 28 00:52:10, Info:  Running on (rank=0): "i01r01c03s01" 
Sat Sep 28 00:52:10, Info:  Using MPI with #ranks: 16 
Sat Sep 28 00:52:10, Info:  Node-wide (shared memory) MPI with #ranks/node: 1 
Sat Sep 28 00:52:10, Info:  Using asynchronous MPI routines. 
Sat Sep 28 00:52:10, Info:  Using OMP with #threads/rank: 94 
Sat Sep 28 00:52:10, Info:  OpenMP worker affinity (this process): "0123456789|0123456789|0123456789|0123456789|0123456-89|0123456789|0123456789|0123456789|0123456789|01234-" 
Sat Sep 28 00:52:10, Info:  OpenMP worker affinity (this node)   : "0123456789|0123456789|0123456789|0123456789|0123456-89|0123456789|0123456789|0123456789|0123456789|01234-" 
Sat Sep 28 00:52:10, Info:  Using a communication thread for advancing MPI communication. 
Sat Sep 28 00:52:10, Info:  Communication thread affinity        : "----------|----------|----------|----------|-------7--|----------|----------|----------|----------|-----5" 
Sat Sep 28 00:52:10, Info:  The stack size ulimit is 2097152 [kiB] ( = 2.0000 GiB ). 
Sat Sep 28 00:52:10, Info:  Begin init mesh. 
Sat Sep 28 00:52:10, Info:  Mesh file: "/dss/dsshome1/01/di35poq/mesh/mesh_v07/Haiti_v07_lowres" 
Sat Sep 28 00:52:10, Info:  Running mini SeisSol to determine node weights. 
Sat Sep 28 00:52:10, Info:  miniSeisSol configured with 50000 elements and 10 repeats per process 
Sat Sep 28 00:52:10, Info:  Node weights: mean = 41.3215  std = 0.680418  min = 39.5394  median = 41.5325  max = 42.0703 
Sat Sep 28 00:52:10, Info:  Reading PUML mesh 
Sat Sep 28 00:52:10, Info:  Inferring boundary format. 
Sat Sep 28 00:52:10, Info:  Boundary format not given in PUML file; inferring from array shape. 
Sat Sep 28 00:52:10, Info:  Using boundary format: i32 (4xi8) 
Sat Sep 28 00:52:10, Info:  Found 2685422 cells 
Sat Sep 28 00:52:10, Info:  Found 477078 vertices 
Sat Sep 28 00:52:12, Info:  Computing LTS weights. 
Sat Sep 28 00:52:14, Info:  Limiting number of clusters to 2147483646 
Sat Sep 28 00:52:14, Info:  Computing LTS weights. Done.  (108216 reductions.)
Sat Sep 28 00:52:14, Info:  Using the Parmetis partition library and strategy. 
Sat Sep 28 00:52:18, Info:  PUML mesh read in: 7.6188 s (min: 7.5546 s, max: 7.7787 s)
Sat Sep 28 00:52:18, Info:  The mesh has been read. Starting post processing. 
Sat Sep 28 00:52:18, Info:  Extracting fault information. 
Sat Sep 28 00:52:18, Info:  Exchanging ghostlayer metadata. 
Sat Sep 28 00:52:19, Info:  Mesh initialized in: 9.6604 s (min: 9.6599 s, max: 9.6609 s)
Sat Sep 28 00:52:19, Info:  End init mesh. 
Sat Sep 28 00:52:19, Info:  Begin init model. 
Sat Sep 28 00:52:19, Info:  Initialize LTS. 
Sat Sep 28 00:52:19, Info:  Deriving clusters ids for min. time step width / multiRate: 0.000213316 / 2 
Sat Sep 28 00:52:19, Info:  Due to wiggle factor of 1 the minimum timestep size is reduced to 0.000213316 
Sat Sep 28 00:52:20, Info:  Number of elements in time clusters: 
Sat Sep 28 00:52:20, Info:  0: 2088 
Sat Sep 28 00:52:20, Info:  1: 265401 
Sat Sep 28 00:52:20, Info:  2: 1618976 
Sat Sep 28 00:52:20, Info:  3: 538212 
Sat Sep 28 00:52:20, Info:  4: 147352 
Sat Sep 28 00:52:20, Info:  5: 35652 
Sat Sep 28 00:52:20, Info:  6: 11329 
Sat Sep 28 00:52:20, Info:  7: 18592 
Sat Sep 28 00:52:20, Info:  8: 47781 
Sat Sep 28 00:52:20, Info:  9: 39 
Sat Sep 28 00:52:20, Info:  maximum theoretical speedup (compared to GTS): 6.4313 per cell LTS, 4.34786 with the used clustering. 
Sat Sep 28 00:52:20, Info:  Number of elements in dynamic rupture time clusters: 
Sat Sep 28 00:52:20, Info:  0 (dr): 617 
Sat Sep 28 00:52:20, Info:  1 (dr): 78833 
Sat Sep 28 00:52:20, Info:  2 (dr): 310027 
Sat Sep 28 00:52:20, Info:  3 (dr): 2510 
Sat Sep 28 00:52:20, Info:  4 (dr): 0 
Sat Sep 28 00:52:20, Info:  5 (dr): 0 
Sat Sep 28 00:52:20, Info:  6 (dr): 0 
Sat Sep 28 00:52:20, Info:  7 (dr): 0 
Sat Sep 28 00:52:20, Info:  8 (dr): 0 
Sat Sep 28 00:52:20, Info:  9 (dr): 0 
Sat Sep 28 00:52:20, Info:  Initialize Friction Model 
Sat Sep 28 00:52:21, Info:  Initialize cell material parameters. 
Sat Sep 28 00:52:22, Info:  Initialize Memory layout. 
Sat Sep 28 00:52:22, Info:  Initialize cell-local matrices. 
Sat Sep 28 00:52:23, Info:  Initializing Fault, using a quadrature rule with  25  points. 
Sat Sep 28 00:55:29, Info:  Model initialized in: 3 min 9.6189 s (min: 3 min 9.6165 s, max: 3 min 9.6226 s)
Sat Sep 28 00:55:29, Info:  End init model. 
Sat Sep 28 00:55:29, Info:  Setting initial conditions. 
Sat Sep 28 00:55:29, Info:  Using initial condition "Zero" . 
Sat Sep 28 00:55:29, Info:  Reading source. 
Sat Sep 28 00:55:29, Info:  No source term specified. 
Sat Sep 28 00:55:29, Info:  Setting up boundary conditions. 
Sat Sep 28 00:55:29, Info:  Begin init output. 
Sat Sep 28 00:55:29, Info:  Initializing free surface integrator. 
Sat Sep 28 00:55:29, Info:  Initializing free surface integrator. Done. 
Sat Sep 28 00:55:29, Info:  Enabling 2D fault output 
Sat Sep 28 00:55:29, Info:  Initializing Fault output. Number of sub-triangles: 4 
Sat Sep 28 00:55:29, Info:  Initializing XDMF fault output. 
Sat Sep 28 00:55:29, Info:  Fault writer thread affinity: "----------|----------|----------|----------|-------7--|----------|----------|----------|----------|-----5" 
Sat Sep 28 00:55:29, Info:  Initializing XDMF fault output. Done. 
Sat Sep 28 00:55:29, Info:  Wave field writer thread affinity: "----------|----------|----------|----------|-------7--|----------|----------|----------|----------|-----5" 
Sat Sep 28 00:55:29, Info:  Initializing XDMF wave field output. 
Sat Sep 28 00:55:29, Info:  Refinement is turned off. 
Sat Sep 28 00:55:29, Info:  Refinement class initialized 
Sat Sep 28 00:55:29, Info:  VariableSubsampler initialized 
Sat Sep 28 00:55:30, Info:  High order output initialized 
Sat Sep 28 00:55:30, Info:  Initializing XDMF wave field output. Done. 
Sat Sep 28 00:55:30, Info:  Initializing free surface output. 
Sat Sep 28 00:55:30, Info:  Free surface writer thread affinity: "----------|----------|----------|----------|-------7--|----------|----------|----------|----------|-----5" 
Sat Sep 28 00:55:30, Info:  No record points read. 
Sat Sep 28 00:55:30, Info:  Finding meshIds for receivers... 
Sat Sep 28 00:55:30, Info:  Cleaning possible double occurring receivers for MPI... 
Sat Sep 28 00:55:30, Info:  Mapping receivers to LTS cells... 
Sat Sep 28 00:55:30, Info:  Initializing energy output. 
Sat Sep 28 00:55:30, Info:  End init output. 
Sat Sep 28 00:55:30, Info:  Initializing free surface output. Done. 
Sat Sep 28 00:55:30, Info:  Finishing initialization... 
Sat Sep 28 00:55:30, Info:  Starting simulation. 
Sat Sep 28 00:55:30, Info:  Writing faultoutput at time 0.
Sat Sep 28 00:55:30, Info:  Writing faultoutput at time 0. Done.
Sat Sep 28 00:55:30, Info:  Waiting for last wave field. 
Sat Sep 28 00:55:30, Info:  Writing wave field at time 0.
Sat Sep 28 00:55:30, Info:  Writing wave field at time 0. Done.
Sat Sep 28 00:55:30, Info:  Writing free surface at time 0.
Sat Sep 28 00:55:30, Info:  Writing free surface at time 0. Done.
Sat Sep 28 00:55:30, Info:  Writing energy output at time 0 
Sat Sep 28 00:55:30, Info:  Total momentum (X, Y, Z): 0  , 0  , 0 
Sat Sep 28 00:55:30, Info:  Writing energy output at time 0 Done. 
Sat Sep 28 00:55:30, Info:  Time spent for initial IO: 58.6426 ms (min: 46.7391 ms, max: 76.1316 ms)
Sat Sep 28 00:55:56, Info:  Writing faultoutput at time 0.5.
Sat Sep 28 00:55:56, Info:  Writing faultoutput at time 0.5. Done.
Sat Sep 28 00:55:56, Info:  Writing energy output at time 0.5 
Sat Sep 28 00:55:57, Info:  Elastic energy (total, % kinematic, % potential):  1.34089e+12  , 24.8953  , 75.1047 
Sat Sep 28 00:55:57, Info:  Total momentum (X, Y, Z): 0.0100525  , 0.0187972  , 0.00018783 
Sat Sep 28 00:55:57, Info:  Frictional work (total, % static, % radiated):  1.35674e+12  , 72.8795  , 27.1205 
Sat Sep 28 00:55:57, Info:  Seismic moment (without plasticity): 1.65144e+16  Mw: 4.74191 
Sat Sep 28 00:55:57, Info:  Writing energy output at time 0.5 Done. 
Sat Sep 28 00:55:57, Info:  Time spent this phase (total): 26.5678 s (min: 26.5309 s, max: 26.6084 s)
Sat Sep 28 00:55:57, Info:  Time spent this phase (compute): 26.5091 s (min: 26.4773 s, max: 26.5499 s)
Sat Sep 28 00:55:57, Info:  Time spent this phase (IO): 55.1899 ms (min: 39.1210 ms, max: 129.7145 ms)
Sat Sep 28 00:55:57, Info:  Performance since the start: 9.4742 TFLOP/s (rank 0: 604.4809 GFLOP/s , average over ranks: 592.1345 GFLOP/s ) 
Sat Sep 28 00:55:57, Info:  Performance since last sync point: 9.4742 TFLOP/s (rank 0: 604.4809 GFLOP/s , average over ranks: 592.1345 GFLOP/s ) 
Sat Sep 28 00:56:23, Info:  Writing faultoutput at time 1.
Sat Sep 28 00:56:23, Info:  Writing faultoutput at time 1. Done.
Sat Sep 28 00:56:23, Info:  Writing free surface at time 1.
Sat Sep 28 00:56:23, Info:  Writing free surface at time 1. Done.
Sat Sep 28 00:56:23, Info:  Writing energy output at time 1 
Sat Sep 28 00:56:23, Info:  Elastic energy (total, % kinematic, % potential):  1.02002e+13  , 23.9796  , 76.0204 
Sat Sep 28 00:56:23, Info:  Total momentum (X, Y, Z): 0.39571  , 0.387693  , -0.35041 
Sat Sep 28 00:56:23, Info:  Frictional work (total, % static, % radiated):  1.05549e+13  , 72.3299  , 27.6701 
Sat Sep 28 00:56:23, Info:  Seismic moment (without plasticity): 1.22896e+17  Mw: 5.32303 
Sat Sep 28 00:56:23, Info:  Writing energy output at time 1 Done. 
Sat Sep 28 00:56:23, Info:  Time spent this phase (total): 26.5640 s (min: 26.5565 s, max: 26.5832 s)
Sat Sep 28 00:56:23, Info:  Time spent this phase (compute): 26.5639 s (min: 26.5560 s, max: 26.5831 s)
Sat Sep 28 00:56:23, Info:  Time spent this phase (IO): 54.7155 ms (min: 39.1727 ms, max: 116.6998 ms)
Sat Sep 28 00:56:23, Info:  Performance since the start: 9.4749 TFLOP/s (rank 0: 605.0713 GFLOP/s , average over ranks: 592.1796 GFLOP/s ) 
Sat Sep 28 00:56:23, Info:  Performance since last sync point: 9.4756 TFLOP/s (rank 0: 605.6628 GFLOP/s , average over ranks: 592.2250 GFLOP/s ) 
Sat Sep 28 00:56:49, Info:  Writing faultoutput at time 1.5.
Sat Sep 28 00:56:49, Info:  Writing faultoutput at time 1.5. Done.
Sat Sep 28 00:56:49, Info:  Writing energy output at time 1.5 
Sat Sep 28 00:56:49, Info:  Elastic energy (total, % kinematic, % potential):  3.11316e+13  , 22.8008  , 77.1992 
Sat Sep 28 00:56:49, Info:  Total momentum (X, Y, Z): -0.0600827  , -0.412435  , 0.211362 
Sat Sep 28 00:56:49, Info:  Frictional work (total, % static, % radiated):  3.22354e+13  , 73.41  , 26.59 
Sat Sep 28 00:56:49, Info:  Seismic moment (without plasticity): 3.85164e+17  Mw: 5.65376 
Sat Sep 28 00:56:49, Info:  Writing energy output at time 1.5 Done. 
Sat Sep 28 00:56:49, Info:  Time spent this phase (total): 26.4134 s (min: 26.3966 s, max: 26.4400 s)
Sat Sep 28 00:56:49, Info:  Time spent this phase (compute): 26.4133 s (min: 26.3965 s, max: 26.4400 s)
Sat Sep 28 00:56:49, Info:  Time spent this phase (IO): 55.0227 ms (min: 39.0539 ms, max: 127.1918 ms)
Sat Sep 28 00:56:49, Info:  Performance since the start: 9.4931 TFLOP/s (rank 0: 606.3617 GFLOP/s , average over ranks: 593.3160 GFLOP/s ) 
Sat Sep 28 00:56:49, Info:  Performance since last sync point: 9.5296 TFLOP/s (rank 0: 608.9593 GFLOP/s , average over ranks: 595.6023 GFLOP/s ) 
Sat Sep 28 00:57:16, Info:  Writing faultoutput at time 2.
Sat Sep 28 00:57:16, Info:  Writing faultoutput at time 2. Done.
Sat Sep 28 00:57:16, Info:  Writing free surface at time 2.
Sat Sep 28 00:57:16, Info:  Writing free surface at time 2. Done.
Sat Sep 28 00:57:16, Info:  Writing energy output at time 2 
Sat Sep 28 00:57:16, Info:  Elastic energy (total, % kinematic, % potential):  6.47437e+13  , 21.0739  , 78.9261 
Sat Sep 28 00:57:16, Info:  Total momentum (X, Y, Z): -0.445607  , -0.284745  , -0.562491 
Sat Sep 28 00:57:16, Info:  Frictional work (total, % static, % radiated):  6.69555e+13  , 74.7813  , 25.2187 
Sat Sep 28 00:57:16, Info:  Seismic moment (without plasticity): 8.28014e+17  Mw: 5.87536 
Sat Sep 28 00:57:16, Info:  Writing energy output at time 2 Done. 
Sat Sep 28 00:57:16, Info:  Time spent this phase (total): 26.3820 s (min: 26.3683 s, max: 26.4026 s)
Sat Sep 28 00:57:16, Info:  Time spent this phase (compute): 26.3819 s (min: 26.3683 s, max: 26.4025 s)
Sat Sep 28 00:57:16, Info:  Time spent this phase (IO): 58.4217 ms (min: 39.1395 ms, max: 151.0068 ms)
Sat Sep 28 00:57:16, Info:  Performance since the start: 9.5050 TFLOP/s (rank 0: 607.1679 GFLOP/s , average over ranks: 594.0610 GFLOP/s ) 
Sat Sep 28 00:57:16, Info:  Performance since last sync point: 9.5409 TFLOP/s (rank 0: 609.5994 GFLOP/s , average over ranks: 596.3073 GFLOP/s ) 
Sat Sep 28 00:57:42, Info:  Writing faultoutput at time 2.5.
Sat Sep 28 00:57:42, Info:  Writing faultoutput at time 2.5. Done.
Sat Sep 28 00:57:42, Info:  Writing energy output at time 2.5 
Sat Sep 28 00:57:42, Info:  Elastic energy (total, % kinematic, % potential):  1.07945e+14  , 19.1543  , 80.8457 
Sat Sep 28 00:57:42, Info:  Total momentum (X, Y, Z): -9.77813  , -4.87771  , 9.60631 
Sat Sep 28 00:57:42, Info:  Frictional work (total, % static, % radiated):  1.11299e+14  , 76.3591  , 23.6409 
Sat Sep 28 00:57:42, Info:  Seismic moment (without plasticity): 1.43353e+18  Mw: 6.03427 
Sat Sep 28 00:57:42, Info:  Writing energy output at time 2.5 Done. 
Sat Sep 28 00:57:42, Info:  Time spent this phase (total): 26.4022 s (min: 26.3782 s, max: 26.4119 s)
Sat Sep 28 00:57:42, Info:  Time spent this phase (compute): 26.4022 s (min: 26.3781 s, max: 26.4119 s)
Sat Sep 28 00:57:42, Info:  Time spent this phase (IO): 55.5037 ms (min: 38.9922 ms, max: 121.6619 ms)
Sat Sep 28 00:57:42, Info:  Performance since the start: 9.5107 TFLOP/s (rank 0: 607.5312 GFLOP/s , average over ranks: 594.4184 GFLOP/s ) 
Sat Sep 28 00:57:42, Info:  Performance since last sync point: 9.5336 TFLOP/s (rank 0: 608.9885 GFLOP/s , average over ranks: 595.8521 GFLOP/s ) 
Sat Sep 28 00:58:09, Info:  Writing faultoutput at time 3.
Sat Sep 28 00:58:09, Info:  Writing faultoutput at time 3. Done.
Sat Sep 28 00:58:09, Info:  Writing free surface at time 3.
Sat Sep 28 00:58:09, Info:  Writing free surface at time 3. Done.
Sat Sep 28 00:58:09, Info:  Writing energy output at time 3 
Sat Sep 28 00:58:09, Info:  Elastic energy (total, % kinematic, % potential):  1.59258e+14  , 18.2374  , 81.7626 
Sat Sep 28 00:58:09, Info:  Total momentum (X, Y, Z): -25.0688  , -13.5851  , 29.51 
Sat Sep 28 00:58:09, Info:  Frictional work (total, % static, % radiated):  1.63878e+14  , 77.4401  , 22.5599 
Sat Sep 28 00:58:09, Info:  Seismic moment (without plasticity): 2.20286e+18  Mw: 6.15866 
Sat Sep 28 00:58:09, Info:  Writing energy output at time 3 Done. 
Sat Sep 28 00:58:09, Info:  Time spent this phase (total): 26.4181 s (min: 26.4017 s, max: 26.4493 s)
Sat Sep 28 00:58:09, Info:  Time spent this phase (compute): 26.4180 s (min: 26.4017 s, max: 26.4492 s)
Sat Sep 28 00:58:09, Info:  Time spent this phase (IO): 54.6212 ms (min: 39.2345 ms, max: 109.7140 ms)
Sat Sep 28 00:58:09, Info:  Performance since the start: 9.5136 TFLOP/s (rank 0: 607.8085 GFLOP/s , average over ranks: 594.5979 GFLOP/s ) 
Sat Sep 28 00:58:09, Info:  Performance since last sync point: 9.5280 TFLOP/s (rank 0: 609.1989 GFLOP/s , average over ranks: 595.4976 GFLOP/s ) 
Sat Sep 28 00:58:35, Info:  Writing faultoutput at time 3.5.
Sat Sep 28 00:58:35, Info:  Writing faultoutput at time 3.5. Done.
Sat Sep 28 00:58:35, Info:  Writing energy output at time 3.5 
Sat Sep 28 00:58:35, Info:  Elastic energy (total, % kinematic, % potential):  2.19412e+14  , 17.9522  , 82.0478 
Sat Sep 28 00:58:35, Info:  Total momentum (X, Y, Z): -45.0157  , -24.0284  , 53.6689 
Sat Sep 28 00:58:35, Info:  Frictional work (total, % static, % radiated):  2.25706e+14  , 77.6396  , 22.3604 
Sat Sep 28 00:58:35, Info:  Seismic moment (without plasticity): 3.14828e+18  Mw: 6.26205 
Sat Sep 28 00:58:35, Info:  Writing energy output at time 3.5 Done. 
Sat Sep 28 00:58:35, Info:  Time spent this phase (total): 26.4373 s (min: 26.4083 s, max: 26.4741 s)
Sat Sep 28 00:58:35, Info:  Time spent this phase (compute): 26.4372 s (min: 26.4082 s, max: 26.4741 s)
Sat Sep 28 00:58:35, Info:  Time spent this phase (IO): 58.3025 ms (min: 39.0055 ms, max: 139.3910 ms)
Sat Sep 28 00:58:35, Info:  Performance since the start: 9.5146 TFLOP/s (rank 0: 607.8725 GFLOP/s , average over ranks: 594.6641 GFLOP/s ) 
Sat Sep 28 00:58:35, Info:  Performance since last sync point: 9.5210 TFLOP/s (rank 0: 608.2566 GFLOP/s , average over ranks: 595.0615 GFLOP/s ) 
Sat Sep 28 00:59:01, Info:  Writing faultoutput at time 4.
Sat Sep 28 00:59:01, Info:  Writing faultoutput at time 4. Done.
Sat Sep 28 00:59:01, Info:  Writing free surface at time 4.
Sat Sep 28 00:59:01, Info:  Writing free surface at time 4. Done.
Sat Sep 28 00:59:01, Info:  Writing energy output at time 4 
Sat Sep 28 00:59:02, Info:  Elastic energy (total, % kinematic, % potential):  2.87736e+14  , 17.9884  , 82.0116 
Sat Sep 28 00:59:02, Info:  Total momentum (X, Y, Z): -74.6389  , -36.4371  , 91.6028 
Sat Sep 28 00:59:02, Info:  Frictional work (total, % static, % radiated):  2.96168e+14  , 77.2908  , 22.7092 
Sat Sep 28 00:59:02, Info:  Seismic moment (without plasticity): 4.2696e+18  Mw: 6.35026 
Sat Sep 28 00:59:02, Info:  Writing energy output at time 4 Done. 
Sat Sep 28 00:59:02, Info:  Time spent this phase (total): 26.4801 s (min: 26.4442 s, max: 26.5122 s)
Sat Sep 28 00:59:02, Info:  Time spent this phase (compute): 26.4800 s (min: 26.4441 s, max: 26.5122 s)
Sat Sep 28 00:59:02, Info:  Time spent this phase (IO): 53.6423 ms (min: 39.1536 ms, max: 99.2305 ms)
Sat Sep 28 00:59:02, Info:  Performance since the start: 9.5135 TFLOP/s (rank 0: 607.8285 GFLOP/s , average over ranks: 594.5936 GFLOP/s ) 
Sat Sep 28 00:59:02, Info:  Performance since last sync point: 9.5056 TFLOP/s (rank 0: 607.5211 GFLOP/s , average over ranks: 594.1015 GFLOP/s ) 
Sat Sep 28 00:59:28, Info:  Writing faultoutput at time 4.5.
Sat Sep 28 00:59:28, Info:  Writing faultoutput at time 4.5. Done.
Sat Sep 28 00:59:28, Info:  Writing energy output at time 4.5 
Sat Sep 28 00:59:28, Info:  Elastic energy (total, % kinematic, % potential):  3.64726e+14  , 18.0483  , 81.9517 
Sat Sep 28 00:59:28, Info:  Total momentum (X, Y, Z): -62.7703  , 1.38794  , 108.371 
Sat Sep 28 00:59:28, Info:  Frictional work (total, % static, % radiated):  3.75932e+14  , 76.6854  , 23.3146 
Sat Sep 28 00:59:28, Info:  Seismic moment (without plasticity): 5.57339e+18  Mw: 6.42741 
Sat Sep 28 00:59:28, Info:  Writing energy output at time 4.5 Done. 
Sat Sep 28 00:59:28, Info:  Time spent this phase (total): 26.3956 s (min: 26.3648 s, max: 26.4073 s)
Sat Sep 28 00:59:28, Info:  Time spent this phase (compute): 26.3955 s (min: 26.3647 s, max: 26.4072 s)
Sat Sep 28 00:59:28, Info:  Time spent this phase (IO): 57.0668 ms (min: 38.9900 ms, max: 143.3826 ms)
Sat Sep 28 00:59:28, Info:  Performance since the start: 9.5160 TFLOP/s (rank 0: 607.9700 GFLOP/s , average over ranks: 594.7497 GFLOP/s ) 
Sat Sep 28 00:59:28, Info:  Performance since last sync point: 9.5360 TFLOP/s (rank 0: 609.1045 GFLOP/s , average over ranks: 596.0010 GFLOP/s ) 
Sat Sep 28 00:59:54, Info:  Writing faultoutput at time 5.
Sat Sep 28 00:59:54, Info:  Writing faultoutput at time 5. Done.
Sat Sep 28 00:59:54, Info:  Writing free surface at time 5.
Sat Sep 28 00:59:54, Info:  Writing free surface at time 5. Done.
Sat Sep 28 00:59:54, Info:  Writing energy output at time 5 
Sat Sep 28 00:59:54, Info:  Elastic energy (total, % kinematic, % potential):  4.49709e+14  , 18.1978  , 81.8022 
Sat Sep 28 00:59:54, Info:  Total momentum (X, Y, Z): -53.4192  , 103.184  , -119.736 
Sat Sep 28 00:59:54, Info:  Frictional work (total, % static, % radiated):  4.63951e+14  , 76.182  , 23.818 
Sat Sep 28 00:59:54, Info:  Seismic moment (without plasticity): 7.08956e+18  Mw: 6.49708 
Sat Sep 28 00:59:54, Info:  Writing energy output at time 5 Done. 
Sat Sep 28 00:59:54, Info:  Time spent this phase (total): 26.4478 s (min: 26.4398 s, max: 26.4599 s)
Sat Sep 28 00:59:54, Info:  Time spent this phase (compute): 26.4477 s (min: 26.4397 s, max: 26.4593 s)
Sat Sep 28 00:59:54, Info:  Time spent this phase (IO): 59.0243 ms (min: 39.1483 ms, max: 158.2703 ms)
Sat Sep 28 00:59:54, Info:  Performance since the start: 9.5161 TFLOP/s (rank 0: 607.9604 GFLOP/s , average over ranks: 594.7572 GFLOP/s ) 
Sat Sep 28 00:59:54, Info:  Performance since last sync point: 9.5172 TFLOP/s (rank 0: 607.8736 GFLOP/s , average over ranks: 594.8249 GFLOP/s ) 
Sat Sep 28 01:00:21, Info:  Writing faultoutput at time 5.5.
Sat Sep 28 01:00:21, Info:  Writing faultoutput at time 5.5. Done.
Sat Sep 28 01:00:21, Info:  Writing energy output at time 5.5 
Sat Sep 28 01:00:21, Info:  Elastic energy (total, % kinematic, % potential):  5.44227e+14  , 18.2858  , 81.7142 
Sat Sep 28 01:00:21, Info:  Total momentum (X, Y, Z): 161.369  , -13.1362  , 665.559 
Sat Sep 28 01:00:21, Info:  Frictional work (total, % static, % radiated):  5.61885e+14  , 75.7704  , 24.2296 
Sat Sep 28 01:00:21, Info:  Seismic moment (without plasticity): 8.86273e+18  Mw: 6.56171 
Sat Sep 28 01:00:21, Info:  Writing energy output at time 5.5 Done. 
Sat Sep 28 01:00:21, Info:  Time spent this phase (total): 26.4621 s (min: 26.4443 s, max: 26.4725 s)
Sat Sep 28 01:00:21, Info:  Time spent this phase (compute): 26.4620 s (min: 26.4438 s, max: 26.4725 s)
Sat Sep 28 01:00:21, Info:  Time spent this phase (IO): 56.1045 ms (min: 39.0541 ms, max: 133.5210 ms)
Sat Sep 28 01:00:21, Info:  Performance since the start: 9.5158 TFLOP/s (rank 0: 607.9849 GFLOP/s , average over ranks: 594.7344 GFLOP/s ) 
Sat Sep 28 01:00:21, Info:  Performance since last sync point: 9.5121 TFLOP/s (rank 0: 608.2307 GFLOP/s , average over ranks: 594.5072 GFLOP/s ) 
Sat Sep 28 01:00:47, Info:  Writing faultoutput at time 6.
Sat Sep 28 01:00:47, Info:  Writing faultoutput at time 6. Done.
Sat Sep 28 01:00:47, Info:  Writing free surface at time 6.
Sat Sep 28 01:00:47, Info:  Writing free surface at time 6. Done.
Sat Sep 28 01:00:47, Info:  Writing energy output at time 6 
Sat Sep 28 01:00:47, Info:  Elastic energy (total, % kinematic, % potential):  6.47168e+14  , 18.244  , 81.756 
Sat Sep 28 01:00:47, Info:  Total momentum (X, Y, Z): -510.156  , 734.133  , -158.699 
Sat Sep 28 01:00:47, Info:  Frictional work (total, % static, % radiated):  6.68757e+14  , 75.3577  , 24.6423 
Sat Sep 28 01:00:47, Info:  Seismic moment (without plasticity): 1.08832e+19  Mw: 6.62117 
Sat Sep 28 01:00:47, Info:  Writing energy output at time 6 Done. 
Sat Sep 28 01:00:47, Info:  Time spent this phase (total): 26.5544 s (min: 26.5391 s, max: 26.5699 s)
Sat Sep 28 01:00:47, Info:  Time spent this phase (compute): 26.5543 s (min: 26.5391 s, max: 26.5698 s)
Sat Sep 28 01:00:47, Info:  Time spent this phase (IO): 53.9881 ms (min: 39.1107 ms, max: 105.0353 ms)
Sat Sep 28 01:00:47, Info:  Performance since the start: 9.5127 TFLOP/s (rank 0: 607.8149 GFLOP/s , average over ranks: 594.5426 GFLOP/s ) 
Sat Sep 28 01:00:47, Info:  Performance since last sync point: 9.4790 TFLOP/s (rank 0: 605.9510 GFLOP/s , average over ranks: 592.4402 GFLOP/s ) 
Sat Sep 28 01:01:14, Info:  Writing faultoutput at time 6.5.
Sat Sep 28 01:01:14, Info:  Writing faultoutput at time 6.5. Done.
Sat Sep 28 01:01:14, Info:  Writing energy output at time 6.5 
Sat Sep 28 01:01:14, Info:  Elastic energy (total, % kinematic, % potential):  7.59853e+14  , 18.3367  , 81.6633 
Sat Sep 28 01:01:14, Info:  Total momentum (X, Y, Z): 2242.92  , -1148.31  , -6567.96 
Sat Sep 28 01:01:14, Info:  Frictional work (total, % static, % radiated):  7.8568e+14  , 75.0546  , 24.9454 
Sat Sep 28 01:01:14, Info:  Seismic moment (without plasticity): 1.31889e+19  Mw: 6.67681 
Sat Sep 28 01:01:14, Info:  Writing energy output at time 6.5 Done. 
Sat Sep 28 01:01:14, Info:  Time spent this phase (total): 26.5762 s (min: 26.5515 s, max: 26.5995 s)
Sat Sep 28 01:01:14, Info:  Time spent this phase (compute): 26.5761 s (min: 26.5514 s, max: 26.5994 s)
Sat Sep 28 01:01:14, Info:  Time spent this phase (IO): 57.1765 ms (min: 39.0027 ms, max: 143.1156 ms)
Sat Sep 28 01:01:14, Info:  Performance since the start: 9.5095 TFLOP/s (rank 0: 607.5799 GFLOP/s , average over ranks: 594.3422 GFLOP/s ) 
Sat Sep 28 01:01:14, Info:  Performance since last sync point: 9.4712 TFLOP/s (rank 0: 604.7739 GFLOP/s , average over ranks: 591.9488 GFLOP/s ) 
Sat Sep 28 01:01:40, Info:  Writing faultoutput at time 7.
Sat Sep 28 01:01:40, Info:  Writing faultoutput at time 7. Done.
Sat Sep 28 01:01:40, Info:  Writing free surface at time 7.
Sat Sep 28 01:01:40, Info:  Writing free surface at time 7. Done.
Sat Sep 28 01:01:40, Info:  Writing energy output at time 7 
Sat Sep 28 01:01:40, Info:  Elastic energy (total, % kinematic, % potential):  8.87427e+14  , 18.5781  , 81.4219 
Sat Sep 28 01:01:40, Info:  Total momentum (X, Y, Z): -7220.91  , 5049.65  , 31238.8 
Sat Sep 28 01:01:40, Info:  Frictional work (total, % static, % radiated):  9.18223e+14  , 74.7788  , 25.2212 
Sat Sep 28 01:01:40, Info:  Seismic moment (without plasticity): 1.5857e+19  Mw: 6.73015 
Sat Sep 28 01:01:40, Info:  Writing energy output at time 7 Done. 
Sat Sep 28 01:01:40, Info:  Time spent this phase (total): 26.3839 s (min: 26.3764 s, max: 26.3948 s)
Sat Sep 28 01:01:40, Info:  Time spent this phase (compute): 26.3838 s (min: 26.3764 s, max: 26.3947 s)
Sat Sep 28 01:01:40, Info:  Time spent this phase (IO): 58.4249 ms (min: 39.0867 ms, max: 140.2130 ms)
Sat Sep 28 01:01:40, Info:  Performance since the start: 9.5117 TFLOP/s (rank 0: 607.7311 GFLOP/s , average over ranks: 594.4793 GFLOP/s ) 
Sat Sep 28 01:01:40, Info:  Performance since last sync point: 9.5403 TFLOP/s (rank 0: 609.7039 GFLOP/s , average over ranks: 596.2665 GFLOP/s ) 
Sat Sep 28 01:02:07, Info:  Writing faultoutput at time 7.5.
Sat Sep 28 01:02:07, Info:  Writing faultoutput at time 7.5. Done.
Sat Sep 28 01:02:07, Info:  Writing energy output at time 7.5 
Sat Sep 28 01:02:07, Info:  Elastic energy (total, % kinematic, % potential):  1.02529e+15  , 18.3935  , 81.6065 
Sat Sep 28 01:02:07, Info:  Total momentum (X, Y, Z): 22719.5  , -16233.6  , -69428 
Sat Sep 28 01:02:07, Info:  Frictional work (total, % static, % radiated):  1.06126e+15  , 74.2202  , 25.7798 
Sat Sep 28 01:02:07, Info:  Seismic moment (without plasticity): 1.8704e+19  Mw: 6.77796 
Sat Sep 28 01:02:07, Info:  Writing energy output at time 7.5 Done. 
Sat Sep 28 01:02:07, Info:  Time spent this phase (total): 26.3626 s (min: 26.3484 s, max: 26.3715 s)
Sat Sep 28 01:02:07, Info:  Time spent this phase (compute): 26.3613 s (min: 26.3381 s, max: 26.3715 s)
Sat Sep 28 01:02:07, Info:  Time spent this phase (IO): 58.9449 ms (min: 38.9955 ms, max: 158.2196 ms)
Sat Sep 28 01:02:07, Info:  Performance since the start: 9.5141 TFLOP/s (rank 0: 607.8826 GFLOP/s , average over ranks: 594.6299 GFLOP/s ) 
Sat Sep 28 01:02:07, Info:  Performance since last sync point: 9.5480 TFLOP/s (rank 0: 610.0113 GFLOP/s , average over ranks: 596.7472 GFLOP/s ) 
Sat Sep 28 01:02:33, Info:  Writing faultoutput at time 8.
Sat Sep 28 01:02:33, Info:  Writing faultoutput at time 8. Done.
Sat Sep 28 01:02:33, Info:  Writing free surface at time 8.
Sat Sep 28 01:02:33, Info:  Writing free surface at time 8. Done.
Sat Sep 28 01:02:33, Info:  Writing energy output at time 8 
Sat Sep 28 01:02:33, Info:  Elastic energy (total, % kinematic, % potential):  1.17135e+15  , 18.1137  , 81.8863 
Sat Sep 28 01:02:33, Info:  Total momentum (X, Y, Z): -56350.2  , 50715.3  , -18455.1 
Sat Sep 28 01:02:33, Info:  Frictional work (total, % static, % radiated):  1.21257e+15  , 73.395  , 26.605 
Sat Sep 28 01:02:33, Info:  Seismic moment (without plasticity): 2.14923e+19  Mw: 6.81819 
Sat Sep 28 01:02:33, Info:  Writing energy output at time 8 Done. 
Sat Sep 28 01:02:33, Info:  Time spent this phase (total): 26.5192 s (min: 26.5180 s, max: 26.5245 s)
Sat Sep 28 01:02:33, Info:  Time spent this phase (compute): 26.5191 s (min: 26.5179 s, max: 26.5245 s)
Sat Sep 28 01:02:33, Info:  Time spent this phase (IO): 59.0437 ms (min: 39.7157 ms, max: 151.8875 ms)
Sat Sep 28 01:02:33, Info:  Performance since the start: 9.5127 TFLOP/s (rank 0: 607.7981 GFLOP/s , average over ranks: 594.5419 GFLOP/s ) 
Sat Sep 28 01:02:33, Info:  Performance since last sync point: 9.4916 TFLOP/s (rank 0: 606.5332 GFLOP/s , average over ranks: 593.2248 GFLOP/s ) 
Sat Sep 28 01:03:00, Info:  Writing faultoutput at time 8.5.
Sat Sep 28 01:03:00, Info:  Writing faultoutput at time 8.5. Done.
Sat Sep 28 01:03:00, Info:  Writing energy output at time 8.5 
Sat Sep 28 01:03:00, Info:  Elastic energy (total, % kinematic, % potential):  1.3183e+15  , 17.906  , 82.094 
Sat Sep 28 01:03:00, Info:  Total momentum (X, Y, Z): 109959  , -107848  , 793699 
Sat Sep 28 01:03:00, Info:  Frictional work (total, % static, % radiated):  1.36477e+15  , 72.7041  , 27.2959 
Sat Sep 28 01:03:00, Info:  Seismic moment (without plasticity): 2.42536e+19  Mw: 6.85318 
Sat Sep 28 01:03:00, Info:  Writing energy output at time 8.5 Done. 
Sat Sep 28 01:03:00, Info:  Time spent this phase (total): 26.3616 s (min: 26.3581 s, max: 26.3633 s)
Sat Sep 28 01:03:00, Info:  Time spent this phase (compute): 26.3615 s (min: 26.3580 s, max: 26.3633 s)
Sat Sep 28 01:03:00, Info:  Time spent this phase (IO): 58.3205 ms (min: 39.0364 ms, max: 152.7795 ms)
Sat Sep 28 01:03:00, Info:  Performance since the start: 9.5148 TFLOP/s (rank 0: 607.9341 GFLOP/s , average over ranks: 594.6726 GFLOP/s ) 
Sat Sep 28 01:03:00, Info:  Performance since last sync point: 9.5483 TFLOP/s (rank 0: 610.1187 GFLOP/s , average over ranks: 596.7711 GFLOP/s ) 
Sat Sep 28 01:03:26, Info:  Writing faultoutput at time 9.
Sat Sep 28 01:03:26, Info:  Writing faultoutput at time 9. Done.
Sat Sep 28 01:03:26, Info:  Writing free surface at time 9.
Sat Sep 28 01:03:26, Info:  Writing free surface at time 9. Done.
Sat Sep 28 01:03:26, Info:  Writing energy output at time 9 
Sat Sep 28 01:03:26, Info:  Elastic energy (total, % kinematic, % potential):  1.45948e+15  , 17.638  , 82.362 
Sat Sep 28 01:03:26, Info:  Total momentum (X, Y, Z): -139480  , 150044  , -3.67921e+06 
Sat Sep 28 01:03:26, Info:  Frictional work (total, % static, % radiated):  1.51089e+15  , 72.1991  , 27.8009 
Sat Sep 28 01:03:26, Info:  Seismic moment (without plasticity): 2.69823e+19  Mw: 6.88405 
Sat Sep 28 01:03:26, Info:  Writing energy output at time 9 Done. 
Sat Sep 28 01:03:26, Info:  Time spent this phase (total): 26.4789 s (min: 26.4649 s, max: 26.4967 s)
Sat Sep 28 01:03:26, Info:  Time spent this phase (compute): 26.4788 s (min: 26.4648 s, max: 26.4967 s)
Sat Sep 28 01:03:26, Info:  Time spent this phase (IO): 55.4733 ms (min: 39.1504 ms, max: 123.3667 ms)
Sat Sep 28 01:03:26, Info:  Performance since the start: 9.5143 TFLOP/s (rank 0: 607.9233 GFLOP/s , average over ranks: 594.6424 GFLOP/s ) 
Sat Sep 28 01:03:26, Info:  Performance since last sync point: 9.5061 TFLOP/s (rank 0: 607.7392 GFLOP/s , average over ranks: 594.1306 GFLOP/s ) 
Sat Sep 28 01:03:52, Info:  Writing faultoutput at time 9.5.
Sat Sep 28 01:03:52, Info:  Writing faultoutput at time 9.5. Done.
Sat Sep 28 01:03:52, Info:  Writing energy output at time 9.5 
Sat Sep 28 01:03:53, Info:  Elastic energy (total, % kinematic, % potential):  1.59192e+15  , 17.2578  , 82.7422 
Sat Sep 28 01:03:53, Info:  Total momentum (X, Y, Z): -6745.69  , -144077  , 1.07024e+07 
Sat Sep 28 01:03:53, Info:  Frictional work (total, % static, % radiated):  1.64808e+15  , 71.7601  , 28.2399 
Sat Sep 28 01:03:53, Info:  Seismic moment (without plasticity): 2.96631e+19  Mw: 6.91148 
Sat Sep 28 01:03:53, Info:  Writing energy output at time 9.5 Done. 
Sat Sep 28 01:03:53, Info:  Time spent this phase (total): 26.4660 s (min: 26.4309 s, max: 26.4909 s)
Sat Sep 28 01:03:53, Info:  Time spent this phase (compute): 26.4659 s (min: 26.4308 s, max: 26.4908 s)
Sat Sep 28 01:03:53, Info:  Time spent this phase (IO): 55.7703 ms (min: 40.8686 ms, max: 106.2826 ms)
Sat Sep 28 01:03:53, Info:  Performance since the start: 9.5141 TFLOP/s (rank 0: 607.9244 GFLOP/s , average over ranks: 594.6308 GFLOP/s ) 
Sat Sep 28 01:03:53, Info:  Performance since last sync point: 9.5107 TFLOP/s (rank 0: 607.9448 GFLOP/s , average over ranks: 594.4210 GFLOP/s ) 
Sat Sep 28 01:04:19, Info:  Writing faultoutput at time 10.
Sat Sep 28 01:04:19, Info:  Writing faultoutput at time 10. Done.
Sat Sep 28 01:04:19, Info:  Waiting for last wave field. 
Sat Sep 28 01:04:19, Info:  Writing wave field at time 10.
Sat Sep 28 01:04:19, Info:  Writing wave field at time 10. Done.
Sat Sep 28 01:04:19, Info:  Writing free surface at time 10.
Sat Sep 28 01:04:19, Info:  Writing free surface at time 10. Done.
Sat Sep 28 01:04:19, Info:  Wrote receivers in 4.27e-07 seconds. 
Sat Sep 28 01:04:19, Info:  Writing energy output at time 10 
Sat Sep 28 01:04:19, Info:  Elastic energy (total, % kinematic, % potential):  1.71579e+15  , 16.7566  , 83.2434 
Sat Sep 28 01:04:19, Info:  Total momentum (X, Y, Z): 834633  , 277914  , -1.89006e+07 
Sat Sep 28 01:04:19, Info:  Frictional work (total, % static, % radiated):  1.77658e+15  , 71.3905  , 28.6095 
Sat Sep 28 01:04:19, Info:  Seismic moment (without plasticity): 3.22823e+19  Mw: 6.93598 
Sat Sep 28 01:04:19, Info:  Writing energy output at time 10 Done. 
Sat Sep 28 01:04:19, Info:  Time spent this phase (total): 26.4365 s (min: 26.4242 s, max: 26.4596 s)
Sat Sep 28 01:04:19, Info:  Time spent this phase (compute): 26.4364 s (min: 26.4242 s, max: 26.4595 s)
Sat Sep 28 01:04:19, Info:  Time spent this phase (IO): 62.1857 ms (min: 44.7617 ms, max: 118.6586 ms)
Sat Sep 28 01:04:19, Info:  Performance since the start: 9.5145 TFLOP/s (rank 0: 607.9347 GFLOP/s , average over ranks: 594.6533 GFLOP/s ) 
Sat Sep 28 01:04:19, Info:  Performance since last sync point: 9.5213 TFLOP/s (rank 0: 608.1301 GFLOP/s , average over ranks: 595.0814 GFLOP/s ) 
Sat Sep 28 01:04:45, Info:  Writing faultoutput at time 10.5.
Sat Sep 28 01:04:45, Info:  Writing faultoutput at time 10.5. Done.
Sat Sep 28 01:04:45, Info:  Writing energy output at time 10.5 
Sat Sep 28 01:04:45, Info:  Elastic energy (total, % kinematic, % potential):  1.83234e+15  , 16.2183  , 83.7817 
Sat Sep 28 01:04:45, Info:  Total momentum (X, Y, Z): -3.27272e+06  , -178943  , -6.18897e+06 
Sat Sep 28 01:04:45, Info:  Frictional work (total, % static, % radiated):  1.89782e+15  , 71.0936  , 28.9064 
Sat Sep 28 01:04:45, Info:  Seismic moment (without plasticity): 3.4856e+19  Mw: 6.95818 
Sat Sep 28 01:04:45, Info:  Writing energy output at time 10.5 Done. 
Sat Sep 28 01:04:45, Info:  Time spent this phase (total): 26.3302 s (min: 26.2962 s, max: 26.3831 s)
Sat Sep 28 01:04:45, Info:  Time spent this phase (compute): 26.3301 s (min: 26.2961 s, max: 26.3831 s)
Sat Sep 28 01:04:45, Info:  Time spent this phase (IO): 58.5732 ms (min: 38.9920 ms, max: 152.8687 ms)
Sat Sep 28 01:04:45, Info:  Performance since the start: 9.5166 TFLOP/s (rank 0: 608.0636 GFLOP/s , average over ranks: 594.7871 GFLOP/s ) 
Sat Sep 28 01:04:45, Info:  Performance since last sync point: 9.5596 TFLOP/s (rank 0: 610.6538 GFLOP/s , average over ranks: 597.4774 GFLOP/s ) 
Sat Sep 28 01:05:12, Info:  Writing faultoutput at time 11.
Sat Sep 28 01:05:12, Info:  Writing faultoutput at time 11. Done.
Sat Sep 28 01:05:12, Info:  Writing free surface at time 11.
Sat Sep 28 01:05:12, Info:  Writing free surface at time 11. Done.
Sat Sep 28 01:05:12, Info:  Writing energy output at time 11 
Sat Sep 28 01:05:12, Info:  Elastic energy (total, % kinematic, % potential):  1.94092e+15  , 15.7245  , 84.2755 
Sat Sep 28 01:05:12, Info:  Total momentum (X, Y, Z): 6.68283e+06  , -4.23417e+06  , 1.67538e+08 
Sat Sep 28 01:05:12, Info:  Frictional work (total, % static, % radiated):  2.01093e+15  , 70.9026  , 29.0974 
Sat Sep 28 01:05:12, Info:  Seismic moment (without plasticity): 3.73909e+19  Mw: 6.97851 
Sat Sep 28 01:05:12, Info:  Writing energy output at time 11 Done. 
Sat Sep 28 01:05:12, Info:  Time spent this phase (total): 26.3743 s (min: 26.3713 s, max: 26.3839 s)
Sat Sep 28 01:05:12, Info:  Time spent this phase (compute): 26.3742 s (min: 26.3713 s, max: 26.3839 s)
Sat Sep 28 01:05:12, Info:  Time spent this phase (IO): 59.7627 ms (min: 39.1610 ms, max: 154.0320 ms)
Sat Sep 28 01:05:12, Info:  Performance since the start: 9.5178 TFLOP/s (rank 0: 608.1465 GFLOP/s , average over ranks: 594.8640 GFLOP/s ) 
Sat Sep 28 01:05:12, Info:  Performance since last sync point: 9.5437 TFLOP/s (rank 0: 609.8913 GFLOP/s , average over ranks: 596.4842 GFLOP/s ) 
Sat Sep 28 01:05:38, Info:  Writing faultoutput at time 11.5.
Sat Sep 28 01:05:38, Info:  Writing faultoutput at time 11.5. Done.
Sat Sep 28 01:05:38, Info:  Writing energy output at time 11.5 
Sat Sep 28 01:05:38, Info:  Elastic energy (total, % kinematic, % potential):  2.04266e+15  , 15.3187  , 84.6813 
Sat Sep 28 01:05:38, Info:  Total momentum (X, Y, Z): -2.54054e+06  , 1.91973e+07  , -4.63065e+08 
Sat Sep 28 01:05:38, Info:  Frictional work (total, % static, % radiated):  2.11726e+15  , 70.8242  , 29.1758 
Sat Sep 28 01:05:38, Info:  Seismic moment (without plasticity): 3.99471e+19  Mw: 6.99766 
Sat Sep 28 01:05:38, Info:  Writing energy output at time 11.5 Done. 
Sat Sep 28 01:05:38, Info:  Time spent this phase (total): 26.4745 s (min: 26.3958 s, max: 26.5266 s)
Sat Sep 28 01:05:38, Info:  Time spent this phase (compute): 26.4744 s (min: 26.3957 s, max: 26.5265 s)
Sat Sep 28 01:05:38, Info:  Time spent this phase (IO): 52.3935 ms (min: 39.0132 ms, max: 82.7300 ms)
Sat Sep 28 01:05:38, Info:  Performance since the start: 9.5174 TFLOP/s (rank 0: 608.1424 GFLOP/s , average over ranks: 594.8367 GFLOP/s ) 
Sat Sep 28 01:05:38, Info:  Performance since last sync point: 9.5078 TFLOP/s (rank 0: 608.0532 GFLOP/s , average over ranks: 594.2371 GFLOP/s ) 
Sat Sep 28 01:06:05, Info:  Writing faultoutput at time 12.
Sat Sep 28 01:06:05, Info:  Writing faultoutput at time 12. Done.
Sat Sep 28 01:06:05, Info:  Writing free surface at time 12.
Sat Sep 28 01:06:05, Info:  Writing free surface at time 12. Done.
Sat Sep 28 01:06:05, Info:  Writing energy output at time 12 
Sat Sep 28 01:06:05, Info:  Elastic energy (total, % kinematic, % potential):  2.1425e+15  , 14.9322  , 85.0678 
Sat Sep 28 01:06:05, Info:  Total momentum (X, Y, Z): -2.28524e+07  , -3.15147e+07  , 1.37488e+08 
Sat Sep 28 01:06:05, Info:  Frictional work (total, % static, % radiated):  2.22198e+15  , 70.7578  , 29.2422 
Sat Sep 28 01:06:05, Info:  Seismic moment (without plasticity): 4.25354e+19  Mw: 7.01583 
Sat Sep 28 01:06:05, Info:  Writing energy output at time 12 Done. 
Sat Sep 28 01:06:05, Info:  Time spent this phase (total): 26.4923 s (min: 26.4503 s, max: 26.5696 s)
Sat Sep 28 01:06:05, Info:  Time spent this phase (compute): 26.4923 s (min: 26.4502 s, max: 26.5695 s)
Sat Sep 28 01:06:05, Info:  Time spent this phase (IO): 63.0391 ms (min: 39.1316 ms, max: 137.8727 ms)
Sat Sep 28 01:06:05, Info:  Performance since the start: 9.5167 TFLOP/s (rank 0: 608.0900 GFLOP/s , average over ranks: 594.7944 GFLOP/s ) 
Sat Sep 28 01:06:05, Info:  Performance since last sync point: 9.5012 TFLOP/s (rank 0: 606.8878 GFLOP/s , average over ranks: 593.8233 GFLOP/s ) 
Sat Sep 28 01:06:31, Info:  Writing faultoutput at time 12.5.
Sat Sep 28 01:06:31, Info:  Writing faultoutput at time 12.5. Done.
Sat Sep 28 01:06:31, Info:  Writing energy output at time 12.5 
Sat Sep 28 01:06:31, Info:  Elastic energy (total, % kinematic, % potential):  2.24422e+15  , 14.5726  , 85.4274 
Sat Sep 28 01:06:31, Info:  Total momentum (X, Y, Z): 5.43362e+07  , -1.37237e+07  , 2.18769e+09 
Sat Sep 28 01:06:31, Info:  Frictional work (total, % static, % radiated):  2.32914e+15  , 70.6576  , 29.3424 
Sat Sep 28 01:06:31, Info:  Seismic moment (without plasticity): 4.51281e+19  Mw: 7.03296 
Sat Sep 28 01:06:31, Info:  Writing energy output at time 12.5 Done. 
Sat Sep 28 01:06:31, Info:  Time spent this phase (total): 26.4664 s (min: 26.4280 s, max: 26.5323 s)
Sat Sep 28 01:06:31, Info:  Time spent this phase (compute): 26.4662 s (min: 26.4280 s, max: 26.5323 s)
Sat Sep 28 01:06:31, Info:  Time spent this phase (IO): 55.4185 ms (min: 38.9921 ms, max: 123.5689 ms)
Sat Sep 28 01:06:31, Info:  Performance since the start: 9.5165 TFLOP/s (rank 0: 608.0742 GFLOP/s , average over ranks: 594.7788 GFLOP/s ) 
Sat Sep 28 01:06:31, Info:  Performance since last sync point: 9.5105 TFLOP/s (rank 0: 607.6957 GFLOP/s , average over ranks: 594.4053 GFLOP/s ) 
Sat Sep 28 01:06:58, Info:  Writing faultoutput at time 13.
Sat Sep 28 01:06:58, Info:  Writing faultoutput at time 13. Done.
Sat Sep 28 01:06:58, Info:  Writing free surface at time 13.
Sat Sep 28 01:06:58, Info:  Writing free surface at time 13. Done.
Sat Sep 28 01:06:58, Info:  Writing energy output at time 13 
Sat Sep 28 01:06:58, Info:  Elastic energy (total, % kinematic, % potential):  2.34697e+15  , 14.2378  , 85.7622 
Sat Sep 28 01:06:58, Info:  Total momentum (X, Y, Z): -1.80496e+07  , 1.4754e+08  , -3.73468e+09 
Sat Sep 28 01:06:58, Info:  Frictional work (total, % static, % radiated):  2.43704e+15  , 70.5748  , 29.4252 
Sat Sep 28 01:06:58, Info:  Seismic moment (without plasticity): 4.76993e+19  Mw: 7.04901 
Sat Sep 28 01:06:58, Info:  Writing energy output at time 13 Done. 
Sat Sep 28 01:06:58, Info:  Time spent this phase (total): 26.5339 s (min: 26.5282 s, max: 26.5499 s)
Sat Sep 28 01:06:58, Info:  Time spent this phase (compute): 26.5338 s (min: 26.5282 s, max: 26.5498 s)
Sat Sep 28 01:06:58, Info:  Time spent this phase (IO): 55.9174 ms (min: 39.1657 ms, max: 112.8580 ms)
Sat Sep 28 01:06:58, Info:  Performance since the start: 9.5153 TFLOP/s (rank 0: 608.0055 GFLOP/s , average over ranks: 594.7062 GFLOP/s ) 
Sat Sep 28 01:06:58, Info:  Performance since last sync point: 9.4863 TFLOP/s (rank 0: 606.2908 GFLOP/s , average over ranks: 592.8963 GFLOP/s ) 
Sat Sep 28 01:07:24, Info:  Writing faultoutput at time 13.5.
Sat Sep 28 01:07:24, Info:  Writing faultoutput at time 13.5. Done.
Sat Sep 28 01:07:24, Info:  Writing energy output at time 13.5 
Sat Sep 28 01:07:24, Info:  Elastic energy (total, % kinematic, % potential):  2.45131e+15  , 13.962  , 86.038 
Sat Sep 28 01:07:24, Info:  Total momentum (X, Y, Z): -1.08535e+08  , -1.95153e+08  , -5.58067e+09 
Sat Sep 28 01:07:24, Info:  Frictional work (total, % static, % radiated):  2.54652e+15  , 70.4693  , 29.5307 
Sat Sep 28 01:07:24, Info:  Seismic moment (without plasticity): 5.02393e+19  Mw: 7.06403 
Sat Sep 28 01:07:24, Info:  Writing energy output at time 13.5 Done. 
Sat Sep 28 01:07:24, Info:  Time spent this phase (total): 26.3594 s (min: 26.3289 s, max: 26.3778 s)
Sat Sep 28 01:07:24, Info:  Time spent this phase (compute): 26.3593 s (min: 26.3289 s, max: 26.3777 s)
Sat Sep 28 01:07:24, Info:  Time spent this phase (IO): 58.4996 ms (min: 38.9872 ms, max: 149.7923 ms)
Sat Sep 28 01:07:24, Info:  Performance since the start: 9.5165 TFLOP/s (rank 0: 608.0711 GFLOP/s , average over ranks: 594.7841 GFLOP/s ) 
Sat Sep 28 01:07:24, Info:  Performance since last sync point: 9.5491 TFLOP/s (rank 0: 609.7826 GFLOP/s , average over ranks: 596.8191 GFLOP/s ) 
Sat Sep 28 01:07:50, Info:  Writing faultoutput at time 14.
Sat Sep 28 01:07:50, Info:  Writing faultoutput at time 14. Done.
Sat Sep 28 01:07:50, Info:  Writing free surface at time 14.
Sat Sep 28 01:07:50, Info:  Writing free surface at time 14. Done.
Sat Sep 28 01:07:50, Info:  Writing energy output at time 14 
Sat Sep 28 01:07:50, Info:  Elastic energy (total, % kinematic, % potential):  2.55407e+15  , 13.7301  , 86.2699 
Sat Sep 28 01:07:50, Info:  Total momentum (X, Y, Z): 9.916e+07  , -1.3694e+08  , 1.93986e+10 
Sat Sep 28 01:07:50, Info:  Frictional work (total, % static, % radiated):  2.65446e+15  , 70.3671  , 29.6329 
Sat Sep 28 01:07:50, Info:  Seismic moment (without plasticity): 5.27443e+19  Mw: 7.07812 
Sat Sep 28 01:07:50, Info:  Writing energy output at time 14 Done. 
Sat Sep 28 01:07:50, Info:  Time spent this phase (total): 26.4332 s (min: 26.4123 s, max: 26.4473 s)
Sat Sep 28 01:07:50, Info:  Time spent this phase (compute): 26.4331 s (min: 26.4118 s, max: 26.4472 s)
Sat Sep 28 01:07:50, Info:  Time spent this phase (IO): 55.8882 ms (min: 39.1561 ms, max: 122.6786 ms)
Sat Sep 28 01:07:50, Info:  Performance since the start: 9.5168 TFLOP/s (rank 0: 608.1031 GFLOP/s , average over ranks: 594.7975 GFLOP/s ) 
Sat Sep 28 01:07:50, Info:  Performance since last sync point: 9.5225 TFLOP/s (rank 0: 608.9676 GFLOP/s , average over ranks: 595.1584 GFLOP/s ) 
Sat Sep 28 01:08:17, Info:  Writing faultoutput at time 14.5.
Sat Sep 28 01:08:17, Info:  Writing faultoutput at time 14.5. Done.
Sat Sep 28 01:08:17, Info:  Writing energy output at time 14.5 
Sat Sep 28 01:08:17, Info:  Elastic energy (total, % kinematic, % potential):  2.65067e+15  , 13.5607  , 86.4393 
Sat Sep 28 01:08:17, Info:  Total momentum (X, Y, Z): 1.162e+08  , 5.92585e+08  , 8.08618e+09 
Sat Sep 28 01:08:17, Info:  Frictional work (total, % static, % radiated):  2.75616e+15  , 70.3649  , 29.6351 
Sat Sep 28 01:08:17, Info:  Seismic moment (without plasticity): 5.52195e+19  Mw: 7.09139 
Sat Sep 28 01:08:17, Info:  Writing energy output at time 14.5 Done. 
Sat Sep 28 01:08:17, Info:  Time spent this phase (total): 26.3548 s (min: 26.3262 s, max: 26.3849 s)
Sat Sep 28 01:08:17, Info:  Time spent this phase (compute): 26.3547 s (min: 26.3262 s, max: 26.3849 s)
Sat Sep 28 01:08:17, Info:  Time spent this phase (IO): 53.1147 ms (min: 39.2707 ms, max: 89.3052 ms)
Sat Sep 28 01:08:17, Info:  Performance since the start: 9.5179 TFLOP/s (rank 0: 608.1815 GFLOP/s , average over ranks: 594.8708 GFLOP/s ) 
Sat Sep 28 01:08:17, Info:  Performance since last sync point: 9.5509 TFLOP/s (rank 0: 610.3852 GFLOP/s , average over ranks: 596.9301 GFLOP/s ) 
Sat Sep 28 01:08:43, Info:  Writing faultoutput at time 15.
Sat Sep 28 01:08:43, Info:  Writing faultoutput at time 15. Done.
Sat Sep 28 01:08:43, Info:  Writing free surface at time 15.
Sat Sep 28 01:08:43, Info:  Writing free surface at time 15. Done.
Sat Sep 28 01:08:43, Info:  Writing energy output at time 15 
Sat Sep 28 01:08:43, Info:  Elastic energy (total, % kinematic, % potential):  2.74419e+15  , 13.4461  , 86.5539 
Sat Sep 28 01:08:43, Info:  Total momentum (X, Y, Z): -1.44602e+07  , -2.34257e+08  , -7.63088e+10 
Sat Sep 28 01:08:43, Info:  Frictional work (total, % static, % radiated):  2.85467e+15  , 70.3618  , 29.6382 
Sat Sep 28 01:08:43, Info:  Seismic moment (without plasticity): 5.76832e+19  Mw: 7.10403 
Sat Sep 28 01:08:43, Info:  Writing energy output at time 15 Done. 
Sat Sep 28 01:08:43, Info:  Time spent this phase (total): 26.4155 s (min: 26.3910 s, max: 26.4564 s)
Sat Sep 28 01:08:43, Info:  Time spent this phase (compute): 26.4154 s (min: 26.3909 s, max: 26.4563 s)
Sat Sep 28 01:08:43, Info:  Time spent this phase (IO): 56.0611 ms (min: 39.1086 ms, max: 95.6521 ms)
Sat Sep 28 01:08:43, Info:  Performance since the start: 9.5183 TFLOP/s (rank 0: 608.1904 GFLOP/s , average over ranks: 594.8933 GFLOP/s ) 
Sat Sep 28 01:08:43, Info:  Performance since last sync point: 9.5288 TFLOP/s (rank 0: 608.4489 GFLOP/s , average over ranks: 595.5470 GFLOP/s ) 
Sat Sep 28 01:09:10, Info:  Writing faultoutput at time 15.5.
Sat Sep 28 01:09:10, Info:  Writing faultoutput at time 15.5. Done.
Sat Sep 28 01:09:10, Info:  Writing energy output at time 15.5 
Sat Sep 28 01:09:10, Info:  Elastic energy (total, % kinematic, % potential):  2.83554e+15  , 13.4045  , 86.5955 
Sat Sep 28 01:09:10, Info:  Total momentum (X, Y, Z): -6.63339e+08  , -6.53076e+08  , -4.00094e+10 
Sat Sep 28 01:09:10, Info:  Frictional work (total, % static, % radiated):  2.95117e+15  , 70.4007  , 29.5993 
Sat Sep 28 01:09:10, Info:  Seismic moment (without plasticity): 6.01595e+19  Mw: 7.1162 
Sat Sep 28 01:09:10, Info:  Writing energy output at time 15.5 Done. 
Sat Sep 28 01:09:10, Info:  Time spent this phase (total): 26.3866 s (min: 26.3536 s, max: 26.3983 s)
Sat Sep 28 01:09:10, Info:  Time spent this phase (compute): 26.3865 s (min: 26.3535 s, max: 26.3982 s)
Sat Sep 28 01:09:10, Info:  Time spent this phase (IO): 56.6428 ms (min: 39.0215 ms, max: 134.2547 ms)
Sat Sep 28 01:09:10, Info:  Performance since the start: 9.5190 TFLOP/s (rank 0: 608.2329 GFLOP/s , average over ranks: 594.9355 GFLOP/s ) 
Sat Sep 28 01:09:10, Info:  Performance since last sync point: 9.5393 TFLOP/s (rank 0: 609.5098 GFLOP/s , average over ranks: 596.2056 GFLOP/s ) 
Sat Sep 28 01:09:36, Info:  Writing faultoutput at time 16.
Sat Sep 28 01:09:36, Info:  Writing faultoutput at time 16. Done.
Sat Sep 28 01:09:36, Info:  Writing free surface at time 16.
Sat Sep 28 01:09:36, Info:  Writing free surface at time 16. Done.
Sat Sep 28 01:09:36, Info:  Writing energy output at time 16 
Sat Sep 28 01:09:36, Info:  Elastic energy (total, % kinematic, % potential):  2.92799e+15  , 13.432  , 86.568 
Sat Sep 28 01:09:36, Info:  Total momentum (X, Y, Z): -1.2782e+09  , 1.07902e+09  , 1.92395e+11 
Sat Sep 28 01:09:36, Info:  Frictional work (total, % static, % radiated):  3.04876e+15  , 70.4561  , 29.5439 
Sat Sep 28 01:09:36, Info:  Seismic moment (without plasticity): 6.26486e+19  Mw: 7.12794 
Sat Sep 28 01:09:36, Info:  Writing energy output at time 16 Done. 
Sat Sep 28 01:09:36, Info:  Time spent this phase (total): 26.4324 s (min: 26.4238 s, max: 26.4402 s)
Sat Sep 28 01:09:36, Info:  Time spent this phase (compute): 26.4323 s (min: 26.4237 s, max: 26.4401 s)
Sat Sep 28 01:09:36, Info:  Time spent this phase (IO): 57.8302 ms (min: 39.1418 ms, max: 141.8068 ms)
Sat Sep 28 01:09:36, Info:  Performance since the start: 9.5191 TFLOP/s (rank 0: 608.2416 GFLOP/s , average over ranks: 594.9429 GFLOP/s ) 
Sat Sep 28 01:09:36, Info:  Performance since last sync point: 9.5228 TFLOP/s (rank 0: 608.5142 GFLOP/s , average over ranks: 595.1734 GFLOP/s ) 
Sat Sep 28 01:10:02, Info:  Writing faultoutput at time 16.5.
Sat Sep 28 01:10:02, Info:  Writing faultoutput at time 16.5. Done.
Sat Sep 28 01:10:02, Info:  Writing energy output at time 16.5 
Sat Sep 28 01:10:02, Info:  Elastic energy (total, % kinematic, % potential):  3.02303e+15  , 13.495  , 86.505 
Sat Sep 28 01:10:02, Info:  Total momentum (X, Y, Z): 9.03324e+08  , 8.93377e+08  , 1.70758e+11 
Sat Sep 28 01:10:02, Info:  Frictional work (total, % static, % radiated):  3.14857e+15  , 70.4706  , 29.5294 
Sat Sep 28 01:10:02, Info:  Seismic moment (without plasticity): 6.51529e+19  Mw: 7.13929 
Sat Sep 28 01:10:02, Info:  Writing energy output at time 16.5 Done. 
Sat Sep 28 01:10:02, Info:  Time spent this phase (total): 26.3470 s (min: 26.3411 s, max: 26.3596 s)
Sat Sep 28 01:10:02, Info:  Time spent this phase (compute): 26.3469 s (min: 26.3405 s, max: 26.3596 s)
Sat Sep 28 01:10:02, Info:  Time spent this phase (IO): 54.9019 ms (min: 39.0369 ms, max: 119.4401 ms)
Sat Sep 28 01:10:02, Info:  Performance since the start: 9.5201 TFLOP/s (rank 0: 608.3133 GFLOP/s , average over ranks: 595.0082 GFLOP/s ) 
Sat Sep 28 01:10:02, Info:  Performance since last sync point: 9.5536 TFLOP/s (rank 0: 610.6155 GFLOP/s , average over ranks: 597.1030 GFLOP/s ) 
Sat Sep 28 01:10:29, Info:  Writing faultoutput at time 17.
Sat Sep 28 01:10:29, Info:  Writing faultoutput at time 17. Done.
Sat Sep 28 01:10:29, Info:  Writing free surface at time 17.
Sat Sep 28 01:10:29, Info:  Writing free surface at time 17. Done.
Sat Sep 28 01:10:29, Info:  Writing energy output at time 17 
Sat Sep 28 01:10:29, Info:  Elastic energy (total, % kinematic, % potential):  3.11901e+15  , 13.5744  , 86.4256 
Sat Sep 28 01:10:29, Info:  Total momentum (X, Y, Z): 3.59148e+09  , -7.82708e+08  , -3.54508e+11 
Sat Sep 28 01:10:29, Info:  Frictional work (total, % static, % radiated):  3.24918e+15  , 70.5501  , 29.4499 
Sat Sep 28 01:10:29, Info:  Seismic moment (without plasticity): 6.7681e+19  Mw: 7.15031 
Sat Sep 28 01:10:29, Info:  Writing energy output at time 17 Done. 
Sat Sep 28 01:10:29, Info:  Time spent this phase (total): 26.4565 s (min: 26.4125 s, max: 26.4886 s)
Sat Sep 28 01:10:29, Info:  Time spent this phase (compute): 26.4564 s (min: 26.4125 s, max: 26.4885 s)
Sat Sep 28 01:10:29, Info:  Time spent this phase (IO): 54.8127 ms (min: 39.1659 ms, max: 91.1005 ms)
Sat Sep 28 01:10:29, Info:  Performance since the start: 9.5200 TFLOP/s (rank 0: 608.3123 GFLOP/s , average over ranks: 594.9972 GFLOP/s ) 
Sat Sep 28 01:10:29, Info:  Performance since last sync point: 9.5142 TFLOP/s (rank 0: 608.2777 GFLOP/s , average over ranks: 594.6375 GFLOP/s ) 
Sat Sep 28 01:10:55, Info:  Writing faultoutput at time 17.5.
Sat Sep 28 01:10:55, Info:  Writing faultoutput at time 17.5. Done.
Sat Sep 28 01:10:55, Info:  Writing energy output at time 17.5 
Sat Sep 28 01:10:55, Info:  Elastic energy (total, % kinematic, % potential):  3.21687e+15  , 13.3283  , 86.6717 
Sat Sep 28 01:10:55, Info:  Total momentum (X, Y, Z): 8.96133e+08  , -2.08298e+09  , -1.03254e+11 
Sat Sep 28 01:10:55, Info:  Frictional work (total, % static, % radiated):  3.35265e+15  , 70.4772  , 29.5228 
Sat Sep 28 01:10:55, Info:  Seismic moment (without plasticity): 7.00827e+19  Mw: 7.16041 
Sat Sep 28 01:10:55, Info:  Writing energy output at time 17.5 Done. 
Sat Sep 28 01:10:55, Info:  Time spent this phase (total): 26.4347 s (min: 26.3986 s, max: 26.4857 s)
Sat Sep 28 01:10:55, Info:  Time spent this phase (compute): 26.4346 s (min: 26.3985 s, max: 26.4857 s)
Sat Sep 28 01:10:55, Info:  Time spent this phase (IO): 56.7801 ms (min: 39.0049 ms, max: 136.6597 ms)
Sat Sep 28 01:10:55, Info:  Performance since the start: 9.5200 TFLOP/s (rank 0: 608.3023 GFLOP/s , average over ranks: 595.0006 GFLOP/s ) 
Sat Sep 28 01:10:55, Info:  Performance since last sync point: 9.5219 TFLOP/s (rank 0: 607.9635 GFLOP/s , average over ranks: 595.1156 GFLOP/s ) 
Sat Sep 28 01:11:22, Info:  Writing faultoutput at time 18.
Sat Sep 28 01:11:22, Info:  Writing faultoutput at time 18. Done.
Sat Sep 28 01:11:22, Info:  Writing free surface at time 18.
Sat Sep 28 01:11:22, Info:  Writing free surface at time 18. Done.
Sat Sep 28 01:11:22, Info:  Writing energy output at time 18 
Sat Sep 28 01:11:22, Info:  Elastic energy (total, % kinematic, % potential):  3.29295e+15  , 12.5935  , 87.4065 
Sat Sep 28 01:11:22, Info:  Total momentum (X, Y, Z): -3.74856e+09  , 2.13477e+09  , 3.82161e+12 
Sat Sep 28 01:11:22, Info:  Frictional work (total, % static, % radiated):  3.43232e+15  , 70.3421  , 29.6579 
Sat Sep 28 01:11:22, Info:  Seismic moment (without plasticity): 7.18943e+19  Mw: 7.1678 
Sat Sep 28 01:11:22, Info:  Writing energy output at time 18 Done. 
Sat Sep 28 01:11:22, Info:  Time spent this phase (total): 26.5252 s (min: 26.5136 s, max: 26.5497 s)
Sat Sep 28 01:11:22, Info:  Time spent this phase (compute): 26.5251 s (min: 26.5135 s, max: 26.5496 s)
Sat Sep 28 01:11:22, Info:  Time spent this phase (IO): 55.5783 ms (min: 39.1232 ms, max: 120.4990 ms)
Sat Sep 28 01:11:22, Info:  Performance since the start: 9.5192 TFLOP/s (rank 0: 608.2557 GFLOP/s , average over ranks: 594.9474 GFLOP/s ) 
Sat Sep 28 01:11:22, Info:  Performance since last sync point: 9.4895 TFLOP/s (rank 0: 606.6309 GFLOP/s , average over ranks: 593.0919 GFLOP/s ) 
Sat Sep 28 01:11:48, Info:  Writing faultoutput at time 18.5.
Sat Sep 28 01:11:48, Info:  Writing faultoutput at time 18.5. Done.
Sat Sep 28 01:11:48, Info:  Writing energy output at time 18.5 
Sat Sep 28 01:11:48, Info:  Elastic energy (total, % kinematic, % potential):  3.34421e+15  , 11.7038  , 88.2962 
Sat Sep 28 01:11:48, Info:  Total momentum (X, Y, Z): -3.51056e+09  , 5.70821e+09  , 1.46074e+13 
Sat Sep 28 01:11:48, Info:  Frictional work (total, % static, % radiated):  3.48592e+15  , 70.2926  , 29.7074 
Sat Sep 28 01:11:48, Info:  Seismic moment (without plasticity): 7.32123e+19  Mw: 7.17306 
Sat Sep 28 01:11:48, Info:  Writing energy output at time 18.5 Done. 
Sat Sep 28 01:11:48, Info:  Time spent this phase (total): 26.4353 s (min: 26.4063 s, max: 26.4491 s)
Sat Sep 28 01:11:48, Info:  Time spent this phase (compute): 26.4352 s (min: 26.4063 s, max: 26.4490 s)
Sat Sep 28 01:11:48, Info:  Time spent this phase (IO): 54.7053 ms (min: 38.9952 ms, max: 110.8812 ms)
Sat Sep 28 01:11:48, Info:  Performance since the start: 9.5192 TFLOP/s (rank 0: 608.2597 GFLOP/s , average over ranks: 594.9518 GFLOP/s ) 
Sat Sep 28 01:11:48, Info:  Performance since last sync point: 9.5218 TFLOP/s (rank 0: 608.4012 GFLOP/s , average over ranks: 595.1111 GFLOP/s ) 
Sat Sep 28 01:12:15, Info:  Writing faultoutput at time 19.
Sat Sep 28 01:12:15, Info:  Writing faultoutput at time 19. Done.
Sat Sep 28 01:12:15, Info:  Writing free surface at time 19.
Sat Sep 28 01:12:15, Info:  Writing free surface at time 19. Done.
Sat Sep 28 01:12:15, Info:  Writing energy output at time 19 
Sat Sep 28 01:12:15, Info:  Elastic energy (total, % kinematic, % potential):  3.38598e+15  , 10.7117  , 89.2883 
Sat Sep 28 01:12:15, Info:  Total momentum (X, Y, Z): -1.01492e+09  , -3.40852e+09  , 3.49155e+13 
Sat Sep 28 01:12:15, Info:  Frictional work (total, % static, % radiated):  3.53072e+15  , 70.3008  , 29.6992 
Sat Sep 28 01:12:15, Info:  Seismic moment (without plasticity): 7.4229e+19  Mw: 7.17705 
Sat Sep 28 01:12:15, Info:  Writing energy output at time 19 Done. 
Sat Sep 28 01:12:15, Info:  Time spent this phase (total): 26.4499 s (min: 26.4256 s, max: 26.4672 s)
Sat Sep 28 01:12:15, Info:  Time spent this phase (compute): 26.4498 s (min: 26.4255 s, max: 26.4671 s)
Sat Sep 28 01:12:15, Info:  Time spent this phase (IO): 55.0654 ms (min: 39.0622 ms, max: 102.7442 ms)
Sat Sep 28 01:12:15, Info:  Performance since the start: 9.5192 TFLOP/s (rank 0: 608.2637 GFLOP/s , average over ranks: 594.9472 GFLOP/s ) 
Sat Sep 28 01:12:15, Info:  Performance since last sync point: 9.5164 TFLOP/s (rank 0: 608.4145 GFLOP/s , average over ranks: 594.7776 GFLOP/s ) 
Sat Sep 28 01:12:41, Info:  Writing faultoutput at time 19.5.
Sat Sep 28 01:12:41, Info:  Writing faultoutput at time 19.5. Done.
Sat Sep 28 01:12:41, Info:  Writing energy output at time 19.5 
Sat Sep 28 01:12:41, Info:  Elastic energy (total, % kinematic, % potential):  3.45157e+15  , 10.106  , 89.894 
Sat Sep 28 01:12:41, Info:  Total momentum (X, Y, Z): 7.77335e+08  , -1.53619e+10  , 6.66404e+13 
Sat Sep 28 01:12:41, Info:  Frictional work (total, % static, % radiated):  3.60085e+15  , 70.4969  , 29.5031 
Sat Sep 28 01:12:41, Info:  Seismic moment (without plasticity): 7.52137e+19  Mw: 7.18086 
Sat Sep 28 01:12:41, Info:  Writing energy output at time 19.5 Done. 
Sat Sep 28 01:12:41, Info:  Time spent this phase (total): 26.4356 s (min: 26.4086 s, max: 26.4627 s)
Sat Sep 28 01:12:41, Info:  Time spent this phase (compute): 26.4355 s (min: 26.4085 s, max: 26.4626 s)
Sat Sep 28 01:12:41, Info:  Time spent this phase (IO): 58.7928 ms (min: 38.9968 ms, max: 150.6736 ms)
Sat Sep 28 01:12:41, Info:  Performance since the start: 9.5192 TFLOP/s (rank 0: 608.2529 GFLOP/s , average over ranks: 594.9511 GFLOP/s ) 
Sat Sep 28 01:12:41, Info:  Performance since last sync point: 9.5216 TFLOP/s (rank 0: 607.8405 GFLOP/s , average over ranks: 595.0970 GFLOP/s ) 
Sat Sep 28 01:13:08, Info:  Writing faultoutput at time 20.
Sat Sep 28 01:13:08, Info:  Writing faultoutput at time 20. Done.
Sat Sep 28 01:13:08, Info:  Waiting for last wave field. 
Sat Sep 28 01:13:08, Info:  Writing wave field at time 20.
Sat Sep 28 01:13:08, Info:  Writing wave field at time 20. Done.
Sat Sep 28 01:13:08, Info:  Writing free surface at time 20.
Sat Sep 28 01:13:08, Info:  Writing free surface at time 20. Done.
Sat Sep 28 01:13:08, Info:  Wrote receivers in 3.93e-07 seconds. 
Sat Sep 28 01:13:08, Info:  Writing energy output at time 20 
Sat Sep 28 01:13:08, Info:  Elastic energy (total, % kinematic, % potential):  3.59275e+15  , 10.4275  , 89.5725 
Sat Sep 28 01:13:08, Info:  Total momentum (X, Y, Z): 5.56888e+09  , -1.04634e+10  , 1.1158e+14 
Sat Sep 28 01:13:08, Info:  Frictional work (total, % static, % radiated):  3.75027e+15  , 71.1971  , 28.8029 
Sat Sep 28 01:13:08, Info:  Seismic moment (without plasticity): 7.6577e+19  Mw: 7.18607 
Sat Sep 28 01:13:08, Info:  Writing energy output at time 20 Done. 
Sat Sep 28 01:13:08, Info:  Time spent this phase (total): 26.5623 s (min: 26.5556 s, max: 26.5798 s)
Sat Sep 28 01:13:08, Info:  Time spent this phase (compute): 26.5622 s (min: 26.5555 s, max: 26.5797 s)
Sat Sep 28 01:13:08, Info:  Time spent this phase (IO): 63.3685 ms (min: 44.7853 ms, max: 139.7882 ms)
Sat Sep 28 01:13:08, Info:  Performance since the start: 9.5181 TFLOP/s (rank 0: 608.1872 GFLOP/s , average over ranks: 594.8836 GFLOP/s ) 
Sat Sep 28 01:13:08, Info:  Performance since last sync point: 9.4762 TFLOP/s (rank 0: 605.6351 GFLOP/s , average over ranks: 592.2632 GFLOP/s ) 
Sat Sep 28 01:13:34, Info:  Writing faultoutput at time 20.5.
Sat Sep 28 01:13:34, Info:  Writing faultoutput at time 20.5. Done.
Sat Sep 28 01:13:34, Info:  Writing energy output at time 20.5 
Sat Sep 28 01:13:34, Info:  Elastic energy (total, % kinematic, % potential):  3.88789e+15  , 11.9732  , 88.0268 
Sat Sep 28 01:13:34, Info:  Total momentum (X, Y, Z): -2.65133e+09  , 1.45903e+10  , 1.72613e+14 
Sat Sep 28 01:13:34, Info:  Frictional work (total, % static, % radiated):  4.058e+15  , 71.9199  , 28.0801 
Sat Sep 28 01:13:34, Info:  Seismic moment (without plasticity): 7.88324e+19  Mw: 7.19447 
Sat Sep 28 01:13:34, Info:  Writing energy output at time 20.5 Done. 
Sat Sep 28 01:13:34, Info:  Time spent this phase (total): 26.5430 s (min: 26.5322 s, max: 26.5602 s)
Sat Sep 28 01:13:34, Info:  Time spent this phase (compute): 26.5429 s (min: 26.5321 s, max: 26.5602 s)
Sat Sep 28 01:13:34, Info:  Time spent this phase (IO): 57.4017 ms (min: 39.0047 ms, max: 140.0505 ms)
Sat Sep 28 01:13:34, Info:  Performance since the start: 9.5173 TFLOP/s (rank 0: 608.1333 GFLOP/s , average over ranks: 594.8300 GFLOP/s ) 
Sat Sep 28 01:13:34, Info:  Performance since last sync point: 9.4831 TFLOP/s (rank 0: 605.9858 GFLOP/s , average over ranks: 592.6929 GFLOP/s ) 
Sat Sep 28 01:14:01, Info:  Writing faultoutput at time 21.
Sat Sep 28 01:14:01, Info:  Writing faultoutput at time 21. Done.
Sat Sep 28 01:14:01, Info:  Writing free surface at time 21.
Sat Sep 28 01:14:01, Info:  Writing free surface at time 21. Done.
Sat Sep 28 01:14:01, Info:  Writing energy output at time 21 
Sat Sep 28 01:14:01, Info:  Elastic energy (total, % kinematic, % potential):  4.40651e+15  , 14.4928  , 85.5072 
Sat Sep 28 01:14:01, Info:  Total momentum (X, Y, Z): -2.15404e+10  , 2.99989e+10  , 2.51338e+14 
Sat Sep 28 01:14:01, Info:  Frictional work (total, % static, % radiated):  4.59883e+15  , 72.0048  , 27.9952 
Sat Sep 28 01:14:01, Info:  Seismic moment (without plasticity): 8.24044e+19  Mw: 7.2073 
Sat Sep 28 01:14:01, Info:  Writing energy output at time 21 Done. 
Sat Sep 28 01:14:01, Info:  Time spent this phase (total): 26.5214 s (min: 26.5080 s, max: 26.5279 s)
Sat Sep 28 01:14:01, Info:  Time spent this phase (compute): 26.5214 s (min: 26.5080 s, max: 26.5279 s)
Sat Sep 28 01:14:01, Info:  Time spent this phase (IO): 59.8202 ms (min: 39.2142 ms, max: 151.8523 ms)
Sat Sep 28 01:14:01, Info:  Performance since the start: 9.5166 TFLOP/s (rank 0: 608.0906 GFLOP/s , average over ranks: 594.7904 GFLOP/s ) 
Sat Sep 28 01:14:01, Info:  Performance since last sync point: 9.4908 TFLOP/s (rank 0: 606.3466 GFLOP/s , average over ranks: 593.1740 GFLOP/s ) 
Sat Sep 28 01:14:27, Info:  Writing faultoutput at time 21.5.
Sat Sep 28 01:14:27, Info:  Writing faultoutput at time 21.5. Done.
Sat Sep 28 01:14:27, Info:  Writing energy output at time 21.5 
Sat Sep 28 01:14:27, Info:  Elastic energy (total, % kinematic, % potential):  5.21618e+15  , 17.5376  , 82.4624 
Sat Sep 28 01:14:27, Info:  Total momentum (X, Y, Z): -1.22782e+10  , 1.23512e+10  , 3.43355e+14 
Sat Sep 28 01:14:27, Info:  Frictional work (total, % static, % radiated):  5.43983e+15  , 71.3157  , 28.6843 
Sat Sep 28 01:14:27, Info:  Seismic moment (without plasticity): 8.76718e+19  Mw: 7.22524 
Sat Sep 28 01:14:27, Info:  Writing energy output at time 21.5 Done. 
Sat Sep 28 01:14:27, Info:  Time spent this phase (total): 26.6073 s (min: 26.5401 s, max: 26.6425 s)
Sat Sep 28 01:14:27, Info:  Time spent this phase (compute): 26.6070 s (min: 26.5400 s, max: 26.6424 s)
Sat Sep 28 01:14:27, Info:  Time spent this phase (IO): 55.2121 ms (min: 39.1008 ms, max: 101.2415 ms)
Sat Sep 28 01:14:27, Info:  Performance since the start: 9.5153 TFLOP/s (rank 0: 608.0169 GFLOP/s , average over ranks: 594.7080 GFLOP/s ) 
Sat Sep 28 01:14:27, Info:  Performance since last sync point: 9.4603 TFLOP/s (rank 0: 604.9353 GFLOP/s , average over ranks: 591.2696 GFLOP/s ) 
Sat Sep 28 01:14:54, Info:  Writing faultoutput at time 22.
Sat Sep 28 01:14:54, Info:  Writing faultoutput at time 22. Done.
Sat Sep 28 01:14:54, Info:  Writing free surface at time 22.
Sat Sep 28 01:14:54, Info:  Writing free surface at time 22. Done.
Sat Sep 28 01:14:54, Info:  Writing energy output at time 22 
Sat Sep 28 01:14:54, Info:  Elastic energy (total, % kinematic, % potential):  6.33847e+15  , 20.4539  , 79.5461 
Sat Sep 28 01:14:54, Info:  Total momentum (X, Y, Z): 2.05347e+10  , -1.44446e+10  , 4.38104e+14 
Sat Sep 28 01:14:54, Info:  Frictional work (total, % static, % radiated):  6.60334e+15  , 70.1239  , 29.8761 
Sat Sep 28 01:14:54, Info:  Seismic moment (without plasticity): 9.49341e+19  Mw: 7.24828 
Sat Sep 28 01:14:54, Info:  Writing energy output at time 22 Done. 
Sat Sep 28 01:14:54, Info:  Time spent this phase (total): 26.4614 s (min: 26.4357 s, max: 26.5081 s)
Sat Sep 28 01:14:54, Info:  Time spent this phase (compute): 26.4613 s (min: 26.4356 s, max: 26.5081 s)
Sat Sep 28 01:14:54, Info:  Time spent this phase (IO): 56.1209 ms (min: 39.6594 ms, max: 111.6548 ms)
Sat Sep 28 01:14:54, Info:  Performance since the start: 9.5153 TFLOP/s (rank 0: 608.0136 GFLOP/s , average over ranks: 594.7037 GFLOP/s ) 
Sat Sep 28 01:14:54, Info:  Performance since last sync point: 9.5123 TFLOP/s (rank 0: 607.8717 GFLOP/s , average over ranks: 594.5175 GFLOP/s ) 
Sat Sep 28 01:15:20, Info:  Writing faultoutput at time 22.5.
Sat Sep 28 01:15:20, Info:  Writing faultoutput at time 22.5. Done.
Sat Sep 28 01:15:20, Info:  Writing energy output at time 22.5 
Sat Sep 28 01:15:20, Info:  Elastic energy (total, % kinematic, % potential):  7.68263e+15  , 22.0974  , 77.9026 
Sat Sep 28 01:15:20, Info:  Total momentum (X, Y, Z): 2.09916e+10  , -1.05037e+10  , 5.2518e+14 
Sat Sep 28 01:15:20, Info:  Frictional work (total, % static, % radiated):  8.00127e+15  , 68.939  , 31.061 
Sat Sep 28 01:15:20, Info:  Seismic moment (without plasticity): 1.03853e+20  Mw: 7.27428 
Sat Sep 28 01:15:20, Info:  Writing energy output at time 22.5 Done. 
Sat Sep 28 01:15:20, Info:  Time spent this phase (total): 26.4762 s (min: 26.4559 s, max: 26.4957 s)
Sat Sep 28 01:15:20, Info:  Time spent this phase (compute): 26.4761 s (min: 26.4558 s, max: 26.4957 s)
Sat Sep 28 01:15:20, Info:  Time spent this phase (IO): 58.0589 ms (min: 39.7088 ms, max: 143.0716 ms)
Sat Sep 28 01:15:20, Info:  Performance since the start: 9.5151 TFLOP/s (rank 0: 607.9924 GFLOP/s , average over ranks: 594.6922 GFLOP/s ) 
Sat Sep 28 01:15:20, Info:  Performance since last sync point: 9.5070 TFLOP/s (rank 0: 607.0614 GFLOP/s , average over ranks: 594.1857 GFLOP/s ) 
Sat Sep 28 01:15:47, Info:  Writing faultoutput at time 23.
Sat Sep 28 01:15:47, Info:  Writing faultoutput at time 23. Done.
Sat Sep 28 01:15:47, Info:  Writing free surface at time 23.
Sat Sep 28 01:15:47, Info:  Writing free surface at time 23. Done.
Sat Sep 28 01:15:47, Info:  Writing energy output at time 23 
Sat Sep 28 01:15:47, Info:  Elastic energy (total, % kinematic, % potential):  9.0712e+15  , 22.2531  , 77.7469 
Sat Sep 28 01:15:47, Info:  Total momentum (X, Y, Z): -1.71616e+10  , 1.62933e+10  , 6.00526e+14 
Sat Sep 28 01:15:47, Info:  Frictional work (total, % static, % radiated):  9.44528e+15  , 67.9829  , 32.0171 
Sat Sep 28 01:15:47, Info:  Seismic moment (without plasticity): 1.12873e+20  Mw: 7.29839 
Sat Sep 28 01:15:47, Info:  Writing energy output at time 23 Done. 
Sat Sep 28 01:15:47, Info:  Time spent this phase (total): 26.5609 s (min: 26.5174 s, max: 26.5845 s)
Sat Sep 28 01:15:47, Info:  Time spent this phase (compute): 26.5608 s (min: 26.5173 s, max: 26.5845 s)
Sat Sep 28 01:15:47, Info:  Time spent this phase (IO): 64.2542 ms (min: 40.3230 ms, max: 169.4186 ms)
Sat Sep 28 01:15:47, Info:  Performance since the start: 9.5142 TFLOP/s (rank 0: 607.9447 GFLOP/s , average over ranks: 594.6398 GFLOP/s ) 
Sat Sep 28 01:15:47, Info:  Performance since last sync point: 9.4767 TFLOP/s (rank 0: 605.8057 GFLOP/s , average over ranks: 592.2949 GFLOP/s ) 
Sat Sep 28 01:16:13, Info:  Writing faultoutput at time 23.5.
Sat Sep 28 01:16:13, Info:  Writing faultoutput at time 23.5. Done.
Sat Sep 28 01:16:13, Info:  Writing energy output at time 23.5 
Sat Sep 28 01:16:14, Info:  Elastic energy (total, % kinematic, % potential):  1.04168e+16  , 21.8238  , 78.1762 
Sat Sep 28 01:16:14, Info:  Total momentum (X, Y, Z): -2.1983e+10  , 1.02995e+10  , 6.66528e+14 
Sat Sep 28 01:16:14, Info:  Frictional work (total, % static, % radiated):  1.08427e+16  , 67.3606  , 32.6394 
Sat Sep 28 01:16:14, Info:  Seismic moment (without plasticity): 1.2146e+20  Mw: 7.31962 
Sat Sep 28 01:16:14, Info:  Writing energy output at time 23.5 Done. 
Sat Sep 28 01:16:14, Info:  Time spent this phase (total): 26.6316 s (min: 26.6065 s, max: 26.6783 s)
Sat Sep 28 01:16:14, Info:  Time spent this phase (compute): 26.6315 s (min: 26.6063 s, max: 26.6782 s)
Sat Sep 28 01:16:14, Info:  Time spent this phase (IO): 58.4787 ms (min: 40.1061 ms, max: 137.6070 ms)
Sat Sep 28 01:16:14, Info:  Performance since the start: 9.5129 TFLOP/s (rank 0: 607.8525 GFLOP/s , average over ranks: 594.5559 GFLOP/s ) 
Sat Sep 28 01:16:14, Info:  Performance since last sync point: 9.4515 TFLOP/s (rank 0: 603.6411 GFLOP/s , average over ranks: 590.7184 GFLOP/s ) 
Sat Sep 28 01:16:40, Info:  Writing faultoutput at time 24.
Sat Sep 28 01:16:40, Info:  Writing faultoutput at time 24. Done.
Sat Sep 28 01:16:40, Info:  Writing free surface at time 24.
Sat Sep 28 01:16:40, Info:  Writing free surface at time 24. Done.
Sat Sep 28 01:16:40, Info:  Writing energy output at time 24 
Sat Sep 28 01:16:40, Info:  Elastic energy (total, % kinematic, % potential):  1.16887e+16  , 21.6003  , 78.3997 
Sat Sep 28 01:16:40, Info:  Total momentum (X, Y, Z): 4.65326e+10  , -5.12634e+10  , 7.27861e+14 
Sat Sep 28 01:16:40, Info:  Frictional work (total, % static, % radiated):  1.2163e+16  , 66.9837  , 33.0163 
Sat Sep 28 01:16:40, Info:  Seismic moment (without plasticity): 1.29692e+20  Mw: 7.33861 
Sat Sep 28 01:16:40, Info:  Writing energy output at time 24 Done. 
Sat Sep 28 01:16:40, Info:  Time spent this phase (total): 26.6592 s (min: 26.5929 s, max: 26.7020 s)
Sat Sep 28 01:16:40, Info:  Time spent this phase (compute): 26.6591 s (min: 26.5929 s, max: 26.7019 s)
Sat Sep 28 01:16:40, Info:  Time spent this phase (IO): 54.4371 ms (min: 40.3087 ms, max: 87.9208 ms)
Sat Sep 28 01:16:40, Info:  Performance since the start: 9.5114 TFLOP/s (rank 0: 607.7688 GFLOP/s , average over ranks: 594.4627 GFLOP/s ) 
Sat Sep 28 01:16:40, Info:  Performance since last sync point: 9.4419 TFLOP/s (rank 0: 603.8607 GFLOP/s , average over ranks: 590.1194 GFLOP/s ) 
Sat Sep 28 01:17:07, Info:  Writing faultoutput at time 24.5.
Sat Sep 28 01:17:07, Info:  Writing faultoutput at time 24.5. Done.
Sat Sep 28 01:17:07, Info:  Writing energy output at time 24.5 
Sat Sep 28 01:17:07, Info:  Elastic energy (total, % kinematic, % potential):  1.29054e+16  , 21.4599  , 78.5401 
Sat Sep 28 01:17:07, Info:  Total momentum (X, Y, Z): 1.08267e+11  , -8.53129e+10  , 7.87278e+14 
Sat Sep 28 01:17:07, Info:  Frictional work (total, % static, % radiated):  1.34296e+16  , 66.787  , 33.213 
Sat Sep 28 01:17:07, Info:  Seismic moment (without plasticity): 1.37865e+20  Mw: 7.3563 
Sat Sep 28 01:17:07, Info:  Writing energy output at time 24.5 Done. 
Sat Sep 28 01:17:07, Info:  Time spent this phase (total): 26.5089 s (min: 26.4709 s, max: 26.5715 s)
Sat Sep 28 01:17:07, Info:  Time spent this phase (compute): 26.5088 s (min: 26.4708 s, max: 26.5715 s)
Sat Sep 28 01:17:07, Info:  Time spent this phase (IO): 58.4745 ms (min: 40.2134 ms, max: 147.3678 ms)
Sat Sep 28 01:17:07, Info:  Performance since the start: 9.5111 TFLOP/s (rank 0: 607.7386 GFLOP/s , average over ranks: 594.4419 GFLOP/s ) 
Sat Sep 28 01:17:07, Info:  Performance since last sync point: 9.4952 TFLOP/s (rank 0: 606.2959 GFLOP/s , average over ranks: 593.4475 GFLOP/s ) 
Sat Sep 28 01:17:33, Info:  Writing faultoutput at time 25.
Sat Sep 28 01:17:33, Info:  Writing faultoutput at time 25. Done.
Sat Sep 28 01:17:33, Info:  Writing free surface at time 25.
Sat Sep 28 01:17:33, Info:  Writing free surface at time 25. Done.
Sat Sep 28 01:17:33, Info:  Writing energy output at time 25 
Sat Sep 28 01:17:33, Info:  Elastic energy (total, % kinematic, % potential):  1.40819e+16  , 21.2237  , 78.7763 
Sat Sep 28 01:17:33, Info:  Total momentum (X, Y, Z): 5.87125e+09  , 5.49552e+10  , 8.44449e+14 
Sat Sep 28 01:17:33, Info:  Frictional work (total, % static, % radiated):  1.46549e+16  , 66.6581  , 33.3419 
Sat Sep 28 01:17:33, Info:  Seismic moment (without plasticity): 1.46097e+20  Mw: 7.37309 
Sat Sep 28 01:17:33, Info:  Writing energy output at time 25 Done. 
Sat Sep 28 01:17:33, Info:  Time spent this phase (total): 26.5098 s (min: 26.4957 s, max: 26.5147 s)
Sat Sep 28 01:17:33, Info:  Time spent this phase (compute): 26.5097 s (min: 26.4956 s, max: 26.5146 s)
Sat Sep 28 01:17:33, Info:  Time spent this phase (IO): 60.3543 ms (min: 40.3236 ms, max: 158.9253 ms)
Sat Sep 28 01:17:33, Info:  Performance since the start: 9.5107 TFLOP/s (rank 0: 607.7161 GFLOP/s , average over ranks: 594.4218 GFLOP/s ) 
Sat Sep 28 01:17:33, Info:  Performance since last sync point: 9.4950 TFLOP/s (rank 0: 606.6162 GFLOP/s , average over ranks: 593.4351 GFLOP/s ) 
Sat Sep 28 01:17:33, Info:  Ignoring duplicate synchronisation point at time 25 ; the last sync point was at  25 
Sat Sep 28 01:17:33, Info:  Waiting for last wave field. 
Sat Sep 28 01:17:33, Info:  Writing wave field at time 25.
Sat Sep 28 01:17:33, Info:  Writing wave field at time 25. Done.
Sat Sep 28 01:17:33, Info:  Ignoring duplicate synchronisation point at time 25 ; the last sync point was at  25 
Sat Sep 28 01:17:33, Info:  Wrote receivers in 6.83e-07 seconds. 
Sat Sep 28 01:17:33, Info:  Ignoring duplicate synchronisation point at time 25 ; the last sync point was at  25 
Sat Sep 28 01:17:33, Info:  Simulation time (total): 22 min 3.2979 s (min: 22 min 3.2429 s, max: 22 min 3.3445 s)
Sat Sep 28 01:17:33, Info:  Simulation time (compute): 22 min 370.5679 ms (min: 21 min 56.7993 s, max: 22 min 1.2075 s)
Sat Sep 28 01:17:33, Info:  Simulation time (IO): 2.9103 s (min: 2.0249 s, max: 6.5033 s)
Sat Sep 28 01:17:33, Info:  Time spent in compute kernels: mean = 1263.07  std = 25.2542  min = 1199.68  median = 1266.35  max = 1309.12 
Sat Sep 28 01:17:33, Info:  Load imbalance: 3.51765 % 
Sat Sep 28 01:17:33, Info:  Regression analysis of compute kernels: 
Sat Sep 28 01:17:33, Info:  "computeLocalIntegration" (total time): 6131.88 s ( = 1 h 42 min 11.8818 s ) 
Sat Sep 28 01:17:33, Info:  "computeLocalIntegration" ( constant ): 2.17419e-05 (sample size: 6.42915e+06 , standard error: 3.62041e-12 ) 
Sat Sep 28 01:17:33, Info:  "computeLocalIntegration" ( per element ): 8.27168e-08 (sample size: 6.42915e+06 , standard error: 3.62041e-12 ) 
Sat Sep 28 01:17:33, Info:  "computeNeighboringIntegration" (total time): 7482.61 s ( = 2 h 4 min 42.6139 s ) 
Sat Sep 28 01:17:33, Info:  "computeNeighboringIntegration" ( constant ): 0.000141702 (sample size: 6.42915e+06 , standard error: 6.12809e-12 ) 
Sat Sep 28 01:17:33, Info:  "computeNeighboringIntegration" ( per element ): 9.07163e-08 (sample size: 6.42915e+06 , standard error: 6.12809e-12 ) 
Sat Sep 28 01:17:33, Info:  "computeDynamicRupture" (total time): 6594.57 s ( = 1 h 49 min 54.5743 s ) 
Sat Sep 28 01:17:33, Info:  "computeDynamicRupture" ( constant ): 7.81292e-05 (sample size: 4.84915e+06 , standard error: 3.34536e-11 ) 
Sat Sep 28 01:17:33, Info:  "computeDynamicRupture" ( per element ): 4.50007e-07 (sample size: 4.84915e+06 , standard error: 3.34536e-11 ) 
Sat Sep 28 01:17:33, Info:  "computePointSources" (total time): 0 s ( = 0.0000 s ) 
Sat Sep 28 01:17:33, Info:  "computePointSources" ( constant ): -nan (sample size: 0 , standard error: -nan ) 
Sat Sep 28 01:17:33, Info:  "computePointSources" ( per element ): -nan (sample size: 0 , standard error: -nan ) 
Sat Sep 28 01:17:33, Info:  Total time spent in compute kernels: 20209.1 s ( = 5 h 36 min 49.0700 s ) 
Sat Sep 28 01:17:33, Info:  Total calculated HW-FLOP:  12.5855 PFLOP 
Sat Sep 28 01:17:33, Info:  Total calculated NZ-FLOP:  5.0311 PFLOP 
Sat Sep 28 01:17:33, Info:  Total calculated HW-FLOP/s:  9.5104 TFLOP/s 
Sat Sep 28 01:17:33, Info:  Total calculated NZ-FLOP/s:  3.8018 TFLOP/s 
Sat Sep 28 01:17:33, Info:  WP calculated HW-FLOP:  10.4277 PFLOP 
Sat Sep 28 01:17:33, Info:  WP calculated NZ-FLOP:  3.4267 PFLOP 
Sat Sep 28 01:17:33, Info:  DR calculated HW-FLOP:  2.1578 PFLOP 
Sat Sep 28 01:17:33, Info:  DR calculated NZ-FLOP:  1.6044 PFLOP 
Sat Sep 28 01:17:33, Info:  PL calculated HW-FLOP:  0.0000 FLOP 
Sat Sep 28 01:17:33, Info:  PL calculated NZ-FLOP:  0.0000 FLOP 
Sat Sep 28 01:17:33, Info:  Time spent in simulation: 22 min 3.3457 s (min: 22 min 3.3453 s, max: 22 min 3.3466 s)
Sat Sep 28 01:17:33, Info:  Simulation done. 
Sat Sep 28 01:17:33, Info:  Closing IO. 
Sat Sep 28 01:17:34, Info:  Time wave field writer backend: 2.1426 s (min: 1.6783 s, max: 3.5427 s)
Sat Sep 28 01:17:34, Info:  Time wave field writer frontend: 26.6907 ms (min: 22.2749 ms, max: 39.1424 ms)
Sat Sep 28 01:17:34, Info:  Time free surface writer backend: 983.8266 ms (min: 4.5406 ms, max: 9.6259 s)
Sat Sep 28 01:17:34, Info:  Time fault writer backend: 6.9900 s (min: 3.3832 s, max: 36.6944 s)
Sat Sep 28 01:17:34, Info:  Time fault writer frontend: 57.2905 ms (min: 49.1099 ms, max: 65.7730 ms)
Sat Sep 28 01:17:34, Info:  Time free surface writer frontend: 10.6858 ms (min: 497.7240 s, max: 125.4917 ms)
Sat Sep 28 01:17:34, Info:  SeisSol done. Goodbye. 
SeisSol complete.
/hppfs/scratch/01/di35poq/haiti-rupture-outputs/dynamic-rupture-outputs/variable_SH_max/jobid_3944241 ~/haiti-rupture-inputs/dynamic-rupture/variable_SH_max
Writing hdf5 output with compression enabled (compression_level=4). 
Use --compression=0 if you want to speed-up data extraction.
u1: 0it [00:00, ?it/s]u1: 1it [00:00,  7.16it/s]u1: 4it [00:00, 15.53it/s]u1: 8it [00:00, 14.76it/s]u1: 12it [00:00, 19.29it/s]u1: 16it [00:00, 21.22it/s]u1: 20it [00:00, 23.85it/s]u1: 25it [00:01, 23.98it/s]
u2: 0it [00:00, ?it/s]u2: 1it [00:00,  6.26it/s]u2: 4it [00:00, 17.19it/s]u2: 8it [00:00, 21.36it/s]u2: 12it [00:00, 20.92it/s]u2: 16it [00:00, 22.85it/s]u2: 20it [00:00, 22.60it/s]u2: 25it [00:01, 24.84it/s]
u3: 0it [00:00, ?it/s]u3: 1it [00:00,  6.25it/s]u3: 4it [00:00, 14.82it/s]u3: 8it [00:00, 23.00it/s]u3: 12it [00:00, 26.34it/s]u3: 16it [00:00, 26.93it/s]u3: 24it [00:00, 35.19it/s]u3: 25it [00:00, 29.36it/s]
done writing output_jobid_3944241_extracted-surface.h5
done writing output_jobid_3944241_extracted-surface.xdmf
full path: /hppfs/scratch/01/di35poq/haiti-rupture-outputs/dynamic-rupture-outputs/variable_SH_max/jobid_3944241/output_jobid_3944241_extracted-surface.xdmf
Working on JobID: 3944241
No matching file found for jobid 3944241. Assigning output-fault.xdmf instead
/hppfs/scratch/01/di35poq/haiti-rupture-outputs/dynamic-rupture-outputs/variable_SH_max/jobid_3944241/output-fault.xdmf
warning: Mw computed over 0-85s (avoiding contribution of small residual moment after rupture)
jobid_3944241 moment magnitude: 7.373094198727713 (M0 = 1.4610e+20)
Finished writing /hppfs/scratch/01/di35poq/haiti-rupture-outputs/dynamic-rupture-outputs/variable_SH_max/jobid_3944241/moment_rate_mainshock.png
Looking for output-fault.xdmf
mu_s: 0.52
mu_d: 0.16
done writing /hppfs/scratch/01/di35poq/haiti-rupture-outputs/dynamic-rupture-outputs/variable_SH_max/jobid_3944241/output_jobid_3944241_extracted-fault.xdmf
full path: /hppfs/scratch/01/di35poq/haiti-rupture-outputs/dynamic-rupture-outputs/variable_SH_max/jobid_3944241/output_jobid_3944241_extracted-fault.xdmf
done writing /hppfs/scratch/01/di35poq/haiti-rupture-outputs/dynamic-rupture-outputs/variable_SH_max/jobid_3944241/output_jobid_3944241_extracted-fault.h5
Job ID set as: 3944241
mu_s: 0.52
mu_d: 0.16
~/haiti-rupture-inputs/dynamic-rupture/variable_SH_max
