Sat Jul 27 00:58:18, Info:  Using the parameter file parameters.par 
Sat Jul 27 00:58:18, Info:  Reading SeisSol parameter file... 
Sat Jul 27 00:58:18, Info:  In your parameter file, you have specified a non-positive interval for "checkpointinterval" . This mechanism is deprecated and may be removed in a future version of SeisSol. Consider disabling the whole module by setting "checkpoint" to 0 instead by adding "checkpoint = 0" to the "output" section of your parameter file instead. 
Sat Jul 27 00:58:18, Info:  The field "printintervalcriterion" is no longer in use. You may safely remove it from your parameters file. 
Sat Jul 27 00:58:18, Info:  Disabling the wavefield output by setting "outputformat = 10" is deprecated and may be removed in a future version of SeisSol. Consider using the parameter "wavefieldoutput" instead. To disable wavefield output, add "wavefieldoutput = 0" to the "output" section of your parameters file. 
Sat Jul 27 00:58:18, Info:  The field "printintervalcriterion" is no longer in use. You may safely remove it from your parameters file. 
Sat Jul 27 00:58:18, Info:  The field "pickdttype" is no longer in use. You may safely remove it from your parameters file. 
Sat Jul 27 00:58:18, Info:  The field "faultoutputflag" is no longer in use. You may safely remove it from your parameters file. 
Sat Jul 27 00:58:18, Info:  The field "boundaries" is no longer in use. You may safely remove it from your parameters file. 
Sat Jul 27 00:58:18, Info:  SeisSol parameter file read successfully. 
Sat Jul 27 00:58:18, Info:  Model information: 
Sat Jul 27 00:58:18, Info:  Elastic model: yes 
Sat Jul 27 00:58:18, Info:  Viscoelastic model: no 
Sat Jul 27 00:58:18, Info:  Anelastic model: no 
Sat Jul 27 00:58:18, Info:  Poroelastic model: no 
Sat Jul 27 00:58:18, Info:  Anisotropic model: no 
Sat Jul 27 00:58:18, Info:  Plasticity: no 
Sat Jul 27 00:58:18, Info:  Welcome to SeisSol 
Sat Jul 27 00:58:18, Info:  Copyright (c) 2012 - 2024  SeisSol Group 
Sat Jul 27 00:58:18, Info:  Version: v1.1.4-148-g60aedc8c (dirty) 
Sat Jul 27 00:58:18, Info:  Built on: Jun 17 2024 21:03:35 
Sat Jul 27 00:58:18, Info:  Last commit: 60aedc8c2ae0a5d9e5a46cc3a40e4eaf1c047225 at 2024-06-06T12:54:08+00:00 
Sat Jul 27 00:58:18, Info:  Compiled with HOST_ARCH = skx 
Sat Jul 27 00:58:18, Info:  Running on (rank=0): "i04r08c04s05" 
Sat Jul 27 00:58:18, Info:  Using MPI with #ranks: 16 
Sat Jul 27 00:58:18, Info:  Node-wide (shared memory) MPI with #ranks/node: 1 
Sat Jul 27 00:58:18, Info:  Using asynchronous MPI routines. 
Sat Jul 27 00:58:18, Info:  Using OMP with #threads/rank: 94 
Sat Jul 27 00:58:18, Info:  OpenMP worker affinity (this process): "0123456789|0123456789|0123456789|0123456789|0123456-89|0123456789|0123456789|0123456789|0123456789|01234-" 
Sat Jul 27 00:58:18, Info:  OpenMP worker affinity (this node)   : "0123456789|0123456789|0123456789|0123456789|0123456-89|0123456789|0123456789|0123456789|0123456789|01234-" 
Sat Jul 27 00:58:18, Info:  Using a communication thread for advancing MPI communication. 
Sat Jul 27 00:58:18, Info:  Communication thread affinity        : "----------|----------|----------|----------|-------7--|----------|----------|----------|----------|-----5" 
Sat Jul 27 00:58:18, Info:  The stack size ulimit is 2097152 [kiB] ( = 2.0000 GiB ). 
Sat Jul 27 00:58:18, Info:  Begin init mesh. 
Sat Jul 27 00:58:18, Info:  Mesh file: "/dss/dsshome1/01/di35poq/mesh/mesh_v07/Haiti_v07_lowres" 
Sat Jul 27 00:58:18, Info:  Running mini SeisSol to determine node weights. 
Sat Jul 27 00:58:18, Info:  miniSeisSol configured with 50000 elements and 10 repeats per process 
Sat Jul 27 00:58:18, Info:  Node weights: mean = 41.2849  std = 0.513523  min = 40.064  median = 41.4689  max = 41.8654 
Sat Jul 27 00:58:18, Info:  Reading PUML mesh 
Sat Jul 27 00:58:18, Info:  Inferring boundary format. 
Sat Jul 27 00:58:18, Info:  Boundary format not given in PUML file; inferring from array shape. 
Sat Jul 27 00:58:18, Info:  Using boundary format: i32 (4xi8) 
Sat Jul 27 00:58:18, Info:  Found 2685422 cells 
Sat Jul 27 00:58:18, Info:  Found 477078 vertices 
Sat Jul 27 00:58:20, Info:  Computing LTS weights. 
Sat Jul 27 00:58:23, Info:  Limiting number of clusters to 2147483646 
Sat Jul 27 00:58:23, Info:  Computing LTS weights. Done.  (108216 reductions.)
Sat Jul 27 00:58:23, Info:  Using the Parmetis partition library and strategy. 
Sat Jul 27 00:58:26, Info:  PUML mesh read in: 7.7637 s (min: 7.6980 s, max: 7.9178 s)
Sat Jul 27 00:58:26, Info:  The mesh has been read. Starting post processing. 
Sat Jul 27 00:58:26, Info:  Extracting fault information. 
Sat Jul 27 00:58:26, Info:  Exchanging ghostlayer metadata. 
Sat Jul 27 00:58:28, Info:  Mesh initialized in: 9.7771 s (min: 9.7769 s, max: 9.7776 s)
Sat Jul 27 00:58:28, Info:  End init mesh. 
Sat Jul 27 00:58:28, Info:  Begin init model. 
Sat Jul 27 00:58:28, Info:  Initialize LTS. 
Sat Jul 27 00:58:28, Info:  Deriving clusters ids for min. time step width / multiRate: 0.000213316 / 2 
Sat Jul 27 00:58:28, Info:  Due to wiggle factor of 1 the minimum timestep size is reduced to 0.000213316 
Sat Jul 27 00:58:28, Info:  Number of elements in time clusters: 
Sat Jul 27 00:58:28, Info:  0: 2088 
Sat Jul 27 00:58:28, Info:  1: 265401 
Sat Jul 27 00:58:28, Info:  2: 1618976 
Sat Jul 27 00:58:28, Info:  3: 538212 
Sat Jul 27 00:58:28, Info:  4: 147352 
Sat Jul 27 00:58:28, Info:  5: 35652 
Sat Jul 27 00:58:28, Info:  6: 11329 
Sat Jul 27 00:58:28, Info:  7: 18592 
Sat Jul 27 00:58:28, Info:  8: 47781 
Sat Jul 27 00:58:28, Info:  9: 39 
Sat Jul 27 00:58:28, Info:  maximum theoretical speedup (compared to GTS): 6.4313 per cell LTS, 4.34786 with the used clustering. 
Sat Jul 27 00:58:28, Info:  Number of elements in dynamic rupture time clusters: 
Sat Jul 27 00:58:28, Info:  0 (dr): 618 
Sat Jul 27 00:58:28, Info:  1 (dr): 78817 
Sat Jul 27 00:58:28, Info:  2 (dr): 310019 
Sat Jul 27 00:58:28, Info:  3 (dr): 2509 
Sat Jul 27 00:58:28, Info:  4 (dr): 0 
Sat Jul 27 00:58:28, Info:  5 (dr): 0 
Sat Jul 27 00:58:28, Info:  6 (dr): 0 
Sat Jul 27 00:58:28, Info:  7 (dr): 0 
Sat Jul 27 00:58:28, Info:  8 (dr): 0 
Sat Jul 27 00:58:28, Info:  9 (dr): 0 
Sat Jul 27 00:58:28, Info:  Initialize Friction Model 
Sat Jul 27 00:58:30, Info:  Initialize cell material parameters. 
Sat Jul 27 00:58:31, Info:  Initialize Memory layout. 
Sat Jul 27 00:58:32, Info:  Initialize cell-local matrices. 
Sat Jul 27 00:58:32, Info:  Initializing Fault, using a quadrature rule with  25  points. 
Sat Jul 27 01:01:53, Info:  Model initialized in: 3 min 25.5272 s (min: 3 min 25.5250 s, max: 3 min 25.5294 s)
Sat Jul 27 01:01:53, Info:  End init model. 
Sat Jul 27 01:01:53, Info:  Setting initial conditions. 
Sat Jul 27 01:01:53, Info:  Using initial condition "Zero" . 
Sat Jul 27 01:01:53, Info:  Reading source. 
Sat Jul 27 01:01:53, Info:  No source term specified. 
Sat Jul 27 01:01:53, Info:  Setting up boundary conditions. 
Sat Jul 27 01:01:53, Info:  Begin init output. 
Sat Jul 27 01:01:53, Info:  Initializing free surface integrator. 
Sat Jul 27 01:01:53, Info:  Initializing free surface integrator. Done. 
Sat Jul 27 01:01:53, Info:  Enabling 2D fault output 
Sat Jul 27 01:01:53, Info:  Initializing Fault output. Number of sub-triangles: 4 
Sat Jul 27 01:01:53, Info:  Initializing XDMF fault output. 
Sat Jul 27 01:01:53, Info:  Fault writer thread affinity: "----------|----------|----------|----------|-------7--|----------|----------|----------|----------|-----5" 
Sat Jul 27 01:01:54, Info:  Initializing XDMF fault output. Done. 
Sat Jul 27 01:01:54, Info:  Initializing free surface output. 
Sat Jul 27 01:01:54, Info:  Free surface writer thread affinity: "----------|----------|----------|----------|-------7--|----------|----------|----------|----------|-----5" 
Sat Jul 27 01:01:54, Info:  No record points read. 
Sat Jul 27 01:01:54, Info:  Finding meshIds for receivers... 
Sat Jul 27 01:01:54, Info:  Cleaning possible double occurring receivers for MPI... 
Sat Jul 27 01:01:54, Info:  Mapping receivers to LTS cells... 
Sat Jul 27 01:01:54, Info:  Initializing energy output. 
Sat Jul 27 01:01:54, Info:  End init output. 
Sat Jul 27 01:01:54, Info:  Initializing free surface output. Done. 
Sat Jul 27 01:01:54, Info:  Finishing initialization... 
Sat Jul 27 01:01:54, Info:  Starting simulation. 
Sat Jul 27 01:01:54, Info:  Writing faultoutput at time 0.
Sat Jul 27 01:01:54, Info:  Writing faultoutput at time 0. Done.
Sat Jul 27 01:01:54, Info:  Writing free surface at time 0.
Sat Jul 27 01:01:54, Info:  Writing free surface at time 0. Done.
Sat Jul 27 01:01:54, Info:  Writing energy output at time 0 
Sat Jul 27 01:01:54, Info:  Total momentum (X, Y, Z): 0  , 0  , 0 
Sat Jul 27 01:01:54, Info:  Writing energy output at time 0 Done. 
Sat Jul 27 01:01:54, Info:  Time spent for initial IO: 51.5787 ms (min: 41.8047 ms, max: 68.2549 ms)
Sat Jul 27 01:02:21, Info:  Writing faultoutput at time 0.5.
Sat Jul 27 01:02:21, Info:  Writing faultoutput at time 0.5. Done.
Sat Jul 27 01:02:21, Info:  Writing energy output at time 0.5 
Sat Jul 27 01:02:21, Info:  Elastic energy (total, % kinematic, % potential):  2.66267e+13  , 22.7777  , 77.2223 
Sat Jul 27 01:02:21, Info:  Total momentum (X, Y, Z): -0.0361777  , 0.0131366  , 0.00349691 
Sat Jul 27 01:02:21, Info:  Frictional work (total, % static, % radiated):  2.68501e+13  , 75.201  , 24.799 
Sat Jul 27 01:02:21, Info:  Seismic moment (without plasticity): 7.15061e+16  Mw: 5.16623 
Sat Jul 27 01:02:21, Info:  Writing energy output at time 0.5 Done. 
Sat Jul 27 01:02:21, Info:  Time spent this phase (total): 27.0725 s (min: 27.0253 s, max: 27.1062 s)
Sat Jul 27 01:02:21, Info:  Time spent this phase (compute): 27.0209 s (min: 26.9771 s, max: 27.0517 s)
Sat Jul 27 01:02:21, Info:  Time spent this phase (IO): 51.8469 ms (min: 40.0035 ms, max: 94.9792 ms)
Sat Jul 27 01:02:21, Info:  Performance since the start: 9.2976 TFLOP/s (rank 0: 587.7939 GFLOP/s , average over ranks: 581.0974 GFLOP/s ) 
Sat Jul 27 01:02:21, Info:  Performance since last sync point: 9.2976 TFLOP/s (rank 0: 587.7939 GFLOP/s , average over ranks: 581.0974 GFLOP/s ) 
Sat Jul 27 01:02:48, Info:  Writing faultoutput at time 1.
Sat Jul 27 01:02:48, Info:  Writing faultoutput at time 1. Done.
Sat Jul 27 01:02:48, Info:  Writing free surface at time 1.
Sat Jul 27 01:02:48, Info:  Writing free surface at time 1. Done.
Sat Jul 27 01:02:48, Info:  Writing energy output at time 1 
Sat Jul 27 01:02:48, Info:  Elastic energy (total, % kinematic, % potential):  1.33705e+14  , 16.008  , 83.992 
Sat Jul 27 01:02:48, Info:  Total momentum (X, Y, Z): 1.76236  , 1.61045  , -0.0736482 
Sat Jul 27 01:02:48, Info:  Frictional work (total, % static, % radiated):  1.34828e+14  , 81.6978  , 18.3022 
Sat Jul 27 01:02:48, Info:  Seismic moment (without plasticity): 3.84591e+17  Mw: 5.65333 
Sat Jul 27 01:02:48, Info:  Writing energy output at time 1 Done. 
Sat Jul 27 01:02:48, Info:  Time spent this phase (total): 27.0434 s (min: 27.0243 s, max: 27.0638 s)
Sat Jul 27 01:02:48, Info:  Time spent this phase (compute): 27.0433 s (min: 27.0242 s, max: 27.0636 s)
Sat Jul 27 01:02:48, Info:  Time spent this phase (IO): 55.3170 ms (min: 39.9881 ms, max: 105.7105 ms)
Sat Jul 27 01:02:48, Info:  Performance since the start: 9.3025 TFLOP/s (rank 0: 588.4488 GFLOP/s , average over ranks: 581.4088 GFLOP/s ) 
Sat Jul 27 01:02:48, Info:  Performance since last sync point: 9.3075 TFLOP/s (rank 0: 589.1052 GFLOP/s , average over ranks: 581.7208 GFLOP/s ) 
Sat Jul 27 01:03:15, Info:  Writing faultoutput at time 1.5.
Sat Jul 27 01:03:15, Info:  Writing faultoutput at time 1.5. Done.
Sat Jul 27 01:03:15, Info:  Writing energy output at time 1.5 
Sat Jul 27 01:03:15, Info:  Elastic energy (total, % kinematic, % potential):  4.30507e+14  , 22.1635  , 77.8365 
Sat Jul 27 01:03:15, Info:  Total momentum (X, Y, Z): -0.443637  , -0.449784  , 1.03085 
Sat Jul 27 01:03:15, Info:  Frictional work (total, % static, % radiated):  4.3266e+14  , 80.9885  , 19.0115 
Sat Jul 27 01:03:15, Info:  Seismic moment (without plasticity): 1.20113e+18  Mw: 5.98306 
Sat Jul 27 01:03:15, Info:  Writing energy output at time 1.5 Done. 
Sat Jul 27 01:03:15, Info:  Time spent this phase (total): 27.2567 s (min: 27.2384 s, max: 27.2721 s)
Sat Jul 27 01:03:15, Info:  Time spent this phase (compute): 27.2566 s (min: 27.2384 s, max: 27.2721 s)
Sat Jul 27 01:03:15, Info:  Time spent this phase (IO): 50.0100 ms (min: 39.9158 ms, max: 73.3502 ms)
Sat Jul 27 01:03:15, Info:  Performance since the start: 9.2798 TFLOP/s (rank 0: 587.2645 GFLOP/s , average over ranks: 579.9887 GFLOP/s ) 
Sat Jul 27 01:03:15, Info:  Performance since last sync point: 9.2347 TFLOP/s (rank 0: 584.9100 GFLOP/s , average over ranks: 577.1696 GFLOP/s ) 
Sat Jul 27 01:03:42, Info:  Writing faultoutput at time 2.
Sat Jul 27 01:03:42, Info:  Writing faultoutput at time 2. Done.
Sat Jul 27 01:03:42, Info:  Writing free surface at time 2.
Sat Jul 27 01:03:42, Info:  Writing free surface at time 2. Done.
Sat Jul 27 01:03:42, Info:  Writing energy output at time 2 
Sat Jul 27 01:03:42, Info:  Elastic energy (total, % kinematic, % potential):  1.34702e+15  , 27.7671  , 72.2329 
Sat Jul 27 01:03:42, Info:  Total momentum (X, Y, Z): -1.74583  , -1.51144  , 1.42456 
Sat Jul 27 01:03:42, Info:  Frictional work (total, % static, % radiated):  1.35845e+15  , 72.4232  , 27.5768 
Sat Jul 27 01:03:42, Info:  Seismic moment (without plasticity): 3.40681e+18  Mw: 6.2849 
Sat Jul 27 01:03:42, Info:  Writing energy output at time 2 Done. 
Sat Jul 27 01:03:42, Info:  Time spent this phase (total): 26.9800 s (min: 26.9715 s, max: 27.0114 s)
Sat Jul 27 01:03:42, Info:  Time spent this phase (compute): 26.9799 s (min: 26.9714 s, max: 27.0112 s)
Sat Jul 27 01:03:42, Info:  Time spent this phase (IO): 51.1840 ms (min: 39.9929 ms, max: 68.5991 ms)
Sat Jul 27 01:03:42, Info:  Performance since the start: 9.2922 TFLOP/s (rank 0: 588.0454 GFLOP/s , average over ranks: 580.7604 GFLOP/s ) 
Sat Jul 27 01:03:42, Info:  Performance since last sync point: 9.3294 TFLOP/s (rank 0: 590.4006 GFLOP/s , average over ranks: 583.0881 GFLOP/s ) 
Sat Jul 27 01:04:09, Info:  Writing faultoutput at time 2.5.
Sat Jul 27 01:04:09, Info:  Writing faultoutput at time 2.5. Done.
Sat Jul 27 01:04:09, Info:  Writing energy output at time 2.5 
Sat Jul 27 01:04:09, Info:  Elastic energy (total, % kinematic, % potential):  3.28693e+15  , 30.3417  , 69.6583 
Sat Jul 27 01:04:09, Info:  Total momentum (X, Y, Z): -60.3427  , -12.8241  , 13.61 
Sat Jul 27 01:04:09, Info:  Frictional work (total, % static, % radiated):  3.33211e+15  , 66.6615  , 33.3385 
Sat Jul 27 01:04:09, Info:  Seismic moment (without plasticity): 7.83527e+18  Mw: 6.52604 
Sat Jul 27 01:04:09, Info:  Writing energy output at time 2.5 Done. 
Sat Jul 27 01:04:09, Info:  Time spent this phase (total): 26.9098 s (min: 26.8819 s, max: 26.9178 s)
Sat Jul 27 01:04:09, Info:  Time spent this phase (compute): 26.9097 s (min: 26.8819 s, max: 26.9177 s)
Sat Jul 27 01:04:09, Info:  Time spent this phase (IO): 49.4366 ms (min: 39.9527 ms, max: 70.8830 ms)
Sat Jul 27 01:04:09, Info:  Performance since the start: 9.3044 TFLOP/s (rank 0: 588.8887 GFLOP/s , average over ranks: 581.5264 GFLOP/s ) 
Sat Jul 27 01:04:09, Info:  Performance since last sync point: 9.3538 TFLOP/s (rank 0: 592.2864 GFLOP/s , average over ranks: 584.6108 GFLOP/s ) 
Sat Jul 27 01:04:36, Info:  Writing faultoutput at time 3.
Sat Jul 27 01:04:36, Info:  Writing faultoutput at time 3. Done.
Sat Jul 27 01:04:36, Info:  Writing free surface at time 3.
Sat Jul 27 01:04:36, Info:  Writing free surface at time 3. Done.
Sat Jul 27 01:04:36, Info:  Writing energy output at time 3 
Sat Jul 27 01:04:36, Info:  Elastic energy (total, % kinematic, % potential):  6.56165e+15  , 31.5814  , 68.4186 
Sat Jul 27 01:04:36, Info:  Total momentum (X, Y, Z): -172.772  , -31.2486  , 58.09 
Sat Jul 27 01:04:36, Info:  Frictional work (total, % static, % radiated):  6.68397e+15  , 63.1582  , 36.8418 
Sat Jul 27 01:04:36, Info:  Seismic moment (without plasticity): 1.5216e+19  Mw: 6.7182 
Sat Jul 27 01:04:36, Info:  Writing energy output at time 3 Done. 
Sat Jul 27 01:04:36, Info:  Time spent this phase (total): 26.9680 s (min: 26.9565 s, max: 26.9945 s)
Sat Jul 27 01:04:36, Info:  Time spent this phase (compute): 26.9679 s (min: 26.9565 s, max: 26.9944 s)
Sat Jul 27 01:04:36, Info:  Time spent this phase (IO): 52.1886 ms (min: 40.1968 ms, max: 78.7150 ms)
Sat Jul 27 01:04:36, Info:  Performance since the start: 9.3093 TFLOP/s (rank 0: 589.1870 GFLOP/s , average over ranks: 581.8289 GFLOP/s ) 
Sat Jul 27 01:04:36, Info:  Performance since last sync point: 9.3335 TFLOP/s (rank 0: 590.6830 GFLOP/s , average over ranks: 583.3465 GFLOP/s ) 
Sat Jul 27 01:05:03, Info:  Writing faultoutput at time 3.5.
Sat Jul 27 01:05:03, Info:  Writing faultoutput at time 3.5. Done.
Sat Jul 27 01:05:03, Info:  Writing energy output at time 3.5 
Sat Jul 27 01:05:03, Info:  Elastic energy (total, % kinematic, % potential):  1.14431e+16  , 32.3243  , 67.6757 
Sat Jul 27 01:05:03, Info:  Total momentum (X, Y, Z): -479.158  , -58.203  , 171.791 
Sat Jul 27 01:05:03, Info:  Frictional work (total, % static, % radiated):  1.16862e+16  , 60.872  , 39.128 
Sat Jul 27 01:05:03, Info:  Seismic moment (without plasticity): 2.62385e+19  Mw: 6.87596 
Sat Jul 27 01:05:03, Info:  Writing energy output at time 3.5 Done. 
Sat Jul 27 01:05:03, Info:  Time spent this phase (total): 27.1816 s (min: 27.1450 s, max: 27.1914 s)
Sat Jul 27 01:05:03, Info:  Time spent this phase (compute): 27.1816 s (min: 27.1450 s, max: 27.1913 s)
Sat Jul 27 01:05:03, Info:  Time spent this phase (IO): 50.1266 ms (min: 39.9733 ms, max: 73.5096 ms)
Sat Jul 27 01:05:03, Info:  Performance since the start: 9.3022 TFLOP/s (rank 0: 588.7633 GFLOP/s , average over ranks: 581.3891 GFLOP/s ) 
Sat Jul 27 01:05:03, Info:  Performance since last sync point: 9.2602 TFLOP/s (rank 0: 586.2341 GFLOP/s , average over ranks: 578.7642 GFLOP/s ) 
Sat Jul 27 01:05:30, Info:  Writing faultoutput at time 4.
Sat Jul 27 01:05:30, Info:  Writing faultoutput at time 4. Done.
Sat Jul 27 01:05:30, Info:  Writing free surface at time 4.
Sat Jul 27 01:05:30, Info:  Writing free surface at time 4. Done.
Sat Jul 27 01:05:30, Info:  Writing energy output at time 4 
Sat Jul 27 01:05:30, Info:  Elastic energy (total, % kinematic, % potential):  1.8139e+16  , 32.828  , 67.172 
Sat Jul 27 01:05:30, Info:  Total momentum (X, Y, Z): -1057.81  , -94.4597  , 398.567 
Sat Jul 27 01:05:30, Info:  Frictional work (total, % static, % radiated):  1.85551e+16  , 59.2906  , 40.7094 
Sat Jul 27 01:05:30, Info:  Seismic moment (without plasticity): 4.15278e+19  Mw: 7.00889 
Sat Jul 27 01:05:30, Info:  Writing energy output at time 4 Done. 
Sat Jul 27 01:05:30, Info:  Time spent this phase (total): 27.1410 s (min: 27.1209 s, max: 27.1715 s)
Sat Jul 27 01:05:30, Info:  Time spent this phase (compute): 27.1410 s (min: 27.1208 s, max: 27.1714 s)
Sat Jul 27 01:05:30, Info:  Time spent this phase (IO): 50.3566 ms (min: 39.8915 ms, max: 72.4520 ms)
Sat Jul 27 01:05:30, Info:  Performance since the start: 9.2987 TFLOP/s (rank 0: 588.5323 GFLOP/s , average over ranks: 581.1684 GFLOP/s ) 
Sat Jul 27 01:05:30, Info:  Performance since last sync point: 9.2741 TFLOP/s (rank 0: 586.9202 GFLOP/s , average over ranks: 579.6283 GFLOP/s ) 
Sat Jul 27 01:05:57, Info:  Writing faultoutput at time 4.5.
Sat Jul 27 01:05:57, Info:  Writing faultoutput at time 4.5. Done.
Sat Jul 27 01:05:57, Info:  Writing energy output at time 4.5 
Sat Jul 27 01:05:57, Info:  Elastic energy (total, % kinematic, % potential):  2.68578e+16  , 33.23  , 66.77 
Sat Jul 27 01:05:57, Info:  Total momentum (X, Y, Z): -406.312  , 106.416  , 342.224 
Sat Jul 27 01:05:57, Info:  Frictional work (total, % static, % radiated):  2.74798e+16  , 58.1803  , 41.8197 
Sat Jul 27 01:05:57, Info:  Seismic moment (without plasticity): 6.17107e+19  Mw: 7.12357 
Sat Jul 27 01:05:57, Info:  Writing energy output at time 4.5 Done. 
Sat Jul 27 01:05:57, Info:  Time spent this phase (total): 27.0904 s (min: 27.0602 s, max: 27.1110 s)
Sat Jul 27 01:05:57, Info:  Time spent this phase (compute): 27.0903 s (min: 27.0602 s, max: 27.1110 s)
Sat Jul 27 01:05:57, Info:  Time spent this phase (IO): 50.3179 ms (min: 40.0075 ms, max: 73.6413 ms)
Sat Jul 27 01:05:57, Info:  Performance since the start: 9.2979 TFLOP/s (rank 0: 588.5003 GFLOP/s , average over ranks: 581.1177 GFLOP/s ) 
Sat Jul 27 01:05:57, Info:  Performance since last sync point: 9.2914 TFLOP/s (rank 0: 588.2442 GFLOP/s , average over ranks: 580.7124 GFLOP/s ) 
Sat Jul 27 01:06:24, Info:  Writing faultoutput at time 5.
Sat Jul 27 01:06:24, Info:  Writing faultoutput at time 5. Done.
Sat Jul 27 01:06:24, Info:  Writing free surface at time 5.
Sat Jul 27 01:06:24, Info:  Writing free surface at time 5. Done.
Sat Jul 27 01:06:24, Info:  Writing energy output at time 5 
Sat Jul 27 01:06:24, Info:  Elastic energy (total, % kinematic, % potential):  3.77484e+16  , 33.7369  , 66.2631 
Sat Jul 27 01:06:24, Info:  Total momentum (X, Y, Z): 167.891  , 521.943  , -454.92 
Sat Jul 27 01:06:24, Info:  Frictional work (total, % static, % radiated):  3.86592e+16  , 57.3933  , 42.6067 
Sat Jul 27 01:06:24, Info:  Seismic moment (without plasticity): 8.74677e+19  Mw: 7.22457 
Sat Jul 27 01:06:24, Info:  Writing energy output at time 5 Done. 
Sat Jul 27 01:06:24, Info:  Time spent this phase (total): 26.9981 s (min: 26.9953 s, max: 27.0217 s)
Sat Jul 27 01:06:24, Info:  Time spent this phase (compute): 26.9980 s (min: 26.9952 s, max: 27.0216 s)
Sat Jul 27 01:06:24, Info:  Time spent this phase (IO): 52.7019 ms (min: 40.1269 ms, max: 81.3374 ms)
Sat Jul 27 01:06:24, Info:  Performance since the start: 9.3004 TFLOP/s (rank 0: 588.6574 GFLOP/s , average over ranks: 581.2752 GFLOP/s ) 
Sat Jul 27 01:06:24, Info:  Performance since last sync point: 9.3231 TFLOP/s (rank 0: 590.0755 GFLOP/s , average over ranks: 582.6966 GFLOP/s ) 
Sat Jul 27 01:06:51, Info:  Writing faultoutput at time 5.5.
Sat Jul 27 01:06:51, Info:  Writing faultoutput at time 5.5. Done.
Sat Jul 27 01:06:51, Info:  Writing energy output at time 5.5 
Sat Jul 27 01:06:51, Info:  Elastic energy (total, % kinematic, % potential):  5.10803e+16  , 34.2155  , 65.7845 
Sat Jul 27 01:06:51, Info:  Total momentum (X, Y, Z): 1174.19  , 409.582  , 1056.77 
Sat Jul 27 01:06:51, Info:  Frictional work (total, % static, % radiated):  5.23361e+16  , 56.7462  , 43.2538 
Sat Jul 27 01:06:51, Info:  Seismic moment (without plasticity): 1.19655e+20  Mw: 7.31529 
Sat Jul 27 01:06:51, Info:  Writing energy output at time 5.5 Done. 
Sat Jul 27 01:06:51, Info:  Time spent this phase (total): 27.0579 s (min: 27.0342 s, max: 27.0606 s)
Sat Jul 27 01:06:51, Info:  Time spent this phase (compute): 27.0578 s (min: 27.0342 s, max: 27.0605 s)
Sat Jul 27 01:06:51, Info:  Time spent this phase (IO): 50.6211 ms (min: 39.8649 ms, max: 74.8875 ms)
Sat Jul 27 01:06:51, Info:  Performance since the start: 9.3006 TFLOP/s (rank 0: 588.6793 GFLOP/s , average over ranks: 581.2874 GFLOP/s ) 
Sat Jul 27 01:06:51, Info:  Performance since last sync point: 9.3026 TFLOP/s (rank 0: 588.8983 GFLOP/s , average over ranks: 581.4096 GFLOP/s ) 
Sat Jul 27 01:07:18, Info:  Writing faultoutput at time 6.
Sat Jul 27 01:07:18, Info:  Writing faultoutput at time 6. Done.
Sat Jul 27 01:07:18, Info:  Writing free surface at time 6.
Sat Jul 27 01:07:18, Info:  Writing free surface at time 6. Done.
Sat Jul 27 01:07:18, Info:  Writing energy output at time 6 
Sat Jul 27 01:07:19, Info:  Elastic energy (total, % kinematic, % potential):  6.68106e+16  , 34.5019  , 65.4981 
Sat Jul 27 01:07:19, Info:  Total momentum (X, Y, Z): 127.469  , 1682.56  , 5221.97 
Sat Jul 27 01:07:19, Info:  Frictional work (total, % static, % radiated):  6.84792e+16  , 56.2352  , 43.7648 
Sat Jul 27 01:07:19, Info:  Seismic moment (without plasticity): 1.58803e+20  Mw: 7.39724 
Sat Jul 27 01:07:19, Info:  Writing energy output at time 6 Done. 
Sat Jul 27 01:07:19, Info:  Time spent this phase (total): 27.1133 s (min: 27.1103 s, max: 27.1221 s)
Sat Jul 27 01:07:19, Info:  Time spent this phase (compute): 27.1132 s (min: 27.1103 s, max: 27.1220 s)
Sat Jul 27 01:07:19, Info:  Time spent this phase (IO): 51.2296 ms (min: 40.1423 ms, max: 75.6871 ms)
Sat Jul 27 01:07:19, Info:  Performance since the start: 9.2992 TFLOP/s (rank 0: 588.5964 GFLOP/s , average over ranks: 581.1985 GFLOP/s ) 
Sat Jul 27 01:07:19, Info:  Performance since last sync point: 9.2836 TFLOP/s (rank 0: 587.6860 GFLOP/s , average over ranks: 580.2219 GFLOP/s ) 
Sat Jul 27 01:07:46, Info:  Writing faultoutput at time 6.5.
Sat Jul 27 01:07:46, Info:  Writing faultoutput at time 6.5. Done.
Sat Jul 27 01:07:46, Info:  Writing energy output at time 6.5 
Sat Jul 27 01:07:46, Info:  Elastic energy (total, % kinematic, % potential):  8.38498e+16  , 34.279  , 65.721 
Sat Jul 27 01:07:46, Info:  Total momentum (X, Y, Z): 4711.25  , 1698.05  , -49516.4 
Sat Jul 27 01:07:46, Info:  Frictional work (total, % static, % radiated):  8.59723e+16  , 55.829  , 44.171 
Sat Jul 27 01:07:46, Info:  Seismic moment (without plasticity): 2.03311e+20  Mw: 7.46877 
Sat Jul 27 01:07:46, Info:  Writing energy output at time 6.5 Done. 
Sat Jul 27 01:07:46, Info:  Time spent this phase (total): 27.1341 s (min: 27.1254 s, max: 27.1369 s)
Sat Jul 27 01:07:46, Info:  Time spent this phase (compute): 27.1340 s (min: 27.1253 s, max: 27.1368 s)
Sat Jul 27 01:07:46, Info:  Time spent this phase (IO): 50.6410 ms (min: 39.8246 ms, max: 75.3264 ms)
Sat Jul 27 01:07:46, Info:  Performance since the start: 9.2974 TFLOP/s (rank 0: 588.4839 GFLOP/s , average over ranks: 581.0889 GFLOP/s ) 
Sat Jul 27 01:07:46, Info:  Performance since last sync point: 9.2764 TFLOP/s (rank 0: 587.1377 GFLOP/s , average over ranks: 579.7773 GFLOP/s ) 
Sat Jul 27 01:08:13, Info:  Writing faultoutput at time 7.
Sat Jul 27 01:08:13, Info:  Writing faultoutput at time 7. Done.
Sat Jul 27 01:08:13, Info:  Writing free surface at time 7.
Sat Jul 27 01:08:13, Info:  Writing free surface at time 7. Done.
Sat Jul 27 01:08:13, Info:  Writing energy output at time 7 
Sat Jul 27 01:08:13, Info:  Elastic energy (total, % kinematic, % potential):  1.02076e+17  , 33.7466  , 66.2534 
Sat Jul 27 01:08:13, Info:  Total momentum (X, Y, Z): -8316.38  , -1613.97  , 234342 
Sat Jul 27 01:08:13, Info:  Frictional work (total, % static, % radiated):  1.04681e+17  , 55.4489  , 44.5511 
Sat Jul 27 01:08:13, Info:  Seismic moment (without plasticity): 2.50657e+20  Mw: 7.52939 
Sat Jul 27 01:08:13, Info:  Writing energy output at time 7 Done. 
Sat Jul 27 01:08:13, Info:  Time spent this phase (total): 27.1362 s (min: 27.1275 s, max: 27.1699 s)
Sat Jul 27 01:08:13, Info:  Time spent this phase (compute): 27.1361 s (min: 27.1274 s, max: 27.1698 s)
Sat Jul 27 01:08:13, Info:  Time spent this phase (IO): 51.6817 ms (min: 39.9974 ms, max: 72.7378 ms)
Sat Jul 27 01:08:13, Info:  Performance since the start: 9.2959 TFLOP/s (rank 0: 588.3771 GFLOP/s , average over ranks: 580.9917 GFLOP/s ) 
Sat Jul 27 01:08:13, Info:  Performance since last sync point: 9.2757 TFLOP/s (rank 0: 586.9924 GFLOP/s , average over ranks: 579.7311 GFLOP/s ) 
Sat Jul 27 01:08:40, Info:  Writing faultoutput at time 7.5.
Sat Jul 27 01:08:40, Info:  Writing faultoutput at time 7.5. Done.
Sat Jul 27 01:08:40, Info:  Writing energy output at time 7.5 
Sat Jul 27 01:08:40, Info:  Elastic energy (total, % kinematic, % potential):  1.21329e+17  , 33.1822  , 66.8178 
Sat Jul 27 01:08:40, Info:  Total momentum (X, Y, Z): 37727.2  , 3691.69  , -793560 
Sat Jul 27 01:08:40, Info:  Frictional work (total, % static, % radiated):  1.24455e+17  , 55.1344  , 44.8656 
Sat Jul 27 01:08:40, Info:  Seismic moment (without plasticity): 3.00144e+20  Mw: 7.58155 
Sat Jul 27 01:08:40, Info:  Writing energy output at time 7.5 Done. 
Sat Jul 27 01:08:40, Info:  Time spent this phase (total): 27.0824 s (min: 27.0473 s, max: 27.0946 s)
Sat Jul 27 01:08:40, Info:  Time spent this phase (compute): 27.0820 s (min: 27.0473 s, max: 27.0946 s)
Sat Jul 27 01:08:40, Info:  Time spent this phase (IO): 50.4602 ms (min: 40.0768 ms, max: 74.6923 ms)
Sat Jul 27 01:08:40, Info:  Performance since the start: 9.2958 TFLOP/s (rank 0: 588.3845 GFLOP/s , average over ranks: 580.9845 GFLOP/s ) 
Sat Jul 27 01:08:40, Info:  Performance since last sync point: 9.2941 TFLOP/s (rank 0: 588.4870 GFLOP/s , average over ranks: 580.8842 GFLOP/s ) 
Sat Jul 27 01:09:07, Info:  Writing faultoutput at time 8.
Sat Jul 27 01:09:07, Info:  Writing faultoutput at time 8. Done.
Sat Jul 27 01:09:07, Info:  Writing free surface at time 8.
Sat Jul 27 01:09:07, Info:  Writing free surface at time 8. Done.
Sat Jul 27 01:09:07, Info:  Writing energy output at time 8 
Sat Jul 27 01:09:07, Info:  Elastic energy (total, % kinematic, % potential):  1.41446e+17  , 32.6845  , 67.3155 
Sat Jul 27 01:09:07, Info:  Total momentum (X, Y, Z): -109074  , 34886.2  , 2.04518e+06 
Sat Jul 27 01:09:07, Info:  Frictional work (total, % static, % radiated):  1.45092e+17  , 54.8846  , 45.1154 
Sat Jul 27 01:09:07, Info:  Seismic moment (without plasticity): 3.51663e+20  Mw: 7.62742 
Sat Jul 27 01:09:07, Info:  Writing energy output at time 8 Done. 
Sat Jul 27 01:09:07, Info:  Time spent this phase (total): 26.8955 s (min: 26.8869 s, max: 26.9074 s)
Sat Jul 27 01:09:07, Info:  Time spent this phase (compute): 26.8955 s (min: 26.8868 s, max: 26.9073 s)
Sat Jul 27 01:09:07, Info:  Time spent this phase (IO): 51.8141 ms (min: 40.0439 ms, max: 76.1493 ms)
Sat Jul 27 01:09:07, Info:  Performance since the start: 9.2997 TFLOP/s (rank 0: 588.6347 GFLOP/s , average over ranks: 581.2289 GFLOP/s ) 
Sat Jul 27 01:09:07, Info:  Performance since last sync point: 9.3587 TFLOP/s (rank 0: 592.4136 GFLOP/s , average over ranks: 584.9190 GFLOP/s ) 
Sat Jul 27 01:09:34, Info:  Writing faultoutput at time 8.5.
Sat Jul 27 01:09:34, Info:  Writing faultoutput at time 8.5. Done.
Sat Jul 27 01:09:34, Info:  Writing energy output at time 8.5 
Sat Jul 27 01:09:34, Info:  Elastic energy (total, % kinematic, % potential):  1.62338e+17  , 32.2481  , 67.7519 
Sat Jul 27 01:09:34, Info:  Total momentum (X, Y, Z): 284582  , -130708  , -3.8287e+06 
Sat Jul 27 01:09:34, Info:  Frictional work (total, % static, % radiated):  1.66582e+17  , 54.6675  , 45.3325 
Sat Jul 27 01:09:34, Info:  Seismic moment (without plasticity): 4.05452e+20  Mw: 7.66863 
Sat Jul 27 01:09:34, Info:  Writing energy output at time 8.5 Done. 
Sat Jul 27 01:09:34, Info:  Time spent this phase (total): 26.9068 s (min: 26.8876 s, max: 26.9098 s)
Sat Jul 27 01:09:34, Info:  Time spent this phase (compute): 26.9067 s (min: 26.8875 s, max: 26.9098 s)
Sat Jul 27 01:09:34, Info:  Time spent this phase (IO): 50.8500 ms (min: 39.9755 ms, max: 76.8049 ms)
Sat Jul 27 01:09:34, Info:  Performance since the start: 9.3029 TFLOP/s (rank 0: 588.8365 GFLOP/s , average over ranks: 581.4305 GFLOP/s ) 
Sat Jul 27 01:09:34, Info:  Performance since last sync point: 9.3548 TFLOP/s (rank 0: 592.0838 GFLOP/s , average over ranks: 584.6758 GFLOP/s ) 
Sat Jul 27 01:10:01, Info:  Writing faultoutput at time 9.
Sat Jul 27 01:10:01, Info:  Writing faultoutput at time 9. Done.
Sat Jul 27 01:10:01, Info:  Writing free surface at time 9.
Sat Jul 27 01:10:01, Info:  Writing free surface at time 9. Done.
Sat Jul 27 01:10:01, Info:  Writing energy output at time 9 
Sat Jul 27 01:10:01, Info:  Elastic energy (total, % kinematic, % potential):  1.83918e+17  , 31.8665  , 68.1335 
Sat Jul 27 01:10:01, Info:  Total momentum (X, Y, Z): -530418  , 287456  , 3.3297e+06 
Sat Jul 27 01:10:01, Info:  Frictional work (total, % static, % radiated):  1.88835e+17  , 54.4934  , 45.5066 
Sat Jul 27 01:10:01, Info:  Seismic moment (without plasticity): 4.6159e+20  Mw: 7.70617 
Sat Jul 27 01:10:01, Info:  Writing energy output at time 9 Done. 
Sat Jul 27 01:10:01, Info:  Time spent this phase (total): 27.3539 s (min: 27.3447 s, max: 27.3760 s)
Sat Jul 27 01:10:01, Info:  Time spent this phase (compute): 27.3537 s (min: 27.3446 s, max: 27.3759 s)
Sat Jul 27 01:10:01, Info:  Time spent this phase (IO): 52.1277 ms (min: 40.1381 ms, max: 76.6286 ms)
Sat Jul 27 01:10:01, Info:  Performance since the start: 9.2972 TFLOP/s (rank 0: 588.4839 GFLOP/s , average over ranks: 581.0762 GFLOP/s ) 
Sat Jul 27 01:10:01, Info:  Performance since last sync point: 9.2019 TFLOP/s (rank 0: 582.5539 GFLOP/s , average over ranks: 575.1185 GFLOP/s ) 
Sat Jul 27 01:10:28, Info:  Writing faultoutput at time 9.5.
Sat Jul 27 01:10:28, Info:  Writing faultoutput at time 9.5. Done.
Sat Jul 27 01:10:28, Info:  Writing energy output at time 9.5 
Sat Jul 27 01:10:28, Info:  Elastic energy (total, % kinematic, % potential):  2.06275e+17  , 31.5208  , 68.4792 
Sat Jul 27 01:10:28, Info:  Total momentum (X, Y, Z): 1.01454e+06  , -494104  , 9.35308e+06 
Sat Jul 27 01:10:28, Info:  Frictional work (total, % static, % radiated):  2.11892e+17  , 54.3551  , 45.6449 
Sat Jul 27 01:10:28, Info:  Seismic moment (without plasticity): 5.19898e+20  Mw: 7.74061 
Sat Jul 27 01:10:28, Info:  Writing energy output at time 9.5 Done. 
Sat Jul 27 01:10:28, Info:  Time spent this phase (total): 27.0311 s (min: 27.0086 s, max: 27.0399 s)
Sat Jul 27 01:10:28, Info:  Time spent this phase (compute): 27.0310 s (min: 27.0086 s, max: 27.0399 s)
Sat Jul 27 01:10:28, Info:  Time spent this phase (IO): 51.0349 ms (min: 39.8845 ms, max: 76.2997 ms)
Sat Jul 27 01:10:28, Info:  Performance since the start: 9.2980 TFLOP/s (rank 0: 588.5297 GFLOP/s , average over ranks: 581.1241 GFLOP/s ) 
Sat Jul 27 01:10:28, Info:  Performance since last sync point: 9.3118 TFLOP/s (rank 0: 589.3553 GFLOP/s , average over ranks: 581.9869 GFLOP/s ) 
Sat Jul 27 01:10:55, Info:  Writing faultoutput at time 10.
Sat Jul 27 01:10:55, Info:  Writing faultoutput at time 10. Done.
Sat Jul 27 01:10:55, Info:  Writing free surface at time 10.
Sat Jul 27 01:10:55, Info:  Writing free surface at time 10. Done.
Sat Jul 27 01:10:55, Info:  Wrote receivers in 7.15e-07 seconds. 
Sat Jul 27 01:10:55, Info:  Writing energy output at time 10 
Sat Jul 27 01:10:55, Info:  Elastic energy (total, % kinematic, % potential):  2.29372e+17  , 31.187  , 68.813 
Sat Jul 27 01:10:55, Info:  Total momentum (X, Y, Z): -1.51531e+06  , 1.59001e+06  , -5.47392e+07 
Sat Jul 27 01:10:55, Info:  Frictional work (total, % static, % radiated):  2.35752e+17  , 54.2303  , 45.7697 
Sat Jul 27 01:10:55, Info:  Seismic moment (without plasticity): 5.80692e+20  Mw: 7.77263 
Sat Jul 27 01:10:55, Info:  Writing energy output at time 10 Done. 
Sat Jul 27 01:10:55, Info:  Time spent this phase (total): 27.0153 s (min: 27.0125 s, max: 27.0309 s)
Sat Jul 27 01:10:55, Info:  Time spent this phase (compute): 27.0152 s (min: 27.0124 s, max: 27.0308 s)
Sat Jul 27 01:10:55, Info:  Time spent this phase (IO): 52.7571 ms (min: 40.1115 ms, max: 76.8427 ms)
Sat Jul 27 01:10:55, Info:  Performance since the start: 9.2989 TFLOP/s (rank 0: 588.5930 GFLOP/s , average over ranks: 581.1840 GFLOP/s ) 
Sat Jul 27 01:10:55, Info:  Performance since last sync point: 9.3172 TFLOP/s (rank 0: 589.7989 GFLOP/s , average over ranks: 582.3260 GFLOP/s ) 
Sat Jul 27 01:11:22, Info:  Writing faultoutput at time 10.5.
Sat Jul 27 01:11:22, Info:  Writing faultoutput at time 10.5. Done.
Sat Jul 27 01:11:22, Info:  Writing energy output at time 10.5 
Sat Jul 27 01:11:22, Info:  Elastic energy (total, % kinematic, % potential):  2.53242e+17  , 30.8603  , 69.1397 
Sat Jul 27 01:11:22, Info:  Total momentum (X, Y, Z): 1.21447e+06  , -5.78146e+06  , 1.38712e+08 
Sat Jul 27 01:11:22, Info:  Frictional work (total, % static, % radiated):  2.60436e+17  , 54.1362  , 45.8638 
Sat Jul 27 01:11:22, Info:  Seismic moment (without plasticity): 6.44064e+20  Mw: 7.80262 
Sat Jul 27 01:11:22, Info:  Writing energy output at time 10.5 Done. 
Sat Jul 27 01:11:22, Info:  Time spent this phase (total): 26.9778 s (min: 26.9668 s, max: 26.9913 s)
Sat Jul 27 01:11:22, Info:  Time spent this phase (compute): 26.9777 s (min: 26.9667 s, max: 26.9913 s)
Sat Jul 27 01:11:22, Info:  Time spent this phase (IO): 51.2067 ms (min: 39.9935 ms, max: 71.6124 ms)
Sat Jul 27 01:11:22, Info:  Performance since the start: 9.3004 TFLOP/s (rank 0: 588.6865 GFLOP/s , average over ranks: 581.2767 GFLOP/s ) 
Sat Jul 27 01:11:22, Info:  Performance since last sync point: 9.3302 TFLOP/s (rank 0: 590.5619 GFLOP/s , average over ranks: 583.1354 GFLOP/s ) 
Sat Jul 27 01:11:49, Info:  Writing faultoutput at time 11.
Sat Jul 27 01:11:49, Info:  Writing faultoutput at time 11. Done.
Sat Jul 27 01:11:49, Info:  Writing free surface at time 11.
Sat Jul 27 01:11:49, Info:  Writing free surface at time 11. Done.
Sat Jul 27 01:11:49, Info:  Writing energy output at time 11 
Sat Jul 27 01:11:49, Info:  Elastic energy (total, % kinematic, % potential):  2.77923e+17  , 30.5505  , 69.4495 
Sat Jul 27 01:11:49, Info:  Total momentum (X, Y, Z): 4.96894e+06  , 1.25727e+07  , -1.43392e+08 
Sat Jul 27 01:11:49, Info:  Frictional work (total, % static, % radiated):  2.8602e+17  , 54.0897  , 45.9103 
Sat Jul 27 01:11:49, Info:  Seismic moment (without plasticity): 7.10182e+20  Mw: 7.83091 
Sat Jul 27 01:11:49, Info:  Writing energy output at time 11 Done. 
Sat Jul 27 01:11:49, Info:  Time spent this phase (total): 27.0342 s (min: 27.0203 s, max: 27.0490 s)
Sat Jul 27 01:11:49, Info:  Time spent this phase (compute): 27.0341 s (min: 27.0202 s, max: 27.0489 s)
Sat Jul 27 01:11:49, Info:  Time spent this phase (IO): 52.9399 ms (min: 39.8666 ms, max: 78.0043 ms)
Sat Jul 27 01:11:49, Info:  Performance since the start: 9.3009 TFLOP/s (rank 0: 588.7187 GFLOP/s , average over ranks: 581.3058 GFLOP/s ) 
Sat Jul 27 01:11:49, Info:  Performance since last sync point: 9.3107 TFLOP/s (rank 0: 589.3967 GFLOP/s , average over ranks: 581.9194 GFLOP/s ) 
Sat Jul 27 01:12:16, Info:  Writing faultoutput at time 11.5.
Sat Jul 27 01:12:16, Info:  Writing faultoutput at time 11.5. Done.
Sat Jul 27 01:12:16, Info:  Writing energy output at time 11.5 
Sat Jul 27 01:12:16, Info:  Elastic energy (total, % kinematic, % potential):  3.03635e+17  , 30.2681  , 69.7319 
Sat Jul 27 01:12:16, Info:  Total momentum (X, Y, Z): -2.35605e+07  , -7.39089e+06  , -2.81167e+08 
Sat Jul 27 01:12:16, Info:  Frictional work (total, % static, % radiated):  3.12678e+17  , 54.034  , 45.966 
Sat Jul 27 01:12:16, Info:  Seismic moment (without plasticity): 7.79466e+20  Mw: 7.85786 
Sat Jul 27 01:12:16, Info:  Writing energy output at time 11.5 Done. 
Sat Jul 27 01:12:16, Info:  Time spent this phase (total): 27.0264 s (min: 27.0068 s, max: 27.0287 s)
Sat Jul 27 01:12:16, Info:  Time spent this phase (compute): 27.0263 s (min: 27.0068 s, max: 27.0287 s)
Sat Jul 27 01:12:16, Info:  Time spent this phase (IO): 51.5182 ms (min: 39.8858 ms, max: 76.8058 ms)
Sat Jul 27 01:12:16, Info:  Performance since the start: 9.3014 TFLOP/s (rank 0: 588.7524 GFLOP/s , average over ranks: 581.3398 GFLOP/s ) 
Sat Jul 27 01:12:16, Info:  Performance since last sync point: 9.3134 TFLOP/s (rank 0: 589.4940 GFLOP/s , average over ranks: 582.0877 GFLOP/s ) 
Sat Jul 27 01:12:43, Info:  Writing faultoutput at time 12.
Sat Jul 27 01:12:43, Info:  Writing faultoutput at time 12. Done.
Sat Jul 27 01:12:43, Info:  Writing free surface at time 12.
Sat Jul 27 01:12:43, Info:  Writing free surface at time 12. Done.
Sat Jul 27 01:12:43, Info:  Writing energy output at time 12 
Sat Jul 27 01:12:43, Info:  Elastic energy (total, % kinematic, % potential):  3.30505e+17  , 30.0184  , 69.9816 
Sat Jul 27 01:12:43, Info:  Total momentum (X, Y, Z): 4.59674e+07  , -3.99665e+07  , 1.34479e+09 
Sat Jul 27 01:12:43, Info:  Frictional work (total, % static, % radiated):  3.40544e+17  , 53.9828  , 46.0172 
Sat Jul 27 01:12:43, Info:  Seismic moment (without plasticity): 8.52172e+20  Mw: 7.88368 
Sat Jul 27 01:12:43, Info:  Writing energy output at time 12 Done. 
Sat Jul 27 01:12:43, Info:  Time spent this phase (total): 27.0249 s (min: 27.0122 s, max: 27.0604 s)
Sat Jul 27 01:12:43, Info:  Time spent this phase (compute): 27.0248 s (min: 27.0121 s, max: 27.0603 s)
Sat Jul 27 01:12:43, Info:  Time spent this phase (IO): 52.3026 ms (min: 39.9892 ms, max: 72.3557 ms)
Sat Jul 27 01:12:43, Info:  Performance since the start: 9.3020 TFLOP/s (rank 0: 588.7770 GFLOP/s , average over ranks: 581.3722 GFLOP/s ) 
Sat Jul 27 01:12:43, Info:  Performance since last sync point: 9.3139 TFLOP/s (rank 0: 589.3428 GFLOP/s , average over ranks: 582.1182 GFLOP/s ) 
Sat Jul 27 01:13:10, Info:  Writing faultoutput at time 12.5.
Sat Jul 27 01:13:10, Info:  Writing faultoutput at time 12.5. Done.
Sat Jul 27 01:13:10, Info:  Writing energy output at time 12.5 
Sat Jul 27 01:13:10, Info:  Elastic energy (total, % kinematic, % potential):  3.58808e+17  , 29.8014  , 70.1986 
Sat Jul 27 01:13:10, Info:  Total momentum (X, Y, Z): -1.80254e+07  , 1.20861e+08  , -1.58132e+09 
Sat Jul 27 01:13:10, Info:  Frictional work (total, % static, % radiated):  3.69873e+17  , 53.9564  , 46.0436 
Sat Jul 27 01:13:10, Info:  Seismic moment (without plasticity): 9.28835e+20  Mw: 7.90863 
Sat Jul 27 01:13:10, Info:  Writing energy output at time 12.5 Done. 
Sat Jul 27 01:13:10, Info:  Time spent this phase (total): 27.2445 s (min: 27.2081 s, max: 27.2564 s)
Sat Jul 27 01:13:10, Info:  Time spent this phase (compute): 27.2444 s (min: 27.2081 s, max: 27.2564 s)
Sat Jul 27 01:13:10, Info:  Time spent this phase (IO): 51.5118 ms (min: 39.9154 ms, max: 76.7378 ms)
Sat Jul 27 01:13:10, Info:  Performance since the start: 9.2994 TFLOP/s (rank 0: 588.6269 GFLOP/s , average over ranks: 581.2135 GFLOP/s ) 
Sat Jul 27 01:13:10, Info:  Performance since last sync point: 9.2389 TFLOP/s (rank 0: 585.0489 GFLOP/s , average over ranks: 577.4301 GFLOP/s ) 
Sat Jul 27 01:13:37, Info:  Writing faultoutput at time 13.
Sat Jul 27 01:13:37, Info:  Writing faultoutput at time 13. Done.
Sat Jul 27 01:13:37, Info:  Writing free surface at time 13.
Sat Jul 27 01:13:37, Info:  Writing free surface at time 13. Done.
Sat Jul 27 01:13:37, Info:  Writing energy output at time 13 
Sat Jul 27 01:13:37, Info:  Elastic energy (total, % kinematic, % potential):  3.88381e+17  , 29.4862  , 70.5138 
Sat Jul 27 01:13:37, Info:  Total momentum (X, Y, Z): -9.62603e+07  , -1.11819e+08  , -2.23383e+09 
Sat Jul 27 01:13:37, Info:  Frictional work (total, % static, % radiated):  4.00502e+17  , 53.9342  , 46.0658 
Sat Jul 27 01:13:37, Info:  Seismic moment (without plasticity): 1.00871e+21  Mw: 7.93251 
Sat Jul 27 01:13:37, Info:  Writing energy output at time 13 Done. 
Sat Jul 27 01:13:37, Info:  Time spent this phase (total): 26.9909 s (min: 26.9732 s, max: 27.0199 s)
Sat Jul 27 01:13:37, Info:  Time spent this phase (compute): 26.9908 s (min: 26.9731 s, max: 27.0197 s)
Sat Jul 27 01:13:37, Info:  Time spent this phase (IO): 52.7117 ms (min: 40.0425 ms, max: 83.0053 ms)
Sat Jul 27 01:13:37, Info:  Performance since the start: 9.3004 TFLOP/s (rank 0: 588.6882 GFLOP/s , average over ranks: 581.2763 GFLOP/s ) 
Sat Jul 27 01:13:37, Info:  Performance since last sync point: 9.3256 TFLOP/s (rank 0: 590.2234 GFLOP/s , average over ranks: 582.8523 GFLOP/s ) 
Sat Jul 27 01:14:04, Info:  Writing faultoutput at time 13.5.
Sat Jul 27 01:14:04, Info:  Writing faultoutput at time 13.5. Done.
Sat Jul 27 01:14:04, Info:  Writing energy output at time 13.5 
Sat Jul 27 01:14:04, Info:  Elastic energy (total, % kinematic, % potential):  4.18004e+17  , 28.9729  , 71.0271 
Sat Jul 27 01:14:04, Info:  Total momentum (X, Y, Z): 2.29337e+08  , -1.24441e+08  , 9.90344e+09 
Sat Jul 27 01:14:04, Info:  Frictional work (total, % static, % radiated):  4.31315e+17  , 53.9488  , 46.0512 
Sat Jul 27 01:14:04, Info:  Seismic moment (without plasticity): 1.08942e+21  Mw: 7.9548 
Sat Jul 27 01:14:04, Info:  Writing energy output at time 13.5 Done. 
Sat Jul 27 01:14:04, Info:  Time spent this phase (total): 26.9957 s (min: 26.9671 s, max: 27.0136 s)
Sat Jul 27 01:14:04, Info:  Time spent this phase (compute): 26.9956 s (min: 26.9671 s, max: 27.0135 s)
Sat Jul 27 01:14:04, Info:  Time spent this phase (IO): 51.7557 ms (min: 39.9396 ms, max: 77.0150 ms)
Sat Jul 27 01:14:04, Info:  Performance since the start: 9.3013 TFLOP/s (rank 0: 588.7465 GFLOP/s , average over ranks: 581.3308 GFLOP/s ) 
Sat Jul 27 01:14:04, Info:  Performance since last sync point: 9.3240 TFLOP/s (rank 0: 590.2666 GFLOP/s , average over ranks: 582.7515 GFLOP/s ) 
Sat Jul 27 01:14:31, Info:  Writing faultoutput at time 14.
Sat Jul 27 01:14:31, Info:  Writing faultoutput at time 14. Done.
Sat Jul 27 01:14:31, Info:  Writing free surface at time 14.
Sat Jul 27 01:14:31, Info:  Writing free surface at time 14. Done.
Sat Jul 27 01:14:31, Info:  Writing energy output at time 14 
Sat Jul 27 01:14:31, Info:  Elastic energy (total, % kinematic, % potential):  4.46771e+17  , 28.4223  , 71.5777 
Sat Jul 27 01:14:31, Info:  Total momentum (X, Y, Z): -2.88015e+08  , 3.94253e+08  , -6.70946e+09 
Sat Jul 27 01:14:31, Info:  Frictional work (total, % static, % radiated):  4.61226e+17  , 54.0721  , 45.9279 
Sat Jul 27 01:14:31, Info:  Seismic moment (without plasticity): 1.16905e+21  Mw: 7.97522 
Sat Jul 27 01:14:31, Info:  Writing energy output at time 14 Done. 
Sat Jul 27 01:14:31, Info:  Time spent this phase (total): 27.0300 s (min: 27.0144 s, max: 27.0611 s)
Sat Jul 27 01:14:31, Info:  Time spent this phase (compute): 27.0299 s (min: 27.0144 s, max: 27.0610 s)
Sat Jul 27 01:14:31, Info:  Time spent this phase (IO): 53.0779 ms (min: 39.9646 ms, max: 86.5596 ms)
Sat Jul 27 01:14:31, Info:  Performance since the start: 9.3017 TFLOP/s (rank 0: 588.7682 GFLOP/s , average over ranks: 581.3550 GFLOP/s ) 
Sat Jul 27 01:14:31, Info:  Performance since last sync point: 9.3122 TFLOP/s (rank 0: 589.3563 GFLOP/s , average over ranks: 582.0097 GFLOP/s ) 
Sat Jul 27 01:14:58, Info:  Writing faultoutput at time 14.5.
Sat Jul 27 01:14:58, Info:  Writing faultoutput at time 14.5. Done.
Sat Jul 27 01:14:58, Info:  Writing energy output at time 14.5 
Sat Jul 27 01:14:58, Info:  Elastic energy (total, % kinematic, % potential):  4.73241e+17  , 27.2002  , 72.7998 
Sat Jul 27 01:14:58, Info:  Total momentum (X, Y, Z): -1.05916e+07  , -5.37962e+07  , -3.19895e+10 
Sat Jul 27 01:14:58, Info:  Frictional work (total, % static, % radiated):  4.88917e+17  , 54.0202  , 45.9798 
Sat Jul 27 01:14:58, Info:  Seismic moment (without plasticity): 1.24438e+21  Mw: 7.9933 
Sat Jul 27 01:14:58, Info:  Writing energy output at time 14.5 Done. 
Sat Jul 27 01:14:58, Info:  Time spent this phase (total): 27.0098 s (min: 26.9784 s, max: 27.0239 s)
Sat Jul 27 01:14:58, Info:  Time spent this phase (compute): 27.0098 s (min: 26.9783 s, max: 27.0238 s)
Sat Jul 27 01:14:58, Info:  Time spent this phase (IO): 51.0964 ms (min: 39.9439 ms, max: 71.7795 ms)
Sat Jul 27 01:14:58, Info:  Performance since the start: 9.3023 TFLOP/s (rank 0: 588.8113 GFLOP/s , average over ranks: 581.3925 GFLOP/s ) 
Sat Jul 27 01:14:58, Info:  Performance since last sync point: 9.3191 TFLOP/s (rank 0: 590.0200 GFLOP/s , average over ranks: 582.4446 GFLOP/s ) 
Sat Jul 27 01:15:26, Info:  Writing faultoutput at time 15.
Sat Jul 27 01:15:26, Info:  Writing faultoutput at time 15. Done.
Sat Jul 27 01:15:26, Info:  Writing free surface at time 15.
Sat Jul 27 01:15:26, Info:  Writing free surface at time 15. Done.
Sat Jul 27 01:15:26, Info:  Writing energy output at time 15 
Sat Jul 27 01:15:26, Info:  Elastic energy (total, % kinematic, % potential):  4.95993e+17  , 25.6498  , 74.3502 
Sat Jul 27 01:15:26, Info:  Total momentum (X, Y, Z): 8.56081e+08  , -9.47904e+08  , 5.55058e+10 
Sat Jul 27 01:15:26, Info:  Frictional work (total, % static, % radiated):  5.13023e+17  , 54.0509  , 45.9491 
Sat Jul 27 01:15:26, Info:  Seismic moment (without plasticity): 1.31201e+21  Mw: 8.00862 
Sat Jul 27 01:15:26, Info:  Writing energy output at time 15 Done. 
Sat Jul 27 01:15:26, Info:  Time spent this phase (total): 27.2602 s (min: 27.2528 s, max: 27.2782 s)
Sat Jul 27 01:15:26, Info:  Time spent this phase (compute): 27.2601 s (min: 27.2527 s, max: 27.2781 s)
Sat Jul 27 01:15:26, Info:  Time spent this phase (IO): 53.5018 ms (min: 40.0014 ms, max: 81.5356 ms)
Sat Jul 27 01:15:26, Info:  Performance since the start: 9.3000 TFLOP/s (rank 0: 588.6657 GFLOP/s , average over ranks: 581.2482 GFLOP/s ) 
Sat Jul 27 01:15:26, Info:  Performance since last sync point: 9.2335 TFLOP/s (rank 0: 584.4743 GFLOP/s , average over ranks: 577.0946 GFLOP/s ) 
Sat Jul 27 01:15:53, Info:  Writing faultoutput at time 15.5.
Sat Jul 27 01:15:53, Info:  Writing faultoutput at time 15.5. Done.
Sat Jul 27 01:15:53, Info:  Writing energy output at time 15.5 
Sat Jul 27 01:15:53, Info:  Elastic energy (total, % kinematic, % potential):  5.16345e+17  , 24.2689  , 75.7311 
Sat Jul 27 01:15:53, Info:  Total momentum (X, Y, Z): -2.44408e+09  , 1.38091e+09  , 5.72637e+09 
Sat Jul 27 01:15:53, Info:  Frictional work (total, % static, % radiated):  5.34923e+17  , 54.2748  , 45.7252 
Sat Jul 27 01:15:53, Info:  Seismic moment (without plasticity): 1.37436e+21  Mw: 8.02207 
Sat Jul 27 01:15:53, Info:  Writing energy output at time 15.5 Done. 
Sat Jul 27 01:15:53, Info:  Time spent this phase (total): 27.0307 s (min: 27.0154 s, max: 27.0464 s)
Sat Jul 27 01:15:53, Info:  Time spent this phase (compute): 27.0306 s (min: 27.0153 s, max: 27.0464 s)
Sat Jul 27 01:15:53, Info:  Time spent this phase (IO): 51.1612 ms (min: 39.8774 ms, max: 70.1402 ms)
Sat Jul 27 01:15:53, Info:  Performance since the start: 9.3004 TFLOP/s (rank 0: 588.6888 GFLOP/s , average over ranks: 581.2723 GFLOP/s ) 
Sat Jul 27 01:15:53, Info:  Performance since last sync point: 9.3119 TFLOP/s (rank 0: 589.3822 GFLOP/s , average over ranks: 581.9951 GFLOP/s ) 
Sat Jul 27 01:16:20, Info:  Writing faultoutput at time 16.
Sat Jul 27 01:16:20, Info:  Writing faultoutput at time 16. Done.
Sat Jul 27 01:16:20, Info:  Writing free surface at time 16.
Sat Jul 27 01:16:20, Info:  Writing free surface at time 16. Done.
Sat Jul 27 01:16:20, Info:  Writing energy output at time 16 
Sat Jul 27 01:16:20, Info:  Elastic energy (total, % kinematic, % potential):  5.36834e+17  , 23.0635  , 76.9365 
Sat Jul 27 01:16:20, Info:  Total momentum (X, Y, Z): 6.25866e+08  , 1.20275e+09  , -3.4096e+11 
Sat Jul 27 01:16:20, Info:  Frictional work (total, % static, % radiated):  5.57027e+17  , 54.6537  , 45.3463 
Sat Jul 27 01:16:20, Info:  Seismic moment (without plasticity): 1.43615e+21  Mw: 8.0348 
Sat Jul 27 01:16:20, Info:  Writing energy output at time 16 Done. 
Sat Jul 27 01:16:20, Info:  Time spent this phase (total): 26.9933 s (min: 26.9777 s, max: 27.0036 s)
Sat Jul 27 01:16:20, Info:  Time spent this phase (compute): 26.9932 s (min: 26.9776 s, max: 27.0035 s)
Sat Jul 27 01:16:20, Info:  Time spent this phase (IO): 52.5087 ms (min: 40.1088 ms, max: 76.7394 ms)
Sat Jul 27 01:16:20, Info:  Performance since the start: 9.3011 TFLOP/s (rank 0: 588.7386 GFLOP/s , average over ranks: 581.3199 GFLOP/s ) 
Sat Jul 27 01:16:20, Info:  Performance since last sync point: 9.3248 TFLOP/s (rank 0: 590.2853 GFLOP/s , average over ranks: 582.8012 GFLOP/s ) 
Sat Jul 27 01:16:47, Info:  Writing faultoutput at time 16.5.
Sat Jul 27 01:16:47, Info:  Writing faultoutput at time 16.5. Done.
Sat Jul 27 01:16:47, Info:  Writing energy output at time 16.5 
Sat Jul 27 01:16:47, Info:  Elastic energy (total, % kinematic, % potential):  5.58188e+17  , 21.9515  , 78.0485 
Sat Jul 27 01:16:47, Info:  Total momentum (X, Y, Z): -1.31692e+09  , -1.41451e+09  , -4.13612e+09 
Sat Jul 27 01:16:47, Info:  Frictional work (total, % static, % radiated):  5.79715e+17  , 54.9631  , 45.0369 
Sat Jul 27 01:16:47, Info:  Seismic moment (without plasticity): 1.49842e+21  Mw: 8.04709 
Sat Jul 27 01:16:47, Info:  Writing energy output at time 16.5 Done. 
Sat Jul 27 01:16:47, Info:  Time spent this phase (total): 26.9473 s (min: 26.9395 s, max: 26.9490 s)
Sat Jul 27 01:16:47, Info:  Time spent this phase (compute): 26.9473 s (min: 26.9394 s, max: 26.9489 s)
Sat Jul 27 01:16:47, Info:  Time spent this phase (IO): 52.3152 ms (min: 40.0345 ms, max: 77.1615 ms)
Sat Jul 27 01:16:47, Info:  Performance since the start: 9.3023 TFLOP/s (rank 0: 588.8136 GFLOP/s , average over ranks: 581.3946 GFLOP/s ) 
Sat Jul 27 01:16:47, Info:  Performance since last sync point: 9.3407 TFLOP/s (rank 0: 591.2237 GFLOP/s , average over ranks: 583.7953 GFLOP/s ) 
Sat Jul 27 01:17:14, Info:  Writing faultoutput at time 17.
Sat Jul 27 01:17:14, Info:  Writing faultoutput at time 17. Done.
Sat Jul 27 01:17:14, Info:  Writing free surface at time 17.
Sat Jul 27 01:17:14, Info:  Writing free surface at time 17. Done.
Sat Jul 27 01:17:14, Info:  Writing energy output at time 17 
Sat Jul 27 01:17:14, Info:  Elastic energy (total, % kinematic, % potential):  5.79867e+17  , 21.0829  , 78.9171 
Sat Jul 27 01:17:14, Info:  Total momentum (X, Y, Z): -1.01171e+10  , 4.04776e+09  , 7.74846e+11 
Sat Jul 27 01:17:14, Info:  Frictional work (total, % static, % radiated):  6.02782e+17  , 55.1878  , 44.8122 
Sat Jul 27 01:17:14, Info:  Seismic moment (without plasticity): 1.56174e+21  Mw: 8.05907 
Sat Jul 27 01:17:14, Info:  Writing energy output at time 17 Done. 
Sat Jul 27 01:17:14, Info:  Time spent this phase (total): 26.9803 s (min: 26.9773 s, max: 27.0020 s)
Sat Jul 27 01:17:14, Info:  Time spent this phase (compute): 26.9802 s (min: 26.9770 s, max: 27.0020 s)
Sat Jul 27 01:17:14, Info:  Time spent this phase (IO): 53.7076 ms (min: 39.9809 ms, max: 81.4402 ms)
Sat Jul 27 01:17:14, Info:  Performance since the start: 9.3031 TFLOP/s (rank 0: 588.8660 GFLOP/s , average over ranks: 581.4441 GFLOP/s ) 
Sat Jul 27 01:17:14, Info:  Performance since last sync point: 9.3293 TFLOP/s (rank 0: 590.6019 GFLOP/s , average over ranks: 583.0819 GFLOP/s ) 
Sat Jul 27 01:17:41, Info:  Writing faultoutput at time 17.5.
Sat Jul 27 01:17:41, Info:  Writing faultoutput at time 17.5. Done.
Sat Jul 27 01:17:41, Info:  Writing energy output at time 17.5 
Sat Jul 27 01:17:41, Info:  Elastic energy (total, % kinematic, % potential):  6.0202e+17  , 20.3944  , 79.6056 
Sat Jul 27 01:17:41, Info:  Total momentum (X, Y, Z): -4.498e+09  , 7.28772e+09  , 6.58219e+11 
Sat Jul 27 01:17:41, Info:  Frictional work (total, % static, % radiated):  6.26375e+17  , 55.423  , 44.577 
Sat Jul 27 01:17:41, Info:  Seismic moment (without plasticity): 1.62725e+21  Mw: 8.07097 
Sat Jul 27 01:17:41, Info:  Writing energy output at time 17.5 Done. 
Sat Jul 27 01:17:41, Info:  Time spent this phase (total): 27.0411 s (min: 27.0185 s, max: 27.0461 s)
Sat Jul 27 01:17:41, Info:  Time spent this phase (compute): 27.0410 s (min: 27.0183 s, max: 27.0460 s)
Sat Jul 27 01:17:41, Info:  Time spent this phase (IO): 51.7042 ms (min: 39.8969 ms, max: 76.3857 ms)
Sat Jul 27 01:17:41, Info:  Performance since the start: 9.3033 TFLOP/s (rank 0: 588.8753 GFLOP/s , average over ranks: 581.4535 GFLOP/s ) 
Sat Jul 27 01:17:41, Info:  Performance since last sync point: 9.3084 TFLOP/s (rank 0: 589.1918 GFLOP/s , average over ranks: 581.7720 GFLOP/s ) 
Sat Jul 27 01:18:08, Info:  Writing faultoutput at time 18.
Sat Jul 27 01:18:08, Info:  Writing faultoutput at time 18. Done.
Sat Jul 27 01:18:08, Info:  Writing free surface at time 18.
Sat Jul 27 01:18:08, Info:  Writing free surface at time 18. Done.
Sat Jul 27 01:18:08, Info:  Writing energy output at time 18 
Sat Jul 27 01:18:08, Info:  Elastic energy (total, % kinematic, % potential):  6.23941e+17  , 19.7237  , 80.2763 
Sat Jul 27 01:18:08, Info:  Total momentum (X, Y, Z): 1.11693e+09  , 4.3785e+09  , 3.69757e+12 
Sat Jul 27 01:18:08, Info:  Frictional work (total, % static, % radiated):  6.49833e+17  , 55.7961  , 44.2039 
Sat Jul 27 01:18:08, Info:  Seismic moment (without plasticity): 1.69295e+21  Mw: 8.08243 
Sat Jul 27 01:18:08, Info:  Writing energy output at time 18 Done. 
Sat Jul 27 01:18:08, Info:  Time spent this phase (total): 27.1172 s (min: 27.1094 s, max: 27.1422 s)
Sat Jul 27 01:18:08, Info:  Time spent this phase (compute): 27.1171 s (min: 27.1093 s, max: 27.1421 s)
Sat Jul 27 01:18:08, Info:  Time spent this phase (IO): 52.4971 ms (min: 40.0356 ms, max: 77.6600 ms)
Sat Jul 27 01:18:08, Info:  Performance since the start: 9.3027 TFLOP/s (rank 0: 588.8387 GFLOP/s , average over ranks: 581.4169 GFLOP/s ) 
Sat Jul 27 01:18:08, Info:  Performance since last sync point: 9.2822 TFLOP/s (rank 0: 587.5595 GFLOP/s , average over ranks: 580.1373 GFLOP/s ) 
Sat Jul 27 01:18:35, Info:  Writing faultoutput at time 18.5.
Sat Jul 27 01:18:35, Info:  Writing faultoutput at time 18.5. Done.
Sat Jul 27 01:18:35, Info:  Writing energy output at time 18.5 
Sat Jul 27 01:18:35, Info:  Elastic energy (total, % kinematic, % potential):  6.44918e+17  , 19.0963  , 80.9037 
Sat Jul 27 01:18:35, Info:  Total momentum (X, Y, Z): 2.07586e+10  , -1.54546e+10  , 1.95587e+13 
Sat Jul 27 01:18:35, Info:  Frictional work (total, % static, % radiated):  6.72374e+17  , 56.3258  , 43.6742 
Sat Jul 27 01:18:35, Info:  Seismic moment (without plasticity): 1.75481e+21  Mw: 8.09282 
Sat Jul 27 01:18:35, Info:  Writing energy output at time 18.5 Done. 
Sat Jul 27 01:18:35, Info:  Time spent this phase (total): 27.0930 s (min: 27.0696 s, max: 27.1000 s)
Sat Jul 27 01:18:35, Info:  Time spent this phase (compute): 27.0929 s (min: 27.0694 s, max: 27.1000 s)
Sat Jul 27 01:18:35, Info:  Time spent this phase (IO): 51.8142 ms (min: 39.8848 ms, max: 75.8307 ms)
Sat Jul 27 01:18:35, Info:  Performance since the start: 9.3023 TFLOP/s (rank 0: 588.8175 GFLOP/s , average over ranks: 581.3963 GFLOP/s ) 
Sat Jul 27 01:18:35, Info:  Performance since last sync point: 9.2905 TFLOP/s (rank 0: 588.0583 GFLOP/s , average over ranks: 580.6574 GFLOP/s ) 
Sat Jul 27 01:19:02, Info:  Writing faultoutput at time 19.
Sat Jul 27 01:19:02, Info:  Writing faultoutput at time 19. Done.
Sat Jul 27 01:19:02, Info:  Writing free surface at time 19.
Sat Jul 27 01:19:02, Info:  Writing free surface at time 19. Done.
Sat Jul 27 01:19:02, Info:  Writing energy output at time 19 
Sat Jul 27 01:19:02, Info:  Elastic energy (total, % kinematic, % potential):  6.65655e+17  , 18.7341  , 81.2659 
Sat Jul 27 01:19:02, Info:  Total momentum (X, Y, Z): 6.7403e+10  , -1.81245e+10  , 6.69366e+13 
Sat Jul 27 01:19:02, Info:  Frictional work (total, % static, % radiated):  6.94656e+17  , 57.055  , 42.945 
Sat Jul 27 01:19:02, Info:  Seismic moment (without plasticity): 1.81431e+21  Mw: 8.10248 
Sat Jul 27 01:19:02, Info:  Writing energy output at time 19 Done. 
Sat Jul 27 01:19:02, Info:  Time spent this phase (total): 27.1538 s (min: 27.1506 s, max: 27.1755 s)
Sat Jul 27 01:19:02, Info:  Time spent this phase (compute): 27.1537 s (min: 27.1505 s, max: 27.1754 s)
Sat Jul 27 01:19:02, Info:  Time spent this phase (IO): 53.8684 ms (min: 39.9634 ms, max: 83.0109 ms)
Sat Jul 27 01:19:02, Info:  Performance since the start: 9.3015 TFLOP/s (rank 0: 588.7645 GFLOP/s , average over ranks: 581.3424 GFLOP/s ) 
Sat Jul 27 01:19:02, Info:  Performance since last sync point: 9.2697 TFLOP/s (rank 0: 586.8092 GFLOP/s , average over ranks: 579.3563 GFLOP/s ) 
Sat Jul 27 01:19:29, Info:  Writing faultoutput at time 19.5.
Sat Jul 27 01:19:29, Info:  Writing faultoutput at time 19.5. Done.
Sat Jul 27 01:19:29, Info:  Writing energy output at time 19.5 
Sat Jul 27 01:19:29, Info:  Elastic energy (total, % kinematic, % potential):  6.88063e+17  , 18.6884  , 81.3116 
Sat Jul 27 01:19:29, Info:  Total momentum (X, Y, Z): 6.4715e+09  , 4.47304e+10  , 1.84308e+14 
Sat Jul 27 01:19:29, Info:  Frictional work (total, % static, % radiated):  7.18644e+17  , 57.8158  , 42.1842 
Sat Jul 27 01:19:29, Info:  Seismic moment (without plasticity): 1.87642e+21  Mw: 8.11222 
Sat Jul 27 01:19:29, Info:  Writing energy output at time 19.5 Done. 
Sat Jul 27 01:19:29, Info:  Time spent this phase (total): 26.8920 s (min: 26.8689 s, max: 26.8953 s)
Sat Jul 27 01:19:29, Info:  Time spent this phase (compute): 26.8919 s (min: 26.8688 s, max: 26.8952 s)
Sat Jul 27 01:19:29, Info:  Time spent this phase (IO): 52.1631 ms (min: 39.9280 ms, max: 77.3820 ms)
Sat Jul 27 01:19:29, Info:  Performance since the start: 9.3030 TFLOP/s (rank 0: 588.8578 GFLOP/s , average over ranks: 581.4356 GFLOP/s ) 
Sat Jul 27 01:19:29, Info:  Performance since last sync point: 9.3600 TFLOP/s (rank 0: 592.4244 GFLOP/s , average over ranks: 584.9973 GFLOP/s ) 
Sat Jul 27 01:19:56, Info:  Writing faultoutput at time 20.
Sat Jul 27 01:19:56, Info:  Writing faultoutput at time 20. Done.
Sat Jul 27 01:19:56, Info:  Writing free surface at time 20.
Sat Jul 27 01:19:56, Info:  Writing free surface at time 20. Done.
Sat Jul 27 01:19:56, Info:  Wrote receivers in 4.91e-07 seconds. 
Sat Jul 27 01:19:56, Info:  Writing energy output at time 20 
Sat Jul 27 01:19:56, Info:  Elastic energy (total, % kinematic, % potential):  7.13106e+17  , 18.8358  , 81.1642 
Sat Jul 27 01:19:56, Info:  Total momentum (X, Y, Z): -1.70827e+11  , 6.12496e+10  , 4.17744e+14 
Sat Jul 27 01:19:56, Info:  Frictional work (total, % static, % radiated):  7.45305e+17  , 58.5879  , 41.4121 
Sat Jul 27 01:19:56, Info:  Seismic moment (without plasticity): 1.94449e+21  Mw: 8.12254 
Sat Jul 27 01:19:56, Info:  Writing energy output at time 20 Done. 
Sat Jul 27 01:19:56, Info:  Time spent this phase (total): 27.0205 s (min: 27.0183 s, max: 27.0342 s)
Sat Jul 27 01:19:56, Info:  Time spent this phase (compute): 27.0204 s (min: 27.0182 s, max: 27.0341 s)
Sat Jul 27 01:19:56, Info:  Time spent this phase (IO): 53.5010 ms (min: 40.0709 ms, max: 76.9481 ms)
Sat Jul 27 01:19:56, Info:  Performance since the start: 9.3033 TFLOP/s (rank 0: 588.8786 GFLOP/s , average over ranks: 581.4550 GFLOP/s ) 
Sat Jul 27 01:19:56, Info:  Performance since last sync point: 9.3154 TFLOP/s (rank 0: 589.6895 GFLOP/s , average over ranks: 582.2149 GFLOP/s ) 
Sat Jul 27 01:19:56, Info:  Ignoring duplicate synchronisation point at time 20 ; the last sync point was at  20 
Sat Jul 27 01:19:56, Info:  Ignoring duplicate synchronisation point at time 20 ; the last sync point was at  20 
Sat Jul 27 01:19:56, Info:  Ignoring duplicate synchronisation point at time 20 ; the last sync point was at  20 
Sat Jul 27 01:19:56, Info:  Ignoring duplicate synchronisation point at time 20 ; the last sync point was at  20 
Sat Jul 27 01:19:56, Info:  Simulation time (total): 18 min 2.2315 s (min: 18 min 2.1943 s, max: 18 min 2.2509 s)
Sat Jul 27 01:19:56, Info:  Simulation time (compute): 18 min 103.7793 ms (min: 17 min 59.1179 s, max: 18 min 548.1082 ms)
Sat Jul 27 01:19:56, Info:  Simulation time (IO): 2.1224 s (min: 1.6420 s, max: 3.1090 s)
Sat Jul 27 01:19:56, Info:  Time spent in compute kernels: mean = 1019.19  std = 24.4135  min = 975.786  median = 1019.38  max = 1066.41 
Sat Jul 27 01:19:56, Info:  Load imbalance: 4.42859 % 
Sat Jul 27 01:19:56, Info:  Regression analysis of compute kernels: 
Sat Jul 27 01:19:56, Info:  "computeLocalIntegration" (total time): 4942.25 s ( = 1 h 22 min 22.2459 s ) 
Sat Jul 27 01:19:56, Info:  "computeLocalIntegration" ( constant ): 1.9554e-05 (sample size: 5.51596e+06 , standard error: 4.40527e-12 ) 
Sat Jul 27 01:19:56, Info:  "computeLocalIntegration" ( per element ): 8.34189e-08 (sample size: 5.51596e+06 , standard error: 4.40527e-12 ) 
Sat Jul 27 01:19:56, Info:  "computeNeighboringIntegration" (total time): 6031.3 s ( = 1 h 40 min 31.3037 s ) 
Sat Jul 27 01:19:56, Info:  "computeNeighboringIntegration" ( constant ): 0.000126437 (sample size: 5.51596e+06 , standard error: 6.57583e-12 ) 
Sat Jul 27 01:19:56, Info:  "computeNeighboringIntegration" ( per element ): 9.20379e-08 (sample size: 5.51596e+06 , standard error: 6.57583e-12 ) 
Sat Jul 27 01:19:56, Info:  "computeDynamicRupture" (total time): 5333.45 s ( = 1 h 28 min 53.4547 s ) 
Sat Jul 27 01:19:56, Info:  "computeDynamicRupture" ( constant ): 8.83294e-05 (sample size: 4.05512e+06 , standard error: 4.04027e-11 ) 
Sat Jul 27 01:19:56, Info:  "computeDynamicRupture" ( per element ): 4.50286e-07 (sample size: 4.05512e+06 , standard error: 4.04027e-11 ) 
Sat Jul 27 01:19:56, Info:  "computePointSources" (total time): 0 s ( = 0.0000 s ) 
Sat Jul 27 01:19:56, Info:  "computePointSources" ( constant ): -nan (sample size: 0 , standard error: -nan ) 
Sat Jul 27 01:19:56, Info:  "computePointSources" ( per element ): -nan (sample size: 0 , standard error: -nan ) 
Sat Jul 27 01:19:56, Info:  Total time spent in compute kernels: 16307 s ( = 4 h 31 min 47.0043 s ) 
Sat Jul 27 01:19:56, Info:  Total calculated HW-FLOP:  10.0683 PFLOP 
Sat Jul 27 01:19:56, Info:  Total calculated NZ-FLOP:  4.0248 PFLOP 
Sat Jul 27 01:19:56, Info:  Total calculated HW-FLOP/s:  9.3031 TFLOP/s 
Sat Jul 27 01:19:56, Info:  Total calculated NZ-FLOP/s:  3.7189 TFLOP/s 
Sat Jul 27 01:19:56, Info:  WP calculated HW-FLOP:  8.3422 PFLOP 
Sat Jul 27 01:19:56, Info:  WP calculated NZ-FLOP:  2.7414 PFLOP 
Sat Jul 27 01:19:56, Info:  DR calculated HW-FLOP:  1.7261 PFLOP 
Sat Jul 27 01:19:56, Info:  DR calculated NZ-FLOP:  1.2835 PFLOP 
Sat Jul 27 01:19:56, Info:  PL calculated HW-FLOP:  0.0000 FLOP 
Sat Jul 27 01:19:56, Info:  PL calculated NZ-FLOP:  0.0000 FLOP 
Sat Jul 27 01:19:56, Info:  Time spent in simulation: 18 min 2.2515 s (min: 18 min 2.2513 s, max: 18 min 2.2522 s)
Sat Jul 27 01:19:56, Info:  Simulation done. 
Sat Jul 27 01:19:56, Info:  Closing IO. 
Sat Jul 27 01:19:56, Info:  Time free surface writer backend: 617.1905 ms (min: 1.9896 ms, max: 6.6099 s)
Sat Jul 27 01:19:57, Info:  Time fault writer backend: 4.0579 s (min: 1.5606 s, max: 26.7512 s)
Sat Jul 27 01:19:57, Info:  Time fault writer frontend: 45.7061 ms (min: 35.8196 ms, max: 51.7747 ms)
Sat Jul 27 01:19:57, Info:  Time free surface writer frontend: 3.9780 ms (min: 403.7330 s, max: 14.7638 ms)
Sat Jul 27 01:19:57, Info:  SeisSol done. Goodbye. 
/hppfs/scratch/01/di35poq/haiti-rupture-outputs/dynamic-rupture-outputs/outputs_tmp ~/haiti-rupture-inputs/dynamic-rupture/regional-only
Writing hdf5 output with compression enabled (compression_level=4). 
Use --compression=0 if you want to speed-up data extraction.
ASl: 0it [00:00, ?it/s]ASl: 7it [00:00, 64.05it/s]ASl: 14it [00:00, 56.85it/s]ASl: 20it [00:00, 48.22it/s]ASl: 25it [00:00, 43.60it/s]ASl: 30it [00:00, 38.65it/s]ASl: 34it [00:00, 35.05it/s]ASl: 38it [00:00, 31.31it/s]ASl: 40it [00:01, 37.04it/s]
Sls: 0it [00:00, ?it/s]Sls: 4it [00:00, 31.51it/s]Sls: 8it [00:00, 33.01it/s]Sls: 12it [00:00, 27.39it/s]Sls: 16it [00:00, 27.73it/s]Sls: 19it [00:00, 28.30it/s]Sls: 22it [00:00, 27.29it/s]Sls: 25it [00:00, 26.10it/s]Sls: 28it [00:01, 21.91it/s]Sls: 31it [00:01, 22.44it/s]Sls: 34it [00:01, 21.89it/s]Sls: 37it [00:01, 21.13it/s]Sls: 40it [00:01, 20.74it/s]Sls: 40it [00:01, 23.92it/s]
Sld: 0it [00:00, ?it/s]Sld: 1it [00:00,  7.59it/s]Sld: 5it [00:00, 22.88it/s]Sld: 9it [00:00, 28.27it/s]Sld: 13it [00:00, 30.06it/s]Sld: 17it [00:00, 29.92it/s]Sld: 21it [00:00, 28.92it/s]Sld: 24it [00:00, 27.65it/s]Sld: 27it [00:01, 27.10it/s]Sld: 30it [00:01, 25.50it/s]Sld: 33it [00:01, 24.04it/s]Sld: 36it [00:01, 22.88it/s]Sld: 39it [00:01, 22.25it/s]Sld: 40it [00:01, 24.74it/s]
Ts0: 0it [00:00, ?it/s]Ts0: 2it [00:00, 14.25it/s]Ts0: 4it [00:00, 14.05it/s]Ts0: 6it [00:00, 14.60it/s]Ts0: 8it [00:00, 14.25it/s]Ts0: 10it [00:00, 14.43it/s]Ts0: 12it [00:00, 14.02it/s]Ts0: 14it [00:00, 14.06it/s]Ts0: 16it [00:01, 13.56it/s]Ts0: 18it [00:01, 13.42it/s]Ts0: 20it [00:01, 12.81it/s]Ts0: 22it [00:01, 12.68it/s]Ts0: 24it [00:01, 12.22it/s]Ts0: 26it [00:01, 12.13it/s]Ts0: 28it [00:02, 11.77it/s]Ts0: 30it [00:02, 11.75it/s]Ts0: 32it [00:02, 11.47it/s]Ts0: 34it [00:02, 11.50it/s]Ts0: 36it [00:02, 11.28it/s]Ts0: 38it [00:03, 11.33it/s]Ts0: 40it [00:03, 11.37it/s]Ts0: 40it [00:03, 12.42it/s]
Td0: 0it [00:00, ?it/s]Td0: 2it [00:00, 13.05it/s]Td0: 4it [00:00, 12.98it/s]Td0: 6it [00:00, 13.38it/s]Td0: 8it [00:00, 13.09it/s]Td0: 10it [00:00, 13.26it/s]Td0: 12it [00:00, 12.87it/s]Td0: 14it [00:01, 13.08it/s]Td0: 16it [00:01, 12.88it/s]Td0: 18it [00:01, 13.02it/s]Td0: 20it [00:01, 12.75it/s]Td0: 22it [00:01, 12.83it/s]Td0: 24it [00:01, 12.52it/s]Td0: 26it [00:02, 12.58it/s]Td0: 28it [00:02, 12.22it/s]Td0: 30it [00:02, 12.30it/s]Td0: 32it [00:02, 12.02it/s]Td0: 34it [00:02, 12.07it/s]Td0: 36it [00:02, 11.84it/s]Td0: 38it [00:03, 11.91it/s]Td0: 40it [00:03, 11.93it/s]Td0: 40it [00:03, 12.48it/s]
Pn0: 0it [00:00, ?it/s]Pn0: 2it [00:00, 14.85it/s]Pn0: 4it [00:00, 12.56it/s]Pn0: 6it [00:00, 13.91it/s]Pn0: 8it [00:00, 14.03it/s]Pn0: 10it [00:00, 14.46it/s]Pn0: 12it [00:00, 14.18it/s]Pn0: 14it [00:00, 14.28it/s]Pn0: 16it [00:01, 13.79it/s]Pn0: 18it [00:01, 13.67it/s]Pn0: 20it [00:01, 13.01it/s]Pn0: 22it [00:01, 12.86it/s]Pn0: 24it [00:01, 12.35it/s]Pn0: 26it [00:01, 12.20it/s]Pn0: 28it [00:02, 11.66it/s]Pn0: 30it [00:02, 11.60it/s]Pn0: 32it [00:02, 11.30it/s]Pn0: 34it [00:02, 11.27it/s]Pn0: 36it [00:02, 11.02it/s]Pn0: 38it [00:03, 11.03it/s]Pn0: 40it [00:03, 11.01it/s]Pn0: 40it [00:03, 12.28it/s]
T_s: 0it [00:00, ?it/s]T_s: 2it [00:00, 15.98it/s]T_s: 4it [00:00, 14.94it/s]T_s: 6it [00:00, 15.26it/s]T_s: 8it [00:00, 14.67it/s]T_s: 10it [00:00, 14.72it/s]T_s: 12it [00:00, 14.16it/s]T_s: 14it [00:00, 14.15it/s]T_s: 16it [00:01,  9.91it/s]T_s: 18it [00:01, 10.80it/s]T_s: 20it [00:01, 11.21it/s]T_s: 22it [00:01, 11.72it/s]T_s: 24it [00:01, 11.70it/s]T_s: 26it [00:02, 11.96it/s]T_s: 28it [00:02, 11.83it/s]T_s: 30it [00:02, 11.96it/s]T_s: 32it [00:02, 11.68it/s]T_s: 34it [00:02, 11.79it/s]T_s: 36it [00:02, 11.58it/s]T_s: 38it [00:03, 10.60it/s]T_s: 40it [00:03, 10.90it/s]T_s: 40it [00:03, 11.93it/s]
T_d: 0it [00:00, ?it/s]T_d: 2it [00:00, 16.03it/s]T_d: 4it [00:00, 15.24it/s]T_d: 6it [00:00, 15.42it/s]T_d: 8it [00:00, 14.58it/s]T_d: 10it [00:00, 14.65it/s]T_d: 12it [00:00, 14.12it/s]T_d: 14it [00:00, 14.11it/s]T_d: 16it [00:01, 13.67it/s]T_d: 18it [00:01, 13.64it/s]T_d: 20it [00:01, 13.20it/s]T_d: 22it [00:01, 13.17it/s]T_d: 24it [00:01, 12.69it/s]T_d: 26it [00:01, 12.71it/s]T_d: 28it [00:02, 12.32it/s]T_d: 30it [00:02, 12.39it/s]T_d: 32it [00:02, 12.12it/s]T_d: 34it [00:02, 12.19it/s]T_d: 36it [00:02, 10.15it/s]T_d: 38it [00:03, 10.67it/s]T_d: 40it [00:03, 11.05it/s]T_d: 40it [00:03, 12.56it/s]
P_n: 0it [00:00, ?it/s]P_n: 2it [00:00, 16.01it/s]P_n: 4it [00:00, 15.16it/s]P_n: 6it [00:00, 15.35it/s]P_n: 8it [00:00, 14.74it/s]P_n: 10it [00:00, 14.74it/s]P_n: 12it [00:00, 12.85it/s]P_n: 14it [00:01, 13.24it/s]P_n: 16it [00:01, 13.07it/s]P_n: 18it [00:01, 13.23it/s]P_n: 20it [00:01, 12.87it/s]P_n: 22it [00:01, 12.96it/s]P_n: 24it [00:01, 12.67it/s]P_n: 26it [00:01, 12.72it/s]P_n: 28it [00:02, 12.36it/s]P_n: 30it [00:02, 12.42it/s]P_n: 32it [00:02, 12.13it/s]P_n: 34it [00:02, 12.21it/s]P_n: 36it [00:02, 11.98it/s]P_n: 38it [00:02, 12.12it/s]P_n: 40it [00:03, 12.21it/s]P_n: 40it [00:03, 12.86it/s]
Mud: 0it [00:00, ?it/s]Mud: 7it [00:00, 68.00it/s]Mud: 14it [00:00, 65.28it/s]Mud: 21it [00:00, 62.46it/s]Mud: 28it [00:00, 59.93it/s]Mud: 35it [00:00, 60.94it/s]Mud: 40it [00:00, 61.47it/s]
done writing output_jobid_3462326_extracted-fault.h5
done writing output_jobid_3462326_extracted-fault.xdmf
full path: /hppfs/scratch/01/di35poq/haiti-rupture-outputs/dynamic-rupture-outputs/outputs_tmp/output_jobid_3462326_extracted-fault.xdmf
Writing hdf5 output with compression enabled (compression_level=4). 
Use --compression=0 if you want to speed-up data extraction.
u1: 0it [00:00, ?it/s]u1: 8it [00:00, 68.48it/s]u1: 16it [00:00, 72.82it/s]u1: 20it [00:00, 72.73it/s]
u2: 0it [00:00, ?it/s]u2: 8it [00:00, 69.71it/s]u2: 16it [00:00, 73.69it/s]u2: 20it [00:00, 73.92it/s]
u3: 0it [00:00, ?it/s]u3: 8it [00:00, 69.49it/s]u3: 16it [00:00, 73.41it/s]u3: 20it [00:00, 73.57it/s]
done writing output_jobid_3462326_extracted-surface.h5
done writing output_jobid_3462326_extracted-surface.xdmf
full path: /hppfs/scratch/01/di35poq/haiti-rupture-outputs/dynamic-rupture-outputs/outputs_tmp/output_jobid_3462326_extracted-surface.xdmf
~/haiti-rupture-inputs/dynamic-rupture/regional-only
