Thu 17 Oct 2024 05:57:46 PM UTC
num_nodes: 16 ntasks: 16 cpus_per_task:
Line 63 replaced with: OutputFile='/hppfs/scratch/01/di35poq/haiti-rupture-outputs/dynamic-rupture-outputs/FL33-only/jobid_4043074'
Job log complete.
Starting SeisSol...
Thu Oct 17 19:57:48, Info:  Using the parameter file parameters.par 
Thu Oct 17 19:57:48, Info:  Reading SeisSol parameter file... 
Thu Oct 17 19:57:48, Info:  In your parameter file, you have specified a non-positive interval for "checkpointinterval" . This mechanism is deprecated and may be removed in a future version of SeisSol. Consider disabling the whole module by setting "checkpoint" to 0 instead by adding "checkpoint = 0" to the "output" section of your parameter file instead. 
Thu Oct 17 19:57:48, Info:  The field "printintervalcriterion" is no longer in use. You may safely remove it from your parameters file. 
Thu Oct 17 19:57:48, Info:  The field "printintervalcriterion" is no longer in use. You may safely remove it from your parameters file. 
Thu Oct 17 19:57:48, Info:  The field "pickdttype" is no longer in use. You may safely remove it from your parameters file. 
Thu Oct 17 19:57:48, Info:  The field "faultoutputflag" is no longer in use. You may safely remove it from your parameters file. 
Thu Oct 17 19:57:48, Info:  The field "boundaries" is no longer in use. You may safely remove it from your parameters file. 
Thu Oct 17 19:57:48, Info:  SeisSol parameter file read successfully. 
Thu Oct 17 19:57:48, Info:  Model information: 
Thu Oct 17 19:57:48, Info:  Elastic model: yes 
Thu Oct 17 19:57:48, Info:  Viscoelastic model: no 
Thu Oct 17 19:57:48, Info:  Anelastic model: no 
Thu Oct 17 19:57:48, Info:  Poroelastic model: no 
Thu Oct 17 19:57:48, Info:  Anisotropic model: no 
Thu Oct 17 19:57:48, Info:  Plasticity: no 
Thu Oct 17 19:57:48, Info:  Welcome to SeisSol 
Thu Oct 17 19:57:48, Info:  Copyright (c) 2012 - 2024  SeisSol Group 
Thu Oct 17 19:57:48, Info:  Version: v1.1.4-148-g60aedc8c (dirty) 
Thu Oct 17 19:57:48, Info:  Built on: Jun 17 2024 21:03:35 
Thu Oct 17 19:57:48, Info:  Last commit: 60aedc8c2ae0a5d9e5a46cc3a40e4eaf1c047225 at 2024-06-06T12:54:08+00:00 
Thu Oct 17 19:57:48, Info:  Compiled with HOST_ARCH = skx 
Thu Oct 17 19:57:48, Info:  Running on (rank=0): "i01r01c03s01" 
Thu Oct 17 19:57:48, Info:  Using MPI with #ranks: 16 
Thu Oct 17 19:57:48, Info:  Node-wide (shared memory) MPI with #ranks/node: 1 
Thu Oct 17 19:57:48, Info:  Using asynchronous MPI routines. 
Thu Oct 17 19:57:48, Info:  Using OMP with #threads/rank: 94 
Thu Oct 17 19:57:48, Info:  OpenMP worker affinity (this process): "0123456789|0123456789|0123456789|0123456789|0123456-89|0123456789|0123456789|0123456789|0123456789|01234-" 
Thu Oct 17 19:57:48, Info:  OpenMP worker affinity (this node)   : "0123456789|0123456789|0123456789|0123456789|0123456-89|0123456789|0123456789|0123456789|0123456789|01234-" 
Thu Oct 17 19:57:48, Info:  Using a communication thread for advancing MPI communication. 
Thu Oct 17 19:57:48, Info:  Communication thread affinity        : "----------|----------|----------|----------|-------7--|----------|----------|----------|----------|-----5" 
Thu Oct 17 19:57:48, Info:  The stack size ulimit is 2097152 [kiB] ( = 2.0000 GiB ). 
Thu Oct 17 19:57:48, Info:  Begin init mesh. 
Thu Oct 17 19:57:48, Info:  Mesh file: "/dss/dsshome1/01/di35poq/mesh/mesh_v07/Haiti_v07_lowres" 
Thu Oct 17 19:57:48, Info:  Running mini SeisSol to determine node weights. 
Thu Oct 17 19:57:48, Info:  miniSeisSol configured with 50000 elements and 10 repeats per process 
Thu Oct 17 19:57:48, Info:  Node weights: mean = 41.4314  std = 0.447625  min = 40.3845  median = 41.5994  max = 41.8943 
Thu Oct 17 19:57:48, Info:  Reading PUML mesh 
Thu Oct 17 19:57:48, Info:  Inferring boundary format. 
Thu Oct 17 19:57:48, Info:  Boundary format not given in PUML file; inferring from array shape. 
Thu Oct 17 19:57:48, Info:  Using boundary format: i32 (4xi8) 
Thu Oct 17 19:57:48, Info:  Found 2685422 cells 
Thu Oct 17 19:57:48, Info:  Found 477078 vertices 
Thu Oct 17 19:57:50, Info:  Computing LTS weights. 
Thu Oct 17 19:57:53, Info:  Limiting number of clusters to 2147483646 
Thu Oct 17 19:57:53, Info:  Computing LTS weights. Done.  (108216 reductions.)
Thu Oct 17 19:57:53, Info:  Using the Parmetis partition library and strategy. 
Thu Oct 17 19:57:56, Info:  PUML mesh read in: 7.7620 s (min: 7.7057 s, max: 7.8911 s)
Thu Oct 17 19:57:56, Info:  The mesh has been read. Starting post processing. 
Thu Oct 17 19:57:56, Info:  Extracting fault information. 
Thu Oct 17 19:57:56, Info:  Exchanging ghostlayer metadata. 
Thu Oct 17 19:57:58, Info:  Mesh initialized in: 9.7773 s (min: 9.7770 s, max: 9.7782 s)
Thu Oct 17 19:57:58, Info:  End init mesh. 
Thu Oct 17 19:57:58, Info:  Begin init model. 
Thu Oct 17 19:57:58, Info:  Initialize LTS. 
Thu Oct 17 19:57:58, Info:  Deriving clusters ids for min. time step width / multiRate: 0.000213316 / 2 
Thu Oct 17 19:57:58, Info:  Due to wiggle factor of 1 the minimum timestep size is reduced to 0.000213316 
Thu Oct 17 19:57:58, Info:  Number of elements in time clusters: 
Thu Oct 17 19:57:58, Info:  0: 2088 
Thu Oct 17 19:57:58, Info:  1: 265401 
Thu Oct 17 19:57:58, Info:  2: 1618976 
Thu Oct 17 19:57:58, Info:  3: 538212 
Thu Oct 17 19:57:58, Info:  4: 147352 
Thu Oct 17 19:57:58, Info:  5: 35652 
Thu Oct 17 19:57:58, Info:  6: 11329 
Thu Oct 17 19:57:58, Info:  7: 18592 
Thu Oct 17 19:57:58, Info:  8: 47781 
Thu Oct 17 19:57:58, Info:  9: 39 
Thu Oct 17 19:57:58, Info:  maximum theoretical speedup (compared to GTS): 6.4313 per cell LTS, 4.34786 with the used clustering. 
Thu Oct 17 19:57:58, Info:  Number of elements in dynamic rupture time clusters: 
Thu Oct 17 19:57:58, Info:  0 (dr): 617 
Thu Oct 17 19:57:58, Info:  1 (dr): 78794 
Thu Oct 17 19:57:58, Info:  2 (dr): 309916 
Thu Oct 17 19:57:58, Info:  3 (dr): 2509 
Thu Oct 17 19:57:58, Info:  4 (dr): 0 
Thu Oct 17 19:57:58, Info:  5 (dr): 0 
Thu Oct 17 19:57:58, Info:  6 (dr): 0 
Thu Oct 17 19:57:58, Info:  7 (dr): 0 
Thu Oct 17 19:57:58, Info:  8 (dr): 0 
Thu Oct 17 19:57:58, Info:  9 (dr): 0 
Thu Oct 17 19:57:58, Info:  Initialize Friction Model 
Thu Oct 17 19:58:33, Info:  Initialize cell material parameters. 
Thu Oct 17 19:58:35, Info:  Initialize Memory layout. 
Thu Oct 17 19:58:35, Info:  Initialize cell-local matrices. 
Thu Oct 17 19:58:35, Info:  Initializing Fault, using a quadrature rule with  25  points. 
Thu Oct 17 20:03:45, Info:  Model initialized in: 5 min 47.8706 s (min: 5 min 47.8686 s, max: 5 min 47.8744 s)
Thu Oct 17 20:03:45, Info:  End init model. 
Thu Oct 17 20:03:45, Info:  Setting initial conditions. 
Thu Oct 17 20:03:45, Info:  Using initial condition "Zero" . 
Thu Oct 17 20:03:45, Info:  Reading source. 
Thu Oct 17 20:03:45, Info:  No source term specified. 
Thu Oct 17 20:03:45, Info:  Setting up boundary conditions. 
Thu Oct 17 20:03:45, Info:  Begin init output. 
Thu Oct 17 20:03:45, Info:  Initializing free surface integrator. 
Thu Oct 17 20:03:46, Info:  Initializing free surface integrator. Done. 
Thu Oct 17 20:03:46, Info:  Enabling 2D fault output 
Thu Oct 17 20:03:46, Info:  Initializing Fault output. Number of sub-triangles: 4 
Thu Oct 17 20:03:46, Info:  Initializing XDMF fault output. 
Thu Oct 17 20:03:46, Info:  Fault writer thread affinity: "----------|----------|----------|----------|-------7--|----------|----------|----------|----------|-----5" 
Thu Oct 17 20:03:46, Info:  Initializing XDMF fault output. Done. 
Thu Oct 17 20:03:46, Info:  Wave field writer thread affinity: "----------|----------|----------|----------|-------7--|----------|----------|----------|----------|-----5" 
Thu Oct 17 20:03:46, Info:  Initializing XDMF wave field output. 
Thu Oct 17 20:03:46, Info:  Refinement is turned off. 
Thu Oct 17 20:03:46, Info:  Refinement class initialized 
Thu Oct 17 20:03:46, Info:  VariableSubsampler initialized 
Thu Oct 17 20:03:46, Info:  High order output initialized 
Thu Oct 17 20:03:46, Info:  Initializing XDMF wave field output. Done. 
Thu Oct 17 20:03:46, Info:  Initializing free surface output. 
Thu Oct 17 20:03:46, Info:  Free surface writer thread affinity: "----------|----------|----------|----------|-------7--|----------|----------|----------|----------|-----5" 
Thu Oct 17 20:03:46, Info:  Initializing free surface output. Done. 
Thu Oct 17 20:03:46, Info:  No record points read. 
Thu Oct 17 20:03:46, Info:  Finding meshIds for receivers... 
Thu Oct 17 20:03:46, Info:  Cleaning possible double occurring receivers for MPI... 
Thu Oct 17 20:03:46, Info:  Mapping receivers to LTS cells... 
Thu Oct 17 20:03:46, Info:  Initializing energy output. 
Thu Oct 17 20:03:46, Info:  End init output. 
Thu Oct 17 20:03:46, Info:  Finishing initialization... 
Thu Oct 17 20:03:46, Info:  Starting simulation. 
Thu Oct 17 20:03:46, Info:  Writing faultoutput at time 0.
Thu Oct 17 20:03:46, Info:  Writing faultoutput at time 0. Done.
Thu Oct 17 20:03:46, Info:  Waiting for last wave field. 
Thu Oct 17 20:03:46, Info:  Writing wave field at time 0.
Thu Oct 17 20:03:46, Info:  Writing wave field at time 0. Done.
Thu Oct 17 20:03:46, Info:  Writing free surface at time 0.
Thu Oct 17 20:03:46, Info:  Writing free surface at time 0. Done.
Thu Oct 17 20:03:46, Info:  Writing energy output at time 0 
Thu Oct 17 20:03:46, Info:  Total momentum (X, Y, Z): 0  , 0  , 0 
Thu Oct 17 20:03:46, Info:  Writing energy output at time 0 Done. 
Thu Oct 17 20:03:46, Info:  Time spent for initial IO: 58.8988 ms (min: 46.9796 ms, max: 76.2922 ms)
Thu Oct 17 20:04:13, Info:  Writing faultoutput at time 0.5.
Thu Oct 17 20:04:13, Info:  Writing faultoutput at time 0.5. Done.
Thu Oct 17 20:04:13, Info:  Writing energy output at time 0.5 
Thu Oct 17 20:04:13, Info:  Elastic energy (total, % kinematic, % potential):  2.44388e+08  , 13.343  , 86.657 
Thu Oct 17 20:04:13, Info:  Total momentum (X, Y, Z): -3.87458e-05  , 1.07789e-05  , 2.56363e-05 
Thu Oct 17 20:04:13, Info:  Frictional work (total, % static, % radiated):  2.47436e+08  , 76.0127  , 23.9873 
Thu Oct 17 20:04:13, Info:  Seismic moment (without plasticity): 4.63245e+13  Mw: 3.04054 
Thu Oct 17 20:04:13, Info:  Writing energy output at time 0.5 Done. 
Thu Oct 17 20:04:13, Info:  Time spent this phase (total): 26.6424 s (min: 26.5918 s, max: 26.6726 s)
Thu Oct 17 20:04:13, Info:  Time spent this phase (compute): 26.5835 s (min: 26.5399 s, max: 26.6252 s)
Thu Oct 17 20:04:13, Info:  Time spent this phase (IO): 47.6890 ms (min: 39.3125 ms, max: 68.2034 ms)
Thu Oct 17 20:04:13, Info:  Performance since the start: 9.4460 TFLOP/s (rank 0: 578.7870 GFLOP/s , average over ranks: 590.3755 GFLOP/s ) 
Thu Oct 17 20:04:13, Info:  Performance since last sync point: 9.4460 TFLOP/s (rank 0: 578.7870 GFLOP/s , average over ranks: 590.3755 GFLOP/s ) 
Thu Oct 17 20:04:40, Info:  Writing faultoutput at time 1.
Thu Oct 17 20:04:40, Info:  Writing faultoutput at time 1. Done.
Thu Oct 17 20:04:40, Info:  Writing free surface at time 1.
Thu Oct 17 20:04:40, Info:  Writing free surface at time 1. Done.
Thu Oct 17 20:04:40, Info:  Writing energy output at time 1 
Thu Oct 17 20:04:40, Info:  Elastic energy (total, % kinematic, % potential):  3.56439e+08  , 3.83915  , 96.1608 
Thu Oct 17 20:04:40, Info:  Total momentum (X, Y, Z): 0.000515282  , 0.000196159  , -0.000140607 
Thu Oct 17 20:04:40, Info:  Frictional work (total, % static, % radiated):  3.77786e+08  , 85.2766  , 14.7234 
Thu Oct 17 20:04:40, Info:  Seismic moment (without plasticity): 1.03299e+14  Mw: 3.27273 
Thu Oct 17 20:04:40, Info:  Writing energy output at time 1 Done. 
Thu Oct 17 20:04:40, Info:  Time spent this phase (total): 26.8790 s (min: 26.8745 s, max: 26.8851 s)
Thu Oct 17 20:04:40, Info:  Time spent this phase (compute): 26.8788 s (min: 26.8744 s, max: 26.8847 s)
Thu Oct 17 20:04:40, Info:  Time spent this phase (IO): 49.4555 ms (min: 39.3836 ms, max: 73.8593 ms)
Thu Oct 17 20:04:40, Info:  Performance since the start: 9.4042 TFLOP/s (rank 0: 576.4902 GFLOP/s , average over ranks: 587.7625 GFLOP/s ) 
Thu Oct 17 20:04:40, Info:  Performance since last sync point: 9.3628 TFLOP/s (rank 0: 574.2115 GFLOP/s , average over ranks: 585.1728 GFLOP/s ) 
Thu Oct 17 20:05:06, Info:  Writing faultoutput at time 1.5.
Thu Oct 17 20:05:06, Info:  Writing faultoutput at time 1.5. Done.
Thu Oct 17 20:05:06, Info:  Writing energy output at time 1.5 
Thu Oct 17 20:05:06, Info:  Elastic energy (total, % kinematic, % potential):  3.61033e+08  , 3.33351  , 96.6665 
Thu Oct 17 20:05:06, Info:  Total momentum (X, Y, Z): 0.000718355  , -0.000678062  , -0.000758767 
Thu Oct 17 20:05:06, Info:  Frictional work (total, % static, % radiated):  3.88287e+08  , 85.4032  , 14.5968 
Thu Oct 17 20:05:06, Info:  Seismic moment (without plasticity): 1.14644e+14  Mw: 3.3029 
Thu Oct 17 20:05:06, Info:  Writing energy output at time 1.5 Done. 
Thu Oct 17 20:05:06, Info:  Time spent this phase (total): 26.3525 s (min: 26.3095 s, max: 26.4336 s)
Thu Oct 17 20:05:06, Info:  Time spent this phase (compute): 26.3523 s (min: 26.3095 s, max: 26.4335 s)
Thu Oct 17 20:05:06, Info:  Time spent this phase (IO): 54.7532 ms (min: 39.3049 ms, max: 117.6023 ms)
Thu Oct 17 20:05:06, Info:  Performance since the start: 9.4522 TFLOP/s (rank 0: 579.5330 GFLOP/s , average over ranks: 590.7625 GFLOP/s ) 
Thu Oct 17 20:05:06, Info:  Performance since last sync point: 9.5497 TFLOP/s (rank 0: 585.7161 GFLOP/s , average over ranks: 596.8572 GFLOP/s ) 
Thu Oct 17 20:05:33, Info:  Writing faultoutput at time 2.
Thu Oct 17 20:05:33, Info:  Writing faultoutput at time 2. Done.
Thu Oct 17 20:05:33, Info:  Writing free surface at time 2.
Thu Oct 17 20:05:33, Info:  Writing free surface at time 2. Done.
Thu Oct 17 20:05:33, Info:  Writing energy output at time 2 
Thu Oct 17 20:05:33, Info:  Elastic energy (total, % kinematic, % potential):  3.82887e+08  , 2.53579  , 97.4642 
Thu Oct 17 20:05:33, Info:  Total momentum (X, Y, Z): 0.0029974  , -0.000444412  , -0.00193276 
Thu Oct 17 20:05:33, Info:  Frictional work (total, % static, % radiated):  4.17811e+08  , 85.4151  , 14.5849 
Thu Oct 17 20:05:33, Info:  Seismic moment (without plasticity): 1.36647e+14  Mw: 3.35373 
Thu Oct 17 20:05:33, Info:  Writing energy output at time 2 Done. 
Thu Oct 17 20:05:33, Info:  Time spent this phase (total): 26.9535 s (min: 26.9349 s, max: 27.0213 s)
Thu Oct 17 20:05:33, Info:  Time spent this phase (compute): 26.9534 s (min: 26.9349 s, max: 27.0213 s)
Thu Oct 17 20:05:33, Info:  Time spent this phase (IO): 54.2003 ms (min: 39.4370 ms, max: 83.7381 ms)
Thu Oct 17 20:05:33, Info:  Performance since the start: 9.4231 TFLOP/s (rank 0: 577.8920 GFLOP/s , average over ranks: 588.9442 GFLOP/s ) 
Thu Oct 17 20:05:33, Info:  Performance since last sync point: 9.3369 TFLOP/s (rank 0: 573.0242 GFLOP/s , average over ranks: 583.5564 GFLOP/s ) 
Thu Oct 17 20:06:00, Info:  Writing faultoutput at time 2.5.
Thu Oct 17 20:06:00, Info:  Writing faultoutput at time 2.5. Done.
Thu Oct 17 20:06:00, Info:  Writing energy output at time 2.5 
Thu Oct 17 20:06:00, Info:  Elastic energy (total, % kinematic, % potential):  3.80457e+08  , 2.10841  , 97.8916 
Thu Oct 17 20:06:00, Info:  Total momentum (X, Y, Z): 0.00137806  , -0.00144672  , -0.000864744 
Thu Oct 17 20:06:00, Info:  Frictional work (total, % static, % radiated):  4.18756e+08  , 85.4095  , 14.5905 
Thu Oct 17 20:06:00, Info:  Seismic moment (without plasticity): 1.40632e+14  Mw: 3.36206 
Thu Oct 17 20:06:00, Info:  Writing energy output at time 2.5 Done. 
Thu Oct 17 20:06:00, Info:  Time spent this phase (total): 26.5267 s (min: 26.4778 s, max: 26.5468 s)
Thu Oct 17 20:06:00, Info:  Time spent this phase (compute): 26.5266 s (min: 26.4777 s, max: 26.5468 s)
Thu Oct 17 20:06:00, Info:  Time spent this phase (IO): 50.1752 ms (min: 39.3162 ms, max: 83.0471 ms)
Thu Oct 17 20:06:00, Info:  Performance since the start: 9.4358 TFLOP/s (rank 0: 578.7191 GFLOP/s , average over ranks: 589.7399 GFLOP/s ) 
Thu Oct 17 20:06:00, Info:  Performance since last sync point: 9.4871 TFLOP/s (rank 0: 582.0513 GFLOP/s , average over ranks: 592.9443 GFLOP/s ) 
Thu Oct 17 20:06:26, Info:  Writing faultoutput at time 3.
Thu Oct 17 20:06:26, Info:  Writing faultoutput at time 3. Done.
Thu Oct 17 20:06:26, Info:  Writing free surface at time 3.
Thu Oct 17 20:06:26, Info:  Writing free surface at time 3. Done.
Thu Oct 17 20:06:26, Info:  Wrote receivers in 4.78e-07 seconds. 
Thu Oct 17 20:06:26, Info:  Writing energy output at time 3 
Thu Oct 17 20:06:26, Info:  Elastic energy (total, % kinematic, % potential):  3.77858e+08  , 1.77825  , 98.2217 
Thu Oct 17 20:06:26, Info:  Total momentum (X, Y, Z): 0.00115967  , -0.00175381  , -0.000795066 
Thu Oct 17 20:06:26, Info:  Frictional work (total, % static, % radiated):  4.18767e+08  , 85.4101  , 14.5899 
Thu Oct 17 20:06:26, Info:  Seismic moment (without plasticity): 1.42443e+14  Mw: 3.36576 
Thu Oct 17 20:06:26, Info:  Writing energy output at time 3 Done. 
Thu Oct 17 20:06:26, Info:  Time spent this phase (total): 26.5352 s (min: 26.5273 s, max: 26.5415 s)
Thu Oct 17 20:06:26, Info:  Time spent this phase (compute): 26.5351 s (min: 26.5273 s, max: 26.5414 s)
Thu Oct 17 20:06:26, Info:  Time spent this phase (IO): 49.0656 ms (min: 39.4868 ms, max: 70.8974 ms)
Thu Oct 17 20:06:26, Info:  Performance since the start: 9.4438 TFLOP/s (rank 0: 579.2518 GFLOP/s , average over ranks: 590.2403 GFLOP/s ) 
Thu Oct 17 20:06:26, Info:  Performance since last sync point: 9.4841 TFLOP/s (rank 0: 581.9300 GFLOP/s , average over ranks: 592.7553 GFLOP/s ) 
Thu Oct 17 20:06:26, Info:  Ignoring duplicate synchronisation point at time 3 ; the last sync point was at  3 
Thu Oct 17 20:06:26, Info:  Waiting for last wave field. 
Thu Oct 17 20:06:26, Info:  Writing wave field at time 3.
Thu Oct 17 20:06:26, Info:  Writing wave field at time 3. Done.
Thu Oct 17 20:06:26, Info:  Ignoring duplicate synchronisation point at time 3 ; the last sync point was at  3 
Thu Oct 17 20:06:26, Info:  Ignoring duplicate synchronisation point at time 3 ; the last sync point was at  3 
Thu Oct 17 20:06:26, Info:  Ignoring duplicate synchronisation point at time 3 ; the last sync point was at  3 
Thu Oct 17 20:06:26, Info:  Simulation time (total): 2 min 39.8961 s (min: 2 min 39.8734 s, max: 2 min 39.9146 s)
Thu Oct 17 20:06:26, Info:  Simulation time (compute): 2 min 39.5246 s (min: 2 min 39.3310 s, max: 2 min 39.6185 s)
Thu Oct 17 20:06:26, Info:  Simulation time (IO): 363.7795 ms (min: 282.8761 ms, max: 572.4474 ms)
Thu Oct 17 20:06:26, Info:  Time spent in compute kernels: mean = 152.005  std = 2.71915  min = 146.951  median = 151.168  max = 156.758 
Thu Oct 17 20:06:26, Info:  Load imbalance: 3.03228 % 
Thu Oct 17 20:06:26, Info:  Regression analysis of compute kernels: 
Thu Oct 17 20:06:26, Info:  "computeLocalIntegration" (total time): 737.015 s ( = 12 min 17.0153 s ) 
Thu Oct 17 20:06:26, Info:  "computeLocalIntegration" ( constant ): 2.24412e-05 (sample size: 757434 , standard error: 1.47267e-11 ) 
Thu Oct 17 20:06:26, Info:  "computeLocalIntegration" ( per element ): 8.28407e-08 (sample size: 757434 , standard error: 1.47267e-11 ) 
Thu Oct 17 20:06:26, Info:  "computeNeighboringIntegration" (total time): 899.133 s ( = 14 min 59.1326 s ) 
Thu Oct 17 20:06:26, Info:  "computeNeighboringIntegration" ( constant ): 0.000140262 (sample size: 757434 , standard error: 1.89757e-11 ) 
Thu Oct 17 20:06:26, Info:  "computeNeighboringIntegration" ( per element ): 9.12253e-08 (sample size: 757434 , standard error: 1.89757e-11 ) 
Thu Oct 17 20:06:26, Info:  "computeDynamicRupture" (total time): 795.925 s ( = 13 min 15.9246 s ) 
Thu Oct 17 20:06:26, Info:  "computeDynamicRupture" ( constant ): 8.51843e-05 (sample size: 578382 , standard error: 1.23542e-10 ) 
Thu Oct 17 20:06:26, Info:  "computeDynamicRupture" ( per element ): 4.50652e-07 (sample size: 578382 , standard error: 1.23542e-10 ) 
Thu Oct 17 20:06:26, Info:  "computePointSources" (total time): 0 s ( = 0.0000 s ) 
Thu Oct 17 20:06:26, Info:  "computePointSources" ( constant ): -nan (sample size: 0 , standard error: -nan ) 
Thu Oct 17 20:06:26, Info:  "computePointSources" ( per element ): -nan (sample size: 0 , standard error: -nan ) 
Thu Oct 17 20:06:26, Info:  Total time spent in compute kernels: 2432.07 s ( = 40 min 32.0724 s ) 
Thu Oct 17 20:06:26, Info:  Total calculated HW-FLOP:  1.5100 PFLOP 
Thu Oct 17 20:06:26, Info:  Total calculated NZ-FLOP:  603.6004 TFLOP 
Thu Oct 17 20:06:26, Info:  Total calculated HW-FLOP/s:  9.4424 TFLOP/s 
Thu Oct 17 20:06:26, Info:  Total calculated NZ-FLOP/s:  3.7745 TFLOP/s 
Thu Oct 17 20:06:26, Info:  WP calculated HW-FLOP:  1.2511 PFLOP 
Thu Oct 17 20:06:26, Info:  WP calculated NZ-FLOP:  411.1363 TFLOP 
Thu Oct 17 20:06:26, Info:  DR calculated HW-FLOP:  258.8463 TFLOP 
Thu Oct 17 20:06:26, Info:  DR calculated NZ-FLOP:  192.4641 TFLOP 
Thu Oct 17 20:06:26, Info:  PL calculated HW-FLOP:  0.0000 FLOP 
Thu Oct 17 20:06:26, Info:  PL calculated NZ-FLOP:  0.0000 FLOP 
Thu Oct 17 20:06:26, Info:  Time spent in simulation: 2 min 39.9153 s (min: 2 min 39.9152 s, max: 2 min 39.9161 s)
Thu Oct 17 20:06:26, Info:  Simulation done. 
Thu Oct 17 20:06:26, Info:  Closing IO. 
Thu Oct 17 20:06:27, Info:  Time wave field writer backend: 737.9796 ms (min: 431.3419 ms, max: 1.7017 s)
Thu Oct 17 20:06:27, Info:  Time wave field writer frontend: 13.0421 ms (min: 10.8285 ms, max: 16.6772 ms)
Thu Oct 17 20:06:27, Info:  Time fault writer backend: 884.7543 ms (min: 483.5931 ms, max: 5.0787 s)
Thu Oct 17 20:06:27, Info:  Time fault writer frontend: 7.8288 ms (min: 6.6677 ms, max: 9.1144 ms)
Thu Oct 17 20:06:27, Info:  Time free surface writer backend: 155.3063 ms (min: 109.1670 µs, max: 1.4664 s)
Thu Oct 17 20:06:27, Info:  Time free surface writer frontend: 969.0863 µs (min: 79.9890 µs, max: 4.8262 ms)
Thu Oct 17 20:06:27, Info:  SeisSol done. Goodbye. 
SeisSol complete.
/hppfs/scratch/01/di35poq/haiti-rupture-outputs/dynamic-rupture-outputs/FL33-only/jobid_4043074 ~/haiti-rupture-inputs/dynamic-rupture/FL33-only
Writing hdf5 output with compression enabled (compression_level=4). 
Use --compression=0 if you want to speed-up data extraction.
u1: 0it [00:00, ?it/s]u1: 1it [00:00,  7.16it/s]u1: 3it [00:00, 20.10it/s]
u2: 0it [00:00, ?it/s]u2: 3it [00:00, 59.48it/s]
u3: 0it [00:00, ?it/s]u3: 3it [00:00, 40.89it/s]
done writing output_jobid_4043074_extracted-surface.h5
done writing output_jobid_4043074_extracted-surface.xdmf
full path: /hppfs/scratch/01/di35poq/haiti-rupture-outputs/dynamic-rupture-outputs/FL33-only/jobid_4043074/output_jobid_4043074_extracted-surface.xdmf
Working on JobID: 4043074
No matching file found for jobid 4043074. Assigning output-fault.xdmf instead
/hppfs/scratch/01/di35poq/haiti-rupture-outputs/dynamic-rupture-outputs/FL33-only/jobid_4043074/output-fault.xdmf
warning: Mw computed over 0-85s (avoiding contribution of small residual moment after rupture)
jobid_4043074 moment magnitude: 3.365760741199294 (M0 = 1.4244e+14)
Finished writing /hppfs/scratch/01/di35poq/haiti-rupture-outputs/dynamic-rupture-outputs/FL33-only/jobid_4043074/moment_rate_mainshock.png
Looking for output-fault.xdmf
~/haiti-rupture-inputs/dynamic-rupture/FL33-only
