THIS RUN IS USING general
Sun 08 Sep 2024 02:59:02 AM UTC
num_nodes: 24 ntasks: 24 cpus_per_task:
Line 63 replaced with: OutputFile='/hppfs/scratch/01/di35poq/haiti-rupture-outputs/dynamic-rupture-outputs/regional-only/jobid_3891877'
Job log complete.
Starting SeisSol...
Sun Sep 08 04:59:03, Info:  Using the parameter file parameters.par 
Sun Sep 08 04:59:03, Info:  Reading SeisSol parameter file... 
Sun Sep 08 04:59:03, Info:  In your parameter file, you have specified a non-positive interval for "checkpointinterval" . This mechanism is deprecated and may be removed in a future version of SeisSol. Consider disabling the whole module by setting "checkpoint" to 0 instead by adding "checkpoint = 0" to the "output" section of your parameter file instead. 
Sun Sep 08 04:59:03, Info:  The field "printintervalcriterion" is no longer in use. You may safely remove it from your parameters file. 
Sun Sep 08 04:59:03, Info:  Disabling the wavefield output by setting "outputformat = 10" is deprecated and may be removed in a future version of SeisSol. Consider using the parameter "wavefieldoutput" instead. To disable wavefield output, add "wavefieldoutput = 0" to the "output" section of your parameters file. 
Sun Sep 08 04:59:03, Info:  The field "printintervalcriterion" is no longer in use. You may safely remove it from your parameters file. 
Sun Sep 08 04:59:03, Info:  The field "pickdttype" is no longer in use. You may safely remove it from your parameters file. 
Sun Sep 08 04:59:03, Info:  The field "faultoutputflag" is no longer in use. You may safely remove it from your parameters file. 
Sun Sep 08 04:59:03, Info:  The field "boundaries" is no longer in use. You may safely remove it from your parameters file. 
Sun Sep 08 04:59:03, Info:  SeisSol parameter file read successfully. 
Sun Sep 08 04:59:03, Info:  Model information: 
Sun Sep 08 04:59:03, Info:  Elastic model: yes 
Sun Sep 08 04:59:03, Info:  Viscoelastic model: no 
Sun Sep 08 04:59:03, Info:  Anelastic model: no 
Sun Sep 08 04:59:03, Info:  Poroelastic model: no 
Sun Sep 08 04:59:03, Info:  Anisotropic model: no 
Sun Sep 08 04:59:03, Info:  Plasticity: no 
Sun Sep 08 04:59:03, Info:  Welcome to SeisSol 
Sun Sep 08 04:59:03, Info:  Copyright (c) 2012 - 2024  SeisSol Group 
Sun Sep 08 04:59:03, Info:  Version: v1.1.4-148-g60aedc8c (dirty) 
Sun Sep 08 04:59:03, Info:  Built on: Jun 17 2024 21:03:35 
Sun Sep 08 04:59:03, Info:  Last commit: 60aedc8c2ae0a5d9e5a46cc3a40e4eaf1c047225 at 2024-06-06T12:54:08+00:00 
Sun Sep 08 04:59:03, Info:  Compiled with HOST_ARCH = skx 
Sun Sep 08 04:59:03, Info:  Running on (rank=0): "i02r02c02s09" 
Sun Sep 08 04:59:03, Info:  Using MPI with #ranks: 24 
Sun Sep 08 04:59:03, Info:  Node-wide (shared memory) MPI with #ranks/node: 1 
Sun Sep 08 04:59:03, Info:  Using asynchronous MPI routines. 
Sun Sep 08 04:59:03, Info:  Using OMP with #threads/rank: 94 
Sun Sep 08 04:59:03, Info:  OpenMP worker affinity (this process): "0123456789|0123456789|0123456789|0123456789|0123456-89|0123456789|0123456789|0123456789|0123456789|01234-" 
Sun Sep 08 04:59:03, Info:  OpenMP worker affinity (this node)   : "0123456789|0123456789|0123456789|0123456789|0123456-89|0123456789|0123456789|0123456789|0123456789|01234-" 
Sun Sep 08 04:59:03, Info:  Using a communication thread for advancing MPI communication. 
Sun Sep 08 04:59:03, Info:  Communication thread affinity        : "----------|----------|----------|----------|-------7--|----------|----------|----------|----------|-----5" 
Sun Sep 08 04:59:03, Info:  The stack size ulimit is 2097152 [kiB] ( = 2.0000 GiB ). 
Sun Sep 08 04:59:03, Info:  Begin init mesh. 
Sun Sep 08 04:59:03, Info:  Mesh file: "/dss/dsshome1/01/di35poq/mesh/mesh_v07/Haiti_v07_lowres" 
Sun Sep 08 04:59:03, Info:  Running mini SeisSol to determine node weights. 
Sun Sep 08 04:59:03, Info:  miniSeisSol configured with 50000 elements and 10 repeats per process 
Sun Sep 08 04:59:04, Info:  Node weights: mean = 41.3472  std = 0.464952  min = 40.3795  median = 41.432  max = 42.0906 
Sun Sep 08 04:59:04, Info:  Reading PUML mesh 
Sun Sep 08 04:59:04, Info:  Inferring boundary format. 
Sun Sep 08 04:59:04, Info:  Boundary format not given in PUML file; inferring from array shape. 
Sun Sep 08 04:59:04, Info:  Using boundary format: i32 (4xi8) 
Sun Sep 08 04:59:04, Info:  Found 2685422 cells 
Sun Sep 08 04:59:04, Info:  Found 477078 vertices 
Sun Sep 08 04:59:05, Info:  Computing LTS weights. 
Sun Sep 08 04:59:07, Info:  Limiting number of clusters to 2147483646 
Sun Sep 08 04:59:07, Info:  Computing LTS weights. Done.  (108213 reductions.)
Sun Sep 08 04:59:07, Info:  Using the Parmetis partition library and strategy. 
Sun Sep 08 04:59:09, Info:  PUML mesh read in: 5.4105 s (min: 5.2711 s, max: 5.5468 s)
Sun Sep 08 04:59:09, Info:  The mesh has been read. Starting post processing. 
Sun Sep 08 04:59:09, Info:  Extracting fault information. 
Sun Sep 08 04:59:09, Info:  Exchanging ghostlayer metadata. 
Sun Sep 08 04:59:10, Info:  Mesh initialized in: 6.9894 s (min: 6.9893 s, max: 6.9899 s)
Sun Sep 08 04:59:10, Info:  End init mesh. 
Sun Sep 08 04:59:10, Info:  Begin init model. 
Sun Sep 08 04:59:10, Info:  Initialize LTS. 
Sun Sep 08 04:59:10, Info:  Deriving clusters ids for min. time step width / multiRate: 0.000213316 / 2 
Sun Sep 08 04:59:10, Info:  Due to wiggle factor of 1 the minimum timestep size is reduced to 0.000213316 
Sun Sep 08 04:59:11, Info:  Number of elements in time clusters: 
Sun Sep 08 04:59:11, Info:  0: 2088 
Sun Sep 08 04:59:11, Info:  1: 265401 
Sun Sep 08 04:59:11, Info:  2: 1618976 
Sun Sep 08 04:59:11, Info:  3: 538212 
Sun Sep 08 04:59:11, Info:  4: 147352 
Sun Sep 08 04:59:11, Info:  5: 35652 
Sun Sep 08 04:59:11, Info:  6: 11329 
Sun Sep 08 04:59:11, Info:  7: 18592 
Sun Sep 08 04:59:11, Info:  8: 47781 
Sun Sep 08 04:59:11, Info:  9: 39 
Sun Sep 08 04:59:11, Info:  maximum theoretical speedup (compared to GTS): 6.4313 per cell LTS, 4.34786 with the used clustering. 
Sun Sep 08 04:59:11, Info:  Number of elements in dynamic rupture time clusters: 
Sun Sep 08 04:59:11, Info:  0 (dr): 619 
Sun Sep 08 04:59:11, Info:  1 (dr): 78881 
Sun Sep 08 04:59:11, Info:  2 (dr): 310078 
Sun Sep 08 04:59:11, Info:  3 (dr): 2509 
Sun Sep 08 04:59:11, Info:  4 (dr): 0 
Sun Sep 08 04:59:11, Info:  5 (dr): 0 
Sun Sep 08 04:59:11, Info:  6 (dr): 0 
Sun Sep 08 04:59:11, Info:  7 (dr): 0 
Sun Sep 08 04:59:11, Info:  8 (dr): 0 
Sun Sep 08 04:59:11, Info:  9 (dr): 0 
Sun Sep 08 04:59:11, Info:  Initialize Friction Model 
Sun Sep 08 04:59:11, Info:  Initialize cell material parameters. 
Sun Sep 08 04:59:12, Info:  Initialize Memory layout. 
Sun Sep 08 04:59:13, Info:  Initialize cell-local matrices. 
Sun Sep 08 04:59:13, Info:  Initializing Fault, using a quadrature rule with  25  points. 
Sun Sep 08 05:01:13, Info:  Model initialized in: 2 min 2.9784 s (min: 2 min 2.9769 s, max: 2 min 2.9816 s)
Sun Sep 08 05:01:13, Info:  End init model. 
Sun Sep 08 05:01:13, Info:  Setting initial conditions. 
Sun Sep 08 05:01:13, Info:  Using initial condition "Zero" . 
Sun Sep 08 05:01:13, Info:  Reading source. 
Sun Sep 08 05:01:13, Info:  No source term specified. 
Sun Sep 08 05:01:13, Info:  Setting up boundary conditions. 
Sun Sep 08 05:01:13, Info:  Begin init output. 
Sun Sep 08 05:01:13, Info:  Initializing free surface integrator. 
Sun Sep 08 05:01:13, Info:  Initializing free surface integrator. Done. 
Sun Sep 08 05:01:13, Info:  Enabling 2D fault output 
Sun Sep 08 05:01:13, Info:  Initializing Fault output. Number of sub-triangles: 4 
Sun Sep 08 05:01:14, Info:  Initializing XDMF fault output. 
Sun Sep 08 05:01:14, Info:  Fault writer thread affinity: "----------|----------|----------|----------|-------7--|----------|----------|----------|----------|-----5" 
Sun Sep 08 05:01:14, Info:  Initializing XDMF fault output. Done. 
Sun Sep 08 05:01:14, Info:  Initializing free surface output. 
Sun Sep 08 05:01:14, Info:  Free surface writer thread affinity: "----------|----------|----------|----------|-------7--|----------|----------|----------|----------|-----5" 
Sun Sep 08 05:01:14, Info:  No record points read. 
Sun Sep 08 05:01:14, Info:  Finding meshIds for receivers... 
Sun Sep 08 05:01:14, Info:  Cleaning possible double occurring receivers for MPI... 
Sun Sep 08 05:01:14, Info:  Mapping receivers to LTS cells... 
Sun Sep 08 05:01:14, Info:  Initializing energy output. 
Sun Sep 08 05:01:14, Info:  End init output. 
Sun Sep 08 05:01:14, Info:  Initializing free surface output. Done. 
Sun Sep 08 05:01:14, Info:  Finishing initialization... 
Sun Sep 08 05:01:14, Info:  Starting simulation. 
Sun Sep 08 05:01:14, Info:  Writing faultoutput at time 0.
Sun Sep 08 05:01:14, Info:  Writing faultoutput at time 0. Done.
Sun Sep 08 05:01:14, Info:  Writing free surface at time 0.
Sun Sep 08 05:01:14, Info:  Writing free surface at time 0. Done.
Sun Sep 08 05:01:14, Info:  Writing energy output at time 0 
Sun Sep 08 05:01:14, Info:  Total momentum (X, Y, Z): 0  , 0  , 0 
Sun Sep 08 05:01:14, Info:  Writing energy output at time 0 Done. 
Sun Sep 08 05:01:14, Info:  Time spent for initial IO: 34.5820 ms (min: 27.3477 ms, max: 46.9855 ms)
Sun Sep 08 05:01:33, Info:  Writing faultoutput at time 0.5.
Sun Sep 08 05:01:33, Info:  Writing faultoutput at time 0.5. Done.
Sun Sep 08 05:01:33, Info:  Writing energy output at time 0.5 
Sun Sep 08 05:01:33, Info:  Elastic energy (total, % kinematic, % potential):  1.1879e+13  , 24.6974  , 75.3026 
Sun Sep 08 05:01:33, Info:  Total momentum (X, Y, Z): -0.00572981  , 0.0392539  , 0.00371103 
Sun Sep 08 05:01:33, Info:  Frictional work (total, % static, % radiated):  1.20249e+13  , 72.9067  , 27.0933 
Sun Sep 08 05:01:33, Info:  Seismic moment (without plasticity): 4.91414e+16  Mw: 5.05763 
Sun Sep 08 05:01:33, Info:  Writing energy output at time 0.5 Done. 
Sun Sep 08 05:01:33, Info:  Time spent this phase (total): 19.3021 s (min: 19.2586 s, max: 19.3409 s)
Sun Sep 08 05:01:33, Info:  Time spent this phase (compute): 19.2676 s (min: 19.2221 s, max: 19.3056 s)
Sun Sep 08 05:01:33, Info:  Time spent this phase (IO): 31.8294 ms (min: 25.7412 ms, max: 53.8170 ms)
Sun Sep 08 05:01:33, Info:  Performance since the start: 13.0438 TFLOP/s (rank 0: 542.1338 GFLOP/s , average over ranks: 543.4904 GFLOP/s ) 
Sun Sep 08 05:01:33, Info:  Performance since last sync point: 13.0438 TFLOP/s (rank 0: 542.1338 GFLOP/s , average over ranks: 543.4904 GFLOP/s ) 
Sun Sep 08 05:01:52, Info:  Writing faultoutput at time 1.
Sun Sep 08 05:01:52, Info:  Writing faultoutput at time 1. Done.
Sun Sep 08 05:01:52, Info:  Writing free surface at time 1.
Sun Sep 08 05:01:52, Info:  Writing free surface at time 1. Done.
Sun Sep 08 05:01:52, Info:  Wrote receivers in 5.09e-07 seconds. 
Sun Sep 08 05:01:52, Info:  Writing energy output at time 1 
Sun Sep 08 05:01:52, Info:  Elastic energy (total, % kinematic, % potential):  9.07695e+13  , 24.3777  , 75.6223 
Sun Sep 08 05:01:52, Info:  Total momentum (X, Y, Z): 0.739585  , 1.00983  , -1.2266 
Sun Sep 08 05:01:52, Info:  Frictional work (total, % static, % radiated):  9.33866e+13  , 72.8642  , 27.1358 
Sun Sep 08 05:01:52, Info:  Seismic moment (without plasticity): 3.65693e+17  Mw: 5.63874 
Sun Sep 08 05:01:52, Info:  Writing energy output at time 1 Done. 
Sun Sep 08 05:01:52, Info:  Time spent this phase (total): 19.0839 s (min: 19.0391 s, max: 19.1132 s)
Sun Sep 08 05:01:52, Info:  Time spent this phase (compute): 19.0838 s (min: 19.0390 s, max: 19.1130 s)
Sun Sep 08 05:01:52, Info:  Time spent this phase (IO): 32.9572 ms (min: 25.9525 ms, max: 51.6480 ms)
Sun Sep 08 05:01:52, Info:  Performance since the start: 13.1178 TFLOP/s (rank 0: 545.8419 GFLOP/s , average over ranks: 546.5762 GFLOP/s ) 
Sun Sep 08 05:01:52, Info:  Performance since last sync point: 13.1928 TFLOP/s (rank 0: 549.6012 GFLOP/s , average over ranks: 549.6984 GFLOP/s ) 
Sun Sep 08 05:01:52, Info:  Ignoring duplicate synchronisation point at time 1 ; the last sync point was at  1 
Sun Sep 08 05:01:52, Info:  Ignoring duplicate synchronisation point at time 1 ; the last sync point was at  1 
Sun Sep 08 05:01:52, Info:  Ignoring duplicate synchronisation point at time 1 ; the last sync point was at  1 
Sun Sep 08 05:01:52, Info:  Ignoring duplicate synchronisation point at time 1 ; the last sync point was at  1 
Sun Sep 08 05:01:52, Info:  Simulation time (total): 38.3863 s (min: 38.3508 s, max: 38.4200 s)
Sun Sep 08 05:01:52, Info:  Simulation time (compute): 38.2866 s (min: 38.2505 s, max: 38.3257 s)
Sun Sep 08 05:01:52, Info:  Simulation time (IO): 99.2312 ms (min: 78.9264 ms, max: 144.9090 ms)
Sun Sep 08 05:01:52, Info:  Time spent in compute kernels: mean = 34.9521  std = 0.966365  min = 33.212  median = 34.7777  max = 36.7648 
Sun Sep 08 05:01:52, Info:  Load imbalance: 4.93044 % 
Sun Sep 08 05:01:52, Info:  Regression analysis of compute kernels: 
Sun Sep 08 05:01:52, Info:  "computeLocalIntegration" (total time): 249.755 s ( = 4 min 9.7552 s ) 
Sun Sep 08 05:01:52, Info:  "computeLocalIntegration" ( constant ): 2.0761e-05 (sample size: 397456 , standard error: 3.12293e-11 ) 
Sun Sep 08 05:01:52, Info:  "computeLocalIntegration" ( per element ): 8.33259e-08 (sample size: 397456 , standard error: 3.12293e-11 ) 
Sun Sep 08 05:01:52, Info:  "computeNeighboringIntegration" (total time): 314.025 s ( = 5 min 14.0246 s ) 
Sun Sep 08 05:01:52, Info:  "computeNeighboringIntegration" ( constant ): 0.000105456 (sample size: 397456 , standard error: 3.88482e-11 ) 
Sun Sep 08 05:01:52, Info:  "computeNeighboringIntegration" ( per element ): 9.38861e-08 (sample size: 397456 , standard error: 3.88482e-11 ) 
Sun Sep 08 05:01:52, Info:  "computeDynamicRupture" (total time): 275.071 s ( = 4 min 35.0706 s ) 
Sun Sep 08 05:01:52, Info:  "computeDynamicRupture" ( constant ): 6.55617e-05 (sample size: 297688 , standard error: 2.65492e-10 ) 
Sun Sep 08 05:01:52, Info:  "computeDynamicRupture" ( per element ): 4.62389e-07 (sample size: 297688 , standard error: 2.65492e-10 ) 
Sun Sep 08 05:01:52, Info:  "computePointSources" (total time): 0 s ( = 0.0000 s ) 
Sun Sep 08 05:01:52, Info:  "computePointSources" ( constant ): -nan (sample size: 0 , standard error: -nan ) 
Sun Sep 08 05:01:52, Info:  "computePointSources" ( per element ): -nan (sample size: 0 , standard error: -nan ) 
Sun Sep 08 05:01:52, Info:  Total time spent in compute kernels: 838.85 s ( = 13 min 58.8504 s ) 
Sun Sep 08 05:01:52, Info:  Total calculated HW-FLOP:  503.5409 TFLOP 
Sun Sep 08 05:01:52, Info:  Total calculated NZ-FLOP:  201.2946 TFLOP 
Sun Sep 08 05:01:52, Info:  Total calculated HW-FLOP/s:  13.1062 TFLOP/s 
Sun Sep 08 05:01:52, Info:  Total calculated NZ-FLOP/s:  5.2393 TFLOP/s 
Sun Sep 08 05:01:52, Info:  WP calculated HW-FLOP:  417.2030 TFLOP 
Sun Sep 08 05:01:52, Info:  WP calculated NZ-FLOP:  137.0987 TFLOP 
Sun Sep 08 05:01:52, Info:  DR calculated HW-FLOP:  86.3379 TFLOP 
Sun Sep 08 05:01:52, Info:  DR calculated NZ-FLOP:  64.1959 TFLOP 
Sun Sep 08 05:01:52, Info:  PL calculated HW-FLOP:  0.0000 FLOP 
Sun Sep 08 05:01:52, Info:  PL calculated NZ-FLOP:  0.0000 FLOP 
Sun Sep 08 05:01:52, Info:  Time spent in simulation: 38.4209 s (min: 38.4208 s, max: 38.4230 s)
Sun Sep 08 05:01:52, Info:  Simulation done. 
Sun Sep 08 05:01:52, Info:  Closing IO. 
Sun Sep 08 05:01:52, Info:  Time free surface writer backend: 100.7628 ms (min: 1.1099 ms, max: 1.1458 s)
Sun Sep 08 05:01:53, Info:  Time fault writer backend: 301.1538 ms (min: 131.1232 ms, max: 3.0704 s)
Sun Sep 08 05:01:53, Info:  Time fault writer frontend: 2.2356 ms (min: 1.9159 ms, max: 2.5717 ms)
Sun Sep 08 05:01:53, Info:  Time free surface writer frontend: 494.1366 µs (min: 34.0770 µs, max: 3.8676 ms)
Sun Sep 08 05:01:53, Info:  SeisSol done. Goodbye. 
SeisSol complete.
/hppfs/scratch/01/di35poq/haiti-rupture-outputs/dynamic-rupture-outputs/regional-only/jobid_3891877 ~/haiti-rupture-inputs/dynamic-rupture/regional-only/automated-runs/shmax_nu_suite/job_SHmax_30.0_nu_0.6
Writing hdf5 output with compression enabled (compression_level=4). 
Use --compression=0 if you want to speed-up data extraction.
u1: 0it [00:00, ?it/s]u1: 1it [00:00, 49.20it/s]
u2: 0it [00:00, ?it/s]u2: 1it [00:00, 50.20it/s]
u3: 0it [00:00, ?it/s]u3: 1it [00:00, 50.38it/s]
done writing output_jobid_3891877_extracted-surface.h5
done writing output_jobid_3891877_extracted-surface.xdmf
full path: /hppfs/scratch/01/di35poq/haiti-rupture-outputs/dynamic-rupture-outputs/regional-only/jobid_3891877/output_jobid_3891877_extracted-surface.xdmf
Working on JobID: 3891877
No matching file found for jobid 3891877. Assigning output-fault.xdmf instead
/hppfs/scratch/01/di35poq/haiti-rupture-outputs/dynamic-rupture-outputs/regional-only/jobid_3891877/output-fault.xdmf
warning: Mw computed over 0-85s (avoiding contribution of small residual moment after rupture)
jobid_3891877 moment magnitude: 5.638744431510625 (M0 = 3.6569e+17)
Finished writing /hppfs/scratch/01/di35poq/haiti-rupture-outputs/dynamic-rupture-outputs/regional-only/jobid_3891877/moment_rate_mainshock.png
No matching file found for jobid 3891877. Looking for output-fault.xdmf instead
mu_s: 0.6
mu_d: 0.2
done writing /hppfs/scratch/01/di35poq/haiti-rupture-outputs/dynamic-rupture-outputs/regional-only/jobid_3891877/output_jobid_3891877_extracted-fault.xdmf
full path: /hppfs/scratch/01/di35poq/haiti-rupture-outputs/dynamic-rupture-outputs/regional-only/jobid_3891877/output_jobid_3891877_extracted-fault.xdmf
done writing /hppfs/scratch/01/di35poq/haiti-rupture-outputs/dynamic-rupture-outputs/regional-only/jobid_3891877/output_jobid_3891877_extracted-fault.h5
Job ID set as: 3891877
mu_s: 0.6
mu_d: 0.2
~/haiti-rupture-inputs/dynamic-rupture/regional-only/automated-runs/shmax_nu_suite/job_SHmax_30.0_nu_0.6
