Wed 28 Aug 2024 11:04:26 PM UTC
num_nodes: 16 ntasks: 16 cpus_per_task:
Line 63 replaced with: OutputFile='/hppfs/scratch/01/di35poq/haiti-rupture-outputs/dynamic-rupture-outputs/combined_FL33-regional/jobid_3852562'
Job log complete.
Starting SeisSol...
Thu Aug 29 01:04:28, Info:  Using the parameter file parameters.par 
Thu Aug 29 01:04:28, Info:  Reading SeisSol parameter file... 
Thu Aug 29 01:04:28, Info:  In your parameter file, you have specified a non-positive interval for "checkpointinterval" . This mechanism is deprecated and may be removed in a future version of SeisSol. Consider disabling the whole module by setting "checkpoint" to 0 instead by adding "checkpoint = 0" to the "output" section of your parameter file instead. 
Thu Aug 29 01:04:28, Info:  The field "printintervalcriterion" is no longer in use. You may safely remove it from your parameters file. 
Thu Aug 29 01:04:28, Info:  Disabling the wavefield output by setting "outputformat = 10" is deprecated and may be removed in a future version of SeisSol. Consider using the parameter "wavefieldoutput" instead. To disable wavefield output, add "wavefieldoutput = 0" to the "output" section of your parameters file. 
Thu Aug 29 01:04:28, Info:  The field "printintervalcriterion" is no longer in use. You may safely remove it from your parameters file. 
Thu Aug 29 01:04:28, Info:  The field "pickdttype" is no longer in use. You may safely remove it from your parameters file. 
Thu Aug 29 01:04:28, Info:  The field "faultoutputflag" is no longer in use. You may safely remove it from your parameters file. 
Thu Aug 29 01:04:28, Info:  The field "boundaries" is no longer in use. You may safely remove it from your parameters file. 
Thu Aug 29 01:04:28, Info:  SeisSol parameter file read successfully. 
Thu Aug 29 01:04:28, Info:  Model information: 
Thu Aug 29 01:04:28, Info:  Elastic model: yes 
Thu Aug 29 01:04:28, Info:  Viscoelastic model: no 
Thu Aug 29 01:04:28, Info:  Anelastic model: no 
Thu Aug 29 01:04:28, Info:  Poroelastic model: no 
Thu Aug 29 01:04:28, Info:  Anisotropic model: no 
Thu Aug 29 01:04:28, Info:  Plasticity: no 
Thu Aug 29 01:04:28, Info:  Welcome to SeisSol 
Thu Aug 29 01:04:28, Info:  Copyright (c) 2012 - 2024  SeisSol Group 
Thu Aug 29 01:04:28, Info:  Version: v1.1.4-148-g60aedc8c (dirty) 
Thu Aug 29 01:04:28, Info:  Built on: Jun 17 2024 21:03:35 
Thu Aug 29 01:04:28, Info:  Last commit: 60aedc8c2ae0a5d9e5a46cc3a40e4eaf1c047225 at 2024-06-06T12:54:08+00:00 
Thu Aug 29 01:04:28, Info:  Compiled with HOST_ARCH = skx 
Thu Aug 29 01:04:28, Info:  Running on (rank=0): "i01r01c03s01" 
Thu Aug 29 01:04:28, Info:  Using MPI with #ranks: 16 
Thu Aug 29 01:04:28, Info:  Node-wide (shared memory) MPI with #ranks/node: 1 
Thu Aug 29 01:04:28, Info:  Using asynchronous MPI routines. 
Thu Aug 29 01:04:28, Info:  Using OMP with #threads/rank: 94 
Thu Aug 29 01:04:28, Info:  OpenMP worker affinity (this process): "0123456789|0123456789|0123456789|0123456789|0123456-89|0123456789|0123456789|0123456789|0123456789|01234-" 
Thu Aug 29 01:04:28, Info:  OpenMP worker affinity (this node)   : "0123456789|0123456789|0123456789|0123456789|0123456-89|0123456789|0123456789|0123456789|0123456789|01234-" 
Thu Aug 29 01:04:28, Info:  Using a communication thread for advancing MPI communication. 
Thu Aug 29 01:04:28, Info:  Communication thread affinity        : "----------|----------|----------|----------|-------7--|----------|----------|----------|----------|-----5" 
Thu Aug 29 01:04:28, Info:  The stack size ulimit is 2097152 [kiB] ( = 2.0000 GiB ). 
Thu Aug 29 01:04:28, Info:  Begin init mesh. 
Thu Aug 29 01:04:28, Info:  Mesh file: "/dss/dsshome1/01/di35poq/mesh/mesh_v07/Haiti_v07_lowres" 
Thu Aug 29 01:04:28, Info:  Running mini SeisSol to determine node weights. 
Thu Aug 29 01:04:28, Info:  miniSeisSol configured with 50000 elements and 10 repeats per process 
Thu Aug 29 01:04:28, Info:  Node weights: mean = 41.4289  std = 0.24483  min = 40.8183  median = 41.4722  max = 41.8231 
Thu Aug 29 01:04:28, Info:  Reading PUML mesh 
Thu Aug 29 01:04:28, Info:  Inferring boundary format. 
Thu Aug 29 01:04:28, Info:  Boundary format not given in PUML file; inferring from array shape. 
Thu Aug 29 01:04:28, Info:  Using boundary format: i32 (4xi8) 
Thu Aug 29 01:04:28, Info:  Found 2685422 cells 
Thu Aug 29 01:04:28, Info:  Found 477078 vertices 
Thu Aug 29 01:04:30, Info:  Computing LTS weights. 
Thu Aug 29 01:04:32, Info:  Limiting number of clusters to 2147483646 
Thu Aug 29 01:04:32, Info:  Computing LTS weights. Done.  (108216 reductions.)
Thu Aug 29 01:04:32, Info:  Using the Parmetis partition library and strategy. 
Thu Aug 29 01:04:35, Info:  PUML mesh read in: 7.4539 s (min: 7.3865 s, max: 7.5216 s)
Thu Aug 29 01:04:35, Info:  The mesh has been read. Starting post processing. 
Thu Aug 29 01:04:35, Info:  Extracting fault information. 
Thu Aug 29 01:04:35, Info:  Exchanging ghostlayer metadata. 
Thu Aug 29 01:04:37, Info:  Mesh initialized in: 9.2695 s (min: 9.2691 s, max: 9.2700 s)
Thu Aug 29 01:04:37, Info:  End init mesh. 
Thu Aug 29 01:04:37, Info:  Begin init model. 
Thu Aug 29 01:04:37, Info:  Initialize LTS. 
Thu Aug 29 01:04:37, Info:  Deriving clusters ids for min. time step width / multiRate: 0.000213316 / 2 
Thu Aug 29 01:04:37, Info:  Due to wiggle factor of 1 the minimum timestep size is reduced to 0.000213316 
Thu Aug 29 01:04:37, Info:  Number of elements in time clusters: 
Thu Aug 29 01:04:37, Info:  0: 2088 
Thu Aug 29 01:04:37, Info:  1: 265401 
Thu Aug 29 01:04:37, Info:  2: 1618976 
Thu Aug 29 01:04:37, Info:  3: 538212 
Thu Aug 29 01:04:37, Info:  4: 147352 
Thu Aug 29 01:04:37, Info:  5: 35652 
Thu Aug 29 01:04:37, Info:  6: 11329 
Thu Aug 29 01:04:37, Info:  7: 18592 
Thu Aug 29 01:04:37, Info:  8: 47781 
Thu Aug 29 01:04:37, Info:  9: 39 
Thu Aug 29 01:04:37, Info:  maximum theoretical speedup (compared to GTS): 6.4313 per cell LTS, 4.34786 with the used clustering. 
Thu Aug 29 01:04:37, Info:  Number of elements in dynamic rupture time clusters: 
Thu Aug 29 01:04:37, Info:  0 (dr): 617 
Thu Aug 29 01:04:37, Info:  1 (dr): 78803 
Thu Aug 29 01:04:37, Info:  2 (dr): 309927 
Thu Aug 29 01:04:37, Info:  3 (dr): 2509 
Thu Aug 29 01:04:37, Info:  4 (dr): 0 
Thu Aug 29 01:04:37, Info:  5 (dr): 0 
Thu Aug 29 01:04:37, Info:  6 (dr): 0 
Thu Aug 29 01:04:37, Info:  7 (dr): 0 
Thu Aug 29 01:04:37, Info:  8 (dr): 0 
Thu Aug 29 01:04:37, Info:  9 (dr): 0 
Thu Aug 29 01:04:37, Info:  Initialize Friction Model 
Thu Aug 29 01:04:38, Info:  Initialize cell material parameters. 
Thu Aug 29 01:04:39, Info:  Initialize Memory layout. 
Thu Aug 29 01:04:40, Info:  Initialize cell-local matrices. 
Thu Aug 29 01:04:40, Info:  Initializing Fault, using a quadrature rule with  25  points. 
Thu Aug 29 01:07:50, Info:  Model initialized in: 3 min 13.4615 s (min: 3 min 13.4593 s, max: 3 min 13.4641 s)
Thu Aug 29 01:07:50, Info:  End init model. 
Thu Aug 29 01:07:50, Info:  Setting initial conditions. 
Thu Aug 29 01:07:50, Info:  Using initial condition "Zero" . 
Thu Aug 29 01:07:50, Info:  Reading source. 
Thu Aug 29 01:07:50, Info:  No source term specified. 
Thu Aug 29 01:07:50, Info:  Setting up boundary conditions. 
Thu Aug 29 01:07:50, Info:  Begin init output. 
Thu Aug 29 01:07:50, Info:  Initializing free surface integrator. 
Thu Aug 29 01:07:50, Info:  Initializing free surface integrator. Done. 
Thu Aug 29 01:07:50, Info:  Enabling 2D fault output 
Thu Aug 29 01:07:50, Info:  Initializing Fault output. Number of sub-triangles: 4 
Thu Aug 29 01:07:51, Info:  Initializing XDMF fault output. 
Thu Aug 29 01:07:51, Info:  Fault writer thread affinity: "----------|----------|----------|----------|-------7--|----------|----------|----------|----------|-----5" 
Thu Aug 29 01:07:51, Info:  Initializing XDMF fault output. Done. 
Thu Aug 29 01:07:51, Info:  Initializing free surface output. 
Thu Aug 29 01:07:51, Info:  Free surface writer thread affinity: "----------|----------|----------|----------|-------7--|----------|----------|----------|----------|-----5" 
Thu Aug 29 01:07:51, Info:  Initializing free surface output. Done. 
Thu Aug 29 01:07:51, Info:  No record points read. 
Thu Aug 29 01:07:51, Info:  Finding meshIds for receivers... 
Thu Aug 29 01:07:51, Info:  Cleaning possible double occurring receivers for MPI... 
Thu Aug 29 01:07:51, Info:  Mapping receivers to LTS cells... 
Thu Aug 29 01:07:51, Info:  Initializing energy output. 
Thu Aug 29 01:07:51, Info:  End init output. 
Thu Aug 29 01:07:51, Info:  Finishing initialization... 
Thu Aug 29 01:07:51, Info:  Starting simulation. 
Thu Aug 29 01:07:51, Info:  Writing faultoutput at time 0.
Thu Aug 29 01:07:51, Info:  Writing faultoutput at time 0. Done.
Thu Aug 29 01:07:51, Info:  Writing free surface at time 0.
Thu Aug 29 01:07:51, Info:  Writing free surface at time 0. Done.
Thu Aug 29 01:07:51, Info:  Writing energy output at time 0 
Thu Aug 29 01:07:51, Info:  Total momentum (X, Y, Z): 0  , 0  , 0 
Thu Aug 29 01:07:51, Info:  Writing energy output at time 0 Done. 
Thu Aug 29 01:07:51, Info:  Time spent for initial IO: 52.7658 ms (min: 41.5768 ms, max: 70.1864 ms)
Thu Aug 29 01:08:18, Info:  Writing faultoutput at time 0.5.
Thu Aug 29 01:08:18, Info:  Writing faultoutput at time 0.5. Done.
Thu Aug 29 01:08:18, Info:  Writing energy output at time 0.5 
Thu Aug 29 01:08:18, Info:  Elastic energy (total, % kinematic, % potential):  4.48456e+10  , 25.1663  , 74.8337 
Thu Aug 29 01:08:18, Info:  Total momentum (X, Y, Z): 0.00109279  , -7.24249e-05  , -0.000435092 
Thu Aug 29 01:08:18, Info:  Frictional work (total, % static, % radiated):  4.52374e+10  , 73.2555  , 26.7445 
Thu Aug 29 01:08:18, Info:  Seismic moment (without plasticity): 2.90379e+15  Mw: 4.23864 
Thu Aug 29 01:08:18, Info:  Writing energy output at time 0.5 Done. 
Thu Aug 29 01:08:18, Info:  Time spent this phase (total): 26.8384 s (min: 26.7925 s, max: 26.8651 s)
Thu Aug 29 01:08:18, Info:  Time spent this phase (compute): 26.7856 s (min: 26.7418 s, max: 26.8231 s)
Thu Aug 29 01:08:18, Info:  Time spent this phase (IO): 48.1418 ms (min: 39.4152 ms, max: 75.1483 ms)
Thu Aug 29 01:08:18, Info:  Performance since the start: 9.3778 TFLOP/s (rank 0: 584.0513 GFLOP/s , average over ranks: 586.1148 GFLOP/s ) 
Thu Aug 29 01:08:18, Info:  Performance since last sync point: 9.3778 TFLOP/s (rank 0: 584.0513 GFLOP/s , average over ranks: 586.1148 GFLOP/s ) 
Thu Aug 29 01:08:44, Info:  Writing faultoutput at time 1.
Thu Aug 29 01:08:44, Info:  Writing faultoutput at time 1. Done.
Thu Aug 29 01:08:44, Info:  Writing free surface at time 1.
Thu Aug 29 01:08:44, Info:  Writing free surface at time 1. Done.
Thu Aug 29 01:08:44, Info:  Writing energy output at time 1 
Thu Aug 29 01:08:45, Info:  Elastic energy (total, % kinematic, % potential):  3.81842e+11  , 23.1514  , 76.8486 
Thu Aug 29 01:08:45, Info:  Total momentum (X, Y, Z): 0.0785152  , 0.0643609  , -0.013703 
Thu Aug 29 01:08:45, Info:  Frictional work (total, % static, % radiated):  3.95839e+11  , 72.4428  , 27.5572 
Thu Aug 29 01:08:45, Info:  Seismic moment (without plasticity): 2.25202e+16  Mw: 4.83171 
Thu Aug 29 01:08:45, Info:  Writing energy output at time 1 Done. 
Thu Aug 29 01:08:45, Info:  Time spent this phase (total): 26.7927 s (min: 26.7708 s, max: 26.8209 s)
Thu Aug 29 01:08:45, Info:  Time spent this phase (compute): 26.7925 s (min: 26.7707 s, max: 26.8208 s)
Thu Aug 29 01:08:45, Info:  Time spent this phase (IO): 48.4701 ms (min: 39.6428 ms, max: 72.2613 ms)
Thu Aug 29 01:08:45, Info:  Performance since the start: 9.3858 TFLOP/s (rank 0: 584.7383 GFLOP/s , average over ranks: 586.6138 GFLOP/s ) 
Thu Aug 29 01:08:45, Info:  Performance since last sync point: 9.3938 TFLOP/s (rank 0: 585.4269 GFLOP/s , average over ranks: 587.1140 GFLOP/s ) 
Thu Aug 29 01:09:11, Info:  Writing faultoutput at time 1.5.
Thu Aug 29 01:09:11, Info:  Writing faultoutput at time 1.5. Done.
Thu Aug 29 01:09:11, Info:  Writing energy output at time 1.5 
Thu Aug 29 01:09:11, Info:  Elastic energy (total, % kinematic, % potential):  1.13592e+12  , 20.6736  , 79.3264 
Thu Aug 29 01:09:11, Info:  Total momentum (X, Y, Z): 0.00984832  , -0.105039  , 0.0509041 
Thu Aug 29 01:09:11, Info:  Frictional work (total, % static, % radiated):  1.18275e+12  , 74.0457  , 25.9543 
Thu Aug 29 01:09:11, Info:  Seismic moment (without plasticity): 6.75972e+16  Mw: 5.14995 
Thu Aug 29 01:09:11, Info:  Writing energy output at time 1.5 Done. 
Thu Aug 29 01:09:11, Info:  Time spent this phase (total): 26.7071 s (min: 26.6673 s, max: 26.7210 s)
Thu Aug 29 01:09:11, Info:  Time spent this phase (compute): 26.7070 s (min: 26.6672 s, max: 26.7210 s)
Thu Aug 29 01:09:11, Info:  Time spent this phase (IO): 49.2072 ms (min: 39.5724 ms, max: 90.1467 ms)
Thu Aug 29 01:09:11, Info:  Performance since the start: 9.3985 TFLOP/s (rank 0: 585.6959 GFLOP/s , average over ranks: 587.4059 GFLOP/s ) 
Thu Aug 29 01:09:11, Info:  Performance since last sync point: 9.4239 TFLOP/s (rank 0: 587.6205 GFLOP/s , average over ranks: 588.9965 GFLOP/s ) 
Thu Aug 29 01:09:38, Info:  Writing faultoutput at time 2.
Thu Aug 29 01:09:38, Info:  Writing faultoutput at time 2. Done.
Thu Aug 29 01:09:38, Info:  Writing free surface at time 2.
Thu Aug 29 01:09:38, Info:  Writing free surface at time 2. Done.
Thu Aug 29 01:09:38, Info:  Writing energy output at time 2 
Thu Aug 29 01:09:38, Info:  Elastic energy (total, % kinematic, % potential):  2.26257e+12  , 17.0526  , 82.9474 
Thu Aug 29 01:09:38, Info:  Total momentum (X, Y, Z): -0.049999  , 0.0288066  , 0.0516957 
Thu Aug 29 01:09:38, Info:  Frictional work (total, % static, % radiated):  2.35027e+12  , 76.3115  , 23.6885 
Thu Aug 29 01:09:38, Info:  Seismic moment (without plasticity): 1.34752e+17  Mw: 5.34969 
Thu Aug 29 01:09:38, Info:  Writing energy output at time 2 Done. 
Thu Aug 29 01:09:38, Info:  Time spent this phase (total): 26.5426 s (min: 26.5334 s, max: 26.5715 s)
Thu Aug 29 01:09:38, Info:  Time spent this phase (compute): 26.5426 s (min: 26.5334 s, max: 26.5715 s)
Thu Aug 29 01:09:38, Info:  Time spent this phase (IO): 50.1187 ms (min: 39.7217 ms, max: 81.0273 ms)
Thu Aug 29 01:09:38, Info:  Performance since the start: 9.4193 TFLOP/s (rank 0: 587.0656 GFLOP/s , average over ranks: 588.7069 GFLOP/s ) 
Thu Aug 29 01:09:38, Info:  Performance since last sync point: 9.4823 TFLOP/s (rank 0: 591.2137 GFLOP/s , average over ranks: 592.6452 GFLOP/s ) 
Thu Aug 29 01:10:05, Info:  Writing faultoutput at time 2.5.
Thu Aug 29 01:10:05, Info:  Writing faultoutput at time 2.5. Done.
Thu Aug 29 01:10:05, Info:  Writing energy output at time 2.5 
Thu Aug 29 01:10:05, Info:  Elastic energy (total, % kinematic, % potential):  3.42047e+12  , 12.3003  , 87.6997 
Thu Aug 29 01:10:05, Info:  Total momentum (X, Y, Z): -1.18834  , -0.687569  , 0.735933 
Thu Aug 29 01:10:05, Info:  Frictional work (total, % static, % radiated):  3.54711e+12  , 78.2923  , 21.7077 
Thu Aug 29 01:10:05, Info:  Seismic moment (without plasticity): 2.06149e+17  Mw: 5.47279 
Thu Aug 29 01:10:05, Info:  Writing energy output at time 2.5 Done. 
Thu Aug 29 01:10:05, Info:  Time spent this phase (total): 26.8600 s (min: 26.8294 s, max: 26.8705 s)
Thu Aug 29 01:10:05, Info:  Time spent this phase (compute): 26.8599 s (min: 26.8294 s, max: 26.8705 s)
Thu Aug 29 01:10:05, Info:  Time spent this phase (IO): 49.2494 ms (min: 39.9567 ms, max: 90.7230 ms)
Thu Aug 29 01:10:05, Info:  Performance since the start: 9.4095 TFLOP/s (rank 0: 586.4637 GFLOP/s , average over ranks: 588.0915 GFLOP/s ) 
Thu Aug 29 01:10:05, Info:  Performance since last sync point: 9.3703 TFLOP/s (rank 0: 584.0680 GFLOP/s , average over ranks: 585.6425 GFLOP/s ) 
Thu Aug 29 01:10:31, Info:  Writing faultoutput at time 3.
Thu Aug 29 01:10:31, Info:  Writing faultoutput at time 3. Done.
Thu Aug 29 01:10:31, Info:  Writing free surface at time 3.
Thu Aug 29 01:10:31, Info:  Writing free surface at time 3. Done.
Thu Aug 29 01:10:31, Info:  Writing energy output at time 3 
Thu Aug 29 01:10:31, Info:  Elastic energy (total, % kinematic, % potential):  4.29935e+12  , 8.43572  , 91.5643 
Thu Aug 29 01:10:31, Info:  Total momentum (X, Y, Z): -4.41766  , -1.09116  , 2.32397 
Thu Aug 29 01:10:31, Info:  Frictional work (total, % static, % radiated):  4.45868e+12  , 79.321  , 20.679 
Thu Aug 29 01:10:31, Info:  Seismic moment (without plasticity): 2.62348e+17  Mw: 5.54259 
Thu Aug 29 01:10:31, Info:  Writing energy output at time 3 Done. 
Thu Aug 29 01:10:31, Info:  Time spent this phase (total): 26.6179 s (min: 26.6137 s, max: 26.6256 s)
Thu Aug 29 01:10:31, Info:  Time spent this phase (compute): 26.6178 s (min: 26.6137 s, max: 26.6255 s)
Thu Aug 29 01:10:31, Info:  Time spent this phase (IO): 50.7843 ms (min: 40.0199 ms, max: 94.1349 ms)
Thu Aug 29 01:10:31, Info:  Performance since the start: 9.4171 TFLOP/s (rank 0: 586.9469 GFLOP/s , average over ranks: 588.5692 GFLOP/s ) 
Thu Aug 29 01:10:31, Info:  Performance since last sync point: 9.4555 TFLOP/s (rank 0: 589.3754 GFLOP/s , average over ranks: 590.9696 GFLOP/s ) 
Thu Aug 29 01:10:58, Info:  Writing faultoutput at time 3.5.
Thu Aug 29 01:10:58, Info:  Writing faultoutput at time 3.5. Done.
Thu Aug 29 01:10:58, Info:  Writing energy output at time 3.5 
Thu Aug 29 01:10:58, Info:  Elastic energy (total, % kinematic, % potential):  4.87396e+12  , 6.35864  , 93.6414 
Thu Aug 29 01:10:58, Info:  Total momentum (X, Y, Z): -7.8428  , -1.96356  , 4.29029 
Thu Aug 29 01:10:58, Info:  Frictional work (total, % static, % radiated):  5.06256e+12  , 80.2184  , 19.7816 
Thu Aug 29 01:10:58, Info:  Seismic moment (without plasticity): 3.03086e+17  Mw: 5.58438 
Thu Aug 29 01:10:58, Info:  Writing energy output at time 3.5 Done. 
Thu Aug 29 01:10:58, Info:  Time spent this phase (total): 26.7211 s (min: 26.7131 s, max: 26.7272 s)
Thu Aug 29 01:10:58, Info:  Time spent this phase (compute): 26.7210 s (min: 26.7130 s, max: 26.7272 s)
Thu Aug 29 01:10:58, Info:  Time spent this phase (IO): 49.4664 ms (min: 40.0312 ms, max: 94.0079 ms)
Thu Aug 29 01:10:58, Info:  Performance since the start: 9.4174 TFLOP/s (rank 0: 586.9970 GFLOP/s , average over ranks: 588.5860 GFLOP/s ) 
Thu Aug 29 01:10:58, Info:  Performance since last sync point: 9.4190 TFLOP/s (rank 0: 587.2976 GFLOP/s , average over ranks: 588.6868 GFLOP/s ) 
Thu Aug 29 01:11:24, Info:  Writing faultoutput at time 4.
Thu Aug 29 01:11:24, Info:  Writing faultoutput at time 4. Done.
Thu Aug 29 01:11:24, Info:  Writing free surface at time 4.
Thu Aug 29 01:11:24, Info:  Writing free surface at time 4. Done.
Thu Aug 29 01:11:24, Info:  Writing energy output at time 4 
Thu Aug 29 01:11:25, Info:  Elastic energy (total, % kinematic, % potential):  5.16955e+12  , 5.33891  , 94.6611 
Thu Aug 29 01:11:25, Info:  Total momentum (X, Y, Z): -9.71814  , -2.00037  , 6.54858 
Thu Aug 29 01:11:25, Info:  Frictional work (total, % static, % radiated):  5.37697e+12  , 82.0738  , 17.9262 
Thu Aug 29 01:11:25, Info:  Seismic moment (without plasticity): 3.26274e+17  Mw: 5.60572 
Thu Aug 29 01:11:25, Info:  Writing energy output at time 4 Done. 
Thu Aug 29 01:11:25, Info:  Time spent this phase (total): 26.5494 s (min: 26.5436 s, max: 26.5595 s)
Thu Aug 29 01:11:25, Info:  Time spent this phase (compute): 26.5493 s (min: 26.5436 s, max: 26.5591 s)
Thu Aug 29 01:11:25, Info:  Time spent this phase (IO): 51.1002 ms (min: 40.1290 ms, max: 93.2746 ms)
Thu Aug 29 01:11:25, Info:  Performance since the start: 9.4251 TFLOP/s (rank 0: 587.4663 GFLOP/s , average over ranks: 589.0717 GFLOP/s ) 
Thu Aug 29 01:11:25, Info:  Performance since last sync point: 9.4799 TFLOP/s (rank 0: 590.7729 GFLOP/s , average over ranks: 592.4940 GFLOP/s ) 
Thu Aug 29 01:11:51, Info:  Writing faultoutput at time 4.5.
Thu Aug 29 01:11:51, Info:  Writing faultoutput at time 4.5. Done.
Thu Aug 29 01:11:51, Info:  Writing energy output at time 4.5 
Thu Aug 29 01:11:51, Info:  Elastic energy (total, % kinematic, % potential):  5.2897e+12  , 4.7898  , 95.2102 
Thu Aug 29 01:11:51, Info:  Total momentum (X, Y, Z): -10.8433  , -0.514893  , 10.17 
Thu Aug 29 01:11:51, Info:  Frictional work (total, % static, % radiated):  5.51104e+12  , 85.089  , 14.911 
Thu Aug 29 01:11:51, Info:  Seismic moment (without plasticity): 3.39043e+17  Mw: 5.61684 
Thu Aug 29 01:11:51, Info:  Writing energy output at time 4.5 Done. 
Thu Aug 29 01:11:51, Info:  Time spent this phase (total): 26.6355 s (min: 26.6256 s, max: 26.6415 s)
Thu Aug 29 01:11:51, Info:  Time spent this phase (compute): 26.6354 s (min: 26.6252 s, max: 26.6414 s)
Thu Aug 29 01:11:51, Info:  Time spent this phase (IO): 49.5193 ms (min: 40.1424 ms, max: 94.3446 ms)
Thu Aug 29 01:11:51, Info:  Performance since the start: 9.4278 TFLOP/s (rank 0: 587.6701 GFLOP/s , average over ranks: 589.2387 GFLOP/s ) 
Thu Aug 29 01:11:51, Info:  Performance since last sync point: 9.4493 TFLOP/s (rank 0: 589.3056 GFLOP/s , average over ranks: 590.5784 GFLOP/s ) 
Thu Aug 29 01:12:18, Info:  Writing faultoutput at time 5.
Thu Aug 29 01:12:18, Info:  Writing faultoutput at time 5. Done.
Thu Aug 29 01:12:18, Info:  Writing free surface at time 5.
Thu Aug 29 01:12:18, Info:  Writing free surface at time 5. Done.
Thu Aug 29 01:12:18, Info:  Writing energy output at time 5 
Thu Aug 29 01:12:18, Info:  Elastic energy (total, % kinematic, % potential):  5.39541e+12  , 4.3853  , 95.6147 
Thu Aug 29 01:12:18, Info:  Total momentum (X, Y, Z): -15.8607  , 4.89111  , -17.0129 
Thu Aug 29 01:12:18, Info:  Frictional work (total, % static, % radiated):  5.62735e+12  , 85.4868  , 14.5132 
Thu Aug 29 01:12:18, Info:  Seismic moment (without plasticity): 3.4812e+17  Mw: 5.62449 
Thu Aug 29 01:12:18, Info:  Writing energy output at time 5 Done. 
Thu Aug 29 01:12:18, Info:  Time spent this phase (total): 26.7121 s (min: 26.7090 s, max: 26.7219 s)
Thu Aug 29 01:12:18, Info:  Time spent this phase (compute): 26.7120 s (min: 26.7089 s, max: 26.7216 s)
Thu Aug 29 01:12:18, Info:  Time spent this phase (IO): 51.1878 ms (min: 40.2154 ms, max: 90.8382 ms)
Thu Aug 29 01:12:18, Info:  Performance since the start: 9.4273 TFLOP/s (rank 0: 587.6212 GFLOP/s , average over ranks: 589.2034 GFLOP/s ) 
Thu Aug 29 01:12:18, Info:  Performance since last sync point: 9.4222 TFLOP/s (rank 0: 587.1816 GFLOP/s , average over ranks: 588.8863 GFLOP/s ) 
Thu Aug 29 01:12:44, Info:  Writing faultoutput at time 5.5.
Thu Aug 29 01:12:44, Info:  Writing faultoutput at time 5.5. Done.
Thu Aug 29 01:12:44, Info:  Writing energy output at time 5.5 
Thu Aug 29 01:12:45, Info:  Elastic energy (total, % kinematic, % potential):  5.4696e+12  , 4.10661  , 95.8934 
Thu Aug 29 01:12:45, Info:  Total momentum (X, Y, Z): 4.12671  , -20.694  , 108.362 
Thu Aug 29 01:12:45, Info:  Frictional work (total, % static, % radiated):  5.71418e+12  , 85.8337  , 14.1663 
Thu Aug 29 01:12:45, Info:  Seismic moment (without plasticity): 3.54843e+17  Mw: 5.63002 
Thu Aug 29 01:12:45, Info:  Writing energy output at time 5.5 Done. 
Thu Aug 29 01:12:45, Info:  Time spent this phase (total): 26.6377 s (min: 26.6198 s, max: 26.6855 s)
Thu Aug 29 01:12:45, Info:  Time spent this phase (compute): 26.6376 s (min: 26.6197 s, max: 26.6855 s)
Thu Aug 29 01:12:45, Info:  Time spent this phase (IO): 47.1146 ms (min: 40.1943 ms, max: 65.1945 ms)
Thu Aug 29 01:12:45, Info:  Performance since the start: 9.4292 TFLOP/s (rank 0: 587.7772 GFLOP/s , average over ranks: 589.3237 GFLOP/s ) 
Thu Aug 29 01:12:45, Info:  Performance since last sync point: 9.4485 TFLOP/s (rank 0: 589.3412 GFLOP/s , average over ranks: 590.5291 GFLOP/s ) 
Thu Aug 29 01:13:11, Info:  Writing faultoutput at time 6.
Thu Aug 29 01:13:11, Info:  Writing faultoutput at time 6. Done.
Thu Aug 29 01:13:11, Info:  Writing free surface at time 6.
Thu Aug 29 01:13:11, Info:  Writing free surface at time 6. Done.
Thu Aug 29 01:13:11, Info:  Writing energy output at time 6 
Thu Aug 29 01:13:11, Info:  Elastic energy (total, % kinematic, % potential):  5.52182e+12  , 3.90652  , 96.0935 
Thu Aug 29 01:13:11, Info:  Total momentum (X, Y, Z): -97.457  , 81.7658  , -142.613 
Thu Aug 29 01:13:11, Info:  Frictional work (total, % static, % radiated):  5.77579e+12  , 86.1152  , 13.8848 
Thu Aug 29 01:13:11, Info:  Seismic moment (without plasticity): 3.59697e+17  Mw: 5.63396 
Thu Aug 29 01:13:11, Info:  Writing energy output at time 6 Done. 
Thu Aug 29 01:13:11, Info:  Time spent this phase (total): 26.5995 s (min: 26.5623 s, max: 26.6127 s)
Thu Aug 29 01:13:11, Info:  Time spent this phase (compute): 26.5994 s (min: 26.5623 s, max: 26.6126 s)
Thu Aug 29 01:13:11, Info:  Time spent this phase (IO): 49.9621 ms (min: 40.1541 ms, max: 77.0615 ms)
Thu Aug 29 01:13:11, Info:  Performance since the start: 9.4319 TFLOP/s (rank 0: 587.9361 GFLOP/s , average over ranks: 589.4944 GFLOP/s ) 
Thu Aug 29 01:13:11, Info:  Performance since last sync point: 9.4621 TFLOP/s (rank 0: 589.6892 GFLOP/s , average over ranks: 591.3794 GFLOP/s ) 
Thu Aug 29 01:13:38, Info:  Writing faultoutput at time 6.5.
Thu Aug 29 01:13:38, Info:  Writing faultoutput at time 6.5. Done.
Thu Aug 29 01:13:38, Info:  Writing energy output at time 6.5 
Thu Aug 29 01:13:38, Info:  Elastic energy (total, % kinematic, % potential):  5.56783e+12  , 3.77897  , 96.221 
Thu Aug 29 01:13:38, Info:  Total momentum (X, Y, Z): 287.67  , -233.702  , -342.076 
Thu Aug 29 01:13:38, Info:  Frictional work (total, % static, % radiated):  5.83062e+12  , 86.3754  , 13.6246 
Thu Aug 29 01:13:38, Info:  Seismic moment (without plasticity): 3.63822e+17  Mw: 5.63726 
Thu Aug 29 01:13:38, Info:  Writing energy output at time 6.5 Done. 
Thu Aug 29 01:13:38, Info:  Time spent this phase (total): 26.9654 s (min: 26.9453 s, max: 26.9852 s)
Thu Aug 29 01:13:38, Info:  Time spent this phase (compute): 26.9653 s (min: 26.9449 s, max: 26.9851 s)
Thu Aug 29 01:13:38, Info:  Time spent this phase (IO): 50.2188 ms (min: 40.2346 ms, max: 87.9924 ms)
Thu Aug 29 01:13:38, Info:  Performance since the start: 9.4243 TFLOP/s (rank 0: 587.4997 GFLOP/s , average over ranks: 589.0174 GFLOP/s ) 
Thu Aug 29 01:13:38, Info:  Performance since last sync point: 9.3336 TFLOP/s (rank 0: 582.3131 GFLOP/s , average over ranks: 583.3530 GFLOP/s ) 
Thu Aug 29 01:14:05, Info:  Writing faultoutput at time 7.
Thu Aug 29 01:14:05, Info:  Writing faultoutput at time 7. Done.
Thu Aug 29 01:14:05, Info:  Writing free surface at time 7.
Thu Aug 29 01:14:05, Info:  Writing free surface at time 7. Done.
Thu Aug 29 01:14:05, Info:  Writing energy output at time 7 
Thu Aug 29 01:14:05, Info:  Elastic energy (total, % kinematic, % potential):  5.61702e+12  , 3.71435  , 96.2857 
Thu Aug 29 01:14:05, Info:  Total momentum (X, Y, Z): -1050.43  , 727.119  , 2767.01 
Thu Aug 29 01:14:05, Info:  Frictional work (total, % static, % radiated):  5.88522e+12  , 86.5232  , 13.4768 
Thu Aug 29 01:14:05, Info:  Seismic moment (without plasticity): 3.67384e+17  Mw: 5.64008 
Thu Aug 29 01:14:05, Info:  Writing energy output at time 7 Done. 
Thu Aug 29 01:14:05, Info:  Time spent this phase (total): 26.5844 s (min: 26.5641 s, max: 26.6080 s)
Thu Aug 29 01:14:05, Info:  Time spent this phase (compute): 26.5843 s (min: 26.5640 s, max: 26.6080 s)
Thu Aug 29 01:14:05, Info:  Time spent this phase (IO): 50.5376 ms (min: 40.1588 ms, max: 91.7801 ms)
Thu Aug 29 01:14:05, Info:  Performance since the start: 9.4273 TFLOP/s (rank 0: 587.6626 GFLOP/s , average over ranks: 589.2093 GFLOP/s ) 
Thu Aug 29 01:14:05, Info:  Performance since last sync point: 9.4675 TFLOP/s (rank 0: 589.7894 GFLOP/s , average over ranks: 591.7158 GFLOP/s ) 
Thu Aug 29 01:14:31, Info:  Writing faultoutput at time 7.5.
Thu Aug 29 01:14:31, Info:  Writing faultoutput at time 7.5. Done.
Thu Aug 29 01:14:31, Info:  Writing energy output at time 7.5 
Thu Aug 29 01:14:31, Info:  Elastic energy (total, % kinematic, % potential):  5.6562e+12  , 3.64048  , 96.3595 
Thu Aug 29 01:14:31, Info:  Total momentum (X, Y, Z): 3081.62  , -2359.04  , -6272.98 
Thu Aug 29 01:14:31, Info:  Frictional work (total, % static, % radiated):  5.9311e+12  , 86.7925  , 13.2075 
Thu Aug 29 01:14:31, Info:  Seismic moment (without plasticity): 3.70407e+17  Mw: 5.64245 
Thu Aug 29 01:14:31, Info:  Writing energy output at time 7.5 Done. 
Thu Aug 29 01:14:31, Info:  Time spent this phase (total): 26.6338 s (min: 26.6297 s, max: 26.6354 s)
Thu Aug 29 01:14:31, Info:  Time spent this phase (compute): 26.6334 s (min: 26.6245 s, max: 26.6353 s)
Thu Aug 29 01:14:31, Info:  Time spent this phase (IO): 49.5671 ms (min: 40.0142 ms, max: 94.9810 ms)
Thu Aug 29 01:14:31, Info:  Performance since the start: 9.4288 TFLOP/s (rank 0: 587.7659 GFLOP/s , average over ranks: 589.3030 GFLOP/s ) 
Thu Aug 29 01:14:31, Info:  Performance since last sync point: 9.4499 TFLOP/s (rank 0: 589.2153 GFLOP/s , average over ranks: 590.6172 GFLOP/s ) 
Thu Aug 29 01:14:58, Info:  Writing faultoutput at time 8.
Thu Aug 29 01:14:58, Info:  Writing faultoutput at time 8. Done.
Thu Aug 29 01:14:58, Info:  Writing free surface at time 8.
Thu Aug 29 01:14:58, Info:  Writing free surface at time 8. Done.
Thu Aug 29 01:14:58, Info:  Writing energy output at time 8 
Thu Aug 29 01:14:58, Info:  Elastic energy (total, % kinematic, % potential):  5.69169e+12  , 3.5731  , 96.4269 
Thu Aug 29 01:14:58, Info:  Total momentum (X, Y, Z): -7641.35  , 6678.53  , -6701.71 
Thu Aug 29 01:14:58, Info:  Frictional work (total, % static, % radiated):  5.97148e+12  , 87.1372  , 12.8628 
Thu Aug 29 01:14:58, Info:  Seismic moment (without plasticity): 3.73228e+17  Mw: 5.64465 
Thu Aug 29 01:14:58, Info:  Writing energy output at time 8 Done. 
Thu Aug 29 01:14:58, Info:  Time spent this phase (total): 26.5441 s (min: 26.5414 s, max: 26.5522 s)
Thu Aug 29 01:14:58, Info:  Time spent this phase (compute): 26.5440 s (min: 26.5413 s, max: 26.5522 s)
Thu Aug 29 01:14:58, Info:  Time spent this phase (IO): 50.5977 ms (min: 40.1905 ms, max: 92.2732 ms)
Thu Aug 29 01:14:58, Info:  Performance since the start: 9.4321 TFLOP/s (rank 0: 587.9679 GFLOP/s , average over ranks: 589.5088 GFLOP/s ) 
Thu Aug 29 01:14:58, Info:  Performance since last sync point: 9.4818 TFLOP/s (rank 0: 591.0147 GFLOP/s , average over ranks: 592.6133 GFLOP/s ) 
Thu Aug 29 01:15:24, Info:  Writing faultoutput at time 8.5.
Thu Aug 29 01:15:24, Info:  Writing faultoutput at time 8.5. Done.
Thu Aug 29 01:15:24, Info:  Writing energy output at time 8.5 
Thu Aug 29 01:15:24, Info:  Elastic energy (total, % kinematic, % potential):  5.73003e+12  , 3.53076  , 96.4692 
Thu Aug 29 01:15:24, Info:  Total momentum (X, Y, Z): 14405.5  , -13264.2  , 104751 
Thu Aug 29 01:15:24, Info:  Frictional work (total, % static, % radiated):  6.01345e+12  , 87.1715  , 12.8285 
Thu Aug 29 01:15:24, Info:  Seismic moment (without plasticity): 3.75666e+17  Mw: 5.64653 
Thu Aug 29 01:15:24, Info:  Writing energy output at time 8.5 Done. 
Thu Aug 29 01:15:24, Info:  Time spent this phase (total): 26.6311 s (min: 26.6229 s, max: 26.6344 s)
Thu Aug 29 01:15:24, Info:  Time spent this phase (compute): 26.6310 s (min: 26.6228 s, max: 26.6344 s)
Thu Aug 29 01:15:24, Info:  Time spent this phase (IO): 49.5002 ms (min: 40.0636 ms, max: 93.8961 ms)
Thu Aug 29 01:15:24, Info:  Performance since the start: 9.4332 TFLOP/s (rank 0: 588.0449 GFLOP/s , average over ranks: 589.5774 GFLOP/s ) 
Thu Aug 29 01:15:24, Info:  Performance since last sync point: 9.4508 TFLOP/s (rank 0: 589.2802 GFLOP/s , average over ranks: 590.6774 GFLOP/s ) 
Thu Aug 29 01:15:51, Info:  Writing faultoutput at time 9.
Thu Aug 29 01:15:51, Info:  Writing faultoutput at time 9. Done.
Thu Aug 29 01:15:51, Info:  Writing free surface at time 9.
Thu Aug 29 01:15:51, Info:  Writing free surface at time 9. Done.
Thu Aug 29 01:15:51, Info:  Writing energy output at time 9 
Thu Aug 29 01:15:51, Info:  Elastic energy (total, % kinematic, % potential):  5.75112e+12  , 3.48408  , 96.5159 
Thu Aug 29 01:15:51, Info:  Total momentum (X, Y, Z): -17905.9  , 16185.2  , -454259 
Thu Aug 29 01:15:51, Info:  Frictional work (total, % static, % radiated):  6.04036e+12  , 87.2771  , 12.7229 
Thu Aug 29 01:15:51, Info:  Seismic moment (without plasticity): 3.77553e+17  Mw: 5.64799 
Thu Aug 29 01:15:51, Info:  Writing energy output at time 9 Done. 
Thu Aug 29 01:15:51, Info:  Time spent this phase (total): 26.6895 s (min: 26.6874 s, max: 26.6963 s)
Thu Aug 29 01:15:51, Info:  Time spent this phase (compute): 26.6894 s (min: 26.6874 s, max: 26.6963 s)
Thu Aug 29 01:15:51, Info:  Time spent this phase (IO): 50.9078 ms (min: 40.0967 ms, max: 94.1077 ms)
Thu Aug 29 01:15:51, Info:  Performance since the start: 9.4331 TFLOP/s (rank 0: 588.0298 GFLOP/s , average over ranks: 589.5667 GFLOP/s ) 
Thu Aug 29 01:15:51, Info:  Performance since last sync point: 9.4301 TFLOP/s (rank 0: 587.7727 GFLOP/s , average over ranks: 589.3840 GFLOP/s ) 
Thu Aug 29 01:16:18, Info:  Writing faultoutput at time 9.5.
Thu Aug 29 01:16:18, Info:  Writing faultoutput at time 9.5. Done.
Thu Aug 29 01:16:18, Info:  Writing energy output at time 9.5 
Thu Aug 29 01:16:18, Info:  Elastic energy (total, % kinematic, % potential):  5.7685e+12  , 3.43405  , 96.5659 
Thu Aug 29 01:16:18, Info:  Total momentum (X, Y, Z): -1218.16  , -17676.8  , 1.28172e+06 
Thu Aug 29 01:16:18, Info:  Frictional work (total, % static, % radiated):  6.0636e+12  , 87.4166  , 12.5834 
Thu Aug 29 01:16:18, Info:  Seismic moment (without plasticity): 3.79281e+17  Mw: 5.64931 
Thu Aug 29 01:16:18, Info:  Writing energy output at time 9.5 Done. 
Thu Aug 29 01:16:18, Info:  Time spent this phase (total): 26.6059 s (min: 26.5891 s, max: 26.6293 s)
Thu Aug 29 01:16:18, Info:  Time spent this phase (compute): 26.6059 s (min: 26.5891 s, max: 26.6292 s)
Thu Aug 29 01:16:18, Info:  Time spent this phase (IO): 47.5487 ms (min: 40.0029 ms, max: 61.9115 ms)
Thu Aug 29 01:16:18, Info:  Performance since the start: 9.4345 TFLOP/s (rank 0: 588.1382 GFLOP/s , average over ranks: 589.6542 GFLOP/s ) 
Thu Aug 29 01:16:18, Info:  Performance since last sync point: 9.4598 TFLOP/s (rank 0: 590.0972 GFLOP/s , average over ranks: 591.2344 GFLOP/s ) 
Thu Aug 29 01:16:45, Info:  Writing faultoutput at time 10.
Thu Aug 29 01:16:45, Info:  Writing faultoutput at time 10. Done.
Thu Aug 29 01:16:45, Info:  Writing free surface at time 10.
Thu Aug 29 01:16:45, Info:  Writing free surface at time 10. Done.
Thu Aug 29 01:16:45, Info:  Wrote receivers in 5.62e-07 seconds. 
Thu Aug 29 01:16:45, Info:  Writing energy output at time 10 
Thu Aug 29 01:16:45, Info:  Elastic energy (total, % kinematic, % potential):  5.78449e+12  , 3.38706  , 96.6129 
Thu Aug 29 01:16:45, Info:  Total momentum (X, Y, Z): 96411.5  , 62874.5  , -2.16029e+06 
Thu Aug 29 01:16:45, Info:  Frictional work (total, % static, % radiated):  6.08417e+12  , 87.5238  , 12.4762 
Thu Aug 29 01:16:45, Info:  Seismic moment (without plasticity): 3.80706e+17  Mw: 5.65039 
Thu Aug 29 01:16:45, Info:  Writing energy output at time 10 Done. 
Thu Aug 29 01:16:45, Info:  Time spent this phase (total): 26.8998 s (min: 26.8715 s, max: 26.9246 s)
Thu Aug 29 01:16:45, Info:  Time spent this phase (compute): 26.8997 s (min: 26.8715 s, max: 26.9246 s)
Thu Aug 29 01:16:45, Info:  Time spent this phase (IO): 50.1306 ms (min: 40.4937 ms, max: 87.7416 ms)
Thu Aug 29 01:16:45, Info:  Performance since the start: 9.4305 TFLOP/s (rank 0: 587.8683 GFLOP/s , average over ranks: 589.4084 GFLOP/s ) 
Thu Aug 29 01:16:45, Info:  Performance since last sync point: 9.3564 TFLOP/s (rank 0: 582.7854 GFLOP/s , average over ranks: 584.7772 GFLOP/s ) 
Thu Aug 29 01:17:11, Info:  Writing faultoutput at time 10.5.
Thu Aug 29 01:17:11, Info:  Writing faultoutput at time 10.5. Done.
Thu Aug 29 01:17:11, Info:  Writing energy output at time 10.5 
Thu Aug 29 01:17:11, Info:  Elastic energy (total, % kinematic, % potential):  5.79833e+12  , 3.34853  , 96.6515 
Thu Aug 29 01:17:11, Info:  Total momentum (X, Y, Z): -352388  , -112642  , -1.26389e+06 
Thu Aug 29 01:17:11, Info:  Frictional work (total, % static, % radiated):  6.1035e+12  , 87.6381  , 12.3619 
Thu Aug 29 01:17:11, Info:  Seismic moment (without plasticity): 3.82036e+17  Mw: 5.6514 
Thu Aug 29 01:17:11, Info:  Writing energy output at time 10.5 Done. 
Thu Aug 29 01:17:11, Info:  Time spent this phase (total): 26.5996 s (min: 26.5789 s, max: 26.6278 s)
Thu Aug 29 01:17:11, Info:  Time spent this phase (compute): 26.5995 s (min: 26.5788 s, max: 26.6278 s)
Thu Aug 29 01:17:11, Info:  Time spent this phase (IO): 47.7358 ms (min: 39.9572 ms, max: 66.4388 ms)
Thu Aug 29 01:17:11, Info:  Performance since the start: 9.4320 TFLOP/s (rank 0: 587.9846 GFLOP/s , average over ranks: 589.5018 GFLOP/s ) 
Thu Aug 29 01:17:11, Info:  Performance since last sync point: 9.4620 TFLOP/s (rank 0: 590.3208 GFLOP/s , average over ranks: 591.3759 GFLOP/s ) 
Thu Aug 29 01:17:38, Info:  Writing faultoutput at time 11.
Thu Aug 29 01:17:38, Info:  Writing faultoutput at time 11. Done.
Thu Aug 29 01:17:38, Info:  Writing free surface at time 11.
Thu Aug 29 01:17:38, Info:  Writing free surface at time 11. Done.
Thu Aug 29 01:17:38, Info:  Writing energy output at time 11 
Thu Aug 29 01:17:38, Info:  Elastic energy (total, % kinematic, % potential):  5.80997e+12  , 3.30803  , 96.692 
Thu Aug 29 01:17:38, Info:  Total momentum (X, Y, Z): 625595  , -422523  , 2.12871e+07 
Thu Aug 29 01:17:38, Info:  Frictional work (total, % static, % radiated):  6.11995e+12  , 87.6947  , 12.3053 
Thu Aug 29 01:17:38, Info:  Seismic moment (without plasticity): 3.83209e+17  Mw: 5.65229 
Thu Aug 29 01:17:38, Info:  Writing energy output at time 11 Done. 
Thu Aug 29 01:17:38, Info:  Time spent this phase (total): 26.6391 s (min: 26.6164 s, max: 26.6588 s)
Thu Aug 29 01:17:38, Info:  Time spent this phase (compute): 26.6391 s (min: 26.6163 s, max: 26.6587 s)
Thu Aug 29 01:17:38, Info:  Time spent this phase (IO): 52.0482 ms (min: 40.2685 ms, max: 84.4792 ms)
Thu Aug 29 01:17:38, Info:  Performance since the start: 9.4328 TFLOP/s (rank 0: 588.0298 GFLOP/s , average over ranks: 589.5470 GFLOP/s ) 
Thu Aug 29 01:17:38, Info:  Performance since last sync point: 9.4480 TFLOP/s (rank 0: 588.9817 GFLOP/s , average over ranks: 590.4987 GFLOP/s ) 
Thu Aug 29 01:18:04, Info:  Writing faultoutput at time 11.5.
Thu Aug 29 01:18:04, Info:  Writing faultoutput at time 11.5. Done.
Thu Aug 29 01:18:04, Info:  Writing energy output at time 11.5 
Thu Aug 29 01:18:05, Info:  Elastic energy (total, % kinematic, % potential):  5.82062e+12  , 3.2579  , 96.7421 
Thu Aug 29 01:18:05, Info:  Total momentum (X, Y, Z): 22797.2  , 2.30275e+06  , -5.34178e+07 
Thu Aug 29 01:18:05, Info:  Frictional work (total, % static, % radiated):  6.13545e+12  , 87.6525  , 12.3475 
Thu Aug 29 01:18:05, Info:  Seismic moment (without plasticity): 3.84176e+17  Mw: 5.65302 
Thu Aug 29 01:18:05, Info:  Writing energy output at time 11.5 Done. 
Thu Aug 29 01:18:05, Info:  Time spent this phase (total): 26.6146 s (min: 26.5922 s, max: 26.6442 s)
Thu Aug 29 01:18:05, Info:  Time spent this phase (compute): 26.6145 s (min: 26.5922 s, max: 26.6442 s)
Thu Aug 29 01:18:05, Info:  Time spent this phase (IO): 49.5617 ms (min: 40.0347 ms, max: 93.9718 ms)
Thu Aug 29 01:18:05, Info:  Performance since the start: 9.4338 TFLOP/s (rank 0: 588.0902 GFLOP/s , average over ranks: 589.6119 GFLOP/s ) 
Thu Aug 29 01:18:05, Info:  Performance since last sync point: 9.4567 TFLOP/s (rank 0: 589.4204 GFLOP/s , average over ranks: 591.0436 GFLOP/s ) 
Thu Aug 29 01:18:31, Info:  Writing faultoutput at time 12.
Thu Aug 29 01:18:31, Info:  Writing faultoutput at time 12. Done.
Thu Aug 29 01:18:31, Info:  Writing free surface at time 12.
Thu Aug 29 01:18:31, Info:  Writing free surface at time 12. Done.
Thu Aug 29 01:18:31, Info:  Writing energy output at time 12 
Thu Aug 29 01:18:31, Info:  Elastic energy (total, % kinematic, % potential):  5.82992e+12  , 3.22916  , 96.7708 
Thu Aug 29 01:18:31, Info:  Total momentum (X, Y, Z): -2.51475e+06  , -3.33295e+06  , -5.2764e+06 
Thu Aug 29 01:18:31, Info:  Frictional work (total, % static, % radiated):  6.14876e+12  , 87.6277  , 12.3723 
Thu Aug 29 01:18:31, Info:  Seismic moment (without plasticity): 3.85105e+17  Mw: 5.65372 
Thu Aug 29 01:18:31, Info:  Writing energy output at time 12 Done. 
Thu Aug 29 01:18:31, Info:  Time spent this phase (total): 26.7758 s (min: 26.7734 s, max: 26.7807 s)
Thu Aug 29 01:18:31, Info:  Time spent this phase (compute): 26.7757 s (min: 26.7733 s, max: 26.7804 s)
Thu Aug 29 01:18:31, Info:  Time spent this phase (IO): 50.7272 ms (min: 40.0865 ms, max: 93.9898 ms)
Thu Aug 29 01:18:31, Info:  Performance since the start: 9.4324 TFLOP/s (rank 0: 587.9983 GFLOP/s , average over ranks: 589.5230 GFLOP/s ) 
Thu Aug 29 01:18:31, Info:  Performance since last sync point: 9.3997 TFLOP/s (rank 0: 585.8922 GFLOP/s , average over ranks: 587.4843 GFLOP/s ) 
Thu Aug 29 01:18:58, Info:  Writing faultoutput at time 12.5.
Thu Aug 29 01:18:58, Info:  Writing faultoutput at time 12.5. Done.
Thu Aug 29 01:18:58, Info:  Writing energy output at time 12.5 
Thu Aug 29 01:18:58, Info:  Elastic energy (total, % kinematic, % potential):  5.84015e+12  , 3.18501  , 96.815 
Thu Aug 29 01:18:58, Info:  Total momentum (X, Y, Z): 4.46087e+06  , -3.19723e+06  , 3.05994e+08 
Thu Aug 29 01:18:58, Info:  Frictional work (total, % static, % radiated):  6.16309e+12  , 87.6082  , 12.3918 
Thu Aug 29 01:18:58, Info:  Seismic moment (without plasticity): 3.85989e+17  Mw: 5.65438 
Thu Aug 29 01:18:58, Info:  Writing energy output at time 12.5 Done. 
Thu Aug 29 01:18:58, Info:  Time spent this phase (total): 26.7342 s (min: 26.7291 s, max: 26.7358 s)
Thu Aug 29 01:18:58, Info:  Time spent this phase (compute): 26.7341 s (min: 26.7286 s, max: 26.7358 s)
Thu Aug 29 01:18:58, Info:  Time spent this phase (IO): 49.5080 ms (min: 40.0808 ms, max: 93.9036 ms)
Thu Aug 29 01:18:58, Info:  Performance since the start: 9.4316 TFLOP/s (rank 0: 587.9592 GFLOP/s , average over ranks: 589.4779 GFLOP/s ) 
Thu Aug 29 01:18:58, Info:  Performance since last sync point: 9.4144 TFLOP/s (rank 0: 587.0244 GFLOP/s , average over ranks: 588.3989 GFLOP/s ) 
Thu Aug 29 01:19:25, Info:  Writing faultoutput at time 13.
Thu Aug 29 01:19:25, Info:  Writing faultoutput at time 13. Done.
Thu Aug 29 01:19:25, Info:  Writing free surface at time 13.
Thu Aug 29 01:19:25, Info:  Writing free surface at time 13. Done.
Thu Aug 29 01:19:25, Info:  Writing energy output at time 13 
Thu Aug 29 01:19:25, Info:  Elastic energy (total, % kinematic, % potential):  5.84736e+12  , 3.13739  , 96.8626 
Thu Aug 29 01:19:25, Info:  Total momentum (X, Y, Z): -79289.4  , 1.69261e+07  , -3.87853e+08 
Thu Aug 29 01:19:25, Info:  Frictional work (total, % static, % radiated):  6.17428e+12  , 87.7064  , 12.2936 
Thu Aug 29 01:19:25, Info:  Seismic moment (without plasticity): 3.86808e+17  Mw: 5.655 
Thu Aug 29 01:19:25, Info:  Writing energy output at time 13 Done. 
Thu Aug 29 01:19:25, Info:  Time spent this phase (total): 26.5616 s (min: 26.5599 s, max: 26.5673 s)
Thu Aug 29 01:19:25, Info:  Time spent this phase (compute): 26.5615 s (min: 26.5598 s, max: 26.5668 s)
Thu Aug 29 01:19:25, Info:  Time spent this phase (IO): 50.8107 ms (min: 40.1552 ms, max: 93.8092 ms)
Thu Aug 29 01:19:25, Info:  Performance since the start: 9.4333 TFLOP/s (rank 0: 588.0603 GFLOP/s , average over ranks: 589.5830 GFLOP/s ) 
Thu Aug 29 01:19:25, Info:  Performance since last sync point: 9.4755 TFLOP/s (rank 0: 590.5987 GFLOP/s , average over ranks: 592.2216 GFLOP/s ) 
Thu Aug 29 01:19:51, Info:  Writing faultoutput at time 13.5.
Thu Aug 29 01:19:51, Info:  Writing faultoutput at time 13.5. Done.
Thu Aug 29 01:19:51, Info:  Writing energy output at time 13.5 
Thu Aug 29 01:19:51, Info:  Elastic energy (total, % kinematic, % potential):  5.85634e+12  , 3.10503  , 96.895 
Thu Aug 29 01:19:51, Info:  Total momentum (X, Y, Z): -9.08555e+06  , -1.23164e+07  , -1.05095e+09 
Thu Aug 29 01:19:51, Info:  Frictional work (total, % static, % radiated):  6.18726e+12  , 87.7484  , 12.2516 
Thu Aug 29 01:19:51, Info:  Seismic moment (without plasticity): 3.87609e+17  Mw: 5.6556 
Thu Aug 29 01:19:51, Info:  Writing energy output at time 13.5 Done. 
Thu Aug 29 01:19:51, Info:  Time spent this phase (total): 26.6316 s (min: 26.6174 s, max: 26.6609 s)
Thu Aug 29 01:19:51, Info:  Time spent this phase (compute): 26.6315 s (min: 26.6169 s, max: 26.6608 s)
Thu Aug 29 01:19:51, Info:  Time spent this phase (IO): 47.9859 ms (min: 40.0517 ms, max: 69.0150 ms)
Thu Aug 29 01:19:51, Info:  Performance since the start: 9.4340 TFLOP/s (rank 0: 588.1130 GFLOP/s , average over ranks: 589.6230 GFLOP/s ) 
Thu Aug 29 01:19:51, Info:  Performance since last sync point: 9.4506 TFLOP/s (rank 0: 589.4870 GFLOP/s , average over ranks: 590.6650 GFLOP/s ) 
Thu Aug 29 01:20:18, Info:  Writing faultoutput at time 14.
Thu Aug 29 01:20:18, Info:  Writing faultoutput at time 14. Done.
Thu Aug 29 01:20:18, Info:  Writing free surface at time 14.
Thu Aug 29 01:20:18, Info:  Writing free surface at time 14. Done.
Thu Aug 29 01:20:18, Info:  Writing energy output at time 14 
Thu Aug 29 01:20:18, Info:  Elastic energy (total, % kinematic, % potential):  5.86483e+12  , 3.08397  , 96.916 
Thu Aug 29 01:20:18, Info:  Total momentum (X, Y, Z): 4.69217e+06  , -3.21638e+07  , 2.52876e+09 
Thu Aug 29 01:20:18, Info:  Frictional work (total, % static, % radiated):  6.19987e+12  , 87.7267  , 12.2733 
Thu Aug 29 01:20:18, Info:  Seismic moment (without plasticity): 3.88376e+17  Mw: 5.65617 
Thu Aug 29 01:20:18, Info:  Writing energy output at time 14 Done. 
Thu Aug 29 01:20:18, Info:  Time spent this phase (total): 26.6545 s (min: 26.6480 s, max: 26.6791 s)
Thu Aug 29 01:20:18, Info:  Time spent this phase (compute): 26.6544 s (min: 26.6479 s, max: 26.6790 s)
Thu Aug 29 01:20:18, Info:  Time spent this phase (IO): 48.7825 ms (min: 40.1578 ms, max: 69.4781 ms)
Thu Aug 29 01:20:18, Info:  Performance since the start: 9.4343 TFLOP/s (rank 0: 588.1309 GFLOP/s , average over ranks: 589.6421 GFLOP/s ) 
Thu Aug 29 01:20:18, Info:  Performance since last sync point: 9.4425 TFLOP/s (rank 0: 588.6134 GFLOP/s , average over ranks: 590.1586 GFLOP/s ) 
Thu Aug 29 01:20:44, Info:  Writing faultoutput at time 14.5.
Thu Aug 29 01:20:44, Info:  Writing faultoutput at time 14.5. Done.
Thu Aug 29 01:20:44, Info:  Writing energy output at time 14.5 
Thu Aug 29 01:20:45, Info:  Elastic energy (total, % kinematic, % potential):  5.87267e+12  , 3.05255  , 96.9474 
Thu Aug 29 01:20:45, Info:  Total momentum (X, Y, Z): 5.33488e+06  , 5.78366e+07  , 2.53249e+09 
Thu Aug 29 01:20:45, Info:  Frictional work (total, % static, % radiated):  6.21216e+12  , 87.6817  , 12.3183 
Thu Aug 29 01:20:45, Info:  Seismic moment (without plasticity): 3.89127e+17  Mw: 5.65673 
Thu Aug 29 01:20:45, Info:  Writing energy output at time 14.5 Done. 
Thu Aug 29 01:20:45, Info:  Time spent this phase (total): 26.6646 s (min: 26.6077 s, max: 26.7304 s)
Thu Aug 29 01:20:45, Info:  Time spent this phase (compute): 26.6645 s (min: 26.6076 s, max: 26.7303 s)
Thu Aug 29 01:20:45, Info:  Time spent this phase (IO): 58.0403 ms (min: 40.2164 ms, max: 145.8641 ms)
Thu Aug 29 01:20:45, Info:  Performance since the start: 9.4344 TFLOP/s (rank 0: 588.1246 GFLOP/s , average over ranks: 589.6521 GFLOP/s ) 
Thu Aug 29 01:20:45, Info:  Performance since last sync point: 9.4389 TFLOP/s (rank 0: 587.9496 GFLOP/s , average over ranks: 589.9335 GFLOP/s ) 
Thu Aug 29 01:21:11, Info:  Writing faultoutput at time 15.
Thu Aug 29 01:21:11, Info:  Writing faultoutput at time 15. Done.
Thu Aug 29 01:21:11, Info:  Writing free surface at time 15.
Thu Aug 29 01:21:11, Info:  Writing free surface at time 15. Done.
Thu Aug 29 01:21:11, Info:  Writing energy output at time 15 
Thu Aug 29 01:21:11, Info:  Elastic energy (total, % kinematic, % potential):  5.8807e+12  , 3.01216  , 96.9878 
Thu Aug 29 01:21:11, Info:  Total momentum (X, Y, Z): 1.52078e+07  , 2.35006e+07  , -1.12032e+10 
Thu Aug 29 01:21:11, Info:  Frictional work (total, % static, % radiated):  6.22469e+12  , 87.6482  , 12.3518 
Thu Aug 29 01:21:11, Info:  Seismic moment (without plasticity): 3.89895e+17  Mw: 5.6573 
Thu Aug 29 01:21:11, Info:  Writing energy output at time 15 Done. 
Thu Aug 29 01:21:11, Info:  Time spent this phase (total): 26.6907 s (min: 26.6076 s, max: 26.7569 s)
Thu Aug 29 01:21:11, Info:  Time spent this phase (compute): 26.6906 s (min: 26.6076 s, max: 26.7568 s)
Thu Aug 29 01:21:11, Info:  Time spent this phase (IO): 49.8649 ms (min: 40.1567 ms, max: 77.5977 ms)
Thu Aug 29 01:21:11, Info:  Performance since the start: 9.4343 TFLOP/s (rank 0: 588.1272 GFLOP/s , average over ranks: 589.6423 GFLOP/s ) 
Thu Aug 29 01:21:11, Info:  Performance since last sync point: 9.4298 TFLOP/s (rank 0: 588.2015 GFLOP/s , average over ranks: 589.3617 GFLOP/s ) 
Thu Aug 29 01:21:38, Info:  Writing faultoutput at time 15.5.
Thu Aug 29 01:21:38, Info:  Writing faultoutput at time 15.5. Done.
Thu Aug 29 01:21:38, Info:  Writing energy output at time 15.5 
Thu Aug 29 01:21:38, Info:  Elastic energy (total, % kinematic, % potential):  5.88754e+12  , 2.9772  , 97.0228 
Thu Aug 29 01:21:38, Info:  Total momentum (X, Y, Z): -3.24143e+07  , -1.02353e+08  , -9.61505e+09 
Thu Aug 29 01:21:38, Info:  Frictional work (total, % static, % radiated):  6.2365e+12  , 87.6291  , 12.3709 
Thu Aug 29 01:21:38, Info:  Seismic moment (without plasticity): 3.90625e+17  Mw: 5.65784 
Thu Aug 29 01:21:38, Info:  Writing energy output at time 15.5 Done. 
Thu Aug 29 01:21:38, Info:  Time spent this phase (total): 26.6464 s (min: 26.6250 s, max: 26.6693 s)
Thu Aug 29 01:21:38, Info:  Time spent this phase (compute): 26.6463 s (min: 26.6249 s, max: 26.6692 s)
Thu Aug 29 01:21:38, Info:  Time spent this phase (IO): 50.9021 ms (min: 40.1958 ms, max: 88.6309 ms)
Thu Aug 29 01:21:38, Info:  Performance since the start: 9.4346 TFLOP/s (rank 0: 588.1602 GFLOP/s , average over ranks: 589.6647 GFLOP/s ) 
Thu Aug 29 01:21:38, Info:  Performance since last sync point: 9.4454 TFLOP/s (rank 0: 589.1516 GFLOP/s , average over ranks: 590.3363 GFLOP/s ) 
Thu Aug 29 01:22:04, Info:  Writing faultoutput at time 16.
Thu Aug 29 01:22:04, Info:  Writing faultoutput at time 16. Done.
Thu Aug 29 01:22:04, Info:  Writing free surface at time 16.
Thu Aug 29 01:22:04, Info:  Writing free surface at time 16. Done.
Thu Aug 29 01:22:04, Info:  Writing energy output at time 16 
Thu Aug 29 01:22:05, Info:  Elastic energy (total, % kinematic, % potential):  5.893e+12  , 2.94215  , 97.0578 
Thu Aug 29 01:22:05, Info:  Total momentum (X, Y, Z): -2.31425e+08  , 8.25152e+07  , 3.20608e+10 
Thu Aug 29 01:22:05, Info:  Frictional work (total, % static, % radiated):  6.24538e+12  , 87.6676  , 12.3324 
Thu Aug 29 01:22:05, Info:  Seismic moment (without plasticity): 3.91211e+17  Mw: 5.65827 
Thu Aug 29 01:22:05, Info:  Writing energy output at time 16 Done. 
Thu Aug 29 01:22:05, Info:  Time spent this phase (total): 26.5919 s (min: 26.5731 s, max: 26.6184 s)
Thu Aug 29 01:22:05, Info:  Time spent this phase (compute): 26.5918 s (min: 26.5730 s, max: 26.6184 s)
Thu Aug 29 01:22:05, Info:  Time spent this phase (IO): 51.1944 ms (min: 40.2447 ms, max: 94.0206 ms)
Thu Aug 29 01:22:05, Info:  Performance since the start: 9.4356 TFLOP/s (rank 0: 588.2025 GFLOP/s , average over ranks: 589.7233 GFLOP/s ) 
Thu Aug 29 01:22:05, Info:  Performance since last sync point: 9.4648 TFLOP/s (rank 0: 589.5163 GFLOP/s , average over ranks: 591.5479 GFLOP/s ) 
Thu Aug 29 01:22:31, Info:  Writing faultoutput at time 16.5.
Thu Aug 29 01:22:31, Info:  Writing faultoutput at time 16.5. Done.
Thu Aug 29 01:22:31, Info:  Writing energy output at time 16.5 
Thu Aug 29 01:22:31, Info:  Elastic energy (total, % kinematic, % potential):  5.89655e+12  , 2.91261  , 97.0874 
Thu Aug 29 01:22:31, Info:  Total momentum (X, Y, Z): -4.23637e+07  , 1.68047e+08  , 3.87815e+10 
Thu Aug 29 01:22:31, Info:  Frictional work (total, % static, % radiated):  6.25259e+12  , 87.6806  , 12.3194 
Thu Aug 29 01:22:31, Info:  Seismic moment (without plasticity): 3.91698e+17  Mw: 5.65863 
Thu Aug 29 01:22:31, Info:  Writing energy output at time 16.5 Done. 
Thu Aug 29 01:22:31, Info:  Time spent this phase (total): 26.7375 s (min: 26.7259 s, max: 26.7393 s)
Thu Aug 29 01:22:31, Info:  Time spent this phase (compute): 26.7374 s (min: 26.7255 s, max: 26.7392 s)
Thu Aug 29 01:22:31, Info:  Time spent this phase (IO): 49.5248 ms (min: 40.0162 ms, max: 94.1252 ms)
Thu Aug 29 01:22:31, Info:  Performance since the start: 9.4349 TFLOP/s (rank 0: 588.1688 GFLOP/s , average over ranks: 589.6809 GFLOP/s ) 
Thu Aug 29 01:22:31, Info:  Performance since last sync point: 9.4132 TFLOP/s (rank 0: 587.0935 GFLOP/s , average over ranks: 588.3250 GFLOP/s ) 
Thu Aug 29 01:22:58, Info:  Writing faultoutput at time 17.
Thu Aug 29 01:22:58, Info:  Writing faultoutput at time 17. Done.
Thu Aug 29 01:22:58, Info:  Writing free surface at time 17.
Thu Aug 29 01:22:58, Info:  Writing free surface at time 17. Done.
Thu Aug 29 01:22:58, Info:  Writing energy output at time 17 
Thu Aug 29 01:22:58, Info:  Elastic energy (total, % kinematic, % potential):  5.89868e+12  , 2.87765  , 97.1223 
Thu Aug 29 01:22:58, Info:  Total momentum (X, Y, Z): 7.20611e+08  , -1.86612e+08  , -5.92712e+10 
Thu Aug 29 01:22:58, Info:  Frictional work (total, % static, % radiated):  6.25828e+12  , 87.6737  , 12.3263 
Thu Aug 29 01:22:58, Info:  Seismic moment (without plasticity): 3.92145e+17  Mw: 5.65896 
Thu Aug 29 01:22:58, Info:  Writing energy output at time 17 Done. 
Thu Aug 29 01:22:58, Info:  Time spent this phase (total): 26.5453 s (min: 26.5397 s, max: 26.5545 s)
Thu Aug 29 01:22:58, Info:  Time spent this phase (compute): 26.5452 s (min: 26.5396 s, max: 26.5544 s)
Thu Aug 29 01:22:58, Info:  Time spent this phase (IO): 50.2175 ms (min: 40.1823 ms, max: 82.1997 ms)
Thu Aug 29 01:22:58, Info:  Performance since the start: 9.4363 TFLOP/s (rank 0: 588.2493 GFLOP/s , average over ranks: 589.7659 GFLOP/s ) 
Thu Aug 29 01:22:58, Info:  Performance since last sync point: 9.4814 TFLOP/s (rank 0: 590.9196 GFLOP/s , average over ranks: 592.5862 GFLOP/s ) 
Thu Aug 29 01:23:24, Info:  Writing faultoutput at time 17.5.
Thu Aug 29 01:23:24, Info:  Writing faultoutput at time 17.5. Done.
Thu Aug 29 01:23:24, Info:  Writing energy output at time 17.5 
Thu Aug 29 01:23:24, Info:  Elastic energy (total, % kinematic, % potential):  5.90226e+12  , 2.84144  , 97.1586 
Thu Aug 29 01:23:24, Info:  Total momentum (X, Y, Z): 7.2029e+08  , -3.58252e+08  , -6.77524e+10 
Thu Aug 29 01:23:24, Info:  Frictional work (total, % static, % radiated):  6.26552e+12  , 87.6904  , 12.3096 
Thu Aug 29 01:23:24, Info:  Seismic moment (without plasticity): 3.92602e+17  Mw: 5.6593 
Thu Aug 29 01:23:24, Info:  Writing energy output at time 17.5 Done. 
Thu Aug 29 01:23:24, Info:  Time spent this phase (total): 26.6666 s (min: 26.6565 s, max: 26.6723 s)
Thu Aug 29 01:23:24, Info:  Time spent this phase (compute): 26.6665 s (min: 26.6565 s, max: 26.6722 s)
Thu Aug 29 01:23:24, Info:  Time spent this phase (IO): 49.4755 ms (min: 40.0752 ms, max: 93.7807 ms)
Thu Aug 29 01:23:24, Info:  Performance since the start: 9.4363 TFLOP/s (rank 0: 588.2585 GFLOP/s , average over ranks: 589.7695 GFLOP/s ) 
Thu Aug 29 01:23:24, Info:  Performance since last sync point: 9.4382 TFLOP/s (rank 0: 588.5685 GFLOP/s , average over ranks: 589.8903 GFLOP/s ) 
Thu Aug 29 01:23:51, Info:  Writing faultoutput at time 18.
Thu Aug 29 01:23:51, Info:  Writing faultoutput at time 18. Done.
Thu Aug 29 01:23:51, Info:  Writing free surface at time 18.
Thu Aug 29 01:23:51, Info:  Writing free surface at time 18. Done.
Thu Aug 29 01:23:51, Info:  Writing energy output at time 18 
Thu Aug 29 01:23:51, Info:  Elastic energy (total, % kinematic, % potential):  5.90513e+12  , 2.81742  , 97.1826 
Thu Aug 29 01:23:51, Info:  Total momentum (X, Y, Z): -7.62911e+08  , 2.60122e+08  , 4.73467e+11 
Thu Aug 29 01:23:51, Info:  Frictional work (total, % static, % radiated):  6.2719e+12  , 87.7058  , 12.2942 
Thu Aug 29 01:23:51, Info:  Seismic moment (without plasticity): 3.93029e+17  Mw: 5.65962 
Thu Aug 29 01:23:51, Info:  Writing energy output at time 18 Done. 
Thu Aug 29 01:23:51, Info:  Time spent this phase (total): 26.9043 s (min: 26.8825 s, max: 26.9462 s)
Thu Aug 29 01:23:51, Info:  Time spent this phase (compute): 26.9042 s (min: 26.8824 s, max: 26.9462 s)
Thu Aug 29 01:23:51, Info:  Time spent this phase (IO): 49.0408 ms (min: 40.3081 ms, max: 74.6664 ms)
Thu Aug 29 01:23:51, Info:  Performance since the start: 9.4340 TFLOP/s (rank 0: 588.1212 GFLOP/s , average over ranks: 589.6268 GFLOP/s ) 
Thu Aug 29 01:23:51, Info:  Performance since last sync point: 9.3549 TFLOP/s (rank 0: 583.3584 GFLOP/s , average over ranks: 584.6786 GFLOP/s ) 
Thu Aug 29 01:24:18, Info:  Writing faultoutput at time 18.5.
Thu Aug 29 01:24:18, Info:  Writing faultoutput at time 18.5. Done.
Thu Aug 29 01:24:18, Info:  Writing energy output at time 18.5 
Thu Aug 29 01:24:18, Info:  Elastic energy (total, % kinematic, % potential):  5.90932e+12  , 2.78844  , 97.2116 
Thu Aug 29 01:24:18, Info:  Total momentum (X, Y, Z): -1.92675e+09  , 9.85451e+08  , 1.89068e+12 
Thu Aug 29 01:24:18, Info:  Frictional work (total, % static, % radiated):  6.27884e+12  , 87.7095  , 12.2905 
Thu Aug 29 01:24:18, Info:  Seismic moment (without plasticity): 3.9355e+17  Mw: 5.66 
Thu Aug 29 01:24:18, Info:  Writing energy output at time 18.5 Done. 
Thu Aug 29 01:24:18, Info:  Time spent this phase (total): 26.5778 s (min: 26.5251 s, max: 26.6156 s)
Thu Aug 29 01:24:18, Info:  Time spent this phase (compute): 26.5777 s (min: 26.5251 s, max: 26.6155 s)
Thu Aug 29 01:24:18, Info:  Time spent this phase (IO): 51.3743 ms (min: 40.0569 ms, max: 106.3885 ms)
Thu Aug 29 01:24:18, Info:  Performance since the start: 9.4350 TFLOP/s (rank 0: 588.1742 GFLOP/s , average over ranks: 589.6870 GFLOP/s ) 
Thu Aug 29 01:24:18, Info:  Performance since last sync point: 9.4698 TFLOP/s (rank 0: 590.0854 GFLOP/s , average over ranks: 591.8610 GFLOP/s ) 
Thu Aug 29 01:24:45, Info:  Writing faultoutput at time 19.
Thu Aug 29 01:24:45, Info:  Writing faultoutput at time 19. Done.
Thu Aug 29 01:24:45, Info:  Writing free surface at time 19.
Thu Aug 29 01:24:45, Info:  Writing free surface at time 19. Done.
Thu Aug 29 01:24:45, Info:  Writing energy output at time 19 
Thu Aug 29 01:24:45, Info:  Elastic energy (total, % kinematic, % potential):  5.91423e+12  , 2.75671  , 97.2433 
Thu Aug 29 01:24:45, Info:  Total momentum (X, Y, Z): -6.0555e+08  , -2.68269e+08  , 3.96855e+12 
Thu Aug 29 01:24:45, Info:  Frictional work (total, % static, % radiated):  6.28717e+12  , 87.7009  , 12.2991 
Thu Aug 29 01:24:45, Info:  Seismic moment (without plasticity): 3.94062e+17  Mw: 5.66038 
Thu Aug 29 01:24:45, Info:  Writing energy output at time 19 Done. 
Thu Aug 29 01:24:45, Info:  Time spent this phase (total): 26.6339 s (min: 26.5808 s, max: 26.6758 s)
Thu Aug 29 01:24:45, Info:  Time spent this phase (compute): 26.6338 s (min: 26.5807 s, max: 26.6757 s)
Thu Aug 29 01:24:45, Info:  Time spent this phase (IO): 51.1876 ms (min: 40.1304 ms, max: 93.9668 ms)
Thu Aug 29 01:24:45, Info:  Performance since the start: 9.4354 TFLOP/s (rank 0: 588.1980 GFLOP/s , average over ranks: 589.7114 GFLOP/s ) 
Thu Aug 29 01:24:45, Info:  Performance since last sync point: 9.4499 TFLOP/s (rank 0: 589.0825 GFLOP/s , average over ranks: 590.6159 GFLOP/s ) 
Thu Aug 29 01:25:11, Info:  Writing faultoutput at time 19.5.
Thu Aug 29 01:25:11, Info:  Writing faultoutput at time 19.5. Done.
Thu Aug 29 01:25:11, Info:  Writing energy output at time 19.5 
Thu Aug 29 01:25:11, Info:  Elastic energy (total, % kinematic, % potential):  5.91795e+12  , 2.7298  , 97.2702 
Thu Aug 29 01:25:11, Info:  Total momentum (X, Y, Z): 1.91938e+09  , -2.81785e+09  , 6.05701e+12 
Thu Aug 29 01:25:11, Info:  Frictional work (total, % static, % radiated):  6.29378e+12  , 87.6898  , 12.3102 
Thu Aug 29 01:25:11, Info:  Seismic moment (without plasticity): 3.94484e+17  Mw: 5.66069 
Thu Aug 29 01:25:11, Info:  Writing energy output at time 19.5 Done. 
Thu Aug 29 01:25:11, Info:  Time spent this phase (total): 26.6301 s (min: 26.5981 s, max: 26.6436 s)
Thu Aug 29 01:25:11, Info:  Time spent this phase (compute): 26.6300 s (min: 26.5980 s, max: 26.6435 s)
Thu Aug 29 01:25:11, Info:  Time spent this phase (IO): 49.5566 ms (min: 40.1137 ms, max: 94.4763 ms)
Thu Aug 29 01:25:11, Info:  Performance since the start: 9.4358 TFLOP/s (rank 0: 588.2285 GFLOP/s , average over ranks: 589.7367 GFLOP/s ) 
Thu Aug 29 01:25:11, Info:  Performance since last sync point: 9.4512 TFLOP/s (rank 0: 589.3873 GFLOP/s , average over ranks: 590.6999 GFLOP/s ) 
Thu Aug 29 01:25:38, Info:  Writing faultoutput at time 20.
Thu Aug 29 01:25:38, Info:  Writing faultoutput at time 20. Done.
Thu Aug 29 01:25:38, Info:  Writing free surface at time 20.
Thu Aug 29 01:25:38, Info:  Writing free surface at time 20. Done.
Thu Aug 29 01:25:38, Info:  Wrote receivers in 5.04e-07 seconds. 
Thu Aug 29 01:25:38, Info:  Writing energy output at time 20 
Thu Aug 29 01:25:38, Info:  Elastic energy (total, % kinematic, % potential):  5.92011e+12  , 2.70273  , 97.2973 
Thu Aug 29 01:25:38, Info:  Total momentum (X, Y, Z): 2.08867e+09  , -1.99332e+09  , 7.62613e+12 
Thu Aug 29 01:25:38, Info:  Frictional work (total, % static, % radiated):  6.2987e+12  , 87.6956  , 12.3044 
Thu Aug 29 01:25:38, Info:  Seismic moment (without plasticity): 3.94853e+17  Mw: 5.66096 
Thu Aug 29 01:25:38, Info:  Writing energy output at time 20 Done. 
Thu Aug 29 01:25:38, Info:  Time spent this phase (total): 26.6868 s (min: 26.6469 s, max: 26.7146 s)
Thu Aug 29 01:25:38, Info:  Time spent this phase (compute): 26.6867 s (min: 26.6468 s, max: 26.7145 s)
Thu Aug 29 01:25:38, Info:  Time spent this phase (IO): 53.5006 ms (min: 40.3038 ms, max: 107.3608 ms)
Thu Aug 29 01:25:38, Info:  Performance since the start: 9.4357 TFLOP/s (rank 0: 588.2241 GFLOP/s , average over ranks: 589.7294 GFLOP/s ) 
Thu Aug 29 01:25:38, Info:  Performance since last sync point: 9.4311 TFLOP/s (rank 0: 588.0528 GFLOP/s , average over ranks: 589.4451 GFLOP/s ) 
Thu Aug 29 01:25:38, Info:  Ignoring duplicate synchronisation point at time 20 ; the last sync point was at  20 
Thu Aug 29 01:25:38, Info:  Ignoring duplicate synchronisation point at time 20 ; the last sync point was at  20 
Thu Aug 29 01:25:38, Info:  Ignoring duplicate synchronisation point at time 20 ; the last sync point was at  20 
Thu Aug 29 01:25:38, Info:  Ignoring duplicate synchronisation point at time 20 ; the last sync point was at  20 
Thu Aug 29 01:25:38, Info:  Simulation time (total): 17 min 46.9549 s (min: 17 min 46.9124 s, max: 17 min 46.9824 s)
Thu Aug 29 01:25:38, Info:  Simulation time (compute): 17 min 44.8950 s (min: 17 min 43.5408 s, max: 17 min 45.3182 s)
Thu Aug 29 01:25:38, Info:  Simulation time (IO): 2.0542 s (min: 1.6497 s, max: 3.4330 s)
Thu Aug 29 01:25:38, Info:  Time spent in compute kernels: mean = 1004.59  std = 18.0116  min = 965.427  median = 1006.97  max = 1051.8 
Thu Aug 29 01:25:38, Info:  Load imbalance: 4.48863 % 
Thu Aug 29 01:25:38, Info:  Regression analysis of compute kernels: 
Thu Aug 29 01:25:38, Info:  "computeLocalIntegration" (total time): 4897.42 s ( = 1 h 21 min 37.4215 s ) 
Thu Aug 29 01:25:38, Info:  "computeLocalIntegration" ( constant ): 2.01352e-05 (sample size: 5.05116e+06 , standard error: 4.60834e-12 ) 
Thu Aug 29 01:25:38, Info:  "computeLocalIntegration" ( per element ): 8.27564e-08 (sample size: 5.05116e+06 , standard error: 4.60834e-12 ) 
Thu Aug 29 01:25:38, Info:  "computeNeighboringIntegration" (total time): 5914.22 s ( = 1 h 38 min 34.2180 s ) 
Thu Aug 29 01:25:38, Info:  "computeNeighboringIntegration" ( constant ): 0.000139842 (sample size: 5.05116e+06 , standard error: 7.27278e-12 ) 
Thu Aug 29 01:25:38, Info:  "computeNeighboringIntegration" ( per element ): 8.98684e-08 (sample size: 5.05116e+06 , standard error: 7.27278e-12 ) 
Thu Aug 29 01:25:38, Info:  "computeDynamicRupture" (total time): 5261.84 s ( = 1 h 27 min 41.8425 s ) 
Thu Aug 29 01:25:38, Info:  "computeDynamicRupture" ( constant ): 8.00018e-05 (sample size: 3.84416e+06 , standard error: 3.81824e-11 ) 
Thu Aug 29 01:25:38, Info:  "computeDynamicRupture" ( per element ): 4.48506e-07 (sample size: 3.84416e+06 , standard error: 3.81824e-11 ) 
Thu Aug 29 01:25:38, Info:  "computePointSources" (total time): 0 s ( = 0.0000 s ) 
Thu Aug 29 01:25:38, Info:  "computePointSources" ( constant ): -nan (sample size: 0 , standard error: -nan ) 
Thu Aug 29 01:25:38, Info:  "computePointSources" ( per element ): -nan (sample size: 0 , standard error: -nan ) 
Thu Aug 29 01:25:38, Info:  Total time spent in compute kernels: 16073.5 s ( = 4 h 27 min 53.4819 s ) 
Thu Aug 29 01:25:38, Info:  Total calculated HW-FLOP:  10.0674 PFLOP 
Thu Aug 29 01:25:38, Info:  Total calculated NZ-FLOP:  4.0244 PFLOP 
Thu Aug 29 01:25:38, Info:  Total calculated HW-FLOP/s:  9.4354 TFLOP/s 
Thu Aug 29 01:25:38, Info:  Total calculated NZ-FLOP/s:  3.7717 TFLOP/s 
Thu Aug 29 01:25:38, Info:  WP calculated HW-FLOP:  8.3417 PFLOP 
Thu Aug 29 01:25:38, Info:  WP calculated NZ-FLOP:  2.7412 PFLOP 
Thu Aug 29 01:25:38, Info:  DR calculated HW-FLOP:  1.7257 PFLOP 
Thu Aug 29 01:25:38, Info:  DR calculated NZ-FLOP:  1.2832 PFLOP 
Thu Aug 29 01:25:38, Info:  PL calculated HW-FLOP:  0.0000 FLOP 
Thu Aug 29 01:25:38, Info:  PL calculated NZ-FLOP:  0.0000 FLOP 
Thu Aug 29 01:25:38, Info:  Time spent in simulation: 17 min 46.9830 s (min: 17 min 46.9829 s, max: 17 min 46.9838 s)
Thu Aug 29 01:25:38, Info:  Simulation done. 
Thu Aug 29 01:25:38, Info:  Closing IO. 
Thu Aug 29 01:25:39, Info:  Time fault writer backend: 4.4081 s (min: 1.6838 s, max: 24.9466 s)
Thu Aug 29 01:25:39, Info:  Time fault writer frontend: 45.7123 ms (min: 38.6646 ms, max: 53.4362 ms)
Thu Aug 29 01:25:39, Info:  Time free surface writer backend: 703.8467 ms (min: 16.7129 ms, max: 5.9630 s)
Thu Aug 29 01:25:39, Info:  Time free surface writer frontend: 9.3434 ms (min: 412.6050 s, max: 42.4904 ms)
Thu Aug 29 01:25:39, Info:  SeisSol done. Goodbye. 
SeisSol complete.
/hppfs/scratch/01/di35poq/haiti-rupture-outputs/dynamic-rupture-outputs/combined_FL33-regional/jobid_3852562 ~/haiti-rupture-inputs/dynamic-rupture/combined_FL33-regional
Writing hdf5 output with compression enabled (compression_level=4). 
Use --compression=0 if you want to speed-up data extraction.
u1: 0it [00:00, ?it/s]u1: 10it [00:00, 93.45it/s]u1: 20it [00:00, 94.03it/s]u1: 20it [00:00, 93.86it/s]
u2: 0it [00:00, ?it/s]u2: 4it [00:00, 34.76it/s]u2: 14it [00:00, 70.28it/s]u2: 20it [00:00, 72.44it/s]
u3: 0it [00:00, ?it/s]u3: 9it [00:00, 86.04it/s]u3: 19it [00:00, 91.96it/s]u3: 20it [00:00, 91.08it/s]
done writing output_jobid_3852562_extracted-surface.h5
done writing output_jobid_3852562_extracted-surface.xdmf
full path: /hppfs/scratch/01/di35poq/haiti-rupture-outputs/dynamic-rupture-outputs/combined_FL33-regional/jobid_3852562/output_jobid_3852562_extracted-surface.xdmf
Working on JobID: 3852562
No matching file found for jobid 3852562. Assigning output-fault.xdmf instead
/hppfs/scratch/01/di35poq/haiti-rupture-outputs/dynamic-rupture-outputs/combined_FL33-regional/jobid_3852562/output-fault.xdmf
warning: Mw computed over 0-85s (avoiding contribution of small residual moment after rupture)
jobid_3852562 moment magnitude: 5.660956961352463 (M0 = 3.9485e+17)
Finished writing /hppfs/scratch/01/di35poq/haiti-rupture-outputs/dynamic-rupture-outputs/combined_FL33-regional/jobid_3852562/moment_rate_mainshock.png
No matching file found for jobid 3852562. Looking for output-fault.xdmf instead
mu_s: 0.57
mu_d: 0.46
done writing /hppfs/scratch/01/di35poq/haiti-rupture-outputs/dynamic-rupture-outputs/combined_FL33-regional/jobid_3852562/output_jobid_3852562_extracted-fault.xdmf
full path: /hppfs/scratch/01/di35poq/haiti-rupture-outputs/dynamic-rupture-outputs/combined_FL33-regional/jobid_3852562/output_jobid_3852562_extracted-fault.xdmf
done writing /hppfs/scratch/01/di35poq/haiti-rupture-outputs/dynamic-rupture-outputs/combined_FL33-regional/jobid_3852562/output_jobid_3852562_extracted-fault.h5
Job ID set as: 3852562
mu_s: 0.57
mu_d: 0.46
~/haiti-rupture-inputs/dynamic-rupture/combined_FL33-regional
