Fri 13 Sep 2024 09:53:46 PM UTC
num_nodes: 16 ntasks: 16 cpus_per_task:
Line 63 replaced with: OutputFile='/hppfs/scratch/01/di35poq/haiti-rupture-outputs/dynamic-rupture-outputs/variable_SH_max/jobid_3913075'
Job log complete.
Starting SeisSol...
Fri Sep 13 23:53:47, Info:  Using the parameter file parameters.par 
Fri Sep 13 23:53:47, Info:  Reading SeisSol parameter file... 
Fri Sep 13 23:53:47, Info:  In your parameter file, you have specified a non-positive interval for "checkpointinterval" . This mechanism is deprecated and may be removed in a future version of SeisSol. Consider disabling the whole module by setting "checkpoint" to 0 instead by adding "checkpoint = 0" to the "output" section of your parameter file instead. 
Fri Sep 13 23:53:47, Info:  The field "printintervalcriterion" is no longer in use. You may safely remove it from your parameters file. 
Fri Sep 13 23:53:47, Info:  Disabling the wavefield output by setting "outputformat = 10" is deprecated and may be removed in a future version of SeisSol. Consider using the parameter "wavefieldoutput" instead. To disable wavefield output, add "wavefieldoutput = 0" to the "output" section of your parameters file. 
Fri Sep 13 23:53:47, Info:  The field "printintervalcriterion" is no longer in use. You may safely remove it from your parameters file. 
Fri Sep 13 23:53:47, Info:  The field "pickdttype" is no longer in use. You may safely remove it from your parameters file. 
Fri Sep 13 23:53:47, Info:  The field "faultoutputflag" is no longer in use. You may safely remove it from your parameters file. 
Fri Sep 13 23:53:47, Info:  The field "boundaries" is no longer in use. You may safely remove it from your parameters file. 
Fri Sep 13 23:53:47, Info:  SeisSol parameter file read successfully. 
Fri Sep 13 23:53:47, Info:  Model information: 
Fri Sep 13 23:53:47, Info:  Elastic model: yes 
Fri Sep 13 23:53:47, Info:  Viscoelastic model: no 
Fri Sep 13 23:53:47, Info:  Anelastic model: no 
Fri Sep 13 23:53:47, Info:  Poroelastic model: no 
Fri Sep 13 23:53:47, Info:  Anisotropic model: no 
Fri Sep 13 23:53:47, Info:  Plasticity: no 
Fri Sep 13 23:53:47, Info:  Welcome to SeisSol 
Fri Sep 13 23:53:47, Info:  Copyright (c) 2012 - 2024  SeisSol Group 
Fri Sep 13 23:53:47, Info:  Version: v1.1.4-148-g60aedc8c (dirty) 
Fri Sep 13 23:53:47, Info:  Built on: Jun 17 2024 21:03:35 
Fri Sep 13 23:53:47, Info:  Last commit: 60aedc8c2ae0a5d9e5a46cc3a40e4eaf1c047225 at 2024-06-06T12:54:08+00:00 
Fri Sep 13 23:53:47, Info:  Compiled with HOST_ARCH = skx 
Fri Sep 13 23:53:47, Info:  Running on (rank=0): "i01r01c03s01" 
Fri Sep 13 23:53:47, Info:  Using MPI with #ranks: 16 
Fri Sep 13 23:53:47, Info:  Node-wide (shared memory) MPI with #ranks/node: 1 
Fri Sep 13 23:53:47, Info:  Using asynchronous MPI routines. 
Fri Sep 13 23:53:47, Info:  Using OMP with #threads/rank: 94 
Fri Sep 13 23:53:47, Info:  OpenMP worker affinity (this process): "0123456789|0123456789|0123456789|0123456789|0123456-89|0123456789|0123456789|0123456789|0123456789|01234-" 
Fri Sep 13 23:53:47, Info:  OpenMP worker affinity (this node)   : "0123456789|0123456789|0123456789|0123456789|0123456-89|0123456789|0123456789|0123456789|0123456789|01234-" 
Fri Sep 13 23:53:47, Info:  Using a communication thread for advancing MPI communication. 
Fri Sep 13 23:53:47, Info:  Communication thread affinity        : "----------|----------|----------|----------|-------7--|----------|----------|----------|----------|-----5" 
Fri Sep 13 23:53:47, Info:  The stack size ulimit is 2097152 [kiB] ( = 2.0000 GiB ). 
Fri Sep 13 23:53:47, Info:  Begin init mesh. 
Fri Sep 13 23:53:47, Info:  Mesh file: "/dss/dsshome1/01/di35poq/mesh/mesh_v07/Haiti_v07_lowres" 
Fri Sep 13 23:53:47, Info:  Running mini SeisSol to determine node weights. 
Fri Sep 13 23:53:47, Info:  miniSeisSol configured with 50000 elements and 10 repeats per process 
Fri Sep 13 23:53:47, Info:  Node weights: mean = 41.5414  std = 0.306828  min = 40.8071  median = 41.4795  max = 41.9961 
Fri Sep 13 23:53:47, Info:  Reading PUML mesh 
Fri Sep 13 23:53:47, Info:  Inferring boundary format. 
Fri Sep 13 23:53:47, Info:  Boundary format not given in PUML file; inferring from array shape. 
Fri Sep 13 23:53:47, Info:  Using boundary format: i32 (4xi8) 
Fri Sep 13 23:53:47, Info:  Found 2685422 cells 
Fri Sep 13 23:53:47, Info:  Found 477078 vertices 
Fri Sep 13 23:53:49, Info:  Computing LTS weights. 
Fri Sep 13 23:53:52, Info:  Limiting number of clusters to 2147483646 
Fri Sep 13 23:53:52, Info:  Computing LTS weights. Done.  (108216 reductions.)
Fri Sep 13 23:53:52, Info:  Using the Parmetis partition library and strategy. 
Fri Sep 13 23:53:55, Info:  PUML mesh read in: 7.6332 s (min: 7.5704 s, max: 7.7834 s)
Fri Sep 13 23:53:55, Info:  The mesh has been read. Starting post processing. 
Fri Sep 13 23:53:55, Info:  Extracting fault information. 
Fri Sep 13 23:53:55, Info:  Exchanging ghostlayer metadata. 
Fri Sep 13 23:53:57, Info:  Mesh initialized in: 9.6664 s (min: 9.6660 s, max: 9.6672 s)
Fri Sep 13 23:53:57, Info:  End init mesh. 
Fri Sep 13 23:53:57, Info:  Begin init model. 
Fri Sep 13 23:53:57, Info:  Initialize LTS. 
Fri Sep 13 23:53:57, Info:  Deriving clusters ids for min. time step width / multiRate: 0.000213316 / 2 
Fri Sep 13 23:53:57, Info:  Due to wiggle factor of 1 the minimum timestep size is reduced to 0.000213316 
Fri Sep 13 23:53:57, Info:  Number of elements in time clusters: 
Fri Sep 13 23:53:57, Info:  0: 2088 
Fri Sep 13 23:53:57, Info:  1: 265401 
Fri Sep 13 23:53:57, Info:  2: 1618976 
Fri Sep 13 23:53:57, Info:  3: 538212 
Fri Sep 13 23:53:57, Info:  4: 147352 
Fri Sep 13 23:53:57, Info:  5: 35652 
Fri Sep 13 23:53:57, Info:  6: 11329 
Fri Sep 13 23:53:57, Info:  7: 18592 
Fri Sep 13 23:53:57, Info:  8: 47781 
Fri Sep 13 23:53:57, Info:  9: 39 
Fri Sep 13 23:53:57, Info:  maximum theoretical speedup (compared to GTS): 6.4313 per cell LTS, 4.34786 with the used clustering. 
Fri Sep 13 23:53:57, Info:  Number of elements in dynamic rupture time clusters: 
Fri Sep 13 23:53:57, Info:  0 (dr): 618 
Fri Sep 13 23:53:57, Info:  1 (dr): 78804 
Fri Sep 13 23:53:57, Info:  2 (dr): 309936 
Fri Sep 13 23:53:57, Info:  3 (dr): 2510 
Fri Sep 13 23:53:57, Info:  4 (dr): 0 
Fri Sep 13 23:53:57, Info:  5 (dr): 0 
Fri Sep 13 23:53:57, Info:  6 (dr): 0 
Fri Sep 13 23:53:57, Info:  7 (dr): 0 
Fri Sep 13 23:53:57, Info:  8 (dr): 0 
Fri Sep 13 23:53:57, Info:  9 (dr): 0 
Fri Sep 13 23:53:57, Info:  Initialize Friction Model 
Fri Sep 13 23:53:59, Info:  Initialize cell material parameters. 
Fri Sep 13 23:54:00, Info:  Initialize Memory layout. 
Fri Sep 13 23:54:01, Info:  Initialize cell-local matrices. 
Fri Sep 13 23:54:01, Info:  Initializing Fault, using a quadrature rule with  25  points. 
Fri Sep 13 23:56:44, Info:  Model initialized in: 2 min 47.3776 s (min: 2 min 47.3757 s, max: 2 min 47.3809 s)
Fri Sep 13 23:56:44, Info:  End init model. 
Fri Sep 13 23:56:44, Info:  Setting initial conditions. 
Fri Sep 13 23:56:44, Info:  Using initial condition "Zero" . 
Fri Sep 13 23:56:44, Info:  Reading source. 
Fri Sep 13 23:56:44, Info:  No source term specified. 
Fri Sep 13 23:56:44, Info:  Setting up boundary conditions. 
Fri Sep 13 23:56:44, Info:  Begin init output. 
Fri Sep 13 23:56:44, Info:  Initializing free surface integrator. 
Fri Sep 13 23:56:44, Info:  Initializing free surface integrator. Done. 
Fri Sep 13 23:56:44, Info:  Enabling 2D fault output 
Fri Sep 13 23:56:44, Info:  Initializing Fault output. Number of sub-triangles: 4 
Fri Sep 13 23:56:44, Info:  Initializing XDMF fault output. 
Fri Sep 13 23:56:44, Info:  Fault writer thread affinity: "----------|----------|----------|----------|-------7--|----------|----------|----------|----------|-----5" 
Fri Sep 13 23:56:44, Info:  Initializing XDMF fault output. Done. 
Fri Sep 13 23:56:44, Info:  Initializing free surface output. 
Fri Sep 13 23:56:44, Info:  Free surface writer thread affinity: "----------|----------|----------|----------|-------7--|----------|----------|----------|----------|-----5" 
Fri Sep 13 23:56:45, Info:  Initializing free surface output. Done. 
Fri Sep 13 23:56:45, Info:  No record points read. 
Fri Sep 13 23:56:45, Info:  Finding meshIds for receivers... 
Fri Sep 13 23:56:45, Info:  Cleaning possible double occurring receivers for MPI... 
Fri Sep 13 23:56:45, Info:  Mapping receivers to LTS cells... 
Fri Sep 13 23:56:45, Info:  Initializing energy output. 
Fri Sep 13 23:56:45, Info:  End init output. 
Fri Sep 13 23:56:45, Info:  Finishing initialization... 
Fri Sep 13 23:56:45, Info:  Starting simulation. 
Fri Sep 13 23:56:45, Info:  Writing faultoutput at time 0.
Fri Sep 13 23:56:45, Info:  Writing faultoutput at time 0. Done.
Fri Sep 13 23:56:45, Info:  Writing free surface at time 0.
Fri Sep 13 23:56:45, Info:  Writing free surface at time 0. Done.
Fri Sep 13 23:56:45, Info:  Writing energy output at time 0 
Fri Sep 13 23:56:45, Info:  Total momentum (X, Y, Z): 0  , 0  , 0 
Fri Sep 13 23:56:45, Info:  Writing energy output at time 0 Done. 
Fri Sep 13 23:56:45, Info:  Time spent for initial IO: 49.9597 ms (min: 40.9537 ms, max: 68.5518 ms)
Fri Sep 13 23:57:11, Info:  Writing faultoutput at time 0.5.
Fri Sep 13 23:57:11, Info:  Writing faultoutput at time 0.5. Done.
Fri Sep 13 23:57:11, Info:  Writing energy output at time 0.5 
Fri Sep 13 23:57:11, Info:  Elastic energy (total, % kinematic, % potential):  1.41293e+12  , 24.9124  , 75.0876 
Fri Sep 13 23:57:11, Info:  Total momentum (X, Y, Z): 0.00185246  , 0.00113842  , 0.00611994 
Fri Sep 13 23:57:11, Info:  Frictional work (total, % static, % radiated):  1.42944e+12  , 72.8906  , 27.1094 
Fri Sep 13 23:57:11, Info:  Seismic moment (without plasticity): 1.6942e+16  Mw: 4.74931 
Fri Sep 13 23:57:11, Info:  Writing energy output at time 0.5 Done. 
Fri Sep 13 23:57:11, Info:  Time spent this phase (total): 26.6640 s (min: 26.6399 s, max: 26.6832 s)
Fri Sep 13 23:57:11, Info:  Time spent this phase (compute): 26.6140 s (min: 26.5911 s, max: 26.6416 s)
Fri Sep 13 23:57:11, Info:  Time spent this phase (IO): 49.3325 ms (min: 39.3944 ms, max: 74.6270 ms)
Fri Sep 13 23:57:11, Info:  Performance since the start: 9.4392 TFLOP/s (rank 0: 582.2748 GFLOP/s , average over ranks: 589.9493 GFLOP/s ) 
Fri Sep 13 23:57:11, Info:  Performance since last sync point: 9.4392 TFLOP/s (rank 0: 582.2748 GFLOP/s , average over ranks: 589.9493 GFLOP/s ) 
Fri Sep 13 23:57:38, Info:  Writing faultoutput at time 1.
Fri Sep 13 23:57:38, Info:  Writing faultoutput at time 1. Done.
Fri Sep 13 23:57:38, Info:  Writing free surface at time 1.
Fri Sep 13 23:57:38, Info:  Writing free surface at time 1. Done.
Fri Sep 13 23:57:38, Info:  Writing energy output at time 1 
Fri Sep 13 23:57:38, Info:  Elastic energy (total, % kinematic, % potential):  1.07528e+13  , 23.9416  , 76.0584 
Fri Sep 13 23:57:38, Info:  Total momentum (X, Y, Z): 0.366713  , 0.448392  , -0.227246 
Fri Sep 13 23:57:38, Info:  Frictional work (total, % static, % radiated):  1.11272e+13  , 72.3053  , 27.6947 
Fri Sep 13 23:57:38, Info:  Seismic moment (without plasticity): 1.26189e+17  Mw: 5.33068 
Fri Sep 13 23:57:38, Info:  Writing energy output at time 1 Done. 
Fri Sep 13 23:57:38, Info:  Time spent this phase (total): 26.7181 s (min: 26.7072 s, max: 26.7380 s)
Fri Sep 13 23:57:38, Info:  Time spent this phase (compute): 26.7179 s (min: 26.7071 s, max: 26.7379 s)
Fri Sep 13 23:57:38, Info:  Time spent this phase (IO): 50.1212 ms (min: 39.7207 ms, max: 80.2553 ms)
Fri Sep 13 23:57:38, Info:  Performance since the start: 9.4296 TFLOP/s (rank 0: 581.8483 GFLOP/s , average over ranks: 589.3519 GFLOP/s ) 
Fri Sep 13 23:57:38, Info:  Performance since last sync point: 9.4201 TFLOP/s (rank 0: 581.4224 GFLOP/s , average over ranks: 588.7559 GFLOP/s ) 
Fri Sep 13 23:58:05, Info:  Writing faultoutput at time 1.5.
Fri Sep 13 23:58:05, Info:  Writing faultoutput at time 1.5. Done.
Fri Sep 13 23:58:05, Info:  Writing energy output at time 1.5 
Fri Sep 13 23:58:05, Info:  Elastic energy (total, % kinematic, % potential):  3.25019e+13  , 22.696  , 77.304 
Fri Sep 13 23:58:05, Info:  Total momentum (X, Y, Z): -0.32789  , -0.52967  , 0.0184057 
Fri Sep 13 23:58:05, Info:  Frictional work (total, % static, % radiated):  3.3661e+13  , 73.3893  , 26.6107 
Fri Sep 13 23:58:05, Info:  Seismic moment (without plasticity): 3.93649e+17  Mw: 5.66007 
Fri Sep 13 23:58:05, Info:  Writing energy output at time 1.5 Done. 
Fri Sep 13 23:58:05, Info:  Time spent this phase (total): 26.6091 s (min: 26.5875 s, max: 26.6244 s)
Fri Sep 13 23:58:05, Info:  Time spent this phase (compute): 26.6090 s (min: 26.5874 s, max: 26.6243 s)
Fri Sep 13 23:58:05, Info:  Time spent this phase (IO): 47.5527 ms (min: 39.4476 ms, max: 67.5871 ms)
Fri Sep 13 23:58:05, Info:  Performance since the start: 9.4393 TFLOP/s (rank 0: 582.5583 GFLOP/s , average over ranks: 589.9561 GFLOP/s ) 
Fri Sep 13 23:58:05, Info:  Performance since last sync point: 9.4587 TFLOP/s (rank 0: 583.9834 GFLOP/s , average over ranks: 591.1684 GFLOP/s ) 
Fri Sep 13 23:58:31, Info:  Writing faultoutput at time 2.
Fri Sep 13 23:58:31, Info:  Writing faultoutput at time 2. Done.
Fri Sep 13 23:58:31, Info:  Writing free surface at time 2.
Fri Sep 13 23:58:31, Info:  Writing free surface at time 2. Done.
Fri Sep 13 23:58:31, Info:  Writing energy output at time 2 
Fri Sep 13 23:58:31, Info:  Elastic energy (total, % kinematic, % potential):  6.67358e+13  , 20.8456  , 79.1544 
Fri Sep 13 23:58:31, Info:  Total momentum (X, Y, Z): -0.750606  , -0.8262  , -0.620899 
Fri Sep 13 23:58:31, Info:  Frictional work (total, % static, % radiated):  6.90594e+13  , 74.7601  , 25.2399 
Fri Sep 13 23:58:31, Info:  Seismic moment (without plasticity): 8.40823e+17  Mw: 5.8798 
Fri Sep 13 23:58:31, Info:  Writing energy output at time 2 Done. 
Fri Sep 13 23:58:31, Info:  Time spent this phase (total): 26.5370 s (min: 26.4732 s, max: 26.5947 s)
Fri Sep 13 23:58:31, Info:  Time spent this phase (compute): 26.5369 s (min: 26.4732 s, max: 26.5946 s)
Fri Sep 13 23:58:31, Info:  Time spent this phase (IO): 55.7032 ms (min: 39.5585 ms, max: 145.4004 ms)
Fri Sep 13 23:58:31, Info:  Performance since the start: 9.4505 TFLOP/s (rank 0: 583.1330 GFLOP/s , average over ranks: 590.6567 GFLOP/s ) 
Fri Sep 13 23:58:31, Info:  Performance since last sync point: 9.4843 TFLOP/s (rank 0: 584.8642 GFLOP/s , average over ranks: 592.7696 GFLOP/s ) 
Fri Sep 13 23:58:58, Info:  Writing faultoutput at time 2.5.
Fri Sep 13 23:58:58, Info:  Writing faultoutput at time 2.5. Done.
Fri Sep 13 23:58:58, Info:  Writing energy output at time 2.5 
Fri Sep 13 23:58:58, Info:  Elastic energy (total, % kinematic, % potential):  1.08386e+14  , 18.2432  , 81.7568 
Fri Sep 13 23:58:58, Info:  Total momentum (X, Y, Z): -7.56632  , -4.00756  , 7.65633 
Fri Sep 13 23:58:58, Info:  Frictional work (total, % static, % radiated):  1.11663e+14  , 76.6133  , 23.3867 
Fri Sep 13 23:58:58, Info:  Seismic moment (without plasticity): 1.42802e+18  Mw: 6.03316 
Fri Sep 13 23:58:58, Info:  Writing energy output at time 2.5 Done. 
Fri Sep 13 23:58:58, Info:  Time spent this phase (total): 26.6777 s (min: 26.6111 s, max: 26.7553 s)
Fri Sep 13 23:58:58, Info:  Time spent this phase (compute): 26.6776 s (min: 26.6111 s, max: 26.7552 s)
Fri Sep 13 23:58:58, Info:  Time spent this phase (IO): 49.1244 ms (min: 39.4021 ms, max: 72.5176 ms)
Fri Sep 13 23:58:58, Info:  Performance since the start: 9.4473 TFLOP/s (rank 0: 583.0538 GFLOP/s , average over ranks: 590.4552 GFLOP/s ) 
Fri Sep 13 23:58:58, Info:  Performance since last sync point: 9.4344 TFLOP/s (rank 0: 582.7369 GFLOP/s , average over ranks: 589.6529 GFLOP/s ) 
Fri Sep 13 23:59:24, Info:  Writing faultoutput at time 3.
Fri Sep 13 23:59:24, Info:  Writing faultoutput at time 3. Done.
Fri Sep 13 23:59:24, Info:  Writing free surface at time 3.
Fri Sep 13 23:59:24, Info:  Writing free surface at time 3. Done.
Fri Sep 13 23:59:24, Info:  Writing energy output at time 3 
Fri Sep 13 23:59:24, Info:  Elastic energy (total, % kinematic, % potential):  1.52219e+14  , 16.0686  , 83.9314 
Fri Sep 13 23:59:24, Info:  Total momentum (X, Y, Z): -22.8325  , -13.2094  , 25.2526 
Fri Sep 13 23:59:24, Info:  Frictional work (total, % static, % radiated):  1.5606e+14  , 78.2547  , 21.7453 
Fri Sep 13 23:59:24, Info:  Seismic moment (without plasticity): 2.09664e+18  Mw: 6.14435 
Fri Sep 13 23:59:24, Info:  Writing energy output at time 3 Done. 
Fri Sep 13 23:59:24, Info:  Time spent this phase (total): 26.6417 s (min: 26.6285 s, max: 26.6656 s)
Fri Sep 13 23:59:24, Info:  Time spent this phase (compute): 26.6416 s (min: 26.6284 s, max: 26.6655 s)
Fri Sep 13 23:59:24, Info:  Time spent this phase (IO): 49.3815 ms (min: 39.5038 ms, max: 70.7204 ms)
Fri Sep 13 23:59:24, Info:  Performance since the start: 9.4472 TFLOP/s (rank 0: 583.1162 GFLOP/s , average over ranks: 590.4530 GFLOP/s ) 
Fri Sep 13 23:59:24, Info:  Performance since last sync point: 9.4471 TFLOP/s (rank 0: 583.4284 GFLOP/s , average over ranks: 590.4422 GFLOP/s ) 
Fri Sep 13 23:59:51, Info:  Writing faultoutput at time 3.5.
Fri Sep 13 23:59:51, Info:  Writing faultoutput at time 3.5. Done.
Fri Sep 13 23:59:51, Info:  Writing energy output at time 3.5 
Fri Sep 13 23:59:51, Info:  Elastic energy (total, % kinematic, % potential):  1.97387e+14  , 15.0718  , 84.9282 
Fri Sep 13 23:59:51, Info:  Total momentum (X, Y, Z): -42.0197  , -21.1136  , 52.2601 
Fri Sep 13 23:59:51, Info:  Frictional work (total, % static, % radiated):  2.01817e+14  , 79.6563  , 20.3437 
Fri Sep 13 23:59:51, Info:  Seismic moment (without plasticity): 2.84215e+18  Mw: 6.23243 
Fri Sep 13 23:59:51, Info:  Writing energy output at time 3.5 Done. 
Fri Sep 13 23:59:51, Info:  Time spent this phase (total): 26.6605 s (min: 26.6264 s, max: 26.6758 s)
Fri Sep 13 23:59:51, Info:  Time spent this phase (compute): 26.6604 s (min: 26.6264 s, max: 26.6758 s)
Fri Sep 13 23:59:51, Info:  Time spent this phase (IO): 47.6108 ms (min: 39.4052 ms, max: 72.8200 ms)
Fri Sep 13 23:59:51, Info:  Performance since the start: 9.4463 TFLOP/s (rank 0: 583.0289 GFLOP/s , average over ranks: 590.3924 GFLOP/s ) 
Fri Sep 13 23:59:51, Info:  Performance since last sync point: 9.4405 TFLOP/s (rank 0: 582.5056 GFLOP/s , average over ranks: 590.0295 GFLOP/s ) 
Sat Sep 14 00:00:18, Info:  Writing faultoutput at time 4.
Sat Sep 14 00:00:18, Info:  Writing faultoutput at time 4. Done.
Sat Sep 14 00:00:18, Info:  Writing free surface at time 4.
Sat Sep 14 00:00:18, Info:  Writing free surface at time 4. Done.
Sat Sep 14 00:00:18, Info:  Writing energy output at time 4 
Sat Sep 14 00:00:27, Info:  Elastic energy (total, % kinematic, % potential):  2.44939e+14  , 14.4171  , 85.5829 
Sat Sep 14 00:00:27, Info:  Total momentum (X, Y, Z): -69.0153  , -31.5297  , 83.2781 
Sat Sep 14 00:00:27, Info:  Frictional work (total, % static, % radiated):  2.4989e+14  , 80.3783  , 19.6217 
Sat Sep 14 00:00:27, Info:  Seismic moment (without plasticity): 3.6639e+18  Mw: 6.30596 
Sat Sep 14 00:00:27, Info:  Writing energy output at time 4 Done. 
Sat Sep 14 00:00:27, Info:  Time spent this phase (total): 28.0797 s (min: 26.9298 s, max: 36.0646 s)
Sat Sep 14 00:00:27, Info:  Time spent this phase (compute): 28.0796 s (min: 26.9297 s, max: 36.0646 s)
Sat Sep 14 00:00:27, Info:  Time spent this phase (IO): 1.1885 s (min: 39.5216 ms, max: 9.1660 s)
Sat Sep 14 00:00:27, Info:  Performance since the start: 9.3855 TFLOP/s (rank 0: 558.4532 GFLOP/s , average over ranks: 586.5948 GFLOP/s ) 
Sat Sep 14 00:00:27, Info:  Performance since last sync point: 9.0509 TFLOP/s (rank 0: 431.2174 GFLOP/s , average over ranks: 565.6820 GFLOP/s ) 
Sat Sep 14 00:00:54, Info:  Writing faultoutput at time 4.5.
Sat Sep 14 00:00:54, Info:  Writing faultoutput at time 4.5. Done.
Sat Sep 14 00:00:54, Info:  Writing energy output at time 4.5 
Sat Sep 14 00:00:55, Info:  Elastic energy (total, % kinematic, % potential):  2.95044e+14  , 14.0832  , 85.9168 
Sat Sep 14 00:00:55, Info:  Total momentum (X, Y, Z): -63.0645  , 0.490234  , 112.732 
Sat Sep 14 00:00:55, Info:  Frictional work (total, % static, % radiated):  3.00696e+14  , 80.841  , 19.159 
Sat Sep 14 00:00:55, Info:  Seismic moment (without plasticity): 4.57337e+18  Mw: 6.37016 
Sat Sep 14 00:00:55, Info:  Writing energy output at time 4.5 Done. 
Sat Sep 14 00:00:55, Info:  Time spent this phase (total): 35.3301 s (min: 27.3521 s, max: 36.5064 s)
Sat Sep 14 00:00:55, Info:  Time spent this phase (compute): 35.3300 s (min: 27.3521 s, max: 36.5064 s)
Sat Sep 14 00:00:55, Info:  Time spent this phase (IO): 48.7509 ms (min: 39.3408 ms, max: 68.5851 ms)
Sat Sep 14 00:00:55, Info:  Performance since the start: 9.0637 TFLOP/s (rank 0: 559.4808 GFLOP/s , average over ranks: 566.4808 GFLOP/s ) 
Sat Sep 14 00:00:55, Info:  Performance since last sync point: 7.1849 TFLOP/s (rank 0: 567.8399 GFLOP/s , average over ranks: 449.0538 GFLOP/s ) 
Sat Sep 14 00:01:22, Info:  Writing faultoutput at time 5.
Sat Sep 14 00:01:22, Info:  Writing faultoutput at time 5. Done.
Sat Sep 14 00:01:22, Info:  Writing free surface at time 5.
Sat Sep 14 00:01:22, Info:  Writing free surface at time 5. Done.
Sat Sep 14 00:01:22, Info:  Writing energy output at time 5 
Sat Sep 14 00:01:22, Info:  Elastic energy (total, % kinematic, % potential):  3.48865e+14  , 13.7338  , 86.2662 
Sat Sep 14 00:01:22, Info:  Total momentum (X, Y, Z): -77.7676  , 84.9119  , -103.615 
Sat Sep 14 00:01:22, Info:  Frictional work (total, % static, % radiated):  3.55476e+14  , 81.0912  , 18.9088 
Sat Sep 14 00:01:22, Info:  Seismic moment (without plasticity): 5.59676e+18  Mw: 6.42862 
Sat Sep 14 00:01:22, Info:  Writing energy output at time 5 Done. 
Sat Sep 14 00:01:22, Info:  Time spent this phase (total): 27.5697 s (min: 27.5142 s, max: 27.6170 s)
Sat Sep 14 00:01:22, Info:  Time spent this phase (compute): 27.5696 s (min: 27.5141 s, max: 27.6169 s)
Sat Sep 14 00:01:22, Info:  Time spent this phase (IO): 51.2421 ms (min: 39.5311 ms, max: 97.4660 ms)
Sat Sep 14 00:01:22, Info:  Performance since the start: 9.0702 TFLOP/s (rank 0: 559.7966 GFLOP/s , average over ranks: 566.8873 GFLOP/s ) 
Sat Sep 14 00:01:22, Info:  Performance since last sync point: 9.1292 TFLOP/s (rank 0: 562.6550 GFLOP/s , average over ranks: 570.5733 GFLOP/s ) 
Sat Sep 14 00:01:51, Info:  Writing faultoutput at time 5.5.
Sat Sep 14 00:01:51, Info:  Writing faultoutput at time 5.5. Done.
Sat Sep 14 00:01:51, Info:  Writing energy output at time 5.5 
Sat Sep 14 00:01:51, Info:  Elastic energy (total, % kinematic, % potential):  4.06143e+14  , 13.3928  , 86.6072 
Sat Sep 14 00:01:51, Info:  Total momentum (X, Y, Z): 118.246  , -57.6737  , 711.385 
Sat Sep 14 00:01:51, Info:  Frictional work (total, % static, % radiated):  4.13905e+14  , 81.2581  , 18.7419 
Sat Sep 14 00:01:51, Info:  Seismic moment (without plasticity): 6.73989e+18  Mw: 6.48244 
Sat Sep 14 00:01:51, Info:  Writing energy output at time 5.5 Done. 
Sat Sep 14 00:01:51, Info:  Time spent this phase (total): 29.0841 s (min: 29.0700 s, max: 29.0961 s)
Sat Sep 14 00:01:51, Info:  Time spent this phase (compute): 29.0840 s (min: 29.0695 s, max: 29.0960 s)
Sat Sep 14 00:01:51, Info:  Time spent this phase (IO): 49.7919 ms (min: 39.3619 ms, max: 79.0941 ms)
Sat Sep 14 00:01:51, Info:  Performance since the start: 9.0307 TFLOP/s (rank 0: 557.3951 GFLOP/s , average over ranks: 564.4180 GFLOP/s ) 
Sat Sep 14 00:01:51, Info:  Performance since last sync point: 8.6537 TFLOP/s (rank 0: 534.4667 GFLOP/s , average over ranks: 540.8592 GFLOP/s ) 
Sat Sep 14 00:02:19, Info:  Writing faultoutput at time 6.
Sat Sep 14 00:02:19, Info:  Writing faultoutput at time 6. Done.
Sat Sep 14 00:02:19, Info:  Writing free surface at time 6.
Sat Sep 14 00:02:19, Info:  Writing free surface at time 6. Done.
Sat Sep 14 00:02:19, Info:  Writing energy output at time 6 
Sat Sep 14 00:02:19, Info:  Elastic energy (total, % kinematic, % potential):  4.66753e+14  , 13.0753  , 86.9247 
Sat Sep 14 00:02:19, Info:  Total momentum (X, Y, Z): -573.236  , 690.852  , -163.602 
Sat Sep 14 00:02:19, Info:  Frictional work (total, % static, % radiated):  4.75815e+14  , 81.3159  , 18.6841 
Sat Sep 14 00:02:19, Info:  Seismic moment (without plasticity): 8.01e+18  Mw: 6.53242 
Sat Sep 14 00:02:19, Info:  Writing energy output at time 6 Done. 
Sat Sep 14 00:02:19, Info:  Time spent this phase (total): 27.6010 s (min: 27.5937 s, max: 27.6080 s)
Sat Sep 14 00:02:19, Info:  Time spent this phase (compute): 27.6009 s (min: 27.5936 s, max: 27.6080 s)
Sat Sep 14 00:02:19, Info:  Time spent this phase (IO): 50.2955 ms (min: 39.5731 ms, max: 78.1003 ms)
Sat Sep 14 00:02:19, Info:  Performance since the start: 9.0380 TFLOP/s (rank 0: 557.8574 GFLOP/s , average over ranks: 564.8726 GFLOP/s ) 
Sat Sep 14 00:02:19, Info:  Performance since last sync point: 9.1187 TFLOP/s (rank 0: 562.9941 GFLOP/s , average over ranks: 569.9211 GFLOP/s ) 
Sat Sep 14 00:02:47, Info:  Writing faultoutput at time 6.5.
Sat Sep 14 00:02:47, Info:  Writing faultoutput at time 6.5. Done.
Sat Sep 14 00:02:47, Info:  Writing energy output at time 6.5 
Sat Sep 14 00:02:47, Info:  Elastic energy (total, % kinematic, % potential):  5.27439e+14  , 12.5612  , 87.4388 
Sat Sep 14 00:02:47, Info:  Total momentum (X, Y, Z): 2207.55  , -1240.79  , -6396.06 
Sat Sep 14 00:02:47, Info:  Frictional work (total, % static, % radiated):  5.37924e+14  , 81.5067  , 18.4933 
Sat Sep 14 00:02:47, Info:  Seismic moment (without plasticity): 9.3806e+18  Mw: 6.57815 
Sat Sep 14 00:02:47, Info:  Writing energy output at time 6.5 Done. 
Sat Sep 14 00:02:47, Info:  Time spent this phase (total): 28.5981 s (min: 28.5928 s, max: 28.6016 s)
Sat Sep 14 00:02:47, Info:  Time spent this phase (compute): 28.5981 s (min: 28.5927 s, max: 28.6016 s)
Sat Sep 14 00:02:47, Info:  Time spent this phase (IO): 49.1786 ms (min: 39.4206 ms, max: 76.5537 ms)
Sat Sep 14 00:02:47, Info:  Performance since the start: 9.0193 TFLOP/s (rank 0: 556.7074 GFLOP/s , average over ranks: 563.7040 GFLOP/s ) 
Sat Sep 14 00:02:47, Info:  Performance since last sync point: 8.8008 TFLOP/s (rank 0: 543.2678 GFLOP/s , average over ranks: 550.0498 GFLOP/s ) 
Sat Sep 14 00:03:16, Info:  Writing faultoutput at time 7.
Sat Sep 14 00:03:16, Info:  Writing faultoutput at time 7. Done.
Sat Sep 14 00:03:16, Info:  Writing free surface at time 7.
Sat Sep 14 00:03:16, Info:  Writing free surface at time 7. Done.
Sat Sep 14 00:03:16, Info:  Writing energy output at time 7 
Sat Sep 14 00:03:16, Info:  Elastic energy (total, % kinematic, % potential):  5.88426e+14  , 12.1231  , 87.8769 
Sat Sep 14 00:03:16, Info:  Total momentum (X, Y, Z): -7365.88  , 5003.95  , 31581.3 
Sat Sep 14 00:03:16, Info:  Frictional work (total, % static, % radiated):  5.99777e+14  , 81.8876  , 18.1124 
Sat Sep 14 00:03:16, Info:  Seismic moment (without plasticity): 1.0853e+19  Mw: 6.62037 
Sat Sep 14 00:03:16, Info:  Writing energy output at time 7 Done. 
Sat Sep 14 00:03:16, Info:  Time spent this phase (total): 28.3474 s (min: 28.3417 s, max: 28.3548 s)
Sat Sep 14 00:03:16, Info:  Time spent this phase (compute): 28.3473 s (min: 28.3416 s, max: 28.3548 s)
Sat Sep 14 00:03:16, Info:  Time spent this phase (IO): 51.1213 ms (min: 39.5054 ms, max: 81.3982 ms)
Sat Sep 14 00:03:16, Info:  Performance since the start: 9.0091 TFLOP/s (rank 0: 556.0794 GFLOP/s , average over ranks: 563.0671 GFLOP/s ) 
Sat Sep 14 00:03:16, Info:  Performance since last sync point: 8.8787 TFLOP/s (rank 0: 548.0422 GFLOP/s , average over ranks: 554.9162 GFLOP/s ) 
Sat Sep 14 00:03:43, Info:  Writing faultoutput at time 7.5.
Sat Sep 14 00:03:43, Info:  Writing faultoutput at time 7.5. Done.
Sat Sep 14 00:03:43, Info:  Writing energy output at time 7.5 
Sat Sep 14 00:03:43, Info:  Elastic energy (total, % kinematic, % potential):  6.51547e+14  , 11.8688  , 88.1312 
Sat Sep 14 00:03:43, Info:  Total momentum (X, Y, Z): 22879.6  , -16376.3  , -71591.1 
Sat Sep 14 00:03:43, Info:  Frictional work (total, % static, % radiated):  6.64397e+14  , 82.2026  , 17.7974 
Sat Sep 14 00:03:43, Info:  Seismic moment (without plasticity): 1.24329e+19  Mw: 6.65971 
Sat Sep 14 00:03:43, Info:  Writing energy output at time 7.5 Done. 
Sat Sep 14 00:03:43, Info:  Time spent this phase (total): 27.0901 s (min: 27.0681 s, max: 27.1026 s)
Sat Sep 14 00:03:43, Info:  Time spent this phase (compute): 27.0897 s (min: 27.0681 s, max: 27.1026 s)
Sat Sep 14 00:03:43, Info:  Time spent this phase (IO): 48.8337 ms (min: 39.4185 ms, max: 68.2008 ms)
Sat Sep 14 00:03:43, Info:  Performance since the start: 9.0273 TFLOP/s (rank 0: 557.2261 GFLOP/s , average over ranks: 564.2073 GFLOP/s ) 
Sat Sep 14 00:03:43, Info:  Performance since last sync point: 9.2907 TFLOP/s (rank 0: 573.7908 GFLOP/s , average over ranks: 580.6692 GFLOP/s ) 
Sat Sep 14 00:04:09, Info:  Writing faultoutput at time 8.
Sat Sep 14 00:04:09, Info:  Writing faultoutput at time 8. Done.
Sat Sep 14 00:04:09, Info:  Writing free surface at time 8.
Sat Sep 14 00:04:09, Info:  Writing free surface at time 8. Done.
Sat Sep 14 00:04:09, Info:  Writing energy output at time 8 
Sat Sep 14 00:04:10, Info:  Elastic energy (total, % kinematic, % potential):  7.19899e+14  , 11.86  , 88.14 
Sat Sep 14 00:04:10, Info:  Total momentum (X, Y, Z): -57003.3  , 50703  , -10153.8 
Sat Sep 14 00:04:10, Info:  Frictional work (total, % static, % radiated):  7.34554e+14  , 82.4046  , 17.5954 
Sat Sep 14 00:04:10, Info:  Seismic moment (without plasticity): 1.41424e+19  Mw: 6.69702 
Sat Sep 14 00:04:10, Info:  Writing energy output at time 8 Done. 
Sat Sep 14 00:04:10, Info:  Time spent this phase (total): 26.6978 s (min: 26.6502 s, max: 26.7426 s)
Sat Sep 14 00:04:10, Info:  Time spent this phase (compute): 26.6977 s (min: 26.6502 s, max: 26.7426 s)
Sat Sep 14 00:04:10, Info:  Time spent this phase (IO): 51.6368 ms (min: 39.6309 ms, max: 70.9148 ms)
Sat Sep 14 00:04:10, Info:  Performance since the start: 9.0513 TFLOP/s (rank 0: 558.7088 GFLOP/s , average over ranks: 565.7070 GFLOP/s ) 
Sat Sep 14 00:04:10, Info:  Performance since last sync point: 9.4272 TFLOP/s (rank 0: 581.9364 GFLOP/s , average over ranks: 589.1992 GFLOP/s ) 
Sat Sep 14 00:04:36, Info:  Writing faultoutput at time 8.5.
Sat Sep 14 00:04:36, Info:  Writing faultoutput at time 8.5. Done.
Sat Sep 14 00:04:36, Info:  Writing energy output at time 8.5 
Sat Sep 14 00:04:36, Info:  Elastic energy (total, % kinematic, % potential):  7.97005e+14  , 11.9588  , 88.0412 
Sat Sep 14 00:04:36, Info:  Total momentum (X, Y, Z): 111151  , -107144  , 769998 
Sat Sep 14 00:04:36, Info:  Frictional work (total, % static, % radiated):  8.13776e+14  , 82.2439  , 17.7561 
Sat Sep 14 00:04:36, Info:  Seismic moment (without plasticity): 1.59338e+19  Mw: 6.73155 
Sat Sep 14 00:04:36, Info:  Writing energy output at time 8.5 Done. 
Sat Sep 14 00:04:36, Info:  Time spent this phase (total): 26.5001 s (min: 26.4714 s, max: 26.5326 s)
Sat Sep 14 00:04:36, Info:  Time spent this phase (compute): 26.5000 s (min: 26.4714 s, max: 26.5326 s)
Sat Sep 14 00:04:36, Info:  Time spent this phase (IO): 47.7943 ms (min: 39.4470 ms, max: 66.1457 ms)
Sat Sep 14 00:04:36, Info:  Performance since the start: 9.0764 TFLOP/s (rank 0: 560.2788 GFLOP/s , average over ranks: 567.2749 GFLOP/s ) 
Sat Sep 14 00:04:36, Info:  Performance since last sync point: 9.4976 TFLOP/s (rank 0: 586.6546 GFLOP/s , average over ranks: 593.5995 GFLOP/s ) 
Sat Sep 14 00:05:03, Info:  Writing faultoutput at time 9.
Sat Sep 14 00:05:03, Info:  Writing faultoutput at time 9. Done.
Sat Sep 14 00:05:03, Info:  Writing free surface at time 9.
Sat Sep 14 00:05:03, Info:  Writing free surface at time 9. Done.
Sat Sep 14 00:05:03, Info:  Writing energy output at time 9 
Sat Sep 14 00:05:03, Info:  Elastic energy (total, % kinematic, % potential):  8.84289e+14  , 12.285  , 87.715 
Sat Sep 14 00:05:03, Info:  Total momentum (X, Y, Z): -143134  , 145606  , -3.62662e+06 
Sat Sep 14 00:05:03, Info:  Frictional work (total, % static, % radiated):  9.03965e+14  , 81.6733  , 18.3267 
Sat Sep 14 00:05:03, Info:  Seismic moment (without plasticity): 1.7768e+19  Mw: 6.76309 
Sat Sep 14 00:05:03, Info:  Writing energy output at time 9 Done. 
Sat Sep 14 00:05:03, Info:  Time spent this phase (total): 26.5926 s (min: 26.5757 s, max: 26.6110 s)
Sat Sep 14 00:05:03, Info:  Time spent this phase (compute): 26.5925 s (min: 26.5757 s, max: 26.6109 s)
Sat Sep 14 00:05:03, Info:  Time spent this phase (IO): 53.6351 ms (min: 39.5264 ms, max: 68.3992 ms)
Sat Sep 14 00:05:03, Info:  Performance since the start: 9.0971 TFLOP/s (rank 0: 561.5400 GFLOP/s , average over ranks: 568.5703 GFLOP/s ) 
Sat Sep 14 00:05:03, Info:  Performance since last sync point: 9.4645 TFLOP/s (rank 0: 583.8839 GFLOP/s , average over ranks: 591.5333 GFLOP/s ) 
Sat Sep 14 00:05:29, Info:  Writing faultoutput at time 9.5.
Sat Sep 14 00:05:29, Info:  Writing faultoutput at time 9.5. Done.
Sat Sep 14 00:05:29, Info:  Writing energy output at time 9.5 
Sat Sep 14 00:05:30, Info:  Elastic energy (total, % kinematic, % potential):  9.77195e+14  , 12.597  , 87.403 
Sat Sep 14 00:05:30, Info:  Total momentum (X, Y, Z): 220.344  , -135130  , 1.06342e+07 
Sat Sep 14 00:05:30, Info:  Frictional work (total, % static, % radiated):  9.99222e+14  , 80.9653  , 19.0347 
Sat Sep 14 00:05:30, Info:  Seismic moment (without plasticity): 1.96401e+19  Mw: 6.7921 
Sat Sep 14 00:05:30, Info:  Writing energy output at time 9.5 Done. 
Sat Sep 14 00:05:30, Info:  Time spent this phase (total): 26.7238 s (min: 26.5199 s, max: 27.5401 s)
Sat Sep 14 00:05:30, Info:  Time spent this phase (compute): 26.7237 s (min: 26.5198 s, max: 27.5401 s)
Sat Sep 14 00:05:30, Info:  Time spent this phase (IO): 229.9536 ms (min: 39.4377 ms, max: 1.0260 s)
Sat Sep 14 00:05:30, Info:  Performance since the start: 9.1135 TFLOP/s (rank 0: 561.7272 GFLOP/s , average over ranks: 569.5935 GFLOP/s ) 
Sat Sep 14 00:05:30, Info:  Performance since last sync point: 9.4204 TFLOP/s (rank 0: 565.1180 GFLOP/s , average over ranks: 588.7724 GFLOP/s ) 
Sat Sep 14 00:05:57, Info:  Writing faultoutput at time 10.
Sat Sep 14 00:05:57, Info:  Writing faultoutput at time 10. Done.
Sat Sep 14 00:05:57, Info:  Writing free surface at time 10.
Sat Sep 14 00:05:57, Info:  Writing free surface at time 10. Done.
Sat Sep 14 00:05:57, Info:  Wrote receivers in 3.23e-07 seconds. 
Sat Sep 14 00:05:57, Info:  Writing energy output at time 10 
Sat Sep 14 00:05:57, Info:  Elastic energy (total, % kinematic, % potential):  1.06748e+15  , 12.6783  , 87.3217 
Sat Sep 14 00:05:57, Info:  Total momentum (X, Y, Z): 812674  , 272310  , -1.88867e+07 
Sat Sep 14 00:05:57, Info:  Frictional work (total, % static, % radiated):  1.09181e+15  , 80.3336  , 19.6664 
Sat Sep 14 00:05:57, Info:  Seismic moment (without plasticity): 2.15313e+19  Mw: 6.81871 
Sat Sep 14 00:05:57, Info:  Writing energy output at time 10 Done. 
Sat Sep 14 00:05:57, Info:  Time spent this phase (total): 27.4474 s (min: 26.6565 s, max: 27.6606 s)
Sat Sep 14 00:05:57, Info:  Time spent this phase (compute): 27.4474 s (min: 26.6565 s, max: 27.6606 s)
Sat Sep 14 00:05:57, Info:  Time spent this phase (IO): 50.3975 ms (min: 39.6224 ms, max: 73.2155 ms)
Sat Sep 14 00:05:57, Info:  Performance since the start: 9.1163 TFLOP/s (rank 0: 562.7267 GFLOP/s , average over ranks: 569.7669 GFLOP/s ) 
Sat Sep 14 00:05:57, Info:  Performance since last sync point: 9.1711 TFLOP/s (rank 0: 582.4173 GFLOP/s , average over ranks: 573.1947 GFLOP/s ) 
Sat Sep 14 00:06:24, Info:  Writing faultoutput at time 10.5.
Sat Sep 14 00:06:24, Info:  Writing faultoutput at time 10.5. Done.
Sat Sep 14 00:06:24, Info:  Writing energy output at time 10.5 
Sat Sep 14 00:06:24, Info:  Elastic energy (total, % kinematic, % potential):  1.15141e+15  , 12.4633  , 87.5367 
Sat Sep 14 00:06:24, Info:  Total momentum (X, Y, Z): -3.1991e+06  , -189614  , -5.95098e+06 
Sat Sep 14 00:06:24, Info:  Frictional work (total, % static, % radiated):  1.17781e+15  , 79.832  , 20.168 
Sat Sep 14 00:06:24, Info:  Seismic moment (without plasticity): 2.33949e+19  Mw: 6.84275 
Sat Sep 14 00:06:24, Info:  Writing energy output at time 10.5 Done. 
Sat Sep 14 00:06:24, Info:  Time spent this phase (total): 26.8363 s (min: 26.7964 s, max: 26.9018 s)
Sat Sep 14 00:06:24, Info:  Time spent this phase (compute): 26.8362 s (min: 26.7964 s, max: 26.9017 s)
Sat Sep 14 00:06:24, Info:  Time spent this phase (IO): 50.7597 ms (min: 39.4008 ms, max: 82.7622 ms)
Sat Sep 14 00:06:24, Info:  Performance since the start: 9.1284 TFLOP/s (rank 0: 563.4851 GFLOP/s , average over ranks: 570.5266 GFLOP/s ) 
Sat Sep 14 00:06:24, Info:  Performance since last sync point: 9.3785 TFLOP/s (rank 0: 579.0931 GFLOP/s , average over ranks: 586.1587 GFLOP/s ) 
Sat Sep 14 00:06:50, Info:  Writing faultoutput at time 11.
Sat Sep 14 00:06:50, Info:  Writing faultoutput at time 11. Done.
Sat Sep 14 00:06:50, Info:  Writing free surface at time 11.
Sat Sep 14 00:06:50, Info:  Writing free surface at time 11. Done.
Sat Sep 14 00:06:50, Info:  Writing energy output at time 11 
Sat Sep 14 00:06:50, Info:  Elastic energy (total, % kinematic, % potential):  1.2265e+15  , 12.0146  , 87.9854 
Sat Sep 14 00:06:50, Info:  Total momentum (X, Y, Z): 6.44132e+06  , -4.20045e+06  , 1.66364e+08 
Sat Sep 14 00:06:50, Info:  Frictional work (total, % static, % radiated):  1.25439e+15  , 79.5884  , 20.4116 
Sat Sep 14 00:06:50, Info:  Seismic moment (without plasticity): 2.52143e+19  Mw: 6.86443 
Sat Sep 14 00:06:50, Info:  Writing energy output at time 11 Done. 
Sat Sep 14 00:06:50, Info:  Time spent this phase (total): 26.6878 s (min: 26.6206 s, max: 26.7285 s)
Sat Sep 14 00:06:50, Info:  Time spent this phase (compute): 26.6877 s (min: 26.6205 s, max: 26.7284 s)
Sat Sep 14 00:06:50, Info:  Time spent this phase (IO): 50.5084 ms (min: 39.7341 ms, max: 73.9294 ms)
Sat Sep 14 00:06:50, Info:  Performance since the start: 9.1418 TFLOP/s (rank 0: 564.3014 GFLOP/s , average over ranks: 571.3594 GFLOP/s ) 
Sat Sep 14 00:06:50, Info:  Performance since last sync point: 9.4309 TFLOP/s (rank 0: 582.0093 GFLOP/s , average over ranks: 589.4291 GFLOP/s ) 
Sat Sep 14 00:07:17, Info:  Writing faultoutput at time 11.5.
Sat Sep 14 00:07:17, Info:  Writing faultoutput at time 11.5. Done.
Sat Sep 14 00:07:17, Info:  Writing energy output at time 11.5 
Sat Sep 14 00:07:17, Info:  Elastic energy (total, % kinematic, % potential):  1.29507e+15  , 11.4434  , 88.5566 
Sat Sep 14 00:07:17, Info:  Total momentum (X, Y, Z): -2.05906e+06  , 1.89919e+07  , -4.56907e+08 
Sat Sep 14 00:07:17, Info:  Frictional work (total, % static, % radiated):  1.32442e+15  , 79.404  , 20.596 
Sat Sep 14 00:07:17, Info:  Seismic moment (without plasticity): 2.69806e+19  Mw: 6.88403 
Sat Sep 14 00:07:17, Info:  Writing energy output at time 11.5 Done. 
Sat Sep 14 00:07:17, Info:  Time spent this phase (total): 26.6648 s (min: 26.6610 s, max: 26.6667 s)
Sat Sep 14 00:07:17, Info:  Time spent this phase (compute): 26.6647 s (min: 26.6610 s, max: 26.6667 s)
Sat Sep 14 00:07:17, Info:  Time spent this phase (IO): 49.4732 ms (min: 39.4236 ms, max: 72.3932 ms)
Sat Sep 14 00:07:17, Info:  Performance since the start: 9.1543 TFLOP/s (rank 0: 565.0775 GFLOP/s , average over ranks: 572.1425 GFLOP/s ) 
Sat Sep 14 00:07:17, Info:  Performance since last sync point: 9.4389 TFLOP/s (rank 0: 582.7089 GFLOP/s , average over ranks: 589.9315 GFLOP/s ) 
Sat Sep 14 00:07:44, Info:  Writing faultoutput at time 12.
Sat Sep 14 00:07:44, Info:  Writing faultoutput at time 12. Done.
Sat Sep 14 00:07:44, Info:  Writing free surface at time 12.
Sat Sep 14 00:07:44, Info:  Writing free surface at time 12. Done.
Sat Sep 14 00:07:44, Info:  Writing energy output at time 12 
Sat Sep 14 00:07:44, Info:  Elastic energy (total, % kinematic, % potential):  1.35751e+15  , 10.8737  , 89.1263 
Sat Sep 14 00:07:44, Info:  Total momentum (X, Y, Z): -2.29883e+07  , -3.05868e+07  , 1.15778e+08 
Sat Sep 14 00:07:44, Info:  Frictional work (total, % static, % radiated):  1.38828e+15  , 79.3418  , 20.6582 
Sat Sep 14 00:07:44, Info:  Seismic moment (without plasticity): 2.87132e+19  Mw: 6.90205 
Sat Sep 14 00:07:44, Info:  Writing energy output at time 12 Done. 
Sat Sep 14 00:07:44, Info:  Time spent this phase (total): 26.5935 s (min: 26.5913 s, max: 26.5973 s)
Sat Sep 14 00:07:44, Info:  Time spent this phase (compute): 26.5934 s (min: 26.5912 s, max: 26.5972 s)
Sat Sep 14 00:07:44, Info:  Time spent this phase (IO): 50.3439 ms (min: 39.5526 ms, max: 73.7234 ms)
Sat Sep 14 00:07:44, Info:  Performance since the start: 9.1668 TFLOP/s (rank 0: 565.8492 GFLOP/s , average over ranks: 572.9243 GFLOP/s ) 
Sat Sep 14 00:07:44, Info:  Performance since last sync point: 9.4642 TFLOP/s (rank 0: 584.1980 GFLOP/s , average over ranks: 591.5126 GFLOP/s ) 
Sat Sep 14 00:08:10, Info:  Writing faultoutput at time 12.5.
Sat Sep 14 00:08:10, Info:  Writing faultoutput at time 12.5. Done.
Sat Sep 14 00:08:10, Info:  Writing energy output at time 12.5 
Sat Sep 14 00:08:10, Info:  Elastic energy (total, % kinematic, % potential):  1.41446e+15  , 10.3037  , 89.6963 
Sat Sep 14 00:08:10, Info:  Total momentum (X, Y, Z): 5.25426e+07  , -1.52647e+07  , 2.2088e+09 
Sat Sep 14 00:08:10, Info:  Frictional work (total, % static, % radiated):  1.44682e+15  , 79.3846  , 20.6154 
Sat Sep 14 00:08:10, Info:  Seismic moment (without plasticity): 3.04061e+19  Mw: 6.91864 
Sat Sep 14 00:08:10, Info:  Writing energy output at time 12.5 Done. 
Sat Sep 14 00:08:10, Info:  Time spent this phase (total): 26.5995 s (min: 26.5617 s, max: 26.6807 s)
Sat Sep 14 00:08:10, Info:  Time spent this phase (compute): 26.5994 s (min: 26.5616 s, max: 26.6806 s)
Sat Sep 14 00:08:10, Info:  Time spent this phase (IO): 51.8575 ms (min: 39.4284 ms, max: 97.6636 ms)
Sat Sep 14 00:08:10, Info:  Performance since the start: 9.1782 TFLOP/s (rank 0: 566.5518 GFLOP/s , average over ranks: 573.6401 GFLOP/s ) 
Sat Sep 14 00:08:10, Info:  Performance since last sync point: 9.4620 TFLOP/s (rank 0: 583.9541 GFLOP/s , average over ranks: 591.3755 GFLOP/s ) 
Sat Sep 14 00:08:37, Info:  Writing faultoutput at time 13.
Sat Sep 14 00:08:37, Info:  Writing faultoutput at time 13. Done.
Sat Sep 14 00:08:37, Info:  Writing free surface at time 13.
Sat Sep 14 00:08:37, Info:  Writing free surface at time 13. Done.
Sat Sep 14 00:08:37, Info:  Writing energy output at time 13 
Sat Sep 14 00:08:37, Info:  Elastic energy (total, % kinematic, % potential):  1.46788e+15  , 9.71855  , 90.2814 
Sat Sep 14 00:08:37, Info:  Total momentum (X, Y, Z): -1.48126e+07  , 1.46116e+08  , -3.61867e+09 
Sat Sep 14 00:08:37, Info:  Frictional work (total, % static, % radiated):  1.50149e+15  , 79.5274  , 20.4726 
Sat Sep 14 00:08:37, Info:  Seismic moment (without plasticity): 3.20729e+19  Mw: 6.93409 
Sat Sep 14 00:08:37, Info:  Writing energy output at time 13 Done. 
Sat Sep 14 00:08:37, Info:  Time spent this phase (total): 26.6253 s (min: 26.5819 s, max: 26.6471 s)
Sat Sep 14 00:08:37, Info:  Time spent this phase (compute): 26.6252 s (min: 26.5818 s, max: 26.6470 s)
Sat Sep 14 00:08:37, Info:  Time spent this phase (IO): 50.0321 ms (min: 39.5077 ms, max: 73.8062 ms)
Sat Sep 14 00:08:37, Info:  Performance since the start: 9.1885 TFLOP/s (rank 0: 567.2032 GFLOP/s , average over ranks: 574.2820 GFLOP/s ) 
Sat Sep 14 00:08:37, Info:  Performance since last sync point: 9.4530 TFLOP/s (rank 0: 583.9890 GFLOP/s , average over ranks: 590.8107 GFLOP/s ) 
Sat Sep 14 00:09:03, Info:  Writing faultoutput at time 13.5.
Sat Sep 14 00:09:03, Info:  Writing faultoutput at time 13.5. Done.
Sat Sep 14 00:09:03, Info:  Writing energy output at time 13.5 
Sat Sep 14 00:09:03, Info:  Elastic energy (total, % kinematic, % potential):  1.51879e+15  , 9.22318  , 90.7768 
Sat Sep 14 00:09:03, Info:  Total momentum (X, Y, Z): -1.08397e+08  , -1.87287e+08  , -5.99132e+09 
Sat Sep 14 00:09:03, Info:  Frictional work (total, % static, % radiated):  1.55364e+15  , 79.7122  , 20.2878 
Sat Sep 14 00:09:03, Info:  Seismic moment (without plasticity): 3.37149e+19  Mw: 6.94855 
Sat Sep 14 00:09:03, Info:  Writing energy output at time 13.5 Done. 
Sat Sep 14 00:09:03, Info:  Time spent this phase (total): 26.4414 s (min: 26.4287 s, max: 26.4594 s)
Sat Sep 14 00:09:03, Info:  Time spent this phase (compute): 26.4413 s (min: 26.4287 s, max: 26.4594 s)
Sat Sep 14 00:09:03, Info:  Time spent this phase (IO): 46.7331 ms (min: 39.4149 ms, max: 56.7729 ms)
Sat Sep 14 00:09:03, Info:  Performance since the start: 9.2003 TFLOP/s (rank 0: 567.9242 GFLOP/s , average over ranks: 575.0207 GFLOP/s ) 
Sat Sep 14 00:09:03, Info:  Performance since last sync point: 9.5186 TFLOP/s (rank 0: 587.3350 GFLOP/s , average over ranks: 594.9151 GFLOP/s ) 
Sat Sep 14 00:09:30, Info:  Writing faultoutput at time 14.
Sat Sep 14 00:09:30, Info:  Writing faultoutput at time 14. Done.
Sat Sep 14 00:09:30, Info:  Writing free surface at time 14.
Sat Sep 14 00:09:30, Info:  Writing free surface at time 14. Done.
Sat Sep 14 00:09:30, Info:  Writing energy output at time 14 
Sat Sep 14 00:09:30, Info:  Elastic energy (total, % kinematic, % potential):  1.56757e+15  , 8.76982  , 91.2302 
Sat Sep 14 00:09:30, Info:  Total momentum (X, Y, Z): -7.39473e+08  , -7.09109e+08  , 2.06952e+10 
Sat Sep 14 00:09:30, Info:  Frictional work (total, % static, % radiated):  1.60401e+15  , 79.9176  , 20.0824 
Sat Sep 14 00:09:30, Info:  Seismic moment (without plasticity): 3.53182e+19  Mw: 6.962 
Sat Sep 14 00:09:30, Info:  Writing energy output at time 14 Done. 
Sat Sep 14 00:09:30, Info:  Time spent this phase (total): 26.7819 s (min: 26.7478 s, max: 26.8023 s)
Sat Sep 14 00:09:30, Info:  Time spent this phase (compute): 26.7818 s (min: 26.7477 s, max: 26.8023 s)
Sat Sep 14 00:09:30, Info:  Time spent this phase (IO): 50.4284 ms (min: 39.5140 ms, max: 75.0646 ms)
Sat Sep 14 00:09:30, Info:  Performance since the start: 9.2072 TFLOP/s (rank 0: 568.3565 GFLOP/s , average over ranks: 575.4522 GFLOP/s ) 
Sat Sep 14 00:09:30, Info:  Performance since last sync point: 9.3977 TFLOP/s (rank 0: 580.2817 GFLOP/s , average over ranks: 587.3542 GFLOP/s ) 
Sat Sep 14 00:09:57, Info:  Writing faultoutput at time 14.5.
Sat Sep 14 00:09:57, Info:  Writing faultoutput at time 14.5. Done.
Sat Sep 14 00:09:57, Info:  Writing energy output at time 14.5 
Sat Sep 14 00:09:57, Info:  Elastic energy (total, % kinematic, % potential):  1.616e+15  , 8.43733  , 91.5627 
Sat Sep 14 00:09:57, Info:  Total momentum (X, Y, Z): -3.59472e+09  , -1.54052e+09  , 1.44765e+10 
Sat Sep 14 00:09:57, Info:  Frictional work (total, % static, % radiated):  1.65404e+15  , 80.0853  , 19.9147 
Sat Sep 14 00:09:57, Info:  Seismic moment (without plasticity): 3.68832e+19  Mw: 6.97455 
Sat Sep 14 00:09:57, Info:  Writing energy output at time 14.5 Done. 
Sat Sep 14 00:09:57, Info:  Time spent this phase (total): 26.5929 s (min: 26.5824 s, max: 26.6092 s)
Sat Sep 14 00:09:57, Info:  Time spent this phase (compute): 26.5928 s (min: 26.5823 s, max: 26.6092 s)
Sat Sep 14 00:09:57, Info:  Time spent this phase (IO): 49.4131 ms (min: 39.4597 ms, max: 72.0632 ms)
Sat Sep 14 00:09:57, Info:  Performance since the start: 9.2159 TFLOP/s (rank 0: 568.8850 GFLOP/s , average over ranks: 575.9920 GFLOP/s ) 
Sat Sep 14 00:09:57, Info:  Performance since last sync point: 9.4644 TFLOP/s (rank 0: 584.0930 GFLOP/s , average over ranks: 591.5270 GFLOP/s ) 
Sat Sep 14 00:10:23, Info:  Writing faultoutput at time 15.
Sat Sep 14 00:10:23, Info:  Writing faultoutput at time 15. Done.
Sat Sep 14 00:10:23, Info:  Writing free surface at time 15.
Sat Sep 14 00:10:23, Info:  Writing free surface at time 15. Done.
Sat Sep 14 00:10:23, Info:  Writing energy output at time 15 
Sat Sep 14 00:10:23, Info:  Elastic energy (total, % kinematic, % potential):  1.66332e+15  , 8.06513  , 91.9349 
Sat Sep 14 00:10:23, Info:  Total momentum (X, Y, Z): -6.12172e+09  , -3.40861e+09  , -7.10659e+10 
Sat Sep 14 00:10:23, Info:  Frictional work (total, % static, % radiated):  1.70312e+15  , 80.1911  , 19.8089 
Sat Sep 14 00:10:23, Info:  Seismic moment (without plasticity): 3.83665e+19  Mw: 6.98597 
Sat Sep 14 00:10:23, Info:  Writing energy output at time 15 Done. 
Sat Sep 14 00:10:23, Info:  Time spent this phase (total): 26.6079 s (min: 26.5990 s, max: 26.6240 s)
Sat Sep 14 00:10:23, Info:  Time spent this phase (compute): 26.6079 s (min: 26.5989 s, max: 26.6239 s)
Sat Sep 14 00:10:23, Info:  Time spent this phase (IO): 50.2496 ms (min: 39.4615 ms, max: 73.0604 ms)
Sat Sep 14 00:10:23, Info:  Performance since the start: 9.2238 TFLOP/s (rank 0: 569.3691 GFLOP/s , average over ranks: 576.4861 GFLOP/s ) 
Sat Sep 14 00:10:23, Info:  Performance since last sync point: 9.4591 TFLOP/s (rank 0: 583.7752 GFLOP/s , average over ranks: 591.1928 GFLOP/s ) 
Sat Sep 14 00:10:50, Info:  Writing faultoutput at time 15.5.
Sat Sep 14 00:10:50, Info:  Writing faultoutput at time 15.5. Done.
Sat Sep 14 00:10:50, Info:  Writing energy output at time 15.5 
Sat Sep 14 00:10:50, Info:  Elastic energy (total, % kinematic, % potential):  1.70624e+15  , 7.52958  , 92.4704 
Sat Sep 14 00:10:50, Info:  Total momentum (X, Y, Z): -8.24468e+09  , -4.78847e+09  , -3.53929e+10 
Sat Sep 14 00:10:50, Info:  Frictional work (total, % static, % radiated):  1.74782e+15  , 80.2608  , 19.7392 
Sat Sep 14 00:10:50, Info:  Seismic moment (without plasticity): 3.96611e+19  Mw: 6.99558 
Sat Sep 14 00:10:50, Info:  Writing energy output at time 15.5 Done. 
Sat Sep 14 00:10:50, Info:  Time spent this phase (total): 26.7498 s (min: 26.7343 s, max: 26.7591 s)
Sat Sep 14 00:10:50, Info:  Time spent this phase (compute): 26.7497 s (min: 26.7343 s, max: 26.7590 s)
Sat Sep 14 00:10:50, Info:  Time spent this phase (IO): 49.4446 ms (min: 39.4092 ms, max: 71.7011 ms)
Sat Sep 14 00:10:50, Info:  Performance since the start: 9.2296 TFLOP/s (rank 0: 569.7359 GFLOP/s , average over ranks: 576.8522 GFLOP/s ) 
Sat Sep 14 00:10:50, Info:  Performance since last sync point: 9.4089 TFLOP/s (rank 0: 580.9660 GFLOP/s , average over ranks: 588.0570 GFLOP/s ) 
Sat Sep 14 00:11:17, Info:  Writing faultoutput at time 16.
Sat Sep 14 00:11:17, Info:  Writing faultoutput at time 16. Done.
Sat Sep 14 00:11:17, Info:  Writing free surface at time 16.
Sat Sep 14 00:11:17, Info:  Writing free surface at time 16. Done.
Sat Sep 14 00:11:17, Info:  Writing energy output at time 16 
Sat Sep 14 00:11:17, Info:  Elastic energy (total, % kinematic, % potential):  1.73987e+15  , 6.83402  , 93.166 
Sat Sep 14 00:11:17, Info:  Total momentum (X, Y, Z): -9.47395e+09  , -3.25275e+09  , 2.08683e+11 
Sat Sep 14 00:11:17, Info:  Frictional work (total, % static, % radiated):  1.78268e+15  , 80.289  , 19.711 
Sat Sep 14 00:11:17, Info:  Seismic moment (without plasticity): 4.07076e+19  Mw: 7.00312 
Sat Sep 14 00:11:17, Info:  Writing energy output at time 16 Done. 
Sat Sep 14 00:11:17, Info:  Time spent this phase (total): 26.9992 s (min: 26.9966 s, max: 27.0048 s)
Sat Sep 14 00:11:17, Info:  Time spent this phase (compute): 26.9991 s (min: 26.9966 s, max: 27.0047 s)
Sat Sep 14 00:11:17, Info:  Time spent this phase (IO): 50.4072 ms (min: 39.5657 ms, max: 73.9043 ms)
Sat Sep 14 00:11:17, Info:  Performance since the start: 9.2325 TFLOP/s (rank 0: 569.9126 GFLOP/s , average over ranks: 577.0309 GFLOP/s ) 
Sat Sep 14 00:11:17, Info:  Performance since last sync point: 9.3220 TFLOP/s (rank 0: 575.4433 GFLOP/s , average over ranks: 582.6250 GFLOP/s ) 
Sat Sep 14 00:11:44, Info:  Writing faultoutput at time 16.5.
Sat Sep 14 00:11:44, Info:  Writing faultoutput at time 16.5. Done.
Sat Sep 14 00:11:44, Info:  Writing energy output at time 16.5 
Sat Sep 14 00:11:44, Info:  Elastic energy (total, % kinematic, % potential):  1.75997e+15  , 6.13687  , 93.8631 
Sat Sep 14 00:11:44, Info:  Total momentum (X, Y, Z): -8.58989e+09  , -3.43409e+09  , 1.98006e+11 
Sat Sep 14 00:11:44, Info:  Frictional work (total, % static, % radiated):  1.80363e+15  , 80.3787  , 19.6213 
Sat Sep 14 00:11:44, Info:  Seismic moment (without plasticity): 4.14711e+19  Mw: 7.0085 
Sat Sep 14 00:11:44, Info:  Writing energy output at time 16.5 Done. 
Sat Sep 14 00:11:44, Info:  Time spent this phase (total): 26.7291 s (min: 26.7265 s, max: 26.7320 s)
Sat Sep 14 00:11:44, Info:  Time spent this phase (compute): 26.7290 s (min: 26.7265 s, max: 26.7319 s)
Sat Sep 14 00:11:44, Info:  Time spent this phase (IO): 49.0413 ms (min: 39.3155 ms, max: 69.3292 ms)
Sat Sep 14 00:11:44, Info:  Performance since the start: 9.2380 TFLOP/s (rank 0: 570.2511 GFLOP/s , average over ranks: 577.3722 GFLOP/s ) 
Sat Sep 14 00:11:44, Info:  Performance since last sync point: 9.4162 TFLOP/s (rank 0: 581.3014 GFLOP/s , average over ranks: 588.5128 GFLOP/s ) 
Sat Sep 14 00:12:10, Info:  Writing faultoutput at time 17.
Sat Sep 14 00:12:10, Info:  Writing faultoutput at time 17. Done.
Sat Sep 14 00:12:10, Info:  Writing free surface at time 17.
Sat Sep 14 00:12:10, Info:  Writing free surface at time 17. Done.
Sat Sep 14 00:12:10, Info:  Writing energy output at time 17 
Sat Sep 14 00:12:10, Info:  Elastic energy (total, % kinematic, % potential):  1.76976e+15  , 5.52848  , 94.4715 
Sat Sep 14 00:12:10, Info:  Total momentum (X, Y, Z): -5.55186e+09  , -6.59917e+09  , -3.26449e+11 
Sat Sep 14 00:12:10, Info:  Frictional work (total, % static, % radiated):  1.81411e+15  , 80.5518  , 19.4482 
Sat Sep 14 00:12:10, Info:  Seismic moment (without plasticity): 4.19534e+19  Mw: 7.01184 
Sat Sep 14 00:12:10, Info:  Writing energy output at time 17 Done. 
Sat Sep 14 00:12:10, Info:  Time spent this phase (total): 26.5190 s (min: 26.4887 s, max: 26.5788 s)
Sat Sep 14 00:12:10, Info:  Time spent this phase (compute): 26.5189 s (min: 26.4886 s, max: 26.5787 s)
Sat Sep 14 00:12:10, Info:  Time spent this phase (IO): 51.7884 ms (min: 39.4705 ms, max: 74.7659 ms)
Sat Sep 14 00:12:10, Info:  Performance since the start: 9.2452 TFLOP/s (rank 0: 570.7022 GFLOP/s , average over ranks: 577.8249 GFLOP/s ) 
Sat Sep 14 00:12:10, Info:  Performance since last sync point: 9.4908 TFLOP/s (rank 0: 585.9994 GFLOP/s , average over ranks: 593.1728 GFLOP/s ) 
Sat Sep 14 00:12:37, Info:  Writing faultoutput at time 17.5.
Sat Sep 14 00:12:37, Info:  Writing faultoutput at time 17.5. Done.
Sat Sep 14 00:12:37, Info:  Writing energy output at time 17.5 
Sat Sep 14 00:12:37, Info:  Elastic energy (total, % kinematic, % potential):  1.77326e+15  , 5.05671  , 94.9433 
Sat Sep 14 00:12:37, Info:  Total momentum (X, Y, Z): -7.14278e+09  , -6.08769e+09  , -1.41211e+11 
Sat Sep 14 00:12:37, Info:  Frictional work (total, % static, % radiated):  1.81827e+15  , 80.9289  , 19.0711 
Sat Sep 14 00:12:37, Info:  Seismic moment (without plasticity): 4.22189e+19  Mw: 7.01367 
Sat Sep 14 00:12:37, Info:  Writing energy output at time 17.5 Done. 
Sat Sep 14 00:12:37, Info:  Time spent this phase (total): 26.5253 s (min: 26.5091 s, max: 26.5478 s)
Sat Sep 14 00:12:37, Info:  Time spent this phase (compute): 26.5253 s (min: 26.5091 s, max: 26.5478 s)
Sat Sep 14 00:12:37, Info:  Time spent this phase (IO): 49.2054 ms (min: 39.4379 ms, max: 72.6823 ms)
Sat Sep 14 00:12:37, Info:  Performance since the start: 9.2520 TFLOP/s (rank 0: 571.1276 GFLOP/s , average over ranks: 578.2486 GFLOP/s ) 
Sat Sep 14 00:12:37, Info:  Performance since last sync point: 9.4885 TFLOP/s (rank 0: 585.9783 GFLOP/s , average over ranks: 593.0323 GFLOP/s ) 
Sat Sep 14 00:13:03, Info:  Writing faultoutput at time 18.
Sat Sep 14 00:13:03, Info:  Writing faultoutput at time 18. Done.
Sat Sep 14 00:13:03, Info:  Writing free surface at time 18.
Sat Sep 14 00:13:03, Info:  Writing free surface at time 18. Done.
Sat Sep 14 00:13:03, Info:  Writing energy output at time 18 
Sat Sep 14 00:13:03, Info:  Elastic energy (total, % kinematic, % potential):  1.77315e+15  , 4.74656  , 95.2534 
Sat Sep 14 00:13:03, Info:  Total momentum (X, Y, Z): -1.43737e+10  , -2.67815e+09  , 3.70816e+12 
Sat Sep 14 00:13:03, Info:  Frictional work (total, % static, % radiated):  1.81869e+15  , 81.665  , 18.335 
Sat Sep 14 00:13:03, Info:  Seismic moment (without plasticity): 4.23494e+19  Mw: 7.01456 
Sat Sep 14 00:13:03, Info:  Writing energy output at time 18 Done. 
Sat Sep 14 00:13:03, Info:  Time spent this phase (total): 26.5055 s (min: 26.4574 s, max: 26.5377 s)
Sat Sep 14 00:13:03, Info:  Time spent this phase (compute): 26.5054 s (min: 26.4574 s, max: 26.5372 s)
Sat Sep 14 00:13:03, Info:  Time spent this phase (IO): 52.1138 ms (min: 39.5411 ms, max: 79.2584 ms)
Sat Sep 14 00:13:03, Info:  Performance since the start: 9.2586 TFLOP/s (rank 0: 571.5164 GFLOP/s , average over ranks: 578.6611 GFLOP/s ) 
Sat Sep 14 00:13:03, Info:  Performance since last sync point: 9.4957 TFLOP/s (rank 0: 585.4670 GFLOP/s , average over ranks: 593.4811 GFLOP/s ) 
Sat Sep 14 00:13:30, Info:  Writing faultoutput at time 18.5.
Sat Sep 14 00:13:30, Info:  Writing faultoutput at time 18.5. Done.
Sat Sep 14 00:13:30, Info:  Writing energy output at time 18.5 
Sat Sep 14 00:13:30, Info:  Elastic energy (total, % kinematic, % potential):  1.77176e+15  , 4.55393  , 95.4461 
Sat Sep 14 00:13:30, Info:  Total momentum (X, Y, Z): -1.83562e+10  , -1.65984e+09  , 1.47069e+13 
Sat Sep 14 00:13:30, Info:  Frictional work (total, % static, % radiated):  1.81788e+15  , 82.6006  , 17.3994 
Sat Sep 14 00:13:30, Info:  Seismic moment (without plasticity): 4.24145e+19  Mw: 7.01501 
Sat Sep 14 00:13:30, Info:  Writing energy output at time 18.5 Done. 
Sat Sep 14 00:13:30, Info:  Time spent this phase (total): 26.7125 s (min: 26.6868 s, max: 26.7347 s)
Sat Sep 14 00:13:30, Info:  Time spent this phase (compute): 26.7124 s (min: 26.6864 s, max: 26.7347 s)
Sat Sep 14 00:13:30, Info:  Time spent this phase (IO): 50.2290 ms (min: 39.3947 ms, max: 79.8835 ms)
Sat Sep 14 00:13:30, Info:  Performance since the start: 9.2629 TFLOP/s (rank 0: 571.7999 GFLOP/s , average over ranks: 578.9326 GFLOP/s ) 
Sat Sep 14 00:13:30, Info:  Performance since last sync point: 9.4220 TFLOP/s (rank 0: 582.1950 GFLOP/s , average over ranks: 588.8775 GFLOP/s ) 
Sat Sep 14 00:13:57, Info:  Writing faultoutput at time 19.
Sat Sep 14 00:13:57, Info:  Writing faultoutput at time 19. Done.
Sat Sep 14 00:13:57, Info:  Writing free surface at time 19.
Sat Sep 14 00:13:57, Info:  Writing free surface at time 19. Done.
Sat Sep 14 00:13:57, Info:  Writing energy output at time 19 
Sat Sep 14 00:13:57, Info:  Elastic energy (total, % kinematic, % potential):  1.77053e+15  , 4.44874  , 95.5513 
Sat Sep 14 00:13:57, Info:  Total momentum (X, Y, Z): -1.31968e+10  , -6.74476e+09  , 3.46682e+13 
Sat Sep 14 00:13:57, Info:  Frictional work (total, % static, % radiated):  1.81721e+15  , 83.5573  , 16.4427 
Sat Sep 14 00:13:57, Info:  Seismic moment (without plasticity): 4.2451e+19  Mw: 7.01526 
Sat Sep 14 00:13:57, Info:  Writing energy output at time 19 Done. 
Sat Sep 14 00:13:57, Info:  Time spent this phase (total): 26.6889 s (min: 26.6717 s, max: 26.7056 s)
Sat Sep 14 00:13:57, Info:  Time spent this phase (compute): 26.6888 s (min: 26.6716 s, max: 26.7056 s)
Sat Sep 14 00:13:57, Info:  Time spent this phase (IO): 50.3911 ms (min: 39.6157 ms, max: 74.3377 ms)
Sat Sep 14 00:13:57, Info:  Performance since the start: 9.2673 TFLOP/s (rank 0: 572.0620 GFLOP/s , average over ranks: 579.2033 GFLOP/s ) 
Sat Sep 14 00:13:57, Info:  Performance since last sync point: 9.4304 TFLOP/s (rank 0: 581.9336 GFLOP/s , average over ranks: 589.4002 GFLOP/s ) 
Sat Sep 14 00:14:23, Info:  Writing faultoutput at time 19.5.
Sat Sep 14 00:14:23, Info:  Writing faultoutput at time 19.5. Done.
Sat Sep 14 00:14:23, Info:  Writing energy output at time 19.5 
Sat Sep 14 00:14:23, Info:  Elastic energy (total, % kinematic, % potential):  1.76936e+15  , 4.40036  , 95.5996 
Sat Sep 14 00:14:23, Info:  Total momentum (X, Y, Z): -4.96905e+09  , -1.98368e+10  , 6.30301e+13 
Sat Sep 14 00:14:23, Info:  Frictional work (total, % static, % radiated):  1.81668e+15  , 84.4047  , 15.5953 
Sat Sep 14 00:14:23, Info:  Seismic moment (without plasticity): 4.24739e+19  Mw: 7.01541 
Sat Sep 14 00:14:23, Info:  Writing energy output at time 19.5 Done. 
Sat Sep 14 00:14:23, Info:  Time spent this phase (total): 26.6861 s (min: 26.6678 s, max: 26.7017 s)
Sat Sep 14 00:14:23, Info:  Time spent this phase (compute): 26.6860 s (min: 26.6677 s, max: 26.7016 s)
Sat Sep 14 00:14:23, Info:  Time spent this phase (IO): 48.7753 ms (min: 39.4640 ms, max: 68.7675 ms)
Sat Sep 14 00:14:23, Info:  Performance since the start: 9.2714 TFLOP/s (rank 0: 572.3158 GFLOP/s , average over ranks: 579.4618 GFLOP/s ) 
Sat Sep 14 00:14:23, Info:  Performance since last sync point: 9.4314 TFLOP/s (rank 0: 582.1293 GFLOP/s , average over ranks: 589.4611 GFLOP/s ) 
Sat Sep 14 00:15:49, Info:  Writing faultoutput at time 20.
Sat Sep 14 00:15:49, Info:  Writing faultoutput at time 20. Done.
Sat Sep 14 00:15:49, Info:  Writing free surface at time 20.
Sat Sep 14 00:15:49, Info:  Writing free surface at time 20. Done.
Sat Sep 14 00:15:49, Info:  Wrote receivers in 8.95e-07 seconds. 
Sat Sep 14 00:15:49, Info:  Writing energy output at time 20 
Sat Sep 14 00:15:49, Info:  Elastic energy (total, % kinematic, % potential):  1.76829e+15  , 4.38389  , 95.6161 
Sat Sep 14 00:15:49, Info:  Total momentum (X, Y, Z): -5.86259e+09  , -1.946e+10  , 9.92087e+13 
Sat Sep 14 00:15:49, Info:  Frictional work (total, % static, % radiated):  1.81626e+15  , 85.1346  , 14.8654 
Sat Sep 14 00:15:49, Info:  Seismic moment (without plasticity): 4.24902e+19  Mw: 7.01553 
Sat Sep 14 00:15:49, Info:  Writing energy output at time 20 Done. 
Sat Sep 14 00:15:49, Info:  Time spent this phase (total): 30.1534 s (min: 26.4575 s, max: 1 min 25.2817 s)
Sat Sep 14 00:15:49, Info:  Time spent this phase (compute): 30.1533 s (min: 26.4574 s, max: 1 min 25.2812 s)
Sat Sep 14 00:15:49, Info:  Time spent this phase (IO): 3.7321 s (min: 39.4811 ms, max: 58.8869 s)
Sat Sep 14 00:15:49, Info:  Performance since the start: 9.2477 TFLOP/s (rank 0: 543.2335 GFLOP/s , average over ranks: 577.9791 GFLOP/s ) 
Sat Sep 14 00:15:49, Info:  Performance since last sync point: 9.1009 TFLOP/s (rank 0: 182.1837 GFLOP/s , average over ranks: 568.8045 GFLOP/s ) 
Sat Sep 14 00:15:49, Info:  Ignoring duplicate synchronisation point at time 20 ; the last sync point was at  20 
Sat Sep 14 00:15:49, Info:  Ignoring duplicate synchronisation point at time 20 ; the last sync point was at  20 
Sat Sep 14 00:15:49, Info:  Ignoring duplicate synchronisation point at time 20 ; the last sync point was at  20 
Sat Sep 14 00:15:49, Info:  Ignoring duplicate synchronisation point at time 20 ; the last sync point was at  20 
Sat Sep 14 00:15:49, Info:  Simulation time (total): 18 min 8.8703 s (min: 18 min 5.1358 s, max: 19 min 4.0346 s)
Sat Sep 14 00:15:49, Info:  Simulation time (compute): 18 min 1.8144 s (min: 17 min 52.1362 s, max: 18 min 3.5966 s)
Sat Sep 14 00:15:49, Info:  Simulation time (IO): 7.0503 s (min: 1.6182 s, max: 1 min 11.8709 s)
Sat Sep 14 00:15:49, Info:  Time spent in compute kernels: mean = 1019  std = 16.655  min = 989.535  median = 1017.99  max = 1048.12 
Sat Sep 14 00:15:49, Info:  Load imbalance: 2.77852 % 
Sat Sep 14 00:15:49, Info:  Regression analysis of compute kernels: 
Sat Sep 14 00:15:49, Info:  "computeLocalIntegration" (total time): 4933.2 s ( = 1 h 22 min 13.1985 s ) 
Sat Sep 14 00:15:49, Info:  "computeLocalIntegration" ( constant ): 2.06929e-05 (sample size: 5.33204e+06 , standard error: 4.82205e-12 ) 
Sat Sep 14 00:15:49, Info:  "computeLocalIntegration" ( per element ): 8.3225e-08 (sample size: 5.33204e+06 , standard error: 4.82205e-12 ) 
Sat Sep 14 00:15:49, Info:  "computeNeighboringIntegration" (total time): 6033.32 s ( = 1 h 40 min 33.3197 s ) 
Sat Sep 14 00:15:49, Info:  "computeNeighboringIntegration" ( constant ): 0.000129931 (sample size: 5.33204e+06 , standard error: 7.82393e-12 ) 
Sat Sep 14 00:15:49, Info:  "computeNeighboringIntegration" ( per element ): 9.21579e-08 (sample size: 5.33204e+06 , standard error: 7.82393e-12 ) 
Sat Sep 14 00:15:49, Info:  "computeDynamicRupture" (total time): 5337.47 s ( = 1 h 28 min 57.4748 s ) 
Sat Sep 14 00:15:49, Info:  "computeDynamicRupture" ( constant ): 7.63118e-05 (sample size: 4.06684e+06 , standard error: 4.36158e-11 ) 
Sat Sep 14 00:15:49, Info:  "computeDynamicRupture" ( per element ): 4.55084e-07 (sample size: 4.06684e+06 , standard error: 4.36158e-11 ) 
Sat Sep 14 00:15:49, Info:  "computePointSources" (total time): 0 s ( = 0.0000 s ) 
Sat Sep 14 00:15:49, Info:  "computePointSources" ( constant ): -nan (sample size: 0 , standard error: -nan ) 
Sat Sep 14 00:15:49, Info:  "computePointSources" ( per element ): -nan (sample size: 0 , standard error: -nan ) 
Sat Sep 14 00:15:49, Info:  Total time spent in compute kernels: 16304 s ( = 4 h 31 min 43.9931 s ) 
Sat Sep 14 00:15:49, Info:  Total calculated HW-FLOP:  10.0675 PFLOP 
Sat Sep 14 00:15:49, Info:  Total calculated NZ-FLOP:  4.0244 PFLOP 
Sat Sep 14 00:15:49, Info:  Total calculated HW-FLOP/s:  8.8000 TFLOP/s 
Sat Sep 14 00:15:49, Info:  Total calculated NZ-FLOP/s:  3.5177 TFLOP/s 
Sat Sep 14 00:15:49, Info:  WP calculated HW-FLOP:  8.3417 PFLOP 
Sat Sep 14 00:15:49, Info:  WP calculated NZ-FLOP:  2.7412 PFLOP 
Sat Sep 14 00:15:49, Info:  DR calculated HW-FLOP:  1.7258 PFLOP 
Sat Sep 14 00:15:49, Info:  DR calculated NZ-FLOP:  1.2832 PFLOP 
Sat Sep 14 00:15:49, Info:  PL calculated HW-FLOP:  0.0000 FLOP 
Sat Sep 14 00:15:49, Info:  PL calculated NZ-FLOP:  0.0000 FLOP 
Sat Sep 14 00:15:49, Info:  Time spent in simulation: 19 min 4.0351 s (min: 19 min 4.0350 s, max: 19 min 4.0359 s)
Sat Sep 14 00:15:49, Info:  Simulation done. 
Sat Sep 14 00:15:49, Info:  Closing IO. 
Sat Sep 14 00:15:49, Info:  Time fault writer backend: 1 min 14.4878 s (min: 1 min 2.2776 s, max: 2 min 6.7429 s)
Sat Sep 14 00:15:49, Info:  Time fault writer frontend: 3.7212 s (min: 39.0698 ms, max: 58.8628 s)
Sat Sep 14 00:15:49, Info:  Time free surface writer backend: 2.5121 s (min: 630.9380 s, max: 7.2853 s)
Sat Sep 14 00:15:49, Info:  Time free surface writer frontend: 11.5791 ms (min: 394.8140 s, max: 38.6169 ms)
Sat Sep 14 00:15:50, Info:  SeisSol done. Goodbye. 
SeisSol complete.
/hppfs/scratch/01/di35poq/haiti-rupture-outputs/dynamic-rupture-outputs/variable_SH_max/jobid_3913075 ~/haiti-rupture-inputs/dynamic-rupture/variable_SH_max
Writing hdf5 output with compression enabled (compression_level=4). 
Use --compression=0 if you want to speed-up data extraction.
u1: 0it [00:00, ?it/s]u1: 1it [00:00,  9.63it/s]u1: 7it [00:00, 38.17it/s]u1: 12it [00:00, 42.68it/s]u1: 20it [00:00, 51.60it/s]
u2: 0it [00:00, ?it/s]u2: 2it [00:00, 19.39it/s]u2: 6it [00:00, 29.82it/s]u2: 10it [00:00, 33.61it/s]u2: 16it [00:00, 41.31it/s]u2: 20it [00:00, 43.00it/s]
u3: 0it [00:00, ?it/s]u3: 1it [00:00,  8.92it/s]u3: 4it [00:00, 19.50it/s]u3: 8it [00:00, 26.98it/s]u3: 12it [00:00, 27.50it/s]u3: 20it [00:00, 35.95it/s]
done writing output_jobid_3913075_extracted-surface.h5
done writing output_jobid_3913075_extracted-surface.xdmf
full path: /hppfs/scratch/01/di35poq/haiti-rupture-outputs/dynamic-rupture-outputs/variable_SH_max/jobid_3913075/output_jobid_3913075_extracted-surface.xdmf
Working on JobID: 3913075
No matching file found for jobid 3913075. Assigning output-fault.xdmf instead
/hppfs/scratch/01/di35poq/haiti-rupture-outputs/dynamic-rupture-outputs/variable_SH_max/jobid_3913075/output-fault.xdmf
warning: Mw computed over 0-85s (avoiding contribution of small residual moment after rupture)
jobid_3913075 moment magnitude: 7.015525850202955 (M0 = 4.2490e+19)
Finished writing /hppfs/scratch/01/di35poq/haiti-rupture-outputs/dynamic-rupture-outputs/variable_SH_max/jobid_3913075/moment_rate_mainshock.png
Looking for output-fault.xdmf
mu_s: 0.5
mu_d: 0.16
done writing /hppfs/scratch/01/di35poq/haiti-rupture-outputs/dynamic-rupture-outputs/variable_SH_max/jobid_3913075/output_jobid_3913075_extracted-fault.xdmf
full path: /hppfs/scratch/01/di35poq/haiti-rupture-outputs/dynamic-rupture-outputs/variable_SH_max/jobid_3913075/output_jobid_3913075_extracted-fault.xdmf
done writing /hppfs/scratch/01/di35poq/haiti-rupture-outputs/dynamic-rupture-outputs/variable_SH_max/jobid_3913075/output_jobid_3913075_extracted-fault.h5
Job ID set as: 3913075
mu_s: 0.5
mu_d: 0.16
~/haiti-rupture-inputs/dynamic-rupture/variable_SH_max
